Timestamp: 2025-04-14 11:08:41
Intersection: cross
Total reward: -9690.00
Epsilon: 0.96
Simulation duration: 56.0s
Avg queue length: 2.17
Cumulative wait time: 11707.00
Fault injected: ❌ No
Total Emergency Delay: 137903.00

Action Distribution:
Action 0: 269 times
Action 1: 272 times
Action 2: 273 times
Action 3: 284 times

Q-Value Log Per Step:
Step 0 | Action: 3 (exploration)
Step 10 | Action: 3 (exploration)
Step 20 | Action: 3 (exploration)
Step 30 | Action: 1 (exploration)
Step 44 | Action: 2 (exploration)
Step 58 | Action: 1 (exploration)
Step 72 | Action: 2 (exploration)
Step 86 | Action: 3 (exploration)
Step 100 | Action: 0 (exploration)
Step 114 | Action: 0 (exploration)
Step 124 | Action: 3 (exploration)
Step 138 | Action: 2 (exploration)
Step 152 | Action: 2 (exploration)
Step 162 | Action: 3 (exploration)
Step 176 | Action: 0 (exploration)
Step 190 | Action: 0 (exploration)
Step 200 | Action: 2 (exploration)
Step 214 | Action: 2 (exploration)
Step 224 | Action: 3 (exploration)
Step 238 | Action: 1 (exploration)
Step 252 | Action: 1 (exploration)
Step 262 | Action: 2 (exploration)
Step 276 | Action: 2 (exploration)
Step 286 | Action: 1 (exploration)
Step 300 | Action: 1 (exploration)
Step 310 | Action: 1 (exploration)
Step 320 | Action: 1 (exploration)
Step 331 | Action: 3 (exploration)
Step 349 | Action: 1 (exploration)
Step 370 | Action: 0 (exploration)
Step 394 | Action: 1 (exploration)
Step 418 | Action: 2 (exploration)
Step 442 | Action: 3 (exploration)
Step 456 | Action: 0 (exploration)
Step 471 | Action: 1 (exploration)
Step 485 | Action: 0 (exploration)
Step 499 | Action: 0 (exploration)
Step 509 | Action: 1 (exploration)
Step 524 | Action: 0 (exploration)
Step 539 | Action: 1 (exploration)
Step 555 | Action: 3 (exploration)
Step 573 | Action: 1 (exploration)
Step 591 | Action: 1 (exploration)
Step 607 | Action: 0 (exploration)
Step 628 | Action: 2 (exploration)
Step 649 | Action: 3 (exploration)
Step 663 | Action: 2 (exploration)
Step 678 | Action: 3 (exploration)
Step 694 | Action: 3 (exploration)
Step 708 | Action: 0 (exploration)
Step 728 | Action: 1 (exploration)
Step 744 | Action: 1 (exploration)
Step 757 | Action: 2 (exploration)
Step 777 | Action: 0 (exploration)
Step 791 | Action: 3 (exploration)
Step 805 | Action: 1 (exploration)
Step 819 | Action: 0 (exploration)
Step 833 | Action: 3 (exploration)
Step 848 | Action: 2 (exploration)
Step 864 | Action: 1 (exploration)
Step 878 | Action: 2 (exploration)
Step 892 | Action: 0 (exploration)
Step 906 | Action: 0 (exploration)
Step 916 | Action: 2 (exploration)
Step 930 | Action: 1 (exploration)
Step 944 | Action: 1 (exploration)
Step 955 | Action: 0 (exploration)
Step 971 | Action: 0 (exploration)
Step 982 | Action: 2 (exploration)
Step 998 | Action: 2 (exploration)
Step 1010 | Action: 3 (exploration)
Step 1026 | Action: 0 (exploration)
Step 1040 | Action: 2 (exploration)
Step 1055 | Action: 2 (exploration)
Step 1065 | Action: 3 (exploration)
Step 1080 | Action: 2 (exploration)
Step 1094 | Action: 2 (exploration)
Step 1105 | Action: 0 (exploration)
Step 1120 | Action: 1 (exploration)
Step 1135 | Action: 3 (exploration)
Step 1152 | Action: 0 (exploration)
Step 1171 | Action: 2 (exploration)
Step 1191 | Action: 3 (exploration)
Step 1205 | Action: 3 (exploration)
Step 1215 | Action: 3 (exploration)
Step 1226 | Action: 1 (exploration)
Step 1241 | Action: 3 (exploration)
Step 1257 | Action: 1 (exploration)
Step 1273 | Action: 0 (exploration)
Step 1290 | Action: 0 (exploration)
Step 1301 | Action: 1 (exploration)
Step 1317 | Action: 3 (exploration)
Step 1334 | Action: 1 (exploration)
Step 1353 | Action: 2 (exploration)
Step 1375 | Action: 0 (exploration)
Step 1393 | Action: 3 (exploration)
Step 1407 | Action: 1 (exploration)
Step 1421 | Action: 1 (exploration)
Step 1434 | Action: 2 (exploration)
Step 1454 | Action: 2 (exploration)
Step 1465 | Action: 2 (exploration)
Step 1477 | Action: 1 (exploration)
Step 1494 | Action: 2 (exploration)
Step 1513 | Action: 3 (exploration)
Step 1534 | Action: 1 (exploration)
Step 1558 | Action: 3 (exploration)
Step 1582 | Action: 2 (exploration)
Step 1606 | Action: 1 (exploration)
Step 1630 | Action: 2 (exploration)
Step 1654 | Action: 0 (exploration)
Step 1688 | Action: 0 (exploration)
Step 1701 | Action: 1 (exploration)
Step 1719 | Action: 0 (exploration)
Step 1740 | Action: 2 (exploration)
Step 1761 | Action: 3 (exploration)
Step 1779 | Action: 1 (exploration)
Step 1795 | Action: 1 (exploration)
Step 1806 | Action: 1 (exploration)
Step 1818 | Action: 1 (exploration)
Step 1832 | Action: 0 (exploration)
Step 1853 | Action: 3 (exploration)
Step 1871 | Action: 3 (exploration)
Step 1884 | Action: 3 (exploration)
Step 1898 | Action: 3 (exploration)
Step 1915 | Action: 1 (exploration)
Step 1939 | Action: 2 (exploration)
Step 1963 | Action: 1 (exploration)
Step 1979 | Action: 2 (exploration)
Step 1996 | Action: 2 (exploration)
Step 2011 | Action: 3 (exploration)
Step 2042 | Action: 2 (exploration)
Step 2066 | Action: 0 (exploration)
Step 2090 | Action: 0 (exploration)
Step 2100 | Action: 0 (exploration)
Step 2111 | Action: 0 (exploration)
Step 2123 | Action: 3 (exploration)
Step 2142 | Action: 3 (exploration)
Step 2161 | Action: 0 (exploration)
Step 2185 | Action: 3 (exploration)
Step 2209 | Action: 3 (exploration)
Step 2229 | Action: 2 (exploration)
Step 2253 | Action: 1 (exploration)
Step 2271 | Action: 2 (exploration)
Step 2285 | Action: 0 (exploration)
Step 2299 | Action: 1 (exploration)
Step 2313 | Action: 2 (exploration)
Step 2327 | Action: 0 (exploration)
Step 2341 | Action: 2 (exploration)
Step 2355 | Action: 3 (exploration)
Step 2369 | Action: 3 (exploration)
Step 2379 | Action: 2 (exploration)
Step 2394 | Action: 2 (exploration)
Step 2405 | Action: 0 (exploration)
Step 2421 | Action: 0 (exploration)
Step 2431 | Action: 3 (exploration)
Step 2445 | Action: 3 (exploration)
Step 2455 | Action: 2 (exploration)
Step 2469 | Action: 0 (exploration)
Step 2483 | Action: 0 (exploration)
Step 2493 | Action: 0 (exploration)
Step 2503 | Action: 0 (exploration)
Step 2513 | Action: 2 (exploration)
Step 2527 | Action: 1 (exploration)
Step 2541 | Action: 3 (exploration)
Step 2555 | Action: 3 (exploration)
Step 2565 | Action: 0 (exploration)
Step 2580 | Action: 1 (exploration)
Step 2595 | Action: 3 (exploration)
Step 2610 | Action: 2 (exploration)
Step 2626 | Action: 3 (exploration)
Step 2640 | Action: 2 (exploration)
Step 2654 | Action: 1 (exploration)
Step 2668 | Action: 0 (exploration)
Step 2683 | Action: 3 (exploration)
Step 2697 | Action: 0 (exploration)
Step 2711 | Action: 2 (exploration)
Step 2725 | Action: 0 (exploration)
Step 2739 | Action: 2 (exploration)
Step 2753 | Action: 2 (exploration)
Step 2763 | Action: 0 (exploration)
Step 2777 | Action: 2 (exploration)
Step 2791 | Action: 0 (exploration)
Step 2805 | Action: 3 (exploration)
Step 2819 | Action: 2 (exploration)
Step 2833 | Action: 2 (exploration)
Step 2853 | Action: 1 (exploration)
Step 2870 | Action: 0 (exploration)
Step 2887 | Action: 0 (exploration)
Step 2900 | Action: 3 (exploration)
Step 2917 | Action: 0 (exploration)
Step 2934 | Action: 1 (exploration)
Step 2952 | Action: 3 (exploration)
Step 2971 | Action: 3 (exploration)
Step 2986 | Action: 2 (exploration)
Step 3006 | Action: 3 (exploration)
Step 3021 | Action: 1 (exploration)
Step 3037 | Action: 0 (exploration)
Step 3054 | Action: 0 (exploration)
Step 3064 | Action: 2 (exploration)
Step 3078 | Action: 0 (exploration)
Step 3092 | Action: 0 (exploration)
Step 3102 | Action: 3 (exploration)
Step 3116 | Action: 0 (exploration)
Step 3130 | Action: 2 (exploration)
Step 3145 | Action: 3 (exploration)
Step 3159 | Action: 1 (exploration)
Step 3173 | Action: 1 (exploration)
Step 3183 | Action: 1 (exploration)
Step 3193 | Action: 3 (exploration)
Step 3207 | Action: 2 (exploration)
Step 3221 | Action: 2 (exploration)
Step 3231 | Action: 3 (exploration)
Step 3245 | Action: 0 (exploration)
Step 3259 | Action: 1 (exploration)
Step 3273 | Action: 0 (exploration)
Step 3287 | Action: 1 (exploration)
Step 3301 | Action: 2 (exploration)
Step 3315 | Action: 3 (exploration)
Step 3329 | Action: 3 (exploration)
Step 3339 | Action: 3 (exploration)
Step 3349 | Action: 1 (exploration)
Step 3364 | Action: 3 (exploration)
Step 3380 | Action: 1 (exploration)
Step 3397 | Action: 3 (exploration)
Step 3415 | Action: 0 (exploration)
Step 3434 | Action: 0 (exploration)
Step 3447 | Action: 2 (exploration)
Step 3464 | Action: 1 (exploration)
Step 3478 | Action: 3 (exploration)
Step 3492 | Action: 1 (exploration)
Step 3506 | Action: 3 (exploration)
Step 3520 | Action: 2 (exploration)
Step 3534 | Action: 3 (exploration)
Step 3548 | Action: 1 (exploration)
Step 3562 | Action: 2 (exploration)
Step 3576 | Action: 2 (exploration)
Step 3587 | Action: 3 (exploration)
Step 3603 | Action: 0 (exploration)
Step 3620 | Action: 1 (exploration)
Step 3634 | Action: 3 (exploration)
Step 3649 | Action: 3 (exploration)
Step 3660 | Action: 3 (exploration)
Step 3672 | Action: 1 (exploration)
Step 3688 | Action: 1 (exploration)
Step 3701 | Action: 1 (exploration)
Step 3714 | Action: 1 (exploration)
Step 3727 | Action: 1 (exploration)
Step 3741 | Action: 2 (exploration)
Step 3759 | Action: 3 (exploration)
Step 3773 | Action: 1 (exploration)
Step 3787 | Action: 1 (exploration)
Step 3797 | Action: 2 (exploration)
Step 3811 | Action: 1 (exploration)
Step 3825 | Action: 2 (exploration)
Step 3839 | Action: 0 (exploration)
Step 3853 | Action: 0 (exploration)
Step 3863 | Action: 1 (exploration)
Step 3877 | Action: 1 (exploration)
Step 3887 | Action: 0 (exploration)
Step 3901 | Action: 0 (exploration)
Step 3912 | Action: 1 (exploration)
Step 3927 | Action: 0 (exploration)
Step 3942 | Action: 0 (exploration)
Step 3954 | Action: 1 (exploration)
Step 3970 | Action: 0 (exploration)
Step 3987 | Action: 0 (exploration)
Step 4000 | Action: 3 (exploration)
Step 4018 | Action: 2 (exploration)
Step 4036 | Action: 3 (exploration)
Step 4050 | Action: 3 (exploration)
Step 4060 | Action: 2 (exploration)
Step 4074 | Action: 0 (exploration)
Step 4088 | Action: 0 (exploration)
Step 4098 | Action: 2 (exploration)
Step 4112 | Action: 2 (exploration)
Step 4122 | Action: 1 (exploration)
Step 4136 | Action: 3 (exploration)
Step 4150 | Action: 0 (exploration)
Step 4164 | Action: 2 (exploration)
Step 4178 | Action: 2 (exploration)
Step 4188 | Action: 0 (exploration)
Step 4202 | Action: 2 (exploration)
Step 4216 | Action: 0 (exploration)
Step 4230 | Action: 2 (exploration)
Step 4244 | Action: 3 (exploration)
Step 4258 | Action: 1 (exploration)
Step 4272 | Action: 2 (exploration)
Step 4286 | Action: 0 (exploration)
Step 4300 | Action: 1 (exploration)
Step 4314 | Action: 1 (exploration)
Step 4324 | Action: 3 (exploration)
Step 4338 | Action: 0 (exploration)
Step 4352 | Action: 3 (exploration)
Step 4366 | Action: 0 (exploration)
Step 4380 | Action: 0 (exploration)
Step 4390 | Action: 0 (exploration)
Step 4400 | Action: 3 (exploration)
Step 4414 | Action: 1 (exploration)
Step 4428 | Action: 0 (exploration)
Step 4442 | Action: 2 (exploration)
Step 4456 | Action: 0 (exploration)
Step 4470 | Action: 1 (exploration)
Step 4484 | Action: 2 (exploration)
Step 4498 | Action: 3 (exploration)
Step 4512 | Action: 2 (exploration)
Step 4526 | Action: 1 (exploration)
Step 4540 | Action: 3 (exploration)
Step 4554 | Action: 0 (exploration)
Step 4568 | Action: 2 (exploration)
Step 4582 | Action: 1 (exploration)
Step 4596 | Action: 2 (exploration)
Step 4610 | Action: 1 (exploration)
Step 4624 | Action: 1 (exploration)
Step 4634 | Action: 3 (exploration)
Step 4648 | Action: 3 (exploration)
Step 4658 | Action: 0 (exploration)
Step 4672 | Action: 2 (exploration)
Step 4686 | Action: 3 (exploration)
Step 4700 | Action: 0 (exploration)
Step 4714 | Action: 0 (exploration)
Step 4724 | Action: 2 (exploration)
Step 4738 | Action: 3 (exploration)
Step 4752 | Action: 2 (exploration)
Step 4766 | Action: 3 (exploration)
Step 4780 | Action: 3 (exploration)
Step 4790 | Action: 2 (exploration)
Step 4804 | Action: 0 (exploration)
Step 4818 | Action: 2 (exploration)
Step 4832 | Action: 2 (exploration)
Step 4842 | Action: 3 (exploration)
Step 4856 | Action: 3 (exploration)
Step 4866 | Action: 3 (exploration)
Step 4876 | Action: 3 (exploration)
Step 4886 | Action: 1 (exploration)
Step 4900 | Action: 3 (exploration)
Step 4914 | Action: 1 (exploration)
Step 4928 | Action: 2 (exploration)
Step 4942 | Action: 3 (exploration)
Step 4956 | Action: 0 (exploration)
Step 4970 | Action: 1 (exploration)
Step 4984 | Action: 3 (exploration)
Step 4998 | Action: 3 (exploration)
Step 5008 | Action: 0 (exploration)
Step 5022 | Action: 2 (exploration)
Step 5036 | Action: 2 (exploration)
Step 5046 | Action: 2 (exploration)
Step 5056 | Action: 1 (exploration)
Step 5070 | Action: 3 (exploration)
Step 5084 | Action: 0 (exploration)
Step 5098 | Action: 3 (exploration)
Step 5112 | Action: 1 (exploration)
Step 5126 | Action: 0 (exploration)
Step 5140 | Action: 1 (exploration)
Step 5154 | Action: 2 (exploration)
Step 5168 | Action: 0 (exploration)
Step 5182 | Action: 3 (exploration)
Step 5196 | Action: 3 (exploration)
Step 5206 | Action: 0 (exploration)
Step 5220 | Action: 2 (exploration)
Step 5234 | Action: 3 (exploration)
Step 5248 | Action: 2 (exploration)
Step 5262 | Action: 0 (exploration)
Step 5276 | Action: 3 (exploration)
Step 5290 | Action: 3 (exploration)
Step 5300 | Action: 1 (exploration)
Step 5314 | Action: 1 (exploration)
Step 5324 | Action: 2 (exploration)
Step 5338 | Action: 0 (exploration)
Step 5352 | Action: 3 (exploration)
Step 5366 | Action: 1 (exploration)
Step 5380 | Action: 3 (exploration)
Step 5394 | Action: 1 (exploration)
Step 0 | Action: 1 (exploration)
Step 10 | Action: 2 (exploration)
Step 24 | Action: 0 (exploration)
Step 38 | Action: 1 (exploration)
Step 52 | Action: 1 (exploration)
Step 62 | Action: 1 (exploration)
Step 72 | Action: 1 (exploration)
Step 82 | Action: 0 (exploration)
Step 96 | Action: 0 (exploration)
Step 106 | Action: 1 (exploration)
Step 120 | Action: 2 (exploration)
Step 134 | Action: 1 (exploration)
Step 148 | Action: 3 (exploration)
Step 162 | Action: 1 (exploration)
Step 176 | Action: 3 (exploration)
Step 190 | Action: 2 (exploration)
Step 204 | Action: 2 (exploration)
Step 214 | Action: 0 (exploration)
Step 229 | Action: 1 | Raw Q: [-0.0023826584219932556, 0.028784042224287987, -0.05983126908540726, -0.023484449833631516] | Boosted Q: [-0.0023826584219932556, 0.028784042224287987, -0.05983126908540726, -0.023484449833631516]
Step 243 | Action: 1 (exploration)
Step 253 | Action: 1 (exploration)
Step 263 | Action: 2 (exploration)
Step 277 | Action: 0 (exploration)
Step 291 | Action: 1 | Raw Q: [-0.0037955092266201973, 0.01935303770005703, -0.08811540901660919, -0.004943422973155975] | Boosted Q: [-0.0037955092266201973, 0.01935303770005703, -0.08811540901660919, -0.004943422973155975]
Step 305 | Action: 0 (exploration)
Step 319 | Action: 1 (exploration)
Step 334 | Action: 1 (exploration)
Step 348 | Action: 2 (exploration)
Step 368 | Action: 2 (exploration)
Step 378 | Action: 2 (exploration)
Step 388 | Action: 1 (exploration)
Step 402 | Action: 1 (exploration)
Step 412 | Action: 3 (exploration)
Step 426 | Action: 2 (exploration)
Step 441 | Action: 2 (exploration)
Step 453 | Action: 1 (exploration)
Step 469 | Action: 1 (exploration)
Step 482 | Action: 0 (exploration)
Step 500 | Action: 0 (exploration)
Step 510 | Action: 0 (exploration)
Step 521 | Action: 1 (exploration)
Step 537 | Action: 3 (exploration)
Step 553 | Action: 2 (exploration)
Step 569 | Action: 0 (exploration)
Step 583 | Action: 1 (exploration)
Step 597 | Action: 1 (exploration)
Step 607 | Action: 2 (exploration)
Step 621 | Action: 0 (exploration)
Step 635 | Action: 2 (exploration)
Step 649 | Action: 3 (exploration)
Step 663 | Action: 0 (exploration)
Step 677 | Action: 0 (exploration)
Step 687 | Action: 0 (exploration)
Step 697 | Action: 2 (exploration)
Step 711 | Action: 3 (exploration)
Step 726 | Action: 2 (exploration)
Step 741 | Action: 0 (exploration)
Step 757 | Action: 0 (exploration)
Step 769 | Action: 0 (exploration)
Step 782 | Action: 3 (exploration)
Step 800 | Action: 1 (exploration)
Step 819 | Action: 1 (exploration)
Step 831 | Action: 0 (exploration)
Step 850 | Action: 3 (exploration)
Step 869 | Action: 0 (exploration)
Step 890 | Action: 3 (exploration)
Step 913 | Action: 1 (exploration)
Step 937 | Action: 1 (exploration)
Step 957 | Action: 1 (exploration)
Step 977 | Action: 3 (exploration)
Step 1001 | Action: 1 (exploration)
Step 1025 | Action: 0 (exploration)
Step 1049 | Action: 3 (exploration)
Step 1073 | Action: 1 (exploration)
Step 1097 | Action: 1 (exploration)
Step 1117 | Action: 2 (exploration)
Step 1141 | Action: 0 (exploration)
Step 1159 | Action: 2 (exploration)
Step 1174 | Action: 2 (exploration)
Step 1186 | Action: 0 (exploration)
Step 1203 | Action: 1 (exploration)
Step 1220 | Action: 1 (exploration)
Step 1233 | Action: 3 (exploration)
Step 1251 | Action: 2 (exploration)
Step 1265 | Action: 2 (exploration)
Step 1275 | Action: 2 (exploration)
Step 1285 | Action: 1 (exploration)
Step 1300 | Action: 1 (exploration)
Step 1312 | Action: 1 (exploration)
Step 1325 | Action: 1 (exploration)
Step 1340 | Action: 2 (exploration)
Step 1362 | Action: 2 (exploration)
Step 1382 | Action: 0 (exploration)
Step 1406 | Action: 3 (exploration)
Step 1420 | Action: 3 (exploration)
Step 1432 | Action: 3 (exploration)
Step 1447 | Action: 2 (exploration)
Step 1470 | Action: 3 (exploration)
Step 1486 | Action: 2 (exploration)
Step 1504 | Action: 1 (exploration)
Step 1526 | Action: 2 (exploration)
Step 1549 | Action: 2 (exploration)
Step 1569 | Action: 0 (exploration)
Step 1593 | Action: 0 (exploration)
Step 1604 | Action: 3 (exploration)
Step 1620 | Action: 3 (exploration)
Step 1633 | Action: 3 (exploration)
Step 1649 | Action: 2 (exploration)
Step 1671 | Action: 3 (exploration)
Step 1703 | Action: 1 | Raw Q: [-0.8950860500335693, 2.1807377338409424, 0.06688269227743149, -0.4408850371837616] | Boosted Q: [1.4049140214920044, 2.1807377338409424, 0.06688269227743149, -0.4408850371837616]
Step 1726 | Action: 2 (exploration)
Step 1750 | Action: 0 (exploration)
Step 1774 | Action: 0 (exploration)
Step 1786 | Action: 1 (exploration)
Step 1805 | Action: 3 (exploration)
Step 1823 | Action: 3 (exploration)
Step 1841 | Action: 2 (exploration)
Step 1865 | Action: 1 (exploration)
Step 1885 | Action: 0 (exploration)
Step 1909 | Action: 2 (exploration)
Step 1926 | Action: 3 (exploration)
Step 1942 | Action: 3 (exploration)
Step 1954 | Action: 0 (exploration)
Step 1971 | Action: 1 (exploration)
Step 1988 | Action: 0 (exploration)
Step 2003 | Action: 2 (exploration)
Step 2028 | Action: 3 (exploration)
Step 2045 | Action: 1 (exploration)
Step 2062 | Action: 2 (exploration)
Step 2083 | Action: 0 | Raw Q: [-0.5067018270492554, 1.2619904279708862, -0.0072524589486420155, -0.1951129287481308] | Boosted Q: [1.8932982683181763, 1.2619904279708862, -0.0072524589486420155, -0.1951129287481308]
Step 2103 | Action: 2 (exploration)
Step 2117 | Action: 3 (exploration)
Step 2131 | Action: 0 (exploration)
Step 2146 | Action: 2 (exploration)
Step 2161 | Action: 3 (exploration)
Step 2177 | Action: 1 (exploration)
Step 2194 | Action: 3 (exploration)
Step 2209 | Action: 3 (exploration)
Step 2220 | Action: 3 (exploration)
Step 2232 | Action: 1 (exploration)
Step 2248 | Action: 0 (exploration)
Step 2265 | Action: 0 (exploration)
Step 2275 | Action: 3 (exploration)
Step 2289 | Action: 1 (exploration)
Step 2305 | Action: 1 (exploration)
Step 2318 | Action: 1 (exploration)
Step 2334 | Action: 2 (exploration)
Step 2356 | Action: 3 (exploration)
Step 2371 | Action: 2 (exploration)
Step 2388 | Action: 2 (exploration)
Step 2401 | Action: 2 (exploration)
Step 2415 | Action: 2 (exploration)
Step 2431 | Action: 2 (exploration)
Step 2449 | Action: 0 (exploration)
Step 2473 | Action: 0 (exploration)
Step 2483 | Action: 1 (exploration)
Step 2497 | Action: 3 (exploration)
Step 2511 | Action: 3 (exploration)
Step 2522 | Action: 0 (exploration)
Step 2538 | Action: 1 (exploration)
Step 2554 | Action: 0 (exploration)
Step 2571 | Action: 3 (exploration)
Step 2589 | Action: 1 (exploration)
Step 2608 | Action: 1 (exploration)
Step 2624 | Action: 2 (exploration)
Step 2646 | Action: 3 (exploration)
Step 2660 | Action: 0 (exploration)
Step 2675 | Action: 2 (exploration)
Step 2689 | Action: 3 (exploration)
Step 2703 | Action: 0 (exploration)
Step 2717 | Action: 3 (exploration)
Step 2731 | Action: 3 (exploration)
Step 2741 | Action: 0 (exploration)
Step 2755 | Action: 0 (exploration)
Step 2765 | Action: 1 (exploration)
Step 2779 | Action: 2 (exploration)
Step 2794 | Action: 3 (exploration)
Step 2808 | Action: 3 (exploration)
Step 2818 | Action: 1 (exploration)
Step 2832 | Action: 0 (exploration)
Step 2856 | Action: 3 (exploration)
Step 2873 | Action: 0 (exploration)
Step 2890 | Action: 3 (exploration)
Step 2907 | Action: 3 (exploration)
Step 2920 | Action: 2 (exploration)
Step 2937 | Action: 3 (exploration)
Step 2951 | Action: 3 (exploration)
Step 2961 | Action: 1 (exploration)
Step 2975 | Action: 0 (exploration)
Step 2989 | Action: 2 (exploration)
Step 3004 | Action: 3 (exploration)
Step 3018 | Action: 3 (exploration)
Step 3028 | Action: 3 (exploration)
Step 3038 | Action: 2 (exploration)
Step 3052 | Action: 0 (exploration)
Step 3066 | Action: 1 | Raw Q: [-0.006821084301918745, 0.01200878620147705, -0.07998544722795486, -0.004776726011186838] | Boosted Q: [-0.006821084301918745, 0.01200878620147705, -0.07998544722795486, -0.004776726011186838]
Step 3080 | Action: 3 (exploration)
Step 3094 | Action: 0 (exploration)
Step 3108 | Action: 0 (exploration)
Step 3118 | Action: 1 (exploration)
Step 3132 | Action: 0 (exploration)
Step 3147 | Action: 3 (exploration)
Step 3163 | Action: 1 (exploration)
Step 3181 | Action: 0 (exploration)
Step 3200 | Action: 1 (exploration)
Step 3221 | Action: 0 (exploration)
Step 3245 | Action: 1 (exploration)
Step 3269 | Action: 3 (exploration)
Step 3293 | Action: 1 (exploration)
Step 3317 | Action: 1 (exploration)
Step 3337 | Action: 1 (exploration)
Step 3357 | Action: 2 (exploration)
Step 3381 | Action: 1 (exploration)
Step 3396 | Action: 1 (exploration)
Step 3408 | Action: 3 (exploration)
Step 3424 | Action: 0 (exploration)
Step 3441 | Action: 1 (exploration)
Step 3455 | Action: 0 (exploration)
Step 3469 | Action: 0 (exploration)
Step 3479 | Action: 3 (exploration)
Step 3493 | Action: 1 (exploration)
Step 3507 | Action: 1 (exploration)
Step 3517 | Action: 2 (exploration)
Step 3531 | Action: 0 (exploration)
Step 3545 | Action: 0 (exploration)
Step 3555 | Action: 3 (exploration)
Step 3569 | Action: 2 (exploration)
Step 3583 | Action: 2 (exploration)
Step 3593 | Action: 0 (exploration)
Step 3608 | Action: 3 (exploration)
Step 3622 | Action: 0 (exploration)
Step 3636 | Action: 3 (exploration)
Step 3650 | Action: 2 (exploration)
Step 3664 | Action: 1 (exploration)
Step 3678 | Action: 1 (exploration)
Step 3688 | Action: 0 (exploration)
Step 3702 | Action: 3 (exploration)
Step 3716 | Action: 3 (exploration)
Step 3726 | Action: 1 (exploration)
Step 3740 | Action: 1 (exploration)
Step 3750 | Action: 3 (exploration)
Step 3764 | Action: 2 (exploration)
Step 3778 | Action: 0 (exploration)
Step 3792 | Action: 0 (exploration)
Step 3802 | Action: 0 (exploration)
Step 3812 | Action: 0 (exploration)
Step 3822 | Action: 2 (exploration)
Step 3836 | Action: 3 (exploration)
Step 3850 | Action: 0 (exploration)
Step 3864 | Action: 1 (exploration)
Step 3878 | Action: 1 (exploration)
Step 3888 | Action: 0 (exploration)
Step 3902 | Action: 1 (exploration)
Step 3917 | Action: 2 (exploration)
Step 3932 | Action: 2 (exploration)
Step 3942 | Action: 3 (exploration)
Step 3956 | Action: 0 (exploration)
Step 3970 | Action: 2 (exploration)
Step 3984 | Action: 0 (exploration)
Step 3998 | Action: 3 (exploration)
Step 4012 | Action: 0 (exploration)
Step 4026 | Action: 1 (exploration)
Step 4040 | Action: 3 (exploration)
Step 4054 | Action: 1 (exploration)
Step 4068 | Action: 3 (exploration)
Step 4082 | Action: 1 (exploration)
Step 4096 | Action: 1 (exploration)
Step 4106 | Action: 1 | Raw Q: [-0.09714680165052414, 0.14553453028202057, -0.044580183923244476, 0.0012562231859192252] | Boosted Q: [-0.09714680165052414, 0.14553453028202057, -0.044580183923244476, 0.0012562231859192252]
Step 4116 | Action: 2 (exploration)
Step 4130 | Action: 2 (exploration)
Step 4140 | Action: 2 (exploration)
Step 4150 | Action: 0 (exploration)
Step 4164 | Action: 1 (exploration)
Step 4178 | Action: 0 (exploration)
Step 4192 | Action: 1 (exploration)
Step 4206 | Action: 3 (exploration)
Step 4220 | Action: 3 (exploration)
Step 4230 | Action: 0 (exploration)
Step 4244 | Action: 0 (exploration)
Step 4254 | Action: 1 (exploration)
Step 4268 | Action: 1 (exploration)
Step 4278 | Action: 2 (exploration)
Step 4292 | Action: 2 (exploration)
Step 4302 | Action: 1 (exploration)
Step 4316 | Action: 2 (exploration)
Step 4330 | Action: 3 (exploration)
Step 4344 | Action: 2 (exploration)
Step 4358 | Action: 3 (exploration)
Step 4372 | Action: 2 (exploration)
Step 4386 | Action: 0 (exploration)
Step 4400 | Action: 3 (exploration)
Step 4414 | Action: 3 (exploration)
Step 4424 | Action: 1 (exploration)
Step 4438 | Action: 3 (exploration)
Step 4452 | Action: 0 (exploration)
Step 4466 | Action: 0 (exploration)
Step 4476 | Action: 3 (exploration)
Step 4490 | Action: 3 (exploration)
Step 4500 | Action: 0 (exploration)
Step 4514 | Action: 3 (exploration)
Step 4528 | Action: 3 (exploration)
Step 4538 | Action: 1 (exploration)
Step 4552 | Action: 0 (exploration)
Step 4566 | Action: 3 (exploration)
Step 4580 | Action: 3 (exploration)
Step 4590 | Action: 3 (exploration)
Step 4600 | Action: 3 (exploration)
Step 4610 | Action: 0 (exploration)
Step 4624 | Action: 1 (exploration)
Step 4638 | Action: 0 (exploration)
Step 4652 | Action: 0 (exploration)
Step 4662 | Action: 0 (exploration)
Step 4672 | Action: 3 (exploration)
Step 4686 | Action: 2 (exploration)
Step 4700 | Action: 3 (exploration)
Step 4714 | Action: 1 (exploration)
Step 4728 | Action: 0 (exploration)
Step 4742 | Action: 1 (exploration)
Step 4756 | Action: 1 (exploration)
Step 4766 | Action: 0 (exploration)
Step 4780 | Action: 1 (exploration)
Step 4795 | Action: 1 (exploration)
Step 4806 | Action: 0 (exploration)
Step 4822 | Action: 3 (exploration)
Step 4838 | Action: 0 (exploration)
Step 4852 | Action: 0 (exploration)
Step 4862 | Action: 0 (exploration)
Step 4872 | Action: 1 (exploration)
Step 4886 | Action: 1 (exploration)
Step 4896 | Action: 2 (exploration)
Step 4910 | Action: 2 (exploration)
Step 4920 | Action: 2 (exploration)
Step 4930 | Action: 1 (exploration)
Step 4944 | Action: 3 (exploration)
Step 4958 | Action: 1 (exploration)
Step 4972 | Action: 0 (exploration)
Step 4986 | Action: 3 (exploration)
Step 5000 | Action: 1 (exploration)
Step 5014 | Action: 1 | Raw Q: [-0.09714680165052414, 0.14553453028202057, -0.044580183923244476, 0.0012562231859192252] | Boosted Q: [-0.09714680165052414, 0.14553453028202057, -0.044580183923244476, 0.0012562231859192252]
Step 5024 | Action: 2 (exploration)
Step 5038 | Action: 1 (exploration)
Step 5052 | Action: 3 (exploration)
Step 5066 | Action: 2 (exploration)
Step 5080 | Action: 2 (exploration)
Step 5090 | Action: 2 (exploration)
Step 5100 | Action: 0 (exploration)
Step 5114 | Action: 2 (exploration)
Step 5128 | Action: 1 (exploration)
Step 5142 | Action: 2 (exploration)
Step 5156 | Action: 3 (exploration)
Step 5170 | Action: 0 (exploration)
Step 5184 | Action: 2 (exploration)
Step 5198 | Action: 2 (exploration)
Step 5208 | Action: 3 (exploration)
Step 5222 | Action: 2 (exploration)
Step 5236 | Action: 2 (exploration)
Step 5246 | Action: 3 (exploration)
Step 5260 | Action: 2 (exploration)
Step 5274 | Action: 0 (exploration)
Step 5288 | Action: 1 (exploration)
Step 5302 | Action: 2 (exploration)
Step 5316 | Action: 2 (exploration)
Step 5326 | Action: 0 (exploration)
Step 5340 | Action: 2 (exploration)
Step 5354 | Action: 0 (exploration)
Step 5368 | Action: 1 (exploration)
Step 5382 | Action: 3 (exploration)
Step 5396 | Action: 0 (exploration)
Step 0 | Action: 2 (exploration)
Step 10 | Action: 3 (exploration)
Step 24 | Action: 2 | Raw Q: [-2.219243288040161, -2.439868211746216, 0.6229004859924316, -1.9766911268234253] | Boosted Q: [-2.219243288040161, -2.439868211746216, 0.6229004859924316, -1.9766911268234253]
Step 38 | Action: 3 (exploration)
Step 52 | Action: 2 (exploration)
Step 66 | Action: 0 (exploration)
Step 80 | Action: 1 (exploration)
Step 94 | Action: 0 (exploration)
Step 108 | Action: 3 (exploration)
Step 122 | Action: 1 (exploration)
Step 136 | Action: 2 | Raw Q: [-2.218437910079956, -2.290037155151367, 0.3258105516433716, -1.8682740926742554] | Boosted Q: [-2.218437910079956, -2.290037155151367, 0.3258105516433716, -1.8682740926742554]
Step 150 | Action: 3 (exploration)
Step 164 | Action: 1 (exploration)
Step 178 | Action: 3 (exploration)
Step 192 | Action: 2 (exploration)
Step 206 | Action: 1 (exploration)
Step 220 | Action: 2 (exploration)
Step 235 | Action: 3 (exploration)
Step 250 | Action: 2 (exploration)
Step 266 | Action: 3 (exploration)
Step 283 | Action: 3 (exploration)
Step 297 | Action: 2 (exploration)
Step 315 | Action: 0 (exploration)
Step 335 | Action: 1 (exploration)
Step 351 | Action: 0 | Raw Q: [13.60826301574707, 1.2034417390823364, 6.802952289581299, 0.245558500289917] | Boosted Q: [13.60826301574707, 1.2034417390823364, 6.902952194213867, 0.245558500289917]
Step 365 | Action: 1 (exploration)
Step 380 | Action: 1 (exploration)
Step 391 | Action: 3 (exploration)
Step 407 | Action: 1 (exploration)
Step 424 | Action: 3 (exploration)
Step 442 | Action: 3 (exploration)
Step 457 | Action: 0 (exploration)
Step 478 | Action: 2 (exploration)
Step 496 | Action: 3 (exploration)
Step 510 | Action: 0 (exploration)
Step 524 | Action: 2 (exploration)
Step 538 | Action: 3 (exploration)
Step 553 | Action: 2 (exploration)
Step 569 | Action: 3 (exploration)
Step 586 | Action: 1 (exploration)
Step 604 | Action: 0 (exploration)
Step 619 | Action: 1 (exploration)
Step 633 | Action: 1 (exploration)
Step 643 | Action: 2 | Raw Q: [-0.30101728439331055, -3.4263596534729004, 0.8166107535362244, -2.8467843532562256] | Boosted Q: [-0.1010172888636589, -3.4263596534729004, 1.0166107416152954, -2.8467843532562256]
Step 658 | Action: 1 (exploration)
Step 673 | Action: 3 (exploration)
Step 689 | Action: 1 (exploration)
Step 706 | Action: 0 (exploration)
Step 724 | Action: 2 (exploration)
Step 738 | Action: 2 | Raw Q: [-2.0971031188964844, -2.2553694248199463, 0.4435250759124756, -1.8169293403625488] | Boosted Q: [-2.0971031188964844, -2.2553694248199463, 0.4435250759124756, -1.8169293403625488]
Step 748 | Action: 1 (exploration)
Step 762 | Action: 1 (exploration)
Step 772 | Action: 3 (exploration)
Step 786 | Action: 3 (exploration)
Step 798 | Action: 1 (exploration)
Step 815 | Action: 2 (exploration)
Step 835 | Action: 0 | Raw Q: [136.65292358398438, 87.93347930908203, 127.87743377685547, 77.52827453613281] | Boosted Q: [137.0529327392578, 87.93347930908203, 127.87743377685547, 77.52827453613281]
Step 854 | Action: 2 (exploration)
Step 868 | Action: 1 (exploration)
Step 883 | Action: 3 (exploration)
Step 899 | Action: 0 (exploration)
Step 914 | Action: 1 (exploration)
Step 928 | Action: 1 (exploration)
Step 939 | Action: 3 (exploration)
Step 956 | Action: 2 (exploration)
Step 974 | Action: 2 (exploration)
Step 987 | Action: 3 (exploration)
Step 1005 | Action: 2 (exploration)
Step 1027 | Action: 3 (exploration)
Step 1050 | Action: 0 (exploration)
Step 1074 | Action: 2 (exploration)
Step 1088 | Action: 3 (exploration)
Step 1102 | Action: 1 (exploration)
Step 1116 | Action: 0 (exploration)
Step 1130 | Action: 1 (exploration)
Step 1144 | Action: 1 (exploration)
Step 1156 | Action: 3 (exploration)
Step 1174 | Action: 2 (exploration)
Step 1195 | Action: 2 (exploration)
Step 1206 | Action: 1 (exploration)
Step 1222 | Action: 3 (exploration)
Step 1239 | Action: 0 (exploration)
Step 1257 | Action: 0 (exploration)
Step 1267 | Action: 1 (exploration)
Step 1281 | Action: 0 (exploration)
Step 1296 | Action: 3 (exploration)
Step 1312 | Action: 0 (exploration)
Step 1329 | Action: 3 (exploration)
Step 1347 | Action: 0 (exploration)
Step 1366 | Action: 0 (exploration)
Step 1382 | Action: 3 (exploration)
Step 1404 | Action: 3 (exploration)
Step 1424 | Action: 1 (exploration)
Step 1448 | Action: 0 (exploration)
Step 1472 | Action: 0 (exploration)
Step 1492 | Action: 3 (exploration)
Step 1516 | Action: 3 (exploration)
Step 1536 | Action: 2 | Raw Q: [1601.676513671875, 1284.617431640625, 1833.4786376953125, 1147.90478515625] | Boosted Q: [1601.676513671875, 1284.7174072265625, 1834.778564453125, 1147.90478515625]
Step 1560 | Action: 0 (exploration)
Step 1577 | Action: 1 (exploration)
Step 1595 | Action: 0 (exploration)
Step 1609 | Action: 3 (exploration)
Step 1623 | Action: 0 (exploration)
Step 1638 | Action: 0 (exploration)
Step 1650 | Action: 0 (exploration)
Step 1662 | Action: 1 (exploration)
Step 1689 | Action: 3 (exploration)
Step 1711 | Action: 1 (exploration)
Step 1735 | Action: 1 (exploration)
Step 1755 | Action: 3 (exploration)
Step 1779 | Action: 3 (exploration)
Step 1799 | Action: 2 (exploration)
Step 1823 | Action: 3 (exploration)
Step 1847 | Action: 2 (exploration)
Step 1871 | Action: 2 (exploration)
Step 1891 | Action: 0 (exploration)
Step 1915 | Action: 3 (exploration)
Step 1939 | Action: 0 (exploration)
Step 1963 | Action: 2 (exploration)
Step 1987 | Action: 1 (exploration)
Step 2011 | Action: 0 (exploration)
Step 2037 | Action: 3 (exploration)
Step 2056 | Action: 2 (exploration)
Step 2079 | Action: 1 (exploration)
Step 2098 | Action: 2 (exploration)
Step 2120 | Action: 1 (exploration)
Step 2144 | Action: 2 (exploration)
Step 2168 | Action: 1 (exploration)
Step 2192 | Action: 2 | Raw Q: [635.5354614257812, 497.080810546875, 710.2382202148438, 443.4967956542969] | Boosted Q: [638.3353881835938, 497.080810546875, 710.2382202148438, 443.4967956542969]
Step 2216 | Action: 0 (exploration)
Step 2240 | Action: 3 (exploration)
Step 2254 | Action: 2 | Raw Q: [-2.383188009262085, -2.5897250175476074, 0.6799100041389465, -2.1303040981292725] | Boosted Q: [-2.383188009262085, -2.5897250175476074, 0.6799100041389465, -2.1303040981292725]
Step 2268 | Action: 2 (exploration)
Step 2278 | Action: 2 (exploration)
Step 2288 | Action: 1 (exploration)
Step 2302 | Action: 2 (exploration)
Step 2316 | Action: 1 (exploration)
Step 2330 | Action: 1 (exploration)
Step 2340 | Action: 3 (exploration)
Step 2355 | Action: 3 (exploration)
Step 2366 | Action: 2 (exploration)
Step 2382 | Action: 1 (exploration)
Step 2399 | Action: 2 (exploration)
Step 2417 | Action: 1 (exploration)
Step 2437 | Action: 1 (exploration)
Step 2455 | Action: 1 (exploration)
Step 2475 | Action: 1 (exploration)
Step 2495 | Action: 3 (exploration)
Step 2519 | Action: 1 (exploration)
Step 2543 | Action: 2 (exploration)
Step 2567 | Action: 0 (exploration)
Step 2591 | Action: 3 (exploration)
Step 2605 | Action: 3 (exploration)
Step 2615 | Action: 2 (exploration)
Step 2629 | Action: 0 (exploration)
Step 2643 | Action: 2 (exploration)
Step 2657 | Action: 1 (exploration)
Step 2671 | Action: 2 (exploration)
Step 2685 | Action: 0 (exploration)
Step 2699 | Action: 1 (exploration)
Step 2713 | Action: 0 (exploration)
Step 2727 | Action: 0 (exploration)
Step 2737 | Action: 2 (exploration)
Step 2751 | Action: 0 (exploration)
Step 2765 | Action: 3 (exploration)
Step 2779 | Action: 3 (exploration)
Step 2789 | Action: 3 (exploration)
Step 2799 | Action: 0 (exploration)
Step 2813 | Action: 1 (exploration)
Step 2827 | Action: 0 (exploration)
Step 2851 | Action: 2 (exploration)
Step 2868 | Action: 2 (exploration)
Step 2881 | Action: 2 (exploration)
Step 2894 | Action: 3 (exploration)
Step 2911 | Action: 3 (exploration)
Step 2924 | Action: 3 (exploration)
Step 2937 | Action: 3 (exploration)
Step 2951 | Action: 0 (exploration)
Step 2969 | Action: 3 (exploration)
Step 2988 | Action: 0 (exploration)
Step 3008 | Action: 3 (exploration)
Step 3030 | Action: 0 (exploration)
Step 3053 | Action: 0 (exploration)
Step 3073 | Action: 1 (exploration)
Step 3097 | Action: 0 (exploration)
Step 3121 | Action: 0 (exploration)
Step 3141 | Action: 0 (exploration)
Step 3161 | Action: 0 (exploration)
Step 3181 | Action: 1 (exploration)
Step 3205 | Action: 0 (exploration)
Step 3229 | Action: 2 (exploration)
Step 3253 | Action: 2 (exploration)
Step 3263 | Action: 1 (exploration)
Step 3277 | Action: 0 (exploration)
Step 3292 | Action: 1 (exploration)
Step 3306 | Action: 1 (exploration)
Step 3316 | Action: 3 (exploration)
Step 3330 | Action: 1 (exploration)
Step 3344 | Action: 2 (exploration)
Step 3358 | Action: 3 (exploration)
Step 3373 | Action: 2 (exploration)
Step 3388 | Action: 0 | Raw Q: [45.187255859375, 22.962404251098633, 35.830780029296875, 20.05711555480957] | Boosted Q: [45.287254333496094, 22.962404251098633, 35.830780029296875, 20.05711555480957]
Step 3403 | Action: 0 (exploration)
Step 3413 | Action: 1 (exploration)
Step 3427 | Action: 3 (exploration)
Step 3441 | Action: 0 (exploration)
Step 3455 | Action: 3 (exploration)
Step 3469 | Action: 2 (exploration)
Step 3483 | Action: 0 (exploration)
Step 3497 | Action: 3 (exploration)
Step 3511 | Action: 3 (exploration)
Step 3521 | Action: 3 (exploration)
Step 3531 | Action: 1 (exploration)
Step 3545 | Action: 1 (exploration)
Step 3555 | Action: 0 (exploration)
Step 3570 | Action: 1 (exploration)
Step 3585 | Action: 1 (exploration)
Step 3596 | Action: 3 (exploration)
Step 3612 | Action: 2 (exploration)
Step 3629 | Action: 1 (exploration)
Step 3643 | Action: 2 (exploration)
Step 3657 | Action: 3 (exploration)
Step 3671 | Action: 3 (exploration)
Step 3681 | Action: 3 (exploration)
Step 3691 | Action: 3 (exploration)
Step 3701 | Action: 2 (exploration)
Step 3715 | Action: 2 (exploration)
Step 3725 | Action: 1 (exploration)
Step 3739 | Action: 1 (exploration)
Step 3749 | Action: 2 (exploration)
Step 3763 | Action: 2 (exploration)
Step 3773 | Action: 0 (exploration)
Step 3787 | Action: 3 (exploration)
Step 3801 | Action: 3 (exploration)
Step 3811 | Action: 0 (exploration)
Step 3825 | Action: 0 (exploration)
Step 3835 | Action: 3 (exploration)
Step 3849 | Action: 1 (exploration)
Step 3863 | Action: 3 (exploration)
Step 3877 | Action: 2 | Raw Q: [-1.1685423851013184, -2.854665517807007, 0.6444482207298279, -2.302499294281006] | Boosted Q: [-1.1685423851013184, -2.854665517807007, 0.7444482445716858, -2.302499294281006]
Step 3891 | Action: 2 (exploration)
Step 3901 | Action: 1 (exploration)
Step 3915 | Action: 1 (exploration)
Step 3925 | Action: 2 (exploration)
Step 3939 | Action: 1 (exploration)
Step 3953 | Action: 1 (exploration)
Step 3963 | Action: 1 (exploration)
Step 3973 | Action: 0 (exploration)
Step 3987 | Action: 3 (exploration)
Step 4001 | Action: 2 (exploration)
Step 4015 | Action: 0 (exploration)
Step 4029 | Action: 0 (exploration)
Step 4039 | Action: 2 (exploration)
Step 4053 | Action: 1 (exploration)
Step 4067 | Action: 2 (exploration)
Step 4081 | Action: 0 (exploration)
Step 4095 | Action: 1 (exploration)
Step 4109 | Action: 0 (exploration)
Step 4123 | Action: 0 (exploration)
Step 4133 | Action: 2 | Raw Q: [-1.9025846719741821, -1.930496335029602, 0.06698629260063171, -1.5140149593353271] | Boosted Q: [-1.9025846719741821, -1.930496335029602, 0.06698629260063171, -1.5140149593353271]
Step 4147 | Action: 2 (exploration)
Step 4157 | Action: 3 (exploration)
Step 4171 | Action: 2 (exploration)
Step 4185 | Action: 1 (exploration)
Step 4199 | Action: 3 (exploration)
Step 4213 | Action: 3 (exploration)
Step 4223 | Action: 2 (exploration)
Step 4237 | Action: 0 (exploration)
Step 4251 | Action: 1 (exploration)
Step 4265 | Action: 0 (exploration)
Step 4279 | Action: 0 (exploration)
Step 4289 | Action: 0 (exploration)
Step 4299 | Action: 1 (exploration)
Step 4313 | Action: 3 (exploration)
Step 4327 | Action: 3 (exploration)
Step 4337 | Action: 3 (exploration)
Step 4347 | Action: 2 (exploration)
Step 4361 | Action: 3 (exploration)
Step 4375 | Action: 2 (exploration)
Step 4389 | Action: 2 (exploration)
Step 4399 | Action: 0 (exploration)
Step 4413 | Action: 1 (exploration)
Step 4427 | Action: 2 (exploration)
Step 4441 | Action: 2 (exploration)
Step 4451 | Action: 3 (exploration)
Step 4465 | Action: 0 (exploration)
Step 4479 | Action: 2 (exploration)
Step 4493 | Action: 0 (exploration)
Step 4507 | Action: 3 (exploration)
Step 4521 | Action: 3 (exploration)
Step 4531 | Action: 3 (exploration)
Step 4541 | Action: 2 (exploration)
Step 4555 | Action: 2 (exploration)
Step 4565 | Action: 1 (exploration)
Step 4579 | Action: 3 (exploration)
Step 4593 | Action: 1 (exploration)
Step 4607 | Action: 2 (exploration)
Step 4621 | Action: 0 (exploration)
Step 4635 | Action: 0 (exploration)
Step 4645 | Action: 2 (exploration)
Step 4659 | Action: 3 (exploration)
Step 4673 | Action: 1 (exploration)
Step 4687 | Action: 1 (exploration)
Step 4697 | Action: 3 (exploration)
Step 4711 | Action: 0 (exploration)
Step 4725 | Action: 2 | Raw Q: [-1.9556350708007812, -1.9790468215942383, 0.08569587767124176, -1.563894271850586] | Boosted Q: [-1.9556350708007812, -1.9790468215942383, 0.08569587767124176, -1.563894271850586]
Step 4739 | Action: 1 (exploration)
Step 4753 | Action: 2 (exploration)
Step 4767 | Action: 1 (exploration)
Step 4781 | Action: 2 (exploration)
Step 4796 | Action: 2 (exploration)
Step 4807 | Action: 3 (exploration)
Step 4823 | Action: 3 (exploration)
Step 4833 | Action: 2 (exploration)
Step 4847 | Action: 0 (exploration)
Step 4861 | Action: 2 (exploration)
Step 4875 | Action: 2 (exploration)
Step 4885 | Action: 3 (exploration)
Step 4899 | Action: 0 (exploration)
Step 4913 | Action: 0 (exploration)
Step 4923 | Action: 1 (exploration)
Step 4937 | Action: 2 | Raw Q: [-2.166038990020752, -2.2418267726898193, 0.306779682636261, -1.8187822103500366] | Boosted Q: [-2.166038990020752, -2.2418267726898193, 0.306779682636261, -1.8187822103500366]
Step 4951 | Action: 3 (exploration)
Step 4965 | Action: 2 (exploration)
Step 4979 | Action: 0 (exploration)
Step 4993 | Action: 2 (exploration)
Step 5007 | Action: 2 | Raw Q: [-1.9424527883529663, -2.11310076713562, 0.3865838646888733, -1.6701494455337524] | Boosted Q: [-1.9424527883529663, -2.11310076713562, 0.3865838646888733, -1.6701494455337524]
Step 5017 | Action: 1 (exploration)
Step 5031 | Action: 2 (exploration)
Step 5045 | Action: 3 (exploration)
Step 5059 | Action: 1 (exploration)
Step 5073 | Action: 0 (exploration)
Step 5087 | Action: 2 (exploration)
Step 5101 | Action: 3 (exploration)
Step 5115 | Action: 3 (exploration)
Step 5125 | Action: 3 (exploration)
Step 5135 | Action: 3 (exploration)
Step 5145 | Action: 2 (exploration)
Step 5159 | Action: 1 (exploration)
Step 5173 | Action: 1 (exploration)
Step 5183 | Action: 2 (exploration)
Step 5197 | Action: 0 (exploration)
Step 5211 | Action: 3 (exploration)
Step 5225 | Action: 2 (exploration)
Step 5239 | Action: 0 (exploration)
Step 5253 | Action: 0 (exploration)
Step 5263 | Action: 2 (exploration)
Step 5277 | Action: 2 | Raw Q: [-1.9424527883529663, -2.11310076713562, 0.3865838646888733, -1.6701494455337524] | Boosted Q: [-1.9424527883529663, -2.11310076713562, 0.3865838646888733, -1.6701494455337524]
Step 5287 | Action: 2 (exploration)
Step 5297 | Action: 0 (exploration)
Step 5311 | Action: 0 (exploration)
Step 5321 | Action: 3 (exploration)
Step 5335 | Action: 2 (exploration)
Step 5349 | Action: 2 (exploration)
Step 5359 | Action: 2 (exploration)
Step 5369 | Action: 2 | Raw Q: [-1.9424527883529663, -2.11310076713562, 0.3865838646888733, -1.6701494455337524] | Boosted Q: [-1.9424527883529663, -2.11310076713562, 0.3865838646888733, -1.6701494455337524]
Step 5379 | Action: 0 (exploration)
Step 5393 | Action: 0 (exploration)

Queue Interrupt Log:
