Timestamp: 2025-04-14 11:16:21
Intersection: roundabout
Total reward: -6964.00
Epsilon: 0.94
Simulation duration: 356.9s
Avg queue length: 8.13
Cumulative wait time: 43897.00
Fault injected: ❌ No
Total Emergency Delay: 131484.00

Action Distribution:
Action 0: 41 times
Action 1: 46 times
Action 2: 59 times
Action 3: 47 times

Q-Value Log Per Step:
Step 0 | Action: 3 (exploration)
Step 10 | Action: 3 (exploration)
Step 20 | Action: 1 (exploration)
Step 34 | Action: 0 (exploration)
Step 48 | Action: 3 (exploration)
Step 62 | Action: 3 (exploration)
Step 72 | Action: 2 (exploration)
Step 86 | Action: 2 | Raw Q: [-1.6349859237670898, -2.826554775238037, -0.6506996750831604, -1.068487286567688] | Boosted Q: [-1.6349859237670898, -2.826554775238037, -0.6506996750831604, -1.068487286567688]
Step 96 | Action: 2 (exploration)
Step 106 | Action: 1 (exploration)
Step 120 | Action: 2 | Raw Q: [-1.6349842548370361, -2.826554536819458, -0.6507006287574768, -1.0684877634048462] | Boosted Q: [-1.6349842548370361, -2.826554536819458, -0.6507006287574768, -1.0684877634048462]
Step 134 | Action: 0 (exploration)
Step 148 | Action: 3 (exploration)
Step 162 | Action: 1 (exploration)
Step 176 | Action: 0 (exploration)
Step 190 | Action: 2 (exploration)
Step 204 | Action: 3 (exploration)
Step 218 | Action: 2 | Raw Q: [-2.960623025894165, -4.031661033630371, 0.03274095058441162, -2.122828245162964] | Boosted Q: [-2.960623025894165, -4.031661033630371, 0.03274095058441162, -2.122828245162964]
Step 232 | Action: 0 (exploration)
Step 246 | Action: 2 (exploration)
Step 260 | Action: 3 (exploration)
Step 275 | Action: 0 (exploration)
Step 289 | Action: 1 (exploration)
Step 303 | Action: 0 (exploration)
Step 317 | Action: 1 (exploration)
Step 331 | Action: 3 (exploration)
Step 345 | Action: 2 (exploration)
Step 359 | Action: 2 (exploration)
Step 369 | Action: 3 (exploration)
Step 385 | Action: 0 (exploration)
Step 399 | Action: 3 (exploration)
Step 413 | Action: 0 (exploration)
Step 427 | Action: 3 (exploration)
Step 443 | Action: 0 (exploration)
Step 458 | Action: 0 (exploration)
Step 472 | Action: 3 (exploration)
Step 495 | Action: 2 (exploration)
Step 515 | Action: 2 (exploration)
Step 527 | Action: 3 (exploration)
Step 548 | Action: 1 (exploration)
Step 562 | Action: 2 (exploration)
Step 576 | Action: 2 (exploration)
Step 590 | Action: 3 (exploration)
Step 614 | Action: 2 (exploration)
Step 630 | Action: 2 | Raw Q: [-3.061077117919922, -5.327666759490967, -0.22949731349945068, -2.7422738075256348] | Boosted Q: [-2.9610772132873535, -5.327666759490967, -0.22949731349945068, -2.7422738075256348]
Step 640 | Action: 2 (exploration)
Step 651 | Action: 3 (exploration)
Step 670 | Action: 0 (exploration)
Step 685 | Action: 2 (exploration)
Step 703 | Action: 1 (exploration)
Step 718 | Action: 1 (exploration)
Step 733 | Action: 2 (exploration)
Step 757 | Action: 1 (exploration)
Step 781 | Action: 0 (exploration)
Step 805 | Action: 1 (exploration)
Step 823 | Action: 1 (exploration)
Step 835 | Action: 2 (exploration)
Step 856 | Action: 2 (exploration)
Step 876 | Action: 3 (exploration)
Step 900 | Action: 0 (exploration)
Step 918 | Action: 2 (exploration)
Step 942 | Action: 2 | Raw Q: [3.036743640899658, -17.390979766845703, 13.189352989196777, -13.982983589172363] | Boosted Q: [3.536743402481079, -17.390979766845703, 13.189352989196777, -13.982983589172363]
Step 955 | Action: 0 (exploration)
Step 979 | Action: 1 (exploration)
Step 995 | Action: 0 (exploration)
Step 1009 | Action: 2 (exploration)
Step 1023 | Action: 1 (exploration)
Step 1038 | Action: 1 (exploration)
Step 1047 | Action: 2 | Raw Q: [-4.608412265777588, -33.63064956665039, 14.418009757995605, -24.949012756347656] | Boosted Q: [-3.5084125995635986, -33.63064956665039, 14.418009757995605, -24.949012756347656]
Step 1068 | Action: 2 | Raw Q: [-18.766254425048828, -36.25410079956055, 6.149317741394043, -23.847787857055664] | Boosted Q: [-17.366254806518555, -36.25410079956055, 6.149317741394043, -23.847787857055664]
Step 1083 | Action: 2 | Raw Q: [-21.4483642578125, -39.556827545166016, 6.059195041656494, -25.764596939086914] | Boosted Q: [-19.348363876342773, -39.556827545166016, 6.059195041656494, -25.764596939086914]
Step 1098 | Action: 2 | Raw Q: [-21.623037338256836, -37.7317008972168, 4.787315845489502, -24.1418514251709] | Boosted Q: [-19.623035430908203, -37.7317008972168, 4.787315845489502, -24.1418514251709]
Step 1113 | Action: 2 | Raw Q: [-20.817285537719727, -38.67146301269531, 6.013113975524902, -25.22344970703125] | Boosted Q: [-18.71728515625, -38.67146301269531, 6.013113975524902, -25.22344970703125]
Step 1128 | Action: 2 | Raw Q: [-18.575666427612305, -37.83071517944336, 7.242244720458984, -25.14349937438965] | Boosted Q: [-16.575666427612305, -37.83071517944336, 7.242244720458984, -25.14349937438965]
Step 1149 | Action: 2 | Raw Q: [28.868213653564453, -38.07476043701172, 56.248374938964844, -32.85891342163086] | Boosted Q: [31.068214416503906, -38.07476043701172, 56.248374938964844, -32.85891342163086]
Step 1165 | Action: 2 | Raw Q: [-19.647123336791992, -37.16322708129883, 6.01954460144043, -24.332542419433594] | Boosted Q: [-17.747121810913086, -37.16322708129883, 6.01954460144043, -24.332542419433594]
Step 1179 | Action: 2 | Raw Q: [-17.22104835510254, -31.399890899658203, 4.3003153800964355, -20.15239143371582] | Boosted Q: [-15.921045303344727, -31.399890899658203, 4.3003153800964355, -20.15239143371582]
Step 1195 | Action: 2 | Raw Q: [-15.159489631652832, -31.948095321655273, 6.2786641120910645, -21.359506607055664] | Boosted Q: [-13.859488487243652, -31.948095321655273, 6.2786641120910645, -21.359506607055664]
Step 1210 | Action: 2 | Raw Q: [-14.714025497436523, -26.673019409179688, 3.3631980419158936, -16.971662521362305] | Boosted Q: [-13.514023780822754, -26.673019409179688, 3.3631980419158936, -16.971662521362305]
Step 1232 | Action: 2 | Raw Q: [21.527118682861328, -31.94101905822754, 43.766536712646484, -27.02239227294922] | Boosted Q: [23.22711944580078, -31.94101905822754, 43.766536712646484, -27.02239227294922]
Step 1249 | Action: 2 | Raw Q: [-17.796113967895508, -39.4883918762207, 8.88922119140625, -26.676902770996094] | Boosted Q: [-15.896112442016602, -39.4883918762207, 8.88922119140625, -26.676902770996094]
Step 1264 | Action: 2 | Raw Q: [-19.71181297302246, -34.55330276489258, 4.350635051727295, -22.085790634155273] | Boosted Q: [-17.811811447143555, -34.55330276489258, 4.350635051727295, -22.085790634155273]
Step 1279 | Action: 2 | Raw Q: [-21.353050231933594, -37.293907165527344, 4.755617141723633, -23.877225875854492] | Boosted Q: [-19.453048706054688, -37.293907165527344, 4.755617141723633, -23.877225875854492]
Step 1295 | Action: 2 | Raw Q: [-21.075414657592773, -43.62348556518555, 8.837060928344727, -29.08373260498047] | Boosted Q: [-18.775413513183594, -43.62348556518555, 8.837060928344727, -29.08373260498047]
Step 1319 | Action: 2 | Raw Q: [-22.10615348815918, -44.63451385498047, 9.173296928405762, -29.676025390625] | Boosted Q: [-19.80615234375, -44.63451385498047, 9.173296928405762, -29.676025390625]
Step 1329 | Action: 0 | Raw Q: [322.6962585449219, 156.99990844726562, 320.0408630371094, 159.3959197998047] | Boosted Q: [324.896240234375, 156.99990844726562, 320.0408630371094, 159.3959197998047]
Step 1353 | Action: 0 | Raw Q: [324.24420166015625, 159.234375, 323.7200927734375, 161.35220336914062] | Boosted Q: [326.4441833496094, 159.234375, 323.7200927734375, 161.35220336914062]
Step 1398 | Action: 2 | Raw Q: [-22.338890075683594, -38.39449691772461, 5.168203353881836, -24.704505920410156] | Boosted Q: [-20.438888549804688, -38.39449691772461, 5.168203353881836, -24.704505920410156]
Step 1428 | Action: 2 | Raw Q: [-20.69841194152832, -35.64890670776367, 4.760666370391846, -22.91537094116211] | Boosted Q: [-18.798410415649414, -35.64890670776367, 4.760666370391846, -22.91537094116211]
Step 1459 | Action: 2 | Raw Q: [-18.891620635986328, -40.43570327758789, 9.13528060913086, -27.19619369506836] | Boosted Q: [-16.991619110107422, -40.43570327758789, 9.13528060913086, -27.19619369506836]
Step 1484 | Action: 2 | Raw Q: [1297.7347412109375, 888.1732788085938, 1313.1859130859375, 848.5216674804688] | Boosted Q: [1300.9349365234375, 888.1732788085938, 1313.1859130859375, 848.5216674804688]
Step 1508 | Action: 2 | Raw Q: [1300.22412109375, 891.7962036132812, 1318.6190185546875, 852.3196411132812] | Boosted Q: [1303.42431640625, 891.7962036132812, 1318.6190185546875, 852.3196411132812]
Step 1538 | Action: 2 | Raw Q: [20.681764602661133, -32.28424072265625, 44.30160903930664, -27.142839431762695] | Boosted Q: [22.381765365600586, -32.28424072265625, 44.30160903930664, -27.142839431762695]
Step 1545 | Action: 2 | Raw Q: [2408.092529296875, 1733.5306396484375, 2469.235107421875, 1666.3106689453125] | Boosted Q: [2414.1923828125, 1733.5306396484375, 2469.235107421875, 1666.3106689453125]
Step 1560 | Action: 2 | Raw Q: [-33.570289611816406, -58.644309997558594, 8.385296821594238, -37.91462707519531] | Boosted Q: [-28.470291137695312, -58.644309997558594, 8.385296821594238, -37.91462707519531]
Step 1574 | Action: 2 | Raw Q: [-33.99543762207031, -58.99543380737305, 8.247690200805664, -38.14918518066406] | Boosted Q: [-28.89544105529785, -58.99543380737305, 8.247690200805664, -38.14918518066406]
Step 1589 | Action: 2 | Raw Q: [-33.20077133178711, -57.434444427490234, 7.914934158325195, -37.13426208496094] | Boosted Q: [-28.50077247619629, -57.434444427490234, 7.914934158325195, -37.13426208496094]
Step 1604 | Action: 2 | Raw Q: [-31.492984771728516, -58.96136474609375, 10.179509162902832, -38.81667709350586] | Boosted Q: [-28.692983627319336, -58.96136474609375, 10.179509162902832, -38.81667709350586]
Step 1619 | Action: 2 | Raw Q: [-32.185890197753906, -55.934051513671875, 7.787967681884766, -36.195457458496094] | Boosted Q: [-29.38589096069336, -55.934051513671875, 7.787967681884766, -36.195457458496094]
Step 1634 | Action: 2 | Raw Q: [-34.92688751220703, -61.74421691894531, 9.245748519897461, -40.10294723510742] | Boosted Q: [-31.726886749267578, -61.74421691894531, 9.245748519897461, -40.10294723510742]
Step 1648 | Action: 2 | Raw Q: [-32.92864227294922, -57.72554016113281, 8.306816101074219, -37.48368835449219] | Boosted Q: [-30.128644943237305, -57.72554016113281, 8.306816101074219, -37.48368835449219]
Step 1664 | Action: 2 | Raw Q: [-30.23294448852539, -53.87535858154297, 8.033388137817383, -35.02351379394531] | Boosted Q: [-27.732942581176758, -53.87535858154297, 8.033388137817383, -35.02351379394531]
Step 1679 | Action: 2 | Raw Q: [-29.435583114624023, -52.83304214477539, 8.025315284729004, -34.46138000488281] | Boosted Q: [-27.035581588745117, -52.83304214477539, 8.025315284729004, -34.46138000488281]
Step 1694 | Action: 2 | Raw Q: [-30.37920570373535, -53.683189392089844, 7.791548728942871, -34.877769470214844] | Boosted Q: [-27.779205322265625, -53.683189392089844, 7.791548728942871, -34.877769470214844]
Step 1710 | Action: 2 | Raw Q: [-31.685544967651367, -55.02933883666992, 7.644815921783447, -35.563682556152344] | Boosted Q: [-28.885543823242188, -55.02933883666992, 7.644815921783447, -35.563682556152344]
Step 1725 | Action: 2 | Raw Q: [-29.734514236450195, -53.096961975097656, 7.969965934753418, -34.537357330322266] | Boosted Q: [-27.13451385498047, -53.096961975097656, 7.969965934753418, -34.537357330322266]
Step 1740 | Action: 2 | Raw Q: [-29.526784896850586, -51.40119934082031, 7.079853534698486, -33.200965881347656] | Boosted Q: [-26.826784133911133, -51.40119934082031, 7.079853534698486, -33.200965881347656]
Step 1764 | Action: 2 | Raw Q: [-30.51828956604004, -52.65656280517578, 7.585860252380371, -33.989131927490234] | Boosted Q: [-27.818288803100586, -52.65656280517578, 7.585860252380371, -33.989131927490234]
Step 1781 | Action: 0 | Raw Q: [963.8013916015625, 617.2264404296875, 966.05078125, 589.819580078125] | Boosted Q: [967.201416015625, 617.2264404296875, 966.05078125, 589.819580078125]
Step 1805 | Action: 2 | Raw Q: [965.83935546875, 619.9148559570312, 970.4010620117188, 592.250732421875] | Boosted Q: [969.2393798828125, 619.9148559570312, 970.4010620117188, 592.250732421875]
Step 1845 | Action: 2 | Raw Q: [-30.754322052001953, -54.31537628173828, 8.429108619689941, -35.28635025024414] | Boosted Q: [-28.154321670532227, -54.31537628173828, 8.429108619689941, -35.28635025024414]
Step 1870 | Action: 2 | Raw Q: [1293.8446044921875, 887.377197265625, 1313.2098388671875, 851.0494384765625] | Boosted Q: [1297.14453125, 887.377197265625, 1313.2098388671875, 851.0494384765625]
Step 1885 | Action: 2 | Raw Q: [-28.50148582458496, -49.56586837768555, 6.736738204956055, -32.00741958618164] | Boosted Q: [-25.901485443115234, -49.56586837768555, 6.736738204956055, -32.00741958618164]
Step 1901 | Action: 2 | Raw Q: [-28.253374099731445, -53.55379104614258, 9.428235054016113, -35.227699279785156] | Boosted Q: [-25.553373336791992, -53.55379104614258, 9.428235054016113, -35.227699279785156]
Step 1915 | Action: 2 | Raw Q: [-26.554475784301758, -46.07780075073242, 6.107761859893799, -29.658348083496094] | Boosted Q: [-24.054475784301758, -46.07780075073242, 6.107761859893799, -29.658348083496094]
Step 1930 | Action: 2 | Raw Q: [-30.244661331176758, -52.68352127075195, 7.341211795806885, -34.0333366394043] | Boosted Q: [-27.244659423828125, -52.68352127075195, 7.341211795806885, -34.0333366394043]
Step 1946 | Action: 2 | Raw Q: [-27.147987365722656, -53.238304138183594, 10.1279878616333, -35.29413604736328] | Boosted Q: [-24.547985076904297, -53.238304138183594, 10.1279878616333, -35.29413604736328]
Step 1961 | Action: 2 | Raw Q: [-27.359603881835938, -47.504241943359375, 6.375791549682617, -30.631235122680664] | Boosted Q: [-25.059602737426758, -47.504241943359375, 6.375791549682617, -30.631235122680664]
Step 1977 | Action: 2 | Raw Q: [-23.757972717285156, -53.29658889770508, 12.475314140319824, -36.144351959228516] | Boosted Q: [-21.65797233581543, -53.29658889770508, 12.475314140319824, -36.144351959228516]
Step 1993 | Action: 2 | Raw Q: [-16.339561462402344, -57.629554748535156, 19.86722755432129, -41.12498474121094] | Boosted Q: [-14.339561462402344, -57.629554748535156, 19.86722755432129, -41.12498474121094]
Step 2008 | Action: 2 | Raw Q: [-27.732820510864258, -51.178688049316406, 8.361136436462402, -33.51111602783203] | Boosted Q: [-25.132822036743164, -51.178688049316406, 8.361136436462402, -33.51111602783203]
Step 2023 | Action: 2 | Raw Q: [26.471372604370117, -45.26144027709961, 60.994869232177734, -37.098533630371094] | Boosted Q: [29.071372985839844, -45.26144027709961, 60.994869232177734, -37.098533630371094]
Step 2038 | Action: 2 | Raw Q: [-21.350622177124023, -42.118873596191406, 7.642296314239502, -27.90033721923828] | Boosted Q: [-19.450620651245117, -42.118873596191406, 7.642296314239502, -27.90033721923828]
Step 2054 | Action: 2 | Raw Q: [67.71583557128906, -7.013609886169434, 89.71065521240234, -2.7336955070495605] | Boosted Q: [69.41582489013672, -7.013609886169434, 89.71065521240234, -2.7336955070495605]
Step 2069 | Action: 0 | Raw Q: [250.76028442382812, 119.55349731445312, 251.70687866210938, 123.84967803955078] | Boosted Q: [252.76031494140625, 119.55349731445312, 251.70687866210938, 123.84967803955078]
Step 2093 | Action: 2 | Raw Q: [250.33485412597656, 119.63102722167969, 252.9539031982422, 123.9217529296875] | Boosted Q: [252.3348846435547, 119.63102722167969, 252.9539031982422, 123.9217529296875]
Step 2115 | Action: 0 | Raw Q: [237.2467498779297, 108.38973999023438, 237.162109375, 113.32235717773438] | Boosted Q: [239.2467803955078, 108.38973999023438, 237.162109375, 113.32235717773438]
Step 2139 | Action: 0 | Raw Q: [237.18551635742188, 108.86683654785156, 238.87306213378906, 113.71640014648438] | Boosted Q: [239.185546875, 108.86683654785156, 238.87306213378906, 113.71640014648438]
Step 2174 | Action: 2 | Raw Q: [66.90567779541016, -7.617237091064453, 90.22685241699219, -2.795663833618164] | Boosted Q: [68.60566711425781, -7.617237091064453, 90.22685241699219, -2.795663833618164]
Step 2205 | Action: 2 | Raw Q: [-22.441923141479492, -43.235389709472656, 8.002118110656738, -28.55903434753418] | Boosted Q: [-20.541921615600586, -43.235389709472656, 8.002118110656738, -28.55903434753418]
Step 2237 | Action: 2 | Raw Q: [25.406593322753906, -45.7841796875, 61.43190002441406, -37.35807418823242] | Boosted Q: [28.006593704223633, -45.7841796875, 61.43190002441406, -37.35807418823242]
Step 2270 | Action: 2 | Raw Q: [-28.76318359375, -52.28090286254883, 8.738027572631836, -34.164981842041016] | Boosted Q: [-26.163185119628906, -52.28090286254883, 8.738027572631836, -34.164981842041016]
Step 2303 | Action: 2 | Raw Q: [-17.3583927154541, -58.660152435302734, 20.231395721435547, -41.75917434692383] | Boosted Q: [-15.358392715454102, -58.660152435302734, 20.231395721435547, -41.75917434692383]
Step 2335 | Action: 2 | Raw Q: [-24.781753540039062, -54.385955810546875, 12.852057456970215, -36.795528411865234] | Boosted Q: [-22.681753158569336, -54.385955810546875, 12.852057456970215, -36.795528411865234]
Step 2367 | Action: 2 | Raw Q: [-28.32681655883789, -48.683868408203125, 6.850886344909668, -31.404193878173828] | Boosted Q: [-26.02681541442871, -48.683868408203125, 6.850886344909668, -31.404193878173828]
Step 2400 | Action: 2 | Raw Q: [-28.16948890686035, -54.3393440246582, 10.509525299072266, -35.94838333129883] | Boosted Q: [-25.569486618041992, -54.3393440246582, 10.509525299072266, -35.94838333129883]
Step 2426 | Action: 2 | Raw Q: [7725.47216796875, 5897.59375, 8144.8251953125, 5760.0478515625] | Boosted Q: [7731.771484375, 5897.59375, 8144.8251953125, 5760.0478515625]
Step 2450 | Action: 2 | Raw Q: [175.12649536132812, 3.628758192062378, 198.41612243652344, 12.484875679016113] | Boosted Q: [181.12649536132812, 3.628758192062378, 198.41612243652344, 12.484875679016113]
Step 2474 | Action: 2 | Raw Q: [77.91078186035156, -42.9599723815918, 123.61695098876953, -35.723411560058594] | Boosted Q: [83.81078338623047, -42.9599723815918, 123.61695098876953, -35.723411560058594]
Step 2496 | Action: 2 | Raw Q: [67.64128875732422, -55.51218795776367, 113.72103118896484, -47.66098403930664] | Boosted Q: [73.74128723144531, -55.51218795776367, 113.72103118896484, -47.66098403930664]
Step 2522 | Action: 2 | Raw Q: [203.10882568359375, 24.36461639404297, 217.66319274902344, 34.59803009033203] | Boosted Q: [209.00881958007812, 24.36461639404297, 217.66319274902344, 34.59803009033203]
Step 2546 | Action: 2 | Raw Q: [204.39846801757812, 25.96010398864746, 219.94619750976562, 36.66476821899414] | Boosted Q: [210.2984619140625, 25.96010398864746, 219.94619750976562, 36.66476821899414]
Step 2563 | Action: 0 | Raw Q: [1082.3922119140625, 694.5582885742188, 1084.8170166015625, 662.8353271484375] | Boosted Q: [1088.292236328125, 694.5582885742188, 1084.8170166015625, 662.8353271484375]
Step 2587 | Action: 0 | Raw Q: [1084.9046630859375, 697.8231811523438, 1089.6820068359375, 665.7933349609375] | Boosted Q: [1090.8046875, 697.8231811523438, 1089.6820068359375, 665.7933349609375]
Step 2616 | Action: 2 | Raw Q: [67.73136138916016, -54.99813461303711, 115.24073791503906, -46.97029495239258] | Boosted Q: [73.83135986328125, -54.99813461303711, 115.24073791503906, -46.97029495239258]
Step 2642 | Action: 2 | Raw Q: [77.71123504638672, -42.66135025024414, 124.86646270751953, -35.17293167114258] | Boosted Q: [83.61123657226562, -42.66135025024414, 124.86646270751953, -35.17293167114258]
Step 2666 | Action: 2 | Raw Q: [175.55767822265625, 4.06026554107666, 199.8627471923828, 13.607314109802246] | Boosted Q: [181.55767822265625, 4.06026554107666, 199.8627471923828, 13.607314109802246]
Step 2690 | Action: 2 | Raw Q: [7728.31982421875, 5901.34375, 8150.24755859375, 5764.48095703125] | Boosted Q: [7734.619140625, 5901.34375, 8150.24755859375, 5764.48095703125]
Step 2720 | Action: 2 | Raw Q: [-31.17208480834961, -53.83405685424805, 7.820782661437988, -34.75399398803711] | Boosted Q: [-28.172082901000977, -53.83405685424805, 7.820782661437988, -34.75399398803711]
Step 2753 | Action: 2 | Raw Q: [-27.548463821411133, -47.26141357421875, 6.5644330978393555, -30.480031967163086] | Boosted Q: [-25.048463821411133, -47.26141357421875, 6.5644330978393555, -30.480031967163086]
Step 2787 | Action: 2 | Raw Q: [-29.3004207611084, -54.728363037109375, 9.845939636230469, -35.93581008911133] | Boosted Q: [-26.600419998168945, -54.728363037109375, 9.845939636230469, -35.93581008911133]
Step 2819 | Action: 2 | Raw Q: [-29.510427474975586, -50.85856246948242, 7.252470970153809, -32.81980514526367] | Boosted Q: [-26.91042709350586, -50.85856246948242, 7.252470970153809, -32.81980514526367]
Step 2852 | Action: 2 | Raw Q: [1295.281494140625, 889.8468627929688, 1317.364990234375, 853.8170166015625] | Boosted Q: [1298.5814208984375, 889.8468627929688, 1317.364990234375, 853.8170166015625]
Step 2884 | Action: 2 | Raw Q: [-32.613067626953125, -56.179901123046875, 8.124316215515137, -36.28438186645508] | Boosted Q: [-29.813068389892578, -56.179901123046875, 8.124316215515137, -36.28438186645508]
Step 2902 | Action: 2 | Raw Q: [10050.9404296875, 7729.10791015625, 10646.0283203125, 7571.68798828125] | Boosted Q: [10054.640625, 7729.10791015625, 10646.0283203125, 7571.68798828125]
Step 2926 | Action: 2 | Raw Q: [10053.7890625, 7732.85888671875, 10651.451171875, 7576.12109375] | Boosted Q: [10057.4892578125, 7732.85888671875, 10651.451171875, 7576.12109375]
Step 2933 | Action: 0 | Raw Q: [503.2750549316406, 258.3769836425781, 500.91925048828125, 257.6279602050781] | Boosted Q: [507.0750427246094, 258.3769836425781, 500.91925048828125, 257.6279602050781]
Step 2957 | Action: 0 | Raw Q: [505.5758972167969, 261.4047546386719, 505.50933837890625, 260.3362121582031] | Boosted Q: [509.3758850097656, 261.4047546386719, 505.50933837890625, 260.3362121582031]
Step 3012 | Action: 2 | Raw Q: [-31.38158416748047, -54.83888244628906, 8.221111297607422, -35.587406158447266] | Boosted Q: [-28.781583786010742, -54.83888244628906, 8.221111297607422, -35.587406158447266]
Step 3045 | Action: 2 | Raw Q: [-30.42384910583496, -53.97792434692383, 8.455730438232422, -35.168575286865234] | Boosted Q: [-28.023847579956055, -53.97792434692383, 8.455730438232422, -35.168575286865234]
Step 3078 | Action: 2 | Raw Q: [-31.234647750854492, -55.02773666381836, 8.467855453491211, -35.72704315185547] | Boosted Q: [-28.73464584350586, -55.02773666381836, 8.467855453491211, -35.72704315185547]
Step 3110 | Action: 2 | Raw Q: [-33.951019287109375, -58.943546295166016, 8.760068893432617, -38.23054885864258] | Boosted Q: [-31.151020050048828, -58.943546295166016, 8.760068893432617, -38.23054885864258]
Step 3144 | Action: 2 | Raw Q: [-35.98807907104492, -62.9307975769043, 9.659263610839844, -40.816471099853516] | Boosted Q: [-32.78807830810547, -62.9307975769043, 9.659263610839844, -40.816471099853516]
Step 3177 | Action: 2 | Raw Q: [-33.177425384521484, -57.10420608520508, 8.234237670898438, -36.91401290893555] | Boosted Q: [-30.37742805480957, -57.10420608520508, 8.234237670898438, -36.91401290893555]
Step 3210 | Action: 2 | Raw Q: [-32.538536071777344, -60.1233024597168, 10.59792709350586, -39.52381134033203] | Boosted Q: [-29.738534927368164, -60.1233024597168, 10.59792709350586, -39.52381134033203]
Step 3243 | Action: 2 | Raw Q: [-34.16358184814453, -58.64607620239258, 8.410964012145996, -37.894290924072266] | Boosted Q: [-29.46358299255371, -58.64607620239258, 8.410964012145996, -37.894290924072266]
Step 3276 | Action: 2 | Raw Q: [-34.9580078125, -60.201480865478516, 8.741225242614746, -38.90557861328125] | Boosted Q: [-29.85801124572754, -60.201480865478516, 8.741225242614746, -38.90557861328125]
Step 3310 | Action: 2 | Raw Q: [-34.528446197509766, -59.839561462402344, 8.874303817749023, -38.66411209106445] | Boosted Q: [-29.428447723388672, -59.839561462402344, 8.874303817749023, -38.66411209106445]
Step 3343 | Action: 2 | Raw Q: [2410.5693359375, 1737.4462890625, 2475.066162109375, 1670.79443359375] | Boosted Q: [2416.669189453125, 1737.4462890625, 2475.066162109375, 1670.79443359375]
Step 3382 | Action: 2 | Raw Q: [-15.807384490966797, -27.724536895751953, 3.671834707260132, -17.745885848999023] | Boosted Q: [-14.607382774353027, -27.724536895751953, 3.671834707260132, -17.745885848999023]
Step 3408 | Action: 2 | Raw Q: [-16.26534652709961, -33.04728317260742, 6.603084087371826, -21.999662399291992] | Boosted Q: [-14.96534538269043, -33.04728317260742, 6.603084087371826, -21.999662399291992]
Step 3433 | Action: 2 | Raw Q: [-18.305187225341797, -32.5379638671875, 4.670264720916748, -21.00449562072754] | Boosted Q: [-17.005184173583984, -32.5379638671875, 4.670264720916748, -21.00449562072754]
Step 3462 | Action: 2 | Raw Q: [-20.695411682128906, -38.3278923034668, 6.428431987762451, -25.031635284423828] | Boosted Q: [-18.79541015625, -38.3278923034668, 6.428431987762451, -25.031635284423828]
Step 3493 | Action: 2 | Raw Q: [28.560684204101562, -37.849971771240234, 57.1777458190918, -32.41164779663086] | Boosted Q: [30.760684967041016, -37.849971771240234, 57.1777458190918, -32.41164779663086]
Step 3520 | Action: 2 | Raw Q: [-19.686330795288086, -38.9324836730957, 7.568671226501465, -25.776159286499023] | Boosted Q: [-17.686330795288086, -38.9324836730957, 7.568671226501465, -25.776159286499023]
Step 3553 | Action: 2 | Raw Q: [-21.88576316833496, -39.74287414550781, 6.350053310394287, -25.843935012817383] | Boosted Q: [-19.785762786865234, -39.74287414550781, 6.350053310394287, -25.843935012817383]
Step 3586 | Action: 2 | Raw Q: [-22.68012809753418, -38.93003463745117, 5.2164106369018555, -25.05478858947754] | Boosted Q: [-20.680126190185547, -38.93003463745117, 5.2164106369018555, -25.05478858947754]
Step 3619 | Action: 2 | Raw Q: [-22.471193313598633, -40.6775016784668, 6.454850196838379, -26.526315689086914] | Boosted Q: [-20.371192932128906, -40.6775016784668, 6.454850196838379, -26.526315689086914]
Step 3650 | Action: 2 | Raw Q: [-19.75904083251953, -37.39832305908203, 6.5805344581604, -24.544395446777344] | Boosted Q: [-18.359041213989258, -37.39832305908203, 6.5805344581604, -24.544395446777344]
Step 3672 | Action: 2 | Raw Q: [-5.687241554260254, -34.54648971557617, 14.716617584228516, -25.504961013793945] | Boosted Q: [-4.587242126464844, -34.54648971557617, 14.716617584228516, -25.504961013793945]
Step 3697 | Action: 1 (exploration)
Step 3717 | Action: 1 (exploration)
Step 3737 | Action: 2 (exploration)
Step 3761 | Action: 2 (exploration)
Step 3781 | Action: 3 (exploration)
Step 3805 | Action: 3 (exploration)
Step 3815 | Action: 0 (exploration)
Step 3829 | Action: 2 (exploration)
Step 3843 | Action: 0 (exploration)
Step 3857 | Action: 2 (exploration)
Step 3871 | Action: 0 (exploration)
Step 3885 | Action: 2 (exploration)
Step 3899 | Action: 1 (exploration)
Step 3913 | Action: 2 (exploration)
Step 3927 | Action: 0 (exploration)
Step 3941 | Action: 1 (exploration)
Step 3955 | Action: 3 (exploration)
Step 3969 | Action: 2 (exploration)
Step 3983 | Action: 3 (exploration)
Step 3997 | Action: 2 | Raw Q: [-2.5701732635498047, -3.381547451019287, -0.06387478113174438, -1.6976215839385986] | Boosted Q: [-2.5701732635498047, -3.381547451019287, -0.06387478113174438, -1.6976215839385986]
Step 4011 | Action: 2 (exploration)
Step 4021 | Action: 1 (exploration)
Step 4035 | Action: 0 (exploration)
Step 4049 | Action: 3 (exploration)
Step 4063 | Action: 3 (exploration)
Step 4073 | Action: 1 (exploration)
Step 4087 | Action: 2 (exploration)
Step 4101 | Action: 1 (exploration)
Step 4116 | Action: 2 (exploration)
Step 4130 | Action: 3 (exploration)
Step 4145 | Action: 2 (exploration)
Step 4159 | Action: 2 (exploration)
Step 4169 | Action: 2 (exploration)
Step 4179 | Action: 0 (exploration)
Step 4193 | Action: 0 (exploration)
Step 4203 | Action: 0 (exploration)
Step 4213 | Action: 1 (exploration)
Step 4227 | Action: 2 (exploration)
Step 4241 | Action: 3 (exploration)
Step 4256 | Action: 0 (exploration)
Step 4270 | Action: 3 (exploration)
Step 4284 | Action: 2 (exploration)
Step 4298 | Action: 3 (exploration)
Step 4312 | Action: 0 (exploration)
Step 4326 | Action: 1 (exploration)
Step 4340 | Action: 3 (exploration)
Step 4354 | Action: 2 | Raw Q: [-2.5701732635498047, -3.381547451019287, -0.06387478113174438, -1.6976215839385986] | Boosted Q: [-2.5701732635498047, -3.381547451019287, -0.06387478113174438, -1.6976215839385986]
Step 4368 | Action: 2 (exploration)
Step 4378 | Action: 2 (exploration)
Step 4388 | Action: 3 (exploration)
Step 4402 | Action: 1 (exploration)
Step 4416 | Action: 1 (exploration)
Step 4426 | Action: 0 (exploration)
Step 4440 | Action: 3 (exploration)
Step 4454 | Action: 3 (exploration)
Step 4464 | Action: 2 (exploration)
Step 4478 | Action: 1 (exploration)
Step 4492 | Action: 1 (exploration)
Step 4502 | Action: 2 (exploration)
Step 4516 | Action: 3 (exploration)
Step 4530 | Action: 0 (exploration)
Step 4544 | Action: 1 (exploration)
Step 4558 | Action: 0 (exploration)
Step 4572 | Action: 0 (exploration)
Step 4582 | Action: 0 (exploration)
Step 4592 | Action: 1 (exploration)
Step 4616 | Action: 3 (exploration)
Step 4630 | Action: 0 (exploration)
Step 4644 | Action: 3 (exploration)
Step 4658 | Action: 2 (exploration)
Step 4672 | Action: 1 (exploration)
Step 4686 | Action: 3 | Raw Q: [-1.2430272102355957, -2.1753041744232178, -0.7477162480354309, -0.6424633264541626] | Boosted Q: [-1.2430272102355957, -2.1753041744232178, -0.7477162480354309, -0.6424633264541626]
Step 4700 | Action: 3 (exploration)
Step 4710 | Action: 0 (exploration)
Step 4724 | Action: 2 (exploration)
Step 4738 | Action: 3 (exploration)
Step 4752 | Action: 1 (exploration)
Step 4766 | Action: 1 (exploration)
Step 4776 | Action: 1 (exploration)
Step 4786 | Action: 1 (exploration)
Step 4796 | Action: 3 (exploration)
Step 4810 | Action: 1 (exploration)
Step 4824 | Action: 2 (exploration)
Step 4838 | Action: 1 (exploration)
Step 4852 | Action: 3 | Raw Q: [-1.2430272102355957, -2.1753041744232178, -0.7477162480354309, -0.6424633264541626] | Boosted Q: [-1.2430272102355957, -2.1753041744232178, -0.7477162480354309, -0.6424633264541626]
Step 4866 | Action: 0 (exploration)
Step 4880 | Action: 1 (exploration)
Step 4894 | Action: 1 (exploration)
Step 4904 | Action: 2 (exploration)
Step 4918 | Action: 3 (exploration)
Step 4932 | Action: 1 (exploration)
Step 4946 | Action: 2 (exploration)
Step 4960 | Action: 1 (exploration)
Step 4974 | Action: 2 (exploration)
Step 4988 | Action: 2 (exploration)
Step 4998 | Action: 3 (exploration)
Step 5012 | Action: 0 (exploration)
Step 5026 | Action: 2 (exploration)
Step 5040 | Action: 3 (exploration)
Step 5054 | Action: 3 (exploration)
Step 5064 | Action: 3 (exploration)
Step 5074 | Action: 2 (exploration)
Step 5088 | Action: 1 (exploration)
Step 5102 | Action: 3 (exploration)
Step 5116 | Action: 2 (exploration)
Step 5130 | Action: 0 (exploration)
Step 5144 | Action: 2 | Raw Q: [-2.5701732635498047, -3.381547451019287, -0.06387478113174438, -1.6976215839385986] | Boosted Q: [-2.5701732635498047, -3.381547451019287, -0.06387478113174438, -1.6976215839385986]
Step 5158 | Action: 3 (exploration)
Step 5172 | Action: 0 (exploration)
Step 5186 | Action: 1 (exploration)
Step 5200 | Action: 2 (exploration)
Step 5214 | Action: 0 (exploration)
Step 5228 | Action: 1 (exploration)
Step 5242 | Action: 1 (exploration)
Step 5252 | Action: 2 (exploration)
Step 5266 | Action: 0 (exploration)
Step 5280 | Action: 2 (exploration)
Step 5294 | Action: 0 (exploration)
Step 5308 | Action: 1 (exploration)
Step 5322 | Action: 3 | Raw Q: [-1.2430272102355957, -2.1753041744232178, -0.7477162480354309, -0.6424633264541626] | Boosted Q: [-1.2430272102355957, -2.1753041744232178, -0.7477162480354309, -0.6424633264541626]
Step 5336 | Action: 1 (exploration)
Step 5350 | Action: 0 (exploration)
Step 5364 | Action: 2 | Raw Q: [-2.5701732635498047, -3.381547451019287, -0.06387478113174438, -1.6976215839385986] | Boosted Q: [-2.5701732635498047, -3.381547451019287, -0.06387478113174438, -1.6976215839385986]
Step 5378 | Action: 0 (exploration)
Step 5392 | Action: 3 (exploration)

Queue-Based Interrupt Log:
