[Step 0] Action: 0
[Step 10] Action: 1
[Step 24] Action: 0
[Step 38] Action: 2
[Step 52] Action: 2
[Step 62] Action: 3
[Step 76] Action: 1
[Step 90] Action: 0
[Step 104] Action: 1
[Step 118] Action: 1
[Step 128] Action: 2
[Step 142] Action: 1
[Step 156] Action: 2
[Step 170] Action: 2
[Step 180] Action: 3
[Step 194] Action: 0
[Step 208] Action: 2
[Step 222] Action: 3
[Step 236] Action: 2
[Step 250] Action: 1
[Step 264] Action: 1
[Step 274] Action: 3
[Step 288] Action: 0
[Step 302] Action: 2
[Step 316] Action: 2
[Step 326] Action: 2
[Step 336] Action: 1
[Step 350] Action: 1
[Step 360] Action: 2
[Step 374] Action: 0
[Step 388] Action: 2
[Step 402] Action: 2
[Step 412] Action: 0
[Step 426] Action: 1
[Step 440] Action: 2
[Step 454] Action: 1
[Step 468] Action: 2
[Step 482] Action: 2
[Step 492] Action: 2
[Step 502] Action: 2
[Step 512] Action: 3
[Step 526] Action: 3
[Step 536] Action: 2
[Step 550] Action: 1
[Step 564] Action: 0
[Step 578] Action: 0
[Step 588] Action: 3
[Step 602] Action: 1
[Step 616] Action: 2
[Step 630] Action: 2
[Step 640] Action: 2
[Step 650] Action: 3
[Step 664] Action: 2
[Step 678] Action: 1
[Step 692] Action: 1
[Step 702] Action: 2
[Step 716] Action: 0
[Step 730] Action: 2
[Step 744] Action: 3
[Step 758] Action: 2
[Step 772] Action: 2
[Step 782] Action: 2
[Step 792] Action: 0
[Step 806] Action: 3
[Step 820] Action: 3
[Step 830] Action: 3
[Step 840] Action: 2
[Step 854] Action: 1
[Step 868] Action: 2
[Step 882] Action: 2
[Step 892] Action: 2
[Step 902] Action: 0
[Step 916] Action: 1
[Step 930] Action: 0
[Step 944] Action: 2
[Step 958] Action: 1
[Step 972] Action: 3
[Step 986] Action: 3
[Step 996] Action: 2
[Step 1010] Action: 1
[Step 1024] Action: 0
[Step 1038] Action: 0
[Step 1048] Action: 2
[Step 1062] Action: 2
[Step 1072] Action: 2
[Step 1082] Action: 0
[Step 1096] Action: 2
[Step 1110] Action: 2
[Step 1120] Action: 2
[Step 1130] Action: 0
[Step 1144] Action: 0
[Step 1154] Action: 1
[Step 1168] Action: 0
[Step 1182] Action: 0
[Step 1192] Action: 0
[Step 1202] Action: 0
[Step 1212] Action: 3
[Step 1226] Action: 0
[Step 1240] Action: 3
[Step 1254] Action: 0
[Step 1268] Action: 2
[Step 1282] Action: 2
[Step 1292] Action: 2
[Step 1302] Action: 2
[Step 1312] Action: 2
[Step 1322] Action: 2
[Step 1332] Action: 0
[Step 1346] Action: 2
[Step 1360] Action: 3
[Step 1374] Action: 2
[Step 1388] Action: 1
[Step 1402] Action: 0
[Step 1416] Action: 2
[Step 1430] Action: 0
[Step 1444] Action: 1
[Step 1458] Action: 1
[Step 1468] Action: 1
[Step 1478] Action: 3
[Step 1492] Action: 3
[Step 1502] Action: 3
[Step 1512] Action: 2
[Step 1526] Action: 2
[Step 1536] Action: 2
[Step 1546] Action: 1
[Step 1560] Action: 1
[Step 1570] Action: 2
[Step 1584] Action: 3
[Step 1598] Action: 2
[Step 1612] Action: 0
[Step 1626] Action: 1
[Step 1640] Action: 0
[Step 1654] Action: 2
[Step 1668] Action: 2
[Step 1678] Action: 3
[Step 1692] Action: 2
[Step 1706] Action: 2
[Step 1716] Action: 1
[Step 1730] Action: 0
[Step 1744] Action: 2
[Step 1758] Action: 2
[Step 1768] Action: 3
[Step 1782] Action: 1
[Step 1796] Action: 3
[Step 1810] Action: 3
[Step 1820] Action: 2
[Step 1834] Action: 0
[Step 1848] Action: 3
[Step 1862] Action: 0
[Step 1876] Action: 2
[Step 1890] Action: 0
[Step 1904] Action: 1
[Step 1918] Action: 0
[Step 1932] Action: 3
[Step 1946] Action: 0
[Step 1960] Action: 3
[Step 1974] Action: 1
[Step 1988] Action: 0
[Step 2002] Action: 1
[Step 2016] Action: 0
[Step 2030] Action: 1
[Step 2044] Action: 2
[Step 2058] Action: 2
[Step 2068] Action: 3
[Step 2082] Action: 3
[Step 2092] Action: 3
[Step 2102] Action: 0
[Step 2116] Action: 2
[Step 2130] Action: 2
[Step 2140] Action: 1
[Step 2154] Action: 0
[Step 2168] Action: 3
[Step 2182] Action: 2
[Step 2196] Action: 1
[Step 2210] Action: 2
[Step 2224] Action: 2
[Step 2234] Action: 0
[Step 2248] Action: 1
[Step 2262] Action: 2
[Step 2276] Action: 3
[Step 2290] Action: 2
[Step 2304] Action: 0
[Step 2318] Action: 1
[Step 2332] Action: 3
[Step 2346] Action: 2
[Step 2360] Action: 2
[Step 2370] Action: 0
[Step 2384] Action: 1
[Step 2398] Action: 2
[Step 2412] Action: 2
[Step 2422] Action: 2
[Step 2432] Action: 0
[Step 2446] Action: 2
[Step 2460] Action: 3
[Step 2474] Action: 3
[Step 2484] Action: 0
[Step 2498] Action: 2
[Step 2512] Action: 1
[Step 2526] Action: 0
[Step 2540] Action: 3
[Step 2554] Action: 2
[Step 2568] Action: 1
[Step 2582] Action: 2
[Step 2596] Action: 3
[Step 2610] Action: 0
[Step 2624] Action: 2
[Step 2638] Action: 1
[Step 2652] Action: 1
[Step 2662] Action: 3
[Step 2676] Action: 0
[Step 2690] Action: 1
[Step 2704] Action: 2
[Step 2718] Action: 0
[Step 2732] Action: 0
[Step 2742] Action: 2
[Step 2756] Action: 3
[Step 2770] Action: 2
[Step 2784] Action: 3
[Step 2798] Action: 2
[Step 2812] Action: 1
[Step 2826] Action: 2
[Step 2840] Action: 3
[Step 2854] Action: 1
[Step 2868] Action: 2
[Step 2882] Action: 2
[Step 2892] Action: 3
[Step 2906] Action: 0
[Step 2920] Action: 1
[Step 2934] Action: 3
[Step 2948] Action: 0
[Step 2962] Action: 3
[Step 2976] Action: 3
[Step 2986] Action: 2
[Step 3000] Action: 3
[Step 3014] Action: 0
[Step 3028] Action: 3
[Step 3042] Action: 2
[Step 3056] Action: 2
[Step 3066] Action: 2
[Step 3076] Action: 2
[Step 3086] Action: 2
[Step 3096] Action: 2
[Step 3106] Action: 3
[Step 3120] Action: 3
[Step 3130] Action: 1
[Step 3144] Action: 1
[Step 3154] Action: 3
[Step 3168] Action: 3
[Step 3178] Action: 0
[Step 3192] Action: 1
[Step 3206] Action: 0
[Step 3220] Action: 2
[Step 3234] Action: 2
[Step 3244] Action: 3
[Step 3258] Action: 0
[Step 3272] Action: 1
[Step 3286] Action: 1
[Step 3296] Action: 3
[Step 3310] Action: 1
[Step 3324] Action: 0
[Step 3338] Action: 2
[Step 3352] Action: 3
[Step 3366] Action: 2
[Step 3380] Action: 2
[Step 3390] Action: 2
[Step 3400] Action: 2
[Step 3410] Action: 2
[Step 3420] Action: 3
[Step 3434] Action: 3
[Step 3444] Action: 2
[Step 3458] Action: 2
[Step 3468] Action: 2
[Step 3478] Action: 3
[Step 3492] Action: 3
[Step 3502] Action: 2
[Step 3516] Action: 2
[Step 3526] Action: 2
[Step 3536] Action: 1
[Step 3550] Action: 3
[Step 3564] Action: 0
[Step 3578] Action: 1
[Step 3592] Action: 0
[Step 3606] Action: 2
[Step 3620] Action: 1
[Step 3634] Action: 2
[Step 3648] Action: 1
[Step 3662] Action: 2
[Step 3676] Action: 1
[Step 3690] Action: 2
[Step 3704] Action: 3
[Step 3718] Action: 0
[Step 3732] Action: 1
[Step 3746] Action: 3
[Step 3760] Action: 0
[Step 3774] Action: 0
[Step 3784] Action: 0
[Step 3794] Action: 3
[Step 3808] Action: 0
[Step 3822] Action: 0
[Step 3832] Action: 1
[Step 3846] Action: 3
[Step 3860] Action: 0
[Step 3874] Action: 1
[Step 3888] Action: 2
[Step 3902] Action: 2
[Step 3912] Action: 3
[Step 3926] Action: 2
[Step 3940] Action: 2
[Step 3950] Action: 3
[Step 3964] Action: 0
[Step 3978] Action: 2
[Step 3992] Action: 2
[Step 4002] Action: 3
[Step 4016] Action: 2
[Step 4030] Action: 0
[Step 4044] Action: 2
[Step 4058] Action: 2
[Step 4068] Action: 3
[Step 4082] Action: 0
[Step 4096] Action: 0
[Step 4106] Action: 2
[Step 4120] Action: 2
[Step 4130] Action: 2
[Step 4140] Action: 2
[Step 4150] Action: 1
[Step 4164] Action: 1
[Step 4174] Action: 1
[Step 4184] Action: 0
[Step 4198] Action: 1
[Step 4212] Action: 0
[Step 4226] Action: 3
[Step 4240] Action: 0
[Step 4254] Action: 3
[Step 4268] Action: 1
[Step 4282] Action: 2
[Step 4296] Action: 3
[Step 4310] Action: 3
[Step 4320] Action: 0
[Step 4334] Action: 0
[Step 4344] Action: 0
[Step 4354] Action: 2
[Step 4368] Action: 1
[Step 4382] Action: 0
[Step 4396] Action: 0
[Step 4406] Action: 2
[Step 4420] Action: 0
[Step 4434] Action: 2
[Step 4448] Action: 2
[Step 4458] Action: 2
[Step 4468] Action: 2
[Step 4478] Action: 2
[Step 4488] Action: 2
[Step 4498] Action: 3
[Step 4512] Action: 0
[Step 4526] Action: 1
[Step 4540] Action: 3
[Step 4554] Action: 0
[Step 4568] Action: 0
[Step 4578] Action: 2
[Step 4592] Action: 0
[Step 4606] Action: 2
[Step 4620] Action: 1
[Step 4634] Action: 0
[Step 4648] Action: 2
[Step 4662] Action: 3
[Step 4676] Action: 0
[Step 4690] Action: 2
[Step 4704] Action: 1
[Step 4718] Action: 0
[Step 4732] Action: 2
[Step 4746] Action: 1
[Step 4760] Action: 0
[Step 4774] Action: 0
[Step 4784] Action: 3
[Step 4798] Action: 2
[Step 4812] Action: 2
[Step 4822] Action: 0
[Step 4836] Action: 1
[Step 4850] Action: 3
[Step 4864] Action: 2
[Step 4878] Action: 2
[Step 4888] Action: 1
[Step 4902] Action: 0
[Step 4916] Action: 2
[Step 4930] Action: 3
[Step 4944] Action: 3
[Step 4954] Action: 3
[Step 4964] Action: 2
[Step 4978] Action: 3
[Step 4992] Action: 3
[Step 5002] Action: 0
[Step 5016] Action: 0
[Step 5026] Action: 2
[Step 5040] Action: 2
[Step 5050] Action: 2
[Step 5060] Action: 2
[Step 5070] Action: 1
[Step 5084] Action: 2
[Step 5098] Action: 3
[Step 5112] Action: 0
[Step 5126] Action: 3
[Step 5140] Action: 2
[Step 5154] Action: 2
[Step 5164] Action: 1
[Step 5178] Action: 2
[Step 5192] Action: 0
[Step 5206] Action: 0
[Step 5216] Action: 1
[Step 5230] Action: 1
[Step 5240] Action: 3
[Step 5254] Action: 0
[Step 5268] Action: 0
[Step 5278] Action: 0
[Step 5288] Action: 2
[Step 5302] Action: 3
[Step 5316] Action: 0
[Step 5330] Action: 2
[Step 5344] Action: 3
[Step 5358] Action: 3
[Step 5368] Action: 3
[Step 5378] Action: 2
[Step 5392] Action: 2
