[Step 0] Action: 1
[Step 10] Action: 1
[Step 20] Action: 3
[Step 34] Action: 3
[Step 44] Action: 1
[Step 58] Action: 0
[Step 72] Action: 1
[Step 86] Action: 2
[Step 100] Action: 0
[Step 114] Action: 3
[Step 128] Action: 3
[Step 138] Action: 1
[Step 152] Action: 0
[Step 166] Action: 0
[Step 176] Action: 2
[Step 190] Action: 3
[Step 204] Action: 3
[Step 214] Action: 1
[Step 228] Action: 3
[Step 242] Action: 0
[Step 256] Action: 3
[Step 270] Action: 1
[Step 284] Action: 2
[Step 298] Action: 3
[Step 312] Action: 1
[Step 326] Action: 2
[Step 340] Action: 2
[Step 350] Action: 2
[Step 360] Action: 1
[Step 374] Action: 3
[Step 388] Action: 0
[Step 402] Action: 2
[Step 416] Action: 2
[Step 426] Action: 2
[Step 436] Action: 1
[Step 450] Action: 0
[Step 464] Action: 0
[Step 474] Action: 1
[Step 488] Action: 1
[Step 498] Action: 0
[Step 512] Action: 2
[Step 526] Action: 1
[Step 540] Action: 2
[Step 554] Action: 3
[Step 568] Action: 1
[Step 582] Action: 1
[Step 592] Action: 3
[Step 606] Action: 1
[Step 620] Action: 3
[Step 634] Action: 3
[Step 644] Action: 0
[Step 658] Action: 3
[Step 672] Action: 0
[Step 686] Action: 1
[Step 700] Action: 2
[Step 714] Action: 2
[Step 724] Action: 1
[Step 738] Action: 2
[Step 752] Action: 0
[Step 766] Action: 1
[Step 780] Action: 0
[Step 794] Action: 0
[Step 804] Action: 0
[Step 814] Action: 0
[Step 824] Action: 1
[Step 838] Action: 1
[Step 848] Action: 2
[Step 862] Action: 0
[Step 876] Action: 1
[Step 890] Action: 2
[Step 904] Action: 1
[Step 918] Action: 0
[Step 932] Action: 2
[Step 946] Action: 1
[Step 960] Action: 0
[Step 974] Action: 1
[Step 988] Action: 3
[Step 1002] Action: 0
[Step 1016] Action: 2
[Step 1030] Action: 0
[Step 1044] Action: 0
[Step 1054] Action: 2
[Step 1068] Action: 2
[Step 1078] Action: 0
[Step 1092] Action: 1
[Step 1106] Action: 2
[Step 1120] Action: 0
[Step 1134] Action: 1
[Step 1148] Action: 2
[Step 1162] Action: 0
[Step 1176] Action: 2
[Step 1190] Action: 0
[Step 1204] Action: 2
[Step 1218] Action: 3
[Step 1232] Action: 3
[Step 1242] Action: 1
[Step 1256] Action: 0
[Step 1270] Action: 0
[Step 1280] Action: 0
[Step 1290] Action: 0
[Step 1300] Action: 1
[Step 1314] Action: 3
[Step 1328] Action: 1
[Step 1342] Action: 1
[Step 1352] Action: 1
[Step 1362] Action: 3
[Step 1376] Action: 1
[Step 1390] Action: 1
[Step 1400] Action: 2
[Step 1414] Action: 1
[Step 1428] Action: 0
[Step 1442] Action: 0
[Step 1452] Action: 0
[Step 1462] Action: 0
[Step 1472] Action: 2
[Step 1486] Action: 3
[Step 1500] Action: 2
[Step 1514] Action: 3
[Step 1528] Action: 0
[Step 1542] Action: 3
[Step 1556] Action: 2
[Step 1570] Action: 1
[Step 1584] Action: 3
[Step 1598] Action: 2
[Step 1612] Action: 2
[Step 1622] Action: 3
[Step 1636] Action: 3
[Step 1646] Action: 0
[Step 1660] Action: 0
[Step 1670] Action: 1
[Step 1684] Action: 0
[Step 1698] Action: 2
[Step 1712] Action: 3
[Step 1726] Action: 3
[Step 1736] Action: 0
[Step 1750] Action: 1
[Step 1764] Action: 3
[Step 1778] Action: 1
[Step 1792] Action: 1
[Step 1802] Action: 0
[Step 1816] Action: 3
[Step 1830] Action: 0
[Step 1844] Action: 1
[Step 1858] Action: 3
[Step 1872] Action: 1
[Step 1886] Action: 0
[Step 1900] Action: 2
[Step 1914] Action: 3
[Step 1928] Action: 2
[Step 1942] Action: 3
[Step 1956] Action: 3
[Step 1966] Action: 1
[Step 1980] Action: 2
[Step 1994] Action: 0
[Step 2008] Action: 1
[Step 2022] Action: 2
[Step 2036] Action: 3
[Step 2050] Action: 1
[Step 2064] Action: 0
[Step 2078] Action: 3
[Step 2092] Action: 2
[Step 2106] Action: 1
[Step 2120] Action: 1
[Step 2130] Action: 0
[Step 2144] Action: 1
[Step 2158] Action: 0
[Step 2172] Action: 3
[Step 2186] Action: 0
[Step 2200] Action: 1
[Step 2214] Action: 1
[Step 2224] Action: 0
[Step 2238] Action: 0
[Step 2248] Action: 1
[Step 2262] Action: 3
[Step 2276] Action: 1
[Step 2290] Action: 0
[Step 2304] Action: 2
[Step 2318] Action: 3
[Step 2332] Action: 2
[Step 2346] Action: 2
[Step 2356] Action: 3
[Step 2370] Action: 2
[Step 2384] Action: 1
[Step 2398] Action: 1
[Step 2408] Action: 1
[Step 2418] Action: 1
[Step 2428] Action: 0
[Step 2442] Action: 3
[Step 2456] Action: 1
[Step 2470] Action: 3
[Step 2484] Action: 1
[Step 2498] Action: 2
[Step 2512] Action: 3
[Step 2526] Action: 2
[Step 2540] Action: 2
[Step 2550] Action: 1
[Step 2564] Action: 1
[Step 2574] Action: 1
[Step 2584] Action: 2
[Step 2598] Action: 2
[Step 2608] Action: 1
[Step 2622] Action: 1
[Step 2632] Action: 3
[Step 2646] Action: 3
[Step 2656] Action: 3
[Step 2666] Action: 3
[Step 2676] Action: 3
[Step 2686] Action: 0
[Step 2700] Action: 2
[Step 2714] Action: 3
[Step 2728] Action: 0
[Step 2742] Action: 1
[Step 2756] Action: 3
[Step 2770] Action: 3
[Step 2780] Action: 0
[Step 2794] Action: 2
[Step 2808] Action: 1
[Step 2822] Action: 1
[Step 2832] Action: 2
[Step 2846] Action: 0
[Step 2860] Action: 3
[Step 2874] Action: 3
[Step 2884] Action: 3
[Step 2894] Action: 3
[Step 2904] Action: 2
[Step 2918] Action: 3
[Step 2932] Action: 0
[Step 2946] Action: 0
[Step 2956] Action: 3
[Step 2970] Action: 1
[Step 2984] Action: 1
[Step 2994] Action: 1
[Step 3004] Action: 1
[Step 3014] Action: 3
[Step 3028] Action: 1
[Step 3042] Action: 3
[Step 3056] Action: 2
[Step 3070] Action: 2
[Step 3080] Action: 0
[Step 3094] Action: 3
[Step 3108] Action: 2
[Step 3122] Action: 2
[Step 3132] Action: 0
[Step 3146] Action: 0
[Step 3156] Action: 3
[Step 3170] Action: 0
[Step 3184] Action: 2
[Step 3198] Action: 2
[Step 3208] Action: 1
[Step 3222] Action: 0
[Step 3236] Action: 3
[Step 3250] Action: 2
[Step 3264] Action: 1
[Step 3278] Action: 3
[Step 3292] Action: 2
[Step 3306] Action: 2
[Step 3316] Action: 3
[Step 3330] Action: 2
[Step 3344] Action: 2
[Step 3354] Action: 1
[Step 3368] Action: 0
[Step 3382] Action: 1
[Step 3396] Action: 2
[Step 3410] Action: 1
[Step 3424] Action: 0
[Step 3438] Action: 0
[Step 3448] Action: 1
[Step 3462] Action: 1
[Step 3472] Action: 0
[Step 3486] Action: 3
[Step 3500] Action: 1
[Step 3514] Action: 1
[Step 3524] Action: 0
[Step 3538] Action: 1
[Step 3552] Action: 2
[Step 3566] Action: 2
[Step 3576] Action: 1
[Step 3590] Action: 1
[Step 3600] Action: 0
[Step 3614] Action: 2
[Step 3628] Action: 2
[Step 3638] Action: 3
[Step 3652] Action: 3
[Step 3662] Action: 3
[Step 3672] Action: 1
[Step 3686] Action: 1
[Step 3696] Action: 0
[Step 3710] Action: 2
[Step 3724] Action: 3
[Step 3738] Action: 0
[Step 3752] Action: 1
[Step 3766] Action: 0
[Step 3780] Action: 0
[Step 3790] Action: 2
[Step 3804] Action: 1
[Step 3818] Action: 1
[Step 3828] Action: 1
[Step 3838] Action: 0
[Step 3852] Action: 1
[Step 3866] Action: 1
[Step 3876] Action: 1
[Step 3886] Action: 1
[Step 3896] Action: 3
[Step 3910] Action: 3
[Step 3920] Action: 1
[Step 3934] Action: 1
[Step 3944] Action: 2
[Step 3958] Action: 0
[Step 3972] Action: 1
[Step 3986] Action: 2
[Step 4000] Action: 0
[Step 4014] Action: 0
[Step 4024] Action: 1
[Step 4038] Action: 1
[Step 4048] Action: 2
[Step 4062] Action: 0
[Step 4076] Action: 1
[Step 4090] Action: 0
[Step 4104] Action: 1
[Step 4118] Action: 1
[Step 4128] Action: 3
[Step 4142] Action: 3
[Step 4152] Action: 0
[Step 4166] Action: 0
[Step 4176] Action: 2
[Step 4190] Action: 0
[Step 4204] Action: 0
[Step 4214] Action: 3
[Step 4228] Action: 0
[Step 4242] Action: 1
[Step 4256] Action: 2
[Step 4270] Action: 1
[Step 4284] Action: 1
[Step 4294] Action: 1
[Step 4304] Action: 0
[Step 4318] Action: 0
[Step 4328] Action: 3
[Step 4342] Action: 0
[Step 4356] Action: 1
[Step 4370] Action: 3
[Step 4384] Action: 3
[Step 4394] Action: 1
[Step 4408] Action: 3
[Step 4422] Action: 0
[Step 4436] Action: 1
[Step 4450] Action: 0
[Step 4464] Action: 0
[Step 4474] Action: 3
[Step 4488] Action: 1
[Step 4502] Action: 1
[Step 4512] Action: 1
[Step 4522] Action: 1
[Step 4532] Action: 3
[Step 4546] Action: 3
[Step 4556] Action: 3
[Step 4566] Action: 2
[Step 4580] Action: 3
[Step 4594] Action: 1
[Step 4608] Action: 0
[Step 4622] Action: 0
[Step 4632] Action: 0
[Step 4642] Action: 1
[Step 4656] Action: 2
[Step 4670] Action: 1
[Step 4684] Action: 2
[Step 4698] Action: 1
[Step 4712] Action: 2
[Step 4726] Action: 0
[Step 4740] Action: 0
[Step 4750] Action: 2
[Step 4764] Action: 1
[Step 4778] Action: 1
[Step 4788] Action: 0
[Step 4802] Action: 2
[Step 4816] Action: 2
[Step 4826] Action: 2
[Step 4836] Action: 2
[Step 4846] Action: 3
[Step 4860] Action: 2
[Step 4874] Action: 2
[Step 4884] Action: 1
[Step 4898] Action: 0
[Step 4912] Action: 2
[Step 4926] Action: 2
[Step 4936] Action: 2
[Step 4946] Action: 3
[Step 4960] Action: 1
[Step 4974] Action: 0
[Step 4988] Action: 0
[Step 4998] Action: 0
[Step 5008] Action: 0
[Step 5018] Action: 3
[Step 5032] Action: 3
[Step 5042] Action: 2
[Step 5056] Action: 2
[Step 5066] Action: 3
[Step 5080] Action: 2
[Step 5094] Action: 3
[Step 5108] Action: 0
[Step 5122] Action: 2
[Step 5136] Action: 0
[Step 5150] Action: 3
[Step 5164] Action: 2
[Step 5178] Action: 2
[Step 5188] Action: 0
[Step 5202] Action: 2
[Step 5216] Action: 1
[Step 5230] Action: 3
[Step 5244] Action: 0
[Step 5258] Action: 3
[Step 5272] Action: 3
[Step 5282] Action: 2
[Step 5296] Action: 2
[Step 5306] Action: 2
[Step 5316] Action: 3
[Step 5330] Action: 1
[Step 5344] Action: 1
[Step 5354] Action: 0
[Step 5368] Action: 1
[Step 5382] Action: 2
[Step 5396] Action: 2
