[Step 0] Action: 0
[Step 10] Action: 0
[Step 20] Action: 0
[Step 30] Action: 0
[Step 40] Action: 0
[Step 50] Action: 0
[Step 60] Action: 0
[Step 70] Action: 0
[Step 80] Action: 3
[Step 94] Action: 0
[Step 108] Action: 0
[Step 118] Action: 3
[Step 132] Action: 3
[Step 142] Action: 0
[Step 156] Action: 0
[Step 166] Action: 0
[Step 176] Action: 1
[Step 190] Action: 1
[Step 200] Action: 0
[Step 214] Action: 1
[Step 228] Action: 0
[Step 242] Action: 1
[Step 256] Action: 0
[Step 270] Action: 0
[Step 280] Action: 1
[Step 294] Action: 0
[Step 308] Action: 0
[Step 318] Action: 3
[Step 332] Action: 0
[Step 346] Action: 0
[Step 356] Action: 0
[Step 366] Action: 0
[Step 376] Action: 1
[Step 390] Action: 3
[Step 404] Action: 0
[Step 418] Action: 3
[Step 432] Action: 0
[Step 446] Action: 0
[Step 456] Action: 0
[Step 466] Action: 0
[Step 476] Action: 0
[Step 486] Action: 0
[Step 496] Action: 3
[Step 510] Action: 0
[Step 524] Action: 2
[Step 538] Action: 0
[Step 552] Action: 0
[Step 562] Action: 0
[Step 572] Action: 0
[Step 582] Action: 0
[Step 592] Action: 0
[Step 602] Action: 3
[Step 616] Action: 1
[Step 630] Action: 0
[Step 644] Action: 0
[Step 654] Action: 3
[Step 668] Action: 0
[Step 682] Action: 2
[Step 696] Action: 0
[Step 710] Action: 1
[Step 724] Action: 0
[Step 738] Action: 1
[Step 752] Action: 0
[Step 766] Action: 0
[Step 776] Action: 0
[Step 786] Action: 0
[Step 796] Action: 0
[Step 806] Action: 1
[Step 820] Action: 0
[Step 834] Action: 3
[Step 848] Action: 0
[Step 862] Action: 2
[Step 876] Action: 2
[Step 886] Action: 0
[Step 900] Action: 0
[Step 910] Action: 1
[Step 924] Action: 3
[Step 938] Action: 0
[Step 952] Action: 0
[Step 962] Action: 0
[Step 972] Action: 2
[Step 986] Action: 3
[Step 1000] Action: 0
[Step 1014] Action: 1
[Step 1028] Action: 0
[Step 1042] Action: 1
[Step 1056] Action: 0
[Step 1070] Action: 0
[Step 1080] Action: 0
[Step 1090] Action: 1
[Step 1104] Action: 0
[Step 1118] Action: 0
[Step 1128] Action: 1
[Step 1142] Action: 0
[Step 1156] Action: 0
[Step 1166] Action: 0
[Step 1176] Action: 0
[Step 1186] Action: 0
[Step 1196] Action: 2
[Step 1210] Action: 0
[Step 1224] Action: 2
[Step 1238] Action: 0
[Step 1252] Action: 0
[Step 1262] Action: 0
[Step 1272] Action: 0
[Step 1282] Action: 1
[Step 1296] Action: 0
[Step 1310] Action: 0
[Step 1320] Action: 3
[Step 1334] Action: 0
[Step 1348] Action: 0
[Step 1358] Action: 0
[Step 1368] Action: 0
[Step 1378] Action: 2
[Step 1392] Action: 1
[Step 1406] Action: 0
[Step 1420] Action: 0
[Step 1430] Action: 0
[Step 1440] Action: 3
[Step 1454] Action: 0
[Step 1468] Action: 1
[Step 1482] Action: 3
[Step 1496] Action: 0
[Step 1510] Action: 3
[Step 1524] Action: 0
[Step 1538] Action: 0
[Step 1548] Action: 0
[Step 1558] Action: 0
[Step 1568] Action: 3
[Step 1582] Action: 0
[Step 1596] Action: 1
[Step 1610] Action: 2
[Step 1624] Action: 0
[Step 1638] Action: 0
[Step 1648] Action: 1
[Step 1662] Action: 3
[Step 1676] Action: 0
[Step 1690] Action: 0
[Step 1700] Action: 3
[Step 1714] Action: 2
[Step 1728] Action: 3
[Step 1742] Action: 0
[Step 1756] Action: 1
[Step 1770] Action: 0
[Step 1784] Action: 0
[Step 1794] Action: 0
[Step 1804] Action: 1
[Step 1818] Action: 0
[Step 1832] Action: 0
[Step 1842] Action: 0
[Step 1852] Action: 0
[Step 1862] Action: 0
[Step 1872] Action: 0
[Step 1882] Action: 0
[Step 1892] Action: 3
[Step 1906] Action: 0
[Step 1920] Action: 0
[Step 1930] Action: 1
[Step 1944] Action: 0
[Step 1958] Action: 2
[Step 1972] Action: 0
[Step 1986] Action: 2
[Step 2000] Action: 0
[Step 2014] Action: 1
[Step 2028] Action: 0
[Step 2042] Action: 1
[Step 2056] Action: 2
[Step 2070] Action: 0
[Step 2084] Action: 3
[Step 2098] Action: 0
[Step 2112] Action: 0
[Step 2122] Action: 3
[Step 2136] Action: 1
[Step 2150] Action: 0
[Step 2164] Action: 0
[Step 2174] Action: 3
[Step 2188] Action: 0
[Step 2202] Action: 0
[Step 2212] Action: 0
[Step 2222] Action: 0
[Step 2232] Action: 0
[Step 2242] Action: 0
[Step 2252] Action: 0
[Step 2262] Action: 0
[Step 2272] Action: 0
[Step 2282] Action: 0
[Step 2292] Action: 3
[Step 2306] Action: 0
[Step 2320] Action: 0
[Step 2330] Action: 1
[Step 2344] Action: 0
[Step 2358] Action: 3
[Step 2372] Action: 3
[Step 2382] Action: 2
[Step 2396] Action: 0
[Step 2410] Action: 3
[Step 2424] Action: 0
[Step 2438] Action: 1
[Step 2452] Action: 0
[Step 2466] Action: 0
[Step 2476] Action: 0
[Step 2486] Action: 2
[Step 2500] Action: 2
[Step 2510] Action: 0
[Step 2524] Action: 0
[Step 2534] Action: 3
[Step 2548] Action: 2
[Step 2562] Action: 0
[Step 2576] Action: 1
[Step 2590] Action: 0
[Step 2604] Action: 0
[Step 2614] Action: 0
[Step 2624] Action: 0
[Step 2634] Action: 3
[Step 2648] Action: 2
[Step 2662] Action: 2
[Step 2672] Action: 0
[Step 2686] Action: 2
[Step 2700] Action: 0
[Step 2714] Action: 0
[Step 2724] Action: 0
[Step 2734] Action: 0
[Step 2744] Action: 0
[Step 2754] Action: 0
[Step 2764] Action: 0
[Step 2774] Action: 0
[Step 2784] Action: 0
[Step 2794] Action: 0
[Step 2804] Action: 0
[Step 2814] Action: 0
[Step 2824] Action: 0
[Step 2834] Action: 0
[Step 2844] Action: 1
[Step 2858] Action: 2
[Step 2872] Action: 0
[Step 2886] Action: 0
[Step 2896] Action: 0
[Step 2906] Action: 0
[Step 2916] Action: 2
[Step 2930] Action: 0
[Step 2944] Action: 0
[Step 2954] Action: 0
[Step 2964] Action: 0
[Step 2974] Action: 0
[Step 2984] Action: 0
[Step 2994] Action: 0
[Step 3004] Action: 0
[Step 3014] Action: 1
[Step 3028] Action: 0
[Step 3042] Action: 1
[Step 3056] Action: 3
[Step 3070] Action: 0
[Step 3084] Action: 0
[Step 3094] Action: 0
[Step 3104] Action: 0
[Step 3114] Action: 0
[Step 3124] Action: 0
[Step 3134] Action: 0
[Step 3144] Action: 0
[Step 3154] Action: 0
[Step 3164] Action: 0
[Step 3174] Action: 2
[Step 3188] Action: 0
[Step 3202] Action: 0
[Step 3212] Action: 0
[Step 3222] Action: 2
[Step 3236] Action: 1
[Step 3250] Action: 0
[Step 3264] Action: 0
[Step 3274] Action: 0
[Step 3284] Action: 0
[Step 3294] Action: 0
[Step 3304] Action: 0
[Step 3314] Action: 0
[Step 3324] Action: 1
[Step 3338] Action: 0
[Step 3352] Action: 0
[Step 3362] Action: 0
[Step 3372] Action: 0
[Step 3382] Action: 0
[Step 3392] Action: 0
[Step 3402] Action: 0
[Step 3412] Action: 0
[Step 3422] Action: 0
[Step 3432] Action: 1
[Step 3446] Action: 1
[Step 3456] Action: 0
[Step 3470] Action: 0
[Step 3480] Action: 2
[Step 3494] Action: 2
[Step 3504] Action: 2
[Step 3514] Action: 0
[Step 3528] Action: 0
[Step 3538] Action: 3
[Step 3552] Action: 0
[Step 3566] Action: 0
[Step 3576] Action: 0
[Step 3586] Action: 0
[Step 3596] Action: 3
[Step 3610] Action: 0
[Step 3624] Action: 0
[Step 3634] Action: 1
[Step 3648] Action: 0
[Step 3662] Action: 0
[Step 3672] Action: 0
[Step 3682] Action: 2
[Step 3696] Action: 0
[Step 3710] Action: 1
[Step 3724] Action: 0
[Step 3738] Action: 0
[Step 3748] Action: 0
[Step 3758] Action: 2
[Step 3772] Action: 0
[Step 3786] Action: 3
[Step 3800] Action: 0
[Step 3814] Action: 3
[Step 3828] Action: 2
[Step 3842] Action: 0
[Step 3856] Action: 0
[Step 3866] Action: 0
[Step 3876] Action: 0
[Step 3886] Action: 1
[Step 3900] Action: 2
[Step 3914] Action: 0
[Step 3928] Action: 0
[Step 3938] Action: 2
[Step 3952] Action: 1
[Step 3966] Action: 0
[Step 3980] Action: 0
[Step 3990] Action: 3
[Step 4004] Action: 3
[Step 4014] Action: 0
[Step 4028] Action: 0
[Step 4038] Action: 0
[Step 4048] Action: 0
[Step 4058] Action: 0
[Step 4068] Action: 0
[Step 4078] Action: 0
[Step 4088] Action: 0
[Step 4098] Action: 0
[Step 4108] Action: 0
[Step 4118] Action: 0
[Step 4128] Action: 2
[Step 4142] Action: 0
[Step 4156] Action: 0
[Step 4166] Action: 0
[Step 4176] Action: 0
[Step 4186] Action: 3
[Step 4200] Action: 0
[Step 4214] Action: 1
[Step 4228] Action: 0
[Step 4242] Action: 0
[Step 4252] Action: 0
[Step 4262] Action: 1
[Step 4276] Action: 3
[Step 4290] Action: 0
[Step 4304] Action: 0
[Step 4314] Action: 3
[Step 4328] Action: 0
[Step 4342] Action: 0
[Step 4352] Action: 1
[Step 4366] Action: 0
[Step 4380] Action: 0
[Step 4390] Action: 0
[Step 4400] Action: 1
[Step 4414] Action: 1
[Step 4424] Action: 0
[Step 4438] Action: 0
[Step 4448] Action: 0
[Step 4458] Action: 1
[Step 4472] Action: 0
[Step 4486] Action: 0
[Step 4496] Action: 0
[Step 4506] Action: 3
[Step 4520] Action: 2
[Step 4534] Action: 0
[Step 4548] Action: 0
[Step 4558] Action: 0
[Step 4568] Action: 2
[Step 4582] Action: 0
[Step 4596] Action: 0
[Step 4606] Action: 0
[Step 4616] Action: 0
[Step 4626] Action: 0
[Step 4636] Action: 3
[Step 4650] Action: 0
[Step 4664] Action: 0
[Step 4674] Action: 0
[Step 4684] Action: 0
[Step 4694] Action: 3
[Step 4708] Action: 0
[Step 4722] Action: 1
[Step 4736] Action: 0
[Step 4750] Action: 0
[Step 4760] Action: 0
[Step 4770] Action: 0
[Step 4780] Action: 0
[Step 4790] Action: 1
[Step 4804] Action: 0
[Step 4818] Action: 0
[Step 4828] Action: 0
[Step 4838] Action: 0
[Step 4848] Action: 2
[Step 4862] Action: 0
[Step 4876] Action: 2
[Step 4890] Action: 2
[Step 4900] Action: 0
[Step 4914] Action: 0
[Step 4924] Action: 0
[Step 4934] Action: 2
[Step 4948] Action: 1
[Step 4962] Action: 0
[Step 4976] Action: 0
[Step 4986] Action: 0
[Step 4996] Action: 1
[Step 5010] Action: 0
[Step 5024] Action: 0
[Step 5034] Action: 0
[Step 5044] Action: 0
[Step 5054] Action: 0
[Step 5064] Action: 0
[Step 5074] Action: 0
[Step 5084] Action: 3
[Step 5098] Action: 0
[Step 5112] Action: 0
[Step 5122] Action: 3
[Step 5136] Action: 0
[Step 5150] Action: 1
[Step 5164] Action: 0
[Step 5178] Action: 0
[Step 5188] Action: 0
[Step 5198] Action: 3
[Step 5212] Action: 0
[Step 5226] Action: 0
[Step 5236] Action: 0
[Step 5246] Action: 0
[Step 5256] Action: 3
[Step 5270] Action: 0
[Step 5284] Action: 0
[Step 5294] Action: 0
[Step 5304] Action: 0
[Step 5314] Action: 0
[Step 5324] Action: 0
[Step 5334] Action: 0
[Step 5344] Action: 0
[Step 5354] Action: 0
[Step 5364] Action: 0
[Step 5374] Action: 0
[Step 5384] Action: 1
[Step 5398] Action: 0
