[Step 0] Action: 3
[Step 10] Action: 1
[Step 24] Action: 2
[Step 38] Action: 1
[Step 52] Action: 2
[Step 66] Action: 1
[Step 80] Action: 0
[Step 94] Action: 2
[Step 108] Action: 2
[Step 118] Action: 1
[Step 132] Action: 2
[Step 146] Action: 1
[Step 160] Action: 2
[Step 174] Action: 1
[Step 188] Action: 2
[Step 202] Action: 0
[Step 216] Action: 2
[Step 230] Action: 1
[Step 244] Action: 2
[Step 258] Action: 0
[Step 272] Action: 1
[Step 286] Action: 2
[Step 300] Action: 0
[Step 314] Action: 2
[Step 328] Action: 3
[Step 342] Action: 2
[Step 356] Action: 1
[Step 370] Action: 2
[Step 384] Action: 3
[Step 398] Action: 3
[Step 408] Action: 0
[Step 422] Action: 2
[Step 436] Action: 2
[Step 446] Action: 0
[Step 460] Action: 2
[Step 474] Action: 2
[Step 484] Action: 2
[Step 494] Action: 2
[Step 504] Action: 2
[Step 514] Action: 0
[Step 528] Action: 1
[Step 542] Action: 1
[Step 552] Action: 2
[Step 566] Action: 0
[Step 580] Action: 1
[Step 594] Action: 1
[Step 604] Action: 0
[Step 618] Action: 1
[Step 632] Action: 1
[Step 642] Action: 3
[Step 656] Action: 3
[Step 666] Action: 1
[Step 680] Action: 2
[Step 694] Action: 1
[Step 708] Action: 2
[Step 722] Action: 3
[Step 736] Action: 2
[Step 750] Action: 3
[Step 764] Action: 3
[Step 774] Action: 1
[Step 788] Action: 2
[Step 802] Action: 1
[Step 816] Action: 1
[Step 826] Action: 0
[Step 840] Action: 2
[Step 854] Action: 0
[Step 868] Action: 2
[Step 882] Action: 3
[Step 896] Action: 1
[Step 910] Action: 0
[Step 924] Action: 2
[Step 938] Action: 3
[Step 952] Action: 2
[Step 966] Action: 3
[Step 980] Action: 0
[Step 994] Action: 3
[Step 1008] Action: 2
[Step 1022] Action: 0
[Step 1036] Action: 0
[Step 1046] Action: 2
[Step 1060] Action: 0
[Step 1074] Action: 2
[Step 1088] Action: 0
[Step 1102] Action: 2
[Step 1116] Action: 0
[Step 1130] Action: 1
[Step 1144] Action: 2
[Step 1158] Action: 1
[Step 1172] Action: 1
[Step 1182] Action: 1
[Step 1192] Action: 1
[Step 1202] Action: 3
[Step 1216] Action: 0
[Step 1230] Action: 3
[Step 1244] Action: 0
[Step 1258] Action: 1
[Step 1272] Action: 2
[Step 1286] Action: 2
[Step 1296] Action: 0
[Step 1310] Action: 1
[Step 1324] Action: 3
[Step 1338] Action: 2
[Step 1352] Action: 1
[Step 1366] Action: 1
[Step 1376] Action: 2
[Step 1390] Action: 0
[Step 1404] Action: 2
[Step 1418] Action: 0
[Step 1432] Action: 2
[Step 1446] Action: 1
[Step 1460] Action: 1
[Step 1470] Action: 2
[Step 1484] Action: 3
[Step 1498] Action: 0
[Step 1512] Action: 2
[Step 1526] Action: 0
[Step 1540] Action: 0
[Step 1550] Action: 2
[Step 1564] Action: 1
[Step 1578] Action: 2
[Step 1592] Action: 0
[Step 1606] Action: 2
[Step 1620] Action: 0
[Step 1634] Action: 0
[Step 1644] Action: 2
[Step 1658] Action: 0
[Step 1672] Action: 0
[Step 1682] Action: 2
[Step 1696] Action: 1
[Step 1710] Action: 0
[Step 1724] Action: 2
[Step 1738] Action: 0
[Step 1752] Action: 1
[Step 1766] Action: 0
[Step 1780] Action: 1
[Step 1794] Action: 2
[Step 1808] Action: 1
[Step 1822] Action: 0
[Step 1836] Action: 3
[Step 1850] Action: 0
[Step 1864] Action: 2
[Step 1878] Action: 1
[Step 1892] Action: 1
[Step 1902] Action: 3
[Step 1916] Action: 0
[Step 1930] Action: 0
[Step 1940] Action: 2
[Step 1954] Action: 0
[Step 1968] Action: 2
[Step 1982] Action: 0
[Step 1996] Action: 2
[Step 2010] Action: 0
[Step 2024] Action: 1
[Step 2038] Action: 2
[Step 2052] Action: 0
[Step 2066] Action: 2
[Step 2080] Action: 2
[Step 2090] Action: 0
[Step 2104] Action: 0
[Step 2114] Action: 2
[Step 2128] Action: 3
[Step 2142] Action: 0
[Step 2156] Action: 3
[Step 2170] Action: 0
[Step 2184] Action: 2
[Step 2198] Action: 1
[Step 2212] Action: 2
[Step 2226] Action: 1
[Step 2240] Action: 2
[Step 2254] Action: 1
[Step 2268] Action: 3
[Step 2282] Action: 0
[Step 2296] Action: 2
[Step 2310] Action: 0
[Step 2324] Action: 1
[Step 2338] Action: 2
[Step 2352] Action: 2
[Step 2362] Action: 3
[Step 2376] Action: 2
[Step 2390] Action: 1
[Step 2404] Action: 3
[Step 2418] Action: 0
[Step 2432] Action: 1
[Step 2446] Action: 0
[Step 2460] Action: 2
[Step 2474] Action: 2
[Step 2484] Action: 0
[Step 2498] Action: 2
[Step 2512] Action: 0
[Step 2526] Action: 2
[Step 2540] Action: 1
[Step 2554] Action: 2
[Step 2568] Action: 2
[Step 2578] Action: 2
[Step 2588] Action: 2
[Step 2598] Action: 0
[Step 2612] Action: 1
[Step 2626] Action: 2
[Step 2640] Action: 0
[Step 2654] Action: 0
[Step 2664] Action: 2
[Step 2678] Action: 2
[Step 2688] Action: 2
[Step 2698] Action: 0
[Step 2712] Action: 2
[Step 2726] Action: 3
[Step 2740] Action: 2
[Step 2754] Action: 1
[Step 2768] Action: 3
[Step 2782] Action: 0
[Step 2796] Action: 2
[Step 2810] Action: 1
[Step 2824] Action: 2
[Step 2838] Action: 2
[Step 2848] Action: 2
[Step 2858] Action: 2
[Step 2868] Action: 0
[Step 2882] Action: 2
[Step 2896] Action: 2
[Step 2906] Action: 2
[Step 2916] Action: 2
[Step 2926] Action: 2
[Step 2936] Action: 0
[Step 2950] Action: 3
[Step 2964] Action: 2
[Step 2978] Action: 2
[Step 2988] Action: 3
[Step 3002] Action: 0
[Step 3016] Action: 2
[Step 3030] Action: 3
[Step 3044] Action: 0
[Step 3058] Action: 3
[Step 3072] Action: 0
[Step 3086] Action: 2
[Step 3100] Action: 2
[Step 3110] Action: 2
[Step 3120] Action: 1
[Step 3134] Action: 0
[Step 3148] Action: 2
[Step 3162] Action: 1
[Step 3176] Action: 2
[Step 3190] Action: 2
[Step 3200] Action: 3
[Step 3214] Action: 1
[Step 3228] Action: 2
[Step 3242] Action: 3
[Step 3256] Action: 0
[Step 3270] Action: 2
[Step 3284] Action: 2
[Step 3294] Action: 2
[Step 3304] Action: 2
[Step 3314] Action: 2
[Step 3324] Action: 2
[Step 3334] Action: 3
[Step 3348] Action: 0
[Step 3362] Action: 2
[Step 3376] Action: 1
[Step 3390] Action: 3
[Step 3404] Action: 1
[Step 3418] Action: 2
[Step 3432] Action: 1
[Step 3446] Action: 2
[Step 3460] Action: 3
[Step 3474] Action: 1
[Step 3488] Action: 2
[Step 3502] Action: 0
[Step 3516] Action: 2
[Step 3530] Action: 0
[Step 3544] Action: 2
[Step 3558] Action: 2
[Step 3568] Action: 0
[Step 3582] Action: 3
[Step 3596] Action: 1
[Step 3610] Action: 1
[Step 3620] Action: 2
[Step 3634] Action: 3
[Step 3648] Action: 1
[Step 3662] Action: 3
[Step 3676] Action: 1
[Step 3690] Action: 3
[Step 3704] Action: 1
[Step 3718] Action: 2
[Step 3732] Action: 1
[Step 3746] Action: 2
[Step 3760] Action: 1
[Step 3774] Action: 2
[Step 3788] Action: 2
[Step 3798] Action: 2
[Step 3808] Action: 1
[Step 3822] Action: 2
[Step 3836] Action: 1
[Step 3850] Action: 3
[Step 3864] Action: 1
[Step 3878] Action: 1
[Step 3888] Action: 3
[Step 3902] Action: 0
[Step 3916] Action: 2
[Step 3930] Action: 1
[Step 3944] Action: 2
[Step 3958] Action: 1
[Step 3972] Action: 1
[Step 3982] Action: 2
[Step 3996] Action: 1
[Step 4010] Action: 2
[Step 4024] Action: 0
[Step 4038] Action: 2
[Step 4052] Action: 3
[Step 4066] Action: 1
[Step 4080] Action: 2
[Step 4094] Action: 1
[Step 4108] Action: 2
[Step 4122] Action: 1
[Step 4136] Action: 1
[Step 4146] Action: 2
[Step 4160] Action: 1
[Step 4174] Action: 2
[Step 4188] Action: 1
[Step 4202] Action: 0
[Step 4216] Action: 1
[Step 4230] Action: 1
[Step 4240] Action: 2
[Step 4254] Action: 0
[Step 4268] Action: 2
[Step 4282] Action: 1
[Step 4296] Action: 2
[Step 4310] Action: 1
[Step 4324] Action: 2
[Step 4338] Action: 3
[Step 4352] Action: 1
[Step 4366] Action: 2
[Step 4380] Action: 1
[Step 4394] Action: 1
[Step 4404] Action: 2
[Step 4418] Action: 1
[Step 4432] Action: 2
[Step 4446] Action: 1
[Step 4460] Action: 2
[Step 4474] Action: 0
[Step 4488] Action: 2
[Step 4502] Action: 1
[Step 4516] Action: 2
[Step 4530] Action: 2
[Step 4540] Action: 1
[Step 4554] Action: 2
[Step 4568] Action: 1
[Step 4582] Action: 2
[Step 4596] Action: 1
[Step 4610] Action: 2
[Step 4624] Action: 1
[Step 4638] Action: 2
[Step 4652] Action: 1
[Step 4666] Action: 2
[Step 4680] Action: 2
[Step 4690] Action: 1
[Step 4704] Action: 2
[Step 4718] Action: 3
[Step 4732] Action: 3
[Step 4742] Action: 1
[Step 4756] Action: 3
[Step 4770] Action: 2
[Step 4784] Action: 3
[Step 4798] Action: 1
[Step 4812] Action: 2
[Step 4826] Action: 1
[Step 4840] Action: 2
[Step 4854] Action: 3
[Step 4868] Action: 1
[Step 4882] Action: 3
[Step 4896] Action: 1
[Step 4910] Action: 2
[Step 4924] Action: 1
[Step 4938] Action: 2
[Step 4952] Action: 1
[Step 4966] Action: 1
[Step 4976] Action: 2
[Step 4990] Action: 1
[Step 5004] Action: 2
[Step 5018] Action: 1
[Step 5032] Action: 2
[Step 5046] Action: 2
[Step 5056] Action: 1
[Step 5070] Action: 2
[Step 5084] Action: 1
[Step 5098] Action: 2
[Step 5112] Action: 1
[Step 5126] Action: 0
[Step 5140] Action: 2
[Step 5154] Action: 2
[Step 5164] Action: 1
[Step 5178] Action: 2
[Step 5192] Action: 3
[Step 5206] Action: 1
[Step 5220] Action: 0
[Step 5234] Action: 3
[Step 5248] Action: 3
[Step 5258] Action: 0
[Step 5272] Action: 2
[Step 5286] Action: 1
[Step 5300] Action: 2
[Step 5314] Action: 3
[Step 5328] Action: 2
[Step 5342] Action: 3
[Step 5356] Action: 0
[Step 5370] Action: 1
[Step 5384] Action: 2
[Step 5398] Action: 1
