[Step 0] Action: 0
[Step 10] Action: 0
[Step 20] Action: 0
[Step 30] Action: 0
[Step 40] Action: 0
[Step 50] Action: 0
[Step 60] Action: 0
[Step 70] Action: 2
[Step 84] Action: 3
[Step 98] Action: 0
[Step 112] Action: 0
[Step 122] Action: 0
[Step 132] Action: 1
[Step 146] Action: 2
[Step 160] Action: 0
[Step 174] Action: 0
[Step 184] Action: 2
[Step 198] Action: 0
[Step 212] Action: 0
[Step 222] Action: 0
[Step 232] Action: 2
[Step 246] Action: 0
[Step 260] Action: 0
[Step 270] Action: 0
[Step 280] Action: 3
[Step 294] Action: 0
[Step 308] Action: 0
[Step 318] Action: 0
[Step 328] Action: 2
[Step 342] Action: 0
[Step 356] Action: 0
[Step 366] Action: 3
[Step 380] Action: 0
[Step 394] Action: 0
[Step 404] Action: 0
[Step 414] Action: 0
[Step 424] Action: 3
[Step 438] Action: 1
[Step 452] Action: 0
[Step 466] Action: 1
[Step 480] Action: 0
[Step 494] Action: 0
[Step 504] Action: 1
[Step 518] Action: 0
[Step 532] Action: 1
[Step 546] Action: 0
[Step 560] Action: 0
[Step 570] Action: 1
[Step 584] Action: 0
[Step 598] Action: 0
[Step 608] Action: 0
[Step 618] Action: 1
[Step 632] Action: 0
[Step 646] Action: 0
[Step 656] Action: 0
[Step 666] Action: 0
[Step 676] Action: 2
[Step 690] Action: 2
[Step 700] Action: 2
[Step 710] Action: 0
[Step 724] Action: 3
[Step 738] Action: 0
[Step 752] Action: 0
[Step 762] Action: 0
[Step 772] Action: 0
[Step 782] Action: 0
[Step 792] Action: 0
[Step 802] Action: 0
[Step 812] Action: 0
[Step 822] Action: 0
[Step 832] Action: 3
[Step 846] Action: 0
[Step 860] Action: 0
[Step 870] Action: 1
[Step 884] Action: 0
[Step 898] Action: 1
[Step 912] Action: 0
[Step 926] Action: 0
[Step 936] Action: 0
[Step 946] Action: 0
[Step 956] Action: 0
[Step 966] Action: 2
[Step 980] Action: 0
[Step 994] Action: 0
[Step 1004] Action: 0
[Step 1014] Action: 0
[Step 1024] Action: 0
[Step 1034] Action: 3
[Step 1048] Action: 0
[Step 1062] Action: 0
[Step 1072] Action: 1
[Step 1086] Action: 0
[Step 1100] Action: 0
[Step 1110] Action: 0
[Step 1120] Action: 0
[Step 1130] Action: 1
[Step 1144] Action: 0
[Step 1158] Action: 0
[Step 1168] Action: 0
[Step 1178] Action: 0
[Step 1188] Action: 1
[Step 1202] Action: 3
[Step 1216] Action: 1
[Step 1230] Action: 0
[Step 1244] Action: 0
[Step 1254] Action: 0
[Step 1264] Action: 0
[Step 1274] Action: 0
[Step 1284] Action: 0
[Step 1294] Action: 0
[Step 1304] Action: 2
[Step 1318] Action: 0
[Step 1332] Action: 0
[Step 1342] Action: 0
[Step 1352] Action: 3
[Step 1366] Action: 0
[Step 1380] Action: 1
[Step 1394] Action: 3
[Step 1408] Action: 0
[Step 1422] Action: 1
[Step 1436] Action: 0
[Step 1450] Action: 1
[Step 1464] Action: 0
[Step 1478] Action: 0
[Step 1488] Action: 0
[Step 1498] Action: 2
[Step 1512] Action: 0
[Step 1526] Action: 0
[Step 1536] Action: 2
[Step 1550] Action: 0
[Step 1564] Action: 0
[Step 1574] Action: 1
[Step 1588] Action: 0
[Step 1602] Action: 0
[Step 1612] Action: 2
[Step 1626] Action: 0
[Step 1640] Action: 0
[Step 1650] Action: 0
[Step 1660] Action: 1
[Step 1674] Action: 3
[Step 1688] Action: 0
[Step 1702] Action: 0
[Step 1712] Action: 0
[Step 1722] Action: 2
[Step 1736] Action: 0
[Step 1750] Action: 0
[Step 1760] Action: 3
[Step 1774] Action: 0
[Step 1788] Action: 0
[Step 1798] Action: 3
[Step 1812] Action: 0
[Step 1826] Action: 0
[Step 1836] Action: 2
[Step 1850] Action: 0
[Step 1864] Action: 0
[Step 1874] Action: 1
[Step 1888] Action: 0
[Step 1902] Action: 0
[Step 1912] Action: 0
[Step 1922] Action: 2
[Step 1936] Action: 0
[Step 1950] Action: 0
[Step 1960] Action: 0
[Step 1970] Action: 0
[Step 1980] Action: 0
[Step 1990] Action: 0
[Step 2000] Action: 0
[Step 2010] Action: 2
[Step 2024] Action: 0
[Step 2038] Action: 0
[Step 2048] Action: 0
[Step 2058] Action: 0
[Step 2068] Action: 1
[Step 2082] Action: 0
[Step 2096] Action: 0
[Step 2106] Action: 3
[Step 2120] Action: 0
[Step 2134] Action: 0
[Step 2144] Action: 0
[Step 2154] Action: 2
[Step 2168] Action: 2
[Step 2178] Action: 0
[Step 2192] Action: 0
[Step 2202] Action: 1
[Step 2216] Action: 0
[Step 2230] Action: 0
[Step 2240] Action: 0
[Step 2250] Action: 0
[Step 2260] Action: 3
[Step 2274] Action: 0
[Step 2288] Action: 2
[Step 2302] Action: 1
[Step 2316] Action: 1
[Step 2326] Action: 0
[Step 2340] Action: 0
[Step 2350] Action: 0
[Step 2360] Action: 0
[Step 2370] Action: 0
[Step 2380] Action: 1
[Step 2394] Action: 0
[Step 2408] Action: 0
[Step 2418] Action: 0
[Step 2428] Action: 0
[Step 2438] Action: 0
[Step 2448] Action: 0
[Step 2458] Action: 0
[Step 2468] Action: 3
[Step 2482] Action: 0
[Step 2496] Action: 0
[Step 2506] Action: 0
[Step 2516] Action: 0
[Step 2526] Action: 3
[Step 2540] Action: 0
[Step 2554] Action: 0
[Step 2564] Action: 0
[Step 2574] Action: 1
[Step 2588] Action: 0
[Step 2602] Action: 0
[Step 2612] Action: 0
[Step 2622] Action: 0
[Step 2632] Action: 0
[Step 2642] Action: 0
[Step 2652] Action: 0
[Step 2662] Action: 2
[Step 2676] Action: 1
[Step 2690] Action: 0
[Step 2704] Action: 0
[Step 2714] Action: 0
[Step 2724] Action: 0
[Step 2734] Action: 3
[Step 2748] Action: 0
[Step 2762] Action: 3
[Step 2776] Action: 0
[Step 2790] Action: 0
[Step 2800] Action: 2
[Step 2814] Action: 0
[Step 2828] Action: 0
[Step 2838] Action: 0
[Step 2848] Action: 0
[Step 2858] Action: 1
[Step 2872] Action: 3
[Step 2886] Action: 0
[Step 2900] Action: 0
[Step 2910] Action: 3
[Step 2924] Action: 0
[Step 2938] Action: 0
[Step 2948] Action: 2
[Step 2962] Action: 0
[Step 2976] Action: 0
[Step 2986] Action: 0
[Step 2996] Action: 0
[Step 3006] Action: 2
[Step 3020] Action: 0
[Step 3034] Action: 0
[Step 3044] Action: 0
[Step 3054] Action: 0
[Step 3064] Action: 0
[Step 3074] Action: 0
[Step 3084] Action: 0
[Step 3094] Action: 2
[Step 3108] Action: 0
[Step 3122] Action: 0
[Step 3132] Action: 0
[Step 3142] Action: 0
[Step 3152] Action: 0
[Step 3162] Action: 0
[Step 3172] Action: 0
[Step 3182] Action: 3
[Step 3196] Action: 0
[Step 3210] Action: 1
[Step 3224] Action: 0
[Step 3238] Action: 0
[Step 3248] Action: 0
[Step 3258] Action: 0
[Step 3268] Action: 0
[Step 3278] Action: 0
[Step 3288] Action: 0
[Step 3298] Action: 1
[Step 3312] Action: 0
[Step 3326] Action: 0
[Step 3336] Action: 0
[Step 3346] Action: 0
[Step 3356] Action: 0
[Step 3366] Action: 0
[Step 3376] Action: 2
[Step 3390] Action: 0
[Step 3404] Action: 2
[Step 3418] Action: 0
[Step 3432] Action: 0
[Step 3442] Action: 3
[Step 3456] Action: 2
[Step 3470] Action: 2
[Step 3480] Action: 2
[Step 3490] Action: 0
[Step 3504] Action: 0
[Step 3514] Action: 2
[Step 3528] Action: 2
[Step 3538] Action: 0
[Step 3552] Action: 0
[Step 3562] Action: 0
[Step 3572] Action: 0
[Step 3582] Action: 0
[Step 3592] Action: 0
[Step 3602] Action: 0
[Step 3612] Action: 0
[Step 3622] Action: 0
[Step 3632] Action: 0
[Step 3642] Action: 3
[Step 3656] Action: 2
[Step 3670] Action: 0
[Step 3684] Action: 0
[Step 3694] Action: 0
[Step 3704] Action: 0
[Step 3714] Action: 0
[Step 3724] Action: 0
[Step 3734] Action: 0
[Step 3744] Action: 0
[Step 3754] Action: 0
[Step 3764] Action: 0
[Step 3774] Action: 0
[Step 3784] Action: 0
[Step 3794] Action: 0
[Step 3804] Action: 0
[Step 3814] Action: 0
[Step 3824] Action: 0
[Step 3834] Action: 0
[Step 3844] Action: 0
[Step 3854] Action: 3
[Step 3868] Action: 1
[Step 3882] Action: 1
[Step 3892] Action: 2
[Step 3906] Action: 0
[Step 3920] Action: 0
[Step 3930] Action: 3
[Step 3944] Action: 2
[Step 3958] Action: 0
[Step 3972] Action: 0
[Step 3982] Action: 1
[Step 3996] Action: 0
[Step 4010] Action: 0
[Step 4020] Action: 0
[Step 4030] Action: 0
[Step 4040] Action: 3
[Step 4054] Action: 2
[Step 4068] Action: 2
[Step 4078] Action: 0
[Step 4092] Action: 3
[Step 4106] Action: 0
[Step 4120] Action: 2
[Step 4134] Action: 0
[Step 4148] Action: 0
[Step 4158] Action: 0
[Step 4168] Action: 0
[Step 4178] Action: 0
[Step 4188] Action: 0
[Step 4198] Action: 0
[Step 4208] Action: 2
[Step 4222] Action: 0
[Step 4236] Action: 1
[Step 4250] Action: 0
[Step 4264] Action: 0
[Step 4274] Action: 0
[Step 4284] Action: 2
[Step 4298] Action: 2
[Step 4308] Action: 0
[Step 4322] Action: 1
[Step 4336] Action: 0
[Step 4350] Action: 0
[Step 4360] Action: 0
[Step 4370] Action: 0
[Step 4380] Action: 0
[Step 4390] Action: 0
[Step 4400] Action: 0
[Step 4410] Action: 0
[Step 4420] Action: 0
[Step 4430] Action: 0
[Step 4440] Action: 2
[Step 4454] Action: 0
[Step 4468] Action: 0
[Step 4478] Action: 0
[Step 4488] Action: 0
[Step 4498] Action: 0
[Step 4508] Action: 1
[Step 4522] Action: 2
[Step 4536] Action: 1
[Step 4550] Action: 0
[Step 4564] Action: 1
[Step 4578] Action: 0
[Step 4592] Action: 3
[Step 4606] Action: 2
[Step 4620] Action: 0
[Step 4634] Action: 3
[Step 4648] Action: 0
[Step 4662] Action: 0
[Step 4672] Action: 0
[Step 4682] Action: 0
[Step 4692] Action: 3
[Step 4706] Action: 0
[Step 4720] Action: 0
[Step 4730] Action: 0
[Step 4740] Action: 0
[Step 4750] Action: 2
[Step 4764] Action: 0
[Step 4778] Action: 0
[Step 4788] Action: 0
[Step 4798] Action: 0
[Step 4808] Action: 0
[Step 4818] Action: 1
[Step 4832] Action: 0
[Step 4846] Action: 0
[Step 4856] Action: 0
[Step 4866] Action: 0
[Step 4876] Action: 1
[Step 4890] Action: 0
[Step 4904] Action: 0
[Step 4914] Action: 2
[Step 4928] Action: 1
[Step 4942] Action: 0
[Step 4956] Action: 0
[Step 4966] Action: 0
[Step 4976] Action: 0
[Step 4986] Action: 1
[Step 5000] Action: 1
[Step 5010] Action: 0
[Step 5024] Action: 0
[Step 5034] Action: 0
[Step 5044] Action: 0
[Step 5054] Action: 1
[Step 5068] Action: 0
[Step 5082] Action: 1
[Step 5096] Action: 0
[Step 5110] Action: 0
[Step 5120] Action: 0
[Step 5130] Action: 0
[Step 5140] Action: 0
[Step 5150] Action: 2
[Step 5164] Action: 0
[Step 5178] Action: 1
[Step 5192] Action: 0
[Step 5206] Action: 0
[Step 5216] Action: 3
[Step 5230] Action: 0
[Step 5244] Action: 0
[Step 5254] Action: 0
[Step 5264] Action: 0
[Step 5274] Action: 0
[Step 5284] Action: 0
[Step 5294] Action: 0
[Step 5304] Action: 0
[Step 5314] Action: 0
[Step 5324] Action: 0
[Step 5334] Action: 0
[Step 5344] Action: 0
[Step 5354] Action: 3
[Step 5368] Action: 3
[Step 5378] Action: 3
[Step 5388] Action: 0
