[Step 0] Action: 3
[Step 10] Action: 2
[Step 24] Action: 1
[Step 38] Action: 1
[Step 48] Action: 3
[Step 62] Action: 1
[Step 76] Action: 3
[Step 90] Action: 1
[Step 104] Action: 2
[Step 118] Action: 3
[Step 132] Action: 1
[Step 146] Action: 1
[Step 156] Action: 1
[Step 166] Action: 1
[Step 176] Action: 1
[Step 186] Action: 1
[Step 196] Action: 1
[Step 206] Action: 3
[Step 220] Action: 2
[Step 234] Action: 3
[Step 248] Action: 2
[Step 262] Action: 1
[Step 276] Action: 1
[Step 286] Action: 1
[Step 296] Action: 0
[Step 310] Action: 2
[Step 324] Action: 3
[Step 338] Action: 0
[Step 352] Action: 2
[Step 366] Action: 0
[Step 380] Action: 2
[Step 394] Action: 1
[Step 408] Action: 0
[Step 422] Action: 1
[Step 436] Action: 2
[Step 450] Action: 3
[Step 464] Action: 0
[Step 478] Action: 2
[Step 492] Action: 2
[Step 502] Action: 2
[Step 512] Action: 0
[Step 526] Action: 3
[Step 540] Action: 0
[Step 554] Action: 0
[Step 564] Action: 3
[Step 578] Action: 1
[Step 592] Action: 0
[Step 606] Action: 3
[Step 620] Action: 0
[Step 634] Action: 0
[Step 644] Action: 0
[Step 654] Action: 0
[Step 664] Action: 3
[Step 678] Action: 0
[Step 692] Action: 1
[Step 706] Action: 3
[Step 720] Action: 1
[Step 734] Action: 0
[Step 748] Action: 1
[Step 762] Action: 0
[Step 776] Action: 0
[Step 786] Action: 2
[Step 800] Action: 0
[Step 814] Action: 3
[Step 828] Action: 3
[Step 838] Action: 1
[Step 852] Action: 0
[Step 866] Action: 0
[Step 876] Action: 2
[Step 890] Action: 2
[Step 900] Action: 0
[Step 914] Action: 2
[Step 928] Action: 3
[Step 942] Action: 0
[Step 956] Action: 0
[Step 966] Action: 1
[Step 980] Action: 0
[Step 994] Action: 3
[Step 1008] Action: 0
[Step 1022] Action: 1
[Step 1036] Action: 0
[Step 1050] Action: 3
[Step 1064] Action: 1
[Step 1078] Action: 1
[Step 1088] Action: 0
[Step 1102] Action: 2
[Step 1116] Action: 0
[Step 1130] Action: 2
[Step 1144] Action: 0
[Step 1158] Action: 0
[Step 1168] Action: 2
[Step 1182] Action: 3
[Step 1196] Action: 2
[Step 1210] Action: 3
[Step 1224] Action: 0
[Step 1238] Action: 0
[Step 1248] Action: 1
[Step 1262] Action: 1
[Step 1272] Action: 0
[Step 1286] Action: 0
[Step 1296] Action: 2
[Step 1310] Action: 3
[Step 1324] Action: 2
[Step 1338] Action: 1
[Step 1352] Action: 1
[Step 1362] Action: 3
[Step 1376] Action: 3
[Step 1386] Action: 3
[Step 1396] Action: 2
[Step 1410] Action: 0
[Step 1424] Action: 3
[Step 1438] Action: 2
[Step 1452] Action: 1
[Step 1466] Action: 1
[Step 1476] Action: 3
[Step 1490] Action: 3
[Step 1500] Action: 2
[Step 1514] Action: 2
[Step 1524] Action: 0
[Step 1538] Action: 3
[Step 1552] Action: 1
[Step 1566] Action: 0
[Step 1580] Action: 1
[Step 1594] Action: 0
[Step 1608] Action: 1
[Step 1622] Action: 2
[Step 1636] Action: 3
[Step 1650] Action: 0
[Step 1664] Action: 0
[Step 1674] Action: 1
[Step 1688] Action: 3
[Step 1702] Action: 0
[Step 1716] Action: 3
[Step 1730] Action: 2
[Step 1744] Action: 1
[Step 1758] Action: 3
[Step 1772] Action: 0
[Step 1786] Action: 2
[Step 1800] Action: 2
[Step 1810] Action: 2
[Step 1820] Action: 1
[Step 1834] Action: 2
[Step 1848] Action: 2
[Step 1858] Action: 1
[Step 1872] Action: 1
[Step 1882] Action: 3
[Step 1896] Action: 2
[Step 1910] Action: 0
[Step 1924] Action: 0
[Step 1934] Action: 0
[Step 1944] Action: 3
[Step 1958] Action: 0
[Step 1972] Action: 2
[Step 1986] Action: 1
[Step 2000] Action: 3
[Step 2014] Action: 1
[Step 2028] Action: 2
[Step 2042] Action: 1
[Step 2056] Action: 0
[Step 2070] Action: 0
[Step 2080] Action: 3
[Step 2094] Action: 0
[Step 2108] Action: 0
[Step 2118] Action: 0
[Step 2128] Action: 2
[Step 2142] Action: 0
[Step 2156] Action: 0
[Step 2166] Action: 2
[Step 2180] Action: 2
[Step 2190] Action: 3
[Step 2204] Action: 0
[Step 2218] Action: 0
[Step 2228] Action: 1
[Step 2242] Action: 0
[Step 2256] Action: 2
[Step 2270] Action: 3
[Step 2284] Action: 3
[Step 2294] Action: 0
[Step 2308] Action: 2
[Step 2322] Action: 0
[Step 2336] Action: 3
[Step 2350] Action: 2
[Step 2364] Action: 1
[Step 2378] Action: 2
[Step 2392] Action: 3
[Step 2406] Action: 1
[Step 2420] Action: 2
[Step 2434] Action: 0
[Step 2448] Action: 3
[Step 2462] Action: 0
[Step 2476] Action: 2
[Step 2490] Action: 3
[Step 2504] Action: 1
[Step 2518] Action: 3
[Step 2532] Action: 1
[Step 2546] Action: 0
[Step 2560] Action: 0
[Step 2570] Action: 3
[Step 2584] Action: 0
[Step 2598] Action: 1
[Step 2612] Action: 3
[Step 2626] Action: 0
[Step 2640] Action: 0
[Step 2650] Action: 2
[Step 2664] Action: 3
[Step 2678] Action: 0
[Step 2692] Action: 1
[Step 2706] Action: 2
[Step 2720] Action: 3
[Step 2734] Action: 0
[Step 2748] Action: 2
[Step 2762] Action: 3
[Step 2776] Action: 2
[Step 2790] Action: 3
[Step 2804] Action: 0
[Step 2818] Action: 3
[Step 2832] Action: 2
[Step 2846] Action: 1
[Step 2860] Action: 0
[Step 2874] Action: 0
[Step 2884] Action: 1
[Step 2898] Action: 3
[Step 2912] Action: 0
[Step 2926] Action: 3
[Step 2940] Action: 3
[Step 2950] Action: 3
[Step 2960] Action: 0
[Step 2974] Action: 2
[Step 2988] Action: 0
[Step 3002] Action: 1
[Step 3016] Action: 0
[Step 3030] Action: 3
[Step 3044] Action: 2
[Step 3058] Action: 0
[Step 3072] Action: 3
[Step 3086] Action: 0
[Step 3100] Action: 0
[Step 3110] Action: 2
[Step 3124] Action: 2
[Step 3134] Action: 2
[Step 3144] Action: 0
[Step 3158] Action: 2
[Step 3172] Action: 0
[Step 3186] Action: 1
[Step 3200] Action: 2
[Step 3214] Action: 0
[Step 3228] Action: 3
[Step 3242] Action: 3
[Step 3252] Action: 0
[Step 3266] Action: 0
[Step 3276] Action: 3
[Step 3290] Action: 0
[Step 3304] Action: 3
[Step 3318] Action: 0
[Step 3332] Action: 3
[Step 3346] Action: 1
[Step 3360] Action: 1
[Step 3370] Action: 2
[Step 3384] Action: 2
[Step 3394] Action: 3
[Step 3408] Action: 0
[Step 3422] Action: 3
[Step 3436] Action: 1
[Step 3450] Action: 0
[Step 3464] Action: 0
[Step 3474] Action: 3
[Step 3488] Action: 2
[Step 3502] Action: 0
[Step 3516] Action: 1
[Step 3530] Action: 0
[Step 3544] Action: 1
[Step 3558] Action: 2
[Step 3572] Action: 0
[Step 3586] Action: 3
[Step 3600] Action: 3
[Step 3610] Action: 0
[Step 3624] Action: 3
[Step 3638] Action: 0
[Step 3652] Action: 2
[Step 3666] Action: 3
[Step 3680] Action: 0
[Step 3694] Action: 3
[Step 3708] Action: 0
[Step 3722] Action: 2
[Step 3736] Action: 0
[Step 3750] Action: 0
[Step 3760] Action: 0
[Step 3770] Action: 1
[Step 3784] Action: 1
[Step 3794] Action: 1
[Step 3804] Action: 0
[Step 3818] Action: 0
[Step 3828] Action: 0
[Step 3838] Action: 0
[Step 3848] Action: 3
[Step 3862] Action: 2
[Step 3876] Action: 0
[Step 3890] Action: 3
[Step 3904] Action: 2
[Step 3918] Action: 1
[Step 3932] Action: 2
[Step 3946] Action: 2
[Step 3956] Action: 1
[Step 3970] Action: 1
[Step 3980] Action: 3
[Step 3994] Action: 3
[Step 4004] Action: 1
[Step 4018] Action: 0
[Step 4032] Action: 1
[Step 4046] Action: 3
[Step 4060] Action: 1
[Step 4074] Action: 3
[Step 4088] Action: 1
[Step 4102] Action: 0
[Step 4116] Action: 2
[Step 4130] Action: 0
[Step 4144] Action: 3
[Step 4158] Action: 3
[Step 4168] Action: 1
[Step 4182] Action: 3
[Step 4196] Action: 2
[Step 4210] Action: 3
[Step 4224] Action: 3
[Step 4234] Action: 3
[Step 4244] Action: 3
[Step 4254] Action: 0
[Step 4268] Action: 3
[Step 4282] Action: 0
[Step 4296] Action: 2
[Step 4310] Action: 1
[Step 4324] Action: 1
[Step 4334] Action: 2
[Step 4348] Action: 0
[Step 4362] Action: 1
[Step 4376] Action: 3
[Step 4390] Action: 1
[Step 4404] Action: 0
[Step 4418] Action: 1
[Step 4432] Action: 1
[Step 4442] Action: 0
[Step 4456] Action: 1
[Step 4470] Action: 3
[Step 4484] Action: 0
[Step 4498] Action: 1
[Step 4512] Action: 0
[Step 4526] Action: 3
[Step 4540] Action: 2
[Step 4554] Action: 1
[Step 4568] Action: 0
[Step 4582] Action: 2
[Step 4596] Action: 2
[Step 4606] Action: 3
[Step 4620] Action: 2
[Step 4634] Action: 1
[Step 4648] Action: 2
[Step 4662] Action: 0
[Step 4676] Action: 3
[Step 4690] Action: 0
[Step 4704] Action: 2
[Step 4718] Action: 0
[Step 4732] Action: 3
[Step 4746] Action: 1
[Step 4760] Action: 3
[Step 4774] Action: 3
[Step 4784] Action: 2
[Step 4798] Action: 3
[Step 4812] Action: 2
[Step 4826] Action: 0
[Step 4840] Action: 0
[Step 4850] Action: 3
[Step 4864] Action: 3
[Step 4874] Action: 0
[Step 4888] Action: 3
[Step 4902] Action: 1
[Step 4916] Action: 0
[Step 4930] Action: 3
[Step 4944] Action: 2
[Step 4958] Action: 0
[Step 4972] Action: 2
[Step 4986] Action: 3
[Step 5000] Action: 3
[Step 5010] Action: 1
[Step 5024] Action: 1
[Step 5034] Action: 3
[Step 5048] Action: 1
[Step 5062] Action: 3
[Step 5076] Action: 2
[Step 5090] Action: 3
[Step 5104] Action: 0
[Step 5118] Action: 0
[Step 5128] Action: 3
[Step 5142] Action: 3
[Step 5152] Action: 0
[Step 5166] Action: 3
[Step 5180] Action: 0
[Step 5194] Action: 3
[Step 5208] Action: 3
[Step 5218] Action: 0
[Step 5232] Action: 3
[Step 5246] Action: 0
[Step 5260] Action: 0
[Step 5270] Action: 1
[Step 5284] Action: 3
[Step 5298] Action: 0
[Step 5312] Action: 3
[Step 5326] Action: 0
[Step 5340] Action: 3
[Step 5354] Action: 2
[Step 5368] Action: 0
[Step 5382] Action: 2
[Step 5396] Action: 0
