[Step 0] Action: 1
[Step 10] Action: 2
[Step 24] Action: 1
[Step 38] Action: 1
[Step 48] Action: 1
[Step 58] Action: 2
[Step 72] Action: 2
[Step 82] Action: 3
[Step 96] Action: 2
[Step 110] Action: 1
[Step 124] Action: 2
[Step 138] Action: 1
[Step 152] Action: 2
[Step 166] Action: 0
[Step 180] Action: 3
[Step 194] Action: 0
[Step 208] Action: 1
[Step 222] Action: 0
[Step 236] Action: 0
[Step 246] Action: 0
[Step 256] Action: 1
[Step 270] Action: 0
[Step 284] Action: 1
[Step 298] Action: 2
[Step 312] Action: 3
[Step 326] Action: 2
[Step 340] Action: 1
[Step 354] Action: 0
[Step 368] Action: 2
[Step 382] Action: 0
[Step 396] Action: 1
[Step 410] Action: 0
[Step 424] Action: 1
[Step 438] Action: 2
[Step 452] Action: 2
[Step 462] Action: 1
[Step 476] Action: 2
[Step 490] Action: 0
[Step 504] Action: 2
[Step 518] Action: 0
[Step 532] Action: 1
[Step 546] Action: 2
[Step 560] Action: 1
[Step 574] Action: 0
[Step 588] Action: 3
[Step 602] Action: 1
[Step 616] Action: 2
[Step 630] Action: 0
[Step 644] Action: 1
[Step 658] Action: 0
[Step 672] Action: 1
[Step 686] Action: 3
[Step 700] Action: 0
[Step 714] Action: 1
[Step 728] Action: 0
[Step 742] Action: 2
[Step 756] Action: 0
[Step 770] Action: 3
[Step 784] Action: 1
[Step 798] Action: 0
[Step 812] Action: 0
[Step 822] Action: 0
[Step 832] Action: 3
[Step 846] Action: 1
[Step 860] Action: 3
[Step 874] Action: 0
[Step 888] Action: 0
[Step 898] Action: 3
[Step 912] Action: 0
[Step 926] Action: 2
[Step 940] Action: 3
[Step 954] Action: 0
[Step 968] Action: 1
[Step 982] Action: 0
[Step 996] Action: 0
[Step 1006] Action: 0
[Step 1016] Action: 2
[Step 1030] Action: 3
[Step 1044] Action: 3
[Step 1054] Action: 3
[Step 1064] Action: 2
[Step 1078] Action: 0
[Step 1092] Action: 3
[Step 1106] Action: 0
[Step 1120] Action: 2
[Step 1134] Action: 0
[Step 1148] Action: 0
[Step 1158] Action: 0
[Step 1168] Action: 0
[Step 1178] Action: 0
[Step 1188] Action: 1
[Step 1202] Action: 0
[Step 1216] Action: 1
[Step 1230] Action: 0
[Step 1244] Action: 0
[Step 1254] Action: 1
[Step 1268] Action: 0
[Step 1282] Action: 0
[Step 1292] Action: 0
[Step 1302] Action: 2
[Step 1316] Action: 2
[Step 1326] Action: 0
[Step 1340] Action: 0
[Step 1350] Action: 1
[Step 1364] Action: 1
[Step 1374] Action: 3
[Step 1388] Action: 0
[Step 1402] Action: 0
[Step 1412] Action: 3
[Step 1426] Action: 2
[Step 1440] Action: 0
[Step 1454] Action: 2
[Step 1468] Action: 1
[Step 1482] Action: 0
[Step 1496] Action: 1
[Step 1510] Action: 1
[Step 1520] Action: 0
[Step 1534] Action: 2
[Step 1548] Action: 1
[Step 1562] Action: 0
[Step 1576] Action: 2
[Step 1590] Action: 2
[Step 1600] Action: 2
[Step 1610] Action: 0
[Step 1624] Action: 0
[Step 1634] Action: 2
[Step 1648] Action: 0
[Step 1662] Action: 1
[Step 1676] Action: 3
[Step 1690] Action: 2
[Step 1704] Action: 2
[Step 1714] Action: 0
[Step 1728] Action: 2
[Step 1742] Action: 1
[Step 1756] Action: 0
[Step 1770] Action: 0
[Step 1780] Action: 2
[Step 1794] Action: 0
[Step 1808] Action: 0
[Step 1818] Action: 0
[Step 1828] Action: 2
[Step 1842] Action: 0
[Step 1856] Action: 1
[Step 1870] Action: 3
[Step 1884] Action: 0
[Step 1898] Action: 1
[Step 1912] Action: 0
[Step 1926] Action: 0
[Step 1936] Action: 1
[Step 1950] Action: 2
[Step 1964] Action: 2
[Step 1974] Action: 2
[Step 1984] Action: 0
[Step 1998] Action: 1
[Step 2012] Action: 0
[Step 2026] Action: 0
[Step 2036] Action: 0
[Step 2046] Action: 3
[Step 2060] Action: 3
[Step 2070] Action: 0
[Step 2084] Action: 1
[Step 2098] Action: 0
[Step 2112] Action: 3
[Step 2126] Action: 0
[Step 2140] Action: 1
[Step 2154] Action: 3
[Step 2168] Action: 0
[Step 2182] Action: 2
[Step 2196] Action: 0
[Step 2210] Action: 1
[Step 2224] Action: 0
[Step 2238] Action: 0
[Step 2248] Action: 0
[Step 2258] Action: 1
[Step 2272] Action: 0
[Step 2286] Action: 1
[Step 2300] Action: 0
[Step 2314] Action: 0
[Step 2324] Action: 2
[Step 2338] Action: 0
[Step 2352] Action: 3
[Step 2366] Action: 2
[Step 2380] Action: 0
[Step 2394] Action: 1
[Step 2408] Action: 1
[Step 2418] Action: 0
[Step 2432] Action: 1
[Step 2446] Action: 0
[Step 2460] Action: 2
[Step 2474] Action: 1
[Step 2488] Action: 3
[Step 2502] Action: 0
[Step 2516] Action: 1
[Step 2530] Action: 0
[Step 2544] Action: 3
[Step 2558] Action: 0
[Step 2572] Action: 3
[Step 2586] Action: 2
[Step 2600] Action: 0
[Step 2614] Action: 1
[Step 2628] Action: 0
[Step 2642] Action: 0
[Step 2652] Action: 1
[Step 2666] Action: 0
[Step 2680] Action: 2
[Step 2694] Action: 0
[Step 2708] Action: 1
[Step 2722] Action: 0
[Step 2736] Action: 1
[Step 2750] Action: 1
[Step 2760] Action: 3
[Step 2774] Action: 3
[Step 2784] Action: 0
[Step 2798] Action: 1
[Step 2812] Action: 2
[Step 2826] Action: 1
[Step 2840] Action: 2
[Step 2854] Action: 1
[Step 2868] Action: 1
[Step 2878] Action: 1
[Step 2888] Action: 2
[Step 2902] Action: 1
[Step 2916] Action: 0
[Step 2930] Action: 2
[Step 2944] Action: 0
[Step 2958] Action: 1
[Step 2972] Action: 0
[Step 2986] Action: 3
[Step 3000] Action: 0
[Step 3014] Action: 0
[Step 3024] Action: 0
[Step 3034] Action: 3
[Step 3048] Action: 0
[Step 3062] Action: 2
[Step 3076] Action: 3
[Step 3090] Action: 2
[Step 3104] Action: 2
[Step 3114] Action: 1
[Step 3128] Action: 1
[Step 3138] Action: 3
[Step 3152] Action: 1
[Step 3166] Action: 0
[Step 3180] Action: 3
[Step 3194] Action: 0
[Step 3208] Action: 3
[Step 3222] Action: 0
[Step 3236] Action: 1
[Step 3250] Action: 3
[Step 3264] Action: 2
[Step 3278] Action: 0
[Step 3292] Action: 0
[Step 3302] Action: 0
[Step 3312] Action: 1
[Step 3326] Action: 0
[Step 3340] Action: 3
[Step 3354] Action: 0
[Step 3368] Action: 1
[Step 3382] Action: 2
[Step 3396] Action: 3
[Step 3410] Action: 0
[Step 3424] Action: 2
[Step 3438] Action: 2
[Step 3448] Action: 0
[Step 3462] Action: 2
[Step 3476] Action: 0
[Step 3490] Action: 1
[Step 3504] Action: 3
[Step 3518] Action: 3
[Step 3528] Action: 2
[Step 3542] Action: 1
[Step 3556] Action: 1
[Step 3566] Action: 0
[Step 3580] Action: 1
[Step 3594] Action: 0
[Step 3608] Action: 3
[Step 3622] Action: 3
[Step 3632] Action: 3
[Step 3642] Action: 0
[Step 3656] Action: 1
[Step 3670] Action: 1
[Step 3680] Action: 0
[Step 3694] Action: 1
[Step 3708] Action: 0
[Step 3722] Action: 1
[Step 3736] Action: 3
[Step 3750] Action: 0
[Step 3764] Action: 0
[Step 3774] Action: 1
[Step 3788] Action: 2
[Step 3802] Action: 2
[Step 3812] Action: 3
[Step 3826] Action: 0
[Step 3840] Action: 0
[Step 3850] Action: 3
[Step 3864] Action: 2
[Step 3878] Action: 3
[Step 3892] Action: 0
[Step 3906] Action: 0
[Step 3916] Action: 1
[Step 3930] Action: 0
[Step 3944] Action: 3
[Step 3958] Action: 3
[Step 3968] Action: 1
[Step 3982] Action: 0
[Step 3996] Action: 1
[Step 4010] Action: 0
[Step 4024] Action: 2
[Step 4038] Action: 1
[Step 4052] Action: 3
[Step 4066] Action: 3
[Step 4076] Action: 3
[Step 4086] Action: 1
[Step 4100] Action: 1
[Step 4110] Action: 0
[Step 4124] Action: 3
[Step 4138] Action: 1
[Step 4152] Action: 2
[Step 4166] Action: 2
[Step 4176] Action: 1
[Step 4190] Action: 1
[Step 4200] Action: 3
[Step 4214] Action: 3
[Step 4224] Action: 0
[Step 4238] Action: 3
[Step 4252] Action: 2
[Step 4266] Action: 0
[Step 4280] Action: 1
[Step 4294] Action: 1
[Step 4304] Action: 0
[Step 4318] Action: 2
[Step 4332] Action: 0
[Step 4346] Action: 1
[Step 4360] Action: 0
[Step 4374] Action: 3
[Step 4388] Action: 2
[Step 4402] Action: 2
[Step 4412] Action: 0
[Step 4426] Action: 3
[Step 4440] Action: 2
[Step 4454] Action: 3
[Step 4468] Action: 0
[Step 4482] Action: 1
[Step 4496] Action: 1
[Step 4506] Action: 0
[Step 4520] Action: 0
[Step 4530] Action: 1
[Step 4544] Action: 0
[Step 4558] Action: 1
[Step 4572] Action: 3
[Step 4586] Action: 0
[Step 4600] Action: 1
[Step 4614] Action: 2
[Step 4628] Action: 0
[Step 4642] Action: 1
[Step 4656] Action: 2
[Step 4670] Action: 1
[Step 4684] Action: 0
[Step 4698] Action: 1
[Step 4712] Action: 2
[Step 4726] Action: 0
[Step 4740] Action: 1
[Step 4754] Action: 0
[Step 4768] Action: 1
[Step 4782] Action: 0
[Step 4796] Action: 3
[Step 4810] Action: 3
[Step 4820] Action: 0
[Step 4834] Action: 1
[Step 4848] Action: 1
[Step 4858] Action: 0
[Step 4872] Action: 0
[Step 4882] Action: 0
[Step 4892] Action: 1
[Step 4906] Action: 3
[Step 4920] Action: 0
[Step 4934] Action: 0
[Step 4944] Action: 0
[Step 4954] Action: 1
[Step 4968] Action: 0
[Step 4982] Action: 2
[Step 4996] Action: 0
[Step 5010] Action: 1
[Step 5024] Action: 0
[Step 5038] Action: 2
[Step 5052] Action: 2
[Step 5062] Action: 0
[Step 5076] Action: 3
[Step 5090] Action: 0
[Step 5104] Action: 0
[Step 5114] Action: 0
[Step 5124] Action: 0
[Step 5134] Action: 1
[Step 5148] Action: 3
[Step 5162] Action: 0
[Step 5176] Action: 0
[Step 5186] Action: 0
[Step 5196] Action: 1
[Step 5210] Action: 0
[Step 5224] Action: 1
[Step 5238] Action: 0
[Step 5252] Action: 0
[Step 5262] Action: 1
[Step 5276] Action: 1
[Step 5286] Action: 1
[Step 5296] Action: 2
[Step 5310] Action: 1
[Step 5324] Action: 1
[Step 5334] Action: 1
[Step 5344] Action: 2
[Step 5358] Action: 0
[Step 5372] Action: 0
[Step 5382] Action: 0
[Step 5392] Action: 1
