[Step 0] Action: 2
[Step 10] Action: 1
[Step 24] Action: 0
[Step 38] Action: 0
[Step 48] Action: 2
[Step 62] Action: 1
[Step 76] Action: 2
[Step 90] Action: 2
[Step 100] Action: 3
[Step 114] Action: 2
[Step 128] Action: 3
[Step 142] Action: 0
[Step 156] Action: 0
[Step 166] Action: 3
[Step 180] Action: 3
[Step 190] Action: 2
[Step 204] Action: 1
[Step 218] Action: 3
[Step 232] Action: 2
[Step 246] Action: 3
[Step 260] Action: 0
[Step 274] Action: 3
[Step 288] Action: 0
[Step 302] Action: 2
[Step 316] Action: 2
[Step 326] Action: 0
[Step 340] Action: 2
[Step 354] Action: 2
[Step 364] Action: 1
[Step 378] Action: 0
[Step 392] Action: 0
[Step 402] Action: 3
[Step 416] Action: 2
[Step 430] Action: 1
[Step 444] Action: 0
[Step 458] Action: 1
[Step 472] Action: 2
[Step 486] Action: 1
[Step 500] Action: 2
[Step 514] Action: 0
[Step 528] Action: 0
[Step 538] Action: 3
[Step 552] Action: 3
[Step 562] Action: 2
[Step 576] Action: 0
[Step 590] Action: 2
[Step 604] Action: 1
[Step 618] Action: 1
[Step 628] Action: 1
[Step 638] Action: 1
[Step 648] Action: 0
[Step 662] Action: 0
[Step 672] Action: 1
[Step 686] Action: 1
[Step 696] Action: 1
[Step 706] Action: 3
[Step 720] Action: 1
[Step 734] Action: 2
[Step 748] Action: 0
[Step 762] Action: 1
[Step 776] Action: 1
[Step 786] Action: 3
[Step 800] Action: 3
[Step 810] Action: 0
[Step 824] Action: 1
[Step 838] Action: 3
[Step 852] Action: 0
[Step 866] Action: 2
[Step 880] Action: 3
[Step 894] Action: 3
[Step 904] Action: 3
[Step 914] Action: 3
[Step 924] Action: 3
[Step 934] Action: 3
[Step 944] Action: 1
[Step 958] Action: 3
[Step 972] Action: 3
[Step 982] Action: 2
[Step 996] Action: 2
[Step 1006] Action: 2
[Step 1016] Action: 2
[Step 1026] Action: 1
[Step 1040] Action: 3
[Step 1054] Action: 2
[Step 1068] Action: 2
[Step 1078] Action: 1
[Step 1092] Action: 1
[Step 1102] Action: 2
[Step 1116] Action: 2
[Step 1126] Action: 3
[Step 1140] Action: 2
[Step 1154] Action: 2
[Step 1164] Action: 2
[Step 1174] Action: 3
[Step 1188] Action: 2
[Step 1202] Action: 1
[Step 1216] Action: 3
[Step 1230] Action: 0
[Step 1244] Action: 2
[Step 1258] Action: 1
[Step 1272] Action: 0
[Step 1286] Action: 1
[Step 1300] Action: 0
[Step 1314] Action: 1
[Step 1328] Action: 2
[Step 1342] Action: 2
[Step 1352] Action: 3
[Step 1366] Action: 0
[Step 1380] Action: 0
[Step 1390] Action: 1
[Step 1404] Action: 0
[Step 1418] Action: 0
[Step 1428] Action: 0
[Step 1438] Action: 3
[Step 1452] Action: 0
[Step 1466] Action: 1
[Step 1480] Action: 0
[Step 1494] Action: 1
[Step 1508] Action: 0
[Step 1522] Action: 2
[Step 1536] Action: 1
[Step 1550] Action: 2
[Step 1564] Action: 0
[Step 1578] Action: 3
[Step 1592] Action: 0
[Step 1606] Action: 2
[Step 1620] Action: 1
[Step 1634] Action: 3
[Step 1648] Action: 1
[Step 1662] Action: 1
[Step 1672] Action: 2
[Step 1686] Action: 0
[Step 1700] Action: 1
[Step 1714] Action: 0
[Step 1728] Action: 0
[Step 1738] Action: 2
[Step 1752] Action: 0
[Step 1766] Action: 1
[Step 1780] Action: 2
[Step 1794] Action: 0
[Step 1808] Action: 3
[Step 1822] Action: 2
[Step 1836] Action: 1
[Step 1850] Action: 1
[Step 1860] Action: 0
[Step 1874] Action: 0
[Step 1884] Action: 0
[Step 1894] Action: 1
[Step 1908] Action: 2
[Step 1922] Action: 2
[Step 1932] Action: 0
[Step 1946] Action: 2
[Step 1960] Action: 0
[Step 1974] Action: 3
[Step 1988] Action: 2
[Step 2002] Action: 0
[Step 2016] Action: 1
[Step 2030] Action: 3
[Step 2044] Action: 0
[Step 2058] Action: 0
[Step 2068] Action: 1
[Step 2082] Action: 1
[Step 2092] Action: 2
[Step 2106] Action: 0
[Step 2120] Action: 0
[Step 2130] Action: 1
[Step 2144] Action: 3
[Step 2158] Action: 1
[Step 2172] Action: 1
[Step 2182] Action: 3
[Step 2196] Action: 1
[Step 2210] Action: 0
[Step 2224] Action: 2
[Step 2238] Action: 0
[Step 2252] Action: 0
[Step 2262] Action: 0
[Step 2272] Action: 0
[Step 2282] Action: 3
[Step 2296] Action: 2
[Step 2310] Action: 2
[Step 2320] Action: 2
[Step 2330] Action: 0
[Step 2344] Action: 2
[Step 2358] Action: 3
[Step 2372] Action: 0
[Step 2386] Action: 0
[Step 2396] Action: 3
[Step 2410] Action: 3
[Step 2420] Action: 2
[Step 2434] Action: 3
[Step 2448] Action: 2
[Step 2462] Action: 2
[Step 2472] Action: 0
[Step 2486] Action: 1
[Step 2500] Action: 1
[Step 2510] Action: 1
[Step 2520] Action: 3
[Step 2534] Action: 0
[Step 2548] Action: 3
[Step 2562] Action: 3
[Step 2572] Action: 2
[Step 2586] Action: 1
[Step 2600] Action: 3
[Step 2614] Action: 2
[Step 2628] Action: 3
[Step 2642] Action: 1
[Step 2656] Action: 1
[Step 2666] Action: 1
[Step 2676] Action: 1
[Step 2686] Action: 0
[Step 2700] Action: 0
[Step 2710] Action: 1
[Step 2724] Action: 2
[Step 2738] Action: 1
[Step 2752] Action: 1
[Step 2762] Action: 2
[Step 2776] Action: 0
[Step 2790] Action: 0
[Step 2800] Action: 3
[Step 2814] Action: 2
[Step 2828] Action: 3
[Step 2842] Action: 3
[Step 2852] Action: 1
[Step 2866] Action: 3
[Step 2880] Action: 0
[Step 2894] Action: 3
[Step 2908] Action: 3
[Step 2918] Action: 0
[Step 2932] Action: 0
[Step 2942] Action: 0
[Step 2952] Action: 1
[Step 2966] Action: 2
[Step 2980] Action: 1
[Step 2994] Action: 1
[Step 3004] Action: 1
[Step 3014] Action: 2
[Step 3028] Action: 0
[Step 3042] Action: 2
[Step 3056] Action: 0
[Step 3070] Action: 3
[Step 3084] Action: 2
[Step 3098] Action: 1
[Step 3112] Action: 1
[Step 3122] Action: 2
[Step 3136] Action: 1
[Step 3150] Action: 1
[Step 3160] Action: 0
[Step 3174] Action: 2
[Step 3188] Action: 2
[Step 3198] Action: 3
[Step 3212] Action: 2
[Step 3226] Action: 0
[Step 3240] Action: 2
[Step 3254] Action: 2
[Step 3264] Action: 2
[Step 3274] Action: 2
[Step 3284] Action: 3
[Step 3298] Action: 3
[Step 3308] Action: 1
[Step 3322] Action: 0
[Step 3336] Action: 2
[Step 3350] Action: 0
[Step 3364] Action: 1
[Step 3378] Action: 2
[Step 3392] Action: 0
[Step 3406] Action: 2
[Step 3420] Action: 1
[Step 3434] Action: 1
[Step 3444] Action: 3
[Step 3458] Action: 1
[Step 3472] Action: 1
[Step 3482] Action: 1
[Step 3492] Action: 2
[Step 3506] Action: 1
[Step 3520] Action: 0
[Step 3534] Action: 1
[Step 3548] Action: 2
[Step 3562] Action: 2
[Step 3572] Action: 2
[Step 3582] Action: 2
[Step 3592] Action: 2
[Step 3602] Action: 3
[Step 3616] Action: 1
[Step 3630] Action: 2
[Step 3644] Action: 3
[Step 3658] Action: 3
[Step 3668] Action: 2
[Step 3682] Action: 1
[Step 3696] Action: 0
[Step 3710] Action: 1
[Step 3724] Action: 0
[Step 3738] Action: 2
[Step 3752] Action: 3
[Step 3766] Action: 3
[Step 3776] Action: 2
[Step 3790] Action: 2
[Step 3800] Action: 1
[Step 3814] Action: 2
[Step 3828] Action: 2
[Step 3838] Action: 2
[Step 3848] Action: 3
[Step 3862] Action: 0
[Step 3876] Action: 0
[Step 3886] Action: 1
[Step 3900] Action: 1
[Step 3910] Action: 2
[Step 3924] Action: 2
[Step 3934] Action: 1
[Step 3948] Action: 3
[Step 3962] Action: 3
[Step 3972] Action: 0
[Step 3986] Action: 1
[Step 4000] Action: 0
[Step 4014] Action: 2
[Step 4028] Action: 0
[Step 4042] Action: 2
[Step 4056] Action: 1
[Step 4070] Action: 0
[Step 4084] Action: 2
[Step 4098] Action: 1
[Step 4112] Action: 2
[Step 4126] Action: 2
[Step 4136] Action: 3
[Step 4150] Action: 2
[Step 4164] Action: 3
[Step 4178] Action: 2
[Step 4192] Action: 2
[Step 4202] Action: 0
[Step 4216] Action: 3
[Step 4230] Action: 0
[Step 4244] Action: 2
[Step 4258] Action: 1
[Step 4272] Action: 3
[Step 4286] Action: 1
[Step 4300] Action: 2
[Step 4314] Action: 1
[Step 4328] Action: 2
[Step 4342] Action: 1
[Step 4356] Action: 1
[Step 4366] Action: 1
[Step 4376] Action: 1
[Step 4386] Action: 3
[Step 4400] Action: 2
[Step 4414] Action: 1
[Step 4428] Action: 3
[Step 4442] Action: 0
[Step 4456] Action: 0
[Step 4466] Action: 0
[Step 4476] Action: 3
[Step 4490] Action: 2
[Step 4504] Action: 1
[Step 4518] Action: 1
[Step 4528] Action: 2
[Step 4542] Action: 0
[Step 4556] Action: 2
[Step 4570] Action: 1
[Step 4584] Action: 3
[Step 4598] Action: 0
[Step 4612] Action: 1
[Step 4626] Action: 1
[Step 4636] Action: 1
[Step 4646] Action: 1
[Step 4656] Action: 2
[Step 4670] Action: 2
[Step 4680] Action: 1
[Step 4694] Action: 1
[Step 4704] Action: 3
[Step 4718] Action: 1
[Step 4732] Action: 2
[Step 4746] Action: 0
[Step 4760] Action: 3
[Step 4774] Action: 0
[Step 4788] Action: 0
[Step 4798] Action: 1
[Step 4812] Action: 1
[Step 4822] Action: 3
[Step 4836] Action: 0
[Step 4850] Action: 3
[Step 4864] Action: 1
[Step 4878] Action: 2
[Step 4892] Action: 3
[Step 4906] Action: 2
[Step 4920] Action: 0
[Step 4934] Action: 0
[Step 4944] Action: 3
[Step 4958] Action: 3
[Step 4968] Action: 1
[Step 4982] Action: 0
[Step 4996] Action: 2
[Step 5010] Action: 3
[Step 5024] Action: 2
[Step 5038] Action: 3
[Step 5052] Action: 1
[Step 5066] Action: 0
[Step 5080] Action: 3
[Step 5094] Action: 0
[Step 5108] Action: 0
[Step 5118] Action: 2
[Step 5132] Action: 2
[Step 5142] Action: 2
[Step 5152] Action: 1
[Step 5166] Action: 2
[Step 5180] Action: 3
[Step 5194] Action: 2
[Step 5208] Action: 2
[Step 5218] Action: 0
[Step 5232] Action: 2
[Step 5246] Action: 1
[Step 5260] Action: 0
[Step 5274] Action: 0
[Step 5284] Action: 2
[Step 5298] Action: 2
[Step 5308] Action: 1
[Step 5322] Action: 3
[Step 5336] Action: 1
[Step 5350] Action: 1
[Step 5360] Action: 1
[Step 5370] Action: 3
[Step 5384] Action: 2
[Step 5398] Action: 2
