[Step 0] Action: 2
[Step 10] Action: 2
[Step 20] Action: 2
[Step 30] Action: 2
[Step 40] Action: 2
[Step 50] Action: 2
[Step 60] Action: 2
[Step 70] Action: 2
[Step 80] Action: 2
[Step 90] Action: 2
[Step 100] Action: 2
[Step 110] Action: 2
[Step 120] Action: 0
[Step 134] Action: 2
[Step 148] Action: 0
[Step 162] Action: 2
[Step 176] Action: 0
[Step 190] Action: 2
[Step 204] Action: 0
[Step 218] Action: 1
[Step 232] Action: 0
[Step 246] Action: 0
[Step 256] Action: 1
[Step 270] Action: 2
[Step 284] Action: 0
[Step 298] Action: 3
[Step 312] Action: 0
[Step 326] Action: 2
[Step 340] Action: 3
[Step 354] Action: 0
[Step 368] Action: 2
[Step 382] Action: 3
[Step 396] Action: 0
[Step 410] Action: 0
[Step 420] Action: 3
[Step 434] Action: 0
[Step 448] Action: 1
[Step 462] Action: 0
[Step 476] Action: 3
[Step 490] Action: 0
[Step 504] Action: 1
[Step 518] Action: 2
[Step 532] Action: 0
[Step 546] Action: 0
[Step 556] Action: 0
[Step 566] Action: 3
[Step 580] Action: 0
[Step 594] Action: 0
[Step 604] Action: 1
[Step 618] Action: 3
[Step 632] Action: 0
[Step 646] Action: 2
[Step 660] Action: 3
[Step 674] Action: 3
[Step 684] Action: 0
[Step 698] Action: 0
[Step 708] Action: 0
[Step 718] Action: 3
[Step 732] Action: 1
[Step 746] Action: 0
[Step 760] Action: 0
[Step 770] Action: 2
[Step 784] Action: 0
[Step 798] Action: 3
[Step 812] Action: 0
[Step 826] Action: 1
[Step 840] Action: 0
[Step 854] Action: 1
[Step 868] Action: 0
[Step 882] Action: 0
[Step 892] Action: 3
[Step 906] Action: 0
[Step 920] Action: 0
[Step 930] Action: 3
[Step 944] Action: 0
[Step 958] Action: 0
[Step 968] Action: 0
[Step 978] Action: 2
[Step 992] Action: 2
[Step 1002] Action: 0
[Step 1016] Action: 1
[Step 1030] Action: 0
[Step 1044] Action: 3
[Step 1058] Action: 0
[Step 1072] Action: 2
[Step 1086] Action: 0
[Step 1100] Action: 2
[Step 1114] Action: 3
[Step 1128] Action: 0
[Step 1142] Action: 2
[Step 1156] Action: 0
[Step 1170] Action: 1
[Step 1184] Action: 0
[Step 1198] Action: 1
[Step 1212] Action: 0
[Step 1226] Action: 2
[Step 1240] Action: 0
[Step 1254] Action: 2
[Step 1268] Action: 3
[Step 1282] Action: 3
[Step 1292] Action: 0
[Step 1306] Action: 0
[Step 1316] Action: 0
[Step 1326] Action: 0
[Step 1336] Action: 0
[Step 1346] Action: 0
[Step 1356] Action: 0
[Step 1366] Action: 2
[Step 1380] Action: 0
[Step 1394] Action: 2
[Step 1408] Action: 3
[Step 1422] Action: 2
[Step 1436] Action: 0
[Step 1450] Action: 2
[Step 1464] Action: 0
[Step 1478] Action: 2
[Step 1492] Action: 3
[Step 1506] Action: 0
[Step 1520] Action: 0
[Step 1530] Action: 0
[Step 1540] Action: 3
[Step 1554] Action: 3
[Step 1564] Action: 0
[Step 1578] Action: 2
[Step 1592] Action: 0
[Step 1606] Action: 2
[Step 1620] Action: 3
[Step 1634] Action: 0
[Step 1648] Action: 1
[Step 1662] Action: 2
[Step 1676] Action: 0
[Step 1690] Action: 1
[Step 1704] Action: 0
[Step 1718] Action: 3
[Step 1732] Action: 0
[Step 1746] Action: 2
[Step 1760] Action: 0
[Step 1774] Action: 1
[Step 1788] Action: 0
[Step 1802] Action: 2
[Step 1816] Action: 0
[Step 1830] Action: 2
[Step 1844] Action: 0
[Step 1858] Action: 0
[Step 1868] Action: 3
[Step 1882] Action: 0
[Step 1896] Action: 2
[Step 1910] Action: 0
[Step 1924] Action: 2
[Step 1938] Action: 0
[Step 1952] Action: 0
[Step 1962] Action: 1
[Step 1976] Action: 2
[Step 1990] Action: 0
[Step 2004] Action: 0
[Step 2014] Action: 2
[Step 2028] Action: 3
[Step 2042] Action: 2
[Step 2056] Action: 0
[Step 2070] Action: 0
[Step 2080] Action: 2
[Step 2094] Action: 3
[Step 2108] Action: 0
[Step 2122] Action: 2
[Step 2136] Action: 3
[Step 2150] Action: 0
[Step 2164] Action: 0
[Step 2174] Action: 2
[Step 2188] Action: 0
[Step 2202] Action: 0
[Step 2212] Action: 3
[Step 2226] Action: 0
[Step 2240] Action: 0
[Step 2250] Action: 2
[Step 2264] Action: 0
[Step 2278] Action: 2
[Step 2292] Action: 0
[Step 2306] Action: 2
[Step 2320] Action: 3
[Step 2334] Action: 0
[Step 2348] Action: 0
[Step 2358] Action: 0
[Step 2368] Action: 3
[Step 2382] Action: 0
[Step 2396] Action: 1
[Step 2410] Action: 0
[Step 2424] Action: 2
[Step 2438] Action: 0
[Step 2452] Action: 2
[Step 2466] Action: 0
[Step 2480] Action: 0
[Step 2490] Action: 3
[Step 2504] Action: 0
[Step 2518] Action: 2
[Step 2532] Action: 0
[Step 2546] Action: 2
[Step 2560] Action: 0
[Step 2574] Action: 0
[Step 2584] Action: 2
[Step 2598] Action: 0
[Step 2612] Action: 2
[Step 2626] Action: 0
[Step 2640] Action: 2
[Step 2654] Action: 0
[Step 2668] Action: 2
[Step 2682] Action: 0
[Step 2696] Action: 2
[Step 2710] Action: 0
[Step 2724] Action: 0
[Step 2734] Action: 2
[Step 2748] Action: 0
[Step 2762] Action: 2
[Step 2776] Action: 0
[Step 2790] Action: 0
[Step 2800] Action: 0
[Step 2810] Action: 2
[Step 2824] Action: 3
[Step 2838] Action: 0
[Step 2852] Action: 0
[Step 2862] Action: 2
[Step 2876] Action: 0
[Step 2890] Action: 2
[Step 2904] Action: 1
[Step 2918] Action: 0
[Step 2932] Action: 2
[Step 2946] Action: 3
[Step 2960] Action: 0
[Step 2974] Action: 2
[Step 2988] Action: 0
[Step 3002] Action: 2
[Step 3016] Action: 2
[Step 3026] Action: 0
[Step 3040] Action: 1
[Step 3054] Action: 0
[Step 3068] Action: 2
[Step 3082] Action: 0
[Step 3096] Action: 2
[Step 3110] Action: 2
[Step 3120] Action: 0
[Step 3134] Action: 0
[Step 3144] Action: 0
[Step 3154] Action: 3
[Step 3168] Action: 0
[Step 3182] Action: 2
[Step 3196] Action: 2
[Step 3206] Action: 3
[Step 3220] Action: 0
[Step 3234] Action: 2
[Step 3248] Action: 3
[Step 3262] Action: 0
[Step 3276] Action: 2
[Step 3290] Action: 0
[Step 3304] Action: 2
[Step 3318] Action: 0
[Step 3332] Action: 2
[Step 3346] Action: 0
[Step 3360] Action: 2
[Step 3374] Action: 0
[Step 3388] Action: 2
[Step 3402] Action: 3
[Step 3416] Action: 0
[Step 3430] Action: 2
[Step 3444] Action: 0
[Step 3458] Action: 1
[Step 3472] Action: 1
[Step 3482] Action: 0
[Step 3496] Action: 0
[Step 3506] Action: 1
[Step 3520] Action: 0
[Step 3534] Action: 2
[Step 3548] Action: 0
[Step 3562] Action: 2
[Step 3576] Action: 0
[Step 3590] Action: 2
[Step 3604] Action: 0
[Step 3618] Action: 2
[Step 3632] Action: 0
[Step 3646] Action: 2
[Step 3660] Action: 0
[Step 3674] Action: 2
[Step 3688] Action: 0
[Step 3702] Action: 3
[Step 3716] Action: 0
[Step 3730] Action: 2
[Step 3744] Action: 1
[Step 3758] Action: 0
[Step 3772] Action: 2
[Step 3786] Action: 3
[Step 3800] Action: 0
[Step 3814] Action: 1
[Step 3828] Action: 0
[Step 3842] Action: 2
[Step 3856] Action: 0
[Step 3870] Action: 2
[Step 3884] Action: 0
[Step 3898] Action: 2
[Step 3912] Action: 0
[Step 3926] Action: 2
[Step 3940] Action: 0
[Step 3954] Action: 2
[Step 3968] Action: 0
[Step 3982] Action: 2
[Step 3996] Action: 0
[Step 4010] Action: 2
[Step 4024] Action: 0
[Step 4038] Action: 2
[Step 4052] Action: 0
[Step 4066] Action: 2
[Step 4080] Action: 0
[Step 4094] Action: 3
[Step 4108] Action: 0
[Step 4122] Action: 2
[Step 4136] Action: 0
[Step 4150] Action: 2
[Step 4164] Action: 0
[Step 4178] Action: 1
[Step 4192] Action: 1
[Step 4202] Action: 0
[Step 4216] Action: 2
[Step 4230] Action: 0
[Step 4244] Action: 3
[Step 4258] Action: 0
[Step 4272] Action: 2
[Step 4286] Action: 0
[Step 4300] Action: 2
[Step 4314] Action: 0
[Step 4328] Action: 2
[Step 4342] Action: 0
[Step 4356] Action: 2
[Step 4370] Action: 3
[Step 4384] Action: 1
[Step 4398] Action: 0
[Step 4412] Action: 2
[Step 4426] Action: 0
[Step 4440] Action: 3
[Step 4454] Action: 0
[Step 4468] Action: 2
[Step 4482] Action: 0
[Step 4496] Action: 2
[Step 4510] Action: 0
[Step 4524] Action: 2
[Step 4538] Action: 0
[Step 4552] Action: 1
[Step 4566] Action: 2
[Step 4580] Action: 0
[Step 4594] Action: 2
[Step 4608] Action: 2
[Step 4618] Action: 0
[Step 4632] Action: 2
[Step 4646] Action: 0
[Step 4660] Action: 2
[Step 4674] Action: 0
[Step 4688] Action: 2
[Step 4702] Action: 3
[Step 4716] Action: 0
[Step 4730] Action: 2
[Step 4744] Action: 3
[Step 4758] Action: 0
[Step 4772] Action: 2
[Step 4786] Action: 0
[Step 4800] Action: 2
[Step 4814] Action: 1
[Step 4828] Action: 1
[Step 4838] Action: 0
[Step 4852] Action: 3
[Step 4866] Action: 2
[Step 4880] Action: 0
[Step 4894] Action: 0
[Step 4904] Action: 2
[Step 4918] Action: 0
[Step 4932] Action: 2
[Step 4946] Action: 1
[Step 4960] Action: 0
[Step 4974] Action: 2
[Step 4988] Action: 3
[Step 5002] Action: 0
[Step 5016] Action: 1
[Step 5030] Action: 0
[Step 5044] Action: 2
[Step 5058] Action: 0
[Step 5072] Action: 2
[Step 5086] Action: 2
[Step 5096] Action: 0
[Step 5110] Action: 2
[Step 5124] Action: 0
[Step 5138] Action: 2
[Step 5152] Action: 0
[Step 5166] Action: 1
[Step 5180] Action: 0
[Step 5194] Action: 2
[Step 5208] Action: 0
[Step 5222] Action: 2
[Step 5236] Action: 0
[Step 5250] Action: 2
[Step 5264] Action: 1
[Step 5278] Action: 0
[Step 5292] Action: 2
[Step 5306] Action: 0
[Step 5320] Action: 2
[Step 5334] Action: 0
[Step 5348] Action: 2
[Step 5362] Action: 0
[Step 5376] Action: 2
[Step 5390] Action: 0
