[Step 0] Action: 2
[Step 10] Action: 3
[Step 24] Action: 3
[Step 34] Action: 3
[Step 44] Action: 0
[Step 58] Action: 2
[Step 72] Action: 3
[Step 86] Action: 3
[Step 96] Action: 3
[Step 106] Action: 3
[Step 116] Action: 3
[Step 126] Action: 3
[Step 136] Action: 3
[Step 146] Action: 3
[Step 156] Action: 3
[Step 166] Action: 3
[Step 176] Action: 3
[Step 186] Action: 3
[Step 196] Action: 2
[Step 210] Action: 0
[Step 224] Action: 0
[Step 234] Action: 2
[Step 248] Action: 3
[Step 262] Action: 2
[Step 276] Action: 0
[Step 290] Action: 3
[Step 304] Action: 0
[Step 318] Action: 2
[Step 332] Action: 1
[Step 346] Action: 0
[Step 360] Action: 0
[Step 370] Action: 0
[Step 380] Action: 0
[Step 390] Action: 0
[Step 400] Action: 0
[Step 410] Action: 0
[Step 420] Action: 2
[Step 434] Action: 2
[Step 444] Action: 3
[Step 458] Action: 1
[Step 472] Action: 0
[Step 486] Action: 3
[Step 500] Action: 2
[Step 514] Action: 0
[Step 528] Action: 2
[Step 542] Action: 0
[Step 556] Action: 2
[Step 570] Action: 1
[Step 584] Action: 1
[Step 594] Action: 0
[Step 608] Action: 3
[Step 622] Action: 2
[Step 636] Action: 2
[Step 646] Action: 0
[Step 660] Action: 3
[Step 674] Action: 2
[Step 688] Action: 0
[Step 702] Action: 2
[Step 716] Action: 0
[Step 730] Action: 3
[Step 744] Action: 2
[Step 758] Action: 1
[Step 772] Action: 0
[Step 786] Action: 0
[Step 796] Action: 0
[Step 806] Action: 0
[Step 816] Action: 2
[Step 830] Action: 3
[Step 844] Action: 3
[Step 854] Action: 2
[Step 868] Action: 2
[Step 878] Action: 2
[Step 888] Action: 2
[Step 898] Action: 0
[Step 912] Action: 0
[Step 922] Action: 3
[Step 936] Action: 0
[Step 950] Action: 3
[Step 964] Action: 0
[Step 978] Action: 2
[Step 992] Action: 1
[Step 1006] Action: 3
[Step 1020] Action: 2
[Step 1034] Action: 0
[Step 1048] Action: 1
[Step 1062] Action: 0
[Step 1076] Action: 2
[Step 1090] Action: 0
[Step 1104] Action: 3
[Step 1118] Action: 2
[Step 1132] Action: 0
[Step 1146] Action: 3
[Step 1160] Action: 0
[Step 1174] Action: 3
[Step 1188] Action: 2
[Step 1202] Action: 1
[Step 1216] Action: 2
[Step 1230] Action: 0
[Step 1244] Action: 2
[Step 1258] Action: 2
[Step 1268] Action: 0
[Step 1282] Action: 3
[Step 1296] Action: 3
[Step 1306] Action: 3
[Step 1316] Action: 2
[Step 1330] Action: 0
[Step 1344] Action: 0
[Step 1354] Action: 2
[Step 1368] Action: 2
[Step 1378] Action: 0
[Step 1392] Action: 2
[Step 1406] Action: 1
[Step 1420] Action: 0
[Step 1434] Action: 3
[Step 1448] Action: 0
[Step 1462] Action: 2
[Step 1476] Action: 2
[Step 1486] Action: 2
[Step 1496] Action: 3
[Step 1510] Action: 2
[Step 1524] Action: 0
[Step 1538] Action: 3
[Step 1552] Action: 0
[Step 1566] Action: 2
[Step 1580] Action: 1
[Step 1594] Action: 0
[Step 1608] Action: 2
[Step 1622] Action: 0
[Step 1636] Action: 0
[Step 1646] Action: 0
[Step 1656] Action: 3
[Step 1670] Action: 0
[Step 1684] Action: 2
[Step 1698] Action: 2
[Step 1708] Action: 0
[Step 1722] Action: 2
[Step 1736] Action: 1
[Step 1750] Action: 0
[Step 1764] Action: 0
[Step 1774] Action: 3
[Step 1788] Action: 0
[Step 1802] Action: 0
[Step 1812] Action: 2
[Step 1826] Action: 0
[Step 1840] Action: 2
[Step 1854] Action: 1
[Step 1868] Action: 2
[Step 1882] Action: 1
[Step 1896] Action: 1
[Step 1906] Action: 2
[Step 1920] Action: 1
[Step 1934] Action: 3
[Step 1948] Action: 2
[Step 1962] Action: 0
[Step 1976] Action: 3
[Step 1990] Action: 2
[Step 2004] Action: 0
[Step 2018] Action: 3
[Step 2032] Action: 2
[Step 2046] Action: 1
[Step 2060] Action: 0
[Step 2074] Action: 3
[Step 2088] Action: 2
[Step 2102] Action: 2
[Step 2112] Action: 2
[Step 2122] Action: 2
[Step 2132] Action: 0
[Step 2146] Action: 2
[Step 2160] Action: 0
[Step 2174] Action: 3
[Step 2188] Action: 0
[Step 2202] Action: 3
[Step 2216] Action: 1
[Step 2230] Action: 0
[Step 2244] Action: 0
[Step 2254] Action: 0
[Step 2264] Action: 2
[Step 2278] Action: 3
[Step 2292] Action: 3
[Step 2302] Action: 3
[Step 2312] Action: 2
[Step 2326] Action: 0
[Step 2340] Action: 1
[Step 2354] Action: 0
[Step 2368] Action: 0
[Step 2378] Action: 3
[Step 2392] Action: 2
[Step 2406] Action: 0
[Step 2420] Action: 0
[Step 2430] Action: 2
[Step 2444] Action: 3
[Step 2458] Action: 2
[Step 2472] Action: 2
[Step 2482] Action: 0
[Step 2496] Action: 0
[Step 2506] Action: 0
[Step 2516] Action: 0
[Step 2526] Action: 0
[Step 2536] Action: 0
[Step 2546] Action: 2
[Step 2560] Action: 3
[Step 2574] Action: 2
[Step 2588] Action: 2
[Step 2598] Action: 0
[Step 2612] Action: 3
[Step 2626] Action: 2
[Step 2640] Action: 2
[Step 2650] Action: 0
[Step 2664] Action: 0
[Step 2674] Action: 0
[Step 2684] Action: 0
[Step 2694] Action: 2
[Step 2708] Action: 3
[Step 2722] Action: 3
[Step 2732] Action: 3
[Step 2742] Action: 0
[Step 2756] Action: 2
[Step 2770] Action: 3
[Step 2784] Action: 2
[Step 2798] Action: 1
[Step 2812] Action: 0
[Step 2826] Action: 2
[Step 2840] Action: 0
[Step 2854] Action: 2
[Step 2868] Action: 2
[Step 2878] Action: 2
[Step 2888] Action: 2
[Step 2898] Action: 3
[Step 2912] Action: 3
[Step 2922] Action: 3
[Step 2932] Action: 3
[Step 2942] Action: 3
[Step 2952] Action: 3
[Step 2962] Action: 2
[Step 2976] Action: 3
[Step 2990] Action: 2
[Step 3004] Action: 0
[Step 3018] Action: 0
[Step 3028] Action: 2
[Step 3042] Action: 3
[Step 3056] Action: 3
[Step 3066] Action: 0
[Step 3080] Action: 2
[Step 3094] Action: 1
[Step 3108] Action: 0
[Step 3122] Action: 2
[Step 3136] Action: 3
[Step 3150] Action: 3
[Step 3160] Action: 3
[Step 3170] Action: 3
[Step 3180] Action: 3
[Step 3190] Action: 3
[Step 3200] Action: 3
[Step 3210] Action: 2
[Step 3224] Action: 3
[Step 3238] Action: 3
[Step 3248] Action: 3
[Step 3258] Action: 2
[Step 3272] Action: 0
[Step 3286] Action: 0
[Step 3296] Action: 0
[Step 3306] Action: 0
[Step 3316] Action: 0
[Step 3326] Action: 2
[Step 3340] Action: 3
[Step 3354] Action: 3
[Step 3364] Action: 3
[Step 3374] Action: 3
[Step 3384] Action: 3
[Step 3394] Action: 3
[Step 3404] Action: 3
[Step 3414] Action: 3
[Step 3424] Action: 3
[Step 3434] Action: 3
[Step 3444] Action: 3
[Step 3454] Action: 3
[Step 3464] Action: 3
[Step 3474] Action: 3
[Step 3484] Action: 0
[Step 3498] Action: 0
[Step 3508] Action: 0
[Step 3518] Action: 0
[Step 3528] Action: 0
[Step 3538] Action: 0
[Step 3548] Action: 1
[Step 3562] Action: 0
[Step 3576] Action: 2
[Step 3590] Action: 3
[Step 3604] Action: 3
[Step 3614] Action: 3
[Step 3624] Action: 3
[Step 3634] Action: 3
[Step 3644] Action: 3
[Step 3654] Action: 3
[Step 3664] Action: 3
[Step 3674] Action: 2
[Step 3688] Action: 0
[Step 3702] Action: 2
[Step 3716] Action: 3
[Step 3730] Action: 3
[Step 3740] Action: 3
[Step 3750] Action: 3
[Step 3760] Action: 3
[Step 3770] Action: 3
[Step 3780] Action: 3
[Step 3790] Action: 3
[Step 3800] Action: 3
[Step 3810] Action: 3
[Step 3820] Action: 2
[Step 3834] Action: 3
[Step 3848] Action: 3
[Step 3858] Action: 3
[Step 3868] Action: 3
[Step 3878] Action: 3
[Step 3888] Action: 2
[Step 3902] Action: 3
[Step 3916] Action: 3
[Step 3926] Action: 3
[Step 3936] Action: 0
[Step 3950] Action: 2
[Step 3964] Action: 3
[Step 3978] Action: 3
[Step 3988] Action: 3
[Step 3998] Action: 3
[Step 4008] Action: 3
[Step 4018] Action: 3
[Step 4028] Action: 3
[Step 4038] Action: 3
[Step 4048] Action: 3
[Step 4058] Action: 3
[Step 4068] Action: 3
[Step 4078] Action: 3
[Step 4088] Action: 3
[Step 4098] Action: 3
[Step 4108] Action: 3
[Step 4118] Action: 0
[Step 4132] Action: 2
[Step 4146] Action: 3
[Step 4160] Action: 3
[Step 4170] Action: 3
[Step 4180] Action: 3
[Step 4190] Action: 3
[Step 4200] Action: 3
[Step 4210] Action: 2
[Step 4224] Action: 1
[Step 4238] Action: 1
[Step 4248] Action: 1
[Step 4258] Action: 1
[Step 4268] Action: 1
[Step 4278] Action: 1
[Step 4288] Action: 1
[Step 4298] Action: 1
[Step 4308] Action: 1
[Step 4318] Action: 1
[Step 4328] Action: 1
[Step 4338] Action: 1
[Step 4348] Action: 1
[Step 4358] Action: 0
[Step 4372] Action: 2
[Step 4386] Action: 3
[Step 4400] Action: 3
[Step 4410] Action: 3
[Step 4420] Action: 3
[Step 4430] Action: 3
[Step 4440] Action: 0
[Step 4454] Action: 2
[Step 4468] Action: 3
[Step 4482] Action: 3
[Step 4492] Action: 3
[Step 4502] Action: 3
[Step 4512] Action: 3
[Step 4522] Action: 3
[Step 4532] Action: 3
[Step 4542] Action: 3
[Step 4552] Action: 2
[Step 4566] Action: 3
[Step 4580] Action: 3
[Step 4590] Action: 3
[Step 4600] Action: 3
[Step 4610] Action: 3
[Step 4620] Action: 3
[Step 4630] Action: 3
[Step 4640] Action: 3
[Step 4650] Action: 3
[Step 4660] Action: 3
[Step 4670] Action: 3
[Step 4680] Action: 3
[Step 4690] Action: 3
[Step 4700] Action: 2
[Step 4714] Action: 3
[Step 4728] Action: 3
[Step 4738] Action: 3
[Step 4748] Action: 3
[Step 4758] Action: 3
[Step 4768] Action: 3
[Step 4778] Action: 3
[Step 4788] Action: 3
[Step 4798] Action: 3
[Step 4808] Action: 3
[Step 4818] Action: 3
[Step 4828] Action: 3
[Step 4838] Action: 3
[Step 4848] Action: 3
[Step 4858] Action: 3
[Step 4868] Action: 3
[Step 4878] Action: 3
[Step 4888] Action: 3
[Step 4898] Action: 3
[Step 4908] Action: 3
[Step 4918] Action: 3
[Step 4928] Action: 3
[Step 4938] Action: 3
[Step 4948] Action: 3
[Step 4958] Action: 3
[Step 4968] Action: 1
[Step 4982] Action: 3
[Step 4996] Action: 3
[Step 5006] Action: 3
[Step 5016] Action: 3
[Step 5026] Action: 3
[Step 5036] Action: 3
[Step 5046] Action: 3
[Step 5056] Action: 3
[Step 5066] Action: 3
[Step 5076] Action: 3
[Step 5086] Action: 3
[Step 5096] Action: 3
[Step 5106] Action: 3
[Step 5116] Action: 3
[Step 5126] Action: 3
[Step 5136] Action: 3
[Step 5146] Action: 3
[Step 5156] Action: 3
[Step 5166] Action: 3
[Step 5176] Action: 0
[Step 5190] Action: 2
[Step 5204] Action: 3
[Step 5218] Action: 3
[Step 5228] Action: 3
[Step 5238] Action: 3
[Step 5248] Action: 3
[Step 5258] Action: 3
[Step 5268] Action: 3
[Step 5278] Action: 3
[Step 5288] Action: 3
[Step 5298] Action: 3
[Step 5308] Action: 3
[Step 5318] Action: 3
[Step 5328] Action: 3
[Step 5338] Action: 3
[Step 5348] Action: 3
[Step 5358] Action: 3
[Step 5368] Action: 3
[Step 5378] Action: 0
[Step 5392] Action: 2
