[Step 0] Action: 3
[Step 10] Action: 3
[Step 20] Action: 3
[Step 30] Action: 3
[Step 40] Action: 3
[Step 50] Action: 0
[Step 64] Action: 3
[Step 78] Action: 0
[Step 92] Action: 3
[Step 106] Action: 0
[Step 120] Action: 3
[Step 134] Action: 0
[Step 148] Action: 3
[Step 162] Action: 0
[Step 176] Action: 3
[Step 190] Action: 0
[Step 204] Action: 3
[Step 218] Action: 0
[Step 232] Action: 0
[Step 242] Action: 0
[Step 252] Action: 3
[Step 266] Action: 0
[Step 280] Action: 3
[Step 294] Action: 0
[Step 308] Action: 0
[Step 318] Action: 0
[Step 328] Action: 0
[Step 338] Action: 3
[Step 352] Action: 0
[Step 366] Action: 3
[Step 380] Action: 0
[Step 394] Action: 3
[Step 408] Action: 0
[Step 422] Action: 0
[Step 432] Action: 1
[Step 446] Action: 0
[Step 460] Action: 0
[Step 470] Action: 2
[Step 484] Action: 0
[Step 498] Action: 0
[Step 508] Action: 0
[Step 518] Action: 3
[Step 532] Action: 0
[Step 546] Action: 3
[Step 560] Action: 0
[Step 574] Action: 3
[Step 588] Action: 0
[Step 602] Action: 3
[Step 616] Action: 0
[Step 630] Action: 0
[Step 640] Action: 0
[Step 650] Action: 1
[Step 664] Action: 0
[Step 678] Action: 1
[Step 692] Action: 0
[Step 706] Action: 0
[Step 716] Action: 3
[Step 730] Action: 1
[Step 744] Action: 0
[Step 758] Action: 0
[Step 768] Action: 0
[Step 778] Action: 1
[Step 792] Action: 0
[Step 806] Action: 0
[Step 816] Action: 0
[Step 826] Action: 1
[Step 840] Action: 0
[Step 854] Action: 3
[Step 868] Action: 0
[Step 882] Action: 0
[Step 892] Action: 1
[Step 906] Action: 0
[Step 920] Action: 3
[Step 934] Action: 0
[Step 948] Action: 3
[Step 962] Action: 0
[Step 976] Action: 1
[Step 990] Action: 0
[Step 1004] Action: 0
[Step 1014] Action: 0
[Step 1024] Action: 0
[Step 1034] Action: 1
[Step 1048] Action: 0
[Step 1062] Action: 0
[Step 1072] Action: 3
[Step 1086] Action: 0
[Step 1100] Action: 3
[Step 1114] Action: 0
[Step 1128] Action: 3
[Step 1142] Action: 0
[Step 1156] Action: 0
[Step 1166] Action: 3
[Step 1180] Action: 0
[Step 1194] Action: 1
[Step 1208] Action: 0
[Step 1222] Action: 0
[Step 1232] Action: 3
[Step 1246] Action: 0
[Step 1260] Action: 0
[Step 1270] Action: 3
[Step 1284] Action: 0
[Step 1298] Action: 3
[Step 1312] Action: 0
[Step 1326] Action: 3
[Step 1340] Action: 0
[Step 1354] Action: 3
[Step 1368] Action: 0
[Step 1382] Action: 0
[Step 1392] Action: 1
[Step 1406] Action: 0
[Step 1420] Action: 3
[Step 1434] Action: 0
[Step 1448] Action: 3
[Step 1462] Action: 0
[Step 1476] Action: 1
[Step 1490] Action: 0
[Step 1504] Action: 0
[Step 1514] Action: 1
[Step 1528] Action: 0
[Step 1542] Action: 3
[Step 1556] Action: 0
[Step 1570] Action: 3
[Step 1584] Action: 0
[Step 1598] Action: 0
[Step 1608] Action: 0
[Step 1618] Action: 0
[Step 1628] Action: 1
[Step 1642] Action: 0
[Step 1656] Action: 3
[Step 1670] Action: 0
[Step 1684] Action: 3
[Step 1698] Action: 3
[Step 1708] Action: 0
[Step 1722] Action: 0
[Step 1732] Action: 3
[Step 1746] Action: 0
[Step 1760] Action: 2
[Step 1774] Action: 0
[Step 1788] Action: 3
[Step 1802] Action: 0
[Step 1816] Action: 0
[Step 1826] Action: 2
[Step 1840] Action: 0
[Step 1854] Action: 0
[Step 1864] Action: 3
[Step 1878] Action: 0
[Step 1892] Action: 1
[Step 1906] Action: 0
[Step 1920] Action: 2
[Step 1934] Action: 0
[Step 1948] Action: 0
[Step 1958] Action: 3
[Step 1972] Action: 0
[Step 1986] Action: 3
[Step 2000] Action: 0
[Step 2014] Action: 0
[Step 2024] Action: 1
[Step 2038] Action: 0
[Step 2052] Action: 3
[Step 2066] Action: 0
[Step 2080] Action: 3
[Step 2094] Action: 0
[Step 2108] Action: 1
[Step 2122] Action: 0
[Step 2136] Action: 1
[Step 2150] Action: 0
[Step 2164] Action: 3
[Step 2178] Action: 0
[Step 2192] Action: 3
[Step 2206] Action: 0
[Step 2220] Action: 0
[Step 2230] Action: 3
[Step 2244] Action: 0
[Step 2258] Action: 0
[Step 2268] Action: 3
[Step 2282] Action: 0
[Step 2296] Action: 3
[Step 2310] Action: 0
[Step 2324] Action: 3
[Step 2338] Action: 0
[Step 2352] Action: 0
[Step 2362] Action: 0
[Step 2372] Action: 3
[Step 2386] Action: 0
[Step 2400] Action: 3
[Step 2414] Action: 0
[Step 2428] Action: 3
[Step 2442] Action: 0
[Step 2456] Action: 3
[Step 2470] Action: 0
[Step 2484] Action: 3
[Step 2498] Action: 0
[Step 2512] Action: 0
[Step 2522] Action: 0
[Step 2532] Action: 1
[Step 2546] Action: 0
[Step 2560] Action: 3
[Step 2574] Action: 0
[Step 2588] Action: 3
[Step 2602] Action: 0
[Step 2616] Action: 3
[Step 2630] Action: 0
[Step 2644] Action: 3
[Step 2658] Action: 0
[Step 2672] Action: 3
[Step 2686] Action: 1
[Step 2700] Action: 0
[Step 2714] Action: 3
[Step 2728] Action: 0
[Step 2742] Action: 3
[Step 2756] Action: 0
[Step 2770] Action: 3
[Step 2784] Action: 0
[Step 2798] Action: 0
[Step 2808] Action: 0
[Step 2818] Action: 3
[Step 2832] Action: 0
[Step 2846] Action: 3
[Step 2860] Action: 0
[Step 2874] Action: 0
[Step 2884] Action: 1
[Step 2898] Action: 0
[Step 2912] Action: 3
[Step 2926] Action: 0
[Step 2940] Action: 3
[Step 2954] Action: 0
[Step 2968] Action: 3
[Step 2982] Action: 0
[Step 2996] Action: 0
[Step 3006] Action: 3
[Step 3020] Action: 0
[Step 3034] Action: 3
[Step 3048] Action: 0
[Step 3062] Action: 3
[Step 3076] Action: 0
[Step 3090] Action: 0
[Step 3100] Action: 3
[Step 3114] Action: 3
[Step 3124] Action: 0
[Step 3138] Action: 3
[Step 3152] Action: 0
[Step 3166] Action: 3
[Step 3180] Action: 0
[Step 3194] Action: 3
[Step 3208] Action: 0
[Step 3222] Action: 0
[Step 3232] Action: 3
[Step 3246] Action: 0
[Step 3260] Action: 3
[Step 3274] Action: 0
[Step 3288] Action: 1
[Step 3302] Action: 0
[Step 3316] Action: 3
[Step 3330] Action: 0
[Step 3344] Action: 3
[Step 3358] Action: 0
[Step 3372] Action: 3
[Step 3386] Action: 0
[Step 3400] Action: 0
[Step 3410] Action: 3
[Step 3424] Action: 0
[Step 3438] Action: 3
[Step 3452] Action: 0
[Step 3466] Action: 3
[Step 3480] Action: 0
[Step 3494] Action: 3
[Step 3508] Action: 0
[Step 3522] Action: 3
[Step 3536] Action: 0
[Step 3550] Action: 3
[Step 3564] Action: 0
[Step 3578] Action: 3
[Step 3592] Action: 0
[Step 3606] Action: 3
[Step 3620] Action: 0
[Step 3634] Action: 0
[Step 3644] Action: 1
[Step 3658] Action: 0
[Step 3672] Action: 3
[Step 3686] Action: 0
[Step 3700] Action: 3
[Step 3714] Action: 0
[Step 3728] Action: 3
[Step 3742] Action: 0
[Step 3756] Action: 3
[Step 3770] Action: 0
[Step 3784] Action: 3
[Step 3798] Action: 0
[Step 3812] Action: 3
[Step 3826] Action: 2
[Step 3840] Action: 0
[Step 3854] Action: 3
[Step 3868] Action: 0
[Step 3882] Action: 3
[Step 3896] Action: 0
[Step 3910] Action: 3
[Step 3924] Action: 0
[Step 3938] Action: 3
[Step 3952] Action: 0
[Step 3966] Action: 2
[Step 3980] Action: 0
[Step 3994] Action: 3
[Step 4008] Action: 0
[Step 4022] Action: 3
[Step 4036] Action: 0
[Step 4050] Action: 3
[Step 4064] Action: 1
[Step 4078] Action: 1
[Step 4088] Action: 0
[Step 4102] Action: 3
[Step 4116] Action: 0
[Step 4130] Action: 3
[Step 4144] Action: 0
[Step 4158] Action: 3
[Step 4172] Action: 3
[Step 4182] Action: 0
[Step 4196] Action: 3
[Step 4210] Action: 0
[Step 4224] Action: 3
[Step 4238] Action: 0
[Step 4252] Action: 3
[Step 4266] Action: 0
[Step 4280] Action: 1
[Step 4294] Action: 0
[Step 4308] Action: 3
[Step 4322] Action: 0
[Step 4336] Action: 3
[Step 4350] Action: 0
[Step 4364] Action: 3
[Step 4378] Action: 0
[Step 4392] Action: 3
[Step 4406] Action: 0
[Step 4420] Action: 3
[Step 4434] Action: 0
[Step 4448] Action: 3
[Step 4462] Action: 0
[Step 4476] Action: 3
[Step 4490] Action: 0
[Step 4504] Action: 3
[Step 4518] Action: 0
[Step 4532] Action: 3
[Step 4546] Action: 0
[Step 4560] Action: 3
[Step 4574] Action: 0
[Step 4588] Action: 1
[Step 4602] Action: 2
[Step 4616] Action: 0
[Step 4630] Action: 3
[Step 4644] Action: 0
[Step 4658] Action: 3
[Step 4672] Action: 0
[Step 4686] Action: 3
[Step 4700] Action: 0
[Step 4714] Action: 3
[Step 4728] Action: 0
[Step 4742] Action: 3
[Step 4756] Action: 0
[Step 4770] Action: 3
[Step 4784] Action: 0
[Step 4798] Action: 3
[Step 4812] Action: 2
[Step 4826] Action: 0
[Step 4840] Action: 3
[Step 4854] Action: 0
[Step 4868] Action: 3
[Step 4882] Action: 0
[Step 4896] Action: 3
[Step 4910] Action: 0
[Step 4924] Action: 3
[Step 4938] Action: 0
[Step 4952] Action: 2
[Step 4966] Action: 0
[Step 4980] Action: 3
[Step 4994] Action: 0
[Step 5008] Action: 3
[Step 5022] Action: 0
[Step 5036] Action: 3
[Step 5050] Action: 0
[Step 5064] Action: 3
[Step 5078] Action: 0
[Step 5092] Action: 3
[Step 5106] Action: 0
[Step 5120] Action: 3
[Step 5134] Action: 0
[Step 5148] Action: 3
[Step 5162] Action: 0
[Step 5176] Action: 3
[Step 5190] Action: 0
[Step 5204] Action: 3
[Step 5218] Action: 0
[Step 5232] Action: 3
[Step 5246] Action: 0
[Step 5260] Action: 3
[Step 5274] Action: 0
[Step 5288] Action: 3
[Step 5302] Action: 0
[Step 5316] Action: 3
[Step 5330] Action: 0
[Step 5344] Action: 3
[Step 5358] Action: 0
[Step 5372] Action: 3
[Step 5386] Action: 0
