[Step 0] Action: 1
[Step 10] Action: 3
[Step 24] Action: 0
[Step 38] Action: 0
[Step 48] Action: 3
[Step 62] Action: 1
[Step 76] Action: 2
[Step 90] Action: 3
[Step 104] Action: 0
[Step 118] Action: 1
[Step 132] Action: 3
[Step 146] Action: 1
[Step 160] Action: 1
[Step 170] Action: 3
[Step 184] Action: 0
[Step 198] Action: 1
[Step 212] Action: 2
[Step 226] Action: 0
[Step 240] Action: 3
[Step 254] Action: 1
[Step 268] Action: 0
[Step 282] Action: 3
[Step 296] Action: 2
[Step 310] Action: 2
[Step 320] Action: 3
[Step 334] Action: 0
[Step 348] Action: 1
[Step 362] Action: 1
[Step 372] Action: 3
[Step 386] Action: 1
[Step 400] Action: 0
[Step 414] Action: 2
[Step 428] Action: 0
[Step 442] Action: 2
[Step 456] Action: 0
[Step 470] Action: 2
[Step 484] Action: 2
[Step 494] Action: 3
[Step 508] Action: 2
[Step 522] Action: 0
[Step 536] Action: 2
[Step 550] Action: 3
[Step 564] Action: 0
[Step 578] Action: 0
[Step 588] Action: 2
[Step 602] Action: 3
[Step 616] Action: 3
[Step 626] Action: 2
[Step 640] Action: 0
[Step 654] Action: 2
[Step 668] Action: 0
[Step 682] Action: 3
[Step 696] Action: 1
[Step 710] Action: 0
[Step 724] Action: 3
[Step 738] Action: 1
[Step 752] Action: 2
[Step 766] Action: 3
[Step 780] Action: 0
[Step 794] Action: 0
[Step 804] Action: 2
[Step 818] Action: 1
[Step 832] Action: 3
[Step 846] Action: 3
[Step 856] Action: 0
[Step 870] Action: 0
[Step 880] Action: 0
[Step 890] Action: 2
[Step 904] Action: 2
[Step 914] Action: 3
[Step 928] Action: 2
[Step 942] Action: 1
[Step 956] Action: 2
[Step 970] Action: 0
[Step 984] Action: 2
[Step 998] Action: 1
[Step 1012] Action: 3
[Step 1026] Action: 3
[Step 1036] Action: 1
[Step 1050] Action: 3
[Step 1064] Action: 2
[Step 1078] Action: 2
[Step 1088] Action: 1
[Step 1102] Action: 0
[Step 1116] Action: 0
[Step 1126] Action: 2
[Step 1140] Action: 1
[Step 1154] Action: 2
[Step 1168] Action: 0
[Step 1182] Action: 3
[Step 1196] Action: 0
[Step 1210] Action: 1
[Step 1224] Action: 1
[Step 1234] Action: 0
[Step 1248] Action: 1
[Step 1262] Action: 3
[Step 1276] Action: 2
[Step 1290] Action: 3
[Step 1304] Action: 2
[Step 1318] Action: 1
[Step 1332] Action: 2
[Step 1346] Action: 0
[Step 1360] Action: 2
[Step 1374] Action: 1
[Step 1388] Action: 1
[Step 1398] Action: 2
[Step 1412] Action: 2
[Step 1422] Action: 0
[Step 1436] Action: 2
[Step 1450] Action: 2
[Step 1460] Action: 2
[Step 1470] Action: 0
[Step 1484] Action: 2
[Step 1498] Action: 1
[Step 1512] Action: 1
[Step 1522] Action: 2
[Step 1536] Action: 2
[Step 1546] Action: 0
[Step 1560] Action: 2
[Step 1574] Action: 3
[Step 1588] Action: 2
[Step 1602] Action: 0
[Step 1616] Action: 2
[Step 1630] Action: 3
[Step 1644] Action: 0
[Step 1658] Action: 3
[Step 1672] Action: 3
[Step 1682] Action: 2
[Step 1696] Action: 3
[Step 1710] Action: 2
[Step 1724] Action: 0
[Step 1738] Action: 1
[Step 1752] Action: 3
[Step 1766] Action: 2
[Step 1780] Action: 2
[Step 1790] Action: 3
[Step 1804] Action: 3
[Step 1814] Action: 0
[Step 1828] Action: 1
[Step 1842] Action: 0
[Step 1856] Action: 1
[Step 1870] Action: 1
[Step 1880] Action: 0
[Step 1894] Action: 0
[Step 1904] Action: 3
[Step 1918] Action: 0
[Step 1932] Action: 1
[Step 1946] Action: 1
[Step 1956] Action: 3
[Step 1970] Action: 3
[Step 1980] Action: 1
[Step 1994] Action: 0
[Step 2008] Action: 0
[Step 2018] Action: 3
[Step 2032] Action: 2
[Step 2046] Action: 0
[Step 2060] Action: 3
[Step 2074] Action: 3
[Step 2084] Action: 2
[Step 2098] Action: 0
[Step 2112] Action: 3
[Step 2126] Action: 2
[Step 2140] Action: 0
[Step 2154] Action: 1
[Step 2168] Action: 3
[Step 2182] Action: 1
[Step 2196] Action: 3
[Step 2210] Action: 3
[Step 2220] Action: 0
[Step 2234] Action: 0
[Step 2244] Action: 0
[Step 2254] Action: 3
[Step 2268] Action: 3
[Step 2278] Action: 2
[Step 2292] Action: 0
[Step 2306] Action: 1
[Step 2320] Action: 3
[Step 2334] Action: 1
[Step 2348] Action: 2
[Step 2362] Action: 1
[Step 2376] Action: 1
[Step 2386] Action: 0
[Step 2400] Action: 2
[Step 2414] Action: 2
[Step 2424] Action: 1
[Step 2438] Action: 0
[Step 2452] Action: 3
[Step 2466] Action: 2
[Step 2480] Action: 0
[Step 2494] Action: 3
[Step 2508] Action: 1
[Step 2522] Action: 0
[Step 2536] Action: 2
[Step 2550] Action: 2
[Step 2560] Action: 0
[Step 2574] Action: 1
[Step 2588] Action: 2
[Step 2602] Action: 3
[Step 2616] Action: 1
[Step 2630] Action: 2
[Step 2644] Action: 0
[Step 2658] Action: 2
[Step 2672] Action: 0
[Step 2686] Action: 0
[Step 2696] Action: 0
[Step 2706] Action: 2
[Step 2720] Action: 0
[Step 2734] Action: 0
[Step 2744] Action: 0
[Step 2754] Action: 1
[Step 2768] Action: 3
[Step 2782] Action: 0
[Step 2796] Action: 0
[Step 2806] Action: 0
[Step 2816] Action: 1
[Step 2830] Action: 1
[Step 2840] Action: 2
[Step 2854] Action: 3
[Step 2868] Action: 2
[Step 2882] Action: 3
[Step 2896] Action: 3
[Step 2906] Action: 2
[Step 2920] Action: 3
[Step 2934] Action: 1
[Step 2948] Action: 3
[Step 2962] Action: 0
[Step 2976] Action: 0
[Step 2986] Action: 0
[Step 2996] Action: 0
[Step 3006] Action: 3
[Step 3020] Action: 0
[Step 3034] Action: 0
[Step 3044] Action: 0
[Step 3054] Action: 2
[Step 3068] Action: 0
[Step 3082] Action: 1
[Step 3096] Action: 3
[Step 3110] Action: 2
[Step 3124] Action: 2
[Step 3134] Action: 1
[Step 3148] Action: 2
[Step 3162] Action: 2
[Step 3172] Action: 2
[Step 3182] Action: 1
[Step 3196] Action: 3
[Step 3210] Action: 3
[Step 3220] Action: 3
[Step 3230] Action: 2
[Step 3244] Action: 1
[Step 3258] Action: 3
[Step 3272] Action: 3
[Step 3282] Action: 3
[Step 3292] Action: 1
[Step 3306] Action: 0
[Step 3320] Action: 3
[Step 3334] Action: 2
[Step 3348] Action: 3
[Step 3362] Action: 3
[Step 3372] Action: 3
[Step 3382] Action: 3
[Step 3392] Action: 1
[Step 3406] Action: 2
[Step 3420] Action: 3
[Step 3434] Action: 3
[Step 3444] Action: 0
[Step 3458] Action: 2
[Step 3472] Action: 2
[Step 3482] Action: 2
[Step 3492] Action: 1
[Step 3506] Action: 2
[Step 3520] Action: 0
[Step 3534] Action: 3
[Step 3548] Action: 2
[Step 3562] Action: 1
[Step 3576] Action: 2
[Step 3590] Action: 2
[Step 3600] Action: 1
[Step 3614] Action: 1
[Step 3624] Action: 3
[Step 3638] Action: 0
[Step 3652] Action: 0
[Step 3662] Action: 3
[Step 3676] Action: 2
[Step 3690] Action: 2
[Step 3700] Action: 0
[Step 3714] Action: 1
[Step 3728] Action: 0
[Step 3742] Action: 3
[Step 3756] Action: 2
[Step 3770] Action: 1
[Step 3784] Action: 1
[Step 3794] Action: 2
[Step 3808] Action: 0
[Step 3822] Action: 2
[Step 3836] Action: 2
[Step 3846] Action: 2
[Step 3856] Action: 3
[Step 3870] Action: 1
[Step 3884] Action: 3
[Step 3898] Action: 0
[Step 3912] Action: 3
[Step 3926] Action: 3
[Step 3936] Action: 1
[Step 3950] Action: 2
[Step 3964] Action: 0
[Step 3978] Action: 3
[Step 3992] Action: 3
[Step 4002] Action: 0
[Step 4016] Action: 1
[Step 4030] Action: 2
[Step 4044] Action: 1
[Step 4058] Action: 1
[Step 4068] Action: 1
[Step 4078] Action: 1
[Step 4088] Action: 1
[Step 4098] Action: 3
[Step 4112] Action: 1
[Step 4126] Action: 1
[Step 4136] Action: 1
[Step 4146] Action: 3
[Step 4160] Action: 3
[Step 4170] Action: 3
[Step 4180] Action: 1
[Step 4194] Action: 3
[Step 4208] Action: 1
[Step 4222] Action: 3
[Step 4236] Action: 1
[Step 4250] Action: 0
[Step 4264] Action: 0
[Step 4274] Action: 3
[Step 4288] Action: 1
[Step 4302] Action: 2
[Step 4316] Action: 1
[Step 4330] Action: 2
[Step 4344] Action: 3
[Step 4358] Action: 2
[Step 4372] Action: 3
[Step 4386] Action: 0
[Step 4400] Action: 2
[Step 4414] Action: 2
[Step 4424] Action: 0
[Step 4438] Action: 1
[Step 4452] Action: 2
[Step 4466] Action: 2
[Step 4476] Action: 1
[Step 4490] Action: 0
[Step 4504] Action: 3
[Step 4518] Action: 3
[Step 4528] Action: 3
[Step 4538] Action: 2
[Step 4552] Action: 2
[Step 4562] Action: 0
[Step 4576] Action: 2
[Step 4590] Action: 1
[Step 4604] Action: 1
[Step 4614] Action: 2
[Step 4628] Action: 2
[Step 4638] Action: 3
[Step 4652] Action: 3
[Step 4662] Action: 3
[Step 4672] Action: 2
[Step 4686] Action: 1
[Step 4700] Action: 1
[Step 4710] Action: 1
[Step 4720] Action: 1
[Step 4730] Action: 2
[Step 4744] Action: 2
[Step 4754] Action: 1
[Step 4768] Action: 0
[Step 4782] Action: 3
[Step 4796] Action: 2
[Step 4810] Action: 3
[Step 4824] Action: 1
[Step 4838] Action: 2
[Step 4852] Action: 0
[Step 4866] Action: 0
[Step 4876] Action: 1
[Step 4890] Action: 1
[Step 4900] Action: 1
[Step 4910] Action: 0
[Step 4924] Action: 2
[Step 4938] Action: 0
[Step 4952] Action: 2
[Step 4966] Action: 1
[Step 4980] Action: 0
[Step 4994] Action: 1
[Step 5008] Action: 3
[Step 5022] Action: 0
[Step 5036] Action: 0
[Step 5046] Action: 3
[Step 5060] Action: 3
[Step 5070] Action: 0
[Step 5084] Action: 2
[Step 5098] Action: 1
[Step 5112] Action: 2
[Step 5126] Action: 0
[Step 5140] Action: 2
[Step 5154] Action: 3
[Step 5168] Action: 1
[Step 5182] Action: 0
[Step 5196] Action: 2
[Step 5210] Action: 1
[Step 5224] Action: 3
[Step 5238] Action: 3
[Step 5248] Action: 2
[Step 5262] Action: 0
[Step 5276] Action: 0
[Step 5286] Action: 0
[Step 5296] Action: 1
[Step 5310] Action: 1
[Step 5320] Action: 2
[Step 5334] Action: 1
[Step 5348] Action: 1
[Step 5358] Action: 1
[Step 5368] Action: 1
[Step 5378] Action: 1
[Step 5388] Action: 2
