[Step 0] Action: 2
[Step 10] Action: 2
[Step 20] Action: 2
[Step 30] Action: 3
[Step 44] Action: 2
[Step 58] Action: 2
[Step 68] Action: 2
[Step 78] Action: 3
[Step 92] Action: 2
[Step 106] Action: 3
[Step 120] Action: 2
[Step 134] Action: 2
[Step 144] Action: 0
[Step 158] Action: 3
[Step 172] Action: 2
[Step 186] Action: 3
[Step 200] Action: 3
[Step 210] Action: 3
[Step 220] Action: 0
[Step 234] Action: 3
[Step 248] Action: 2
[Step 262] Action: 1
[Step 276] Action: 3
[Step 290] Action: 1
[Step 304] Action: 2
[Step 318] Action: 2
[Step 328] Action: 0
[Step 342] Action: 1
[Step 356] Action: 2
[Step 370] Action: 1
[Step 384] Action: 2
[Step 398] Action: 0
[Step 412] Action: 2
[Step 426] Action: 0
[Step 440] Action: 3
[Step 454] Action: 2
[Step 468] Action: 0
[Step 482] Action: 2
[Step 496] Action: 1
[Step 510] Action: 0
[Step 524] Action: 3
[Step 538] Action: 1
[Step 552] Action: 3
[Step 566] Action: 1
[Step 580] Action: 2
[Step 594] Action: 0
[Step 608] Action: 0
[Step 618] Action: 3
[Step 632] Action: 2
[Step 646] Action: 1
[Step 660] Action: 2
[Step 674] Action: 0
[Step 688] Action: 2
[Step 702] Action: 2
[Step 712] Action: 2
[Step 722] Action: 3
[Step 736] Action: 0
[Step 750] Action: 0
[Step 760] Action: 1
[Step 774] Action: 2
[Step 788] Action: 1
[Step 802] Action: 2
[Step 816] Action: 0
[Step 830] Action: 3
[Step 844] Action: 1
[Step 858] Action: 2
[Step 872] Action: 3
[Step 886] Action: 1
[Step 900] Action: 3
[Step 914] Action: 0
[Step 928] Action: 2
[Step 942] Action: 2
[Step 952] Action: 1
[Step 966] Action: 0
[Step 980] Action: 2
[Step 994] Action: 3
[Step 1008] Action: 1
[Step 1022] Action: 3
[Step 1036] Action: 2
[Step 1050] Action: 2
[Step 1060] Action: 2
[Step 1070] Action: 1
[Step 1084] Action: 0
[Step 1098] Action: 2
[Step 1112] Action: 0
[Step 1126] Action: 3
[Step 1140] Action: 2
[Step 1154] Action: 0
[Step 1168] Action: 3
[Step 1182] Action: 0
[Step 1196] Action: 3
[Step 1210] Action: 2
[Step 1224] Action: 1
[Step 1238] Action: 1
[Step 1248] Action: 3
[Step 1262] Action: 0
[Step 1276] Action: 2
[Step 1290] Action: 3
[Step 1304] Action: 1
[Step 1318] Action: 2
[Step 1332] Action: 2
[Step 1342] Action: 0
[Step 1356] Action: 0
[Step 1366] Action: 2
[Step 1380] Action: 1
[Step 1394] Action: 2
[Step 1408] Action: 0
[Step 1422] Action: 0
[Step 1432] Action: 2
[Step 1446] Action: 1
[Step 1460] Action: 3
[Step 1474] Action: 2
[Step 1488] Action: 1
[Step 1502] Action: 0
[Step 1516] Action: 3
[Step 1530] Action: 0
[Step 1544] Action: 2
[Step 1558] Action: 1
[Step 1572] Action: 0
[Step 1586] Action: 2
[Step 1600] Action: 0
[Step 1614] Action: 2
[Step 1628] Action: 1
[Step 1642] Action: 3
[Step 1656] Action: 3
[Step 1666] Action: 0
[Step 1680] Action: 0
[Step 1690] Action: 2
[Step 1704] Action: 0
[Step 1718] Action: 2
[Step 1732] Action: 0
[Step 1746] Action: 0
[Step 1756] Action: 0
[Step 1766] Action: 3
[Step 1780] Action: 2
[Step 1794] Action: 2
[Step 1804] Action: 0
[Step 1818] Action: 1
[Step 1832] Action: 3
[Step 1846] Action: 0
[Step 1860] Action: 2
[Step 1874] Action: 0
[Step 1888] Action: 2
[Step 1902] Action: 3
[Step 1916] Action: 1
[Step 1930] Action: 2
[Step 1944] Action: 0
[Step 1958] Action: 2
[Step 1972] Action: 0
[Step 1986] Action: 3
[Step 2000] Action: 2
[Step 2014] Action: 0
[Step 2028] Action: 2
[Step 2042] Action: 3
[Step 2056] Action: 0
[Step 2070] Action: 2
[Step 2084] Action: 3
[Step 2098] Action: 1
[Step 2112] Action: 2
[Step 2126] Action: 1
[Step 2140] Action: 2
[Step 2154] Action: 2
[Step 2164] Action: 2
[Step 2174] Action: 3
[Step 2188] Action: 0
[Step 2202] Action: 3
[Step 2216] Action: 1
[Step 2230] Action: 3
[Step 2244] Action: 1
[Step 2258] Action: 1
[Step 2268] Action: 2
[Step 2282] Action: 0
[Step 2296] Action: 3
[Step 2310] Action: 2
[Step 2324] Action: 2
[Step 2334] Action: 0
[Step 2348] Action: 3
[Step 2362] Action: 1
[Step 2376] Action: 2
[Step 2390] Action: 2
[Step 2400] Action: 0
[Step 2414] Action: 2
[Step 2428] Action: 0
[Step 2442] Action: 2
[Step 2456] Action: 2
[Step 2466] Action: 0
[Step 2480] Action: 1
[Step 2494] Action: 2
[Step 2508] Action: 0
[Step 2522] Action: 3
[Step 2536] Action: 0
[Step 2550] Action: 2
[Step 2564] Action: 3
[Step 2578] Action: 3
[Step 2588] Action: 3
[Step 2598] Action: 0
[Step 2612] Action: 2
[Step 2626] Action: 2
[Step 2636] Action: 0
[Step 2650] Action: 0
[Step 2660] Action: 2
[Step 2674] Action: 0
[Step 2688] Action: 3
[Step 2702] Action: 1
[Step 2716] Action: 1
[Step 2726] Action: 2
[Step 2740] Action: 1
[Step 2754] Action: 3
[Step 2768] Action: 0
[Step 2782] Action: 3
[Step 2796] Action: 3
[Step 2806] Action: 2
[Step 2820] Action: 0
[Step 2834] Action: 1
[Step 2848] Action: 1
[Step 2858] Action: 0
[Step 2872] Action: 1
[Step 2886] Action: 2
[Step 2900] Action: 1
[Step 2914] Action: 3
[Step 2928] Action: 0
[Step 2942] Action: 3
[Step 2956] Action: 2
[Step 2970] Action: 1
[Step 2984] Action: 1
[Step 2994] Action: 1
[Step 3004] Action: 0
[Step 3018] Action: 3
[Step 3032] Action: 0
[Step 3046] Action: 3
[Step 3060] Action: 2
[Step 3074] Action: 3
[Step 3088] Action: 2
[Step 3102] Action: 2
[Step 3112] Action: 0
[Step 3126] Action: 1
[Step 3140] Action: 2
[Step 3154] Action: 2
[Step 3164] Action: 2
[Step 3174] Action: 2
[Step 3184] Action: 1
[Step 3198] Action: 0
[Step 3212] Action: 3
[Step 3226] Action: 3
[Step 3236] Action: 0
[Step 3250] Action: 1
[Step 3264] Action: 1
[Step 3274] Action: 2
[Step 3288] Action: 3
[Step 3302] Action: 2
[Step 3316] Action: 1
[Step 3330] Action: 2
[Step 3344] Action: 0
[Step 3358] Action: 3
[Step 3372] Action: 2
[Step 3386] Action: 2
[Step 3396] Action: 0
[Step 3410] Action: 2
[Step 3424] Action: 3
[Step 3438] Action: 2
[Step 3452] Action: 2
[Step 3462] Action: 2
[Step 3472] Action: 3
[Step 3486] Action: 0
[Step 3500] Action: 3
[Step 3514] Action: 2
[Step 3528] Action: 2
[Step 3538] Action: 0
[Step 3552] Action: 3
[Step 3566] Action: 1
[Step 3580] Action: 3
[Step 3594] Action: 1
[Step 3608] Action: 2
[Step 3622] Action: 0
[Step 3636] Action: 1
[Step 3650] Action: 2
[Step 3664] Action: 2
[Step 3674] Action: 2
[Step 3684] Action: 2
[Step 3694] Action: 2
[Step 3704] Action: 3
[Step 3718] Action: 2
[Step 3732] Action: 3
[Step 3746] Action: 0
[Step 3760] Action: 3
[Step 3774] Action: 2
[Step 3788] Action: 2
[Step 3798] Action: 3
[Step 3812] Action: 2
[Step 3826] Action: 2
[Step 3836] Action: 2
[Step 3846] Action: 0
[Step 3860] Action: 1
[Step 3874] Action: 2
[Step 3888] Action: 2
[Step 3898] Action: 2
[Step 3908] Action: 2
[Step 3918] Action: 2
[Step 3928] Action: 1
[Step 3942] Action: 2
[Step 3956] Action: 0
[Step 3970] Action: 3
[Step 3984] Action: 2
[Step 3998] Action: 3
[Step 4012] Action: 2
[Step 4026] Action: 0
[Step 4040] Action: 1
[Step 4054] Action: 2
[Step 4068] Action: 2
[Step 4078] Action: 0
[Step 4092] Action: 1
[Step 4106] Action: 2
[Step 4120] Action: 1
[Step 4134] Action: 0
[Step 4148] Action: 3
[Step 4162] Action: 2
[Step 4176] Action: 1
[Step 4190] Action: 3
[Step 4204] Action: 2
[Step 4218] Action: 2
[Step 4228] Action: 1
[Step 4242] Action: 1
[Step 4252] Action: 2
[Step 4266] Action: 1
[Step 4280] Action: 0
[Step 4294] Action: 2
[Step 4308] Action: 2
[Step 4318] Action: 3
[Step 4332] Action: 2
[Step 4346] Action: 2
[Step 4356] Action: 0
[Step 4370] Action: 2
[Step 4384] Action: 3
[Step 4398] Action: 2
[Step 4412] Action: 3
[Step 4426] Action: 1
[Step 4440] Action: 0
[Step 4454] Action: 0
[Step 4464] Action: 3
[Step 4478] Action: 2
[Step 4492] Action: 2
[Step 4502] Action: 2
[Step 4512] Action: 0
[Step 4526] Action: 3
[Step 4540] Action: 1
[Step 4554] Action: 2
[Step 4568] Action: 1
[Step 4582] Action: 3
[Step 4596] Action: 0
[Step 4610] Action: 3
[Step 4624] Action: 1
[Step 4638] Action: 0
[Step 4652] Action: 2
[Step 4666] Action: 2
[Step 4676] Action: 2
[Step 4686] Action: 1
[Step 4700] Action: 0
[Step 4714] Action: 3
[Step 4728] Action: 2
[Step 4742] Action: 3
[Step 4756] Action: 0
[Step 4770] Action: 2
[Step 4784] Action: 3
[Step 4798] Action: 2
[Step 4812] Action: 2
[Step 4822] Action: 0
[Step 4836] Action: 1
[Step 4850] Action: 0
[Step 4864] Action: 1
[Step 4878] Action: 2
[Step 4892] Action: 2
[Step 4902] Action: 2
[Step 4912] Action: 2
[Step 4922] Action: 3
[Step 4936] Action: 0
[Step 4950] Action: 0
[Step 4960] Action: 3
[Step 4974] Action: 0
[Step 4988] Action: 3
[Step 5002] Action: 2
[Step 5016] Action: 2
[Step 5026] Action: 2
[Step 5036] Action: 2
[Step 5046] Action: 2
[Step 5056] Action: 3
[Step 5070] Action: 2
[Step 5084] Action: 2
[Step 5094] Action: 2
[Step 5104] Action: 2
[Step 5114] Action: 0
[Step 5128] Action: 1
[Step 5142] Action: 3
[Step 5156] Action: 2
[Step 5170] Action: 2
[Step 5180] Action: 1
[Step 5194] Action: 2
[Step 5208] Action: 3
[Step 5222] Action: 2
[Step 5236] Action: 2
[Step 5246] Action: 3
[Step 5260] Action: 1
[Step 5274] Action: 3
[Step 5288] Action: 1
[Step 5302] Action: 2
[Step 5316] Action: 2
[Step 5326] Action: 2
[Step 5336] Action: 2
[Step 5346] Action: 1
[Step 5360] Action: 2
[Step 5374] Action: 1
[Step 5388] Action: 3
