[Step 0] Action: 3
[Step 10] Action: 3
[Step 20] Action: 3
[Step 30] Action: 3
[Step 40] Action: 3
[Step 50] Action: 3
[Step 60] Action: 0
[Step 74] Action: 0
[Step 84] Action: 1
[Step 98] Action: 1
[Step 108] Action: 2
[Step 122] Action: 2
[Step 132] Action: 2
[Step 142] Action: 3
[Step 156] Action: 3
[Step 166] Action: 3
[Step 176] Action: 0
[Step 190] Action: 3
[Step 204] Action: 2
[Step 218] Action: 2
[Step 228] Action: 2
[Step 238] Action: 0
[Step 252] Action: 0
[Step 262] Action: 3
[Step 276] Action: 2
[Step 290] Action: 2
[Step 300] Action: 0
[Step 314] Action: 1
[Step 328] Action: 0
[Step 342] Action: 0
[Step 352] Action: 1
[Step 366] Action: 2
[Step 380] Action: 2
[Step 390] Action: 0
[Step 404] Action: 1
[Step 418] Action: 2
[Step 432] Action: 3
[Step 446] Action: 0
[Step 460] Action: 0
[Step 470] Action: 3
[Step 484] Action: 0
[Step 498] Action: 2
[Step 512] Action: 0
[Step 526] Action: 1
[Step 540] Action: 2
[Step 554] Action: 2
[Step 564] Action: 2
[Step 574] Action: 2
[Step 584] Action: 3
[Step 598] Action: 1
[Step 612] Action: 2
[Step 626] Action: 2
[Step 636] Action: 2
[Step 646] Action: 0
[Step 660] Action: 1
[Step 674] Action: 0
[Step 688] Action: 0
[Step 698] Action: 1
[Step 712] Action: 2
[Step 726] Action: 0
[Step 740] Action: 3
[Step 754] Action: 3
[Step 764] Action: 1
[Step 778] Action: 3
[Step 792] Action: 3
[Step 802] Action: 1
[Step 816] Action: 1
[Step 826] Action: 1
[Step 836] Action: 2
[Step 850] Action: 2
[Step 860] Action: 2
[Step 870] Action: 0
[Step 884] Action: 3
[Step 898] Action: 0
[Step 912] Action: 3
[Step 926] Action: 2
[Step 940] Action: 2
[Step 950] Action: 0
[Step 964] Action: 1
[Step 978] Action: 0
[Step 992] Action: 3
[Step 1006] Action: 2
[Step 1020] Action: 0
[Step 1034] Action: 3
[Step 1048] Action: 3
[Step 1058] Action: 2
[Step 1072] Action: 2
[Step 1082] Action: 2
[Step 1092] Action: 2
[Step 1102] Action: 1
[Step 1116] Action: 3
[Step 1130] Action: 3
[Step 1140] Action: 2
[Step 1154] Action: 0
[Step 1168] Action: 1
[Step 1182] Action: 2
[Step 1196] Action: 2
[Step 1206] Action: 0
[Step 1220] Action: 1
[Step 1234] Action: 0
[Step 1248] Action: 1
[Step 1262] Action: 2
[Step 1276] Action: 2
[Step 1286] Action: 0
[Step 1300] Action: 1
[Step 1314] Action: 0
[Step 1328] Action: 0
[Step 1338] Action: 1
[Step 1352] Action: 0
[Step 1366] Action: 0
[Step 1376] Action: 3
[Step 1390] Action: 0
[Step 1404] Action: 1
[Step 1418] Action: 0
[Step 1432] Action: 1
[Step 1446] Action: 2
[Step 1460] Action: 0
[Step 1474] Action: 3
[Step 1488] Action: 2
[Step 1502] Action: 2
[Step 1512] Action: 0
[Step 1526] Action: 3
[Step 1540] Action: 0
[Step 1554] Action: 1
[Step 1568] Action: 2
[Step 1582] Action: 0
[Step 1596] Action: 3
[Step 1610] Action: 2
[Step 1624] Action: 0
[Step 1638] Action: 3
[Step 1652] Action: 2
[Step 1666] Action: 0
[Step 1680] Action: 3
[Step 1694] Action: 2
[Step 1708] Action: 0
[Step 1722] Action: 1
[Step 1736] Action: 0
[Step 1750] Action: 3
[Step 1764] Action: 0
[Step 1778] Action: 0
[Step 1788] Action: 1
[Step 1802] Action: 2
[Step 1816] Action: 2
[Step 1826] Action: 0
[Step 1840] Action: 3
[Step 1854] Action: 3
[Step 1864] Action: 1
[Step 1878] Action: 2
[Step 1892] Action: 1
[Step 1906] Action: 3
[Step 1920] Action: 1
[Step 1934] Action: 0
[Step 1948] Action: 3
[Step 1962] Action: 0
[Step 1976] Action: 1
[Step 1990] Action: 2
[Step 2004] Action: 2
[Step 2014] Action: 2
[Step 2024] Action: 2
[Step 2034] Action: 2
[Step 2044] Action: 1
[Step 2058] Action: 3
[Step 2072] Action: 0
[Step 2086] Action: 3
[Step 2100] Action: 2
[Step 2114] Action: 0
[Step 2128] Action: 2
[Step 2142] Action: 2
[Step 2152] Action: 1
[Step 2166] Action: 2
[Step 2180] Action: 3
[Step 2194] Action: 1
[Step 2208] Action: 3
[Step 2222] Action: 2
[Step 2236] Action: 2
[Step 2246] Action: 2
[Step 2256] Action: 0
[Step 2270] Action: 2
[Step 2284] Action: 1
[Step 2298] Action: 0
[Step 2312] Action: 1
[Step 2326] Action: 0
[Step 2340] Action: 3
[Step 2354] Action: 2
[Step 2368] Action: 0
[Step 2382] Action: 3
[Step 2396] Action: 0
[Step 2410] Action: 2
[Step 2424] Action: 2
[Step 2434] Action: 2
[Step 2444] Action: 0
[Step 2458] Action: 3
[Step 2472] Action: 2
[Step 2486] Action: 0
[Step 2500] Action: 3
[Step 2514] Action: 2
[Step 2528] Action: 2
[Step 2538] Action: 0
[Step 2552] Action: 1
[Step 2566] Action: 0
[Step 2580] Action: 3
[Step 2594] Action: 2
[Step 2608] Action: 0
[Step 2622] Action: 2
[Step 2636] Action: 0
[Step 2650] Action: 3
[Step 2664] Action: 0
[Step 2678] Action: 3
[Step 2692] Action: 2
[Step 2706] Action: 2
[Step 2716] Action: 2
[Step 2726] Action: 1
[Step 2740] Action: 3
[Step 2754] Action: 1
[Step 2768] Action: 3
[Step 2782] Action: 2
[Step 2796] Action: 2
[Step 2806] Action: 1
[Step 2820] Action: 3
[Step 2834] Action: 3
[Step 2844] Action: 3
[Step 2854] Action: 1
[Step 2868] Action: 2
[Step 2882] Action: 0
[Step 2896] Action: 3
[Step 2910] Action: 3
[Step 2920] Action: 2
[Step 2934] Action: 2
[Step 2944] Action: 3
[Step 2958] Action: 1
[Step 2972] Action: 3
[Step 2986] Action: 3
[Step 2996] Action: 2
[Step 3010] Action: 2
[Step 3020] Action: 2
[Step 3030] Action: 2
[Step 3040] Action: 1
[Step 3054] Action: 3
[Step 3068] Action: 1
[Step 3082] Action: 0
[Step 3096] Action: 3
[Step 3110] Action: 2
[Step 3124] Action: 0
[Step 3138] Action: 3
[Step 3152] Action: 2
[Step 3166] Action: 2
[Step 3176] Action: 2
[Step 3186] Action: 2
[Step 3196] Action: 3
[Step 3210] Action: 3
[Step 3220] Action: 0
[Step 3234] Action: 3
[Step 3248] Action: 1
[Step 3262] Action: 3
[Step 3276] Action: 2
[Step 3290] Action: 1
[Step 3304] Action: 3
[Step 3318] Action: 1
[Step 3332] Action: 0
[Step 3346] Action: 3
[Step 3360] Action: 1
[Step 3374] Action: 1
[Step 3384] Action: 0
[Step 3398] Action: 3
[Step 3412] Action: 2
[Step 3426] Action: 2
[Step 3436] Action: 3
[Step 3450] Action: 3
[Step 3460] Action: 3
[Step 3470] Action: 3
[Step 3480] Action: 3
[Step 3490] Action: 0
[Step 3504] Action: 3
[Step 3518] Action: 2
[Step 3532] Action: 2
[Step 3542] Action: 2
[Step 3552] Action: 2
[Step 3562] Action: 3
[Step 3576] Action: 3
[Step 3586] Action: 3
[Step 3596] Action: 0
[Step 3610] Action: 3
[Step 3624] Action: 2
[Step 3638] Action: 2
[Step 3648] Action: 2
[Step 3658] Action: 2
[Step 3668] Action: 3
[Step 3682] Action: 3
[Step 3692] Action: 3
[Step 3702] Action: 0
[Step 3716] Action: 3
[Step 3730] Action: 2
[Step 3744] Action: 1
[Step 3758] Action: 2
[Step 3772] Action: 3
[Step 3786] Action: 3
[Step 3796] Action: 3
[Step 3806] Action: 3
[Step 3816] Action: 2
[Step 3830] Action: 2
[Step 3840] Action: 2
[Step 3850] Action: 2
[Step 3860] Action: 3
[Step 3874] Action: 3
[Step 3884] Action: 3
[Step 3894] Action: 3
[Step 3904] Action: 0
[Step 3918] Action: 3
[Step 3932] Action: 2
[Step 3946] Action: 2
[Step 3956] Action: 2
[Step 3966] Action: 2
[Step 3976] Action: 3
[Step 3990] Action: 3
[Step 4000] Action: 1
[Step 4014] Action: 2
[Step 4028] Action: 2
[Step 4038] Action: 2
[Step 4048] Action: 2
[Step 4058] Action: 1
[Step 4072] Action: 1
[Step 4082] Action: 3
[Step 4096] Action: 3
[Step 4106] Action: 2
[Step 4120] Action: 1
[Step 4134] Action: 2
[Step 4148] Action: 3
[Step 4162] Action: 3
[Step 4172] Action: 3
[Step 4182] Action: 3
[Step 4192] Action: 2
[Step 4206] Action: 2
[Step 4216] Action: 2
[Step 4226] Action: 2
[Step 4236] Action: 2
[Step 4246] Action: 3
[Step 4260] Action: 3
[Step 4270] Action: 3
[Step 4280] Action: 0
[Step 4294] Action: 3
[Step 4308] Action: 0
[Step 4322] Action: 3
[Step 4336] Action: 2
[Step 4350] Action: 2
[Step 4360] Action: 2
[Step 4370] Action: 2
[Step 4380] Action: 3
[Step 4394] Action: 3
[Step 4404] Action: 0
[Step 4418] Action: 3
[Step 4432] Action: 2
[Step 4446] Action: 2
[Step 4456] Action: 2
[Step 4466] Action: 2
[Step 4476] Action: 3
[Step 4490] Action: 3
[Step 4500] Action: 3
[Step 4510] Action: 0
[Step 4524] Action: 3
[Step 4538] Action: 2
[Step 4552] Action: 2
[Step 4562] Action: 2
[Step 4572] Action: 2
[Step 4582] Action: 3
[Step 4596] Action: 3
[Step 4606] Action: 1
[Step 4620] Action: 2
[Step 4634] Action: 0
[Step 4648] Action: 1
[Step 4662] Action: 2
[Step 4676] Action: 2
[Step 4686] Action: 2
[Step 4696] Action: 2
[Step 4706] Action: 3
[Step 4720] Action: 3
[Step 4730] Action: 3
[Step 4740] Action: 0
[Step 4754] Action: 3
[Step 4768] Action: 0
[Step 4782] Action: 3
[Step 4796] Action: 3
[Step 4806] Action: 2
[Step 4820] Action: 2
[Step 4830] Action: 2
[Step 4840] Action: 3
[Step 4854] Action: 3
[Step 4864] Action: 3
[Step 4874] Action: 1
[Step 4888] Action: 2
[Step 4902] Action: 2
[Step 4912] Action: 1
[Step 4926] Action: 3
[Step 4940] Action: 3
[Step 4950] Action: 3
[Step 4960] Action: 2
[Step 4974] Action: 2
[Step 4984] Action: 2
[Step 4994] Action: 2
[Step 5004] Action: 2
[Step 5014] Action: 3
[Step 5028] Action: 3
[Step 5038] Action: 3
[Step 5048] Action: 1
[Step 5062] Action: 2
[Step 5076] Action: 2
[Step 5086] Action: 2
[Step 5096] Action: 2
[Step 5106] Action: 3
[Step 5120] Action: 3
[Step 5130] Action: 3
[Step 5140] Action: 3
[Step 5150] Action: 2
[Step 5164] Action: 2
[Step 5174] Action: 2
[Step 5184] Action: 2
[Step 5194] Action: 3
[Step 5208] Action: 3
[Step 5218] Action: 3
[Step 5228] Action: 3
[Step 5238] Action: 2
[Step 5252] Action: 2
[Step 5262] Action: 2
[Step 5272] Action: 3
[Step 5286] Action: 3
[Step 5296] Action: 3
[Step 5306] Action: 2
[Step 5320] Action: 3
[Step 5334] Action: 0
[Step 5348] Action: 3
[Step 5362] Action: 2
[Step 5376] Action: 3
[Step 5390] Action: 2
