[Step 0] Action: 2
[Step 10] Action: 0
[Step 24] Action: 3
[Step 38] Action: 0
[Step 52] Action: 1
[Step 66] Action: 3
[Step 80] Action: 3
[Step 90] Action: 2
[Step 104] Action: 0
[Step 118] Action: 1
[Step 132] Action: 1
[Step 142] Action: 3
[Step 156] Action: 3
[Step 166] Action: 1
[Step 180] Action: 0
[Step 194] Action: 2
[Step 208] Action: 0
[Step 222] Action: 0
[Step 232] Action: 2
[Step 246] Action: 1
[Step 260] Action: 1
[Step 270] Action: 1
[Step 280] Action: 2
[Step 294] Action: 3
[Step 308] Action: 0
[Step 322] Action: 3
[Step 336] Action: 1
[Step 350] Action: 0
[Step 364] Action: 1
[Step 378] Action: 1
[Step 388] Action: 3
[Step 402] Action: 0
[Step 416] Action: 1
[Step 430] Action: 3
[Step 444] Action: 1
[Step 458] Action: 3
[Step 472] Action: 1
[Step 486] Action: 3
[Step 500] Action: 3
[Step 510] Action: 0
[Step 524] Action: 2
[Step 538] Action: 1
[Step 552] Action: 0
[Step 566] Action: 2
[Step 580] Action: 3
[Step 594] Action: 3
[Step 604] Action: 1
[Step 618] Action: 1
[Step 628] Action: 3
[Step 642] Action: 1
[Step 656] Action: 0
[Step 670] Action: 3
[Step 684] Action: 3
[Step 694] Action: 3
[Step 704] Action: 3
[Step 714] Action: 0
[Step 728] Action: 1
[Step 742] Action: 2
[Step 756] Action: 3
[Step 770] Action: 3
[Step 780] Action: 1
[Step 794] Action: 3
[Step 808] Action: 0
[Step 822] Action: 2
[Step 836] Action: 0
[Step 850] Action: 0
[Step 860] Action: 2
[Step 874] Action: 1
[Step 888] Action: 0
[Step 902] Action: 1
[Step 916] Action: 2
[Step 930] Action: 0
[Step 944] Action: 0
[Step 954] Action: 0
[Step 964] Action: 1
[Step 978] Action: 3
[Step 992] Action: 0
[Step 1006] Action: 0
[Step 1016] Action: 3
[Step 1030] Action: 1
[Step 1044] Action: 0
[Step 1058] Action: 2
[Step 1072] Action: 3
[Step 1086] Action: 0
[Step 1100] Action: 2
[Step 1114] Action: 1
[Step 1128] Action: 2
[Step 1142] Action: 1
[Step 1156] Action: 0
[Step 1170] Action: 3
[Step 1184] Action: 1
[Step 1198] Action: 3
[Step 1212] Action: 3
[Step 1222] Action: 0
[Step 1236] Action: 3
[Step 1250] Action: 0
[Step 1264] Action: 0
[Step 1274] Action: 0
[Step 1284] Action: 0
[Step 1294] Action: 2
[Step 1308] Action: 2
[Step 1318] Action: 2
[Step 1328] Action: 2
[Step 1338] Action: 1
[Step 1352] Action: 1
[Step 1362] Action: 2
[Step 1376] Action: 3
[Step 1390] Action: 1
[Step 1404] Action: 3
[Step 1418] Action: 1
[Step 1432] Action: 2
[Step 1446] Action: 2
[Step 1456] Action: 2
[Step 1466] Action: 2
[Step 1476] Action: 0
[Step 1490] Action: 3
[Step 1504] Action: 1
[Step 1518] Action: 0
[Step 1532] Action: 1
[Step 1546] Action: 0
[Step 1560] Action: 3
[Step 1574] Action: 3
[Step 1584] Action: 1
[Step 1598] Action: 2
[Step 1612] Action: 2
[Step 1622] Action: 3
[Step 1636] Action: 0
[Step 1650] Action: 2
[Step 1664] Action: 2
[Step 1674] Action: 2
[Step 1684] Action: 2
[Step 1694] Action: 3
[Step 1708] Action: 1
[Step 1722] Action: 0
[Step 1736] Action: 0
[Step 1746] Action: 1
[Step 1760] Action: 0
[Step 1774] Action: 0
[Step 1784] Action: 1
[Step 1798] Action: 3
[Step 1812] Action: 0
[Step 1826] Action: 2
[Step 1840] Action: 0
[Step 1854] Action: 3
[Step 1868] Action: 0
[Step 1882] Action: 0
[Step 1892] Action: 3
[Step 1906] Action: 3
[Step 1916] Action: 0
[Step 1930] Action: 1
[Step 1944] Action: 0
[Step 1958] Action: 1
[Step 1972] Action: 2
[Step 1986] Action: 1
[Step 2000] Action: 0
[Step 2014] Action: 0
[Step 2024] Action: 0
[Step 2034] Action: 0
[Step 2044] Action: 2
[Step 2058] Action: 1
[Step 2072] Action: 2
[Step 2086] Action: 3
[Step 2100] Action: 1
[Step 2114] Action: 3
[Step 2128] Action: 1
[Step 2142] Action: 3
[Step 2156] Action: 0
[Step 2170] Action: 3
[Step 2184] Action: 2
[Step 2198] Action: 0
[Step 2212] Action: 1
[Step 2226] Action: 1
[Step 2236] Action: 3
[Step 2250] Action: 1
[Step 2264] Action: 0
[Step 2278] Action: 1
[Step 2292] Action: 0
[Step 2306] Action: 0
[Step 2316] Action: 0
[Step 2326] Action: 2
[Step 2340] Action: 0
[Step 2354] Action: 0
[Step 2364] Action: 2
[Step 2378] Action: 1
[Step 2392] Action: 3
[Step 2406] Action: 0
[Step 2420] Action: 3
[Step 2434] Action: 1
[Step 2448] Action: 3
[Step 2462] Action: 1
[Step 2476] Action: 1
[Step 2486] Action: 1
[Step 2496] Action: 1
[Step 2506] Action: 2
[Step 2520] Action: 0
[Step 2534] Action: 3
[Step 2548] Action: 0
[Step 2562] Action: 1
[Step 2576] Action: 0
[Step 2590] Action: 3
[Step 2604] Action: 2
[Step 2618] Action: 2
[Step 2628] Action: 1
[Step 2642] Action: 3
[Step 2656] Action: 2
[Step 2670] Action: 2
[Step 2680] Action: 2
[Step 2690] Action: 2
[Step 2700] Action: 3
[Step 2714] Action: 3
[Step 2724] Action: 0
[Step 2738] Action: 2
[Step 2752] Action: 3
[Step 2766] Action: 3
[Step 2776] Action: 1
[Step 2790] Action: 1
[Step 2800] Action: 0
[Step 2814] Action: 3
[Step 2828] Action: 0
[Step 2842] Action: 1
[Step 2856] Action: 2
[Step 2870] Action: 2
[Step 2880] Action: 0
[Step 2894] Action: 0
[Step 2904] Action: 3
[Step 2918] Action: 1
[Step 2932] Action: 1
[Step 2942] Action: 0
[Step 2956] Action: 3
[Step 2970] Action: 0
[Step 2984] Action: 2
[Step 2998] Action: 1
[Step 3012] Action: 3
[Step 3026] Action: 0
[Step 3040] Action: 1
[Step 3054] Action: 0
[Step 3068] Action: 2
[Step 3082] Action: 3
[Step 3096] Action: 3
[Step 3106] Action: 0
[Step 3120] Action: 3
[Step 3134] Action: 3
[Step 3144] Action: 0
[Step 3158] Action: 0
[Step 3168] Action: 1
[Step 3182] Action: 3
[Step 3196] Action: 0
[Step 3210] Action: 1
[Step 3224] Action: 3
[Step 3238] Action: 0
[Step 3252] Action: 0
[Step 3262] Action: 2
[Step 3276] Action: 0
[Step 3290] Action: 1
[Step 3304] Action: 0
[Step 3318] Action: 2
[Step 3332] Action: 2
[Step 3342] Action: 0
[Step 3356] Action: 2
[Step 3370] Action: 3
[Step 3384] Action: 0
[Step 3398] Action: 2
[Step 3412] Action: 3
[Step 3426] Action: 1
[Step 3440] Action: 0
[Step 3454] Action: 0
[Step 3464] Action: 3
[Step 3478] Action: 3
[Step 3488] Action: 0
[Step 3502] Action: 2
[Step 3516] Action: 0
[Step 3530] Action: 1
[Step 3544] Action: 0
[Step 3558] Action: 2
[Step 3572] Action: 3
[Step 3586] Action: 3
[Step 3596] Action: 1
[Step 3610] Action: 3
[Step 3624] Action: 1
[Step 3638] Action: 2
[Step 3652] Action: 1
[Step 3666] Action: 3
[Step 3680] Action: 1
[Step 3694] Action: 0
[Step 3708] Action: 2
[Step 3722] Action: 3
[Step 3736] Action: 0
[Step 3750] Action: 1
[Step 3764] Action: 0
[Step 3778] Action: 0
[Step 3788] Action: 1
[Step 3802] Action: 0
[Step 3816] Action: 0
[Step 3826] Action: 1
[Step 3840] Action: 0
[Step 3854] Action: 3
[Step 3868] Action: 3
[Step 3878] Action: 0
[Step 3892] Action: 2
[Step 3906] Action: 3
[Step 3920] Action: 3
[Step 3930] Action: 1
[Step 3944] Action: 1
[Step 3954] Action: 3
[Step 3968] Action: 2
[Step 3982] Action: 2
[Step 3992] Action: 3
[Step 4006] Action: 3
[Step 4016] Action: 0
[Step 4030] Action: 3
[Step 4044] Action: 1
[Step 4058] Action: 2
[Step 4072] Action: 3
[Step 4086] Action: 2
[Step 4100] Action: 1
[Step 4114] Action: 2
[Step 4128] Action: 3
[Step 4142] Action: 3
[Step 4152] Action: 1
[Step 4166] Action: 3
[Step 4180] Action: 3
[Step 4190] Action: 2
[Step 4204] Action: 3
[Step 4218] Action: 2
[Step 4232] Action: 1
[Step 4246] Action: 3
[Step 4260] Action: 0
[Step 4274] Action: 2
[Step 4288] Action: 0
[Step 4302] Action: 0
[Step 4312] Action: 2
[Step 4326] Action: 3
[Step 4340] Action: 1
[Step 4354] Action: 2
[Step 4368] Action: 0
[Step 4382] Action: 1
[Step 4396] Action: 3
[Step 4410] Action: 0
[Step 4424] Action: 3
[Step 4438] Action: 3
[Step 4448] Action: 3
[Step 4458] Action: 2
[Step 4472] Action: 1
[Step 4486] Action: 0
[Step 4500] Action: 1
[Step 4514] Action: 1
[Step 4524] Action: 3
[Step 4538] Action: 2
[Step 4552] Action: 1
[Step 4566] Action: 2
[Step 4580] Action: 1
[Step 4594] Action: 0
[Step 4608] Action: 2
[Step 4622] Action: 1
[Step 4636] Action: 0
[Step 4650] Action: 0
[Step 4660] Action: 2
[Step 4674] Action: 0
[Step 4688] Action: 3
[Step 4702] Action: 1
[Step 4716] Action: 0
[Step 4730] Action: 2
[Step 4744] Action: 2
[Step 4754] Action: 1
[Step 4768] Action: 2
[Step 4782] Action: 0
[Step 4796] Action: 2
[Step 4810] Action: 1
[Step 4824] Action: 3
[Step 4838] Action: 0
[Step 4852] Action: 2
[Step 4866] Action: 2
[Step 4876] Action: 2
[Step 4886] Action: 3
[Step 4900] Action: 0
[Step 4914] Action: 2
[Step 4928] Action: 1
[Step 4942] Action: 2
[Step 4956] Action: 0
[Step 4970] Action: 2
[Step 4984] Action: 1
[Step 4998] Action: 2
[Step 5012] Action: 0
[Step 5026] Action: 3
[Step 5040] Action: 3
[Step 5050] Action: 3
[Step 5060] Action: 0
[Step 5074] Action: 2
[Step 5088] Action: 1
[Step 5102] Action: 0
[Step 5116] Action: 1
[Step 5130] Action: 1
[Step 5140] Action: 2
[Step 5154] Action: 0
[Step 5168] Action: 1
[Step 5182] Action: 2
[Step 5196] Action: 0
[Step 5210] Action: 1
[Step 5224] Action: 3
[Step 5238] Action: 0
[Step 5252] Action: 1
[Step 5266] Action: 3
[Step 5280] Action: 0
[Step 5294] Action: 1
[Step 5308] Action: 0
[Step 5322] Action: 1
[Step 5336] Action: 1
[Step 5346] Action: 3
[Step 5360] Action: 2
[Step 5374] Action: 1
[Step 5388] Action: 3
