[Step 0] Action: 1
[Step 10] Action: 2
[Step 24] Action: 0
[Step 38] Action: 1
[Step 52] Action: 0
[Step 66] Action: 1
[Step 80] Action: 1
[Step 90] Action: 3
[Step 104] Action: 0
[Step 118] Action: 0
[Step 128] Action: 1
[Step 142] Action: 1
[Step 152] Action: 0
[Step 166] Action: 1
[Step 180] Action: 0
[Step 194] Action: 2
[Step 208] Action: 1
[Step 222] Action: 1
[Step 232] Action: 1
[Step 242] Action: 1
[Step 252] Action: 2
[Step 266] Action: 1
[Step 280] Action: 3
[Step 294] Action: 1
[Step 308] Action: 2
[Step 322] Action: 2
[Step 332] Action: 1
[Step 346] Action: 1
[Step 356] Action: 1
[Step 366] Action: 1
[Step 376] Action: 1
[Step 386] Action: 3
[Step 400] Action: 3
[Step 410] Action: 0
[Step 424] Action: 1
[Step 438] Action: 3
[Step 452] Action: 1
[Step 466] Action: 1
[Step 476] Action: 2
[Step 490] Action: 1
[Step 504] Action: 0
[Step 518] Action: 2
[Step 532] Action: 1
[Step 546] Action: 3
[Step 560] Action: 2
[Step 574] Action: 1
[Step 588] Action: 1
[Step 598] Action: 2
[Step 612] Action: 0
[Step 626] Action: 0
[Step 636] Action: 0
[Step 646] Action: 1
[Step 660] Action: 1
[Step 670] Action: 1
[Step 680] Action: 1
[Step 690] Action: 2
[Step 704] Action: 1
[Step 718] Action: 0
[Step 732] Action: 2
[Step 746] Action: 2
[Step 756] Action: 2
[Step 766] Action: 1
[Step 780] Action: 1
[Step 790] Action: 3
[Step 804] Action: 3
[Step 814] Action: 0
[Step 828] Action: 3
[Step 842] Action: 0
[Step 856] Action: 0
[Step 866] Action: 0
[Step 876] Action: 0
[Step 886] Action: 2
[Step 900] Action: 0
[Step 914] Action: 1
[Step 928] Action: 1
[Step 938] Action: 0
[Step 952] Action: 2
[Step 966] Action: 0
[Step 980] Action: 3
[Step 994] Action: 2
[Step 1008] Action: 2
[Step 1018] Action: 0
[Step 1032] Action: 2
[Step 1046] Action: 1
[Step 1060] Action: 3
[Step 1074] Action: 1
[Step 1088] Action: 2
[Step 1102] Action: 0
[Step 1116] Action: 1
[Step 1130] Action: 1
[Step 1140] Action: 3
[Step 1154] Action: 2
[Step 1168] Action: 1
[Step 1182] Action: 2
[Step 1196] Action: 1
[Step 1210] Action: 2
[Step 1224] Action: 2
[Step 1234] Action: 2
[Step 1244] Action: 0
[Step 1258] Action: 1
[Step 1272] Action: 3
[Step 1286] Action: 0
[Step 1300] Action: 3
[Step 1314] Action: 2
[Step 1328] Action: 0
[Step 1342] Action: 1
[Step 1356] Action: 0
[Step 1370] Action: 0
[Step 1380] Action: 1
[Step 1394] Action: 1
[Step 1404] Action: 0
[Step 1418] Action: 3
[Step 1432] Action: 1
[Step 1446] Action: 0
[Step 1460] Action: 1
[Step 1474] Action: 1
[Step 1484] Action: 0
[Step 1498] Action: 2
[Step 1512] Action: 1
[Step 1526] Action: 0
[Step 1540] Action: 1
[Step 1554] Action: 0
[Step 1568] Action: 3
[Step 1582] Action: 1
[Step 1596] Action: 1
[Step 1606] Action: 2
[Step 1620] Action: 2
[Step 1630] Action: 3
[Step 1644] Action: 2
[Step 1658] Action: 2
[Step 1668] Action: 2
[Step 1678] Action: 2
[Step 1688] Action: 0
[Step 1702] Action: 2
[Step 1716] Action: 0
[Step 1730] Action: 2
[Step 1744] Action: 1
[Step 1758] Action: 1
[Step 1768] Action: 1
[Step 1778] Action: 3
[Step 1792] Action: 1
[Step 1806] Action: 3
[Step 1820] Action: 1
[Step 1834] Action: 0
[Step 1848] Action: 3
[Step 1862] Action: 0
[Step 1876] Action: 0
[Step 1886] Action: 2
[Step 1900] Action: 1
[Step 1914] Action: 1
[Step 1924] Action: 3
[Step 1938] Action: 1
[Step 1952] Action: 1
[Step 1962] Action: 1
[Step 1972] Action: 1
[Step 1982] Action: 3
[Step 1996] Action: 0
[Step 2010] Action: 1
[Step 2024] Action: 1
[Step 2034] Action: 1
[Step 2044] Action: 2
[Step 2058] Action: 1
[Step 2072] Action: 1
[Step 2082] Action: 1
[Step 2092] Action: 1
[Step 2102] Action: 3
[Step 2116] Action: 0
[Step 2130] Action: 2
[Step 2144] Action: 1
[Step 2158] Action: 3
[Step 2172] Action: 1
[Step 2186] Action: 1
[Step 2196] Action: 0
[Step 2210] Action: 3
[Step 2224] Action: 0
[Step 2238] Action: 0
[Step 2248] Action: 1
[Step 2262] Action: 0
[Step 2276] Action: 3
[Step 2290] Action: 1
[Step 2304] Action: 0
[Step 2318] Action: 1
[Step 2332] Action: 3
[Step 2346] Action: 2
[Step 2360] Action: 1
[Step 2374] Action: 2
[Step 2388] Action: 0
[Step 2402] Action: 1
[Step 2416] Action: 0
[Step 2430] Action: 2
[Step 2444] Action: 1
[Step 2458] Action: 1
[Step 2468] Action: 3
[Step 2482] Action: 0
[Step 2496] Action: 0
[Step 2506] Action: 3
[Step 2520] Action: 0
[Step 2534] Action: 1
[Step 2548] Action: 1
[Step 2558] Action: 3
[Step 2572] Action: 1
[Step 2586] Action: 2
[Step 2600] Action: 2
[Step 2610] Action: 1
[Step 2624] Action: 2
[Step 2638] Action: 1
[Step 2652] Action: 1
[Step 2662] Action: 0
[Step 2676] Action: 2
[Step 2690] Action: 2
[Step 2700] Action: 2
[Step 2710] Action: 1
[Step 2724] Action: 0
[Step 2738] Action: 1
[Step 2752] Action: 2
[Step 2766] Action: 3
[Step 2780] Action: 1
[Step 2794] Action: 1
[Step 2804] Action: 1
[Step 2814] Action: 1
[Step 2824] Action: 2
[Step 2838] Action: 2
[Step 2848] Action: 1
[Step 2862] Action: 3
[Step 2876] Action: 0
[Step 2890] Action: 2
[Step 2904] Action: 1
[Step 2918] Action: 1
[Step 2928] Action: 0
[Step 2942] Action: 1
[Step 2956] Action: 1
[Step 2966] Action: 1
[Step 2976] Action: 2
[Step 2990] Action: 3
[Step 3004] Action: 1
[Step 3018] Action: 3
[Step 3032] Action: 1
[Step 3046] Action: 1
[Step 3056] Action: 1
[Step 3066] Action: 2
[Step 3080] Action: 3
[Step 3094] Action: 1
[Step 3108] Action: 2
[Step 3122] Action: 3
[Step 3136] Action: 1
[Step 3150] Action: 1
[Step 3160] Action: 3
[Step 3174] Action: 1
[Step 3188] Action: 1
[Step 3198] Action: 1
[Step 3208] Action: 3
[Step 3222] Action: 0
[Step 3236] Action: 1
[Step 3250] Action: 3
[Step 3264] Action: 0
[Step 3278] Action: 0
[Step 3288] Action: 0
[Step 3298] Action: 1
[Step 3312] Action: 3
[Step 3326] Action: 0
[Step 3340] Action: 2
[Step 3354] Action: 3
[Step 3368] Action: 1
[Step 3382] Action: 0
[Step 3396] Action: 1
[Step 3410] Action: 0
[Step 3424] Action: 3
[Step 3438] Action: 2
[Step 3452] Action: 1
[Step 3466] Action: 1
[Step 3476] Action: 1
[Step 3486] Action: 1
[Step 3496] Action: 0
[Step 3510] Action: 2
[Step 3524] Action: 0
[Step 3538] Action: 2
[Step 3552] Action: 3
[Step 3566] Action: 1
[Step 3580] Action: 2
[Step 3594] Action: 1
[Step 3608] Action: 0
[Step 3622] Action: 1
[Step 3636] Action: 0
[Step 3650] Action: 0
[Step 3660] Action: 0
[Step 3670] Action: 3
[Step 3684] Action: 1
[Step 3698] Action: 1
[Step 3708] Action: 0
[Step 3722] Action: 2
[Step 3736] Action: 1
[Step 3750] Action: 1
[Step 3760] Action: 3
[Step 3774] Action: 3
[Step 3784] Action: 2
[Step 3798] Action: 1
[Step 3812] Action: 1
[Step 3822] Action: 0
[Step 3836] Action: 3
[Step 3850] Action: 0
[Step 3864] Action: 3
[Step 3878] Action: 2
[Step 3892] Action: 3
[Step 3906] Action: 0
[Step 3920] Action: 0
[Step 3930] Action: 0
[Step 3940] Action: 0
[Step 3950] Action: 2
[Step 3964] Action: 1
[Step 3978] Action: 2
[Step 3992] Action: 3
[Step 4006] Action: 1
[Step 4020] Action: 3
[Step 4034] Action: 3
[Step 4044] Action: 2
[Step 4058] Action: 0
[Step 4072] Action: 1
[Step 4086] Action: 3
[Step 4100] Action: 3
[Step 4110] Action: 3
[Step 4120] Action: 1
[Step 4134] Action: 0
[Step 4148] Action: 2
[Step 4162] Action: 3
[Step 4176] Action: 0
[Step 4190] Action: 1
[Step 4204] Action: 1
[Step 4214] Action: 2
[Step 4228] Action: 1
[Step 4242] Action: 1
[Step 4252] Action: 1
[Step 4262] Action: 1
[Step 4272] Action: 1
[Step 4282] Action: 0
[Step 4296] Action: 2
[Step 4310] Action: 0
[Step 4324] Action: 1
[Step 4338] Action: 0
[Step 4352] Action: 1
[Step 4366] Action: 1
[Step 4376] Action: 1
[Step 4386] Action: 2
[Step 4400] Action: 0
[Step 4414] Action: 1
[Step 4428] Action: 1
[Step 4438] Action: 2
[Step 4452] Action: 3
[Step 4466] Action: 1
[Step 4480] Action: 1
[Step 4490] Action: 2
[Step 4504] Action: 1
[Step 4518] Action: 2
[Step 4532] Action: 1
[Step 4546] Action: 3
[Step 4560] Action: 3
[Step 4570] Action: 1
[Step 4584] Action: 2
[Step 4598] Action: 0
[Step 4612] Action: 1
[Step 4626] Action: 3
[Step 4640] Action: 1
[Step 4654] Action: 1
[Step 4664] Action: 0
[Step 4678] Action: 1
[Step 4692] Action: 1
[Step 4702] Action: 3
[Step 4716] Action: 3
[Step 4726] Action: 1
[Step 4740] Action: 3
[Step 4754] Action: 2
[Step 4768] Action: 1
[Step 4782] Action: 2
[Step 4796] Action: 0
[Step 4810] Action: 3
[Step 4824] Action: 3
[Step 4834] Action: 3
[Step 4844] Action: 0
[Step 4858] Action: 1
[Step 4872] Action: 1
[Step 4882] Action: 3
[Step 4896] Action: 1
[Step 4910] Action: 0
[Step 4924] Action: 1
[Step 4938] Action: 2
[Step 4952] Action: 2
[Step 4962] Action: 3
[Step 4976] Action: 0
[Step 4990] Action: 1
[Step 5004] Action: 1
[Step 5014] Action: 1
[Step 5024] Action: 3
[Step 5038] Action: 1
[Step 5052] Action: 0
[Step 5066] Action: 2
[Step 5080] Action: 3
[Step 5094] Action: 1
[Step 5108] Action: 0
[Step 5122] Action: 1
[Step 5136] Action: 1
[Step 5146] Action: 1
[Step 5156] Action: 1
[Step 5166] Action: 2
[Step 5180] Action: 1
[Step 5194] Action: 1
[Step 5204] Action: 3
[Step 5218] Action: 1
[Step 5232] Action: 2
[Step 5246] Action: 1
[Step 5260] Action: 1
[Step 5270] Action: 1
[Step 5280] Action: 2
[Step 5294] Action: 3
[Step 5308] Action: 1
[Step 5322] Action: 3
[Step 5336] Action: 1
[Step 5350] Action: 1
[Step 5360] Action: 2
[Step 5374] Action: 2
[Step 5384] Action: 2
[Step 5394] Action: 2
