[Step 0] Action: 2
[Step 10] Action: 1
[Step 24] Action: 2
[Step 38] Action: 0
[Step 52] Action: 2
[Step 66] Action: 0
[Step 80] Action: 2
[Step 94] Action: 0
[Step 108] Action: 2
[Step 122] Action: 3
[Step 136] Action: 1
[Step 150] Action: 2
[Step 164] Action: 0
[Step 178] Action: 2
[Step 192] Action: 0
[Step 206] Action: 0
[Step 216] Action: 2
[Step 230] Action: 0
[Step 244] Action: 0
[Step 254] Action: 2
[Step 268] Action: 2
[Step 278] Action: 0
[Step 292] Action: 2
[Step 306] Action: 2
[Step 316] Action: 0
[Step 330] Action: 2
[Step 344] Action: 3
[Step 358] Action: 0
[Step 372] Action: 2
[Step 386] Action: 1
[Step 400] Action: 1
[Step 410] Action: 2
[Step 424] Action: 0
[Step 438] Action: 2
[Step 452] Action: 0
[Step 466] Action: 3
[Step 480] Action: 1
[Step 494] Action: 0
[Step 508] Action: 1
[Step 522] Action: 2
[Step 536] Action: 0
[Step 550] Action: 2
[Step 564] Action: 0
[Step 578] Action: 2
[Step 592] Action: 3
[Step 606] Action: 0
[Step 620] Action: 1
[Step 634] Action: 3
[Step 648] Action: 0
[Step 662] Action: 0
[Step 672] Action: 2
[Step 686] Action: 2
[Step 696] Action: 0
[Step 710] Action: 2
[Step 724] Action: 0
[Step 738] Action: 2
[Step 752] Action: 1
[Step 766] Action: 2
[Step 780] Action: 2
[Step 790] Action: 1
[Step 804] Action: 0
[Step 818] Action: 2
[Step 832] Action: 0
[Step 846] Action: 2
[Step 860] Action: 0
[Step 874] Action: 2
[Step 888] Action: 0
[Step 902] Action: 3
[Step 916] Action: 3
[Step 926] Action: 0
[Step 940] Action: 1
[Step 954] Action: 0
[Step 968] Action: 2
[Step 982] Action: 0
[Step 996] Action: 2
[Step 1010] Action: 0
[Step 1024] Action: 2
[Step 1038] Action: 0
[Step 1052] Action: 2
[Step 1066] Action: 0
[Step 1080] Action: 2
[Step 1094] Action: 2
[Step 1104] Action: 2
[Step 1114] Action: 1
[Step 1128] Action: 1
[Step 1138] Action: 2
[Step 1152] Action: 1
[Step 1166] Action: 3
[Step 1180] Action: 2
[Step 1194] Action: 3
[Step 1208] Action: 0
[Step 1222] Action: 2
[Step 1236] Action: 0
[Step 1250] Action: 2
[Step 1264] Action: 2
[Step 1274] Action: 0
[Step 1288] Action: 0
[Step 1298] Action: 1
[Step 1312] Action: 1
[Step 1322] Action: 3
[Step 1336] Action: 0
[Step 1350] Action: 2
[Step 1364] Action: 0
[Step 1378] Action: 0
[Step 1388] Action: 1
[Step 1402] Action: 0
[Step 1416] Action: 2
[Step 1430] Action: 0
[Step 1444] Action: 2
[Step 1458] Action: 1
[Step 1472] Action: 2
[Step 1486] Action: 1
[Step 1500] Action: 1
[Step 1510] Action: 2
[Step 1524] Action: 3
[Step 1538] Action: 0
[Step 1552] Action: 0
[Step 1562] Action: 2
[Step 1576] Action: 0
[Step 1590] Action: 1
[Step 1604] Action: 0
[Step 1618] Action: 1
[Step 1632] Action: 0
[Step 1646] Action: 2
[Step 1660] Action: 1
[Step 1674] Action: 0
[Step 1688] Action: 3
[Step 1702] Action: 3
[Step 1712] Action: 0
[Step 1726] Action: 2
[Step 1740] Action: 0
[Step 1754] Action: 2
[Step 1768] Action: 0
[Step 1782] Action: 0
[Step 1792] Action: 2
[Step 1806] Action: 0
[Step 1820] Action: 2
[Step 1834] Action: 0
[Step 1848] Action: 2
[Step 1862] Action: 0
[Step 1876] Action: 2
[Step 1890] Action: 0
[Step 1904] Action: 2
[Step 1918] Action: 0
[Step 1932] Action: 3
[Step 1946] Action: 0
[Step 1960] Action: 2
[Step 1974] Action: 2
[Step 1984] Action: 3
[Step 1998] Action: 0
[Step 2012] Action: 2
[Step 2026] Action: 0
[Step 2040] Action: 0
[Step 2050] Action: 2
[Step 2064] Action: 1
[Step 2078] Action: 0
[Step 2092] Action: 2
[Step 2106] Action: 3
[Step 2120] Action: 0
[Step 2134] Action: 3
[Step 2148] Action: 1
[Step 2162] Action: 0
[Step 2176] Action: 2
[Step 2190] Action: 0
[Step 2204] Action: 3
[Step 2218] Action: 0
[Step 2232] Action: 0
[Step 2242] Action: 2
[Step 2256] Action: 2
[Step 2266] Action: 0
[Step 2280] Action: 2
[Step 2294] Action: 1
[Step 2308] Action: 3
[Step 2322] Action: 2
[Step 2336] Action: 0
[Step 2350] Action: 2
[Step 2364] Action: 0
[Step 2378] Action: 2
[Step 2392] Action: 0
[Step 2406] Action: 0
[Step 2416] Action: 2
[Step 2430] Action: 0
[Step 2444] Action: 2
[Step 2458] Action: 1
[Step 2472] Action: 1
[Step 2482] Action: 3
[Step 2496] Action: 3
[Step 2506] Action: 0
[Step 2520] Action: 2
[Step 2534] Action: 0
[Step 2548] Action: 3
[Step 2562] Action: 2
[Step 2576] Action: 0
[Step 2590] Action: 2
[Step 2604] Action: 0
[Step 2618] Action: 2
[Step 2632] Action: 1
[Step 2646] Action: 1
[Step 2656] Action: 0
[Step 2670] Action: 2
[Step 2684] Action: 3
[Step 2698] Action: 0
[Step 2712] Action: 2
[Step 2726] Action: 0
[Step 2740] Action: 2
[Step 2754] Action: 0
[Step 2768] Action: 2
[Step 2782] Action: 2
[Step 2792] Action: 0
[Step 2806] Action: 2
[Step 2820] Action: 3
[Step 2834] Action: 3
[Step 2844] Action: 0
[Step 2858] Action: 2
[Step 2872] Action: 2
[Step 2882] Action: 0
[Step 2896] Action: 2
[Step 2910] Action: 0
[Step 2924] Action: 3
[Step 2938] Action: 0
[Step 2952] Action: 1
[Step 2966] Action: 1
[Step 2976] Action: 3
[Step 2990] Action: 0
[Step 3004] Action: 2
[Step 3018] Action: 0
[Step 3032] Action: 2
[Step 3046] Action: 2
[Step 3056] Action: 0
[Step 3070] Action: 0
[Step 3080] Action: 1
[Step 3094] Action: 0
[Step 3108] Action: 2
[Step 3122] Action: 3
[Step 3136] Action: 0
[Step 3150] Action: 0
[Step 3160] Action: 2
[Step 3174] Action: 0
[Step 3188] Action: 2
[Step 3202] Action: 0
[Step 3216] Action: 2
[Step 3230] Action: 2
[Step 3240] Action: 0
[Step 3254] Action: 2
[Step 3268] Action: 1
[Step 3282] Action: 1
[Step 3292] Action: 1
[Step 3302] Action: 1
[Step 3312] Action: 3
[Step 3326] Action: 0
[Step 3340] Action: 1
[Step 3354] Action: 0
[Step 3368] Action: 2
[Step 3382] Action: 0
[Step 3396] Action: 2
[Step 3410] Action: 0
[Step 3424] Action: 2
[Step 3438] Action: 0
[Step 3452] Action: 2
[Step 3466] Action: 0
[Step 3480] Action: 1
[Step 3494] Action: 2
[Step 3508] Action: 0
[Step 3522] Action: 0
[Step 3532] Action: 3
[Step 3546] Action: 2
[Step 3560] Action: 0
[Step 3574] Action: 3
[Step 3588] Action: 0
[Step 3602] Action: 0
[Step 3612] Action: 2
[Step 3626] Action: 0
[Step 3640] Action: 2
[Step 3654] Action: 3
[Step 3668] Action: 0
[Step 3682] Action: 2
[Step 3696] Action: 0
[Step 3710] Action: 2
[Step 3724] Action: 0
[Step 3738] Action: 2
[Step 3752] Action: 0
[Step 3766] Action: 2
[Step 3780] Action: 0
[Step 3794] Action: 0
[Step 3804] Action: 3
[Step 3818] Action: 0
[Step 3832] Action: 2
[Step 3846] Action: 0
[Step 3860] Action: 2
[Step 3874] Action: 3
[Step 3888] Action: 0
[Step 3902] Action: 2
[Step 3916] Action: 0
[Step 3930] Action: 2
[Step 3944] Action: 2
[Step 3954] Action: 0
[Step 3968] Action: 2
[Step 3982] Action: 0
[Step 3996] Action: 2
[Step 4010] Action: 1
[Step 4024] Action: 2
[Step 4038] Action: 0
[Step 4052] Action: 2
[Step 4066] Action: 0
[Step 4080] Action: 2
[Step 4094] Action: 2
[Step 4104] Action: 0
[Step 4118] Action: 0
[Step 4128] Action: 2
[Step 4142] Action: 2
[Step 4152] Action: 2
[Step 4162] Action: 0
[Step 4176] Action: 3
[Step 4190] Action: 0
[Step 4204] Action: 1
[Step 4218] Action: 2
[Step 4232] Action: 0
[Step 4246] Action: 2
[Step 4260] Action: 0
[Step 4274] Action: 2
[Step 4288] Action: 0
[Step 4302] Action: 2
[Step 4316] Action: 2
[Step 4326] Action: 0
[Step 4340] Action: 0
[Step 4350] Action: 2
[Step 4364] Action: 0
[Step 4378] Action: 2
[Step 4392] Action: 1
[Step 4406] Action: 3
[Step 4420] Action: 2
[Step 4434] Action: 0
[Step 4448] Action: 2
[Step 4462] Action: 0
[Step 4476] Action: 1
[Step 4490] Action: 1
[Step 4500] Action: 2
[Step 4514] Action: 3
[Step 4528] Action: 3
[Step 4538] Action: 0
[Step 4552] Action: 2
[Step 4566] Action: 0
[Step 4580] Action: 2
[Step 4594] Action: 3
[Step 4608] Action: 0
[Step 4622] Action: 1
[Step 4636] Action: 2
[Step 4650] Action: 1
[Step 4664] Action: 0
[Step 4678] Action: 3
[Step 4692] Action: 3
[Step 4702] Action: 0
[Step 4716] Action: 2
[Step 4730] Action: 0
[Step 4744] Action: 2
[Step 4758] Action: 3
[Step 4772] Action: 0
[Step 4786] Action: 2
[Step 4800] Action: 1
[Step 4814] Action: 2
[Step 4828] Action: 1
[Step 4842] Action: 3
[Step 4856] Action: 3
[Step 4866] Action: 1
[Step 4880] Action: 2
[Step 4894] Action: 0
[Step 4908] Action: 2
[Step 4922] Action: 3
[Step 4936] Action: 0
[Step 4950] Action: 2
[Step 4964] Action: 0
[Step 4978] Action: 2
[Step 4992] Action: 0
[Step 5006] Action: 3
[Step 5020] Action: 3
[Step 5030] Action: 3
[Step 5040] Action: 2
[Step 5054] Action: 0
[Step 5068] Action: 2
[Step 5082] Action: 1
[Step 5096] Action: 2
[Step 5110] Action: 2
[Step 5120] Action: 0
[Step 5134] Action: 2
[Step 5148] Action: 0
[Step 5162] Action: 3
[Step 5176] Action: 0
[Step 5190] Action: 0
[Step 5200] Action: 2
[Step 5214] Action: 0
[Step 5228] Action: 1
[Step 5242] Action: 2
[Step 5256] Action: 1
[Step 5270] Action: 1
[Step 5280] Action: 0
[Step 5294] Action: 3
[Step 5308] Action: 0
[Step 5322] Action: 1
[Step 5336] Action: 2
[Step 5350] Action: 0
[Step 5364] Action: 2
[Step 5378] Action: 0
[Step 5392] Action: 2
