[Step 0] Agent 0 Action: 1, Reward: 0.0000
[Step 0] Agent 1 Action: 0, Reward: 0.0000
[Step 0] Adaptive green duration: 40
[Simulate] Step 1: Queue length 0, Waiting time 0.0
[Simulate] Step 2: Queue length 0, Waiting time 0.0
[Simulate] Step 3: Queue length 0, Waiting time 0.0
[Simulate] Step 4: Queue length 0, Waiting time 0.0
[Simulate] Step 5: Queue length 0, Waiting time 0.0
[Simulate] Step 6: Queue length 0, Waiting time 0.0
[Simulate] Step 7: Queue length 0, Waiting time 0.0
[Simulate] Step 8: Queue length 0, Waiting time 0.0
[Simulate] Step 9: Queue length 0, Waiting time 0.0
[Simulate] Step 10: Queue length 0, Waiting time 0.0
[Simulate] Step 11: Queue length 0, Waiting time 0.0
[Simulate] Step 12: Queue length 0, Waiting time 0.0
[Simulate] Step 13: Queue length 0, Waiting time 0.0
[Simulate] Step 14: Queue length 0, Waiting time 0.0
[Simulate] Step 15: Queue length 0, Waiting time 0.0
[Simulate] Step 16: Queue length 0, Waiting time 0.0
[Simulate] Step 17: Queue length 0, Waiting time 0.0
[Simulate] Step 18: Queue length 0, Waiting time 0.0
[Simulate] Step 19: Queue length 0, Waiting time 0.0
[Simulate] Step 20: Queue length 0, Waiting time 0.0
[Simulate] Step 21: Queue length 0, Waiting time 0.0
[Simulate] Step 22: Queue length 0, Waiting time 0.0
[Simulate] Step 23: Queue length 0, Waiting time 0.0
[Simulate] Step 24: Queue length 0, Waiting time 0.0
[Simulate] Step 25: Queue length 0, Waiting time 0.0
[Simulate] Step 26: Queue length 0, Waiting time 0.0
[Simulate] Step 27: Queue length 0, Waiting time 0.0
[Simulate] Step 28: Queue length 0, Waiting time 0.0
[Simulate] Step 29: Queue length 0, Waiting time 0.0
[Simulate] Step 30: Queue length 0, Waiting time 0.0
[Simulate] Step 31: Queue length 0, Waiting time 0.0
[Simulate] Step 32: Queue length 0, Waiting time 0.0
[Simulate] Step 33: Queue length 0, Waiting time 0.0
[Simulate] Step 34: Queue length 0, Waiting time 0.0
[Simulate] Step 35: Queue length 0, Waiting time 0.0
[Simulate] Step 36: Queue length 0, Waiting time 0.0
[Simulate] Step 37: Queue length 0, Waiting time 0.0
[Simulate] Step 38: Queue length 0, Waiting time 0.0
[Simulate] Step 39: Queue length 0, Waiting time 0.0
[Simulate] Step 40: Queue length 0, Waiting time 0.0
[Step 40] Agent 0 Action: 2, Reward: -0.1000
[Step 40] Agent 1 Action: 0, Reward: -0.1000
[SetYellow] TL TL: Set yellow phase 3 out of 8 phases.
[Simulate] Step 41: Queue length 0, Waiting time 0.0
[Simulate] Step 42: Queue length 0, Waiting time 0.0
[Simulate] Step 43: Queue length 0, Waiting time 0.0
[Simulate] Step 44: Queue length 0, Waiting time 0.0
[Step 44] Adaptive green duration: 40
[Simulate] Step 45: Queue length 0, Waiting time 0.0
[Simulate] Step 46: Queue length 0, Waiting time 0.0
[Simulate] Step 47: Queue length 0, Waiting time 0.0
[Simulate] Step 48: Queue length 0, Waiting time 0.0
[Simulate] Step 49: Queue length 0, Waiting time 0.0
[Simulate] Step 50: Queue length 0, Waiting time 0.0
[Simulate] Step 51: Queue length 0, Waiting time 0.0
[Simulate] Step 52: Queue length 0, Waiting time 0.0
[Simulate] Step 53: Queue length 0, Waiting time 0.0
[Simulate] Step 54: Queue length 0, Waiting time 0.0
[Simulate] Step 55: Queue length 0, Waiting time 0.0
[Simulate] Step 56: Queue length 0, Waiting time 0.0
[Simulate] Step 57: Queue length 0, Waiting time 0.0
[Simulate] Step 58: Queue length 0, Waiting time 0.0
[Simulate] Step 59: Queue length 0, Waiting time 0.0
[Simulate] Step 60: Queue length 0, Waiting time 0.0
[Simulate] Step 61: Queue length 0, Waiting time 0.0
[Simulate] Step 62: Queue length 0, Waiting time 0.0
[Simulate] Step 63: Queue length 0, Waiting time 0.0
[Simulate] Step 64: Queue length 0, Waiting time 0.0
[Simulate] Step 65: Queue length 0, Waiting time 0.0
[Simulate] Step 66: Queue length 0, Waiting time 0.0
[Simulate] Step 67: Queue length 0, Waiting time 0.0
[Simulate] Step 68: Queue length 0, Waiting time 0.0
[Simulate] Step 69: Queue length 0, Waiting time 0.0
[Simulate] Step 70: Queue length 0, Waiting time 0.0
[Simulate] Step 71: Queue length 0, Waiting time 0.0
[Simulate] Step 72: Queue length 0, Waiting time 0.0
[Simulate] Step 73: Queue length 0, Waiting time 0.0
[Simulate] Step 74: Queue length 0, Waiting time 0.0
[Simulate] Step 75: Queue length 0, Waiting time 0.0
[Simulate] Step 76: Queue length 0, Waiting time 0.0
[Simulate] Step 77: Queue length 0, Waiting time 0.0
[Simulate] Step 78: Queue length 0, Waiting time 0.0
[Simulate] Step 79: Queue length 0, Waiting time 0.0
[Simulate] Step 80: Queue length 0, Waiting time 0.0
[Simulate] Step 81: Queue length 0, Waiting time 0.0
[Simulate] Step 82: Queue length 0, Waiting time 0.0
[Simulate] Step 83: Queue length 0, Waiting time 0.0
[Simulate] Step 84: Queue length 0, Waiting time 0.0
[Step 84] Agent 0 Action: 3, Reward: -0.1000
[Step 84] Agent 1 Action: 0, Reward: -0.1000
[SetYellow] TL TL: Set yellow phase 5 out of 8 phases.
[Simulate] Step 85: Queue length 0, Waiting time 0.0
[Simulate] Step 86: Queue length 0, Waiting time 0.0
[Simulate] Step 87: Queue length 0, Waiting time 0.0
[Simulate] Step 88: Queue length 0, Waiting time 0.0
[Step 88] Adaptive green duration: 40
[Simulate] Step 89: Queue length 0, Waiting time 0.0
[Simulate] Step 90: Queue length 0, Waiting time 0.0
[Simulate] Step 91: Queue length 0, Waiting time 0.0
[Simulate] Step 92: Queue length 0, Waiting time 0.0
[Simulate] Step 93: Queue length 1, Waiting time 1.0
[Simulate] Step 94: Queue length 1, Waiting time 2.0
[Simulate] Step 95: Queue length 1, Waiting time 3.0
[Simulate] Step 96: Queue length 1, Waiting time 4.0
[Simulate] Step 97: Queue length 1, Waiting time 5.0
[Simulate] Step 98: Queue length 1, Waiting time 6.0
[Simulate] Step 99: Queue length 1, Waiting time 7.0
[Simulate] Step 100: Queue length 1, Waiting time 8.0
[Simulate] Step 101: Queue length 1, Waiting time 9.0
[Simulate] Step 102: Queue length 1, Waiting time 10.0
[Simulate] Step 103: Queue length 1, Waiting time 11.0
[Simulate] Step 104: Queue length 1, Waiting time 12.0
[Simulate] Step 105: Queue length 2, Waiting time 14.0
[Simulate] Step 106: Queue length 2, Waiting time 16.0
[Simulate] Step 107: Queue length 3, Waiting time 19.0
[Simulate] Step 108: Queue length 3, Waiting time 22.0
[Simulate] Step 109: Queue length 3, Waiting time 25.0
[Simulate] Step 110: Queue length 3, Waiting time 28.0
[Simulate] Step 111: Queue length 3, Waiting time 31.0
[Simulate] Step 112: Queue length 3, Waiting time 34.0
[Simulate] Step 113: Queue length 3, Waiting time 37.0
[Simulate] Step 114: Queue length 3, Waiting time 40.0
[Simulate] Step 115: Queue length 3, Waiting time 43.0
[Simulate] Step 116: Queue length 3, Waiting time 46.0
[Simulate] Step 117: Queue length 3, Waiting time 49.0
[Simulate] Step 118: Queue length 3, Waiting time 52.0
[Simulate] Step 119: Queue length 3, Waiting time 55.0
[Simulate] Step 120: Queue length 3, Waiting time 58.0
[Simulate] Step 121: Queue length 3, Waiting time 61.0
[Simulate] Step 122: Queue length 3, Waiting time 64.0
[Simulate] Step 123: Queue length 4, Waiting time 68.0
[Simulate] Step 124: Queue length 4, Waiting time 72.0
[Simulate] Step 125: Queue length 4, Waiting time 76.0
[Simulate] Step 126: Queue length 4, Waiting time 80.0
[Simulate] Step 127: Queue length 4, Waiting time 84.0
[Simulate] Step 128: Queue length 4, Waiting time 88.0
[Step 128] Agent 0 Action: 0, Reward: -0.1580
[Step 128] Agent 1 Action: 3, Reward: -0.1580
[SetYellow] TL TL: Set yellow phase 7 out of 8 phases.
[Simulate] Step 129: Queue length 4, Waiting time 92.0
[Simulate] Step 130: Queue length 4, Waiting time 96.0
[Simulate] Step 131: Queue length 4, Waiting time 100.0
[Simulate] Step 132: Queue length 4, Waiting time 104.0
[SetYellow] TL 2_TL: Set yellow phase 1 out of 8 phases.
[Simulate] Step 133: Queue length 4, Waiting time 108.0
[Simulate] Step 134: Queue length 4, Waiting time 112.0
[Simulate] Step 135: Queue length 4, Waiting time 116.0
[Simulate] Step 136: Queue length 4, Waiting time 120.0
[Step 136] Adaptive green duration: 41
[Simulate] Step 137: Queue length 3, Waiting time 123.0
[Simulate] Step 138: Queue length 2, Waiting time 93.0
[Simulate] Step 139: Queue length 3, Waiting time 96.0
[Simulate] Step 140: Queue length 3, Waiting time 99.0
[Simulate] Step 141: Queue length 3, Waiting time 102.0
[Simulate] Step 142: Queue length 3, Waiting time 74.0
[Simulate] Step 143: Queue length 3, Waiting time 77.0
[Simulate] Step 144: Queue length 3, Waiting time 111.0
[Simulate] Step 145: Queue length 3, Waiting time 114.0
[Simulate] Step 146: Queue length 3, Waiting time 117.0
[Simulate] Step 147: Queue length 3, Waiting time 120.0
[Simulate] Step 148: Queue length 3, Waiting time 123.0
[Simulate] Step 149: Queue length 3, Waiting time 126.0
[Simulate] Step 150: Queue length 3, Waiting time 129.0
[Simulate] Step 151: Queue length 3, Waiting time 132.0
[Simulate] Step 152: Queue length 3, Waiting time 135.0
[Simulate] Step 153: Queue length 3, Waiting time 138.0
[Simulate] Step 154: Queue length 3, Waiting time 141.0
[Simulate] Step 155: Queue length 3, Waiting time 144.0
[Simulate] Step 156: Queue length 3, Waiting time 147.0
[Simulate] Step 157: Queue length 3, Waiting time 150.0
[Simulate] Step 158: Queue length 3, Waiting time 153.0
[Simulate] Step 159: Queue length 3, Waiting time 156.0
[Simulate] Step 160: Queue length 3, Waiting time 159.0
[Simulate] Step 161: Queue length 3, Waiting time 162.0
[Simulate] Step 162: Queue length 3, Waiting time 165.0
[Simulate] Step 163: Queue length 3, Waiting time 168.0
[Simulate] Step 164: Queue length 4, Waiting time 172.0
[Simulate] Step 165: Queue length 4, Waiting time 176.0
[Simulate] Step 166: Queue length 5, Waiting time 181.0
[Simulate] Step 167: Queue length 5, Waiting time 186.0
[Simulate] Step 168: Queue length 5, Waiting time 191.0
[Simulate] Step 169: Queue length 5, Waiting time 196.0
[Simulate] Step 170: Queue length 5, Waiting time 201.0
[Simulate] Step 171: Queue length 5, Waiting time 206.0
[Simulate] Step 172: Queue length 5, Waiting time 211.0
[Simulate] Step 173: Queue length 5, Waiting time 216.0
[Simulate] Step 174: Queue length 5, Waiting time 221.0
[Simulate] Step 175: Queue length 5, Waiting time 226.0
[Simulate] Step 176: Queue length 5, Waiting time 231.0
[Simulate] Step 177: Queue length 6, Waiting time 237.0
[Step 177] Agent 0 Action: 0, Reward: -0.2280
[Step 177] Agent 1 Action: 3, Reward: -0.2280
[Step 177] Adaptive green duration: 46
[Simulate] Step 178: Queue length 6, Waiting time 243.0
[Simulate] Step 179: Queue length 6, Waiting time 249.0
[Simulate] Step 180: Queue length 6, Waiting time 255.0
[Simulate] Step 181: Queue length 7, Waiting time 262.0
[Simulate] Step 182: Queue length 7, Waiting time 269.0
[Simulate] Step 183: Queue length 7, Waiting time 276.0
[Simulate] Step 184: Queue length 7, Waiting time 283.0
[Simulate] Step 185: Queue length 8, Waiting time 291.0
[Simulate] Step 186: Queue length 8, Waiting time 299.0
[Simulate] Step 187: Queue length 8, Waiting time 307.0
[Simulate] Step 188: Queue length 10, Waiting time 317.0
[Simulate] Step 189: Queue length 10, Waiting time 327.0
[Simulate] Step 190: Queue length 11, Waiting time 338.0
[Simulate] Step 191: Queue length 11, Waiting time 349.0
[Simulate] Step 192: Queue length 11, Waiting time 360.0
[Simulate] Step 193: Queue length 11, Waiting time 371.0
[Simulate] Step 194: Queue length 11, Waiting time 382.0
[Simulate] Step 195: Queue length 11, Waiting time 393.0
[Simulate] Step 196: Queue length 11, Waiting time 404.0
[Simulate] Step 197: Queue length 11, Waiting time 415.0
[Simulate] Step 198: Queue length 11, Waiting time 426.0
[Simulate] Step 199: Queue length 11, Waiting time 437.0
[Simulate] Step 200: Queue length 11, Waiting time 448.0
[Simulate] Step 201: Queue length 11, Waiting time 459.0
[Simulate] Step 202: Queue length 11, Waiting time 470.0
[Simulate] Step 203: Queue length 11, Waiting time 481.0
[Simulate] Step 204: Queue length 11, Waiting time 492.0
[Simulate] Step 205: Queue length 12, Waiting time 504.0
[Simulate] Step 206: Queue length 12, Waiting time 516.0
[Simulate] Step 207: Queue length 12, Waiting time 528.0
[Simulate] Step 208: Queue length 12, Waiting time 540.0
[Simulate] Step 209: Queue length 12, Waiting time 552.0
[Simulate] Step 210: Queue length 12, Waiting time 564.0
[Simulate] Step 211: Queue length 12, Waiting time 576.0
[Simulate] Step 212: Queue length 12, Waiting time 588.0
[Simulate] Step 213: Queue length 12, Waiting time 600.0
[Simulate] Step 214: Queue length 12, Waiting time 612.0
[Simulate] Step 215: Queue length 12, Waiting time 624.0
[Simulate] Step 216: Queue length 12, Waiting time 636.0
[Simulate] Step 217: Queue length 12, Waiting time 648.0
[Simulate] Step 218: Queue length 12, Waiting time 660.0
[Simulate] Step 219: Queue length 12, Waiting time 672.0
[Simulate] Step 220: Queue length 12, Waiting time 684.0
[Simulate] Step 221: Queue length 12, Waiting time 696.0
[Simulate] Step 222: Queue length 12, Waiting time 708.0
[Simulate] Step 223: Queue length 12, Waiting time 720.0
[Step 223] Agent 0 Action: 3, Reward: -0.6130
[Step 223] Agent 1 Action: 3, Reward: -0.6130
[SetYellow] TL TL: Set yellow phase 1 out of 8 phases.
[Simulate] Step 224: Queue length 12, Waiting time 732.0
[Simulate] Step 225: Queue length 12, Waiting time 744.0
[Simulate] Step 226: Queue length 12, Waiting time 756.0
[Simulate] Step 227: Queue length 12, Waiting time 768.0
[Step 227] Adaptive green duration: 50
[Simulate] Step 228: Queue length 12, Waiting time 780.0
[Simulate] Step 229: Queue length 12, Waiting time 792.0
[Simulate] Step 230: Queue length 12, Waiting time 804.0
[Simulate] Step 231: Queue length 12, Waiting time 816.0
[Simulate] Step 232: Queue length 12, Waiting time 828.0
[Simulate] Step 233: Queue length 12, Waiting time 840.0
[Simulate] Step 234: Queue length 12, Waiting time 852.0
[Simulate] Step 235: Queue length 13, Waiting time 865.0
[Simulate] Step 236: Queue length 14, Waiting time 879.0
[Simulate] Step 237: Queue length 14, Waiting time 893.0
[Simulate] Step 238: Queue length 14, Waiting time 907.0
[Simulate] Step 239: Queue length 14, Waiting time 921.0
[Simulate] Step 240: Queue length 15, Waiting time 936.0
[Simulate] Step 241: Queue length 15, Waiting time 951.0
[Simulate] Step 242: Queue length 15, Waiting time 966.0
[Simulate] Step 243: Queue length 16, Waiting time 982.0
[Simulate] Step 244: Queue length 17, Waiting time 999.0
[Simulate] Step 245: Queue length 17, Waiting time 1016.0
[Simulate] Step 246: Queue length 17, Waiting time 1033.0
[Simulate] Step 247: Queue length 17, Waiting time 1050.0
[Simulate] Step 248: Queue length 17, Waiting time 1067.0
[Simulate] Step 249: Queue length 17, Waiting time 1084.0
[Simulate] Step 250: Queue length 17, Waiting time 1101.0
[Simulate] Step 251: Queue length 17, Waiting time 1118.0
[Simulate] Step 252: Queue length 18, Waiting time 1136.0
[Simulate] Step 253: Queue length 19, Waiting time 1155.0
[Simulate] Step 254: Queue length 19, Waiting time 1174.0
[Simulate] Step 255: Queue length 19, Waiting time 1193.0
[Simulate] Step 256: Queue length 19, Waiting time 1212.0
[Simulate] Step 257: Queue length 19, Waiting time 1231.0
[Simulate] Step 258: Queue length 20, Waiting time 1251.0
[Simulate] Step 259: Queue length 20, Waiting time 1271.0
[Simulate] Step 260: Queue length 20, Waiting time 1291.0
[Simulate] Step 261: Queue length 20, Waiting time 1311.0
[Simulate] Step 262: Queue length 20, Waiting time 1331.0
[Simulate] Step 263: Queue length 20, Waiting time 1351.0
[Simulate] Step 264: Queue length 20, Waiting time 1371.0
[Simulate] Step 265: Queue length 20, Waiting time 1391.0
[Simulate] Step 266: Queue length 21, Waiting time 1412.0
[Simulate] Step 267: Queue length 21, Waiting time 1433.0
[Simulate] Step 268: Queue length 21, Waiting time 1454.0
[Simulate] Step 269: Queue length 21, Waiting time 1475.0
[Simulate] Step 270: Queue length 21, Waiting time 1496.0
[Simulate] Step 271: Queue length 21, Waiting time 1517.0
[Simulate] Step 272: Queue length 21, Waiting time 1538.0
[Simulate] Step 273: Queue length 22, Waiting time 1560.0
[Simulate] Step 274: Queue length 22, Waiting time 1582.0
[Simulate] Step 275: Queue length 24, Waiting time 1606.0
[Simulate] Step 276: Queue length 25, Waiting time 1631.0
[Simulate] Step 277: Queue length 25, Waiting time 1656.0
[Step 277] Agent 0 Action: 2, Reward: -1.0510
[Step 277] Agent 1 Action: 2, Reward: -1.0510
[SetYellow] TL TL: Set yellow phase 7 out of 8 phases.
[Simulate] Step 278: Queue length 26, Waiting time 1682.0
[Simulate] Step 279: Queue length 27, Waiting time 1709.0
[Simulate] Step 280: Queue length 27, Waiting time 1736.0
[Simulate] Step 281: Queue length 27, Waiting time 1763.0
[SetYellow] TL 2_TL: Set yellow phase 7 out of 8 phases.
[Simulate] Step 282: Queue length 28, Waiting time 1791.0
[Simulate] Step 283: Queue length 28, Waiting time 1819.0
[Simulate] Step 284: Queue length 28, Waiting time 1847.0
[Simulate] Step 285: Queue length 28, Waiting time 1875.0
[Step 285] Adaptive green duration: 50
[Simulate] Step 286: Queue length 22, Waiting time 1897.0
[Simulate] Step 287: Queue length 17, Waiting time 1101.0
[Simulate] Step 288: Queue length 17, Waiting time 1118.0
[Simulate] Step 289: Queue length 16, Waiting time 1134.0
[Simulate] Step 290: Queue length 15, Waiting time 1149.0
[Simulate] Step 291: Queue length 15, Waiting time 897.0
[Simulate] Step 292: Queue length 15, Waiting time 912.0
[Simulate] Step 293: Queue length 16, Waiting time 928.0
[Simulate] Step 294: Queue length 17, Waiting time 1409.0
[Simulate] Step 295: Queue length 17, Waiting time 1426.0
[Simulate] Step 296: Queue length 17, Waiting time 1500.0
[Simulate] Step 297: Queue length 18, Waiting time 1715.0
[Simulate] Step 298: Queue length 18, Waiting time 1733.0
[Simulate] Step 299: Queue length 18, Waiting time 1784.0
[Simulate] Step 300: Queue length 18, Waiting time 1802.0
[Simulate] Step 301: Queue length 19, Waiting time 1821.0
[Simulate] Step 302: Queue length 20, Waiting time 1841.0
[Simulate] Step 303: Queue length 20, Waiting time 1861.0
[Simulate] Step 304: Queue length 20, Waiting time 1881.0
[Simulate] Step 305: Queue length 20, Waiting time 1901.0
[Simulate] Step 306: Queue length 20, Waiting time 1921.0
[Simulate] Step 307: Queue length 20, Waiting time 1941.0
[Simulate] Step 308: Queue length 21, Waiting time 1962.0
[Simulate] Step 309: Queue length 21, Waiting time 1983.0
[Simulate] Step 310: Queue length 22, Waiting time 2005.0
[Simulate] Step 311: Queue length 22, Waiting time 2027.0
[Simulate] Step 312: Queue length 22, Waiting time 2049.0
[Simulate] Step 313: Queue length 22, Waiting time 2071.0
[Simulate] Step 314: Queue length 22, Waiting time 2093.0
[Simulate] Step 315: Queue length 23, Waiting time 2116.0
[Simulate] Step 316: Queue length 23, Waiting time 2139.0
[Simulate] Step 317: Queue length 23, Waiting time 2162.0
[Simulate] Step 318: Queue length 23, Waiting time 2185.0
[Simulate] Step 319: Queue length 24, Waiting time 2209.0
[Simulate] Step 320: Queue length 24, Waiting time 2233.0
[Simulate] Step 321: Queue length 24, Waiting time 2257.0
[Simulate] Step 322: Queue length 24, Waiting time 2281.0
[Simulate] Step 323: Queue length 24, Waiting time 2305.0
[Simulate] Step 324: Queue length 24, Waiting time 2329.0
[Simulate] Step 325: Queue length 24, Waiting time 2353.0
[Simulate] Step 326: Queue length 24, Waiting time 2377.0
[Simulate] Step 327: Queue length 24, Waiting time 2401.0
[Simulate] Step 328: Queue length 24, Waiting time 2425.0
[Simulate] Step 329: Queue length 24, Waiting time 2449.0
[Simulate] Step 330: Queue length 24, Waiting time 2473.0
[Simulate] Step 331: Queue length 24, Waiting time 2497.0
[Simulate] Step 332: Queue length 24, Waiting time 2521.0
[Simulate] Step 333: Queue length 24, Waiting time 2545.0
[Simulate] Step 334: Queue length 25, Waiting time 2570.0
[Simulate] Step 335: Queue length 25, Waiting time 2595.0
[Step 335] Agent 0 Action: 0, Reward: -0.2010
[Step 335] Agent 1 Action: 2, Reward: -0.2010
[SetYellow] TL TL: Set yellow phase 5 out of 8 phases.
[Simulate] Step 336: Queue length 25, Waiting time 2620.0
[Simulate] Step 337: Queue length 25, Waiting time 2645.0
[Simulate] Step 338: Queue length 25, Waiting time 2670.0
[Simulate] Step 339: Queue length 25, Waiting time 2695.0
[Step 339] Adaptive green duration: 50
[Simulate] Step 340: Queue length 23, Waiting time 2718.0
[Simulate] Step 341: Queue length 20, Waiting time 2482.0
[Simulate] Step 342: Queue length 19, Waiting time 2501.0
[Simulate] Step 343: Queue length 18, Waiting time 2519.0
[Simulate] Step 344: Queue length 17, Waiting time 2536.0
[Simulate] Step 345: Queue length 16, Waiting time 2343.0
[Simulate] Step 346: Queue length 16, Waiting time 2359.0
[Simulate] Step 347: Queue length 16, Waiting time 2463.0
[Simulate] Step 348: Queue length 16, Waiting time 2347.0
[Simulate] Step 349: Queue length 20, Waiting time 2247.0
[Simulate] Step 350: Queue length 21, Waiting time 2268.0
[Simulate] Step 351: Queue length 22, Waiting time 2248.0
[Simulate] Step 352: Queue length 23, Waiting time 2271.0
[Simulate] Step 353: Queue length 23, Waiting time 2336.0
[Simulate] Step 354: Queue length 24, Waiting time 2326.0
[Simulate] Step 355: Queue length 24, Waiting time 2384.0
[Simulate] Step 356: Queue length 24, Waiting time 2386.0
[Simulate] Step 357: Queue length 24, Waiting time 2410.0
[Simulate] Step 358: Queue length 26, Waiting time 2447.0
[Simulate] Step 359: Queue length 26, Waiting time 2473.0
[Simulate] Step 360: Queue length 27, Waiting time 2391.0
[Simulate] Step 361: Queue length 27, Waiting time 2418.0
[Simulate] Step 362: Queue length 27, Waiting time 2445.0
[Simulate] Step 363: Queue length 27, Waiting time 2370.0
[Simulate] Step 364: Queue length 27, Waiting time 2397.0
[Simulate] Step 365: Queue length 27, Waiting time 2424.0
[Simulate] Step 366: Queue length 27, Waiting time 2451.0
[Simulate] Step 367: Queue length 27, Waiting time 2478.0
[Simulate] Step 368: Queue length 27, Waiting time 2505.0
[Simulate] Step 369: Queue length 28, Waiting time 2533.0
[Simulate] Step 370: Queue length 28, Waiting time 2561.0
[Simulate] Step 371: Queue length 28, Waiting time 2589.0
[Simulate] Step 372: Queue length 29, Waiting time 2618.0
[Simulate] Step 373: Queue length 29, Waiting time 2647.0
[Simulate] Step 374: Queue length 29, Waiting time 2676.0
[Simulate] Step 375: Queue length 29, Waiting time 2705.0
[Simulate] Step 376: Queue length 29, Waiting time 2734.0
[Simulate] Step 377: Queue length 29, Waiting time 2763.0
[Simulate] Step 378: Queue length 29, Waiting time 2792.0
[Simulate] Step 379: Queue length 29, Waiting time 2821.0
[Simulate] Step 380: Queue length 29, Waiting time 2850.0
[Simulate] Step 381: Queue length 29, Waiting time 2879.0
[Simulate] Step 382: Queue length 29, Waiting time 2908.0
[Simulate] Step 383: Queue length 30, Waiting time 2938.0
[Simulate] Step 384: Queue length 30, Waiting time 2968.0
[Simulate] Step 385: Queue length 32, Waiting time 3000.0
[Simulate] Step 386: Queue length 32, Waiting time 3032.0
[Simulate] Step 387: Queue length 32, Waiting time 3064.0
[Simulate] Step 388: Queue length 32, Waiting time 3096.0
[Simulate] Step 389: Queue length 33, Waiting time 3129.0
[Step 389] Agent 0 Action: 0, Reward: -0.5500
[Step 389] Agent 1 Action: 2, Reward: -0.5500
[Step 389] Adaptive green duration: 50
[Simulate] Step 390: Queue length 33, Waiting time 3162.0
[Simulate] Step 391: Queue length 33, Waiting time 3195.0
[Simulate] Step 392: Queue length 33, Waiting time 3228.0
[Simulate] Step 393: Queue length 35, Waiting time 3263.0
[Simulate] Step 394: Queue length 35, Waiting time 3298.0
[Simulate] Step 395: Queue length 35, Waiting time 3333.0
[Simulate] Step 396: Queue length 35, Waiting time 3368.0
[Simulate] Step 397: Queue length 35, Waiting time 3403.0
[Simulate] Step 398: Queue length 35, Waiting time 3438.0
[Simulate] Step 399: Queue length 36, Waiting time 3474.0
[Simulate] Step 400: Queue length 36, Waiting time 3510.0
[Simulate] Step 401: Queue length 37, Waiting time 3547.0
[Simulate] Step 402: Queue length 38, Waiting time 3585.0
[Simulate] Step 403: Queue length 38, Waiting time 3623.0
[Simulate] Step 404: Queue length 38, Waiting time 3661.0
[Simulate] Step 405: Queue length 38, Waiting time 3611.0
[Simulate] Step 406: Queue length 38, Waiting time 3607.0
[Simulate] Step 407: Queue length 38, Waiting time 3645.0
[Simulate] Step 408: Queue length 38, Waiting time 3672.0
[Simulate] Step 409: Queue length 38, Waiting time 3710.0
[Simulate] Step 410: Queue length 40, Waiting time 3750.0
[Simulate] Step 411: Queue length 40, Waiting time 3790.0
[Simulate] Step 412: Queue length 40, Waiting time 3830.0
[Simulate] Step 413: Queue length 40, Waiting time 3870.0
[Simulate] Step 414: Queue length 40, Waiting time 3910.0
[Simulate] Step 415: Queue length 40, Waiting time 3916.0
[Simulate] Step 416: Queue length 41, Waiting time 3957.0
[Simulate] Step 417: Queue length 41, Waiting time 3998.0
[Simulate] Step 418: Queue length 41, Waiting time 4039.0
[Simulate] Step 419: Queue length 42, Waiting time 4081.0
[Simulate] Step 420: Queue length 42, Waiting time 4123.0
[Simulate] Step 421: Queue length 43, Waiting time 4166.0
[Simulate] Step 422: Queue length 43, Waiting time 4209.0
[Simulate] Step 423: Queue length 45, Waiting time 4254.0
[Simulate] Step 424: Queue length 45, Waiting time 4299.0
[Simulate] Step 425: Queue length 45, Waiting time 4344.0
[Simulate] Step 426: Queue length 45, Waiting time 4389.0
[Simulate] Step 427: Queue length 45, Waiting time 4434.0
[Simulate] Step 428: Queue length 45, Waiting time 4479.0
[Simulate] Step 429: Queue length 45, Waiting time 4524.0
[Simulate] Step 430: Queue length 46, Waiting time 4570.0
[Simulate] Step 431: Queue length 46, Waiting time 4616.0
[Simulate] Step 432: Queue length 47, Waiting time 4663.0
[Simulate] Step 433: Queue length 47, Waiting time 4710.0
[Simulate] Step 434: Queue length 47, Waiting time 4757.0
[Simulate] Step 435: Queue length 48, Waiting time 4805.0
[Simulate] Step 436: Queue length 48, Waiting time 4853.0
[Simulate] Step 437: Queue length 49, Waiting time 4902.0
[Simulate] Step 438: Queue length 50, Waiting time 4952.0
[Simulate] Step 439: Queue length 49, Waiting time 5002.0
[Step 439] Agent 0 Action: 0, Reward: -1.6270
[Step 439] Agent 1 Action: 2, Reward: -1.6270
[Step 439] Adaptive green duration: 50
[Simulate] Step 440: Queue length 49, Waiting time 5051.0
[Simulate] Step 441: Queue length 48, Waiting time 5099.0
[Simulate] Step 442: Queue length 47, Waiting time 5146.0
[Simulate] Step 443: Queue length 47, Waiting time 5193.0
[Simulate] Step 444: Queue length 48, Waiting time 5241.0
[Simulate] Step 445: Queue length 47, Waiting time 5288.0
[Simulate] Step 446: Queue length 48, Waiting time 5336.0
[Simulate] Step 447: Queue length 47, Waiting time 5383.0
[Simulate] Step 448: Queue length 47, Waiting time 5430.0
[Simulate] Step 449: Queue length 46, Waiting time 5476.0
[Simulate] Step 450: Queue length 47, Waiting time 5523.0
[Simulate] Step 451: Queue length 47, Waiting time 5570.0
[Simulate] Step 452: Queue length 48, Waiting time 5618.0
[Simulate] Step 453: Queue length 48, Waiting time 5666.0
[Simulate] Step 454: Queue length 49, Waiting time 5715.0
[Simulate] Step 455: Queue length 49, Waiting time 5764.0
[Simulate] Step 456: Queue length 51, Waiting time 5815.0
[Simulate] Step 457: Queue length 52, Waiting time 5867.0
[Simulate] Step 458: Queue length 53, Waiting time 5920.0
[Simulate] Step 459: Queue length 53, Waiting time 5973.0
[Simulate] Step 460: Queue length 53, Waiting time 6026.0
[Simulate] Step 461: Queue length 53, Waiting time 6079.0
[Simulate] Step 462: Queue length 53, Waiting time 6132.0
[Simulate] Step 463: Queue length 53, Waiting time 6185.0
[Simulate] Step 464: Queue length 52, Waiting time 5937.0
[Simulate] Step 465: Queue length 51, Waiting time 5988.0
[Simulate] Step 466: Queue length 50, Waiting time 6038.0
[Simulate] Step 467: Queue length 49, Waiting time 6087.0
[Simulate] Step 468: Queue length 49, Waiting time 6136.0
[Simulate] Step 469: Queue length 48, Waiting time 6184.0
[Simulate] Step 470: Queue length 48, Waiting time 6232.0
[Simulate] Step 471: Queue length 49, Waiting time 6281.0
[Simulate] Step 472: Queue length 48, Waiting time 6329.0
[Simulate] Step 473: Queue length 48, Waiting time 6377.0
[Simulate] Step 474: Queue length 49, Waiting time 6426.0
[Simulate] Step 475: Queue length 48, Waiting time 6474.0
[Simulate] Step 476: Queue length 49, Waiting time 6523.0
[Simulate] Step 477: Queue length 50, Waiting time 6573.0
[Simulate] Step 478: Queue length 51, Waiting time 6624.0
[Simulate] Step 479: Queue length 54, Waiting time 6678.0
[Simulate] Step 480: Queue length 55, Waiting time 6733.0
[Simulate] Step 481: Queue length 55, Waiting time 6788.0
[Simulate] Step 482: Queue length 56, Waiting time 6844.0
[Simulate] Step 483: Queue length 57, Waiting time 6901.0
[Simulate] Step 484: Queue length 57, Waiting time 6958.0
[Simulate] Step 485: Queue length 58, Waiting time 7016.0
[Simulate] Step 486: Queue length 58, Waiting time 7074.0
[Simulate] Step 487: Queue length 58, Waiting time 7132.0
[Simulate] Step 488: Queue length 58, Waiting time 6890.0
[Simulate] Step 489: Queue length 58, Waiting time 6948.0
[Step 489] Agent 0 Action: 2, Reward: 0.7970
[Step 489] Agent 1 Action: 1, Reward: 0.7970
[SetYellow] TL TL: Set yellow phase 1 out of 8 phases.
[Simulate] Step 490: Queue length 57, Waiting time 7005.0
[Simulate] Step 491: Queue length 56, Waiting time 7061.0
[Simulate] Step 492: Queue length 58, Waiting time 7119.0
[Simulate] Step 493: Queue length 57, Waiting time 7176.0
[SetYellow] TL 2_TL: Set yellow phase 5 out of 8 phases.
[Simulate] Step 494: Queue length 59, Waiting time 7235.0
[Simulate] Step 495: Queue length 58, Waiting time 7293.0
[Simulate] Step 496: Queue length 58, Waiting time 7351.0
[Simulate] Step 497: Queue length 58, Waiting time 7409.0
[Step 497] Adaptive green duration: 50
[Simulate] Step 498: Queue length 53, Waiting time 7462.0
[Simulate] Step 499: Queue length 49, Waiting time 6386.0
[Simulate] Step 500: Queue length 42, Waiting time 6428.0
[Simulate] Step 501: Queue length 40, Waiting time 6468.0
[Simulate] Step 502: Queue length 37, Waiting time 6505.0
[Simulate] Step 503: Queue length 37, Waiting time 5716.0
[Simulate] Step 504: Queue length 37, Waiting time 5753.0
[Simulate] Step 505: Queue length 37, Waiting time 5790.0
[Simulate] Step 506: Queue length 39, Waiting time 5884.0
[Simulate] Step 507: Queue length 40, Waiting time 5790.0
[Simulate] Step 508: Queue length 40, Waiting time 5830.0
[Simulate] Step 509: Queue length 42, Waiting time 6027.0
[Simulate] Step 510: Queue length 43, Waiting time 6006.0
[Simulate] Step 511: Queue length 43, Waiting time 5870.0
[Simulate] Step 512: Queue length 43, Waiting time 5882.0
[Simulate] Step 513: Queue length 43, Waiting time 5982.0
[Simulate] Step 514: Queue length 43, Waiting time 6066.0
[Simulate] Step 515: Queue length 44, Waiting time 6183.0
[Simulate] Step 516: Queue length 44, Waiting time 6276.0
[Simulate] Step 517: Queue length 44, Waiting time 6363.0
[Simulate] Step 518: Queue length 45, Waiting time 6438.0
[Simulate] Step 519: Queue length 46, Waiting time 6495.0
[Simulate] Step 520: Queue length 48, Waiting time 6559.0
[Simulate] Step 521: Queue length 48, Waiting time 6607.0
[Simulate] Step 522: Queue length 48, Waiting time 6658.0
[Simulate] Step 523: Queue length 48, Waiting time 6706.0
[Simulate] Step 524: Queue length 48, Waiting time 6754.0
[Simulate] Step 525: Queue length 49, Waiting time 6803.0
[Simulate] Step 526: Queue length 50, Waiting time 6853.0
[Simulate] Step 527: Queue length 51, Waiting time 6904.0
[Simulate] Step 528: Queue length 51, Waiting time 6955.0
[Simulate] Step 529: Queue length 51, Waiting time 7006.0
[Simulate] Step 530: Queue length 55, Waiting time 7061.0
[Simulate] Step 531: Queue length 55, Waiting time 7116.0
[Simulate] Step 532: Queue length 55, Waiting time 7171.0
[Simulate] Step 533: Queue length 55, Waiting time 7226.0
[Simulate] Step 534: Queue length 57, Waiting time 7283.0
[Simulate] Step 535: Queue length 58, Waiting time 7341.0
[Simulate] Step 536: Queue length 59, Waiting time 7400.0
[Simulate] Step 537: Queue length 59, Waiting time 7459.0
[Simulate] Step 538: Queue length 59, Waiting time 7518.0
[Simulate] Step 539: Queue length 59, Waiting time 7577.0
[Simulate] Step 540: Queue length 59, Waiting time 7636.0
[Simulate] Step 541: Queue length 60, Waiting time 7696.0
[Simulate] Step 542: Queue length 60, Waiting time 7756.0
[Simulate] Step 543: Queue length 60, Waiting time 7816.0
[Simulate] Step 544: Queue length 60, Waiting time 7876.0
[Simulate] Step 545: Queue length 62, Waiting time 7938.0
[Simulate] Step 546: Queue length 62, Waiting time 8000.0
[Simulate] Step 547: Queue length 63, Waiting time 8063.0
[Step 547] Agent 0 Action: 3, Reward: 0.3480
[Step 547] Agent 1 Action: 0, Reward: 0.3480
[SetYellow] TL TL: Set yellow phase 5 out of 8 phases.
[Simulate] Step 548: Queue length 63, Waiting time 8126.0
[Simulate] Step 549: Queue length 65, Waiting time 8191.0
[Simulate] Step 550: Queue length 65, Waiting time 8256.0
[Simulate] Step 551: Queue length 65, Waiting time 8321.0
[SetYellow] TL 2_TL: Set yellow phase 3 out of 8 phases.
[Simulate] Step 552: Queue length 65, Waiting time 8386.0
[Simulate] Step 553: Queue length 65, Waiting time 8451.0
[Simulate] Step 554: Queue length 66, Waiting time 8517.0
[Simulate] Step 555: Queue length 66, Waiting time 8583.0
[Step 555] Adaptive green duration: 50
[Simulate] Step 556: Queue length 63, Waiting time 8646.0
[Simulate] Step 557: Queue length 61, Waiting time 7731.0
[Simulate] Step 558: Queue length 60, Waiting time 7791.0
[Simulate] Step 559: Queue length 58, Waiting time 7849.0
[Simulate] Step 560: Queue length 56, Waiting time 8266.0
[Simulate] Step 561: Queue length 53, Waiting time 7499.0
[Simulate] Step 562: Queue length 52, Waiting time 7551.0
[Simulate] Step 563: Queue length 51, Waiting time 7602.0
[Simulate] Step 564: Queue length 49, Waiting time 6906.0
[Simulate] Step 565: Queue length 49, Waiting time 6955.0
[Simulate] Step 566: Queue length 47, Waiting time 7002.0
[Simulate] Step 567: Queue length 44, Waiting time 6379.0
[Simulate] Step 568: Queue length 43, Waiting time 6422.0
[Simulate] Step 569: Queue length 40, Waiting time 6025.0
[Simulate] Step 570: Queue length 39, Waiting time 5881.0
[Simulate] Step 571: Queue length 40, Waiting time 6155.0
[Simulate] Step 572: Queue length 40, Waiting time 5655.0
[Simulate] Step 573: Queue length 41, Waiting time 5696.0
[Simulate] Step 574: Queue length 43, Waiting time 5251.0
[Simulate] Step 575: Queue length 43, Waiting time 5294.0
[Simulate] Step 576: Queue length 48, Waiting time 5018.0
[Simulate] Step 577: Queue length 49, Waiting time 4922.0
[Simulate] Step 578: Queue length 51, Waiting time 5011.0
[Simulate] Step 579: Queue length 54, Waiting time 4779.0
[Simulate] Step 580: Queue length 55, Waiting time 4899.0
[Simulate] Step 581: Queue length 55, Waiting time 4720.0
[Simulate] Step 582: Queue length 57, Waiting time 4842.0
[Simulate] Step 583: Queue length 57, Waiting time 4710.0
[Simulate] Step 584: Queue length 57, Waiting time 4704.0
[Simulate] Step 585: Queue length 59, Waiting time 4834.0
[Simulate] Step 586: Queue length 59, Waiting time 4773.0
[Simulate] Step 587: Queue length 60, Waiting time 4812.0
[Simulate] Step 588: Queue length 62, Waiting time 4799.0
[Simulate] Step 589: Queue length 62, Waiting time 4936.0
[Simulate] Step 590: Queue length 65, Waiting time 4926.0
[Simulate] Step 591: Queue length 65, Waiting time 4991.0
[Simulate] Step 592: Queue length 66, Waiting time 5132.0
[Simulate] Step 593: Queue length 66, Waiting time 5160.0
[Simulate] Step 594: Queue length 67, Waiting time 5265.0
[Simulate] Step 595: Queue length 67, Waiting time 5332.0
[Simulate] Step 596: Queue length 67, Waiting time 5399.0
[Simulate] Step 597: Queue length 67, Waiting time 5466.0
[Simulate] Step 598: Queue length 67, Waiting time 5533.0
[Simulate] Step 599: Queue length 67, Waiting time 5600.0
[Simulate] Step 600: Queue length 67, Waiting time 5667.0
[Simulate] Step 601: Queue length 67, Waiting time 5734.0
[Simulate] Step 602: Queue length 67, Waiting time 5801.0
[Simulate] Step 603: Queue length 67, Waiting time 5868.0
[Simulate] Step 604: Queue length 68, Waiting time 5936.0
[Simulate] Step 605: Queue length 68, Waiting time 6004.0
[Step 605] Agent 0 Action: 1, Reward: -0.2320
[Step 605] Agent 1 Action: 3, Reward: -0.2320
[SetYellow] TL TL: Set yellow phase 7 out of 8 phases.
[Simulate] Step 606: Queue length 68, Waiting time 6072.0
[Simulate] Step 607: Queue length 68, Waiting time 6140.0
[Simulate] Step 608: Queue length 68, Waiting time 6208.0
[Simulate] Step 609: Queue length 69, Waiting time 6277.0
[SetYellow] TL 2_TL: Set yellow phase 1 out of 8 phases.
[Simulate] Step 610: Queue length 70, Waiting time 6347.0
[Simulate] Step 611: Queue length 70, Waiting time 6417.0
[Simulate] Step 612: Queue length 70, Waiting time 6487.0
[Simulate] Step 613: Queue length 71, Waiting time 6558.0
[Step 613] Adaptive green duration: 50
[Simulate] Step 614: Queue length 72, Waiting time 6630.0
[Simulate] Step 615: Queue length 72, Waiting time 6702.0
[Simulate] Step 616: Queue length 72, Waiting time 6774.0
[Simulate] Step 617: Queue length 72, Waiting time 6846.0
[Simulate] Step 618: Queue length 73, Waiting time 6919.0
[Simulate] Step 619: Queue length 73, Waiting time 6992.0
[Simulate] Step 620: Queue length 73, Waiting time 7065.0
[Simulate] Step 621: Queue length 75, Waiting time 7140.0
[Simulate] Step 622: Queue length 75, Waiting time 7215.0
[Simulate] Step 623: Queue length 75, Waiting time 7290.0
[Simulate] Step 624: Queue length 75, Waiting time 7365.0
[Simulate] Step 625: Queue length 75, Waiting time 7440.0
[Simulate] Step 626: Queue length 75, Waiting time 7515.0
[Simulate] Step 627: Queue length 75, Waiting time 7590.0
[Simulate] Step 628: Queue length 76, Waiting time 7666.0
[Simulate] Step 629: Queue length 77, Waiting time 7743.0
[Simulate] Step 630: Queue length 78, Waiting time 7821.0
[Simulate] Step 631: Queue length 80, Waiting time 7901.0
[Simulate] Step 632: Queue length 82, Waiting time 7983.0
[Simulate] Step 633: Queue length 82, Waiting time 8065.0
[Simulate] Step 634: Queue length 82, Waiting time 8147.0
[Simulate] Step 635: Queue length 82, Waiting time 8229.0
[Simulate] Step 636: Queue length 86, Waiting time 8315.0
[Simulate] Step 637: Queue length 88, Waiting time 8403.0
[Simulate] Step 638: Queue length 91, Waiting time 8494.0
[Simulate] Step 639: Queue length 91, Waiting time 8585.0
[Simulate] Step 640: Queue length 91, Waiting time 8676.0
[Simulate] Step 641: Queue length 94, Waiting time 8770.0
[Simulate] Step 642: Queue length 97, Waiting time 8867.0
[Simulate] Step 643: Queue length 98, Waiting time 8965.0
[Simulate] Step 644: Queue length 99, Waiting time 9064.0
[Simulate] Step 645: Queue length 102, Waiting time 9166.0
[Simulate] Step 646: Queue length 102, Waiting time 9268.0
[Simulate] Step 647: Queue length 103, Waiting time 9371.0
[Simulate] Step 648: Queue length 104, Waiting time 9475.0
[Simulate] Step 649: Queue length 105, Waiting time 9580.0
[Simulate] Step 650: Queue length 107, Waiting time 9687.0
[Simulate] Step 651: Queue length 108, Waiting time 9795.0
[Simulate] Step 652: Queue length 109, Waiting time 9904.0
[Simulate] Step 653: Queue length 109, Waiting time 10013.0
[Simulate] Step 654: Queue length 110, Waiting time 10123.0
[Simulate] Step 655: Queue length 112, Waiting time 10235.0
[Simulate] Step 656: Queue length 117, Waiting time 10352.0
[Simulate] Step 657: Queue length 116, Waiting time 10468.0
[Simulate] Step 658: Queue length 117, Waiting time 10585.0
[Simulate] Step 659: Queue length 119, Waiting time 10704.0
[Simulate] Step 660: Queue length 119, Waiting time 10823.0
[Simulate] Step 661: Queue length 122, Waiting time 10945.0
[Simulate] Step 662: Queue length 124, Waiting time 11069.0
[Simulate] Step 663: Queue length 123, Waiting time 11192.0
[Step 663] Agent 0 Action: 0, Reward: -5.5550
[Step 663] Agent 1 Action: 3, Reward: -5.5550
[SetYellow] TL TL: Set yellow phase 3 out of 8 phases.
[Simulate] Step 664: Queue length 123, Waiting time 11315.0
[Simulate] Step 665: Queue length 126, Waiting time 11441.0
[Simulate] Step 666: Queue length 126, Waiting time 11567.0
[Simulate] Step 667: Queue length 128, Waiting time 11695.0
[Step 667] Adaptive green duration: 50
[Simulate] Step 668: Queue length 127, Waiting time 11822.0
[Simulate] Step 669: Queue length 126, Waiting time 11459.0
[Simulate] Step 670: Queue length 124, Waiting time 11583.0
[Simulate] Step 671: Queue length 121, Waiting time 11704.0
[Simulate] Step 672: Queue length 120, Waiting time 11824.0
[Simulate] Step 673: Queue length 117, Waiting time 11467.0
[Simulate] Step 674: Queue length 115, Waiting time 11582.0
[Simulate] Step 675: Queue length 112, Waiting time 11859.0
[Simulate] Step 676: Queue length 112, Waiting time 11531.0
[Simulate] Step 677: Queue length 110, Waiting time 11641.0
[Simulate] Step 678: Queue length 107, Waiting time 11748.0
[Simulate] Step 679: Queue length 106, Waiting time 11426.0
[Simulate] Step 680: Queue length 104, Waiting time 11681.0
[Simulate] Step 681: Queue length 102, Waiting time 11378.0
[Simulate] Step 682: Queue length 102, Waiting time 11480.0
[Simulate] Step 683: Queue length 104, Waiting time 11452.0
[Simulate] Step 684: Queue length 106, Waiting time 11322.0
[Simulate] Step 685: Queue length 106, Waiting time 11428.0
[Simulate] Step 686: Queue length 107, Waiting time 11197.0
[Simulate] Step 687: Queue length 110, Waiting time 11307.0
[Simulate] Step 688: Queue length 111, Waiting time 11110.0
[Simulate] Step 689: Queue length 111, Waiting time 11221.0
[Simulate] Step 690: Queue length 112, Waiting time 11351.0
[Simulate] Step 691: Queue length 112, Waiting time 11343.0
[Simulate] Step 692: Queue length 113, Waiting time 11380.0
[Simulate] Step 693: Queue length 113, Waiting time 11579.0
[Simulate] Step 694: Queue length 113, Waiting time 11574.0
[Simulate] Step 695: Queue length 113, Waiting time 11741.0
[Simulate] Step 696: Queue length 114, Waiting time 11788.0
[Simulate] Step 697: Queue length 116, Waiting time 11892.0
[Simulate] Step 698: Queue length 116, Waiting time 12055.0
[Simulate] Step 699: Queue length 117, Waiting time 12137.0
[Simulate] Step 700: Queue length 118, Waiting time 12290.0
[Simulate] Step 701: Queue length 119, Waiting time 12378.0
[Simulate] Step 702: Queue length 119, Waiting time 12497.0
[Simulate] Step 703: Queue length 119, Waiting time 12616.0
[Simulate] Step 704: Queue length 119, Waiting time 12735.0
[Simulate] Step 705: Queue length 119, Waiting time 12854.0
[Simulate] Step 706: Queue length 120, Waiting time 12974.0
[Simulate] Step 707: Queue length 120, Waiting time 13094.0
[Simulate] Step 708: Queue length 121, Waiting time 13215.0
[Simulate] Step 709: Queue length 121, Waiting time 13336.0
[Simulate] Step 710: Queue length 121, Waiting time 13457.0
[Simulate] Step 711: Queue length 122, Waiting time 13579.0
[Simulate] Step 712: Queue length 122, Waiting time 13701.0
[Simulate] Step 713: Queue length 122, Waiting time 13823.0
[Simulate] Step 714: Queue length 122, Waiting time 13945.0
[Simulate] Step 715: Queue length 122, Waiting time 14067.0
[Simulate] Step 716: Queue length 123, Waiting time 14190.0
[Simulate] Step 717: Queue length 123, Waiting time 14313.0
[Step 717] Agent 0 Action: 2, Reward: -2.4960
[Step 717] Agent 1 Action: 2, Reward: -2.4960
[SetYellow] TL TL: Set yellow phase 1 out of 8 phases.
[Simulate] Step 718: Queue length 123, Waiting time 14436.0
[Simulate] Step 719: Queue length 124, Waiting time 14560.0
[Simulate] Step 720: Queue length 124, Waiting time 14684.0
[Simulate] Step 721: Queue length 125, Waiting time 14809.0
[SetYellow] TL 2_TL: Set yellow phase 7 out of 8 phases.
[Simulate] Step 722: Queue length 125, Waiting time 14934.0
[Simulate] Step 723: Queue length 126, Waiting time 15060.0
[Simulate] Step 724: Queue length 127, Waiting time 15187.0
[Simulate] Step 725: Queue length 127, Waiting time 15314.0
[Step 725] Adaptive green duration: 50
[Simulate] Step 726: Queue length 115, Waiting time 15429.0
[Simulate] Step 727: Queue length 105, Waiting time 12839.0
[Simulate] Step 728: Queue length 96, Waiting time 12935.0
[Simulate] Step 729: Queue length 89, Waiting time 13024.0
[Simulate] Step 730: Queue length 82, Waiting time 13106.0
[Simulate] Step 731: Queue length 74, Waiting time 10909.0
[Simulate] Step 732: Queue length 72, Waiting time 10981.0
[Simulate] Step 733: Queue length 64, Waiting time 10893.0
[Simulate] Step 734: Queue length 59, Waiting time 10138.0
[Simulate] Step 735: Queue length 54, Waiting time 10402.0
[Simulate] Step 736: Queue length 49, Waiting time 10254.0
[Simulate] Step 737: Queue length 44, Waiting time 9619.0
[Simulate] Step 738: Queue length 39, Waiting time 9658.0
[Simulate] Step 739: Queue length 37, Waiting time 9040.0
[Simulate] Step 740: Queue length 33, Waiting time 9092.0
[Simulate] Step 741: Queue length 33, Waiting time 9154.0
[Simulate] Step 742: Queue length 33, Waiting time 8599.0
[Simulate] Step 743: Queue length 33, Waiting time 8638.0
[Simulate] Step 744: Queue length 33, Waiting time 8318.0
[Simulate] Step 745: Queue length 33, Waiting time 8307.0
[Simulate] Step 746: Queue length 33, Waiting time 7987.0
[Simulate] Step 747: Queue length 34, Waiting time 7886.0
[Simulate] Step 748: Queue length 34, Waiting time 7735.0
[Simulate] Step 749: Queue length 34, Waiting time 7481.0
[Simulate] Step 750: Queue length 34, Waiting time 7386.0
[Simulate] Step 751: Queue length 35, Waiting time 7393.0
[Simulate] Step 752: Queue length 36, Waiting time 7352.0
[Simulate] Step 753: Queue length 37, Waiting time 7558.0
[Simulate] Step 754: Queue length 37, Waiting time 7583.0
[Simulate] Step 755: Queue length 38, Waiting time 7676.0
[Simulate] Step 756: Queue length 38, Waiting time 7808.0
[Simulate] Step 757: Queue length 38, Waiting time 7855.0
[Simulate] Step 758: Queue length 39, Waiting time 7897.0
[Simulate] Step 759: Queue length 40, Waiting time 7858.0
[Simulate] Step 760: Queue length 40, Waiting time 7898.0
[Simulate] Step 761: Queue length 40, Waiting time 7884.0
[Simulate] Step 762: Queue length 40, Waiting time 7924.0
[Simulate] Step 763: Queue length 40, Waiting time 7964.0
[Simulate] Step 764: Queue length 41, Waiting time 8005.0
[Simulate] Step 765: Queue length 41, Waiting time 8046.0
[Simulate] Step 766: Queue length 41, Waiting time 8052.0
[Simulate] Step 767: Queue length 41, Waiting time 8093.0
[Simulate] Step 768: Queue length 41, Waiting time 8013.0
[Simulate] Step 769: Queue length 42, Waiting time 8055.0
[Simulate] Step 770: Queue length 42, Waiting time 8097.0
[Simulate] Step 771: Queue length 44, Waiting time 8141.0
[Simulate] Step 772: Queue length 44, Waiting time 8185.0
[Simulate] Step 773: Queue length 45, Waiting time 8230.0
[Simulate] Step 774: Queue length 46, Waiting time 8276.0
[Simulate] Step 775: Queue length 47, Waiting time 8323.0
[Step 775] Agent 0 Action: 1, Reward: 8.2010
[Step 775] Agent 1 Action: 2, Reward: 8.2010
[SetYellow] TL TL: Set yellow phase 5 out of 8 phases.
[Simulate] Step 776: Queue length 48, Waiting time 8371.0
[Simulate] Step 777: Queue length 48, Waiting time 8419.0
[Simulate] Step 778: Queue length 48, Waiting time 8467.0
[Simulate] Step 779: Queue length 48, Waiting time 8515.0
[Step 779] Adaptive green duration: 50
[Simulate] Step 780: Queue length 49, Waiting time 8564.0
[Simulate] Step 781: Queue length 49, Waiting time 8613.0
[Simulate] Step 782: Queue length 50, Waiting time 8663.0
[Simulate] Step 783: Queue length 50, Waiting time 8713.0
[Simulate] Step 784: Queue length 51, Waiting time 8764.0
[Simulate] Step 785: Queue length 52, Waiting time 8816.0
[Simulate] Step 786: Queue length 52, Waiting time 8868.0
[Simulate] Step 787: Queue length 52, Waiting time 8770.0
[Simulate] Step 788: Queue length 52, Waiting time 8822.0
[Simulate] Step 789: Queue length 54, Waiting time 8726.0
[Simulate] Step 790: Queue length 55, Waiting time 8781.0
[Simulate] Step 791: Queue length 55, Waiting time 8836.0
[Simulate] Step 792: Queue length 56, Waiting time 8786.0
[Simulate] Step 793: Queue length 58, Waiting time 8754.0
[Simulate] Step 794: Queue length 59, Waiting time 8733.0
[Simulate] Step 795: Queue length 60, Waiting time 8577.0
[Simulate] Step 796: Queue length 60, Waiting time 8637.0
[Simulate] Step 797: Queue length 60, Waiting time 8390.0
[Simulate] Step 798: Queue length 60, Waiting time 8405.0
[Simulate] Step 799: Queue length 62, Waiting time 8367.0
[Simulate] Step 800: Queue length 64, Waiting time 8224.0
[Simulate] Step 801: Queue length 64, Waiting time 8195.0
[Simulate] Step 802: Queue length 65, Waiting time 8172.0
[Simulate] Step 803: Queue length 67, Waiting time 8239.0
[Simulate] Step 804: Queue length 70, Waiting time 8260.0
[Simulate] Step 805: Queue length 72, Waiting time 8332.0
[Simulate] Step 806: Queue length 73, Waiting time 8405.0
[Simulate] Step 807: Queue length 75, Waiting time 8416.0
[Simulate] Step 808: Queue length 75, Waiting time 8491.0
[Simulate] Step 809: Queue length 78, Waiting time 8500.0
[Simulate] Step 810: Queue length 79, Waiting time 8551.0
[Simulate] Step 811: Queue length 81, Waiting time 8544.0
[Simulate] Step 812: Queue length 84, Waiting time 8628.0
[Simulate] Step 813: Queue length 85, Waiting time 8703.0
[Simulate] Step 814: Queue length 88, Waiting time 8733.0
[Simulate] Step 815: Queue length 92, Waiting time 8678.0
[Simulate] Step 816: Queue length 93, Waiting time 8771.0
[Simulate] Step 817: Queue length 94, Waiting time 8739.0
[Simulate] Step 818: Queue length 95, Waiting time 8834.0
[Simulate] Step 819: Queue length 97, Waiting time 8922.0
[Simulate] Step 820: Queue length 98, Waiting time 8966.0
[Simulate] Step 821: Queue length 98, Waiting time 9058.0
[Simulate] Step 822: Queue length 100, Waiting time 9106.0
[Simulate] Step 823: Queue length 100, Waiting time 9206.0
[Simulate] Step 824: Queue length 101, Waiting time 9254.0
[Simulate] Step 825: Queue length 102, Waiting time 9356.0
[Simulate] Step 826: Queue length 102, Waiting time 9458.0
[Simulate] Step 827: Queue length 102, Waiting time 9523.0
[Simulate] Step 828: Queue length 103, Waiting time 9611.0
[Simulate] Step 829: Queue length 104, Waiting time 9705.0
[Step 829] Agent 0 Action: 1, Reward: -4.2240
[Step 829] Agent 1 Action: 1, Reward: -4.2240
[SetYellow] TL 2_TL: Set yellow phase 5 out of 8 phases.
[Simulate] Step 830: Queue length 105, Waiting time 9810.0
[Simulate] Step 831: Queue length 106, Waiting time 9916.0
[Simulate] Step 832: Queue length 110, Waiting time 10026.0
[Simulate] Step 833: Queue length 112, Waiting time 10138.0
[Step 833] Adaptive green duration: 50
[Simulate] Step 834: Queue length 113, Waiting time 10251.0
[Simulate] Step 835: Queue length 114, Waiting time 10365.0
[Simulate] Step 836: Queue length 114, Waiting time 10479.0
[Simulate] Step 837: Queue length 115, Waiting time 10594.0
[Simulate] Step 838: Queue length 117, Waiting time 10711.0
[Simulate] Step 839: Queue length 118, Waiting time 10829.0
[Simulate] Step 840: Queue length 118, Waiting time 10947.0
[Simulate] Step 841: Queue length 119, Waiting time 11066.0
[Simulate] Step 842: Queue length 119, Waiting time 11185.0
[Simulate] Step 843: Queue length 120, Waiting time 11305.0
[Simulate] Step 844: Queue length 121, Waiting time 11426.0
[Simulate] Step 845: Queue length 121, Waiting time 11547.0
[Simulate] Step 846: Queue length 121, Waiting time 11668.0
[Simulate] Step 847: Queue length 123, Waiting time 11791.0
[Simulate] Step 848: Queue length 124, Waiting time 11915.0
[Simulate] Step 849: Queue length 123, Waiting time 12038.0
[Simulate] Step 850: Queue length 124, Waiting time 12162.0
[Simulate] Step 851: Queue length 126, Waiting time 12288.0
[Simulate] Step 852: Queue length 128, Waiting time 12416.0
[Simulate] Step 853: Queue length 129, Waiting time 12545.0
[Simulate] Step 854: Queue length 130, Waiting time 12675.0
[Simulate] Step 855: Queue length 130, Waiting time 12805.0
[Simulate] Step 856: Queue length 132, Waiting time 12937.0
[Simulate] Step 857: Queue length 132, Waiting time 13069.0
[Simulate] Step 858: Queue length 133, Waiting time 13202.0
[Simulate] Step 859: Queue length 137, Waiting time 13339.0
[Simulate] Step 860: Queue length 137, Waiting time 13476.0
[Simulate] Step 861: Queue length 138, Waiting time 13614.0
[Simulate] Step 862: Queue length 138, Waiting time 13752.0
[Simulate] Step 863: Queue length 140, Waiting time 13892.0
[Simulate] Step 864: Queue length 141, Waiting time 14033.0
[Simulate] Step 865: Queue length 141, Waiting time 14174.0
[Simulate] Step 866: Queue length 142, Waiting time 14316.0
[Simulate] Step 867: Queue length 142, Waiting time 14458.0
[Simulate] Step 868: Queue length 144, Waiting time 14602.0
[Simulate] Step 869: Queue length 145, Waiting time 14747.0
[Simulate] Step 870: Queue length 145, Waiting time 14892.0
[Simulate] Step 871: Queue length 146, Waiting time 15038.0
[Simulate] Step 872: Queue length 147, Waiting time 15185.0
[Simulate] Step 873: Queue length 149, Waiting time 15334.0
[Simulate] Step 874: Queue length 150, Waiting time 15484.0
[Simulate] Step 875: Queue length 152, Waiting time 15636.0
[Simulate] Step 876: Queue length 153, Waiting time 15789.0
[Simulate] Step 877: Queue length 155, Waiting time 15944.0
[Simulate] Step 878: Queue length 157, Waiting time 16101.0
[Simulate] Step 879: Queue length 158, Waiting time 16259.0
[Simulate] Step 880: Queue length 159, Waiting time 16418.0
[Simulate] Step 881: Queue length 162, Waiting time 16580.0
[Simulate] Step 882: Queue length 162, Waiting time 16742.0
[Simulate] Step 883: Queue length 162, Waiting time 16904.0
[Step 883] Agent 0 Action: 3, Reward: -7.3360
[Step 883] Agent 1 Action: 2, Reward: -7.3360
[SetYellow] TL TL: Set yellow phase 3 out of 8 phases.
[Simulate] Step 884: Queue length 162, Waiting time 17066.0
[Simulate] Step 885: Queue length 163, Waiting time 17229.0
[Simulate] Step 886: Queue length 163, Waiting time 17392.0
[Simulate] Step 887: Queue length 164, Waiting time 17556.0
[SetYellow] TL 2_TL: Set yellow phase 3 out of 8 phases.
[Simulate] Step 888: Queue length 164, Waiting time 17720.0
[Simulate] Step 889: Queue length 165, Waiting time 17885.0
[Simulate] Step 890: Queue length 165, Waiting time 18050.0
[Simulate] Step 891: Queue length 166, Waiting time 18216.0
[Step 891] Adaptive green duration: 50
[Simulate] Step 892: Queue length 161, Waiting time 18377.0
[Simulate] Step 893: Queue length 160, Waiting time 18248.0
[Simulate] Step 894: Queue length 157, Waiting time 18405.0
[Simulate] Step 895: Queue length 157, Waiting time 18562.0
[Simulate] Step 896: Queue length 156, Waiting time 18718.0
[Simulate] Step 897: Queue length 155, Waiting time 18790.0
[Simulate] Step 898: Queue length 155, Waiting time 18890.0
[Simulate] Step 899: Queue length 155, Waiting time 19045.0
[Simulate] Step 900: Queue length 155, Waiting time 19138.0
[Simulate] Step 901: Queue length 158, Waiting time 19358.0
[Simulate] Step 902: Queue length 159, Waiting time 19517.0
[Simulate] Step 903: Queue length 159, Waiting time 19704.0
[Simulate] Step 904: Queue length 161, Waiting time 19920.0
[Simulate] Step 905: Queue length 164, Waiting time 20146.0
[Simulate] Step 906: Queue length 165, Waiting time 20311.0
[Simulate] Step 907: Queue length 165, Waiting time 20476.0
[Simulate] Step 908: Queue length 166, Waiting time 20678.0
[Simulate] Step 909: Queue length 166, Waiting time 20827.0
[Simulate] Step 910: Queue length 166, Waiting time 20993.0
[Simulate] Step 911: Queue length 166, Waiting time 21159.0
[Simulate] Step 912: Queue length 166, Waiting time 21325.0
[Simulate] Step 913: Queue length 166, Waiting time 21491.0
[Simulate] Step 914: Queue length 166, Waiting time 21657.0
[Simulate] Step 915: Queue length 168, Waiting time 21825.0
[Simulate] Step 916: Queue length 168, Waiting time 21993.0
[Simulate] Step 917: Queue length 168, Waiting time 22161.0
[Simulate] Step 918: Queue length 169, Waiting time 22330.0
[Simulate] Step 919: Queue length 169, Waiting time 22499.0
[Simulate] Step 920: Queue length 169, Waiting time 22668.0
[Simulate] Step 921: Queue length 168, Waiting time 22536.0
[Simulate] Step 922: Queue length 168, Waiting time 22704.0
[Simulate] Step 923: Queue length 168, Waiting time 22872.0
[Simulate] Step 924: Queue length 168, Waiting time 23040.0
[Simulate] Step 925: Queue length 170, Waiting time 23210.0
[Simulate] Step 926: Queue length 170, Waiting time 23380.0
[Simulate] Step 927: Queue length 170, Waiting time 23550.0
[Simulate] Step 928: Queue length 169, Waiting time 23719.0
[Simulate] Step 929: Queue length 169, Waiting time 23888.0
[Simulate] Step 930: Queue length 167, Waiting time 23755.0
[Simulate] Step 931: Queue length 168, Waiting time 23923.0
[Simulate] Step 932: Queue length 168, Waiting time 24091.0
[Simulate] Step 933: Queue length 168, Waiting time 24259.0
[Simulate] Step 934: Queue length 167, Waiting time 24426.0
[Simulate] Step 935: Queue length 167, Waiting time 24593.0
[Simulate] Step 936: Queue length 166, Waiting time 24759.0
[Simulate] Step 937: Queue length 165, Waiting time 24924.0
[Simulate] Step 938: Queue length 166, Waiting time 25090.0
[Simulate] Step 939: Queue length 166, Waiting time 25256.0
[Simulate] Step 940: Queue length 166, Waiting time 25422.0
[Simulate] Step 941: Queue length 168, Waiting time 25590.0
[Step 941] Agent 0 Action: 3, Reward: -2.6810
[Step 941] Agent 1 Action: 1, Reward: -2.6810
[SetYellow] TL 2_TL: Set yellow phase 5 out of 8 phases.
[Simulate] Step 942: Queue length 166, Waiting time 25756.0
[Simulate] Step 943: Queue length 167, Waiting time 25923.0
[Simulate] Step 944: Queue length 166, Waiting time 26089.0
[Simulate] Step 945: Queue length 164, Waiting time 25953.0
[Step 945] Adaptive green duration: 50
[Simulate] Step 946: Queue length 165, Waiting time 26118.0
[Simulate] Step 947: Queue length 169, Waiting time 26287.0
[Simulate] Step 948: Queue length 170, Waiting time 26457.0
[Simulate] Step 949: Queue length 169, Waiting time 26626.0
[Simulate] Step 950: Queue length 169, Waiting time 26795.0
[Simulate] Step 951: Queue length 173, Waiting time 26968.0
[Simulate] Step 952: Queue length 173, Waiting time 27141.0
[Simulate] Step 953: Queue length 176, Waiting time 27317.0
[Simulate] Step 954: Queue length 178, Waiting time 27495.0
[Simulate] Step 955: Queue length 181, Waiting time 27676.0
[Simulate] Step 956: Queue length 181, Waiting time 27857.0
[Simulate] Step 957: Queue length 184, Waiting time 28041.0
[Simulate] Step 958: Queue length 183, Waiting time 28224.0
[Simulate] Step 959: Queue length 186, Waiting time 28410.0
[Simulate] Step 960: Queue length 187, Waiting time 28597.0
[Simulate] Step 961: Queue length 187, Waiting time 28784.0
[Simulate] Step 962: Queue length 193, Waiting time 28977.0
[Simulate] Step 963: Queue length 196, Waiting time 29173.0
[Simulate] Step 964: Queue length 195, Waiting time 29368.0
[Simulate] Step 965: Queue length 196, Waiting time 29564.0
[Simulate] Step 966: Queue length 199, Waiting time 29763.0
[Simulate] Step 967: Queue length 199, Waiting time 29962.0
[Simulate] Step 968: Queue length 199, Waiting time 30161.0
[Simulate] Step 969: Queue length 202, Waiting time 30363.0
[Simulate] Step 970: Queue length 203, Waiting time 30566.0
[Simulate] Step 971: Queue length 204, Waiting time 30770.0
[Simulate] Step 972: Queue length 207, Waiting time 30977.0
[Simulate] Step 973: Queue length 210, Waiting time 31187.0
[Simulate] Step 974: Queue length 212, Waiting time 31399.0
[Simulate] Step 975: Queue length 214, Waiting time 31613.0
[Simulate] Step 976: Queue length 214, Waiting time 31827.0
[Simulate] Step 977: Queue length 220, Waiting time 32047.0
[Simulate] Step 978: Queue length 222, Waiting time 32269.0
[Simulate] Step 979: Queue length 223, Waiting time 32492.0
[Simulate] Step 980: Queue length 224, Waiting time 32716.0
[Simulate] Step 981: Queue length 225, Waiting time 32941.0
[Simulate] Step 982: Queue length 228, Waiting time 33169.0
[Simulate] Step 983: Queue length 228, Waiting time 33397.0
[Simulate] Step 984: Queue length 231, Waiting time 33628.0
[Simulate] Step 985: Queue length 230, Waiting time 33858.0
[Simulate] Step 986: Queue length 231, Waiting time 34089.0
[Simulate] Step 987: Queue length 233, Waiting time 34322.0
[Simulate] Step 988: Queue length 234, Waiting time 34556.0
[Simulate] Step 989: Queue length 234, Waiting time 34790.0
[Simulate] Step 990: Queue length 235, Waiting time 35025.0
[Simulate] Step 991: Queue length 234, Waiting time 35259.0
[Simulate] Step 992: Queue length 234, Waiting time 35493.0
[Simulate] Step 993: Queue length 236, Waiting time 35729.0
[Simulate] Step 994: Queue length 238, Waiting time 35967.0
[Simulate] Step 995: Queue length 240, Waiting time 36207.0
[Step 995] Agent 0 Action: 2, Reward: -4.7440
[Step 995] Agent 1 Action: 0, Reward: -4.7440
[SetYellow] TL TL: Set yellow phase 7 out of 8 phases.
[Simulate] Step 996: Queue length 241, Waiting time 36448.0
[Simulate] Step 997: Queue length 243, Waiting time 36691.0
[Simulate] Step 998: Queue length 245, Waiting time 36936.0
[Simulate] Step 999: Queue length 247, Waiting time 37183.0
[SetYellow] TL 2_TL: Set yellow phase 3 out of 8 phases.
[Simulate] Step 1000: Queue length 248, Waiting time 37431.0
[Simulate] Step 1001: Queue length 248, Waiting time 37679.0
[Simulate] Step 1002: Queue length 250, Waiting time 37929.0
[Simulate] Step 1003: Queue length 250, Waiting time 38179.0
[Step 1003] Adaptive green duration: 50
[Simulate] Step 1004: Queue length 243, Waiting time 38422.0
[Simulate] Step 1005: Queue length 234, Waiting time 35815.0
[Simulate] Step 1006: Queue length 226, Waiting time 36041.0
[Simulate] Step 1007: Queue length 217, Waiting time 36258.0
[Simulate] Step 1008: Queue length 209, Waiting time 36507.0
[Simulate] Step 1009: Queue length 201, Waiting time 34336.0
[Simulate] Step 1010: Queue length 194, Waiting time 34530.0
[Simulate] Step 1011: Queue length 190, Waiting time 34736.0
[Simulate] Step 1012: Queue length 182, Waiting time 33299.0
[Simulate] Step 1013: Queue length 174, Waiting time 33551.0
[Simulate] Step 1014: Queue length 167, Waiting time 33800.0
[Simulate] Step 1015: Queue length 159, Waiting time 32524.0
[Simulate] Step 1016: Queue length 153, Waiting time 33025.0
[Simulate] Step 1017: Queue length 144, Waiting time 32124.0
[Simulate] Step 1018: Queue length 137, Waiting time 31650.0
[Simulate] Step 1019: Queue length 131, Waiting time 31943.0
[Simulate] Step 1020: Queue length 124, Waiting time 30547.0
[Simulate] Step 1021: Queue length 118, Waiting time 30984.0
[Simulate] Step 1022: Queue length 112, Waiting time 29717.0
[Simulate] Step 1023: Queue length 109, Waiting time 30010.0
[Simulate] Step 1024: Queue length 103, Waiting time 28453.0
[Simulate] Step 1025: Queue length 97, Waiting time 28294.0
[Simulate] Step 1026: Queue length 93, Waiting time 28089.0
[Simulate] Step 1027: Queue length 88, Waiting time 27002.0
[Simulate] Step 1028: Queue length 83, Waiting time 26812.0
[Simulate] Step 1029: Queue length 79, Waiting time 25927.0
[Simulate] Step 1030: Queue length 74, Waiting time 25919.0
[Simulate] Step 1031: Queue length 72, Waiting time 25165.0
[Simulate] Step 1032: Queue length 68, Waiting time 24791.0
[Simulate] Step 1033: Queue length 69, Waiting time 24436.0
[Simulate] Step 1034: Queue length 69, Waiting time 23827.0
[Simulate] Step 1035: Queue length 67, Waiting time 23682.0
[Simulate] Step 1036: Queue length 65, Waiting time 22920.0
[Simulate] Step 1037: Queue length 66, Waiting time 22769.0
[Simulate] Step 1038: Queue length 64, Waiting time 22163.0
[Simulate] Step 1039: Queue length 62, Waiting time 22234.0
[Simulate] Step 1040: Queue length 63, Waiting time 22137.0
[Simulate] Step 1041: Queue length 60, Waiting time 21773.0
[Simulate] Step 1042: Queue length 61, Waiting time 21467.0
[Simulate] Step 1043: Queue length 61, Waiting time 21260.0
[Simulate] Step 1044: Queue length 60, Waiting time 20922.0
[Simulate] Step 1045: Queue length 62, Waiting time 20747.0
[Simulate] Step 1046: Queue length 61, Waiting time 20566.0
[Simulate] Step 1047: Queue length 60, Waiting time 20618.0
[Simulate] Step 1048: Queue length 62, Waiting time 20402.0
[Simulate] Step 1049: Queue length 62, Waiting time 20495.0
[Simulate] Step 1050: Queue length 64, Waiting time 20374.0
[Simulate] Step 1051: Queue length 65, Waiting time 20393.0
[Simulate] Step 1052: Queue length 67, Waiting time 20590.0
[Simulate] Step 1053: Queue length 67, Waiting time 20475.0
[Step 1053] Agent 0 Action: 3, Reward: 20.6040
[Step 1053] Agent 1 Action: 2, Reward: 20.6040
[SetYellow] TL TL: Set yellow phase 5 out of 8 phases.
[Simulate] Step 1054: Queue length 72, Waiting time 20505.0
[Simulate] Step 1055: Queue length 73, Waiting time 20578.0
[Simulate] Step 1056: Queue length 77, Waiting time 20644.0
[Simulate] Step 1057: Queue length 78, Waiting time 20904.0
[SetYellow] TL 2_TL: Set yellow phase 1 out of 8 phases.
[Simulate] Step 1058: Queue length 80, Waiting time 20984.0
[Simulate] Step 1059: Queue length 84, Waiting time 21068.0
[Simulate] Step 1060: Queue length 87, Waiting time 21155.0
[Simulate] Step 1061: Queue length 89, Waiting time 21244.0
[Step 1061] Adaptive green duration: 50
[Simulate] Step 1062: Queue length 87, Waiting time 21331.0
[Simulate] Step 1063: Queue length 89, Waiting time 21104.0
[Simulate] Step 1064: Queue length 89, Waiting time 20974.0
[Simulate] Step 1065: Queue length 87, Waiting time 21061.0
[Simulate] Step 1066: Queue length 86, Waiting time 21147.0
[Simulate] Step 1067: Queue length 84, Waiting time 20803.0
[Simulate] Step 1068: Queue length 86, Waiting time 20721.0
[Simulate] Step 1069: Queue length 86, Waiting time 20807.0
[Simulate] Step 1070: Queue length 85, Waiting time 20824.0
[Simulate] Step 1071: Queue length 84, Waiting time 21019.0
[Simulate] Step 1072: Queue length 84, Waiting time 21029.0
[Simulate] Step 1073: Queue length 86, Waiting time 21143.0
[Simulate] Step 1074: Queue length 85, Waiting time 21228.0
[Simulate] Step 1075: Queue length 87, Waiting time 21310.0
[Simulate] Step 1076: Queue length 90, Waiting time 21268.0
[Simulate] Step 1077: Queue length 90, Waiting time 21209.0
[Simulate] Step 1078: Queue length 90, Waiting time 20934.0
[Simulate] Step 1079: Queue length 92, Waiting time 20825.0
[Simulate] Step 1080: Queue length 92, Waiting time 20732.0
[Simulate] Step 1081: Queue length 95, Waiting time 20718.0
[Simulate] Step 1082: Queue length 96, Waiting time 20585.0
[Simulate] Step 1083: Queue length 96, Waiting time 20634.0
[Simulate] Step 1084: Queue length 97, Waiting time 20788.0
[Simulate] Step 1085: Queue length 98, Waiting time 20688.0
[Simulate] Step 1086: Queue length 102, Waiting time 20722.0
[Simulate] Step 1087: Queue length 102, Waiting time 20636.0
[Simulate] Step 1088: Queue length 104, Waiting time 20732.0
[Simulate] Step 1089: Queue length 104, Waiting time 20665.0
[Simulate] Step 1090: Queue length 104, Waiting time 20728.0
[Simulate] Step 1091: Queue length 104, Waiting time 20714.0
[Simulate] Step 1092: Queue length 105, Waiting time 20771.0
[Simulate] Step 1093: Queue length 108, Waiting time 20703.0
[Simulate] Step 1094: Queue length 108, Waiting time 20791.0
[Simulate] Step 1095: Queue length 109, Waiting time 20765.0
[Simulate] Step 1096: Queue length 112, Waiting time 20855.0
[Simulate] Step 1097: Queue length 113, Waiting time 20968.0
[Simulate] Step 1098: Queue length 114, Waiting time 20950.0
[Simulate] Step 1099: Queue length 117, Waiting time 20984.0
[Simulate] Step 1100: Queue length 116, Waiting time 21100.0
[Simulate] Step 1101: Queue length 116, Waiting time 21042.0
[Simulate] Step 1102: Queue length 116, Waiting time 21158.0
[Simulate] Step 1103: Queue length 119, Waiting time 21112.0
[Simulate] Step 1104: Queue length 119, Waiting time 21231.0
[Simulate] Step 1105: Queue length 119, Waiting time 21298.0
[Simulate] Step 1106: Queue length 123, Waiting time 21313.0
[Simulate] Step 1107: Queue length 124, Waiting time 21437.0
[Simulate] Step 1108: Queue length 125, Waiting time 21426.0
[Simulate] Step 1109: Queue length 126, Waiting time 21552.0
[Simulate] Step 1110: Queue length 127, Waiting time 21492.0
[Simulate] Step 1111: Queue length 128, Waiting time 21620.0
[Step 1111] Agent 0 Action: 2, Reward: -3.9970
[Step 1111] Agent 1 Action: 2, Reward: -3.9970
[SetYellow] TL TL: Set yellow phase 7 out of 8 phases.
[Simulate] Step 1112: Queue length 129, Waiting time 21633.0
[Simulate] Step 1113: Queue length 130, Waiting time 21763.0
[Simulate] Step 1114: Queue length 130, Waiting time 21785.0
[Simulate] Step 1115: Queue length 132, Waiting time 21898.0
[Step 1115] Adaptive green duration: 50
[Simulate] Step 1116: Queue length 128, Waiting time 22026.0
[Simulate] Step 1117: Queue length 122, Waiting time 20678.0
[Simulate] Step 1118: Queue length 118, Waiting time 20796.0
[Simulate] Step 1119: Queue length 113, Waiting time 20832.0
[Simulate] Step 1120: Queue length 108, Waiting time 20907.0
[Simulate] Step 1121: Queue length 106, Waiting time 19819.0
[Simulate] Step 1122: Queue length 106, Waiting time 19925.0
[Simulate] Step 1123: Queue length 106, Waiting time 20016.0
[Simulate] Step 1124: Queue length 106, Waiting time 19700.0
[Simulate] Step 1125: Queue length 106, Waiting time 19207.0
[Simulate] Step 1126: Queue length 107, Waiting time 19032.0
[Simulate] Step 1127: Queue length 108, Waiting time 18593.0
[Simulate] Step 1128: Queue length 110, Waiting time 18439.0
[Simulate] Step 1129: Queue length 111, Waiting time 18609.0
[Simulate] Step 1130: Queue length 111, Waiting time 18227.0
[Simulate] Step 1131: Queue length 112, Waiting time 18159.0
[Simulate] Step 1132: Queue length 113, Waiting time 17830.0
[Simulate] Step 1133: Queue length 114, Waiting time 17784.0
[Simulate] Step 1134: Queue length 114, Waiting time 17815.0
[Simulate] Step 1135: Queue length 114, Waiting time 17638.0
[Simulate] Step 1136: Queue length 114, Waiting time 17681.0
[Simulate] Step 1137: Queue length 115, Waiting time 17525.0
[Simulate] Step 1138: Queue length 117, Waiting time 17542.0
[Simulate] Step 1139: Queue length 117, Waiting time 17515.0
[Simulate] Step 1140: Queue length 117, Waiting time 17570.0
[Simulate] Step 1141: Queue length 117, Waiting time 17561.0
[Simulate] Step 1142: Queue length 117, Waiting time 17644.0
[Simulate] Step 1143: Queue length 117, Waiting time 17640.0
[Simulate] Step 1144: Queue length 117, Waiting time 17757.0
[Simulate] Step 1145: Queue length 118, Waiting time 17757.0
[Simulate] Step 1146: Queue length 118, Waiting time 17872.0
[Simulate] Step 1147: Queue length 118, Waiting time 17888.0
[Simulate] Step 1148: Queue length 119, Waiting time 18007.0
[Simulate] Step 1149: Queue length 119, Waiting time 18056.0
[Simulate] Step 1150: Queue length 120, Waiting time 18138.0
[Simulate] Step 1151: Queue length 122, Waiting time 18260.0
[Simulate] Step 1152: Queue length 122, Waiting time 18374.0
[Simulate] Step 1153: Queue length 122, Waiting time 18496.0
[Simulate] Step 1154: Queue length 122, Waiting time 18618.0
[Simulate] Step 1155: Queue length 123, Waiting time 18741.0
[Simulate] Step 1156: Queue length 124, Waiting time 18865.0
[Simulate] Step 1157: Queue length 124, Waiting time 18989.0
[Simulate] Step 1158: Queue length 124, Waiting time 19113.0
[Simulate] Step 1159: Queue length 124, Waiting time 19237.0
[Simulate] Step 1160: Queue length 124, Waiting time 19361.0
[Simulate] Step 1161: Queue length 125, Waiting time 19486.0
[Simulate] Step 1162: Queue length 125, Waiting time 19611.0
[Simulate] Step 1163: Queue length 125, Waiting time 19736.0
[Simulate] Step 1164: Queue length 125, Waiting time 19861.0
[Simulate] Step 1165: Queue length 126, Waiting time 19987.0
[Step 1165] Agent 0 Action: 2, Reward: -4.8550
[Step 1165] Agent 1 Action: 0, Reward: -4.8550
[SetYellow] TL 2_TL: Set yellow phase 5 out of 8 phases.
[Simulate] Step 1166: Queue length 127, Waiting time 20114.0
[Simulate] Step 1167: Queue length 127, Waiting time 20241.0
[Simulate] Step 1168: Queue length 128, Waiting time 20369.0
[Simulate] Step 1169: Queue length 127, Waiting time 20496.0
[Step 1169] Adaptive green duration: 50
[Simulate] Step 1170: Queue length 125, Waiting time 20621.0
[Simulate] Step 1171: Queue length 122, Waiting time 20253.0
[Simulate] Step 1172: Queue length 119, Waiting time 20372.0
[Simulate] Step 1173: Queue length 117, Waiting time 20489.0
[Simulate] Step 1174: Queue length 116, Waiting time 20878.0
[Simulate] Step 1175: Queue length 115, Waiting time 20530.0
[Simulate] Step 1176: Queue length 114, Waiting time 20644.0
[Simulate] Step 1177: Queue length 112, Waiting time 20756.0
[Simulate] Step 1178: Queue length 110, Waiting time 20794.0
[Simulate] Step 1179: Queue length 110, Waiting time 20802.0
[Simulate] Step 1180: Queue length 110, Waiting time 21145.0
[Simulate] Step 1181: Queue length 109, Waiting time 20906.0
[Simulate] Step 1182: Queue length 109, Waiting time 21015.0
[Simulate] Step 1183: Queue length 108, Waiting time 21346.0
[Simulate] Step 1184: Queue length 109, Waiting time 21150.0
[Simulate] Step 1185: Queue length 109, Waiting time 21461.0
[Simulate] Step 1186: Queue length 109, Waiting time 21336.0
[Simulate] Step 1187: Queue length 112, Waiting time 21598.0
[Simulate] Step 1188: Queue length 113, Waiting time 21513.0
[Simulate] Step 1189: Queue length 114, Waiting time 21766.0
[Simulate] Step 1190: Queue length 117, Waiting time 21875.0
[Simulate] Step 1191: Queue length 118, Waiting time 21822.0
[Simulate] Step 1192: Queue length 118, Waiting time 22099.0
[Simulate] Step 1193: Queue length 118, Waiting time 22061.0
[Simulate] Step 1194: Queue length 121, Waiting time 22334.0
[Simulate] Step 1195: Queue length 122, Waiting time 22306.0
[Simulate] Step 1196: Queue length 123, Waiting time 22578.0
[Simulate] Step 1197: Queue length 123, Waiting time 22701.0
[Simulate] Step 1198: Queue length 124, Waiting time 22685.0
[Simulate] Step 1199: Queue length 124, Waiting time 22949.0
[Simulate] Step 1200: Queue length 125, Waiting time 22966.0
[Simulate] Step 1201: Queue length 126, Waiting time 23092.0
[Simulate] Step 1202: Queue length 126, Waiting time 23326.0
[Simulate] Step 1203: Queue length 126, Waiting time 23345.0
[Simulate] Step 1204: Queue length 126, Waiting time 23578.0
[Simulate] Step 1205: Queue length 127, Waiting time 23624.0
[Simulate] Step 1206: Queue length 127, Waiting time 23751.0
[Simulate] Step 1207: Queue length 128, Waiting time 23883.0
[Simulate] Step 1208: Queue length 129, Waiting time 24012.0
[Simulate] Step 1209: Queue length 130, Waiting time 24219.0
[Simulate] Step 1210: Queue length 130, Waiting time 24274.0
[Simulate] Step 1211: Queue length 132, Waiting time 24481.0
[Simulate] Step 1212: Queue length 134, Waiting time 24545.0
[Simulate] Step 1213: Queue length 135, Waiting time 24680.0
[Simulate] Step 1214: Queue length 135, Waiting time 24885.0
[Simulate] Step 1215: Queue length 135, Waiting time 24952.0
[Simulate] Step 1216: Queue length 135, Waiting time 25155.0
[Simulate] Step 1217: Queue length 135, Waiting time 25224.0
[Simulate] Step 1218: Queue length 137, Waiting time 25427.0
[Simulate] Step 1219: Queue length 137, Waiting time 25500.0
[Step 1219] Agent 0 Action: 0, Reward: -3.1640
[Step 1219] Agent 1 Action: 2, Reward: -3.1640
[SetYellow] TL TL: Set yellow phase 5 out of 8 phases.
[Simulate] Step 1220: Queue length 139, Waiting time 25639.0
[Simulate] Step 1221: Queue length 140, Waiting time 25843.0
[Simulate] Step 1222: Queue length 140, Waiting time 25935.0
[Simulate] Step 1223: Queue length 140, Waiting time 26123.0
[SetYellow] TL 2_TL: Set yellow phase 1 out of 8 phases.
[Simulate] Step 1224: Queue length 141, Waiting time 26264.0
[Simulate] Step 1225: Queue length 142, Waiting time 26406.0
[Simulate] Step 1226: Queue length 144, Waiting time 26550.0
[Simulate] Step 1227: Queue length 145, Waiting time 26695.0
[Step 1227] Adaptive green duration: 50
[Simulate] Step 1228: Queue length 141, Waiting time 26836.0
[Simulate] Step 1229: Queue length 133, Waiting time 25258.0
[Simulate] Step 1230: Queue length 126, Waiting time 25384.0
[Simulate] Step 1231: Queue length 119, Waiting time 25503.0
[Simulate] Step 1232: Queue length 112, Waiting time 26108.0
[Simulate] Step 1233: Queue length 108, Waiting time 24539.0
[Simulate] Step 1234: Queue length 107, Waiting time 24646.0
[Simulate] Step 1235: Queue length 103, Waiting time 25240.0
[Simulate] Step 1236: Queue length 98, Waiting time 24007.0
[Simulate] Step 1237: Queue length 95, Waiting time 24120.0
[Simulate] Step 1238: Queue length 94, Waiting time 24309.0
[Simulate] Step 1239: Queue length 91, Waiting time 23495.0
[Simulate] Step 1240: Queue length 89, Waiting time 24029.0
[Simulate] Step 1241: Queue length 85, Waiting time 22986.0
[Simulate] Step 1242: Queue length 81, Waiting time 22942.0
[Simulate] Step 1243: Queue length 81, Waiting time 22679.0
[Simulate] Step 1244: Queue length 80, Waiting time 22407.0
[Simulate] Step 1245: Queue length 79, Waiting time 22523.0
[Simulate] Step 1246: Queue length 77, Waiting time 21808.0
[Simulate] Step 1247: Queue length 78, Waiting time 21800.0
[Simulate] Step 1248: Queue length 77, Waiting time 21669.0
[Simulate] Step 1249: Queue length 77, Waiting time 20959.0
[Simulate] Step 1250: Queue length 74, Waiting time 21131.0
[Simulate] Step 1251: Queue length 73, Waiting time 20822.0
[Simulate] Step 1252: Queue length 71, Waiting time 20267.0
[Simulate] Step 1253: Queue length 64, Waiting time 20692.0
[Simulate] Step 1254: Queue length 62, Waiting time 19785.0
[Simulate] Step 1255: Queue length 61, Waiting time 20215.0
[Simulate] Step 1256: Queue length 60, Waiting time 19396.0
[Simulate] Step 1257: Queue length 57, Waiting time 19440.0
[Simulate] Step 1258: Queue length 58, Waiting time 19373.0
[Simulate] Step 1259: Queue length 57, Waiting time 18829.0
[Simulate] Step 1260: Queue length 57, Waiting time 18992.0
[Simulate] Step 1261: Queue length 56, Waiting time 18695.0
[Simulate] Step 1262: Queue length 56, Waiting time 18278.0
[Simulate] Step 1263: Queue length 53, Waiting time 18205.0
[Simulate] Step 1264: Queue length 51, Waiting time 17938.0
[Simulate] Step 1265: Queue length 50, Waiting time 17863.0
[Simulate] Step 1266: Queue length 49, Waiting time 17625.0
[Simulate] Step 1267: Queue length 49, Waiting time 17538.0
[Simulate] Step 1268: Queue length 50, Waiting time 17315.0
[Simulate] Step 1269: Queue length 49, Waiting time 16967.0
[Simulate] Step 1270: Queue length 49, Waiting time 17098.0
[Simulate] Step 1271: Queue length 48, Waiting time 16693.0
[Simulate] Step 1272: Queue length 50, Waiting time 16831.0
[Simulate] Step 1273: Queue length 52, Waiting time 16438.0
[Simulate] Step 1274: Queue length 52, Waiting time 16337.0
[Simulate] Step 1275: Queue length 54, Waiting time 16500.0
[Simulate] Step 1276: Queue length 54, Waiting time 16160.0
[Simulate] Step 1277: Queue length 55, Waiting time 16210.0
[Step 1277] Agent 0 Action: 2, Reward: 13.7980
[Step 1277] Agent 1 Action: 2, Reward: 13.7980
[SetYellow] TL TL: Set yellow phase 1 out of 8 phases.
[Simulate] Step 1278: Queue length 57, Waiting time 16124.0
[Simulate] Step 1279: Queue length 58, Waiting time 16182.0
[Simulate] Step 1280: Queue length 61, Waiting time 16243.0
[Simulate] Step 1281: Queue length 63, Waiting time 16306.0
[Step 1281] Adaptive green duration: 50
[Simulate] Step 1282: Queue length 57, Waiting time 16363.0
[Simulate] Step 1283: Queue length 51, Waiting time 15689.0
[Simulate] Step 1284: Queue length 48, Waiting time 15246.0
[Simulate] Step 1285: Queue length 45, Waiting time 15291.0
[Simulate] Step 1286: Queue length 43, Waiting time 15334.0
[Simulate] Step 1287: Queue length 44, Waiting time 14500.0
[Simulate] Step 1288: Queue length 45, Waiting time 14545.0
[Simulate] Step 1289: Queue length 46, Waiting time 14591.0
[Simulate] Step 1290: Queue length 48, Waiting time 13913.0
[Simulate] Step 1291: Queue length 47, Waiting time 14009.0
[Simulate] Step 1292: Queue length 47, Waiting time 13477.0
[Simulate] Step 1293: Queue length 50, Waiting time 13203.0
[Simulate] Step 1294: Queue length 51, Waiting time 13254.0
[Simulate] Step 1295: Queue length 53, Waiting time 13262.0
[Simulate] Step 1296: Queue length 55, Waiting time 12558.0
[Simulate] Step 1297: Queue length 61, Waiting time 11686.0
[Simulate] Step 1298: Queue length 61, Waiting time 11591.0
[Simulate] Step 1299: Queue length 63, Waiting time 11654.0
[Simulate] Step 1300: Queue length 63, Waiting time 11559.0
[Simulate] Step 1301: Queue length 64, Waiting time 11543.0
[Simulate] Step 1302: Queue length 64, Waiting time 11529.0
[Simulate] Step 1303: Queue length 65, Waiting time 11538.0
[Simulate] Step 1304: Queue length 66, Waiting time 11547.0
[Simulate] Step 1305: Queue length 67, Waiting time 11131.0
[Simulate] Step 1306: Queue length 68, Waiting time 10721.0
[Simulate] Step 1307: Queue length 70, Waiting time 10729.0
[Simulate] Step 1308: Queue length 70, Waiting time 10750.0
[Simulate] Step 1309: Queue length 70, Waiting time 10443.0
[Simulate] Step 1310: Queue length 70, Waiting time 10452.0
[Simulate] Step 1311: Queue length 71, Waiting time 10117.0
[Simulate] Step 1312: Queue length 71, Waiting time 10147.0
[Simulate] Step 1313: Queue length 72, Waiting time 10219.0
[Simulate] Step 1314: Queue length 72, Waiting time 9918.0
[Simulate] Step 1315: Queue length 72, Waiting time 9990.0
[Simulate] Step 1316: Queue length 74, Waiting time 10064.0
[Simulate] Step 1317: Queue length 74, Waiting time 10138.0
[Simulate] Step 1318: Queue length 74, Waiting time 9842.0
[Simulate] Step 1319: Queue length 75, Waiting time 9917.0
[Simulate] Step 1320: Queue length 75, Waiting time 9020.0
[Simulate] Step 1321: Queue length 75, Waiting time 9095.0
[Simulate] Step 1322: Queue length 75, Waiting time 8852.0
[Simulate] Step 1323: Queue length 77, Waiting time 8929.0
[Simulate] Step 1324: Queue length 77, Waiting time 9006.0
[Simulate] Step 1325: Queue length 77, Waiting time 9083.0
[Simulate] Step 1326: Queue length 77, Waiting time 9160.0
[Simulate] Step 1327: Queue length 77, Waiting time 9237.0
[Simulate] Step 1328: Queue length 78, Waiting time 9315.0
[Simulate] Step 1329: Queue length 78, Waiting time 9393.0
[Simulate] Step 1330: Queue length 78, Waiting time 9471.0
[Simulate] Step 1331: Queue length 78, Waiting time 9282.0
[Step 1331] Agent 0 Action: 3, Reward: -2.6320
[Step 1331] Agent 1 Action: 0, Reward: -2.6320
[SetYellow] TL TL: Set yellow phase 5 out of 8 phases.
[Simulate] Step 1332: Queue length 78, Waiting time 9360.0
[Simulate] Step 1333: Queue length 79, Waiting time 9439.0
[Simulate] Step 1334: Queue length 79, Waiting time 9245.0
[Simulate] Step 1335: Queue length 81, Waiting time 9326.0
[SetYellow] TL 2_TL: Set yellow phase 5 out of 8 phases.
[Simulate] Step 1336: Queue length 82, Waiting time 8903.0
[Simulate] Step 1337: Queue length 83, Waiting time 8986.0
[Simulate] Step 1338: Queue length 85, Waiting time 9071.0
[Simulate] Step 1339: Queue length 88, Waiting time 9159.0
[Step 1339] Adaptive green duration: 50
[Simulate] Step 1340: Queue length 86, Waiting time 9245.0
[Simulate] Step 1341: Queue length 85, Waiting time 8952.0
[Simulate] Step 1342: Queue length 84, Waiting time 9036.0
[Simulate] Step 1343: Queue length 82, Waiting time 9118.0
[Simulate] Step 1344: Queue length 85, Waiting time 9363.0
[Simulate] Step 1345: Queue length 83, Waiting time 9234.0
[Simulate] Step 1346: Queue length 80, Waiting time 9178.0
[Simulate] Step 1347: Queue length 84, Waiting time 9262.0
[Simulate] Step 1348: Queue length 84, Waiting time 9296.0
[Simulate] Step 1349: Queue length 83, Waiting time 9250.0
[Simulate] Step 1350: Queue length 85, Waiting time 9464.0
[Simulate] Step 1351: Queue length 86, Waiting time 9253.0
[Simulate] Step 1352: Queue length 87, Waiting time 9340.0
[Simulate] Step 1353: Queue length 92, Waiting time 9556.0
[Simulate] Step 1354: Queue length 92, Waiting time 9383.0
[Simulate] Step 1355: Queue length 95, Waiting time 9601.0
[Simulate] Step 1356: Queue length 95, Waiting time 9478.0
[Simulate] Step 1357: Queue length 97, Waiting time 9575.0
[Simulate] Step 1358: Queue length 97, Waiting time 9750.0
[Simulate] Step 1359: Queue length 100, Waiting time 9720.0
[Simulate] Step 1360: Queue length 102, Waiting time 9911.0
[Simulate] Step 1361: Queue length 104, Waiting time 9905.0
[Simulate] Step 1362: Queue length 105, Waiting time 10111.0
[Simulate] Step 1363: Queue length 106, Waiting time 10117.0
[Simulate] Step 1364: Queue length 107, Waiting time 10224.0
[Simulate] Step 1365: Queue length 107, Waiting time 10431.0
[Simulate] Step 1366: Queue length 109, Waiting time 10443.0
[Simulate] Step 1367: Queue length 110, Waiting time 10650.0
[Simulate] Step 1368: Queue length 115, Waiting time 10667.0
[Simulate] Step 1369: Queue length 116, Waiting time 10783.0
[Simulate] Step 1370: Queue length 117, Waiting time 10998.0
[Simulate] Step 1371: Queue length 117, Waiting time 11023.0
[Simulate] Step 1372: Queue length 117, Waiting time 11232.0
[Simulate] Step 1373: Queue length 119, Waiting time 11269.0
[Simulate] Step 1374: Queue length 119, Waiting time 11388.0
[Simulate] Step 1375: Queue length 119, Waiting time 11509.0
[Simulate] Step 1376: Queue length 121, Waiting time 11630.0
[Simulate] Step 1377: Queue length 122, Waiting time 11832.0
[Simulate] Step 1378: Queue length 122, Waiting time 11895.0
[Simulate] Step 1379: Queue length 123, Waiting time 12077.0
[Simulate] Step 1380: Queue length 123, Waiting time 12159.0
[Simulate] Step 1381: Queue length 126, Waiting time 12285.0
[Simulate] Step 1382: Queue length 127, Waiting time 12453.0
[Simulate] Step 1383: Queue length 128, Waiting time 12558.0
[Simulate] Step 1384: Queue length 128, Waiting time 12686.0
[Simulate] Step 1385: Queue length 128, Waiting time 12837.0
[Simulate] Step 1386: Queue length 129, Waiting time 12944.0
