[Step 0] Agent 0 Action: 1, Reward: 0.0000
[Step 0] Agent 1 Action: 1, Reward: 0.0000
[SetGreen] Action 1 not found in phase mapping.
[SetGreen] Action 1 not found in phase mapping.
[Step 0] Adaptive green duration: 40
[InjectFault] TL TL: Fault injected. Phase 0 changed from GGGGGggrrrrrrrGGGGGggrrrrrrr to rGGGGggrrrrrrrGGGGGggrrrrrrr. Flipped indices: [0]
[Simulate] Step 1: Queue length 0, Waiting time 0.0, Emergency Delay: 0.0
[Simulate] Step 2: Queue length 0, Waiting time 0.0, Emergency Delay: 0.0
[Simulate] Step 3: Queue length 0, Waiting time 0.0, Emergency Delay: 0.0
[Simulate] Step 4: Queue length 0, Waiting time 0.0, Emergency Delay: 0.0
[Simulate] Step 5: Queue length 0, Waiting time 0.0, Emergency Delay: 0.0
[Simulate] Step 6: Queue length 0, Waiting time 0.0, Emergency Delay: 0.0
[Simulate] Step 7: Queue length 0, Waiting time 0.0, Emergency Delay: 0.0
[Simulate] Step 8: Queue length 0, Waiting time 0.0, Emergency Delay: 0.0
[Simulate] Step 9: Queue length 0, Waiting time 0.0, Emergency Delay: 0.0
[Simulate] Step 10: Queue length 0, Waiting time 0.0, Emergency Delay: 0.0
[Simulate] Step 11: Queue length 0, Waiting time 0.0, Emergency Delay: 0.0
[Simulate] Step 12: Queue length 0, Waiting time 0.0, Emergency Delay: 0.0
[Simulate] Step 13: Queue length 0, Waiting time 0.0, Emergency Delay: 0.0
[Simulate] Step 14: Queue length 0, Waiting time 0.0, Emergency Delay: 0.0
[Simulate] Step 15: Queue length 0, Waiting time 0.0, Emergency Delay: 0.0
[Simulate] Step 16: Queue length 0, Waiting time 0.0, Emergency Delay: 0.0
[Simulate] Step 17: Queue length 0, Waiting time 0.0, Emergency Delay: 0.0
[Simulate] Step 18: Queue length 0, Waiting time 0.0, Emergency Delay: 0.0
[Simulate] Step 19: Queue length 0, Waiting time 0.0, Emergency Delay: 0.0
[Simulate] Step 20: Queue length 0, Waiting time 0.0, Emergency Delay: 0.0
[Simulate] Step 21: Queue length 0, Waiting time 0.0, Emergency Delay: 0.0
[Simulate] Step 22: Queue length 0, Waiting time 0.0, Emergency Delay: 0.0
[Simulate] Step 23: Queue length 0, Waiting time 0.0, Emergency Delay: 0.0
[Simulate] Step 24: Queue length 0, Waiting time 0.0, Emergency Delay: 0.0
[Simulate] Step 25: Queue length 0, Waiting time 0.0, Emergency Delay: 0.0
[Simulate] Step 26: Queue length 0, Waiting time 0.0, Emergency Delay: 0.0
[Simulate] Step 27: Queue length 0, Waiting time 0.0, Emergency Delay: 0.0
[Simulate] Step 28: Queue length 0, Waiting time 0.0, Emergency Delay: 0.0
[Simulate] Step 29: Queue length 0, Waiting time 0.0, Emergency Delay: 0.0
[Simulate] Step 30: Queue length 0, Waiting time 0.0, Emergency Delay: 0.0
[Simulate] Step 31: Queue length 0, Waiting time 0.0, Emergency Delay: 0.0
[Simulate] Step 32: Queue length 0, Waiting time 0.0, Emergency Delay: 0.0
[Simulate] Step 33: Queue length 0, Waiting time 0.0, Emergency Delay: 0.0
[Simulate] Step 34: Queue length 0, Waiting time 0.0, Emergency Delay: 0.0
[Simulate] Step 35: Queue length 0, Waiting time 0.0, Emergency Delay: 0.0
[Simulate] Step 36: Queue length 0, Waiting time 0.0, Emergency Delay: 0.0
[Simulate] Step 37: Queue length 0, Waiting time 0.0, Emergency Delay: 0.0
[Simulate] Step 38: Queue length 0, Waiting time 0.0, Emergency Delay: 0.0
[Simulate] Step 39: Queue length 0, Waiting time 0.0, Emergency Delay: 0.0
[Simulate] Step 40: Queue length 0, Waiting time 0.0, Emergency Delay: 0.0
[Step 40] Agent 0 Action: 1, Reward: 0.0000
[Step 40] Agent 1 Action: 1, Reward: 0.0000
[SetGreen] Action 1 not found in phase mapping.
[SetGreen] Action 1 not found in phase mapping.
[Step 40] Adaptive green duration: 40
[Simulate] Step 41: Queue length 0, Waiting time 0.0, Emergency Delay: 0.0
[Simulate] Step 42: Queue length 0, Waiting time 0.0, Emergency Delay: 0.0
[Simulate] Step 43: Queue length 0, Waiting time 0.0, Emergency Delay: 0.0
[Simulate] Step 44: Queue length 0, Waiting time 0.0, Emergency Delay: 0.0
[Simulate] Step 45: Queue length 0, Waiting time 0.0, Emergency Delay: 0.0
[Simulate] Step 46: Queue length 0, Waiting time 0.0, Emergency Delay: 0.0
[Simulate] Step 47: Queue length 0, Waiting time 0.0, Emergency Delay: 0.0
[Simulate] Step 48: Queue length 0, Waiting time 0.0, Emergency Delay: 0.0
[Simulate] Step 49: Queue length 0, Waiting time 0.0, Emergency Delay: 0.0
[Simulate] Step 50: Queue length 0, Waiting time 0.0, Emergency Delay: 0.0
[Simulate] Step 51: Queue length 0, Waiting time 0.0, Emergency Delay: 0.0
[Simulate] Step 52: Queue length 0, Waiting time 0.0, Emergency Delay: 0.0
[Simulate] Step 53: Queue length 0, Waiting time 0.0, Emergency Delay: 0.0
[Simulate] Step 54: Queue length 0, Waiting time 0.0, Emergency Delay: 0.0
[Simulate] Step 55: Queue length 0, Waiting time 0.0, Emergency Delay: 0.0
[Simulate] Step 56: Queue length 0, Waiting time 0.0, Emergency Delay: 0.0
[Simulate] Step 57: Queue length 0, Waiting time 0.0, Emergency Delay: 0.0
[Simulate] Step 58: Queue length 0, Waiting time 0.0, Emergency Delay: 0.0
[Simulate] Step 59: Queue length 0, Waiting time 0.0, Emergency Delay: 0.0
[Simulate] Step 60: Queue length 0, Waiting time 0.0, Emergency Delay: 0.0
[Simulate] Step 61: Queue length 0, Waiting time 0.0, Emergency Delay: 0.0
[Simulate] Step 62: Queue length 0, Waiting time 0.0, Emergency Delay: 0.0
[Simulate] Step 63: Queue length 0, Waiting time 0.0, Emergency Delay: 0.0
[Simulate] Step 64: Queue length 0, Waiting time 0.0, Emergency Delay: 0.0
[Simulate] Step 65: Queue length 0, Waiting time 0.0, Emergency Delay: 0.0
[Simulate] Step 66: Queue length 0, Waiting time 0.0, Emergency Delay: 0.0
[Simulate] Step 67: Queue length 0, Waiting time 0.0, Emergency Delay: 0.0
[Simulate] Step 68: Queue length 0, Waiting time 0.0, Emergency Delay: 0.0
[Simulate] Step 69: Queue length 0, Waiting time 0.0, Emergency Delay: 0.0
[Simulate] Step 70: Queue length 0, Waiting time 0.0, Emergency Delay: 0.0
[Simulate] Step 71: Queue length 0, Waiting time 0.0, Emergency Delay: 0.0
[Simulate] Step 72: Queue length 0, Waiting time 0.0, Emergency Delay: 0.0
[Simulate] Step 73: Queue length 0, Waiting time 0.0, Emergency Delay: 0.0
[Simulate] Step 74: Queue length 0, Waiting time 0.0, Emergency Delay: 0.0
[Simulate] Step 75: Queue length 0, Waiting time 0.0, Emergency Delay: 0.0
[Simulate] Step 76: Queue length 0, Waiting time 0.0, Emergency Delay: 0.0
[Simulate] Step 77: Queue length 0, Waiting time 0.0, Emergency Delay: 0.0
[Simulate] Step 78: Queue length 0, Waiting time 0.0, Emergency Delay: 0.0
[Simulate] Step 79: Queue length 0, Waiting time 0.0, Emergency Delay: 0.0
[Simulate] Step 80: Queue length 0, Waiting time 0.0, Emergency Delay: 0.0
[Step 80] Agent 0 Action: 1, Reward: 0.0000
[Step 80] Agent 1 Action: 1, Reward: 0.0000
[SetGreen] Action 1 not found in phase mapping.
[SetGreen] Action 1 not found in phase mapping.
[Step 80] Adaptive green duration: 40
[Simulate] Step 81: Queue length 0, Waiting time 0.0, Emergency Delay: 0.0
[Simulate] Step 82: Queue length 0, Waiting time 0.0, Emergency Delay: 0.0
[Simulate] Step 83: Queue length 0, Waiting time 0.0, Emergency Delay: 0.0
[Simulate] Step 84: Queue length 0, Waiting time 0.0, Emergency Delay: 0.0
[Simulate] Step 85: Queue length 0, Waiting time 0.0, Emergency Delay: 0.0
[Simulate] Step 86: Queue length 0, Waiting time 0.0, Emergency Delay: 0.0
[Simulate] Step 87: Queue length 0, Waiting time 0.0, Emergency Delay: 0.0
[Simulate] Step 88: Queue length 0, Waiting time 0.0, Emergency Delay: 0.0
[Simulate] Step 89: Queue length 0, Waiting time 0.0, Emergency Delay: 0.0
[Simulate] Step 90: Queue length 0, Waiting time 0.0, Emergency Delay: 0.0
[Simulate] Step 91: Queue length 0, Waiting time 0.0, Emergency Delay: 0.0
[Simulate] Step 92: Queue length 0, Waiting time 0.0, Emergency Delay: 0.0
[Simulate] Step 93: Queue length 0, Waiting time 0.0, Emergency Delay: 0.0
[Simulate] Step 94: Queue length 0, Waiting time 0.0, Emergency Delay: 0.0
[Simulate] Step 95: Queue length 0, Waiting time 0.0, Emergency Delay: 0.0
[Simulate] Step 96: Queue length 0, Waiting time 0.0, Emergency Delay: 0.0
[Simulate] Step 97: Queue length 0, Waiting time 0.0, Emergency Delay: 0.0
[Simulate] Step 98: Queue length 0, Waiting time 0.0, Emergency Delay: 0.0
[Simulate] Step 99: Queue length 0, Waiting time 0.0, Emergency Delay: 0.0
[Simulate] Step 100: Queue length 0, Waiting time 0.0, Emergency Delay: 0.0
[Simulate] Step 101: Queue length 0, Waiting time 0.0, Emergency Delay: 0.0
[Simulate] Step 102: Queue length 0, Waiting time 0.0, Emergency Delay: 0.0
[Simulate] Step 103: Queue length 0, Waiting time 0.0, Emergency Delay: 0.0
[Simulate] Step 104: Queue length 0, Waiting time 0.0, Emergency Delay: 0.0
[Simulate] Step 105: Queue length 0, Waiting time 0.0, Emergency Delay: 0.0
[Simulate] Step 106: Queue length 0, Waiting time 0.0, Emergency Delay: 0.0
[Simulate] Step 107: Queue length 0, Waiting time 0.0, Emergency Delay: 0.0
[Simulate] Step 108: Queue length 0, Waiting time 0.0, Emergency Delay: 0.0
[Simulate] Step 109: Queue length 0, Waiting time 0.0, Emergency Delay: 0.0
[Simulate] Step 110: Queue length 0, Waiting time 0.0, Emergency Delay: 0.0
[Simulate] Step 111: Queue length 0, Waiting time 0.0, Emergency Delay: 0.0
[Simulate] Step 112: Queue length 0, Waiting time 0.0, Emergency Delay: 0.0
[Simulate] Step 113: Queue length 0, Waiting time 0.0, Emergency Delay: 0.0
[Simulate] Step 114: Queue length 0, Waiting time 0.0, Emergency Delay: 0.0
[Simulate] Step 115: Queue length 1, Waiting time 1.0, Emergency Delay: 0.0
[Simulate] Step 116: Queue length 1, Waiting time 2.0, Emergency Delay: 0.0
[Simulate] Step 117: Queue length 1, Waiting time 3.0, Emergency Delay: 0.0
[Simulate] Step 118: Queue length 1, Waiting time 4.0, Emergency Delay: 0.0
[Simulate] Step 119: Queue length 1, Waiting time 5.0, Emergency Delay: 0.0
[Simulate] Step 120: Queue length 1, Waiting time 6.0, Emergency Delay: 0.0
[Step 120] Agent 0 Action: 1, Reward: -0.0110
[Step 120] Agent 1 Action: 1, Reward: -0.0110
[SetGreen] Action 1 not found in phase mapping.
[SetGreen] Action 1 not found in phase mapping.
[Step 120] Adaptive green duration: 40
[Simulate] Step 121: Queue length 1, Waiting time 7.0, Emergency Delay: 0.0
[Simulate] Step 122: Queue length 1, Waiting time 8.0, Emergency Delay: 0.0
[Simulate] Step 123: Queue length 1, Waiting time 9.0, Emergency Delay: 0.0
[Simulate] Step 124: Queue length 1, Waiting time 10.0, Emergency Delay: 0.0
[Simulate] Step 125: Queue length 1, Waiting time 11.0, Emergency Delay: 0.0
[Simulate] Step 126: Queue length 1, Waiting time 12.0, Emergency Delay: 0.0
[Simulate] Step 127: Queue length 1, Waiting time 13.0, Emergency Delay: 0.0
[Simulate] Step 128: Queue length 1, Waiting time 14.0, Emergency Delay: 0.0
[Simulate] Step 129: Queue length 1, Waiting time 15.0, Emergency Delay: 0.0
[Simulate] Step 130: Queue length 1, Waiting time 16.0, Emergency Delay: 0.0
[Simulate] Step 131: Queue length 1, Waiting time 17.0, Emergency Delay: 0.0
[Simulate] Step 132: Queue length 1, Waiting time 18.0, Emergency Delay: 0.0
[Simulate] Step 133: Queue length 1, Waiting time 19.0, Emergency Delay: 0.0
[Simulate] Step 134: Queue length 1, Waiting time 20.0, Emergency Delay: 0.0
[Simulate] Step 135: Queue length 1, Waiting time 21.0, Emergency Delay: 0.0
[Simulate] Step 136: Queue length 0, Waiting time 21.0, Emergency Delay: 0.0
[Simulate] Step 137: Queue length 0, Waiting time 0.0, Emergency Delay: 0.0
[Simulate] Step 138: Queue length 0, Waiting time 0.0, Emergency Delay: 0.0
[Simulate] Step 139: Queue length 0, Waiting time 0.0, Emergency Delay: 0.0
[Simulate] Step 140: Queue length 0, Waiting time 0.0, Emergency Delay: 0.0
[Simulate] Step 141: Queue length 0, Waiting time 0.0, Emergency Delay: 0.0
[Simulate] Step 142: Queue length 0, Waiting time 0.0, Emergency Delay: 0.0
[Simulate] Step 143: Queue length 0, Waiting time 0.0, Emergency Delay: 0.0
[Simulate] Step 144: Queue length 0, Waiting time 0.0, Emergency Delay: 0.0
[Simulate] Step 145: Queue length 0, Waiting time 21.0, Emergency Delay: 0.0
[Simulate] Step 146: Queue length 0, Waiting time 21.0, Emergency Delay: 0.0
[Simulate] Step 147: Queue length 0, Waiting time 21.0, Emergency Delay: 0.0
[Simulate] Step 148: Queue length 0, Waiting time 21.0, Emergency Delay: 0.0
[Simulate] Step 149: Queue length 0, Waiting time 21.0, Emergency Delay: 0.0
[Simulate] Step 150: Queue length 0, Waiting time 21.0, Emergency Delay: 0.0
[Simulate] Step 151: Queue length 1, Waiting time 22.0, Emergency Delay: 0.0
[Simulate] Step 152: Queue length 1, Waiting time 23.0, Emergency Delay: 0.0
[Simulate] Step 153: Queue length 1, Waiting time 24.0, Emergency Delay: 0.0
[Simulate] Step 154: Queue length 1, Waiting time 25.0, Emergency Delay: 0.0
[Simulate] Step 155: Queue length 1, Waiting time 26.0, Emergency Delay: 0.0
[Simulate] Step 156: Queue length 1, Waiting time 27.0, Emergency Delay: 0.0
[Simulate] Step 157: Queue length 1, Waiting time 28.0, Emergency Delay: 0.0
[Simulate] Step 158: Queue length 1, Waiting time 29.0, Emergency Delay: 0.0
[Simulate] Step 159: Queue length 1, Waiting time 30.0, Emergency Delay: 0.0
[Simulate] Step 160: Queue length 1, Waiting time 31.0, Emergency Delay: 0.0
[Step 160] Agent 0 Action: 1, Reward: -0.0040
[Step 160] Agent 1 Action: 1, Reward: -0.0040
[SetGreen] Action 1 not found in phase mapping.
[SetGreen] Action 1 not found in phase mapping.
[Step 160] Adaptive green duration: 40
[Simulate] Step 161: Queue length 1, Waiting time 32.0, Emergency Delay: 0.0
[Simulate] Step 162: Queue length 1, Waiting time 33.0, Emergency Delay: 0.0
[Simulate] Step 163: Queue length 1, Waiting time 34.0, Emergency Delay: 0.0
[Simulate] Step 164: Queue length 1, Waiting time 35.0, Emergency Delay: 0.0
[Simulate] Step 165: Queue length 1, Waiting time 36.0, Emergency Delay: 0.0
[Simulate] Step 166: Queue length 2, Waiting time 38.0, Emergency Delay: 0.0
[Simulate] Step 167: Queue length 2, Waiting time 40.0, Emergency Delay: 0.0
[Simulate] Step 168: Queue length 2, Waiting time 42.0, Emergency Delay: 0.0
[Simulate] Step 169: Queue length 2, Waiting time 44.0, Emergency Delay: 0.0
[Simulate] Step 170: Queue length 2, Waiting time 46.0, Emergency Delay: 0.0
[Simulate] Step 171: Queue length 2, Waiting time 48.0, Emergency Delay: 0.0
[Simulate] Step 172: Queue length 2, Waiting time 50.0, Emergency Delay: 0.0
[Simulate] Step 173: Queue length 2, Waiting time 52.0, Emergency Delay: 0.0
[Simulate] Step 174: Queue length 2, Waiting time 54.0, Emergency Delay: 0.0
[Simulate] Step 175: Queue length 2, Waiting time 56.0, Emergency Delay: 0.0
[Simulate] Step 176: Queue length 2, Waiting time 58.0, Emergency Delay: 0.0
[Simulate] Step 177: Queue length 2, Waiting time 60.0, Emergency Delay: 0.0
[Simulate] Step 178: Queue length 2, Waiting time 62.0, Emergency Delay: 0.0
[Simulate] Step 179: Queue length 2, Waiting time 64.0, Emergency Delay: 0.0
[Simulate] Step 180: Queue length 2, Waiting time 66.0, Emergency Delay: 0.0
[Simulate] Step 181: Queue length 2, Waiting time 68.0, Emergency Delay: 0.0
[Simulate] Step 182: Queue length 2, Waiting time 70.0, Emergency Delay: 0.0
[Simulate] Step 183: Queue length 2, Waiting time 72.0, Emergency Delay: 0.0
[Simulate] Step 184: Queue length 2, Waiting time 74.0, Emergency Delay: 0.0
[Simulate] Step 185: Queue length 3, Waiting time 77.0, Emergency Delay: 0.0
[Simulate] Step 186: Queue length 3, Waiting time 80.0, Emergency Delay: 0.0
[Simulate] Step 187: Queue length 3, Waiting time 83.0, Emergency Delay: 0.0
[Simulate] Step 188: Queue length 3, Waiting time 86.0, Emergency Delay: 0.0
[Simulate] Step 189: Queue length 3, Waiting time 89.0, Emergency Delay: 0.0
[Simulate] Step 190: Queue length 3, Waiting time 92.0, Emergency Delay: 0.0
[Simulate] Step 191: Queue length 3, Waiting time 95.0, Emergency Delay: 0.0
[Simulate] Step 192: Queue length 3, Waiting time 98.0, Emergency Delay: 0.0
[Simulate] Step 193: Queue length 3, Waiting time 101.0, Emergency Delay: 0.0
[Simulate] Step 194: Queue length 4, Waiting time 105.0, Emergency Delay: 0.0
[Simulate] Step 195: Queue length 4, Waiting time 109.0, Emergency Delay: 0.0
[Simulate] Step 196: Queue length 4, Waiting time 113.0, Emergency Delay: 0.0
[Simulate] Step 197: Queue length 4, Waiting time 117.0, Emergency Delay: 0.0
[Simulate] Step 198: Queue length 4, Waiting time 121.0, Emergency Delay: 0.0
[Simulate] Step 199: Queue length 4, Waiting time 125.0, Emergency Delay: 0.0
[Simulate] Step 200: Queue length 4, Waiting time 129.0, Emergency Delay: 0.0
[Step 200] Agent 0 Action: 1, Reward: -0.1130
[Step 200] Agent 1 Action: 1, Reward: -0.1130
[SetGreen] Action 1 not found in phase mapping.
[SetGreen] Action 1 not found in phase mapping.
[Step 200] Adaptive green duration: 40
[Simulate] Step 201: Queue length 5, Waiting time 134.0, Emergency Delay: 0.0
[Simulate] Step 202: Queue length 5, Waiting time 139.0, Emergency Delay: 0.0
[Simulate] Step 203: Queue length 5, Waiting time 144.0, Emergency Delay: 0.0
[Simulate] Step 204: Queue length 5, Waiting time 149.0, Emergency Delay: 0.0
[Simulate] Step 205: Queue length 5, Waiting time 154.0, Emergency Delay: 0.0
[Simulate] Step 206: Queue length 5, Waiting time 159.0, Emergency Delay: 0.0
[Simulate] Step 207: Queue length 5, Waiting time 164.0, Emergency Delay: 0.0
[Simulate] Step 208: Queue length 5, Waiting time 169.0, Emergency Delay: 0.0
[Simulate] Step 209: Queue length 5, Waiting time 174.0, Emergency Delay: 0.0
[Simulate] Step 210: Queue length 5, Waiting time 179.0, Emergency Delay: 0.0
[Simulate] Step 211: Queue length 5, Waiting time 184.0, Emergency Delay: 0.0
[Simulate] Step 212: Queue length 6, Waiting time 190.0, Emergency Delay: 0.0
[Simulate] Step 213: Queue length 6, Waiting time 196.0, Emergency Delay: 0.0
[Simulate] Step 214: Queue length 6, Waiting time 202.0, Emergency Delay: 0.0
[Simulate] Step 215: Queue length 6, Waiting time 208.0, Emergency Delay: 0.0
[Simulate] Step 216: Queue length 6, Waiting time 214.0, Emergency Delay: 0.0
[Simulate] Step 217: Queue length 6, Waiting time 220.0, Emergency Delay: 0.0
[Simulate] Step 218: Queue length 6, Waiting time 226.0, Emergency Delay: 0.0
[Simulate] Step 219: Queue length 6, Waiting time 232.0, Emergency Delay: 0.0
[Simulate] Step 220: Queue length 6, Waiting time 238.0, Emergency Delay: 0.0
[Simulate] Step 221: Queue length 6, Waiting time 244.0, Emergency Delay: 0.0
[Simulate] Step 222: Queue length 6, Waiting time 250.0, Emergency Delay: 0.0
[Simulate] Step 223: Queue length 6, Waiting time 256.0, Emergency Delay: 0.0
[Simulate] Step 224: Queue length 6, Waiting time 262.0, Emergency Delay: 0.0
[Simulate] Step 225: Queue length 6, Waiting time 268.0, Emergency Delay: 0.0
[Simulate] Step 226: Queue length 5, Waiting time 273.0, Emergency Delay: 0.0
[Simulate] Step 227: Queue length 4, Waiting time 236.0, Emergency Delay: 0.0
[Simulate] Step 228: Queue length 4, Waiting time 240.0, Emergency Delay: 0.0
[Simulate] Step 229: Queue length 4, Waiting time 244.0, Emergency Delay: 0.0
[Simulate] Step 230: Queue length 4, Waiting time 248.0, Emergency Delay: 0.0
[Simulate] Step 231: Queue length 4, Waiting time 237.0, Emergency Delay: 0.0
[Simulate] Step 232: Queue length 4, Waiting time 241.0, Emergency Delay: 0.0
[Simulate] Step 233: Queue length 4, Waiting time 245.0, Emergency Delay: 0.0
[Simulate] Step 234: Queue length 4, Waiting time 249.0, Emergency Delay: 0.0
[Simulate] Step 235: Queue length 4, Waiting time 253.0, Emergency Delay: 0.0
[Simulate] Step 236: Queue length 4, Waiting time 257.0, Emergency Delay: 0.0
[Simulate] Step 237: Queue length 5, Waiting time 262.0, Emergency Delay: 0.0
[Simulate] Step 238: Queue length 5, Waiting time 267.0, Emergency Delay: 0.0
[Simulate] Step 239: Queue length 5, Waiting time 272.0, Emergency Delay: 0.0
[Simulate] Step 240: Queue length 5, Waiting time 277.0, Emergency Delay: 0.0
[Step 240] Agent 0 Action: 1, Reward: -0.1530
[Step 240] Agent 1 Action: 1, Reward: -0.1530
[SetGreen] Action 1 not found in phase mapping.
[SetGreen] Action 1 not found in phase mapping.
[Step 240] Adaptive green duration: 40
[Simulate] Step 241: Queue length 7, Waiting time 284.0, Emergency Delay: 0.0
[Simulate] Step 242: Queue length 7, Waiting time 291.0, Emergency Delay: 0.0
[Simulate] Step 243: Queue length 7, Waiting time 298.0, Emergency Delay: 0.0
[Simulate] Step 244: Queue length 7, Waiting time 305.0, Emergency Delay: 0.0
[Simulate] Step 245: Queue length 7, Waiting time 312.0, Emergency Delay: 0.0
[Simulate] Step 246: Queue length 7, Waiting time 319.0, Emergency Delay: 0.0
[Simulate] Step 247: Queue length 7, Waiting time 326.0, Emergency Delay: 0.0
[Simulate] Step 248: Queue length 7, Waiting time 333.0, Emergency Delay: 0.0
[Simulate] Step 249: Queue length 7, Waiting time 340.0, Emergency Delay: 0.0
[Simulate] Step 250: Queue length 7, Waiting time 347.0, Emergency Delay: 0.0
[Simulate] Step 251: Queue length 7, Waiting time 354.0, Emergency Delay: 0.0
[Simulate] Step 252: Queue length 7, Waiting time 361.0, Emergency Delay: 0.0
[Simulate] Step 253: Queue length 8, Waiting time 369.0, Emergency Delay: 0.0
[Simulate] Step 254: Queue length 8, Waiting time 377.0, Emergency Delay: 0.0
[Simulate] Step 255: Queue length 8, Waiting time 385.0, Emergency Delay: 0.0
[Simulate] Step 256: Queue length 8, Waiting time 393.0, Emergency Delay: 0.0
[Simulate] Step 257: Queue length 8, Waiting time 401.0, Emergency Delay: 0.0
[Simulate] Step 258: Queue length 8, Waiting time 409.0, Emergency Delay: 0.0
[Simulate] Step 259: Queue length 8, Waiting time 417.0, Emergency Delay: 0.0
[Simulate] Step 260: Queue length 8, Waiting time 425.0, Emergency Delay: 0.0
[Simulate] Step 261: Queue length 8, Waiting time 433.0, Emergency Delay: 0.0
[Simulate] Step 262: Queue length 8, Waiting time 441.0, Emergency Delay: 0.0
[Simulate] Step 263: Queue length 8, Waiting time 449.0, Emergency Delay: 0.0
[Simulate] Step 264: Queue length 8, Waiting time 457.0, Emergency Delay: 0.0
[Simulate] Step 265: Queue length 8, Waiting time 465.0, Emergency Delay: 0.0
[Simulate] Step 266: Queue length 8, Waiting time 473.0, Emergency Delay: 0.0
[Simulate] Step 267: Queue length 8, Waiting time 481.0, Emergency Delay: 0.0
[Simulate] Step 268: Queue length 8, Waiting time 489.0, Emergency Delay: 0.0
[Simulate] Step 269: Queue length 8, Waiting time 497.0, Emergency Delay: 0.0
[Simulate] Step 270: Queue length 8, Waiting time 505.0, Emergency Delay: 0.0
[Simulate] Step 271: Queue length 6, Waiting time 511.0, Emergency Delay: 0.0
[Simulate] Step 272: Queue length 6, Waiting time 469.0, Emergency Delay: 0.0
[Simulate] Step 273: Queue length 6, Waiting time 475.0, Emergency Delay: 0.0
[Simulate] Step 274: Queue length 6, Waiting time 481.0, Emergency Delay: 0.0
[Simulate] Step 275: Queue length 6, Waiting time 487.0, Emergency Delay: 0.0
[Simulate] Step 276: Queue length 6, Waiting time 493.0, Emergency Delay: 0.0
[Simulate] Step 277: Queue length 9, Waiting time 502.0, Emergency Delay: 0.0
[Simulate] Step 278: Queue length 9, Waiting time 511.0, Emergency Delay: 0.0
[Simulate] Step 279: Queue length 9, Waiting time 520.0, Emergency Delay: 0.0
[Simulate] Step 280: Queue length 9, Waiting time 529.0, Emergency Delay: 0.0
[Step 280] Agent 0 Action: 0, Reward: -0.3220
[Step 280] Agent 1 Action: 1, Reward: -0.3220
[Simulate] Step 281: Queue length 9, Waiting time 538.0, Emergency Delay: 0.0
[Simulate] Step 282: Queue length 9, Waiting time 547.0, Emergency Delay: 0.0
[Simulate] Step 283: Queue length 9, Waiting time 556.0, Emergency Delay: 0.0
[Simulate] Step 284: Queue length 9, Waiting time 565.0, Emergency Delay: 0.0
[SetGreen] Action 0 not found in phase mapping.
[SetGreen] Action 1 not found in phase mapping.
[Step 284] Adaptive green duration: 40
[Simulate] Step 285: Queue length 9, Waiting time 574.0, Emergency Delay: 0.0
[Simulate] Step 286: Queue length 9, Waiting time 583.0, Emergency Delay: 0.0
[Simulate] Step 287: Queue length 9, Waiting time 592.0, Emergency Delay: 0.0
[Simulate] Step 288: Queue length 9, Waiting time 601.0, Emergency Delay: 0.0
[Simulate] Step 289: Queue length 9, Waiting time 610.0, Emergency Delay: 0.0
[Simulate] Step 290: Queue length 9, Waiting time 619.0, Emergency Delay: 0.0
[Simulate] Step 291: Queue length 9, Waiting time 628.0, Emergency Delay: 0.0
[Simulate] Step 292: Queue length 10, Waiting time 638.0, Emergency Delay: 0.0
[Simulate] Step 293: Queue length 10, Waiting time 648.0, Emergency Delay: 0.0
[Simulate] Step 294: Queue length 10, Waiting time 658.0, Emergency Delay: 0.0
[Simulate] Step 295: Queue length 10, Waiting time 668.0, Emergency Delay: 0.0
[Simulate] Step 296: Queue length 10, Waiting time 678.0, Emergency Delay: 0.0
[Simulate] Step 297: Queue length 11, Waiting time 689.0, Emergency Delay: 0.0
[Simulate] Step 298: Queue length 11, Waiting time 700.0, Emergency Delay: 0.0
[Simulate] Step 299: Queue length 11, Waiting time 711.0, Emergency Delay: 0.0
[Simulate] Step 300: Queue length 11, Waiting time 722.0, Emergency Delay: 0.0
[Simulate] Step 301: Queue length 11, Waiting time 733.0, Emergency Delay: 0.0
[Simulate] Step 302: Queue length 11, Waiting time 744.0, Emergency Delay: 0.0
[Simulate] Step 303: Queue length 11, Waiting time 755.0, Emergency Delay: 0.0
[Simulate] Step 304: Queue length 11, Waiting time 766.0, Emergency Delay: 0.0
[Simulate] Step 305: Queue length 11, Waiting time 777.0, Emergency Delay: 0.0
[Simulate] Step 306: Queue length 11, Waiting time 788.0, Emergency Delay: 0.0
[Simulate] Step 307: Queue length 12, Waiting time 800.0, Emergency Delay: 0.0
[Simulate] Step 308: Queue length 12, Waiting time 812.0, Emergency Delay: 0.0
[Simulate] Step 309: Queue length 12, Waiting time 824.0, Emergency Delay: 0.0
[Simulate] Step 310: Queue length 13, Waiting time 837.0, Emergency Delay: 0.0
[Simulate] Step 311: Queue length 14, Waiting time 851.0, Emergency Delay: 0.0
[Simulate] Step 312: Queue length 14, Waiting time 865.0, Emergency Delay: 0.0
[Simulate] Step 313: Queue length 14, Waiting time 879.0, Emergency Delay: 0.0
[Simulate] Step 314: Queue length 15, Waiting time 894.0, Emergency Delay: 0.0
[Simulate] Step 315: Queue length 15, Waiting time 909.0, Emergency Delay: 0.0
[Simulate] Step 316: Queue length 13, Waiting time 922.0, Emergency Delay: 0.0
[Simulate] Step 317: Queue length 11, Waiting time 869.0, Emergency Delay: 0.0
[Simulate] Step 318: Queue length 12, Waiting time 881.0, Emergency Delay: 0.0
[Simulate] Step 319: Queue length 12, Waiting time 893.0, Emergency Delay: 0.0
[Simulate] Step 320: Queue length 12, Waiting time 905.0, Emergency Delay: 0.0
[Simulate] Step 321: Queue length 12, Waiting time 914.0, Emergency Delay: 0.0
[Simulate] Step 322: Queue length 12, Waiting time 901.0, Emergency Delay: 0.0
[Simulate] Step 323: Queue length 12, Waiting time 913.0, Emergency Delay: 0.0
[Simulate] Step 324: Queue length 12, Waiting time 950.0, Emergency Delay: 0.0
[Step 324] Agent 0 Action: 1, Reward: -0.4610
[Step 324] Agent 1 Action: 1, Reward: -0.4610
[Simulate] Step 325: Queue length 12, Waiting time 962.0, Emergency Delay: 0.0
[Simulate] Step 326: Queue length 13, Waiting time 975.0, Emergency Delay: 0.0
[Simulate] Step 327: Queue length 13, Waiting time 991.0, Emergency Delay: 0.0
[Simulate] Step 328: Queue length 13, Waiting time 1004.0, Emergency Delay: 0.0
[SetGreen] Action 1 not found in phase mapping.
[SetGreen] Action 1 not found in phase mapping.
[Step 328] Adaptive green duration: 40
[Simulate] Step 329: Queue length 13, Waiting time 1017.0, Emergency Delay: 0.0
[Simulate] Step 330: Queue length 14, Waiting time 1031.0, Emergency Delay: 0.0
[Simulate] Step 331: Queue length 14, Waiting time 1045.0, Emergency Delay: 0.0
[Simulate] Step 332: Queue length 14, Waiting time 1059.0, Emergency Delay: 0.0
[Simulate] Step 333: Queue length 15, Waiting time 1074.0, Emergency Delay: 0.0
[Simulate] Step 334: Queue length 15, Waiting time 1089.0, Emergency Delay: 0.0
[Simulate] Step 335: Queue length 16, Waiting time 1105.0, Emergency Delay: 0.0
[Simulate] Step 336: Queue length 16, Waiting time 1121.0, Emergency Delay: 0.0
[Simulate] Step 337: Queue length 16, Waiting time 1137.0, Emergency Delay: 0.0
[Simulate] Step 338: Queue length 16, Waiting time 1153.0, Emergency Delay: 0.0
[Simulate] Step 339: Queue length 17, Waiting time 1170.0, Emergency Delay: 0.0
[Simulate] Step 340: Queue length 18, Waiting time 1188.0, Emergency Delay: 0.0
[Simulate] Step 341: Queue length 18, Waiting time 1206.0, Emergency Delay: 0.0
[Simulate] Step 342: Queue length 18, Waiting time 1224.0, Emergency Delay: 0.0
[Simulate] Step 343: Queue length 18, Waiting time 1242.0, Emergency Delay: 0.0
[Simulate] Step 344: Queue length 19, Waiting time 1261.0, Emergency Delay: 0.0
[Simulate] Step 345: Queue length 19, Waiting time 1280.0, Emergency Delay: 0.0
[Simulate] Step 346: Queue length 19, Waiting time 1299.0, Emergency Delay: 0.0
[Simulate] Step 347: Queue length 19, Waiting time 1318.0, Emergency Delay: 0.0
[Simulate] Step 348: Queue length 19, Waiting time 1337.0, Emergency Delay: 0.0
[Simulate] Step 349: Queue length 20, Waiting time 1357.0, Emergency Delay: 0.0
[Simulate] Step 350: Queue length 20, Waiting time 1377.0, Emergency Delay: 0.0
[Simulate] Step 351: Queue length 20, Waiting time 1397.0, Emergency Delay: 0.0
[Simulate] Step 352: Queue length 20, Waiting time 1417.0, Emergency Delay: 0.0
[Simulate] Step 353: Queue length 20, Waiting time 1437.0, Emergency Delay: 0.0
[Simulate] Step 354: Queue length 20, Waiting time 1457.0, Emergency Delay: 0.0
[Simulate] Step 355: Queue length 20, Waiting time 1477.0, Emergency Delay: 0.0
[Simulate] Step 356: Queue length 20, Waiting time 1497.0, Emergency Delay: 0.0
[Simulate] Step 357: Queue length 20, Waiting time 1517.0, Emergency Delay: 0.0
[Simulate] Step 358: Queue length 20, Waiting time 1537.0, Emergency Delay: 0.0
[Simulate] Step 359: Queue length 20, Waiting time 1557.0, Emergency Delay: 0.0
[Simulate] Step 360: Queue length 20, Waiting time 1577.0, Emergency Delay: 0.0
[Simulate] Step 361: Queue length 16, Waiting time 1593.0, Emergency Delay: 0.0
[Simulate] Step 362: Queue length 15, Waiting time 1491.0, Emergency Delay: 0.0
[Simulate] Step 363: Queue length 15, Waiting time 1506.0, Emergency Delay: 0.0
[Simulate] Step 364: Queue length 15, Waiting time 1521.0, Emergency Delay: 0.0
[Simulate] Step 365: Queue length 15, Waiting time 1536.0, Emergency Delay: 0.0
[Simulate] Step 366: Queue length 15, Waiting time 1529.0, Emergency Delay: 0.0
[Simulate] Step 367: Queue length 15, Waiting time 1544.0, Emergency Delay: 0.0
[Simulate] Step 368: Queue length 16, Waiting time 1582.0, Emergency Delay: 0.0
[Step 368] Agent 0 Action: 1, Reward: -0.6270
[Step 368] Agent 1 Action: 1, Reward: -0.6270
[SetGreen] Action 1 not found in phase mapping.
[SetGreen] Action 1 not found in phase mapping.
[Step 368] Adaptive green duration: 40
[Simulate] Step 369: Queue length 17, Waiting time 1599.0, Emergency Delay: 0.0
[Simulate] Step 370: Queue length 17, Waiting time 1616.0, Emergency Delay: 0.0
[Simulate] Step 371: Queue length 17, Waiting time 1633.0, Emergency Delay: 0.0
[Simulate] Step 372: Queue length 17, Waiting time 1650.0, Emergency Delay: 0.0
[Simulate] Step 373: Queue length 17, Waiting time 1667.0, Emergency Delay: 0.0
[Simulate] Step 374: Queue length 17, Waiting time 1684.0, Emergency Delay: 0.0
[Simulate] Step 375: Queue length 17, Waiting time 1701.0, Emergency Delay: 0.0
[Simulate] Step 376: Queue length 18, Waiting time 1719.0, Emergency Delay: 0.0
[Simulate] Step 377: Queue length 18, Waiting time 1737.0, Emergency Delay: 0.0
[Simulate] Step 378: Queue length 18, Waiting time 1755.0, Emergency Delay: 0.0
[Simulate] Step 379: Queue length 18, Waiting time 1773.0, Emergency Delay: 0.0
[Simulate] Step 380: Queue length 19, Waiting time 1792.0, Emergency Delay: 0.0
[Simulate] Step 381: Queue length 19, Waiting time 1811.0, Emergency Delay: 0.0
[Simulate] Step 382: Queue length 20, Waiting time 1831.0, Emergency Delay: 0.0
[Simulate] Step 383: Queue length 21, Waiting time 1852.0, Emergency Delay: 0.0
[Simulate] Step 384: Queue length 22, Waiting time 1874.0, Emergency Delay: 0.0
[Simulate] Step 385: Queue length 22, Waiting time 1896.0, Emergency Delay: 0.0
[Simulate] Step 386: Queue length 22, Waiting time 1918.0, Emergency Delay: 0.0
[Simulate] Step 387: Queue length 23, Waiting time 1941.0, Emergency Delay: 0.0
[Simulate] Step 388: Queue length 23, Waiting time 1964.0, Emergency Delay: 0.0
[Simulate] Step 389: Queue length 26, Waiting time 1990.0, Emergency Delay: 0.0
[Simulate] Step 390: Queue length 27, Waiting time 2017.0, Emergency Delay: 0.0
[Simulate] Step 391: Queue length 27, Waiting time 2044.0, Emergency Delay: 0.0
[Simulate] Step 392: Queue length 27, Waiting time 2071.0, Emergency Delay: 0.0
[Simulate] Step 393: Queue length 27, Waiting time 2098.0, Emergency Delay: 0.0
[Simulate] Step 394: Queue length 27, Waiting time 2125.0, Emergency Delay: 0.0
[Simulate] Step 395: Queue length 27, Waiting time 2152.0, Emergency Delay: 0.0
[Simulate] Step 396: Queue length 27, Waiting time 2179.0, Emergency Delay: 0.0
[Simulate] Step 397: Queue length 27, Waiting time 2206.0, Emergency Delay: 0.0
[Simulate] Step 398: Queue length 28, Waiting time 2234.0, Emergency Delay: 0.0
[Simulate] Step 399: Queue length 30, Waiting time 2264.0, Emergency Delay: 0.0
[Simulate] Step 400: Queue length 30, Waiting time 2294.0, Emergency Delay: 0.0
[Simulate] Step 401: Queue length 30, Waiting time 2324.0, Emergency Delay: 0.0
[Simulate] Step 402: Queue length 30, Waiting time 2354.0, Emergency Delay: 0.0
[Simulate] Step 403: Queue length 31, Waiting time 2385.0, Emergency Delay: 0.0
[Simulate] Step 404: Queue length 31, Waiting time 2416.0, Emergency Delay: 0.0
[Simulate] Step 405: Queue length 31, Waiting time 2447.0, Emergency Delay: 0.0
[Simulate] Step 406: Queue length 29, Waiting time 2476.0, Emergency Delay: 0.0
[Simulate] Step 407: Queue length 29, Waiting time 2413.0, Emergency Delay: 0.0
[Simulate] Step 408: Queue length 28, Waiting time 2441.0, Emergency Delay: 0.0
[Step 408] Agent 0 Action: 0, Reward: -0.9280
[Step 408] Agent 1 Action: 1, Reward: -0.9280
[Simulate] Step 409: Queue length 28, Waiting time 2469.0, Emergency Delay: 0.0
[Simulate] Step 410: Queue length 27, Waiting time 2496.0, Emergency Delay: 0.0
[Simulate] Step 411: Queue length 27, Waiting time 2492.0, Emergency Delay: 0.0
[Simulate] Step 412: Queue length 27, Waiting time 2519.0, Emergency Delay: 0.0
[SetGreen] Action 0 not found in phase mapping.
[SetGreen] Action 1 not found in phase mapping.
[Step 412] Adaptive green duration: 40
[Simulate] Step 413: Queue length 27, Waiting time 2546.0, Emergency Delay: 0.0
[Simulate] Step 414: Queue length 27, Waiting time 2563.0, Emergency Delay: 0.0
[Simulate] Step 415: Queue length 27, Waiting time 2682.0, Emergency Delay: 0.0
[Simulate] Step 416: Queue length 28, Waiting time 2710.0, Emergency Delay: 0.0
[Simulate] Step 417: Queue length 28, Waiting time 2759.0, Emergency Delay: 0.0
[Simulate] Step 418: Queue length 28, Waiting time 2787.0, Emergency Delay: 0.0
[Simulate] Step 419: Queue length 28, Waiting time 2808.0, Emergency Delay: 0.0
[Simulate] Step 420: Queue length 29, Waiting time 2837.0, Emergency Delay: 0.0
[Simulate] Step 421: Queue length 29, Waiting time 2866.0, Emergency Delay: 0.0
[Simulate] Step 422: Queue length 29, Waiting time 2895.0, Emergency Delay: 0.0
[Simulate] Step 423: Queue length 30, Waiting time 2925.0, Emergency Delay: 0.0
[Simulate] Step 424: Queue length 30, Waiting time 2955.0, Emergency Delay: 0.0
[Simulate] Step 425: Queue length 30, Waiting time 2985.0, Emergency Delay: 0.0
[Simulate] Step 426: Queue length 31, Waiting time 3016.0, Emergency Delay: 0.0
[Simulate] Step 427: Queue length 31, Waiting time 3047.0, Emergency Delay: 0.0
[Simulate] Step 428: Queue length 31, Waiting time 3078.0, Emergency Delay: 0.0
[Simulate] Step 429: Queue length 31, Waiting time 3109.0, Emergency Delay: 0.0
[Simulate] Step 430: Queue length 31, Waiting time 3140.0, Emergency Delay: 0.0
[Simulate] Step 431: Queue length 31, Waiting time 3171.0, Emergency Delay: 0.0
[Simulate] Step 432: Queue length 31, Waiting time 3202.0, Emergency Delay: 0.0
[Simulate] Step 433: Queue length 32, Waiting time 3234.0, Emergency Delay: 0.0
[Simulate] Step 434: Queue length 32, Waiting time 3266.0, Emergency Delay: 0.0
[Simulate] Step 435: Queue length 32, Waiting time 3298.0, Emergency Delay: 0.0
[Simulate] Step 436: Queue length 32, Waiting time 3330.0, Emergency Delay: 0.0
[Simulate] Step 437: Queue length 32, Waiting time 3362.0, Emergency Delay: 0.0
[Simulate] Step 438: Queue length 32, Waiting time 3394.0, Emergency Delay: 0.0
[Simulate] Step 439: Queue length 32, Waiting time 3426.0, Emergency Delay: 0.0
[Simulate] Step 440: Queue length 32, Waiting time 3458.0, Emergency Delay: 0.0
[Simulate] Step 441: Queue length 32, Waiting time 3490.0, Emergency Delay: 0.0
[Simulate] Step 442: Queue length 32, Waiting time 3522.0, Emergency Delay: 0.0
[Simulate] Step 443: Queue length 33, Waiting time 3555.0, Emergency Delay: 0.0
[Simulate] Step 444: Queue length 34, Waiting time 3589.0, Emergency Delay: 0.0
[Simulate] Step 445: Queue length 35, Waiting time 3624.0, Emergency Delay: 0.0
[Simulate] Step 446: Queue length 35, Waiting time 3659.0, Emergency Delay: 0.0
[Simulate] Step 447: Queue length 35, Waiting time 3694.0, Emergency Delay: 0.0
[Simulate] Step 448: Queue length 35, Waiting time 3729.0, Emergency Delay: 0.0
[Simulate] Step 449: Queue length 35, Waiting time 3764.0, Emergency Delay: 0.0
[Simulate] Step 450: Queue length 35, Waiting time 3799.0, Emergency Delay: 0.0
[Simulate] Step 451: Queue length 30, Waiting time 3830.0, Emergency Delay: 0.0
[Simulate] Step 452: Queue length 29, Waiting time 3745.0, Emergency Delay: 0.0
[Step 452] Agent 0 Action: 1, Reward: -0.7560
[Step 452] Agent 1 Action: 1, Reward: -0.7560
[Simulate] Step 453: Queue length 27, Waiting time 3772.0, Emergency Delay: 0.0
[Simulate] Step 454: Queue length 26, Waiting time 3798.0, Emergency Delay: 0.0
[Simulate] Step 455: Queue length 25, Waiting time 3823.0, Emergency Delay: 0.0
[Simulate] Step 456: Queue length 26, Waiting time 3840.0, Emergency Delay: 0.0
[SetGreen] Action 1 not found in phase mapping.
[SetGreen] Action 1 not found in phase mapping.
[Step 456] Adaptive green duration: 40
[Simulate] Step 457: Queue length 26, Waiting time 3866.0, Emergency Delay: 0.0
[Simulate] Step 458: Queue length 26, Waiting time 3901.0, Emergency Delay: 0.0
[Simulate] Step 459: Queue length 26, Waiting time 3919.0, Emergency Delay: 0.0
[Simulate] Step 460: Queue length 27, Waiting time 3946.0, Emergency Delay: 0.0
[Simulate] Step 461: Queue length 28, Waiting time 3982.0, Emergency Delay: 0.0
[Simulate] Step 462: Queue length 28, Waiting time 4010.0, Emergency Delay: 0.0
[Simulate] Step 463: Queue length 29, Waiting time 4039.0, Emergency Delay: 0.0
[Simulate] Step 464: Queue length 30, Waiting time 4069.0, Emergency Delay: 0.0
[Simulate] Step 465: Queue length 30, Waiting time 4099.0, Emergency Delay: 0.0
[Simulate] Step 466: Queue length 30, Waiting time 4130.0, Emergency Delay: 0.0
[Simulate] Step 467: Queue length 29, Waiting time 4159.0, Emergency Delay: 0.0
[Simulate] Step 468: Queue length 29, Waiting time 4188.0, Emergency Delay: 0.0
[Simulate] Step 469: Queue length 29, Waiting time 4217.0, Emergency Delay: 0.0
[Simulate] Step 470: Queue length 28, Waiting time 4245.0, Emergency Delay: 0.0
[Simulate] Step 471: Queue length 28, Waiting time 4273.0, Emergency Delay: 0.0
[Simulate] Step 472: Queue length 30, Waiting time 4303.0, Emergency Delay: 0.0
[Simulate] Step 473: Queue length 32, Waiting time 4335.0, Emergency Delay: 0.0
[Simulate] Step 474: Queue length 34, Waiting time 4369.0, Emergency Delay: 0.0
[Simulate] Step 475: Queue length 34, Waiting time 4403.0, Emergency Delay: 0.0
[Simulate] Step 476: Queue length 36, Waiting time 4439.0, Emergency Delay: 0.0
[Simulate] Step 477: Queue length 37, Waiting time 4476.0, Emergency Delay: 0.0
[Simulate] Step 478: Queue length 38, Waiting time 4514.0, Emergency Delay: 0.0
[Simulate] Step 479: Queue length 38, Waiting time 4552.0, Emergency Delay: 0.0
[Simulate] Step 480: Queue length 38, Waiting time 4590.0, Emergency Delay: 0.0
[Simulate] Step 481: Queue length 38, Waiting time 4628.0, Emergency Delay: 0.0
[Simulate] Step 482: Queue length 38, Waiting time 4666.0, Emergency Delay: 0.0
[Simulate] Step 483: Queue length 39, Waiting time 4705.0, Emergency Delay: 0.0
[Simulate] Step 484: Queue length 40, Waiting time 4745.0, Emergency Delay: 0.0
[Simulate] Step 485: Queue length 41, Waiting time 4786.0, Emergency Delay: 0.0
[Simulate] Step 486: Queue length 41, Waiting time 4827.0, Emergency Delay: 0.0
[Simulate] Step 487: Queue length 42, Waiting time 4869.0, Emergency Delay: 0.0
[Simulate] Step 488: Queue length 42, Waiting time 4911.0, Emergency Delay: 0.0
[Simulate] Step 489: Queue length 42, Waiting time 4953.0, Emergency Delay: 0.0
[Simulate] Step 490: Queue length 42, Waiting time 4995.0, Emergency Delay: 0.0
[Simulate] Step 491: Queue length 42, Waiting time 5037.0, Emergency Delay: 0.0
[Simulate] Step 492: Queue length 42, Waiting time 5079.0, Emergency Delay: 0.0
[Simulate] Step 493: Queue length 43, Waiting time 5122.0, Emergency Delay: 0.0
[Simulate] Step 494: Queue length 43, Waiting time 5165.0, Emergency Delay: 0.0
[Simulate] Step 495: Queue length 44, Waiting time 5209.0, Emergency Delay: 0.0
[Simulate] Step 496: Queue length 41, Waiting time 5250.0, Emergency Delay: 0.0
[Step 496] Agent 0 Action: 1, Reward: -0.2830
[Step 496] Agent 1 Action: 1, Reward: -0.2830
[SetGreen] Action 1 not found in phase mapping.
[SetGreen] Action 1 not found in phase mapping.
[Step 496] Adaptive green duration: 40
[Simulate] Step 497: Queue length 41, Waiting time 5233.0, Emergency Delay: 0.0
[Simulate] Step 498: Queue length 42, Waiting time 5275.0, Emergency Delay: 0.0
[Simulate] Step 499: Queue length 42, Waiting time 5317.0, Emergency Delay: 0.0
[Simulate] Step 500: Queue length 42, Waiting time 5359.0, Emergency Delay: 0.0
[Simulate] Step 501: Queue length 41, Waiting time 5054.0, Emergency Delay: 0.0
[Simulate] Step 502: Queue length 40, Waiting time 5094.0, Emergency Delay: 0.0
[Simulate] Step 503: Queue length 39, Waiting time 4832.0, Emergency Delay: 0.0
[Simulate] Step 504: Queue length 38, Waiting time 4870.0, Emergency Delay: 0.0
[Simulate] Step 505: Queue length 37, Waiting time 4935.0, Emergency Delay: 0.0
[Simulate] Step 506: Queue length 37, Waiting time 4972.0, Emergency Delay: 0.0
[Simulate] Step 507: Queue length 37, Waiting time 5009.0, Emergency Delay: 0.0
[Simulate] Step 508: Queue length 37, Waiting time 5046.0, Emergency Delay: 0.0
[Simulate] Step 509: Queue length 37, Waiting time 5083.0, Emergency Delay: 0.0
[Simulate] Step 510: Queue length 37, Waiting time 5120.0, Emergency Delay: 0.0
[Simulate] Step 511: Queue length 38, Waiting time 5158.0, Emergency Delay: 0.0
[Simulate] Step 512: Queue length 39, Waiting time 5197.0, Emergency Delay: 0.0
[Simulate] Step 513: Queue length 39, Waiting time 5236.0, Emergency Delay: 0.0
[Simulate] Step 514: Queue length 40, Waiting time 5276.0, Emergency Delay: 0.0
[Simulate] Step 515: Queue length 42, Waiting time 5318.0, Emergency Delay: 0.0
[Simulate] Step 516: Queue length 42, Waiting time 5360.0, Emergency Delay: 0.0
[Simulate] Step 517: Queue length 43, Waiting time 5403.0, Emergency Delay: 0.0
[Simulate] Step 518: Queue length 43, Waiting time 5446.0, Emergency Delay: 0.0
[Simulate] Step 519: Queue length 44, Waiting time 5490.0, Emergency Delay: 0.0
[Simulate] Step 520: Queue length 44, Waiting time 5534.0, Emergency Delay: 0.0
[Simulate] Step 521: Queue length 44, Waiting time 5578.0, Emergency Delay: 0.0
[Simulate] Step 522: Queue length 44, Waiting time 5622.0, Emergency Delay: 0.0
[Simulate] Step 523: Queue length 44, Waiting time 5666.0, Emergency Delay: 0.0
[Simulate] Step 524: Queue length 44, Waiting time 5710.0, Emergency Delay: 0.0
[Simulate] Step 525: Queue length 45, Waiting time 5755.0, Emergency Delay: 0.0
[Simulate] Step 526: Queue length 45, Waiting time 5800.0, Emergency Delay: 0.0
[Simulate] Step 527: Queue length 46, Waiting time 5846.0, Emergency Delay: 0.0
[Simulate] Step 528: Queue length 46, Waiting time 5892.0, Emergency Delay: 0.0
[Simulate] Step 529: Queue length 47, Waiting time 5939.0, Emergency Delay: 0.0
[Simulate] Step 530: Queue length 47, Waiting time 5685.0, Emergency Delay: 0.0
[Simulate] Step 531: Queue length 47, Waiting time 5732.0, Emergency Delay: 0.0
[Simulate] Step 532: Queue length 49, Waiting time 5781.0, Emergency Delay: 0.0
[Simulate] Step 533: Queue length 49, Waiting time 5830.0, Emergency Delay: 0.0
[Simulate] Step 534: Queue length 49, Waiting time 5879.0, Emergency Delay: 0.0
[Simulate] Step 535: Queue length 49, Waiting time 5928.0, Emergency Delay: 0.0
[Simulate] Step 536: Queue length 49, Waiting time 5977.0, Emergency Delay: 0.0
[Step 536] Agent 0 Action: 1, Reward: -1.0840
[Step 536] Agent 1 Action: 1, Reward: -1.0840
[SetGreen] Action 1 not found in phase mapping.
[SetGreen] Action 1 not found in phase mapping.
[Step 536] Adaptive green duration: 41
[Simulate] Step 537: Queue length 48, Waiting time 6026.0, Emergency Delay: 0.0
[Simulate] Step 538: Queue length 47, Waiting time 6073.0, Emergency Delay: 0.0
[Simulate] Step 539: Queue length 46, Waiting time 6119.0, Emergency Delay: 0.0
[Simulate] Step 540: Queue length 45, Waiting time 6164.0, Emergency Delay: 0.0
[Simulate] Step 541: Queue length 42, Waiting time 6206.0, Emergency Delay: 0.0
[Simulate] Step 542: Queue length 42, Waiting time 6196.0, Emergency Delay: 0.0
[Simulate] Step 543: Queue length 43, Waiting time 6239.0, Emergency Delay: 0.0
[Simulate] Step 544: Queue length 42, Waiting time 6281.0, Emergency Delay: 0.0
[Simulate] Step 545: Queue length 42, Waiting time 6323.0, Emergency Delay: 0.0
[Simulate] Step 546: Queue length 43, Waiting time 6366.0, Emergency Delay: 0.0
[Simulate] Step 547: Queue length 44, Waiting time 6410.0, Emergency Delay: 0.0
[Simulate] Step 548: Queue length 47, Waiting time 6457.0, Emergency Delay: 0.0
[Simulate] Step 549: Queue length 50, Waiting time 6507.0, Emergency Delay: 0.0
[Simulate] Step 550: Queue length 50, Waiting time 6557.0, Emergency Delay: 0.0
[Simulate] Step 551: Queue length 50, Waiting time 6607.0, Emergency Delay: 0.0
[Simulate] Step 552: Queue length 50, Waiting time 6657.0, Emergency Delay: 0.0
[Simulate] Step 553: Queue length 50, Waiting time 6707.0, Emergency Delay: 0.0
[Simulate] Step 554: Queue length 50, Waiting time 6757.0, Emergency Delay: 0.0
[Simulate] Step 555: Queue length 51, Waiting time 6808.0, Emergency Delay: 0.0
[Simulate] Step 556: Queue length 51, Waiting time 6859.0, Emergency Delay: 0.0
[Simulate] Step 557: Queue length 51, Waiting time 6910.0, Emergency Delay: 0.0
[Simulate] Step 558: Queue length 53, Waiting time 6963.0, Emergency Delay: 0.0
[Simulate] Step 559: Queue length 53, Waiting time 7016.0, Emergency Delay: 0.0
[Simulate] Step 560: Queue length 53, Waiting time 7069.0, Emergency Delay: 0.0
[Simulate] Step 561: Queue length 55, Waiting time 7124.0, Emergency Delay: 0.0
[Simulate] Step 562: Queue length 56, Waiting time 7180.0, Emergency Delay: 0.0
[Simulate] Step 563: Queue length 56, Waiting time 7236.0, Emergency Delay: 0.0
[Simulate] Step 564: Queue length 56, Waiting time 7292.0, Emergency Delay: 0.0
[Simulate] Step 565: Queue length 56, Waiting time 7348.0, Emergency Delay: 0.0
[Simulate] Step 566: Queue length 56, Waiting time 7404.0, Emergency Delay: 0.0
[Simulate] Step 567: Queue length 56, Waiting time 7460.0, Emergency Delay: 0.0
[Simulate] Step 568: Queue length 56, Waiting time 7516.0, Emergency Delay: 0.0
[Simulate] Step 569: Queue length 56, Waiting time 7572.0, Emergency Delay: 0.0
[Simulate] Step 570: Queue length 56, Waiting time 7628.0, Emergency Delay: 0.0
[Simulate] Step 571: Queue length 56, Waiting time 7684.0, Emergency Delay: 0.0
[Simulate] Step 572: Queue length 56, Waiting time 7740.0, Emergency Delay: 0.0
[Simulate] Step 573: Queue length 57, Waiting time 7797.0, Emergency Delay: 0.0
[Simulate] Step 574: Queue length 57, Waiting time 7854.0, Emergency Delay: 0.0
[Simulate] Step 575: Queue length 57, Waiting time 7911.0, Emergency Delay: 0.0
[Simulate] Step 576: Queue length 58, Waiting time 7969.0, Emergency Delay: 0.0
[Simulate] Step 577: Queue length 57, Waiting time 8027.0, Emergency Delay: 0.0
[Step 577] Agent 0 Action: 1, Reward: -1.0600
[Step 577] Agent 1 Action: 1, Reward: -1.0600
[SetGreen] Action 1 not found in phase mapping.
[SetGreen] Action 1 not found in phase mapping.
[Step 577] Adaptive green duration: 41
[Simulate] Step 578: Queue length 56, Waiting time 8083.0, Emergency Delay: 0.0
[Simulate] Step 579: Queue length 57, Waiting time 8140.0, Emergency Delay: 0.0
[Simulate] Step 580: Queue length 56, Waiting time 8196.0, Emergency Delay: 0.0
[Simulate] Step 581: Queue length 55, Waiting time 8251.0, Emergency Delay: 0.0
[Simulate] Step 582: Queue length 54, Waiting time 8305.0, Emergency Delay: 0.0
[Simulate] Step 583: Queue length 55, Waiting time 8360.0, Emergency Delay: 0.0
[Simulate] Step 584: Queue length 55, Waiting time 8415.0, Emergency Delay: 0.0
[Simulate] Step 585: Queue length 56, Waiting time 8471.0, Emergency Delay: 0.0
[Simulate] Step 586: Queue length 54, Waiting time 8525.0, Emergency Delay: 0.0
[Simulate] Step 587: Queue length 54, Waiting time 8516.0, Emergency Delay: 0.0
[Simulate] Step 588: Queue length 56, Waiting time 8572.0, Emergency Delay: 0.0
[Simulate] Step 589: Queue length 57, Waiting time 8629.0, Emergency Delay: 0.0
[Simulate] Step 590: Queue length 59, Waiting time 8688.0, Emergency Delay: 0.0
[Simulate] Step 591: Queue length 59, Waiting time 8722.0, Emergency Delay: 0.0
[Simulate] Step 592: Queue length 60, Waiting time 8782.0, Emergency Delay: 0.0
[Simulate] Step 593: Queue length 60, Waiting time 8842.0, Emergency Delay: 0.0
[Simulate] Step 594: Queue length 60, Waiting time 8626.0, Emergency Delay: 0.0
[Simulate] Step 595: Queue length 60, Waiting time 8686.0, Emergency Delay: 0.0
[Simulate] Step 596: Queue length 60, Waiting time 8746.0, Emergency Delay: 0.0
[Simulate] Step 597: Queue length 60, Waiting time 8831.0, Emergency Delay: 0.0
[Simulate] Step 598: Queue length 61, Waiting time 8892.0, Emergency Delay: 0.0
[Simulate] Step 599: Queue length 61, Waiting time 8953.0, Emergency Delay: 0.0
[Simulate] Step 600: Queue length 61, Waiting time 9014.0, Emergency Delay: 0.0
[Simulate] Step 601: Queue length 61, Waiting time 9075.0, Emergency Delay: 0.0
[Simulate] Step 602: Queue length 61, Waiting time 9136.0, Emergency Delay: 0.0
[Simulate] Step 603: Queue length 61, Waiting time 9197.0, Emergency Delay: 0.0
[Simulate] Step 604: Queue length 61, Waiting time 9258.0, Emergency Delay: 0.0
[Simulate] Step 605: Queue length 61, Waiting time 9319.0, Emergency Delay: 0.0
[Simulate] Step 606: Queue length 62, Waiting time 9381.0, Emergency Delay: 0.0
[Simulate] Step 607: Queue length 63, Waiting time 9444.0, Emergency Delay: 0.0
[Simulate] Step 608: Queue length 63, Waiting time 9507.0, Emergency Delay: 0.0
[Simulate] Step 609: Queue length 64, Waiting time 9571.0, Emergency Delay: 0.0
[Simulate] Step 610: Queue length 64, Waiting time 9635.0, Emergency Delay: 0.0
[Simulate] Step 611: Queue length 64, Waiting time 9699.0, Emergency Delay: 0.0
[Simulate] Step 612: Queue length 64, Waiting time 9763.0, Emergency Delay: 0.0
[Simulate] Step 613: Queue length 64, Waiting time 9827.0, Emergency Delay: 0.0
[Simulate] Step 614: Queue length 65, Waiting time 9892.0, Emergency Delay: 0.0
[Simulate] Step 615: Queue length 65, Waiting time 9957.0, Emergency Delay: 0.0
[Simulate] Step 616: Queue length 64, Waiting time 9721.0, Emergency Delay: 0.0
[Simulate] Step 617: Queue length 63, Waiting time 9784.0, Emergency Delay: 0.0
[Simulate] Step 618: Queue length 63, Waiting time 9847.0, Emergency Delay: 0.0
[Step 618] Agent 0 Action: 1, Reward: -1.5290
[Step 618] Agent 1 Action: 1, Reward: -1.5290
[SetGreen] Action 1 not found in phase mapping.
[SetGreen] Action 1 not found in phase mapping.
[Step 618] Adaptive green duration: 43
[Simulate] Step 619: Queue length 62, Waiting time 9909.0, Emergency Delay: 0.0
[Simulate] Step 620: Queue length 61, Waiting time 9970.0, Emergency Delay: 0.0
[Simulate] Step 621: Queue length 60, Waiting time 10030.0, Emergency Delay: 0.0
[Simulate] Step 622: Queue length 60, Waiting time 10090.0, Emergency Delay: 0.0
[Simulate] Step 623: Queue length 60, Waiting time 9849.0, Emergency Delay: 0.0
[Simulate] Step 624: Queue length 61, Waiting time 9910.0, Emergency Delay: 0.0
[Simulate] Step 625: Queue length 61, Waiting time 9971.0, Emergency Delay: 0.0
[Simulate] Step 626: Queue length 61, Waiting time 10032.0, Emergency Delay: 0.0
[Simulate] Step 627: Queue length 61, Waiting time 10093.0, Emergency Delay: 0.0
[Simulate] Step 628: Queue length 62, Waiting time 10155.0, Emergency Delay: 0.0
[Simulate] Step 629: Queue length 64, Waiting time 10219.0, Emergency Delay: 0.0
[Simulate] Step 630: Queue length 65, Waiting time 10284.0, Emergency Delay: 0.0
[Simulate] Step 631: Queue length 63, Waiting time 10347.0, Emergency Delay: 0.0
[Simulate] Step 632: Queue length 63, Waiting time 10300.0, Emergency Delay: 0.0
[Simulate] Step 633: Queue length 62, Waiting time 10362.0, Emergency Delay: 0.0
[Simulate] Step 634: Queue length 62, Waiting time 10424.0, Emergency Delay: 0.0
[Simulate] Step 635: Queue length 62, Waiting time 10486.0, Emergency Delay: 0.0
[Simulate] Step 636: Queue length 62, Waiting time 10507.0, Emergency Delay: 0.0
[Simulate] Step 637: Queue length 63, Waiting time 10570.0, Emergency Delay: 0.0
[Simulate] Step 638: Queue length 63, Waiting time 10674.0, Emergency Delay: 0.0
[Simulate] Step 639: Queue length 64, Waiting time 10736.0, Emergency Delay: 0.0
[Simulate] Step 640: Queue length 64, Waiting time 10800.0, Emergency Delay: 0.0
[Simulate] Step 641: Queue length 65, Waiting time 10867.0, Emergency Delay: 0.0
[Simulate] Step 642: Queue length 65, Waiting time 10932.0, Emergency Delay: 0.0
[Simulate] Step 643: Queue length 66, Waiting time 10998.0, Emergency Delay: 0.0
[Simulate] Step 644: Queue length 67, Waiting time 11065.0, Emergency Delay: 0.0
[Simulate] Step 645: Queue length 67, Waiting time 11132.0, Emergency Delay: 0.0
[Simulate] Step 646: Queue length 68, Waiting time 11200.0, Emergency Delay: 0.0
[Simulate] Step 647: Queue length 68, Waiting time 11268.0, Emergency Delay: 0.0
[Simulate] Step 648: Queue length 69, Waiting time 11337.0, Emergency Delay: 0.0
[Simulate] Step 649: Queue length 69, Waiting time 11406.0, Emergency Delay: 0.0
[Simulate] Step 650: Queue length 69, Waiting time 11475.0, Emergency Delay: 0.0
[Simulate] Step 651: Queue length 69, Waiting time 11544.0, Emergency Delay: 0.0
[Simulate] Step 652: Queue length 73, Waiting time 11617.0, Emergency Delay: 0.0
[Simulate] Step 653: Queue length 73, Waiting time 11690.0, Emergency Delay: 0.0
[Simulate] Step 654: Queue length 73, Waiting time 11763.0, Emergency Delay: 0.0
[Simulate] Step 655: Queue length 74, Waiting time 11837.0, Emergency Delay: 0.0
[Simulate] Step 656: Queue length 74, Waiting time 11911.0, Emergency Delay: 0.0
[Simulate] Step 657: Queue length 74, Waiting time 11985.0, Emergency Delay: 0.0
[Simulate] Step 658: Queue length 74, Waiting time 12059.0, Emergency Delay: 0.0
[Simulate] Step 659: Queue length 74, Waiting time 12133.0, Emergency Delay: 0.0
[Simulate] Step 660: Queue length 74, Waiting time 12207.0, Emergency Delay: 0.0
[Simulate] Step 661: Queue length 74, Waiting time 12281.0, Emergency Delay: 0.0
[Step 661] Agent 0 Action: 1, Reward: -2.2910
[Step 661] Agent 1 Action: 1, Reward: -2.2910
[SetGreen] Action 1 not found in phase mapping.
[SetGreen] Action 1 not found in phase mapping.
[Step 661] Adaptive green duration: 41
[Simulate] Step 662: Queue length 74, Waiting time 12355.0, Emergency Delay: 0.0
[Simulate] Step 663: Queue length 74, Waiting time 12429.0, Emergency Delay: 0.0
[Simulate] Step 664: Queue length 74, Waiting time 12503.0, Emergency Delay: 0.0
[Simulate] Step 665: Queue length 75, Waiting time 12578.0, Emergency Delay: 0.0
[Simulate] Step 666: Queue length 75, Waiting time 12653.0, Emergency Delay: 0.0
[Simulate] Step 667: Queue length 75, Waiting time 12728.0, Emergency Delay: 0.0
[Simulate] Step 668: Queue length 75, Waiting time 12803.0, Emergency Delay: 0.0
[Simulate] Step 669: Queue length 75, Waiting time 12878.0, Emergency Delay: 0.0
[Simulate] Step 670: Queue length 75, Waiting time 12953.0, Emergency Delay: 0.0
[Simulate] Step 671: Queue length 76, Waiting time 13029.0, Emergency Delay: 0.0
[Simulate] Step 672: Queue length 76, Waiting time 13105.0, Emergency Delay: 0.0
[Simulate] Step 673: Queue length 76, Waiting time 13181.0, Emergency Delay: 0.0
[Simulate] Step 674: Queue length 76, Waiting time 13257.0, Emergency Delay: 0.0
[Simulate] Step 675: Queue length 76, Waiting time 13333.0, Emergency Delay: 0.0
[Simulate] Step 676: Queue length 75, Waiting time 13408.0, Emergency Delay: 0.0
[Simulate] Step 677: Queue length 74, Waiting time 13410.0, Emergency Delay: 0.0
[Simulate] Step 678: Queue length 74, Waiting time 13484.0, Emergency Delay: 0.0
[Simulate] Step 679: Queue length 77, Waiting time 13561.0, Emergency Delay: 0.0
[Simulate] Step 680: Queue length 76, Waiting time 13337.0, Emergency Delay: 0.0
[Simulate] Step 681: Queue length 75, Waiting time 13406.0, Emergency Delay: 0.0
[Simulate] Step 682: Queue length 74, Waiting time 13480.0, Emergency Delay: 0.0
[Simulate] Step 683: Queue length 73, Waiting time 13553.0, Emergency Delay: 0.0
[Simulate] Step 684: Queue length 72, Waiting time 13322.0, Emergency Delay: 0.0
[Simulate] Step 685: Queue length 70, Waiting time 13425.0, Emergency Delay: 0.0
[Simulate] Step 686: Queue length 69, Waiting time 13494.0, Emergency Delay: 0.0
[Simulate] Step 687: Queue length 68, Waiting time 13562.0, Emergency Delay: 0.0
[Simulate] Step 688: Queue length 69, Waiting time 13631.0, Emergency Delay: 0.0
[Simulate] Step 689: Queue length 69, Waiting time 13425.0, Emergency Delay: 0.0
[Simulate] Step 690: Queue length 67, Waiting time 13492.0, Emergency Delay: 0.0
[Simulate] Step 691: Queue length 69, Waiting time 13561.0, Emergency Delay: 0.0
[Simulate] Step 692: Queue length 67, Waiting time 13628.0, Emergency Delay: 0.0
[Simulate] Step 693: Queue length 68, Waiting time 13696.0, Emergency Delay: 0.0
[Simulate] Step 694: Queue length 68, Waiting time 13764.0, Emergency Delay: 0.0
[Simulate] Step 695: Queue length 72, Waiting time 13836.0, Emergency Delay: 0.0
[Simulate] Step 696: Queue length 74, Waiting time 13910.0, Emergency Delay: 0.0
[Simulate] Step 697: Queue length 74, Waiting time 13984.0, Emergency Delay: 0.0
[Simulate] Step 698: Queue length 74, Waiting time 14058.0, Emergency Delay: 0.0
[Simulate] Step 699: Queue length 76, Waiting time 14134.0, Emergency Delay: 0.0
[Simulate] Step 700: Queue length 78, Waiting time 14212.0, Emergency Delay: 0.0
[Simulate] Step 701: Queue length 80, Waiting time 14292.0, Emergency Delay: 0.0
[Simulate] Step 702: Queue length 83, Waiting time 14375.0, Emergency Delay: 0.0
[Step 702] Agent 0 Action: 1, Reward: -0.8930
[Step 702] Agent 1 Action: 1, Reward: -0.8930
[SetGreen] Action 1 not found in phase mapping.
[SetGreen] Action 1 not found in phase mapping.
[Step 702] Adaptive green duration: 42
[Simulate] Step 703: Queue length 86, Waiting time 14461.0, Emergency Delay: 0.0
[Simulate] Step 704: Queue length 88, Waiting time 14549.0, Emergency Delay: 0.0
[Simulate] Step 705: Queue length 88, Waiting time 14637.0, Emergency Delay: 0.0
[Simulate] Step 706: Queue length 91, Waiting time 14728.0, Emergency Delay: 0.0
[Simulate] Step 707: Queue length 93, Waiting time 14821.0, Emergency Delay: 0.0
[Simulate] Step 708: Queue length 94, Waiting time 14915.0, Emergency Delay: 0.0
[Simulate] Step 709: Queue length 94, Waiting time 15009.0, Emergency Delay: 0.0
[Simulate] Step 710: Queue length 94, Waiting time 15103.0, Emergency Delay: 0.0
[Simulate] Step 711: Queue length 94, Waiting time 15197.0, Emergency Delay: 0.0
[Simulate] Step 712: Queue length 94, Waiting time 15291.0, Emergency Delay: 0.0
[Simulate] Step 713: Queue length 95, Waiting time 15386.0, Emergency Delay: 0.0
[Simulate] Step 714: Queue length 95, Waiting time 15481.0, Emergency Delay: 0.0
[Simulate] Step 715: Queue length 97, Waiting time 15578.0, Emergency Delay: 0.0
[Simulate] Step 716: Queue length 98, Waiting time 15676.0, Emergency Delay: 0.0
[Simulate] Step 717: Queue length 100, Waiting time 15776.0, Emergency Delay: 0.0
[Simulate] Step 718: Queue length 100, Waiting time 15876.0, Emergency Delay: 0.0
[Simulate] Step 719: Queue length 102, Waiting time 15978.0, Emergency Delay: 0.0
[Simulate] Step 720: Queue length 103, Waiting time 16081.0, Emergency Delay: 0.0
[Simulate] Step 721: Queue length 96, Waiting time 16177.0, Emergency Delay: 0.0
[Simulate] Step 722: Queue length 91, Waiting time 16124.0, Emergency Delay: 0.0
[Simulate] Step 723: Queue length 90, Waiting time 16214.0, Emergency Delay: 0.0
[Simulate] Step 724: Queue length 89, Waiting time 16303.0, Emergency Delay: 0.0
[Simulate] Step 725: Queue length 88, Waiting time 16391.0, Emergency Delay: 0.0
[Simulate] Step 726: Queue length 89, Waiting time 16436.0, Emergency Delay: 0.0
[Simulate] Step 727: Queue length 90, Waiting time 16507.0, Emergency Delay: 0.0
[Simulate] Step 728: Queue length 91, Waiting time 16628.0, Emergency Delay: 0.0
[Simulate] Step 729: Queue length 91, Waiting time 16692.0, Emergency Delay: 0.0
[Simulate] Step 730: Queue length 92, Waiting time 16774.0, Emergency Delay: 0.0
[Simulate] Step 731: Queue length 94, Waiting time 16891.0, Emergency Delay: 0.0
[Simulate] Step 732: Queue length 95, Waiting time 16964.0, Emergency Delay: 0.0
[Simulate] Step 733: Queue length 95, Waiting time 17059.0, Emergency Delay: 0.0
[Simulate] Step 734: Queue length 95, Waiting time 17176.0, Emergency Delay: 0.0
[Simulate] Step 735: Queue length 95, Waiting time 17253.0, Emergency Delay: 0.0
[Simulate] Step 736: Queue length 95, Waiting time 17366.0, Emergency Delay: 0.0
[Simulate] Step 737: Queue length 95, Waiting time 17461.0, Emergency Delay: 0.0
[Simulate] Step 738: Queue length 95, Waiting time 17556.0, Emergency Delay: 0.0
[Simulate] Step 739: Queue length 96, Waiting time 17652.0, Emergency Delay: 0.0
[Simulate] Step 740: Queue length 97, Waiting time 17749.0, Emergency Delay: 0.0
[Simulate] Step 741: Queue length 97, Waiting time 17846.0, Emergency Delay: 0.0
[Simulate] Step 742: Queue length 98, Waiting time 17944.0, Emergency Delay: 0.0
[Simulate] Step 743: Queue length 99, Waiting time 18043.0, Emergency Delay: 0.0
[Simulate] Step 744: Queue length 99, Waiting time 18142.0, Emergency Delay: 0.0
[Step 744] Agent 0 Action: 1, Reward: -3.7540
[Step 744] Agent 1 Action: 1, Reward: -3.7540
[SetGreen] Action 1 not found in phase mapping.
[SetGreen] Action 1 not found in phase mapping.
[Step 744] Adaptive green duration: 42
[Simulate] Step 745: Queue length 99, Waiting time 18241.0, Emergency Delay: 0.0
[Simulate] Step 746: Queue length 100, Waiting time 18341.0, Emergency Delay: 0.0
[Simulate] Step 747: Queue length 100, Waiting time 18441.0, Emergency Delay: 0.0
[Simulate] Step 748: Queue length 100, Waiting time 18541.0, Emergency Delay: 0.0
[Simulate] Step 749: Queue length 100, Waiting time 18641.0, Emergency Delay: 0.0
[Simulate] Step 750: Queue length 100, Waiting time 18741.0, Emergency Delay: 0.0
[Simulate] Step 751: Queue length 100, Waiting time 18841.0, Emergency Delay: 0.0
[Simulate] Step 752: Queue length 101, Waiting time 18942.0, Emergency Delay: 0.0
[Simulate] Step 753: Queue length 101, Waiting time 19043.0, Emergency Delay: 0.0
[Simulate] Step 754: Queue length 101, Waiting time 19144.0, Emergency Delay: 0.0
[Simulate] Step 755: Queue length 101, Waiting time 19245.0, Emergency Delay: 0.0
[Simulate] Step 756: Queue length 102, Waiting time 19348.0, Emergency Delay: 0.0
[Simulate] Step 757: Queue length 101, Waiting time 19449.0, Emergency Delay: 0.0
[Simulate] Step 758: Queue length 102, Waiting time 19551.0, Emergency Delay: 0.0
[Simulate] Step 759: Queue length 101, Waiting time 19652.0, Emergency Delay: 0.0
[Simulate] Step 760: Queue length 100, Waiting time 19752.0, Emergency Delay: 0.0
[Simulate] Step 761: Queue length 99, Waiting time 19851.0, Emergency Delay: 0.0
[Simulate] Step 762: Queue length 99, Waiting time 19950.0, Emergency Delay: 0.0
[Simulate] Step 763: Queue length 99, Waiting time 20049.0, Emergency Delay: 0.0
[Simulate] Step 764: Queue length 100, Waiting time 20149.0, Emergency Delay: 0.0
[Simulate] Step 765: Queue length 101, Waiting time 20250.0, Emergency Delay: 0.0
[Simulate] Step 766: Queue length 97, Waiting time 20347.0, Emergency Delay: 0.0
[Simulate] Step 767: Queue length 96, Waiting time 20364.0, Emergency Delay: 0.0
[Simulate] Step 768: Queue length 97, Waiting time 20461.0, Emergency Delay: 0.0
[Simulate] Step 769: Queue length 96, Waiting time 20557.0, Emergency Delay: 0.0
[Simulate] Step 770: Queue length 94, Waiting time 20651.0, Emergency Delay: 0.0
[Simulate] Step 771: Queue length 94, Waiting time 20705.0, Emergency Delay: 0.0
[Simulate] Step 772: Queue length 94, Waiting time 20800.0, Emergency Delay: 0.0
[Simulate] Step 773: Queue length 94, Waiting time 20894.0, Emergency Delay: 0.0
[Simulate] Step 774: Queue length 93, Waiting time 20961.0, Emergency Delay: 0.0
[Simulate] Step 775: Queue length 92, Waiting time 21122.0, Emergency Delay: 0.0
[Simulate] Step 776: Queue length 93, Waiting time 21215.0, Emergency Delay: 0.0
