[Step 0] Action: 1
[Step 10] Action: 3
[Step 24] Action: 1
[Step 38] Action: 3
[Step 52] Action: 1
[Step 66] Action: 1
[Step 76] Action: 1
[Step 86] Action: 3
[Step 100] Action: 1
[Step 114] Action: 3
[Step 128] Action: 1
[Step 142] Action: 0
[Step 156] Action: 2
[Step 170] Action: 1
[Step 184] Action: 1
[Step 194] Action: 1
[Step 204] Action: 1
[Step 214] Action: 0
[Step 228] Action: 0
[Step 238] Action: 1
[Step 252] Action: 3
[Step 266] Action: 2
[Step 280] Action: 1
[Step 294] Action: 3
[Step 308] Action: 2
[Step 322] Action: 1
[Step 336] Action: 0
[Step 350] Action: 1
[Step 364] Action: 2
[Step 378] Action: 2
[Step 388] Action: 3
[Step 402] Action: 3
[Step 412] Action: 3
[Step 422] Action: 2
[Step 436] Action: 1
[Step 450] Action: 0
[Step 464] Action: 1
[Step 478] Action: 1
[Step 488] Action: 0
[Step 502] Action: 1
[Step 516] Action: 0
[Step 530] Action: 1
[Step 544] Action: 3
[Step 558] Action: 0
[Step 572] Action: 0
[Step 582] Action: 2
[Step 596] Action: 1
[Step 610] Action: 1
[Step 620] Action: 1
[Step 630] Action: 0
[Step 644] Action: 0
[Step 654] Action: 1
[Step 668] Action: 1
[Step 678] Action: 2
[Step 692] Action: 1
[Step 706] Action: 1
[Step 716] Action: 0
[Step 730] Action: 1
[Step 744] Action: 2
[Step 758] Action: 2
[Step 768] Action: 1
[Step 782] Action: 1
[Step 792] Action: 2
[Step 806] Action: 1
[Step 820] Action: 1
[Step 830] Action: 1
[Step 840] Action: 1
[Step 850] Action: 2
[Step 864] Action: 1
[Step 878] Action: 0
[Step 892] Action: 1
[Step 906] Action: 2
[Step 920] Action: 1
[Step 934] Action: 1
[Step 944] Action: 2
[Step 958] Action: 1
[Step 972] Action: 1
[Step 982] Action: 3
[Step 996] Action: 2
[Step 1010] Action: 1
[Step 1024] Action: 2
[Step 1038] Action: 1
[Step 1052] Action: 0
[Step 1066] Action: 0
[Step 1076] Action: 2
[Step 1090] Action: 1
[Step 1104] Action: 1
[Step 1114] Action: 2
[Step 1128] Action: 1
[Step 1142] Action: 2
[Step 1156] Action: 1
[Step 1170] Action: 0
[Step 1184] Action: 2
[Step 1198] Action: 1
[Step 1212] Action: 1
[Step 1222] Action: 1
[Step 1232] Action: 2
[Step 1246] Action: 0
[Step 1260] Action: 1
[Step 1274] Action: 1
[Step 1284] Action: 0
[Step 1298] Action: 1
[Step 1312] Action: 2
[Step 1326] Action: 0
[Step 1340] Action: 2
[Step 1354] Action: 2
[Step 1364] Action: 2
[Step 1374] Action: 0
[Step 1388] Action: 2
[Step 1402] Action: 2
[Step 1412] Action: 1
[Step 1426] Action: 2
[Step 1440] Action: 1
[Step 1454] Action: 0
[Step 1468] Action: 1
[Step 1482] Action: 1
[Step 1492] Action: 1
[Step 1502] Action: 0
[Step 1516] Action: 1
[Step 1530] Action: 1
[Step 1540] Action: 0
[Step 1554] Action: 2
[Step 1568] Action: 1
[Step 1582] Action: 1
[Step 1592] Action: 2
[Step 1606] Action: 1
[Step 1620] Action: 0
[Step 1634] Action: 2
[Step 1648] Action: 1
[Step 1662] Action: 1
[Step 1672] Action: 3
[Step 1686] Action: 2
[Step 1700] Action: 0
[Step 1714] Action: 3
[Step 1728] Action: 1
[Step 1742] Action: 3
[Step 1756] Action: 1
[Step 1770] Action: 2
[Step 1784] Action: 1
[Step 1798] Action: 2
[Step 1812] Action: 1
[Step 1826] Action: 1
[Step 1836] Action: 1
[Step 1846] Action: 3
[Step 1860] Action: 3
[Step 1870] Action: 0
[Step 1884] Action: 1
[Step 1898] Action: 2
[Step 1912] Action: 1
[Step 1926] Action: 1
[Step 1936] Action: 0
[Step 1950] Action: 1
[Step 1964] Action: 0
[Step 1978] Action: 1
[Step 1992] Action: 0
[Step 2006] Action: 2
[Step 2020] Action: 1
[Step 2034] Action: 1
[Step 2044] Action: 1
[Step 2054] Action: 2
[Step 2068] Action: 3
[Step 2082] Action: 2
[Step 2096] Action: 2
[Step 2106] Action: 3
[Step 2120] Action: 0
[Step 2134] Action: 1
[Step 2148] Action: 1
[Step 2158] Action: 2
[Step 2172] Action: 1
[Step 2186] Action: 1
[Step 2196] Action: 2
[Step 2210] Action: 1
[Step 2224] Action: 1
[Step 2234] Action: 0
[Step 2248] Action: 1
[Step 2262] Action: 3
[Step 2276] Action: 3
[Step 2286] Action: 3
[Step 2296] Action: 2
[Step 2310] Action: 2
[Step 2320] Action: 1
[Step 2334] Action: 1
[Step 2344] Action: 1
[Step 2354] Action: 3
[Step 2368] Action: 1
[Step 2382] Action: 0
[Step 2396] Action: 1
[Step 2410] Action: 1
[Step 2420] Action: 0
[Step 2434] Action: 1
[Step 2448] Action: 0
[Step 2462] Action: 1
[Step 2476] Action: 2
[Step 2490] Action: 1
[Step 2504] Action: 2
[Step 2518] Action: 1
[Step 2532] Action: 1
[Step 2542] Action: 1
[Step 2552] Action: 0
[Step 2566] Action: 1
[Step 2580] Action: 1
[Step 2590] Action: 0
[Step 2604] Action: 1
[Step 2618] Action: 0
[Step 2632] Action: 1
[Step 2646] Action: 0
[Step 2660] Action: 1
[Step 2674] Action: 2
[Step 2688] Action: 1
[Step 2702] Action: 1
[Step 2712] Action: 2
[Step 2726] Action: 1
[Step 2740] Action: 3
[Step 2754] Action: 3
[Step 2764] Action: 3
[Step 2774] Action: 1
[Step 2788] Action: 3
[Step 2802] Action: 2
[Step 2816] Action: 3
[Step 2830] Action: 1
[Step 2844] Action: 3
[Step 2858] Action: 2
[Step 2872] Action: 1
[Step 2886] Action: 1
[Step 2896] Action: 3
[Step 2910] Action: 2
[Step 2924] Action: 1
[Step 2938] Action: 1
[Step 2948] Action: 0
[Step 2962] Action: 1
[Step 2976] Action: 3
[Step 2990] Action: 3
[Step 3000] Action: 1
[Step 3014] Action: 1
[Step 3024] Action: 0
[Step 3038] Action: 1
[Step 3052] Action: 3
[Step 3066] Action: 0
[Step 3080] Action: 1
[Step 3094] Action: 1
[Step 3104] Action: 3
[Step 3118] Action: 2
[Step 3132] Action: 1
[Step 3146] Action: 3
[Step 3160] Action: 2
[Step 3174] Action: 3
[Step 3188] Action: 1
[Step 3202] Action: 3
[Step 3216] Action: 1
[Step 3230] Action: 2
[Step 3244] Action: 1
[Step 3258] Action: 1
[Step 3268] Action: 3
[Step 3282] Action: 1
[Step 3296] Action: 3
[Step 3310] Action: 1
[Step 3324] Action: 0
[Step 3338] Action: 1
[Step 3352] Action: 3
[Step 3366] Action: 1
[Step 3380] Action: 3
[Step 3394] Action: 2
[Step 3408] Action: 1
[Step 3422] Action: 0
[Step 3436] Action: 2
[Step 3450] Action: 1
[Step 3464] Action: 2
[Step 3478] Action: 0
[Step 3492] Action: 1
[Step 3506] Action: 1
[Step 3516] Action: 3
[Step 3530] Action: 0
[Step 3544] Action: 1
[Step 3558] Action: 1
[Step 3568] Action: 1
[Step 3578] Action: 1
[Step 3588] Action: 1
[Step 3598] Action: 3
[Step 3612] Action: 1
[Step 3626] Action: 3
[Step 3640] Action: 3
[Step 3650] Action: 3
[Step 3660] Action: 3
[Step 3670] Action: 3
[Step 3680] Action: 3
[Step 3690] Action: 1
[Step 3704] Action: 3
[Step 3718] Action: 3
[Step 3728] Action: 0
[Step 3742] Action: 2
[Step 3756] Action: 3
[Step 3770] Action: 1
[Step 3784] Action: 3
[Step 3798] Action: 2
[Step 3812] Action: 0
[Step 3826] Action: 1
[Step 3840] Action: 2
[Step 3854] Action: 1
[Step 3868] Action: 3
[Step 3882] Action: 3
[Step 3892] Action: 3
[Step 3902] Action: 3
[Step 3912] Action: 3
[Step 3922] Action: 1
[Step 3936] Action: 1
[Step 3946] Action: 3
[Step 3960] Action: 3
[Step 3970] Action: 3
[Step 3980] Action: 3
[Step 3990] Action: 1
[Step 4004] Action: 1
[Step 4014] Action: 3
[Step 4028] Action: 3
[Step 4038] Action: 2
[Step 4052] Action: 1
[Step 4066] Action: 3
[Step 4080] Action: 2
[Step 4094] Action: 1
[Step 4108] Action: 1
[Step 4118] Action: 1
[Step 4128] Action: 0
[Step 4142] Action: 1
[Step 4156] Action: 1
[Step 4166] Action: 1
[Step 4176] Action: 3
[Step 4190] Action: 0
[Step 4204] Action: 1
[Step 4218] Action: 2
[Step 4232] Action: 1
[Step 4246] Action: 3
[Step 4260] Action: 1
[Step 4274] Action: 3
[Step 4288] Action: 3
[Step 4298] Action: 3
[Step 4308] Action: 3
[Step 4318] Action: 3
[Step 4328] Action: 3
[Step 4338] Action: 1
[Step 4352] Action: 3
[Step 4366] Action: 3
[Step 4376] Action: 3
[Step 4386] Action: 3
[Step 4396] Action: 3
[Step 4406] Action: 1
[Step 4420] Action: 2
[Step 4434] Action: 1
[Step 4448] Action: 1
[Step 4458] Action: 1
[Step 4468] Action: 1
[Step 4478] Action: 3
[Step 4492] Action: 3
[Step 4502] Action: 3
[Step 4512] Action: 2
[Step 4526] Action: 1
[Step 4540] Action: 2
[Step 4554] Action: 1
[Step 4568] Action: 3
[Step 4582] Action: 3
[Step 4592] Action: 3
[Step 4602] Action: 3
[Step 4612] Action: 3
[Step 4622] Action: 2
[Step 4636] Action: 1
[Step 4650] Action: 3
[Step 4664] Action: 3
[Step 4674] Action: 1
[Step 4688] Action: 2
[Step 4702] Action: 2
[Step 4712] Action: 1
[Step 4726] Action: 3
[Step 4740] Action: 3
[Step 4750] Action: 0
[Step 4764] Action: 1
[Step 4778] Action: 0
[Step 4792] Action: 0
[Step 4802] Action: 1
[Step 4816] Action: 3
[Step 4830] Action: 1
[Step 4844] Action: 1
[Step 4854] Action: 1
[Step 4864] Action: 1
[Step 4874] Action: 1
[Step 4884] Action: 1
[Step 4894] Action: 2
[Step 4908] Action: 1
[Step 4922] Action: 0
[Step 4936] Action: 1
[Step 4950] Action: 3
[Step 4964] Action: 3
[Step 4974] Action: 3
[Step 4984] Action: 2
[Step 4998] Action: 1
[Step 5012] Action: 0
[Step 5026] Action: 1
[Step 5040] Action: 2
[Step 5054] Action: 1
[Step 5068] Action: 1
[Step 5078] Action: 3
[Step 5092] Action: 1
[Step 5106] Action: 0
[Step 5120] Action: 3
[Step 5134] Action: 1
[Step 5148] Action: 2
[Step 5162] Action: 1
[Step 5176] Action: 1
[Step 5186] Action: 1
[Step 5196] Action: 1
[Step 5206] Action: 0
[Step 5220] Action: 1
[Step 5234] Action: 1
[Step 5244] Action: 3
[Step 5258] Action: 3
[Step 5268] Action: 3
[Step 5278] Action: 3
[Step 5288] Action: 1
[Step 5302] Action: 3
[Step 5316] Action: 0
[Step 5330] Action: 1
[Step 5344] Action: 1
[Step 5354] Action: 3
[Step 5368] Action: 1
[Step 5382] Action: 3
[Step 5396] Action: 1
