[Step 0] Action: 2
[Step 10] Action: 2
[Step 20] Action: 2
[Step 30] Action: 2
[Step 40] Action: 0
[Step 54] Action: 2
[Step 68] Action: 0
[Step 82] Action: 2
[Step 96] Action: 2
[Step 106] Action: 2
[Step 116] Action: 2
[Step 126] Action: 2
[Step 136] Action: 2
[Step 146] Action: 2
[Step 156] Action: 2
[Step 166] Action: 2
[Step 176] Action: 2
[Step 186] Action: 2
[Step 196] Action: 2
[Step 206] Action: 2
[Step 216] Action: 2
[Step 226] Action: 2
[Step 236] Action: 2
[Step 246] Action: 2
[Step 256] Action: 2
[Step 266] Action: 1
[Step 280] Action: 2
[Step 294] Action: 2
[Step 304] Action: 3
[Step 318] Action: 3
[Step 328] Action: 3
[Step 338] Action: 3
[Step 348] Action: 3
[Step 358] Action: 1
[Step 372] Action: 2
[Step 386] Action: 2
[Step 396] Action: 3
[Step 410] Action: 2
[Step 424] Action: 2
[Step 434] Action: 2
[Step 444] Action: 1
[Step 458] Action: 0
[Step 472] Action: 1
[Step 486] Action: 2
[Step 500] Action: 2
[Step 510] Action: 2
[Step 520] Action: 2
[Step 530] Action: 2
[Step 540] Action: 1
[Step 554] Action: 2
[Step 568] Action: 2
[Step 578] Action: 0
[Step 592] Action: 2
[Step 606] Action: 2
[Step 616] Action: 2
[Step 626] Action: 2
[Step 636] Action: 0
[Step 650] Action: 2
[Step 664] Action: 2
[Step 674] Action: 2
[Step 684] Action: 2
[Step 694] Action: 2
[Step 704] Action: 2
[Step 714] Action: 2
[Step 724] Action: 2
[Step 734] Action: 2
[Step 744] Action: 2
[Step 754] Action: 2
[Step 764] Action: 1
[Step 778] Action: 2
[Step 792] Action: 2
[Step 802] Action: 3
[Step 816] Action: 0
[Step 830] Action: 1
[Step 844] Action: 2
[Step 858] Action: 2
[Step 868] Action: 2
[Step 878] Action: 2
[Step 888] Action: 2
[Step 898] Action: 2
[Step 908] Action: 2
[Step 918] Action: 2
[Step 928] Action: 2
[Step 938] Action: 2
[Step 948] Action: 2
[Step 958] Action: 2
[Step 968] Action: 2
[Step 978] Action: 2
[Step 988] Action: 2
[Step 998] Action: 2
[Step 1008] Action: 2
[Step 1018] Action: 2
[Step 1028] Action: 1
[Step 1042] Action: 2
[Step 1056] Action: 3
[Step 1070] Action: 0
[Step 1084] Action: 2
[Step 1098] Action: 2
[Step 1108] Action: 3
[Step 1122] Action: 3
[Step 1132] Action: 2
[Step 1146] Action: 3
[Step 1160] Action: 2
[Step 1174] Action: 2
[Step 1184] Action: 1
[Step 1198] Action: 1
[Step 1208] Action: 2
[Step 1222] Action: 2
[Step 1232] Action: 2
[Step 1242] Action: 3
[Step 1256] Action: 3
[Step 1266] Action: 2
[Step 1280] Action: 2
[Step 1290] Action: 2
[Step 1300] Action: 2
[Step 1310] Action: 2
[Step 1320] Action: 2
[Step 1330] Action: 2
[Step 1340] Action: 1
[Step 1354] Action: 1
[Step 1364] Action: 0
[Step 1378] Action: 3
[Step 1392] Action: 2
[Step 1406] Action: 2
[Step 1416] Action: 2
[Step 1426] Action: 3
[Step 1440] Action: 2
[Step 1454] Action: 2
[Step 1464] Action: 2
[Step 1474] Action: 1
[Step 1488] Action: 2
[Step 1502] Action: 2
[Step 1512] Action: 2
[Step 1522] Action: 1
[Step 1536] Action: 2
[Step 1550] Action: 1
[Step 1564] Action: 1
[Step 1574] Action: 1
[Step 1584] Action: 2
[Step 1598] Action: 2
[Step 1608] Action: 3
[Step 1622] Action: 2
[Step 1636] Action: 2
[Step 1646] Action: 2
[Step 1656] Action: 2
[Step 1666] Action: 2
[Step 1676] Action: 0
[Step 1690] Action: 2
[Step 1704] Action: 1
[Step 1718] Action: 1
[Step 1728] Action: 2
[Step 1742] Action: 2
[Step 1752] Action: 0
[Step 1766] Action: 0
[Step 1776] Action: 2
[Step 1790] Action: 2
[Step 1800] Action: 0
[Step 1814] Action: 0
[Step 1824] Action: 2
[Step 1838] Action: 2
[Step 1848] Action: 0
[Step 1862] Action: 0
[Step 1872] Action: 3
[Step 1886] Action: 2
[Step 1900] Action: 2
[Step 1910] Action: 0
[Step 1924] Action: 2
[Step 1938] Action: 2
[Step 1948] Action: 2
[Step 1958] Action: 2
[Step 1968] Action: 1
[Step 1982] Action: 1
[Step 1992] Action: 2
[Step 2006] Action: 2
[Step 2016] Action: 2
[Step 2026] Action: 2
[Step 2036] Action: 2
[Step 2046] Action: 2
[Step 2056] Action: 0
[Step 2070] Action: 2
[Step 2084] Action: 2
[Step 2094] Action: 2
[Step 2104] Action: 1
[Step 2118] Action: 2
[Step 2132] Action: 1
[Step 2146] Action: 2
[Step 2160] Action: 1
[Step 2174] Action: 2
[Step 2188] Action: 2
[Step 2198] Action: 2
[Step 2208] Action: 2
[Step 2218] Action: 2
[Step 2228] Action: 0
[Step 2242] Action: 2
[Step 2256] Action: 2
[Step 2266] Action: 2
[Step 2276] Action: 2
[Step 2286] Action: 0
[Step 2300] Action: 2
[Step 2314] Action: 2
[Step 2324] Action: 0
[Step 2338] Action: 2
[Step 2352] Action: 2
[Step 2362] Action: 2
[Step 2372] Action: 1
[Step 2386] Action: 2
[Step 2400] Action: 2
[Step 2410] Action: 2
[Step 2420] Action: 2
[Step 2430] Action: 2
[Step 2440] Action: 2
[Step 2450] Action: 2
[Step 2460] Action: 2
[Step 2470] Action: 2
[Step 2480] Action: 2
[Step 2490] Action: 2
[Step 2500] Action: 2
[Step 2510] Action: 2
[Step 2520] Action: 0
[Step 2534] Action: 2
[Step 2548] Action: 3
[Step 2562] Action: 2
[Step 2576] Action: 1
[Step 2590] Action: 2
[Step 2604] Action: 2
[Step 2614] Action: 2
[Step 2624] Action: 2
[Step 2634] Action: 2
[Step 2644] Action: 2
[Step 2654] Action: 1
[Step 2668] Action: 2
[Step 2682] Action: 1
[Step 2696] Action: 3
[Step 2710] Action: 2
[Step 2724] Action: 2
[Step 2734] Action: 2
[Step 2744] Action: 3
[Step 2758] Action: 2
[Step 2772] Action: 3
[Step 2786] Action: 2
[Step 2800] Action: 2
[Step 2810] Action: 0
[Step 2824] Action: 3
[Step 2838] Action: 2
[Step 2852] Action: 2
[Step 2862] Action: 2
[Step 2872] Action: 2
[Step 2882] Action: 2
[Step 2892] Action: 2
[Step 2902] Action: 2
[Step 2912] Action: 2
[Step 2922] Action: 2
[Step 2932] Action: 2
[Step 2942] Action: 2
[Step 2952] Action: 2
[Step 2962] Action: 2
[Step 2972] Action: 2
[Step 2982] Action: 2
[Step 2992] Action: 2
[Step 3002] Action: 2
[Step 3012] Action: 2
[Step 3022] Action: 2
[Step 3032] Action: 2
[Step 3042] Action: 2
[Step 3052] Action: 2
[Step 3062] Action: 2
[Step 3072] Action: 2
[Step 3082] Action: 3
[Step 3096] Action: 2
[Step 3110] Action: 2
[Step 3120] Action: 0
[Step 3134] Action: 1
[Step 3148] Action: 2
[Step 3162] Action: 2
[Step 3172] Action: 3
[Step 3186] Action: 2
[Step 3200] Action: 3
[Step 3214] Action: 2
[Step 3228] Action: 0
[Step 3242] Action: 2
[Step 3256] Action: 2
[Step 3266] Action: 2
[Step 3276] Action: 2
[Step 3286] Action: 2
[Step 3296] Action: 2
[Step 3306] Action: 2
[Step 3316] Action: 1
[Step 3330] Action: 2
[Step 3344] Action: 2
[Step 3354] Action: 2
[Step 3364] Action: 2
[Step 3374] Action: 2
[Step 3384] Action: 3
[Step 3398] Action: 2
[Step 3412] Action: 2
[Step 3422] Action: 2
[Step 3432] Action: 2
[Step 3442] Action: 2
[Step 3452] Action: 2
[Step 3462] Action: 1
[Step 3476] Action: 1
[Step 3486] Action: 3
[Step 3500] Action: 2
[Step 3514] Action: 2
[Step 3524] Action: 2
[Step 3534] Action: 2
[Step 3544] Action: 2
[Step 3554] Action: 2
[Step 3564] Action: 2
[Step 3574] Action: 2
[Step 3584] Action: 2
[Step 3594] Action: 2
[Step 3604] Action: 2
[Step 3614] Action: 2
[Step 3624] Action: 2
[Step 3634] Action: 2
[Step 3644] Action: 2
[Step 3654] Action: 2
[Step 3664] Action: 2
[Step 3674] Action: 2
[Step 3684] Action: 3
[Step 3698] Action: 3
[Step 3708] Action: 0
[Step 3722] Action: 3
[Step 3736] Action: 2
[Step 3750] Action: 2
[Step 3760] Action: 2
[Step 3770] Action: 2
[Step 3780] Action: 3
[Step 3794] Action: 2
[Step 3808] Action: 0
[Step 3822] Action: 0
[Step 3832] Action: 2
[Step 3846] Action: 2
[Step 3856] Action: 1
[Step 3870] Action: 2
[Step 3884] Action: 2
[Step 3894] Action: 0
[Step 3908] Action: 1
[Step 3922] Action: 2
[Step 3936] Action: 2
[Step 3946] Action: 0
[Step 3960] Action: 0
[Step 3970] Action: 2
[Step 3984] Action: 2
[Step 3994] Action: 2
[Step 4004] Action: 2
[Step 4014] Action: 2
[Step 4024] Action: 3
[Step 4038] Action: 2
[Step 4052] Action: 2
[Step 4062] Action: 3
[Step 4076] Action: 2
[Step 4090] Action: 2
[Step 4100] Action: 2
[Step 4110] Action: 2
[Step 4120] Action: 2
[Step 4130] Action: 2
[Step 4140] Action: 2
[Step 4150] Action: 2
[Step 4160] Action: 2
[Step 4170] Action: 2
[Step 4180] Action: 2
[Step 4190] Action: 2
[Step 4200] Action: 2
[Step 4210] Action: 2
[Step 4220] Action: 2
[Step 4230] Action: 2
[Step 4240] Action: 2
[Step 4250] Action: 2
[Step 4260] Action: 2
[Step 4270] Action: 0
[Step 4284] Action: 2
[Step 4298] Action: 2
[Step 4308] Action: 2
[Step 4318] Action: 2
[Step 4328] Action: 2
[Step 4338] Action: 1
[Step 4352] Action: 2
[Step 4366] Action: 2
[Step 4376] Action: 2
[Step 4386] Action: 2
[Step 4396] Action: 2
[Step 4406] Action: 2
[Step 4416] Action: 2
[Step 4426] Action: 2
[Step 4436] Action: 2
[Step 4446] Action: 2
[Step 4456] Action: 2
[Step 4466] Action: 2
[Step 4476] Action: 2
[Step 4486] Action: 2
[Step 4496] Action: 2
[Step 4506] Action: 2
[Step 4516] Action: 2
[Step 4526] Action: 2
[Step 4536] Action: 2
[Step 4546] Action: 2
[Step 4556] Action: 2
[Step 4566] Action: 1
[Step 4580] Action: 2
[Step 4594] Action: 2
[Step 4604] Action: 2
[Step 4614] Action: 2
[Step 4624] Action: 2
[Step 4634] Action: 2
[Step 4644] Action: 2
[Step 4654] Action: 2
[Step 4664] Action: 2
[Step 4674] Action: 2
[Step 4684] Action: 1
[Step 4698] Action: 0
[Step 4712] Action: 2
[Step 4726] Action: 2
[Step 4736] Action: 2
[Step 4746] Action: 2
[Step 4756] Action: 2
[Step 4766] Action: 2
[Step 4776] Action: 0
[Step 4790] Action: 2
[Step 4804] Action: 2
[Step 4814] Action: 2
[Step 4824] Action: 2
[Step 4834] Action: 3
[Step 4848] Action: 2
[Step 4862] Action: 0
[Step 4876] Action: 2
[Step 4890] Action: 0
[Step 4904] Action: 2
[Step 4918] Action: 2
[Step 4928] Action: 2
[Step 4938] Action: 2
[Step 4948] Action: 2
[Step 4958] Action: 2
[Step 4968] Action: 2
[Step 4978] Action: 2
[Step 4988] Action: 2
[Step 4998] Action: 2
[Step 5008] Action: 2
[Step 5018] Action: 2
[Step 5028] Action: 2
[Step 5038] Action: 2
[Step 5048] Action: 2
[Step 5058] Action: 2
[Step 5068] Action: 2
[Step 5078] Action: 2
[Step 5088] Action: 2
[Step 5098] Action: 2
[Step 5108] Action: 2
[Step 5118] Action: 2
[Step 5128] Action: 2
[Step 5138] Action: 1
[Step 5152] Action: 2
[Step 5166] Action: 2
[Step 5176] Action: 2
[Step 5186] Action: 2
[Step 5196] Action: 2
[Step 5206] Action: 0
[Step 5220] Action: 2
[Step 5234] Action: 2
[Step 5244] Action: 2
[Step 5254] Action: 2
[Step 5264] Action: 2
[Step 5274] Action: 2
[Step 5284] Action: 2
[Step 5294] Action: 2
[Step 5304] Action: 2
[Step 5314] Action: 2
[Step 5324] Action: 0
[Step 5338] Action: 0
[Step 5348] Action: 2
[Step 5362] Action: 2
[Step 5372] Action: 2
[Step 5382] Action: 3
[Step 5396] Action: 2
