[Step 0] Action: 3
[Step 10] Action: 3
[Step 20] Action: 0
[Step 34] Action: 1
[Step 48] Action: 1
[Step 58] Action: 2
[Step 72] Action: 2
[Step 82] Action: 3
[Step 96] Action: 0
[Step 110] Action: 2
[Step 124] Action: 2
[Step 134] Action: 0
[Step 148] Action: 0
[Step 158] Action: 0
[Step 168] Action: 3
[Step 182] Action: 2
[Step 196] Action: 2
[Step 206] Action: 2
[Step 216] Action: 2
[Step 226] Action: 0
[Step 240] Action: 1
[Step 254] Action: 3
[Step 268] Action: 3
[Step 278] Action: 2
[Step 292] Action: 3
[Step 306] Action: 1
[Step 320] Action: 3
[Step 334] Action: 2
[Step 348] Action: 1
[Step 362] Action: 2
[Step 376] Action: 3
[Step 390] Action: 0
[Step 404] Action: 2
[Step 418] Action: 1
[Step 432] Action: 0
[Step 446] Action: 3
[Step 460] Action: 3
[Step 470] Action: 3
[Step 480] Action: 3
[Step 490] Action: 0
[Step 504] Action: 2
[Step 518] Action: 0
[Step 532] Action: 1
[Step 546] Action: 2
[Step 560] Action: 0
[Step 574] Action: 1
[Step 588] Action: 2
[Step 602] Action: 3
[Step 616] Action: 2
[Step 630] Action: 0
[Step 644] Action: 2
[Step 658] Action: 2
[Step 668] Action: 3
[Step 682] Action: 1
[Step 696] Action: 2
[Step 710] Action: 1
[Step 724] Action: 3
[Step 738] Action: 3
[Step 748] Action: 3
[Step 758] Action: 0
[Step 772] Action: 0
[Step 782] Action: 3
[Step 796] Action: 0
[Step 810] Action: 2
[Step 824] Action: 2
[Step 834] Action: 0
[Step 848] Action: 3
[Step 862] Action: 2
[Step 876] Action: 2
[Step 886] Action: 0
[Step 900] Action: 2
[Step 914] Action: 3
[Step 928] Action: 2
[Step 942] Action: 1
[Step 956] Action: 3
[Step 970] Action: 3
[Step 980] Action: 2
[Step 994] Action: 1
[Step 1008] Action: 2
[Step 1022] Action: 1
[Step 1036] Action: 0
[Step 1050] Action: 1
[Step 1064] Action: 2
[Step 1078] Action: 2
[Step 1088] Action: 2
[Step 1098] Action: 1
[Step 1112] Action: 2
[Step 1126] Action: 2
[Step 1136] Action: 0
[Step 1150] Action: 3
[Step 1164] Action: 0
[Step 1178] Action: 1
[Step 1192] Action: 3
[Step 1206] Action: 2
[Step 1220] Action: 2
[Step 1230] Action: 2
[Step 1240] Action: 1
[Step 1254] Action: 2
[Step 1268] Action: 2
[Step 1278] Action: 2
[Step 1288] Action: 0
[Step 1302] Action: 3
[Step 1316] Action: 2
[Step 1330] Action: 2
[Step 1340] Action: 3
[Step 1354] Action: 1
[Step 1368] Action: 2
[Step 1382] Action: 2
[Step 1392] Action: 0
[Step 1406] Action: 2
[Step 1420] Action: 2
[Step 1430] Action: 3
[Step 1444] Action: 2
[Step 1458] Action: 2
[Step 1468] Action: 2
[Step 1478] Action: 1
[Step 1492] Action: 3
[Step 1506] Action: 3
[Step 1516] Action: 0
[Step 1530] Action: 1
[Step 1544] Action: 3
[Step 1558] Action: 2
[Step 1572] Action: 2
[Step 1582] Action: 0
[Step 1596] Action: 2
[Step 1610] Action: 3
[Step 1624] Action: 0
[Step 1638] Action: 1
[Step 1652] Action: 1
[Step 1662] Action: 1
[Step 1672] Action: 1
[Step 1682] Action: 0
[Step 1696] Action: 3
[Step 1710] Action: 3
[Step 1720] Action: 2
[Step 1734] Action: 1
[Step 1748] Action: 0
[Step 1762] Action: 2
[Step 1776] Action: 1
[Step 1790] Action: 1
[Step 1800] Action: 2
[Step 1814] Action: 3
[Step 1828] Action: 0
[Step 1842] Action: 0
[Step 1852] Action: 0
[Step 1862] Action: 0
[Step 1872] Action: 2
[Step 1886] Action: 3
[Step 1900] Action: 1
[Step 1914] Action: 1
[Step 1924] Action: 2
[Step 1938] Action: 2
[Step 1948] Action: 3
[Step 1962] Action: 0
[Step 1976] Action: 3
[Step 1990] Action: 0
[Step 2004] Action: 0
[Step 2014] Action: 3
[Step 2028] Action: 2
[Step 2042] Action: 1
[Step 2056] Action: 2
[Step 2070] Action: 0
[Step 2084] Action: 0
[Step 2094] Action: 1
[Step 2108] Action: 2
[Step 2122] Action: 3
[Step 2136] Action: 2
[Step 2150] Action: 1
[Step 2164] Action: 2
[Step 2178] Action: 2
[Step 2188] Action: 0
[Step 2202] Action: 3
[Step 2216] Action: 2
[Step 2230] Action: 3
[Step 2244] Action: 2
[Step 2258] Action: 0
[Step 2272] Action: 3
[Step 2286] Action: 3
[Step 2296] Action: 3
[Step 2306] Action: 1
[Step 2320] Action: 2
[Step 2334] Action: 2
[Step 2344] Action: 1
[Step 2358] Action: 3
[Step 2372] Action: 3
[Step 2382] Action: 2
[Step 2396] Action: 1
[Step 2410] Action: 2
[Step 2424] Action: 0
[Step 2438] Action: 3
[Step 2452] Action: 1
[Step 2466] Action: 3
[Step 2480] Action: 1
[Step 2494] Action: 0
[Step 2508] Action: 0
[Step 2518] Action: 0
[Step 2528] Action: 1
[Step 2542] Action: 0
[Step 2556] Action: 3
[Step 2570] Action: 2
[Step 2584] Action: 3
[Step 2598] Action: 2
[Step 2612] Action: 2
[Step 2622] Action: 2
[Step 2632] Action: 1
[Step 2646] Action: 0
[Step 2660] Action: 0
[Step 2670] Action: 0
[Step 2680] Action: 3
[Step 2694] Action: 2
[Step 2708] Action: 2
[Step 2718] Action: 2
[Step 2728] Action: 1
[Step 2742] Action: 1
[Step 2752] Action: 3
[Step 2766] Action: 1
[Step 2780] Action: 2
[Step 2794] Action: 2
[Step 2804] Action: 3
[Step 2818] Action: 2
[Step 2832] Action: 0
[Step 2846] Action: 3
[Step 2860] Action: 1
[Step 2874] Action: 1
[Step 2884] Action: 3
[Step 2898] Action: 1
[Step 2912] Action: 1
[Step 2922] Action: 1
[Step 2932] Action: 2
[Step 2946] Action: 2
[Step 2956] Action: 2
[Step 2966] Action: 1
[Step 2980] Action: 1
[Step 2990] Action: 3
[Step 3004] Action: 0
[Step 3018] Action: 2
[Step 3032] Action: 0
[Step 3046] Action: 3
[Step 3060] Action: 1
[Step 3074] Action: 3
[Step 3088] Action: 0
[Step 3102] Action: 3
[Step 3116] Action: 2
[Step 3130] Action: 3
[Step 3144] Action: 1
[Step 3158] Action: 3
[Step 3172] Action: 0
[Step 3186] Action: 2
[Step 3200] Action: 0
[Step 3214] Action: 0
[Step 3224] Action: 3
[Step 3238] Action: 1
[Step 3252] Action: 3
[Step 3266] Action: 3
[Step 3276] Action: 2
[Step 3290] Action: 2
[Step 3300] Action: 0
[Step 3314] Action: 0
[Step 3324] Action: 1
[Step 3338] Action: 3
[Step 3352] Action: 3
[Step 3362] Action: 2
[Step 3376] Action: 0
[Step 3390] Action: 3
[Step 3404] Action: 1
[Step 3418] Action: 0
[Step 3432] Action: 3
[Step 3446] Action: 0
[Step 3460] Action: 0
[Step 3470] Action: 2
[Step 3484] Action: 1
[Step 3498] Action: 0
[Step 3512] Action: 2
[Step 3526] Action: 1
[Step 3540] Action: 3
[Step 3554] Action: 1
[Step 3568] Action: 3
[Step 3582] Action: 2
[Step 3596] Action: 0
[Step 3610] Action: 3
[Step 3624] Action: 0
[Step 3638] Action: 0
[Step 3648] Action: 3
[Step 3662] Action: 3
[Step 3672] Action: 1
[Step 3686] Action: 0
[Step 3700] Action: 3
[Step 3714] Action: 1
[Step 3728] Action: 1
[Step 3738] Action: 0
[Step 3752] Action: 2
[Step 3766] Action: 2
[Step 3776] Action: 1
[Step 3790] Action: 1
[Step 3800] Action: 2
[Step 3814] Action: 0
[Step 3828] Action: 0
[Step 3838] Action: 1
[Step 3852] Action: 2
[Step 3866] Action: 1
[Step 3880] Action: 3
[Step 3894] Action: 3
[Step 3904] Action: 1
[Step 3918] Action: 3
[Step 3932] Action: 2
[Step 3946] Action: 1
[Step 3960] Action: 0
[Step 3974] Action: 1
[Step 3988] Action: 1
[Step 3998] Action: 2
[Step 4012] Action: 0
[Step 4026] Action: 2
[Step 4040] Action: 1
[Step 4054] Action: 2
[Step 4068] Action: 3
[Step 4082] Action: 2
[Step 4096] Action: 0
[Step 4110] Action: 1
[Step 4124] Action: 0
[Step 4138] Action: 0
[Step 4148] Action: 1
[Step 4162] Action: 0
[Step 4176] Action: 2
[Step 4190] Action: 1
[Step 4204] Action: 2
[Step 4218] Action: 3
[Step 4232] Action: 3
[Step 4242] Action: 2
[Step 4256] Action: 2
[Step 4266] Action: 0
[Step 4280] Action: 2
[Step 4294] Action: 2
[Step 4304] Action: 3
[Step 4318] Action: 2
[Step 4332] Action: 2
[Step 4342] Action: 3
[Step 4356] Action: 2
[Step 4370] Action: 1
[Step 4384] Action: 1
[Step 4394] Action: 1
[Step 4404] Action: 3
[Step 4418] Action: 0
[Step 4432] Action: 2
[Step 4446] Action: 3
[Step 4460] Action: 1
[Step 4474] Action: 2
[Step 4488] Action: 2
[Step 4498] Action: 2
[Step 4508] Action: 1
[Step 4522] Action: 3
[Step 4536] Action: 1
[Step 4550] Action: 2
[Step 4564] Action: 2
[Step 4574] Action: 0
[Step 4588] Action: 2
[Step 4602] Action: 1
[Step 4616] Action: 2
[Step 4630] Action: 3
[Step 4644] Action: 1
[Step 4658] Action: 2
[Step 4672] Action: 3
[Step 4686] Action: 2
[Step 4700] Action: 2
[Step 4710] Action: 0
[Step 4724] Action: 2
[Step 4738] Action: 2
[Step 4748] Action: 0
[Step 4762] Action: 2
[Step 4776] Action: 1
[Step 4790] Action: 0
[Step 4804] Action: 3
[Step 4818] Action: 3
[Step 4828] Action: 2
[Step 4842] Action: 0
[Step 4856] Action: 2
[Step 4870] Action: 2
[Step 4880] Action: 2
[Step 4890] Action: 2
[Step 4900] Action: 0
[Step 4914] Action: 1
[Step 4928] Action: 3
[Step 4942] Action: 2
[Step 4956] Action: 2
[Step 4966] Action: 0
[Step 4980] Action: 1
[Step 4994] Action: 2
[Step 5008] Action: 0
[Step 5022] Action: 2
[Step 5036] Action: 1
[Step 5050] Action: 2
[Step 5064] Action: 1
[Step 5078] Action: 3
[Step 5092] Action: 0
[Step 5106] Action: 2
[Step 5120] Action: 2
[Step 5130] Action: 3
[Step 5144] Action: 1
[Step 5158] Action: 2
[Step 5172] Action: 2
[Step 5182] Action: 0
[Step 5196] Action: 3
[Step 5210] Action: 0
[Step 5224] Action: 0
[Step 5234] Action: 1
[Step 5248] Action: 0
[Step 5262] Action: 3
[Step 5276] Action: 0
[Step 5290] Action: 1
[Step 5304] Action: 2
[Step 5318] Action: 3
[Step 5332] Action: 1
[Step 5346] Action: 2
[Step 5360] Action: 1
[Step 5374] Action: 1
[Step 5384] Action: 0
[Step 5398] Action: 2
