[Step 0] Action: 3
[Step 10] Action: 0
[Step 24] Action: 3
[Step 38] Action: 2
[Step 52] Action: 0
[Step 66] Action: 3
[Step 80] Action: 2
[Step 94] Action: 1
[Step 108] Action: 3
[Step 122] Action: 1
[Step 136] Action: 3
[Step 150] Action: 0
[Step 164] Action: 3
[Step 178] Action: 0
[Step 192] Action: 0
[Step 202] Action: 0
[Step 212] Action: 3
[Step 226] Action: 3
[Step 236] Action: 3
[Step 246] Action: 3
[Step 256] Action: 0
[Step 270] Action: 0
[Step 280] Action: 0
[Step 290] Action: 2
[Step 304] Action: 2
[Step 314] Action: 2
[Step 324] Action: 2
[Step 334] Action: 3
[Step 348] Action: 1
[Step 362] Action: 3
[Step 376] Action: 3
[Step 386] Action: 0
[Step 400] Action: 3
[Step 414] Action: 2
[Step 428] Action: 2
[Step 438] Action: 2
[Step 448] Action: 2
[Step 458] Action: 2
[Step 468] Action: 0
[Step 482] Action: 0
[Step 492] Action: 3
[Step 506] Action: 3
[Step 516] Action: 2
[Step 530] Action: 0
[Step 544] Action: 2
[Step 558] Action: 0
[Step 572] Action: 0
[Step 582] Action: 2
[Step 596] Action: 2
[Step 606] Action: 3
[Step 620] Action: 0
[Step 634] Action: 0
[Step 644] Action: 3
[Step 658] Action: 2
[Step 672] Action: 3
[Step 686] Action: 3
[Step 696] Action: 3
[Step 706] Action: 2
[Step 720] Action: 3
[Step 734] Action: 3
[Step 744] Action: 2
[Step 758] Action: 2
[Step 768] Action: 2
[Step 778] Action: 1
[Step 792] Action: 3
[Step 806] Action: 0
[Step 820] Action: 0
[Step 830] Action: 3
[Step 844] Action: 3
[Step 854] Action: 2
[Step 868] Action: 0
[Step 882] Action: 3
[Step 896] Action: 3
[Step 906] Action: 2
[Step 920] Action: 2
[Step 930] Action: 0
[Step 944] Action: 2
[Step 958] Action: 2
[Step 968] Action: 0
[Step 982] Action: 1
[Step 996] Action: 2
[Step 1010] Action: 3
[Step 1024] Action: 0
[Step 1038] Action: 0
[Step 1048] Action: 3
[Step 1062] Action: 2
[Step 1076] Action: 2
[Step 1086] Action: 0
[Step 1100] Action: 1
[Step 1114] Action: 3
[Step 1128] Action: 2
[Step 1142] Action: 2
[Step 1152] Action: 2
[Step 1162] Action: 0
[Step 1176] Action: 2
[Step 1190] Action: 2
[Step 1200] Action: 1
[Step 1214] Action: 2
[Step 1228] Action: 1
[Step 1242] Action: 0
[Step 1256] Action: 0
[Step 1266] Action: 2
[Step 1280] Action: 2
[Step 1290] Action: 2
[Step 1300] Action: 3
[Step 1314] Action: 0
[Step 1328] Action: 3
[Step 1342] Action: 0
[Step 1356] Action: 0
[Step 1366] Action: 0
[Step 1376] Action: 1
[Step 1390] Action: 2
[Step 1404] Action: 1
[Step 1418] Action: 2
[Step 1432] Action: 2
[Step 1442] Action: 0
[Step 1456] Action: 3
[Step 1470] Action: 3
[Step 1480] Action: 3
[Step 1490] Action: 1
[Step 1504] Action: 2
[Step 1518] Action: 2
[Step 1528] Action: 2
[Step 1538] Action: 1
[Step 1552] Action: 2
[Step 1566] Action: 2
[Step 1576] Action: 2
[Step 1586] Action: 0
[Step 1600] Action: 2
[Step 1614] Action: 2
[Step 1624] Action: 2
[Step 1634] Action: 2
[Step 1644] Action: 2
[Step 1654] Action: 3
[Step 1668] Action: 2
[Step 1682] Action: 3
[Step 1696] Action: 3
[Step 1706] Action: 0
[Step 1720] Action: 2
[Step 1734] Action: 1
[Step 1748] Action: 2
[Step 1762] Action: 0
[Step 1776] Action: 3
[Step 1790] Action: 3
[Step 1800] Action: 2
[Step 1814] Action: 2
[Step 1824] Action: 2
[Step 1834] Action: 3
[Step 1848] Action: 2
[Step 1862] Action: 2
[Step 1872] Action: 2
[Step 1882] Action: 1
[Step 1896] Action: 1
[Step 1906] Action: 0
[Step 1920] Action: 2
[Step 1934] Action: 3
[Step 1948] Action: 0
[Step 1962] Action: 1
[Step 1976] Action: 0
[Step 1990] Action: 1
[Step 2004] Action: 3
[Step 2018] Action: 1
[Step 2032] Action: 1
[Step 2042] Action: 0
[Step 2056] Action: 3
[Step 2070] Action: 0
[Step 2084] Action: 2
[Step 2098] Action: 0
[Step 2112] Action: 0
[Step 2122] Action: 2
[Step 2136] Action: 0
[Step 2150] Action: 2
[Step 2164] Action: 0
[Step 2178] Action: 0
[Step 2188] Action: 2
[Step 2202] Action: 3
[Step 2216] Action: 3
[Step 2226] Action: 2
[Step 2240] Action: 3
[Step 2254] Action: 3
[Step 2264] Action: 2
[Step 2278] Action: 3
[Step 2292] Action: 3
[Step 2302] Action: 3
[Step 2312] Action: 0
[Step 2326] Action: 3
[Step 2340] Action: 3
[Step 2350] Action: 1
[Step 2364] Action: 2
[Step 2378] Action: 2
[Step 2388] Action: 2
[Step 2398] Action: 2
[Step 2408] Action: 2
[Step 2418] Action: 2
[Step 2428] Action: 2
[Step 2438] Action: 2
[Step 2448] Action: 3
[Step 2462] Action: 2
[Step 2476] Action: 3
[Step 2490] Action: 0
[Step 2504] Action: 2
[Step 2518] Action: 0
[Step 2532] Action: 0
[Step 2542] Action: 1
[Step 2556] Action: 2
[Step 2570] Action: 3
[Step 2584] Action: 2
[Step 2598] Action: 0
[Step 2612] Action: 0
[Step 2622] Action: 3
[Step 2636] Action: 1
[Step 2650] Action: 2
[Step 2664] Action: 0
[Step 2678] Action: 2
[Step 2692] Action: 0
[Step 2706] Action: 3
[Step 2720] Action: 0
[Step 2734] Action: 0
[Step 2744] Action: 0
[Step 2754] Action: 2
[Step 2768] Action: 1
[Step 2782] Action: 2
[Step 2796] Action: 1
[Step 2810] Action: 3
[Step 2824] Action: 3
[Step 2834] Action: 3
[Step 2844] Action: 0
[Step 2858] Action: 0
[Step 2868] Action: 0
[Step 2878] Action: 3
[Step 2892] Action: 0
[Step 2906] Action: 2
[Step 2920] Action: 2
[Step 2930] Action: 1
[Step 2944] Action: 2
[Step 2958] Action: 2
[Step 2968] Action: 2
[Step 2978] Action: 0
[Step 2992] Action: 3
[Step 3006] Action: 2
[Step 3020] Action: 3
[Step 3034] Action: 0
[Step 3048] Action: 3
[Step 3062] Action: 3
[Step 3072] Action: 1
[Step 3086] Action: 0
[Step 3100] Action: 0
[Step 3110] Action: 0
[Step 3120] Action: 1
[Step 3134] Action: 2
[Step 3148] Action: 0
[Step 3162] Action: 3
[Step 3176] Action: 1
[Step 3190] Action: 3
[Step 3204] Action: 0
[Step 3218] Action: 1
[Step 3232] Action: 2
[Step 3246] Action: 2
[Step 3256] Action: 3
[Step 3270] Action: 1
[Step 3284] Action: 0
[Step 3298] Action: 3
[Step 3312] Action: 0
[Step 3326] Action: 3
[Step 3340] Action: 2
[Step 3354] Action: 3
[Step 3368] Action: 1
[Step 3382] Action: 1
[Step 3392] Action: 3
[Step 3406] Action: 0
[Step 3420] Action: 3
[Step 3434] Action: 2
[Step 3448] Action: 0
[Step 3462] Action: 3
[Step 3476] Action: 3
[Step 3486] Action: 0
[Step 3500] Action: 3
[Step 3514] Action: 3
[Step 3524] Action: 2
[Step 3538] Action: 0
[Step 3552] Action: 0
[Step 3562] Action: 0
[Step 3572] Action: 2
[Step 3586] Action: 2
[Step 3596] Action: 3
[Step 3610] Action: 3
[Step 3620] Action: 3
[Step 3630] Action: 1
[Step 3644] Action: 0
[Step 3658] Action: 1
[Step 3672] Action: 0
[Step 3686] Action: 3
[Step 3700] Action: 3
[Step 3710] Action: 0
[Step 3724] Action: 3
[Step 3738] Action: 3
[Step 3748] Action: 0
[Step 3762] Action: 3
[Step 3776] Action: 1
[Step 3790] Action: 0
[Step 3804] Action: 3
[Step 3818] Action: 1
[Step 3832] Action: 0
[Step 3846] Action: 0
[Step 3856] Action: 3
[Step 3870] Action: 0
[Step 3884] Action: 0
[Step 3894] Action: 2
[Step 3908] Action: 2
[Step 3918] Action: 0
[Step 3932] Action: 3
[Step 3946] Action: 0
[Step 3960] Action: 1
[Step 3974] Action: 3
[Step 3988] Action: 0
[Step 4002] Action: 3
[Step 4016] Action: 0
[Step 4030] Action: 3
[Step 4044] Action: 0
[Step 4058] Action: 3
[Step 4072] Action: 0
[Step 4086] Action: 3
[Step 4100] Action: 0
[Step 4114] Action: 2
[Step 4128] Action: 2
[Step 4138] Action: 0
[Step 4152] Action: 3
[Step 4166] Action: 0
[Step 4180] Action: 3
[Step 4194] Action: 0
[Step 4208] Action: 3
[Step 4222] Action: 3
[Step 4232] Action: 0
[Step 4246] Action: 2
[Step 4260] Action: 1
[Step 4274] Action: 3
[Step 4288] Action: 3
[Step 4298] Action: 1
[Step 4312] Action: 0
[Step 4326] Action: 1
[Step 4340] Action: 0
[Step 4354] Action: 3
[Step 4368] Action: 1
[Step 4382] Action: 0
[Step 4396] Action: 0
[Step 4406] Action: 2
[Step 4420] Action: 3
[Step 4434] Action: 0
[Step 4448] Action: 3
[Step 4462] Action: 0
[Step 4476] Action: 3
[Step 4490] Action: 0
[Step 4504] Action: 3
[Step 4518] Action: 0
[Step 4532] Action: 3
[Step 4546] Action: 3
[Step 4556] Action: 2
[Step 4570] Action: 0
[Step 4584] Action: 1
[Step 4598] Action: 0
[Step 4612] Action: 1
[Step 4626] Action: 0
[Step 4640] Action: 3
[Step 4654] Action: 3
[Step 4664] Action: 2
[Step 4678] Action: 3
[Step 4692] Action: 3
[Step 4702] Action: 1
[Step 4716] Action: 0
[Step 4730] Action: 3
[Step 4744] Action: 2
[Step 4758] Action: 0
[Step 4772] Action: 0
[Step 4782] Action: 3
[Step 4796] Action: 3
[Step 4806] Action: 0
[Step 4820] Action: 2
[Step 4834] Action: 1
[Step 4848] Action: 0
[Step 4862] Action: 2
[Step 4876] Action: 0
[Step 4890] Action: 3
[Step 4904] Action: 0
[Step 4918] Action: 2
[Step 4932] Action: 3
[Step 4946] Action: 3
[Step 4956] Action: 3
[Step 4966] Action: 0
[Step 4980] Action: 0
[Step 4990] Action: 1
[Step 5004] Action: 0
[Step 5018] Action: 1
[Step 5032] Action: 0
[Step 5046] Action: 0
[Step 5056] Action: 3
[Step 5070] Action: 1
[Step 5084] Action: 2
[Step 5098] Action: 3
[Step 5112] Action: 1
[Step 5126] Action: 1
[Step 5136] Action: 1
[Step 5146] Action: 1
[Step 5156] Action: 1
[Step 5166] Action: 3
[Step 5180] Action: 0
[Step 5194] Action: 3
[Step 5208] Action: 0
[Step 5222] Action: 1
[Step 5236] Action: 0
[Step 5250] Action: 3
[Step 5264] Action: 0
[Step 5278] Action: 2
[Step 5292] Action: 0
[Step 5306] Action: 3
[Step 5320] Action: 0
[Step 5334] Action: 3
[Step 5348] Action: 3
[Step 5358] Action: 3
[Step 5368] Action: 0
[Step 5382] Action: 3
[Step 5396] Action: 3
