[Step 0] Action: 2
[Step 10] Action: 1
[Step 24] Action: 1
[Step 34] Action: 2
[Step 48] Action: 1
[Step 62] Action: 0
[Step 76] Action: 1
[Step 90] Action: 2
[Step 104] Action: 2
[Step 114] Action: 3
[Step 128] Action: 2
[Step 142] Action: 1
[Step 156] Action: 3
[Step 170] Action: 2
[Step 184] Action: 2
[Step 194] Action: 2
[Step 204] Action: 2
[Step 214] Action: 2
[Step 224] Action: 0
[Step 238] Action: 3
[Step 252] Action: 0
[Step 266] Action: 2
[Step 280] Action: 0
[Step 294] Action: 2
[Step 308] Action: 0
[Step 322] Action: 2
[Step 336] Action: 1
[Step 350] Action: 2
[Step 364] Action: 2
[Step 374] Action: 0
[Step 388] Action: 0
[Step 398] Action: 0
[Step 408] Action: 0
[Step 418] Action: 0
[Step 428] Action: 0
[Step 438] Action: 2
[Step 452] Action: 2
[Step 462] Action: 0
[Step 476] Action: 2
[Step 490] Action: 2
[Step 500] Action: 2
[Step 510] Action: 1
[Step 524] Action: 1
[Step 534] Action: 2
[Step 548] Action: 2
[Step 558] Action: 1
[Step 572] Action: 2
[Step 586] Action: 2
[Step 596] Action: 2
[Step 606] Action: 1
[Step 620] Action: 2
[Step 634] Action: 3
[Step 648] Action: 3
[Step 658] Action: 3
[Step 668] Action: 0
[Step 682] Action: 2
[Step 696] Action: 3
[Step 710] Action: 2
[Step 724] Action: 2
[Step 734] Action: 3
[Step 748] Action: 2
[Step 762] Action: 2
[Step 772] Action: 0
[Step 786] Action: 1
[Step 800] Action: 2
[Step 814] Action: 2
[Step 824] Action: 1
[Step 838] Action: 3
[Step 852] Action: 3
[Step 862] Action: 0
[Step 876] Action: 0
[Step 886] Action: 3
[Step 900] Action: 2
[Step 914] Action: 2
[Step 924] Action: 1
[Step 938] Action: 1
[Step 948] Action: 2
[Step 962] Action: 3
[Step 976] Action: 1
[Step 990] Action: 1
[Step 1000] Action: 2
[Step 1014] Action: 2
[Step 1024] Action: 1
[Step 1038] Action: 1
[Step 1048] Action: 2
[Step 1062] Action: 2
[Step 1072] Action: 1
[Step 1086] Action: 0
[Step 1100] Action: 2
[Step 1114] Action: 3
[Step 1128] Action: 0
[Step 1142] Action: 3
[Step 1156] Action: 1
[Step 1170] Action: 1
[Step 1180] Action: 0
[Step 1194] Action: 2
[Step 1208] Action: 0
[Step 1222] Action: 2
[Step 1236] Action: 2
[Step 1246] Action: 2
[Step 1256] Action: 0
[Step 1270] Action: 3
[Step 1284] Action: 2
[Step 1298] Action: 0
[Step 1312] Action: 0
[Step 1322] Action: 3
[Step 1336] Action: 0
[Step 1350] Action: 2
[Step 1364] Action: 2
[Step 1374] Action: 0
[Step 1388] Action: 0
[Step 1398] Action: 3
[Step 1412] Action: 2
[Step 1426] Action: 3
[Step 1440] Action: 2
[Step 1454] Action: 2
[Step 1464] Action: 0
[Step 1478] Action: 2
[Step 1492] Action: 0
[Step 1506] Action: 1
[Step 1520] Action: 0
[Step 1534] Action: 1
[Step 1548] Action: 2
[Step 1562] Action: 1
[Step 1576] Action: 0
[Step 1590] Action: 0
[Step 1600] Action: 3
[Step 1614] Action: 1
[Step 1628] Action: 1
[Step 1638] Action: 3
[Step 1652] Action: 2
[Step 1666] Action: 0
[Step 1680] Action: 2
[Step 1694] Action: 2
[Step 1704] Action: 0
[Step 1718] Action: 3
[Step 1732] Action: 0
[Step 1746] Action: 2
[Step 1760] Action: 0
[Step 1774] Action: 2
[Step 1788] Action: 3
[Step 1802] Action: 2
[Step 1816] Action: 0
[Step 1830] Action: 1
[Step 1844] Action: 3
[Step 1858] Action: 3
[Step 1868] Action: 3
[Step 1878] Action: 1
[Step 1892] Action: 3
[Step 1906] Action: 0
[Step 1920] Action: 1
[Step 1934] Action: 1
[Step 1944] Action: 2
[Step 1958] Action: 2
[Step 1968] Action: 2
[Step 1978] Action: 0
[Step 1992] Action: 3
[Step 2006] Action: 3
[Step 2016] Action: 1
[Step 2030] Action: 2
[Step 2044] Action: 1
[Step 2058] Action: 2
[Step 2072] Action: 1
[Step 2086] Action: 3
[Step 2100] Action: 0
[Step 2114] Action: 0
[Step 2124] Action: 0
[Step 2134] Action: 0
[Step 2144] Action: 2
[Step 2158] Action: 2
[Step 2168] Action: 3
[Step 2182] Action: 1
[Step 2196] Action: 0
[Step 2210] Action: 1
[Step 2224] Action: 0
[Step 2238] Action: 1
[Step 2252] Action: 1
[Step 2262] Action: 1
[Step 2272] Action: 2
[Step 2286] Action: 3
[Step 2300] Action: 2
[Step 2314] Action: 3
[Step 2328] Action: 2
[Step 2342] Action: 2
[Step 2352] Action: 0
[Step 2366] Action: 2
[Step 2380] Action: 1
[Step 2394] Action: 1
[Step 2404] Action: 2
[Step 2418] Action: 1
[Step 2432] Action: 3
[Step 2446] Action: 1
[Step 2460] Action: 2
[Step 2474] Action: 2
[Step 2484] Action: 0
[Step 2498] Action: 2
[Step 2512] Action: 2
[Step 2522] Action: 2
[Step 2532] Action: 1
[Step 2546] Action: 2
[Step 2560] Action: 2
[Step 2570] Action: 2
[Step 2580] Action: 1
[Step 2594] Action: 2
[Step 2608] Action: 0
[Step 2622] Action: 2
[Step 2636] Action: 2
[Step 2646] Action: 1
[Step 2660] Action: 0
[Step 2674] Action: 2
[Step 2688] Action: 1
[Step 2702] Action: 1
[Step 2712] Action: 3
[Step 2726] Action: 2
[Step 2740] Action: 2
[Step 2750] Action: 0
[Step 2764] Action: 2
[Step 2778] Action: 2
[Step 2788] Action: 1
[Step 2802] Action: 1
[Step 2812] Action: 0
[Step 2826] Action: 3
[Step 2840] Action: 0
[Step 2854] Action: 2
[Step 2868] Action: 2
[Step 2878] Action: 1
[Step 2892] Action: 1
[Step 2902] Action: 1
[Step 2912] Action: 1
[Step 2922] Action: 2
[Step 2936] Action: 2
[Step 2946] Action: 2
[Step 2956] Action: 3
[Step 2970] Action: 2
[Step 2984] Action: 2
[Step 2994] Action: 2
[Step 3004] Action: 3
[Step 3018] Action: 3
[Step 3028] Action: 1
[Step 3042] Action: 2
[Step 3056] Action: 1
[Step 3070] Action: 1
[Step 3080] Action: 1
[Step 3090] Action: 3
[Step 3104] Action: 3
[Step 3114] Action: 0
[Step 3128] Action: 0
[Step 3138] Action: 2
[Step 3152] Action: 0
[Step 3166] Action: 3
[Step 3180] Action: 2
[Step 3194] Action: 2
[Step 3204] Action: 3
[Step 3218] Action: 2
[Step 3232] Action: 1
[Step 3246] Action: 2
[Step 3260] Action: 2
[Step 3270] Action: 3
[Step 3284] Action: 3
[Step 3294] Action: 1
[Step 3308] Action: 1
[Step 3318] Action: 3
[Step 3332] Action: 0
[Step 3346] Action: 3
[Step 3360] Action: 2
[Step 3374] Action: 2
[Step 3384] Action: 1
[Step 3398] Action: 2
[Step 3412] Action: 0
[Step 3426] Action: 2
[Step 3440] Action: 0
[Step 3454] Action: 0
[Step 3464] Action: 3
[Step 3478] Action: 2
[Step 3492] Action: 0
[Step 3506] Action: 3
[Step 3520] Action: 2
[Step 3534] Action: 2
[Step 3544] Action: 0
[Step 3558] Action: 2
[Step 3572] Action: 2
[Step 3582] Action: 2
[Step 3592] Action: 0
[Step 3606] Action: 1
[Step 3620] Action: 3
[Step 3634] Action: 3
[Step 3644] Action: 1
[Step 3658] Action: 2
[Step 3672] Action: 0
[Step 3686] Action: 3
[Step 3700] Action: 2
[Step 3714] Action: 1
[Step 3728] Action: 3
[Step 3742] Action: 0
[Step 3756] Action: 3
[Step 3770] Action: 0
[Step 3784] Action: 1
[Step 3798] Action: 2
[Step 3812] Action: 1
[Step 3826] Action: 2
[Step 3840] Action: 3
[Step 3854] Action: 1
[Step 3868] Action: 2
[Step 3882] Action: 2
[Step 3892] Action: 3
[Step 3906] Action: 1
[Step 3920] Action: 1
[Step 3930] Action: 3
[Step 3944] Action: 3
[Step 3954] Action: 0
[Step 3968] Action: 1
[Step 3982] Action: 2
[Step 3996] Action: 2
[Step 4006] Action: 0
[Step 4020] Action: 0
[Step 4030] Action: 1
[Step 4044] Action: 1
[Step 4054] Action: 0
[Step 4068] Action: 1
[Step 4082] Action: 1
[Step 4092] Action: 2
[Step 4106] Action: 3
[Step 4120] Action: 2
[Step 4134] Action: 2
[Step 4144] Action: 2
[Step 4154] Action: 0
[Step 4168] Action: 3
[Step 4182] Action: 0
[Step 4196] Action: 1
[Step 4210] Action: 2
[Step 4224] Action: 2
[Step 4234] Action: 2
[Step 4244] Action: 0
[Step 4258] Action: 1
[Step 4272] Action: 0
[Step 4286] Action: 2
[Step 4300] Action: 1
[Step 4314] Action: 0
[Step 4328] Action: 0
[Step 4338] Action: 2
[Step 4352] Action: 2
[Step 4362] Action: 2
[Step 4372] Action: 1
[Step 4386] Action: 1
[Step 4396] Action: 2
[Step 4410] Action: 3
[Step 4424] Action: 0
[Step 4438] Action: 3
[Step 4452] Action: 1
[Step 4466] Action: 2
[Step 4480] Action: 3
[Step 4494] Action: 1
[Step 4508] Action: 2
[Step 4522] Action: 3
[Step 4536] Action: 0
[Step 4550] Action: 3
[Step 4564] Action: 3
[Step 4574] Action: 2
[Step 4588] Action: 1
[Step 4602] Action: 2
[Step 4616] Action: 2
[Step 4626] Action: 3
[Step 4640] Action: 0
[Step 4654] Action: 2
[Step 4668] Action: 2
[Step 4678] Action: 3
[Step 4692] Action: 2
[Step 4706] Action: 2
[Step 4716] Action: 2
[Step 4726] Action: 2
[Step 4736] Action: 1
[Step 4750] Action: 2
[Step 4764] Action: 2
[Step 4774] Action: 3
[Step 4788] Action: 1
[Step 4802] Action: 2
[Step 4816] Action: 3
[Step 4830] Action: 2
[Step 4844] Action: 3
[Step 4858] Action: 2
[Step 4872] Action: 2
[Step 4882] Action: 1
[Step 4896] Action: 3
[Step 4910] Action: 2
[Step 4924] Action: 0
[Step 4938] Action: 1
[Step 4952] Action: 2
[Step 4966] Action: 2
[Step 4976] Action: 0
[Step 4990] Action: 0
[Step 5000] Action: 2
[Step 5014] Action: 1
[Step 5028] Action: 1
[Step 5038] Action: 0
[Step 5052] Action: 0
[Step 5062] Action: 0
[Step 5072] Action: 2
[Step 5086] Action: 0
[Step 5100] Action: 3
[Step 5114] Action: 2
[Step 5128] Action: 3
[Step 5142] Action: 0
[Step 5156] Action: 2
[Step 5170] Action: 1
[Step 5184] Action: 0
[Step 5198] Action: 2
[Step 5212] Action: 2
[Step 5222] Action: 2
[Step 5232] Action: 1
[Step 5246] Action: 0
[Step 5260] Action: 3
[Step 5274] Action: 3
[Step 5284] Action: 2
[Step 5298] Action: 3
[Step 5312] Action: 2
[Step 5326] Action: 0
[Step 5340] Action: 3
[Step 5354] Action: 2
[Step 5368] Action: 2
[Step 5378] Action: 0
[Step 5392] Action: 2
