[Step 0] Action: 3
[Step 10] Action: 3
[Step 20] Action: 3
[Step 30] Action: 0
[Step 44] Action: 3
[Step 58] Action: 1
[Step 72] Action: 3
[Step 86] Action: 2
[Step 100] Action: 1
[Step 114] Action: 2
[Step 128] Action: 0
[Step 142] Action: 2
[Step 156] Action: 0
[Step 170] Action: 3
[Step 184] Action: 0
[Step 198] Action: 2
[Step 212] Action: 2
[Step 222] Action: 1
[Step 236] Action: 3
[Step 250] Action: 3
[Step 260] Action: 2
[Step 274] Action: 3
[Step 288] Action: 3
[Step 298] Action: 3
[Step 308] Action: 2
[Step 322] Action: 2
[Step 332] Action: 1
[Step 346] Action: 2
[Step 360] Action: 2
[Step 370] Action: 2
[Step 380] Action: 2
[Step 390] Action: 0
[Step 404] Action: 3
[Step 418] Action: 2
[Step 432] Action: 2
[Step 442] Action: 2
[Step 452] Action: 3
[Step 466] Action: 0
[Step 480] Action: 2
[Step 494] Action: 3
[Step 508] Action: 2
[Step 522] Action: 2
[Step 532] Action: 3
[Step 546] Action: 1
[Step 560] Action: 3
[Step 574] Action: 2
[Step 588] Action: 1
[Step 602] Action: 3
[Step 616] Action: 2
[Step 630] Action: 2
[Step 640] Action: 0
[Step 654] Action: 2
[Step 668] Action: 0
[Step 682] Action: 3
[Step 696] Action: 2
[Step 710] Action: 1
[Step 724] Action: 2
[Step 738] Action: 2
[Step 748] Action: 3
[Step 762] Action: 2
[Step 776] Action: 1
[Step 790] Action: 2
[Step 804] Action: 2
[Step 814] Action: 0
[Step 828] Action: 2
[Step 842] Action: 2
[Step 852] Action: 2
[Step 862] Action: 2
[Step 872] Action: 2
[Step 882] Action: 0
[Step 896] Action: 2
[Step 910] Action: 2
[Step 920] Action: 0
[Step 934] Action: 0
[Step 944] Action: 3
[Step 958] Action: 2
[Step 972] Action: 0
[Step 986] Action: 2
[Step 1000] Action: 1
[Step 1014] Action: 2
[Step 1028] Action: 2
[Step 1038] Action: 1
[Step 1052] Action: 2
[Step 1066] Action: 2
[Step 1076] Action: 2
[Step 1086] Action: 3
[Step 1100] Action: 2
[Step 1114] Action: 2
[Step 1124] Action: 2
[Step 1134] Action: 2
[Step 1144] Action: 2
[Step 1154] Action: 2
[Step 1164] Action: 3
[Step 1178] Action: 3
[Step 1188] Action: 2
[Step 1202] Action: 2
[Step 1212] Action: 2
[Step 1222] Action: 2
[Step 1232] Action: 2
[Step 1242] Action: 2
[Step 1252] Action: 2
[Step 1262] Action: 2
[Step 1272] Action: 2
[Step 1282] Action: 1
[Step 1296] Action: 2
[Step 1310] Action: 1
[Step 1324] Action: 2
[Step 1338] Action: 2
[Step 1348] Action: 2
[Step 1358] Action: 3
[Step 1372] Action: 2
[Step 1386] Action: 2
[Step 1396] Action: 2
[Step 1406] Action: 2
[Step 1416] Action: 2
[Step 1426] Action: 2
[Step 1436] Action: 2
[Step 1446] Action: 2
[Step 1456] Action: 2
[Step 1466] Action: 1
[Step 1480] Action: 2
[Step 1494] Action: 2
[Step 1504] Action: 2
[Step 1514] Action: 2
[Step 1524] Action: 2
[Step 1534] Action: 3
[Step 1548] Action: 1
[Step 1562] Action: 1
[Step 1572] Action: 2
[Step 1586] Action: 0
[Step 1600] Action: 2
[Step 1614] Action: 0
[Step 1628] Action: 0
[Step 1638] Action: 0
[Step 1648] Action: 2
[Step 1662] Action: 2
[Step 1672] Action: 2
[Step 1682] Action: 2
[Step 1692] Action: 1
[Step 1706] Action: 3
[Step 1720] Action: 3
[Step 1730] Action: 3
[Step 1740] Action: 1
[Step 1754] Action: 2
[Step 1768] Action: 2
[Step 1778] Action: 3
[Step 1792] Action: 2
[Step 1806] Action: 2
[Step 1816] Action: 3
[Step 1830] Action: 2
[Step 1844] Action: 3
[Step 1858] Action: 2
[Step 1872] Action: 2
[Step 1882] Action: 1
[Step 1896] Action: 2
[Step 1910] Action: 2
[Step 1920] Action: 2
[Step 1930] Action: 2
[Step 1940] Action: 2
[Step 1950] Action: 2
[Step 1960] Action: 2
[Step 1970] Action: 2
[Step 1980] Action: 2
[Step 1990] Action: 1
[Step 2004] Action: 2
[Step 2018] Action: 2
[Step 2028] Action: 2
[Step 2038] Action: 2
[Step 2048] Action: 2
[Step 2058] Action: 2
[Step 2068] Action: 2
[Step 2078] Action: 3
[Step 2092] Action: 1
[Step 2106] Action: 2
[Step 2120] Action: 2
[Step 2130] Action: 0
[Step 2144] Action: 0
[Step 2154] Action: 2
[Step 2168] Action: 0
[Step 2182] Action: 2
[Step 2196] Action: 2
[Step 2206] Action: 2
[Step 2216] Action: 2
[Step 2226] Action: 2
[Step 2236] Action: 2
[Step 2246] Action: 2
[Step 2256] Action: 2
[Step 2266] Action: 2
[Step 2276] Action: 2
[Step 2286] Action: 2
[Step 2296] Action: 2
[Step 2306] Action: 2
[Step 2316] Action: 3
[Step 2330] Action: 1
[Step 2344] Action: 3
[Step 2358] Action: 3
[Step 2368] Action: 2
[Step 2382] Action: 3
[Step 2396] Action: 3
[Step 2406] Action: 2
[Step 2420] Action: 2
[Step 2430] Action: 2
[Step 2440] Action: 0
[Step 2454] Action: 3
[Step 2468] Action: 2
[Step 2482] Action: 2
[Step 2492] Action: 2
[Step 2502] Action: 2
[Step 2512] Action: 2
[Step 2522] Action: 2
[Step 2532] Action: 2
[Step 2542] Action: 1
[Step 2556] Action: 2
[Step 2570] Action: 2
[Step 2580] Action: 2
[Step 2590] Action: 2
[Step 2600] Action: 2
[Step 2610] Action: 2
[Step 2620] Action: 2
[Step 2630] Action: 2
[Step 2640] Action: 2
[Step 2650] Action: 2
[Step 2660] Action: 3
[Step 2674] Action: 1
[Step 2688] Action: 1
[Step 2698] Action: 2
[Step 2712] Action: 3
[Step 2726] Action: 3
[Step 2736] Action: 2
[Step 2750] Action: 2
[Step 2760] Action: 2
[Step 2770] Action: 2
[Step 2780] Action: 2
[Step 2790] Action: 2
[Step 2800] Action: 1
[Step 2814] Action: 2
[Step 2828] Action: 1
[Step 2842] Action: 2
[Step 2856] Action: 2
[Step 2866] Action: 2
[Step 2876] Action: 2
[Step 2886] Action: 0
[Step 2900] Action: 2
[Step 2914] Action: 2
[Step 2924] Action: 3
[Step 2938] Action: 2
[Step 2952] Action: 2
[Step 2962] Action: 0
[Step 2976] Action: 0
[Step 2986] Action: 3
[Step 3000] Action: 3
[Step 3010] Action: 0
[Step 3024] Action: 3
[Step 3038] Action: 0
[Step 3052] Action: 2
[Step 3066] Action: 2
[Step 3076] Action: 2
[Step 3086] Action: 3
[Step 3100] Action: 1
[Step 3114] Action: 2
[Step 3128] Action: 2
[Step 3138] Action: 1
[Step 3152] Action: 3
[Step 3166] Action: 2
[Step 3180] Action: 2
[Step 3190] Action: 2
[Step 3200] Action: 2
[Step 3210] Action: 1
[Step 3224] Action: 2
[Step 3238] Action: 2
[Step 3248] Action: 1
[Step 3262] Action: 2
[Step 3276] Action: 2
[Step 3286] Action: 2
[Step 3296] Action: 3
[Step 3310] Action: 2
[Step 3324] Action: 2
[Step 3334] Action: 1
[Step 3348] Action: 3
[Step 3362] Action: 2
[Step 3376] Action: 2
[Step 3386] Action: 0
[Step 3400] Action: 2
[Step 3414] Action: 3
[Step 3428] Action: 3
[Step 3438] Action: 3
[Step 3448] Action: 3
[Step 3458] Action: 3
[Step 3468] Action: 1
[Step 3482] Action: 3
[Step 3496] Action: 3
[Step 3506] Action: 3
[Step 3516] Action: 0
[Step 3530] Action: 1
[Step 3544] Action: 0
[Step 3558] Action: 3
[Step 3572] Action: 0
[Step 3586] Action: 2
[Step 3600] Action: 2
[Step 3610] Action: 0
[Step 3624] Action: 0
[Step 3634] Action: 1
[Step 3648] Action: 3
[Step 3662] Action: 3
[Step 3672] Action: 3
[Step 3682] Action: 0
[Step 3696] Action: 3
[Step 3710] Action: 3
[Step 3720] Action: 3
[Step 3730] Action: 0
[Step 3744] Action: 3
[Step 3758] Action: 2
[Step 3772] Action: 0
[Step 3786] Action: 1
[Step 3800] Action: 0
[Step 3814] Action: 1
[Step 3828] Action: 0
[Step 3842] Action: 3
[Step 3856] Action: 3
[Step 3866] Action: 3
[Step 3876] Action: 1
[Step 3890] Action: 3
[Step 3904] Action: 3
[Step 3914] Action: 3
[Step 3924] Action: 3
[Step 3934] Action: 3
[Step 3944] Action: 0
[Step 3958] Action: 3
[Step 3972] Action: 0
[Step 3986] Action: 0
[Step 3996] Action: 3
[Step 4010] Action: 3
[Step 4020] Action: 3
[Step 4030] Action: 3
[Step 4040] Action: 0
[Step 4054] Action: 3
[Step 4068] Action: 0
[Step 4082] Action: 3
[Step 4096] Action: 0
[Step 4110] Action: 3
[Step 4124] Action: 0
[Step 4138] Action: 2
[Step 4152] Action: 3
[Step 4166] Action: 2
[Step 4180] Action: 0
[Step 4194] Action: 3
[Step 4208] Action: 3
[Step 4218] Action: 3
[Step 4228] Action: 1
[Step 4242] Action: 3
[Step 4256] Action: 1
[Step 4270] Action: 3
[Step 4284] Action: 3
[Step 4294] Action: 3
[Step 4304] Action: 3
[Step 4314] Action: 3
[Step 4324] Action: 3
[Step 4334] Action: 3
[Step 4344] Action: 3
[Step 4354] Action: 3
[Step 4364] Action: 3
[Step 4374] Action: 3
[Step 4384] Action: 3
[Step 4394] Action: 3
[Step 4404] Action: 0
[Step 4418] Action: 3
[Step 4432] Action: 0
[Step 4446] Action: 3
[Step 4460] Action: 3
[Step 4470] Action: 3
[Step 4480] Action: 0
[Step 4494] Action: 3
[Step 4508] Action: 1
[Step 4522] Action: 1
[Step 4532] Action: 3
[Step 4546] Action: 3
[Step 4556] Action: 3
[Step 4566] Action: 3
[Step 4576] Action: 3
[Step 4586] Action: 3
[Step 4596] Action: 0
[Step 4610] Action: 3
[Step 4624] Action: 0
[Step 4638] Action: 3
[Step 4652] Action: 3
[Step 4662] Action: 1
[Step 4676] Action: 3
[Step 4690] Action: 3
[Step 4700] Action: 3
[Step 4710] Action: 3
[Step 4720] Action: 3
[Step 4730] Action: 3
[Step 4740] Action: 3
[Step 4750] Action: 2
[Step 4764] Action: 3
[Step 4778] Action: 3
[Step 4788] Action: 3
[Step 4798] Action: 3
[Step 4808] Action: 3
[Step 4818] Action: 3
[Step 4828] Action: 2
[Step 4842] Action: 2
[Step 4852] Action: 2
[Step 4862] Action: 0
[Step 4876] Action: 3
[Step 4890] Action: 3
[Step 4900] Action: 3
[Step 4910] Action: 3
[Step 4920] Action: 0
[Step 4934] Action: 3
[Step 4948] Action: 0
[Step 4962] Action: 3
[Step 4976] Action: 0
[Step 4990] Action: 0
[Step 5000] Action: 3
[Step 5014] Action: 3
[Step 5024] Action: 0
[Step 5038] Action: 2
[Step 5052] Action: 0
[Step 5066] Action: 3
[Step 5080] Action: 1
[Step 5094] Action: 3
[Step 5108] Action: 2
[Step 5122] Action: 3
[Step 5136] Action: 3
[Step 5146] Action: 1
[Step 5160] Action: 3
[Step 5174] Action: 0
[Step 5188] Action: 2
[Step 5202] Action: 2
[Step 5212] Action: 0
[Step 5226] Action: 3
[Step 5240] Action: 1
[Step 5254] Action: 0
[Step 5268] Action: 3
[Step 5282] Action: 0
[Step 5296] Action: 3
[Step 5310] Action: 0
[Step 5324] Action: 3
[Step 5338] Action: 1
[Step 5352] Action: 0
[Step 5366] Action: 3
[Step 5380] Action: 3
[Step 5390] Action: 0
