[Step 0] Action: 2
[Step 10] Action: 1
[Step 24] Action: 3
[Step 38] Action: 3
[Step 48] Action: 3
[Step 58] Action: 1
[Step 72] Action: 1
[Step 82] Action: 3
[Step 96] Action: 2
[Step 110] Action: 2
[Step 120] Action: 1
[Step 134] Action: 3
[Step 148] Action: 1
[Step 162] Action: 3
[Step 176] Action: 1
[Step 190] Action: 0
[Step 204] Action: 3
[Step 218] Action: 2
[Step 232] Action: 2
[Step 242] Action: 3
[Step 256] Action: 0
[Step 270] Action: 3
[Step 284] Action: 3
[Step 294] Action: 2
[Step 308] Action: 0
[Step 322] Action: 1
[Step 336] Action: 2
[Step 350] Action: 3
[Step 364] Action: 0
[Step 378] Action: 3
[Step 392] Action: 1
[Step 406] Action: 0
[Step 420] Action: 2
[Step 434] Action: 0
[Step 448] Action: 0
[Step 458] Action: 3
[Step 472] Action: 3
[Step 482] Action: 3
[Step 492] Action: 3
[Step 502] Action: 0
[Step 516] Action: 2
[Step 530] Action: 2
[Step 540] Action: 0
[Step 554] Action: 0
[Step 564] Action: 2
[Step 578] Action: 1
[Step 592] Action: 0
[Step 606] Action: 2
[Step 620] Action: 2
[Step 630] Action: 1
[Step 644] Action: 3
[Step 658] Action: 2
[Step 672] Action: 2
[Step 682] Action: 2
[Step 692] Action: 3
[Step 706] Action: 2
[Step 720] Action: 0
[Step 734] Action: 2
[Step 748] Action: 3
[Step 762] Action: 2
[Step 776] Action: 2
[Step 786] Action: 1
[Step 800] Action: 2
[Step 814] Action: 0
[Step 828] Action: 2
[Step 842] Action: 3
[Step 856] Action: 0
[Step 870] Action: 2
[Step 884] Action: 1
[Step 898] Action: 2
[Step 912] Action: 1
[Step 926] Action: 3
[Step 940] Action: 1
[Step 954] Action: 2
[Step 968] Action: 3
[Step 982] Action: 1
[Step 996] Action: 1
[Step 1006] Action: 0
[Step 1020] Action: 3
[Step 1034] Action: 1
[Step 1048] Action: 2
[Step 1062] Action: 3
[Step 1076] Action: 1
[Step 1090] Action: 2
[Step 1104] Action: 2
[Step 1114] Action: 0
[Step 1128] Action: 3
[Step 1142] Action: 2
[Step 1156] Action: 0
[Step 1170] Action: 1
[Step 1184] Action: 2
[Step 1198] Action: 2
[Step 1208] Action: 0
[Step 1222] Action: 1
[Step 1236] Action: 3
[Step 1250] Action: 3
[Step 1260] Action: 2
[Step 1274] Action: 2
[Step 1284] Action: 3
[Step 1298] Action: 2
[Step 1312] Action: 2
[Step 1322] Action: 2
[Step 1332] Action: 0
[Step 1346] Action: 0
[Step 1356] Action: 1
[Step 1370] Action: 0
[Step 1384] Action: 2
[Step 1398] Action: 2
[Step 1408] Action: 0
[Step 1422] Action: 2
[Step 1436] Action: 3
[Step 1450] Action: 2
[Step 1464] Action: 0
[Step 1478] Action: 2
[Step 1492] Action: 2
[Step 1502] Action: 2
[Step 1512] Action: 1
[Step 1526] Action: 3
[Step 1540] Action: 3
[Step 1550] Action: 2
[Step 1564] Action: 0
[Step 1578] Action: 2
[Step 1592] Action: 2
[Step 1602] Action: 2
[Step 1612] Action: 0
[Step 1626] Action: 1
[Step 1640] Action: 0
[Step 1654] Action: 1
[Step 1668] Action: 3
[Step 1682] Action: 2
[Step 1696] Action: 0
[Step 1710] Action: 3
[Step 1724] Action: 2
[Step 1738] Action: 2
[Step 1748] Action: 2
[Step 1758] Action: 3
[Step 1772] Action: 2
[Step 1786] Action: 2
[Step 1796] Action: 1
[Step 1810] Action: 0
[Step 1824] Action: 2
[Step 1838] Action: 2
[Step 1848] Action: 3
[Step 1862] Action: 1
[Step 1876] Action: 3
[Step 1890] Action: 2
[Step 1904] Action: 3
[Step 1918] Action: 2
[Step 1932] Action: 2
[Step 1942] Action: 0
[Step 1956] Action: 2
[Step 1970] Action: 2
[Step 1980] Action: 2
[Step 1990] Action: 3
[Step 2004] Action: 2
[Step 2018] Action: 3
[Step 2032] Action: 1
[Step 2046] Action: 2
[Step 2060] Action: 0
[Step 2074] Action: 0
[Step 2084] Action: 0
[Step 2094] Action: 2
[Step 2108] Action: 2
[Step 2118] Action: 2
[Step 2128] Action: 3
[Step 2142] Action: 3
[Step 2152] Action: 3
[Step 2162] Action: 2
[Step 2176] Action: 2
[Step 2186] Action: 0
[Step 2200] Action: 2
[Step 2214] Action: 3
[Step 2228] Action: 2
[Step 2242] Action: 2
[Step 2252] Action: 2
[Step 2262] Action: 2
[Step 2272] Action: 2
[Step 2282] Action: 0
[Step 2296] Action: 3
[Step 2310] Action: 2
[Step 2324] Action: 2
[Step 2334] Action: 2
[Step 2344] Action: 0
[Step 2358] Action: 2
[Step 2372] Action: 2
[Step 2382] Action: 2
[Step 2392] Action: 1
[Step 2406] Action: 2
[Step 2420] Action: 3
[Step 2434] Action: 2
[Step 2448] Action: 3
[Step 2462] Action: 3
[Step 2472] Action: 3
[Step 2482] Action: 3
[Step 2492] Action: 3
[Step 2502] Action: 1
[Step 2516] Action: 2
[Step 2530] Action: 1
[Step 2544] Action: 1
[Step 2554] Action: 2
[Step 2568] Action: 3
[Step 2582] Action: 3
[Step 2592] Action: 0
[Step 2606] Action: 3
[Step 2620] Action: 0
[Step 2634] Action: 0
[Step 2644] Action: 2
[Step 2658] Action: 3
[Step 2672] Action: 0
[Step 2686] Action: 0
[Step 2696] Action: 2
[Step 2710] Action: 2
[Step 2720] Action: 2
[Step 2730] Action: 2
[Step 2740] Action: 3
[Step 2754] Action: 0
[Step 2768] Action: 1
[Step 2782] Action: 2
[Step 2796] Action: 0
[Step 2810] Action: 3
[Step 2824] Action: 2
[Step 2838] Action: 3
[Step 2852] Action: 1
[Step 2866] Action: 1
[Step 2876] Action: 0
[Step 2890] Action: 2
[Step 2904] Action: 1
[Step 2918] Action: 0
[Step 2932] Action: 2
[Step 2946] Action: 2
[Step 2956] Action: 2
[Step 2966] Action: 1
[Step 2980] Action: 2
[Step 2994] Action: 3
[Step 3008] Action: 2
[Step 3022] Action: 1
[Step 3036] Action: 2
[Step 3050] Action: 1
[Step 3064] Action: 3
[Step 3078] Action: 1
[Step 3092] Action: 1
[Step 3102] Action: 2
[Step 3116] Action: 3
[Step 3130] Action: 1
[Step 3144] Action: 2
[Step 3158] Action: 1
[Step 3172] Action: 3
[Step 3186] Action: 3
[Step 3196] Action: 3
[Step 3206] Action: 3
[Step 3216] Action: 1
[Step 3230] Action: 1
[Step 3240] Action: 3
[Step 3254] Action: 2
[Step 3268] Action: 2
[Step 3278] Action: 0
[Step 3292] Action: 2
[Step 3306] Action: 0
[Step 3320] Action: 3
[Step 3334] Action: 2
[Step 3348] Action: 2
[Step 3358] Action: 3
[Step 3372] Action: 3
[Step 3382] Action: 1
[Step 3396] Action: 0
[Step 3410] Action: 2
[Step 3424] Action: 2
[Step 3434] Action: 3
[Step 3448] Action: 3
[Step 3458] Action: 1
[Step 3472] Action: 3
[Step 3486] Action: 0
[Step 3500] Action: 3
[Step 3514] Action: 2
[Step 3528] Action: 2
[Step 3538] Action: 1
[Step 3552] Action: 0
[Step 3566] Action: 1
[Step 3580] Action: 2
[Step 3594] Action: 3
[Step 3608] Action: 0
[Step 3622] Action: 3
[Step 3636] Action: 1
[Step 3650] Action: 0
[Step 3664] Action: 0
[Step 3674] Action: 3
[Step 3688] Action: 3
[Step 3698] Action: 1
[Step 3712] Action: 3
[Step 3726] Action: 3
[Step 3736] Action: 0
[Step 3750] Action: 1
[Step 3764] Action: 2
[Step 3778] Action: 3
[Step 3792] Action: 0
[Step 3806] Action: 1
[Step 3820] Action: 2
[Step 3834] Action: 3
[Step 3848] Action: 2
[Step 3862] Action: 3
[Step 3876] Action: 0
[Step 3890] Action: 0
[Step 3900] Action: 2
[Step 3914] Action: 1
[Step 3928] Action: 0
[Step 3942] Action: 2
[Step 3956] Action: 3
[Step 3970] Action: 0
[Step 3984] Action: 0
[Step 3994] Action: 0
[Step 4004] Action: 3
[Step 4018] Action: 2
[Step 4032] Action: 0
[Step 4046] Action: 2
[Step 4060] Action: 2
[Step 4070] Action: 1
[Step 4084] Action: 3
[Step 4098] Action: 3
[Step 4108] Action: 1
[Step 4122] Action: 0
[Step 4136] Action: 0
[Step 4146] Action: 3
[Step 4160] Action: 3
[Step 4170] Action: 1
[Step 4184] Action: 0
[Step 4198] Action: 3
[Step 4212] Action: 3
[Step 4222] Action: 2
[Step 4236] Action: 3
[Step 4250] Action: 1
[Step 4264] Action: 2
[Step 4278] Action: 1
[Step 4292] Action: 3
[Step 4306] Action: 2
[Step 4320] Action: 3
[Step 4334] Action: 1
[Step 4348] Action: 3
[Step 4362] Action: 3
[Step 4372] Action: 3
[Step 4382] Action: 3
[Step 4392] Action: 1
[Step 4406] Action: 2
[Step 4420] Action: 0
[Step 4434] Action: 2
[Step 4448] Action: 2
[Step 4458] Action: 3
[Step 4472] Action: 1
[Step 4486] Action: 3
[Step 4500] Action: 3
[Step 4510] Action: 3
[Step 4520] Action: 1
[Step 4534] Action: 1
[Step 4544] Action: 3
[Step 4558] Action: 0
[Step 4572] Action: 0
[Step 4582] Action: 1
[Step 4596] Action: 3
[Step 4610] Action: 1
[Step 4624] Action: 3
[Step 4638] Action: 1
[Step 4652] Action: 3
[Step 4666] Action: 0
[Step 4680] Action: 2
[Step 4694] Action: 3
[Step 4708] Action: 0
[Step 4722] Action: 3
[Step 4736] Action: 1
[Step 4750] Action: 3
[Step 4764] Action: 1
[Step 4778] Action: 3
[Step 4792] Action: 3
[Step 4802] Action: 2
[Step 4816] Action: 0
[Step 4830] Action: 3
[Step 4844] Action: 2
[Step 4858] Action: 2
[Step 4868] Action: 2
[Step 4878] Action: 1
[Step 4892] Action: 3
[Step 4906] Action: 3
[Step 4916] Action: 2
[Step 4930] Action: 3
[Step 4944] Action: 1
[Step 4958] Action: 2
[Step 4972] Action: 0
[Step 4986] Action: 1
[Step 5000] Action: 2
[Step 5014] Action: 2
[Step 5024] Action: 0
[Step 5038] Action: 3
[Step 5052] Action: 3
[Step 5062] Action: 2
[Step 5076] Action: 1
[Step 5090] Action: 0
[Step 5104] Action: 2
[Step 5118] Action: 2
[Step 5128] Action: 1
[Step 5142] Action: 3
[Step 5156] Action: 3
[Step 5166] Action: 0
[Step 5180] Action: 1
[Step 5194] Action: 3
[Step 5208] Action: 3
[Step 5218] Action: 3
[Step 5228] Action: 0
[Step 5242] Action: 2
[Step 5256] Action: 2
[Step 5266] Action: 2
[Step 5276] Action: 0
[Step 5290] Action: 0
[Step 5300] Action: 1
[Step 5314] Action: 1
[Step 5324] Action: 2
[Step 5338] Action: 2
[Step 5348] Action: 0
[Step 5362] Action: 0
[Step 5372] Action: 3
[Step 5386] Action: 2
