[Step 0] Action: 0
[Step 10] Action: 0
[Step 20] Action: 2
[Step 34] Action: 0
[Step 48] Action: 3
[Step 62] Action: 2
[Step 76] Action: 0
[Step 90] Action: 0
[Step 100] Action: 1
[Step 114] Action: 3
[Step 128] Action: 0
[Step 142] Action: 0
[Step 152] Action: 0
[Step 162] Action: 1
[Step 176] Action: 0
[Step 190] Action: 3
[Step 204] Action: 3
[Step 214] Action: 1
[Step 228] Action: 0
[Step 242] Action: 2
[Step 256] Action: 0
[Step 270] Action: 2
[Step 284] Action: 2
[Step 294] Action: 3
[Step 308] Action: 1
[Step 322] Action: 1
[Step 332] Action: 2
[Step 346] Action: 1
[Step 360] Action: 3
[Step 374] Action: 1
[Step 388] Action: 3
[Step 402] Action: 3
[Step 412] Action: 0
[Step 426] Action: 0
[Step 436] Action: 2
[Step 450] Action: 2
[Step 460] Action: 0
[Step 474] Action: 3
[Step 488] Action: 1
[Step 502] Action: 1
[Step 512] Action: 0
[Step 526] Action: 0
[Step 536] Action: 1
[Step 550] Action: 3
[Step 564] Action: 0
[Step 578] Action: 3
[Step 592] Action: 1
[Step 606] Action: 1
[Step 616] Action: 2
[Step 630] Action: 0
[Step 644] Action: 3
[Step 658] Action: 1
[Step 672] Action: 0
[Step 686] Action: 1
[Step 700] Action: 1
[Step 710] Action: 0
[Step 724] Action: 0
[Step 734] Action: 3
[Step 748] Action: 2
[Step 762] Action: 3
[Step 776] Action: 0
[Step 790] Action: 0
[Step 800] Action: 0
[Step 810] Action: 1
[Step 824] Action: 3
[Step 838] Action: 3
[Step 848] Action: 0
[Step 862] Action: 0
[Step 872] Action: 1
[Step 886] Action: 2
[Step 900] Action: 2
[Step 910] Action: 2
[Step 920] Action: 0
[Step 934] Action: 0
[Step 944] Action: 1
[Step 958] Action: 0
[Step 972] Action: 0
[Step 982] Action: 0
[Step 992] Action: 1
[Step 1006] Action: 0
[Step 1020] Action: 0
[Step 1030] Action: 1
[Step 1044] Action: 2
[Step 1058] Action: 1
[Step 1072] Action: 2
[Step 1086] Action: 0
[Step 1100] Action: 1
[Step 1114] Action: 0
[Step 1128] Action: 2
[Step 1142] Action: 1
[Step 1156] Action: 1
[Step 1166] Action: 2
[Step 1180] Action: 3
[Step 1194] Action: 0
[Step 1208] Action: 3
[Step 1222] Action: 2
[Step 1236] Action: 2
[Step 1246] Action: 2
[Step 1256] Action: 1
[Step 1270] Action: 3
[Step 1284] Action: 1
[Step 1298] Action: 3
[Step 1312] Action: 1
[Step 1326] Action: 0
[Step 1340] Action: 3
[Step 1354] Action: 2
[Step 1368] Action: 2
[Step 1378] Action: 1
[Step 1392] Action: 3
[Step 1406] Action: 1
[Step 1420] Action: 1
[Step 1430] Action: 1
[Step 1440] Action: 2
[Step 1454] Action: 3
[Step 1468] Action: 2
[Step 1482] Action: 3
[Step 1496] Action: 3
[Step 1506] Action: 0
[Step 1520] Action: 0
[Step 1530] Action: 0
[Step 1540] Action: 0
[Step 1550] Action: 3
[Step 1564] Action: 1
[Step 1578] Action: 2
[Step 1592] Action: 1
[Step 1606] Action: 1
[Step 1616] Action: 0
[Step 1630] Action: 0
[Step 1640] Action: 2
[Step 1654] Action: 1
[Step 1668] Action: 1
[Step 1678] Action: 1
[Step 1688] Action: 1
[Step 1698] Action: 3
[Step 1712] Action: 3
[Step 1722] Action: 3
[Step 1732] Action: 2
[Step 1746] Action: 0
[Step 1760] Action: 0
[Step 1770] Action: 3
[Step 1784] Action: 0
[Step 1798] Action: 3
[Step 1812] Action: 2
[Step 1826] Action: 1
[Step 1840] Action: 2
[Step 1854] Action: 3
[Step 1868] Action: 2
[Step 1882] Action: 2
[Step 1892] Action: 2
[Step 1902] Action: 3
[Step 1916] Action: 0
[Step 1930] Action: 3
[Step 1944] Action: 2
[Step 1958] Action: 2
[Step 1968] Action: 1
[Step 1982] Action: 3
[Step 1996] Action: 3
[Step 2006] Action: 2
[Step 2020] Action: 1
[Step 2034] Action: 3
[Step 2048] Action: 1
[Step 2062] Action: 1
[Step 2072] Action: 3
[Step 2086] Action: 0
[Step 2100] Action: 0
[Step 2110] Action: 1
[Step 2124] Action: 1
[Step 2134] Action: 1
[Step 2144] Action: 0
[Step 2158] Action: 1
[Step 2172] Action: 0
[Step 2186] Action: 1
[Step 2200] Action: 2
[Step 2214] Action: 0
[Step 2228] Action: 1
[Step 2242] Action: 0
[Step 2256] Action: 2
[Step 2270] Action: 1
[Step 2284] Action: 1
[Step 2294] Action: 1
[Step 2304] Action: 2
[Step 2318] Action: 0
[Step 2332] Action: 3
[Step 2346] Action: 2
[Step 2360] Action: 3
[Step 2374] Action: 0
[Step 2388] Action: 3
[Step 2402] Action: 2
[Step 2416] Action: 0
[Step 2430] Action: 0
[Step 2440] Action: 3
[Step 2454] Action: 3
[Step 2464] Action: 2
[Step 2478] Action: 1
[Step 2492] Action: 0
[Step 2506] Action: 0
[Step 2516] Action: 3
[Step 2530] Action: 3
[Step 2540] Action: 1
[Step 2554] Action: 2
[Step 2568] Action: 3
[Step 2582] Action: 0
[Step 2596] Action: 0
[Step 2606] Action: 3
[Step 2620] Action: 2
[Step 2634] Action: 1
[Step 2648] Action: 1
[Step 2658] Action: 0
[Step 2672] Action: 2
[Step 2686] Action: 3
[Step 2700] Action: 1
[Step 2714] Action: 3
[Step 2728] Action: 3
[Step 2738] Action: 2
[Step 2752] Action: 1
[Step 2766] Action: 3
[Step 2780] Action: 0
[Step 2794] Action: 2
[Step 2808] Action: 0
[Step 2822] Action: 1
[Step 2836] Action: 2
[Step 2850] Action: 3
[Step 2864] Action: 1
[Step 2878] Action: 0
[Step 2892] Action: 2
[Step 2906] Action: 1
[Step 2920] Action: 2
[Step 2934] Action: 0
[Step 2948] Action: 3
[Step 2962] Action: 1
[Step 2976] Action: 2
[Step 2990] Action: 0
[Step 3004] Action: 1
[Step 3018] Action: 1
[Step 3028] Action: 1
[Step 3038] Action: 2
[Step 3052] Action: 0
[Step 3066] Action: 1
[Step 3080] Action: 1
[Step 3090] Action: 0
[Step 3104] Action: 0
[Step 3114] Action: 3
[Step 3128] Action: 3
[Step 3138] Action: 1
[Step 3152] Action: 1
[Step 3162] Action: 3
[Step 3176] Action: 2
[Step 3190] Action: 2
[Step 3200] Action: 3
[Step 3214] Action: 1
[Step 3228] Action: 3
[Step 3242] Action: 2
[Step 3256] Action: 2
[Step 3266] Action: 2
[Step 3276] Action: 2
[Step 3286] Action: 2
[Step 3296] Action: 3
[Step 3310] Action: 0
[Step 3324] Action: 1
[Step 3338] Action: 0
[Step 3352] Action: 0
[Step 3362] Action: 0
[Step 3372] Action: 0
[Step 3382] Action: 2
[Step 3396] Action: 1
[Step 3410] Action: 0
[Step 3424] Action: 0
[Step 3434] Action: 2
[Step 3448] Action: 3
[Step 3462] Action: 0
[Step 3476] Action: 2
[Step 3490] Action: 3
[Step 3504] Action: 0
[Step 3518] Action: 3
[Step 3532] Action: 2
[Step 3546] Action: 0
[Step 3560] Action: 2
[Step 3574] Action: 0
[Step 3588] Action: 0
[Step 3598] Action: 0
[Step 3608] Action: 1
[Step 3622] Action: 0
[Step 3636] Action: 3
[Step 3650] Action: 1
[Step 3664] Action: 3
[Step 3678] Action: 3
[Step 3688] Action: 3
[Step 3698] Action: 0
[Step 3712] Action: 2
[Step 3726] Action: 2
[Step 3736] Action: 1
[Step 3750] Action: 3
[Step 3764] Action: 2
[Step 3778] Action: 1
[Step 3792] Action: 2
[Step 3806] Action: 0
[Step 3820] Action: 1
[Step 3834] Action: 2
[Step 3848] Action: 1
[Step 3862] Action: 0
[Step 3876] Action: 0
[Step 3886] Action: 2
[Step 3900] Action: 0
[Step 3914] Action: 1
[Step 3928] Action: 0
[Step 3942] Action: 2
[Step 3956] Action: 0
[Step 3970] Action: 3
[Step 3984] Action: 3
[Step 3994] Action: 3
[Step 4004] Action: 1
[Step 4018] Action: 0
[Step 4032] Action: 2
[Step 4046] Action: 0
[Step 4060] Action: 3
[Step 4074] Action: 0
[Step 4088] Action: 0
[Step 4098] Action: 0
[Step 4108] Action: 0
[Step 4118] Action: 0
[Step 4128] Action: 0
[Step 4138] Action: 3
[Step 4152] Action: 3
[Step 4162] Action: 1
[Step 4176] Action: 1
[Step 4186] Action: 1
[Step 4196] Action: 1
[Step 4206] Action: 0
[Step 4220] Action: 3
[Step 4234] Action: 0
[Step 4248] Action: 3
[Step 4262] Action: 2
[Step 4276] Action: 3
[Step 4290] Action: 1
[Step 4304] Action: 2
[Step 4318] Action: 1
[Step 4332] Action: 3
[Step 4346] Action: 2
[Step 4360] Action: 3
[Step 4374] Action: 1
[Step 4388] Action: 2
[Step 4402] Action: 3
[Step 4416] Action: 2
[Step 4430] Action: 2
[Step 4440] Action: 3
[Step 4454] Action: 2
[Step 4468] Action: 3
[Step 4482] Action: 2
[Step 4496] Action: 2
[Step 4506] Action: 1
[Step 4520] Action: 1
[Step 4530] Action: 1
[Step 4540] Action: 2
[Step 4554] Action: 0
[Step 4568] Action: 0
[Step 4578] Action: 1
[Step 4592] Action: 2
[Step 4606] Action: 0
[Step 4620] Action: 0
[Step 4630] Action: 2
[Step 4644] Action: 2
[Step 4654] Action: 2
[Step 4664] Action: 0
[Step 4678] Action: 3
[Step 4692] Action: 3
[Step 4702] Action: 2
[Step 4716] Action: 3
[Step 4730] Action: 1
[Step 4744] Action: 3
[Step 4758] Action: 0
[Step 4772] Action: 3
[Step 4786] Action: 1
[Step 4800] Action: 3
[Step 4814] Action: 3
[Step 4824] Action: 0
[Step 4838] Action: 3
[Step 4852] Action: 3
[Step 4862] Action: 2
[Step 4876] Action: 2
[Step 4886] Action: 3
[Step 4900] Action: 1
[Step 4914] Action: 0
[Step 4928] Action: 0
[Step 4938] Action: 2
[Step 4952] Action: 3
[Step 4966] Action: 2
[Step 4980] Action: 1
[Step 4994] Action: 1
[Step 5004] Action: 0
[Step 5018] Action: 3
[Step 5032] Action: 1
[Step 5046] Action: 1
[Step 5056] Action: 3
[Step 5070] Action: 3
[Step 5080] Action: 0
[Step 5094] Action: 3
[Step 5108] Action: 3
[Step 5118] Action: 2
[Step 5132] Action: 3
[Step 5146] Action: 1
[Step 5160] Action: 2
[Step 5174] Action: 2
[Step 5184] Action: 1
[Step 5198] Action: 2
[Step 5212] Action: 2
[Step 5222] Action: 2
[Step 5232] Action: 3
[Step 5246] Action: 1
[Step 5260] Action: 3
[Step 5274] Action: 2
[Step 5288] Action: 2
[Step 5298] Action: 1
[Step 5312] Action: 2
[Step 5326] Action: 3
[Step 5340] Action: 1
[Step 5354] Action: 2
[Step 5368] Action: 2
[Step 5378] Action: 0
[Step 5392] Action: 2
