[Step 0] Action: 2
[Step 10] Action: 0
[Step 24] Action: 1
[Step 38] Action: 0
[Step 52] Action: 3
[Step 66] Action: 2
[Step 80] Action: 3
[Step 94] Action: 2
[Step 108] Action: 0
[Step 122] Action: 3
[Step 136] Action: 1
[Step 150] Action: 3
[Step 164] Action: 0
[Step 178] Action: 1
[Step 192] Action: 0
[Step 206] Action: 1
[Step 220] Action: 0
[Step 234] Action: 2
[Step 248] Action: 3
[Step 262] Action: 3
[Step 272] Action: 3
[Step 282] Action: 2
[Step 296] Action: 3
[Step 310] Action: 3
[Step 320] Action: 1
[Step 334] Action: 0
[Step 348] Action: 3
[Step 362] Action: 0
[Step 376] Action: 0
[Step 386] Action: 3
[Step 400] Action: 3
[Step 410] Action: 1
[Step 424] Action: 1
[Step 434] Action: 1
[Step 444] Action: 1
[Step 454] Action: 3
[Step 468] Action: 2
[Step 482] Action: 3
[Step 496] Action: 2
[Step 510] Action: 3
[Step 524] Action: 3
[Step 534] Action: 1
[Step 548] Action: 1
[Step 558] Action: 3
[Step 572] Action: 0
[Step 586] Action: 2
[Step 600] Action: 2
[Step 610] Action: 2
[Step 620] Action: 2
[Step 630] Action: 1
[Step 644] Action: 2
[Step 658] Action: 2
[Step 668] Action: 3
[Step 682] Action: 0
[Step 696] Action: 2
[Step 710] Action: 1
[Step 724] Action: 1
[Step 734] Action: 0
[Step 748] Action: 3
[Step 762] Action: 0
[Step 776] Action: 3
[Step 790] Action: 3
[Step 800] Action: 1
[Step 814] Action: 2
[Step 828] Action: 1
[Step 842] Action: 3
[Step 856] Action: 2
[Step 870] Action: 0
[Step 884] Action: 2
[Step 898] Action: 3
[Step 912] Action: 2
[Step 926] Action: 2
[Step 936] Action: 0
[Step 950] Action: 3
[Step 964] Action: 2
[Step 978] Action: 2
[Step 988] Action: 2
[Step 998] Action: 2
[Step 1008] Action: 2
[Step 1018] Action: 0
[Step 1032] Action: 2
[Step 1046] Action: 0
[Step 1060] Action: 0
[Step 1070] Action: 3
[Step 1084] Action: 1
[Step 1098] Action: 3
[Step 1112] Action: 3
[Step 1122] Action: 3
[Step 1132] Action: 3
[Step 1142] Action: 0
[Step 1156] Action: 0
[Step 1166] Action: 3
[Step 1180] Action: 0
[Step 1194] Action: 0
[Step 1204] Action: 3
[Step 1218] Action: 1
[Step 1232] Action: 1
[Step 1242] Action: 2
[Step 1256] Action: 2
[Step 1266] Action: 2
[Step 1276] Action: 3
[Step 1290] Action: 3
[Step 1300] Action: 2
[Step 1314] Action: 3
[Step 1328] Action: 2
[Step 1342] Action: 2
[Step 1352] Action: 2
[Step 1362] Action: 2
[Step 1372] Action: 2
[Step 1382] Action: 3
[Step 1396] Action: 3
[Step 1406] Action: 3
[Step 1416] Action: 2
[Step 1430] Action: 2
[Step 1440] Action: 3
[Step 1454] Action: 0
[Step 1468] Action: 3
[Step 1482] Action: 0
[Step 1496] Action: 3
[Step 1510] Action: 1
[Step 1524] Action: 2
[Step 1538] Action: 1
[Step 1552] Action: 0
[Step 1566] Action: 3
[Step 1580] Action: 3
[Step 1590] Action: 3
[Step 1600] Action: 0
[Step 1614] Action: 0
[Step 1624] Action: 2
[Step 1638] Action: 1
[Step 1652] Action: 3
[Step 1666] Action: 3
[Step 1676] Action: 0
[Step 1690] Action: 3
[Step 1704] Action: 3
[Step 1714] Action: 3
[Step 1724] Action: 1
[Step 1738] Action: 1
[Step 1748] Action: 2
[Step 1762] Action: 0
[Step 1776] Action: 3
[Step 1790] Action: 3
[Step 1800] Action: 1
[Step 1814] Action: 3
[Step 1828] Action: 1
[Step 1842] Action: 2
[Step 1856] Action: 2
[Step 1866] Action: 2
[Step 1876] Action: 3
[Step 1890] Action: 2
[Step 1904] Action: 1
[Step 1918] Action: 3
[Step 1932] Action: 1
[Step 1946] Action: 0
[Step 1960] Action: 0
[Step 1970] Action: 3
[Step 1984] Action: 0
[Step 1998] Action: 3
[Step 2012] Action: 0
[Step 2026] Action: 3
[Step 2040] Action: 2
[Step 2054] Action: 2
[Step 2064] Action: 1
[Step 2078] Action: 0
[Step 2092] Action: 2
[Step 2106] Action: 2
[Step 2116] Action: 0
[Step 2130] Action: 2
[Step 2144] Action: 1
[Step 2158] Action: 2
[Step 2172] Action: 0
[Step 2186] Action: 2
[Step 2200] Action: 0
[Step 2214] Action: 3
[Step 2228] Action: 0
[Step 2242] Action: 0
[Step 2252] Action: 0
[Step 2262] Action: 2
[Step 2276] Action: 1
[Step 2290] Action: 2
[Step 2304] Action: 0
[Step 2318] Action: 3
[Step 2332] Action: 0
[Step 2346] Action: 3
[Step 2360] Action: 1
[Step 2374] Action: 2
[Step 2388] Action: 2
[Step 2398] Action: 2
[Step 2408] Action: 2
[Step 2418] Action: 0
[Step 2432] Action: 1
[Step 2446] Action: 2
[Step 2460] Action: 0
[Step 2474] Action: 1
[Step 2488] Action: 3
[Step 2502] Action: 0
[Step 2516] Action: 0
[Step 2526] Action: 3
[Step 2540] Action: 0
[Step 2554] Action: 2
[Step 2568] Action: 0
[Step 2582] Action: 3
[Step 2596] Action: 3
[Step 2606] Action: 3
[Step 2616] Action: 0
[Step 2630] Action: 2
[Step 2644] Action: 0
[Step 2658] Action: 2
[Step 2672] Action: 1
[Step 2686] Action: 2
[Step 2700] Action: 2
[Step 2710] Action: 0
[Step 2724] Action: 2
[Step 2738] Action: 0
[Step 2752] Action: 0
[Step 2762] Action: 0
[Step 2772] Action: 0
[Step 2782] Action: 2
[Step 2796] Action: 2
[Step 2806] Action: 3
[Step 2820] Action: 3
[Step 2830] Action: 2
[Step 2844] Action: 0
[Step 2858] Action: 2
[Step 2872] Action: 0
[Step 2886] Action: 3
[Step 2900] Action: 3
[Step 2910] Action: 1
[Step 2924] Action: 2
[Step 2938] Action: 2
[Step 2948] Action: 0
[Step 2962] Action: 1
[Step 2976] Action: 3
[Step 2990] Action: 2
[Step 3004] Action: 2
[Step 3014] Action: 2
[Step 3024] Action: 0
[Step 3038] Action: 3
[Step 3052] Action: 2
[Step 3066] Action: 1
[Step 3080] Action: 2
[Step 3094] Action: 1
[Step 3108] Action: 3
[Step 3122] Action: 1
[Step 3136] Action: 2
[Step 3150] Action: 2
[Step 3160] Action: 3
[Step 3174] Action: 0
[Step 3188] Action: 2
[Step 3202] Action: 2
[Step 3212] Action: 3
[Step 3226] Action: 3
[Step 3236] Action: 0
[Step 3250] Action: 2
[Step 3264] Action: 3
[Step 3278] Action: 3
[Step 3288] Action: 3
[Step 3298] Action: 0
[Step 3312] Action: 3
[Step 3326] Action: 2
[Step 3340] Action: 3
[Step 3354] Action: 3
[Step 3364] Action: 2
[Step 3378] Action: 3
[Step 3392] Action: 2
[Step 3406] Action: 2
[Step 3416] Action: 1
[Step 3430] Action: 3
[Step 3444] Action: 0
[Step 3458] Action: 3
[Step 3472] Action: 1
[Step 3486] Action: 0
[Step 3500] Action: 3
[Step 3514] Action: 3
[Step 3524] Action: 3
[Step 3534] Action: 0
[Step 3548] Action: 0
[Step 3558] Action: 1
[Step 3572] Action: 1
[Step 3582] Action: 0
[Step 3596] Action: 3
[Step 3610] Action: 2
[Step 3624] Action: 2
[Step 3634] Action: 3
[Step 3648] Action: 3
[Step 3658] Action: 3
[Step 3668] Action: 3
[Step 3678] Action: 3
[Step 3688] Action: 3
[Step 3698] Action: 3
[Step 3708] Action: 1
[Step 3722] Action: 1
[Step 3732] Action: 2
[Step 3746] Action: 3
[Step 3760] Action: 3
[Step 3770] Action: 3
[Step 3780] Action: 3
[Step 3790] Action: 0
[Step 3804] Action: 0
[Step 3814] Action: 3
[Step 3828] Action: 0
[Step 3842] Action: 1
[Step 3856] Action: 1
[Step 3866] Action: 1
[Step 3876] Action: 3
[Step 3890] Action: 3
[Step 3900] Action: 3
[Step 3910] Action: 2
[Step 3924] Action: 1
[Step 3938] Action: 1
[Step 3948] Action: 3
[Step 3962] Action: 1
[Step 3976] Action: 0
[Step 3990] Action: 0
[Step 4000] Action: 0
[Step 4010] Action: 3
[Step 4024] Action: 2
[Step 4038] Action: 1
[Step 4052] Action: 0
[Step 4066] Action: 3
[Step 4080] Action: 2
[Step 4094] Action: 1
[Step 4108] Action: 2
[Step 4122] Action: 0
[Step 4136] Action: 2
[Step 4150] Action: 3
[Step 4164] Action: 2
[Step 4178] Action: 0
[Step 4192] Action: 3
[Step 4206] Action: 0
[Step 4220] Action: 3
[Step 4234] Action: 2
[Step 4248] Action: 2
[Step 4258] Action: 3
[Step 4272] Action: 3
[Step 4282] Action: 3
[Step 4292] Action: 3
[Step 4302] Action: 0
[Step 4316] Action: 0
[Step 4326] Action: 0
[Step 4336] Action: 1
[Step 4350] Action: 0
[Step 4364] Action: 3
[Step 4378] Action: 3
[Step 4388] Action: 1
[Step 4402] Action: 0
[Step 4416] Action: 3
[Step 4430] Action: 0
[Step 4444] Action: 0
[Step 4454] Action: 3
[Step 4468] Action: 3
[Step 4478] Action: 3
[Step 4488] Action: 3
[Step 4498] Action: 2
[Step 4512] Action: 2
[Step 4522] Action: 1
[Step 4536] Action: 0
[Step 4550] Action: 2
[Step 4564] Action: 1
[Step 4578] Action: 2
[Step 4592] Action: 3
[Step 4606] Action: 3
[Step 4616] Action: 3
[Step 4626] Action: 2
[Step 4640] Action: 0
[Step 4654] Action: 2
[Step 4668] Action: 3
[Step 4682] Action: 2
[Step 4696] Action: 1
[Step 4710] Action: 1
[Step 4720] Action: 1
[Step 4730] Action: 1
[Step 4740] Action: 3
[Step 4754] Action: 2
[Step 4768] Action: 2
[Step 4778] Action: 3
[Step 4792] Action: 2
[Step 4806] Action: 3
[Step 4820] Action: 0
[Step 4834] Action: 1
[Step 4848] Action: 1
[Step 4858] Action: 2
[Step 4872] Action: 2
[Step 4882] Action: 3
[Step 4896] Action: 0
[Step 4910] Action: 1
[Step 4924] Action: 1
[Step 4934] Action: 2
[Step 4948] Action: 3
[Step 4962] Action: 3
[Step 4972] Action: 3
[Step 4982] Action: 3
[Step 4992] Action: 2
[Step 5006] Action: 1
[Step 5020] Action: 3
[Step 5034] Action: 3
[Step 5044] Action: 0
[Step 5058] Action: 3
[Step 5072] Action: 2
[Step 5086] Action: 3
[Step 5100] Action: 3
[Step 5110] Action: 0
[Step 5124] Action: 3
[Step 5138] Action: 3
[Step 5148] Action: 3
[Step 5158] Action: 2
[Step 5172] Action: 3
[Step 5186] Action: 1
[Step 5200] Action: 3
[Step 5214] Action: 3
[Step 5224] Action: 0
[Step 5238] Action: 0
[Step 5248] Action: 1
[Step 5262] Action: 2
[Step 5276] Action: 3
[Step 5290] Action: 2
[Step 5304] Action: 1
[Step 5318] Action: 1
[Step 5328] Action: 3
[Step 5342] Action: 3
[Step 5352] Action: 1
[Step 5366] Action: 3
[Step 5380] Action: 3
[Step 5390] Action: 3
