[Step 0] Action: 0
[Step 10] Action: 0
[Step 20] Action: 0
[Step 30] Action: 0
[Step 40] Action: 0
[Step 50] Action: 0
[Step 60] Action: 0
[Step 70] Action: 0
[Step 80] Action: 0
[Step 90] Action: 0
[Step 100] Action: 0
[Step 110] Action: 0
[Step 120] Action: 0
[Step 130] Action: 0
[Step 140] Action: 0
[Step 150] Action: 0
[Step 160] Action: 0
[Step 170] Action: 0
[Step 180] Action: 0
[Step 190] Action: 0
[Step 200] Action: 0
[Step 210] Action: 0
[Step 220] Action: 0
[Step 230] Action: 0
[Step 240] Action: 0
[Step 250] Action: 0
[Step 260] Action: 0
[Step 270] Action: 0
[Step 280] Action: 0
[Step 290] Action: 0
[Step 300] Action: 0
[Step 310] Action: 2
[Step 324] Action: 2
[Step 334] Action: 3
[Step 348] Action: 2
[Step 362] Action: 1
[Step 376] Action: 2
[Step 390] Action: 0
[Step 404] Action: 0
[Step 414] Action: 0
[Step 424] Action: 0
[Step 434] Action: 0
[Step 444] Action: 0
[Step 454] Action: 0
[Step 464] Action: 2
[Step 478] Action: 0
[Step 492] Action: 0
[Step 502] Action: 2
[Step 516] Action: 2
[Step 526] Action: 2
[Step 536] Action: 2
[Step 546] Action: 2
[Step 556] Action: 2
[Step 566] Action: 2
[Step 576] Action: 3
[Step 590] Action: 1
[Step 604] Action: 0
[Step 618] Action: 2
[Step 632] Action: 0
[Step 646] Action: 2
[Step 660] Action: 0
[Step 674] Action: 3
[Step 688] Action: 0
[Step 702] Action: 3
[Step 716] Action: 0
[Step 730] Action: 2
[Step 744] Action: 1
[Step 758] Action: 0
[Step 772] Action: 0
[Step 782] Action: 2
[Step 796] Action: 3
[Step 810] Action: 0
[Step 824] Action: 0
[Step 834] Action: 2
[Step 848] Action: 0
[Step 862] Action: 0
[Step 872] Action: 0
[Step 882] Action: 1
[Step 896] Action: 2
[Step 910] Action: 0
[Step 924] Action: 3
[Step 938] Action: 2
[Step 952] Action: 2
[Step 962] Action: 0
[Step 976] Action: 0
[Step 986] Action: 0
[Step 996] Action: 0
[Step 1006] Action: 0
[Step 1016] Action: 1
[Step 1030] Action: 2
[Step 1044] Action: 0
[Step 1058] Action: 3
[Step 1072] Action: 2
[Step 1086] Action: 2
[Step 1096] Action: 0
[Step 1110] Action: 2
[Step 1124] Action: 2
[Step 1134] Action: 2
[Step 1144] Action: 2
[Step 1154] Action: 0
[Step 1168] Action: 2
[Step 1182] Action: 2
[Step 1192] Action: 3
[Step 1206] Action: 2
[Step 1220] Action: 3
[Step 1234] Action: 1
[Step 1248] Action: 0
[Step 1262] Action: 0
[Step 1272] Action: 2
[Step 1286] Action: 0
[Step 1300] Action: 0
[Step 1310] Action: 2
[Step 1324] Action: 0
[Step 1338] Action: 0
[Step 1348] Action: 0
[Step 1358] Action: 0
[Step 1368] Action: 0
[Step 1378] Action: 2
[Step 1392] Action: 0
[Step 1406] Action: 1
[Step 1420] Action: 2
[Step 1434] Action: 0
[Step 1448] Action: 0
[Step 1458] Action: 0
[Step 1468] Action: 0
[Step 1478] Action: 2
[Step 1492] Action: 0
[Step 1506] Action: 2
[Step 1520] Action: 2
[Step 1530] Action: 2
[Step 1540] Action: 2
[Step 1550] Action: 2
[Step 1560] Action: 2
[Step 1570] Action: 3
[Step 1584] Action: 0
[Step 1598] Action: 3
[Step 1612] Action: 2
[Step 1626] Action: 3
[Step 1640] Action: 2
[Step 1654] Action: 3
[Step 1668] Action: 2
[Step 1682] Action: 3
[Step 1696] Action: 1
[Step 1710] Action: 0
[Step 1724] Action: 2
[Step 1738] Action: 2
[Step 1748] Action: 2
[Step 1758] Action: 2
[Step 1768] Action: 2
[Step 1778] Action: 2
[Step 1788] Action: 0
[Step 1802] Action: 2
[Step 1816] Action: 2
[Step 1826] Action: 2
[Step 1836] Action: 2
[Step 1846] Action: 2
[Step 1856] Action: 3
[Step 1870] Action: 2
[Step 1884] Action: 3
[Step 1898] Action: 3
[Step 1908] Action: 2
[Step 1922] Action: 3
[Step 1936] Action: 2
[Step 1950] Action: 3
[Step 1964] Action: 2
[Step 1978] Action: 3
[Step 1992] Action: 2
[Step 2006] Action: 2
[Step 2016] Action: 2
[Step 2026] Action: 3
[Step 2040] Action: 2
[Step 2054] Action: 3
[Step 2068] Action: 2
[Step 2082] Action: 2
[Step 2092] Action: 2
[Step 2102] Action: 1
[Step 2116] Action: 2
[Step 2130] Action: 0
[Step 2144] Action: 3
[Step 2158] Action: 2
[Step 2172] Action: 2
[Step 2182] Action: 0
[Step 2196] Action: 0
[Step 2206] Action: 0
[Step 2216] Action: 0
[Step 2226] Action: 0
[Step 2236] Action: 0
[Step 2246] Action: 0
[Step 2256] Action: 0
[Step 2266] Action: 0
[Step 2276] Action: 2
[Step 2290] Action: 0
[Step 2304] Action: 0
[Step 2314] Action: 2
[Step 2328] Action: 2
[Step 2338] Action: 2
[Step 2348] Action: 0
[Step 2362] Action: 0
[Step 2372] Action: 2
[Step 2386] Action: 3
[Step 2400] Action: 0
[Step 2414] Action: 3
[Step 2428] Action: 2
[Step 2442] Action: 0
[Step 2456] Action: 0
[Step 2466] Action: 0
[Step 2476] Action: 0
[Step 2486] Action: 0
[Step 2496] Action: 3
[Step 2510] Action: 2
[Step 2524] Action: 0
[Step 2538] Action: 2
[Step 2552] Action: 0
[Step 2566] Action: 0
[Step 2576] Action: 0
[Step 2586] Action: 0
[Step 2596] Action: 0
[Step 2606] Action: 0
[Step 2616] Action: 0
[Step 2626] Action: 2
[Step 2640] Action: 0
[Step 2654] Action: 0
[Step 2664] Action: 0
[Step 2674] Action: 0
[Step 2684] Action: 0
[Step 2694] Action: 0
[Step 2704] Action: 3
[Step 2718] Action: 2
[Step 2732] Action: 0
[Step 2746] Action: 2
[Step 2760] Action: 0
[Step 2774] Action: 0
[Step 2784] Action: 0
[Step 2794] Action: 0
[Step 2804] Action: 2
[Step 2818] Action: 0
[Step 2832] Action: 0
[Step 2842] Action: 1
[Step 2856] Action: 2
[Step 2870] Action: 0
[Step 2884] Action: 0
[Step 2894] Action: 0
[Step 2904] Action: 0
[Step 2914] Action: 0
[Step 2924] Action: 2
[Step 2938] Action: 0
[Step 2952] Action: 3
[Step 2966] Action: 2
[Step 2980] Action: 0
[Step 2994] Action: 0
[Step 3004] Action: 0
[Step 3014] Action: 2
[Step 3028] Action: 0
[Step 3042] Action: 0
[Step 3052] Action: 0
[Step 3062] Action: 0
[Step 3072] Action: 0
[Step 3082] Action: 0
[Step 3092] Action: 0
[Step 3102] Action: 0
[Step 3112] Action: 0
[Step 3122] Action: 2
[Step 3136] Action: 3
[Step 3150] Action: 2
[Step 3164] Action: 0
[Step 3178] Action: 0
[Step 3188] Action: 0
[Step 3198] Action: 0
[Step 3208] Action: 0
[Step 3218] Action: 3
[Step 3232] Action: 2
[Step 3246] Action: 0
[Step 3260] Action: 0
[Step 3270] Action: 0
[Step 3280] Action: 0
[Step 3290] Action: 0
[Step 3300] Action: 0
[Step 3310] Action: 0
[Step 3320] Action: 0
[Step 3330] Action: 0
[Step 3340] Action: 0
[Step 3350] Action: 3
[Step 3364] Action: 2
[Step 3378] Action: 0
[Step 3392] Action: 0
[Step 3402] Action: 0
[Step 3412] Action: 0
[Step 3422] Action: 0
[Step 3432] Action: 0
[Step 3442] Action: 0
[Step 3452] Action: 0
[Step 3462] Action: 0
[Step 3472] Action: 0
[Step 3482] Action: 0
[Step 3492] Action: 0
[Step 3502] Action: 0
[Step 3512] Action: 1
[Step 3526] Action: 2
[Step 3540] Action: 0
[Step 3554] Action: 0
[Step 3564] Action: 0
[Step 3574] Action: 0
[Step 3584] Action: 1
[Step 3598] Action: 0
[Step 3612] Action: 3
[Step 3626] Action: 3
[Step 3636] Action: 3
[Step 3646] Action: 3
[Step 3656] Action: 2
[Step 3670] Action: 0
[Step 3684] Action: 0
[Step 3694] Action: 0
[Step 3704] Action: 0
[Step 3714] Action: 0
[Step 3724] Action: 0
[Step 3734] Action: 0
[Step 3744] Action: 0
[Step 3754] Action: 0
[Step 3764] Action: 0
[Step 3774] Action: 0
[Step 3784] Action: 0
[Step 3794] Action: 0
[Step 3804] Action: 0
[Step 3814] Action: 0
[Step 3824] Action: 0
[Step 3834] Action: 0
[Step 3844] Action: 0
[Step 3854] Action: 0
[Step 3864] Action: 0
[Step 3874] Action: 0
[Step 3884] Action: 3
[Step 3898] Action: 3
[Step 3908] Action: 3
[Step 3918] Action: 3
[Step 3928] Action: 3
[Step 3938] Action: 3
[Step 3948] Action: 2
[Step 3962] Action: 0
[Step 3976] Action: 0
[Step 3986] Action: 0
[Step 3996] Action: 0
[Step 4006] Action: 0
[Step 4016] Action: 0
[Step 4026] Action: 0
[Step 4036] Action: 0
[Step 4046] Action: 0
[Step 4056] Action: 0
[Step 4066] Action: 0
[Step 4076] Action: 0
[Step 4086] Action: 0
[Step 4096] Action: 0
[Step 4106] Action: 0
[Step 4116] Action: 0
[Step 4126] Action: 0
[Step 4136] Action: 0
[Step 4146] Action: 0
[Step 4156] Action: 0
[Step 4166] Action: 0
[Step 4176] Action: 0
[Step 4186] Action: 0
[Step 4196] Action: 0
[Step 4206] Action: 0
[Step 4216] Action: 0
[Step 4226] Action: 0
[Step 4236] Action: 0
[Step 4246] Action: 0
[Step 4256] Action: 0
[Step 4266] Action: 0
[Step 4276] Action: 0
[Step 4286] Action: 0
[Step 4296] Action: 0
[Step 4306] Action: 0
[Step 4316] Action: 2
[Step 4330] Action: 0
[Step 4344] Action: 0
[Step 4354] Action: 0
[Step 4364] Action: 0
[Step 4374] Action: 0
[Step 4384] Action: 0
[Step 4394] Action: 0
[Step 4404] Action: 0
[Step 4414] Action: 0
[Step 4424] Action: 0
[Step 4434] Action: 0
[Step 4444] Action: 0
[Step 4454] Action: 0
[Step 4464] Action: 0
[Step 4474] Action: 0
[Step 4484] Action: 0
[Step 4494] Action: 3
[Step 4508] Action: 0
[Step 4522] Action: 3
[Step 4536] Action: 2
[Step 4550] Action: 0
[Step 4564] Action: 0
[Step 4574] Action: 0
[Step 4584] Action: 0
[Step 4594] Action: 0
[Step 4604] Action: 0
[Step 4614] Action: 0
[Step 4624] Action: 0
[Step 4634] Action: 0
[Step 4644] Action: 0
[Step 4654] Action: 0
[Step 4664] Action: 0
[Step 4674] Action: 3
[Step 4688] Action: 0
[Step 4702] Action: 0
[Step 4712] Action: 0
[Step 4722] Action: 0
[Step 4732] Action: 0
[Step 4742] Action: 0
[Step 4752] Action: 2
[Step 4766] Action: 3
[Step 4780] Action: 0
[Step 4794] Action: 0
[Step 4804] Action: 0
[Step 4814] Action: 0
[Step 4824] Action: 0
[Step 4834] Action: 0
[Step 4844] Action: 0
[Step 4854] Action: 0
[Step 4864] Action: 0
[Step 4874] Action: 0
[Step 4884] Action: 0
[Step 4894] Action: 0
[Step 4904] Action: 0
[Step 4914] Action: 0
[Step 4924] Action: 0
[Step 4934] Action: 0
[Step 4944] Action: 0
[Step 4954] Action: 0
[Step 4964] Action: 0
[Step 4974] Action: 0
[Step 4984] Action: 0
[Step 4994] Action: 0
[Step 5004] Action: 0
[Step 5014] Action: 0
[Step 5024] Action: 0
[Step 5034] Action: 0
[Step 5044] Action: 0
[Step 5054] Action: 0
[Step 5064] Action: 0
[Step 5074] Action: 0
[Step 5084] Action: 0
[Step 5094] Action: 0
[Step 5104] Action: 0
[Step 5114] Action: 0
[Step 5124] Action: 0
[Step 5134] Action: 0
[Step 5144] Action: 0
[Step 5154] Action: 1
[Step 5168] Action: 0
[Step 5182] Action: 0
[Step 5192] Action: 0
[Step 5202] Action: 3
[Step 5216] Action: 2
[Step 5230] Action: 0
[Step 5244] Action: 0
[Step 5254] Action: 0
[Step 5264] Action: 0
[Step 5274] Action: 0
[Step 5284] Action: 0
[Step 5294] Action: 0
[Step 5304] Action: 0
[Step 5314] Action: 0
[Step 5324] Action: 0
[Step 5334] Action: 0
[Step 5344] Action: 0
[Step 5354] Action: 0
[Step 5364] Action: 0
[Step 5374] Action: 0
[Step 5384] Action: 0
[Step 5394] Action: 0
