[Step 0] Action: 1
[Step 10] Action: 3
[Step 24] Action: 0
[Step 38] Action: 0
[Step 48] Action: 3
[Step 62] Action: 0
[Step 76] Action: 3
[Step 90] Action: 3
[Step 100] Action: 1
[Step 114] Action: 3
[Step 128] Action: 3
[Step 138] Action: 0
[Step 152] Action: 3
[Step 166] Action: 3
[Step 176] Action: 3
[Step 186] Action: 1
[Step 200] Action: 3
[Step 214] Action: 2
[Step 228] Action: 2
[Step 238] Action: 2
[Step 248] Action: 3
[Step 262] Action: 0
[Step 276] Action: 1
[Step 290] Action: 2
[Step 304] Action: 2
[Step 314] Action: 2
[Step 324] Action: 3
[Step 338] Action: 2
[Step 352] Action: 3
[Step 366] Action: 2
[Step 380] Action: 0
[Step 394] Action: 3
[Step 408] Action: 0
[Step 422] Action: 3
[Step 436] Action: 0
[Step 450] Action: 3
[Step 464] Action: 0
[Step 478] Action: 1
[Step 492] Action: 2
[Step 506] Action: 2
[Step 516] Action: 2
[Step 526] Action: 3
[Step 540] Action: 2
[Step 554] Action: 2
[Step 564] Action: 2
[Step 574] Action: 2
[Step 584] Action: 2
[Step 594] Action: 2
[Step 604] Action: 1
[Step 618] Action: 2
[Step 632] Action: 0
[Step 646] Action: 2
[Step 660] Action: 0
[Step 674] Action: 2
[Step 688] Action: 2
[Step 698] Action: 1
[Step 712] Action: 3
[Step 726] Action: 2
[Step 740] Action: 0
[Step 754] Action: 3
[Step 768] Action: 2
[Step 782] Action: 0
[Step 796] Action: 3
[Step 810] Action: 0
[Step 824] Action: 1
[Step 838] Action: 2
[Step 852] Action: 0
[Step 866] Action: 2
[Step 880] Action: 0
[Step 894] Action: 2
[Step 908] Action: 0
[Step 922] Action: 1
[Step 936] Action: 1
[Step 946] Action: 2
[Step 960] Action: 0
[Step 974] Action: 2
[Step 988] Action: 1
[Step 1002] Action: 1
[Step 1012] Action: 1
[Step 1022] Action: 2
[Step 1036] Action: 3
[Step 1050] Action: 1
[Step 1064] Action: 0
[Step 1078] Action: 0
[Step 1088] Action: 2
[Step 1102] Action: 3
[Step 1116] Action: 3
[Step 1126] Action: 2
[Step 1140] Action: 1
[Step 1154] Action: 2
[Step 1168] Action: 3
[Step 1182] Action: 3
[Step 1192] Action: 2
[Step 1206] Action: 2
[Step 1216] Action: 0
[Step 1230] Action: 3
[Step 1244] Action: 3
[Step 1254] Action: 0
[Step 1268] Action: 3
[Step 1282] Action: 3
[Step 1292] Action: 2
[Step 1306] Action: 0
[Step 1320] Action: 2
[Step 1334] Action: 0
[Step 1348] Action: 1
[Step 1362] Action: 3
[Step 1376] Action: 3
[Step 1386] Action: 1
[Step 1400] Action: 2
[Step 1414] Action: 2
[Step 1424] Action: 1
[Step 1438] Action: 3
[Step 1452] Action: 0
[Step 1466] Action: 2
[Step 1480] Action: 2
[Step 1490] Action: 2
[Step 1500] Action: 2
[Step 1510] Action: 3
[Step 1524] Action: 3
[Step 1534] Action: 2
[Step 1548] Action: 2
[Step 1558] Action: 2
[Step 1568] Action: 2
[Step 1578] Action: 2
[Step 1588] Action: 0
[Step 1602] Action: 1
[Step 1616] Action: 1
[Step 1626] Action: 2
[Step 1640] Action: 3
[Step 1654] Action: 2
[Step 1668] Action: 0
[Step 1682] Action: 0
[Step 1692] Action: 2
[Step 1706] Action: 2
[Step 1716] Action: 0
[Step 1730] Action: 3
[Step 1744] Action: 2
[Step 1758] Action: 0
[Step 1772] Action: 2
[Step 1786] Action: 0
[Step 1800] Action: 1
[Step 1814] Action: 1
[Step 1824] Action: 3
[Step 1838] Action: 0
[Step 1852] Action: 1
[Step 1866] Action: 2
[Step 1880] Action: 2
[Step 1890] Action: 2
[Step 1900] Action: 3
[Step 1914] Action: 2
[Step 1928] Action: 2
[Step 1938] Action: 3
[Step 1952] Action: 0
[Step 1966] Action: 0
[Step 1976] Action: 0
[Step 1986] Action: 1
[Step 2000] Action: 1
[Step 2010] Action: 1
[Step 2020] Action: 2
[Step 2034] Action: 2
[Step 2044] Action: 1
[Step 2058] Action: 2
[Step 2072] Action: 0
[Step 2086] Action: 0
[Step 2096] Action: 2
[Step 2110] Action: 2
[Step 2120] Action: 2
[Step 2130] Action: 2
[Step 2140] Action: 0
[Step 2154] Action: 0
[Step 2164] Action: 0
[Step 2174] Action: 3
[Step 2188] Action: 0
[Step 2202] Action: 1
[Step 2216] Action: 1
[Step 2226] Action: 3
[Step 2240] Action: 1
[Step 2254] Action: 3
[Step 2268] Action: 0
[Step 2282] Action: 2
[Step 2296] Action: 1
[Step 2310] Action: 2
[Step 2324] Action: 0
[Step 2338] Action: 2
[Step 2352] Action: 0
[Step 2366] Action: 1
[Step 2380] Action: 3
[Step 2394] Action: 1
[Step 2408] Action: 3
[Step 2422] Action: 2
[Step 2436] Action: 2
[Step 2446] Action: 0
[Step 2460] Action: 2
[Step 2474] Action: 0
[Step 2488] Action: 3
[Step 2502] Action: 2
[Step 2516] Action: 3
[Step 2530] Action: 3
[Step 2540] Action: 2
[Step 2554] Action: 2
[Step 2564] Action: 1
[Step 2578] Action: 2
[Step 2592] Action: 3
[Step 2606] Action: 2
[Step 2620] Action: 2
[Step 2630] Action: 2
[Step 2640] Action: 3
[Step 2654] Action: 0
[Step 2668] Action: 2
[Step 2682] Action: 3
[Step 2696] Action: 1
[Step 2710] Action: 0
[Step 2724] Action: 3
[Step 2738] Action: 2
[Step 2752] Action: 0
[Step 2766] Action: 3
[Step 2780] Action: 3
[Step 2790] Action: 0
[Step 2804] Action: 3
[Step 2818] Action: 1
[Step 2832] Action: 3
[Step 2846] Action: 0
[Step 2860] Action: 2
[Step 2874] Action: 0
[Step 2888] Action: 2
[Step 2902] Action: 2
[Step 2912] Action: 1
[Step 2926] Action: 1
[Step 2936] Action: 2
[Step 2950] Action: 2
[Step 2960] Action: 3
[Step 2974] Action: 0
[Step 2988] Action: 2
[Step 3002] Action: 2
[Step 3012] Action: 2
[Step 3022] Action: 1
[Step 3036] Action: 3
[Step 3050] Action: 3
[Step 3060] Action: 2
[Step 3074] Action: 0
[Step 3088] Action: 3
[Step 3102] Action: 0
[Step 3116] Action: 3
[Step 3130] Action: 0
[Step 3144] Action: 2
[Step 3158] Action: 3
[Step 3172] Action: 2
[Step 3186] Action: 2
[Step 3196] Action: 2
[Step 3206] Action: 1
[Step 3220] Action: 3
[Step 3234] Action: 1
[Step 3248] Action: 3
[Step 3262] Action: 0
[Step 3276] Action: 0
[Step 3286] Action: 2
[Step 3300] Action: 3
[Step 3314] Action: 0
[Step 3328] Action: 3
[Step 3342] Action: 2
[Step 3356] Action: 2
[Step 3366] Action: 0
[Step 3380] Action: 3
[Step 3394] Action: 1
[Step 3408] Action: 3
[Step 3422] Action: 0
[Step 3436] Action: 2
[Step 3450] Action: 3
[Step 3464] Action: 0
[Step 3478] Action: 3
[Step 3492] Action: 2
[Step 3506] Action: 2
[Step 3516] Action: 2
[Step 3526] Action: 2
[Step 3536] Action: 0
[Step 3550] Action: 2
[Step 3564] Action: 3
[Step 3578] Action: 0
[Step 3592] Action: 2
[Step 3606] Action: 0
[Step 3620] Action: 3
[Step 3634] Action: 0
[Step 3648] Action: 0
[Step 3658] Action: 2
[Step 3672] Action: 3
[Step 3686] Action: 3
[Step 3696] Action: 3
[Step 3706] Action: 1
[Step 3720] Action: 3
[Step 3734] Action: 3
[Step 3744] Action: 2
[Step 3758] Action: 3
[Step 3772] Action: 3
[Step 3782] Action: 0
[Step 3796] Action: 3
[Step 3810] Action: 0
[Step 3824] Action: 2
[Step 3838] Action: 0
[Step 3852] Action: 0
[Step 3862] Action: 3
[Step 3876] Action: 1
[Step 3890] Action: 2
[Step 3904] Action: 0
[Step 3918] Action: 0
[Step 3928] Action: 0
[Step 3938] Action: 3
[Step 3952] Action: 3
[Step 3962] Action: 3
[Step 3972] Action: 3
[Step 3982] Action: 0
[Step 3996] Action: 2
[Step 4010] Action: 1
[Step 4024] Action: 3
[Step 4038] Action: 0
[Step 4052] Action: 1
[Step 4066] Action: 3
[Step 4080] Action: 3
[Step 4090] Action: 0
[Step 4104] Action: 2
[Step 4118] Action: 1
[Step 4132] Action: 3
[Step 4146] Action: 3
[Step 4156] Action: 1
[Step 4170] Action: 3
[Step 4184] Action: 2
[Step 4198] Action: 3
[Step 4212] Action: 0
[Step 4226] Action: 3
[Step 4240] Action: 0
[Step 4254] Action: 2
[Step 4268] Action: 1
[Step 4282] Action: 0
[Step 4296] Action: 1
[Step 4310] Action: 2
[Step 4324] Action: 0
[Step 4338] Action: 3
[Step 4352] Action: 0
[Step 4366] Action: 3
[Step 4380] Action: 2
[Step 4394] Action: 3
[Step 4408] Action: 3
[Step 4418] Action: 3
[Step 4428] Action: 0
[Step 4442] Action: 2
[Step 4456] Action: 2
[Step 4466] Action: 2
[Step 4476] Action: 1
[Step 4490] Action: 2
[Step 4504] Action: 1
[Step 4518] Action: 1
[Step 4528] Action: 0
[Step 4542] Action: 0
[Step 4552] Action: 3
[Step 4566] Action: 3
[Step 4576] Action: 2
[Step 4590] Action: 3
[Step 4604] Action: 3
[Step 4614] Action: 3
[Step 4624] Action: 2
[Step 4638] Action: 2
[Step 4648] Action: 1
[Step 4662] Action: 1
[Step 4672] Action: 2
[Step 4686] Action: 0
[Step 4700] Action: 3
[Step 4714] Action: 0
[Step 4728] Action: 3
[Step 4742] Action: 1
[Step 4756] Action: 3
[Step 4770] Action: 0
[Step 4784] Action: 1
[Step 4798] Action: 1
[Step 4808] Action: 3
[Step 4822] Action: 3
[Step 4832] Action: 0
[Step 4846] Action: 2
[Step 4860] Action: 3
[Step 4874] Action: 3
[Step 4884] Action: 1
[Step 4898] Action: 0
[Step 4912] Action: 3
[Step 4926] Action: 3
[Step 4936] Action: 1
[Step 4950] Action: 0
[Step 4964] Action: 2
[Step 4978] Action: 0
[Step 4992] Action: 3
[Step 5006] Action: 0
[Step 5020] Action: 3
[Step 5034] Action: 1
[Step 5048] Action: 3
[Step 5062] Action: 0
[Step 5076] Action: 3
[Step 5090] Action: 2
[Step 5104] Action: 2
[Step 5114] Action: 1
[Step 5128] Action: 3
[Step 5142] Action: 0
[Step 5156] Action: 2
[Step 5170] Action: 0
[Step 5184] Action: 3
[Step 5198] Action: 1
[Step 5212] Action: 3
[Step 5226] Action: 1
[Step 5240] Action: 1
[Step 5250] Action: 0
[Step 5264] Action: 2
[Step 5278] Action: 0
[Step 5292] Action: 3
[Step 5306] Action: 2
[Step 5320] Action: 2
[Step 5330] Action: 0
[Step 5344] Action: 0
[Step 5354] Action: 1
[Step 5368] Action: 3
[Step 5382] Action: 3
[Step 5392] Action: 3
