[Step 0] Action: 1
[Step 10] Action: 1
[Step 20] Action: 3
[Step 34] Action: 3
[Step 44] Action: 2
[Step 58] Action: 2
[Step 68] Action: 1
[Step 82] Action: 1
[Step 92] Action: 0
[Step 106] Action: 1
[Step 120] Action: 3
[Step 134] Action: 3
[Step 144] Action: 3
[Step 154] Action: 0
[Step 168] Action: 1
[Step 182] Action: 1
[Step 192] Action: 0
[Step 206] Action: 2
[Step 220] Action: 1
[Step 234] Action: 0
[Step 248] Action: 1
[Step 262] Action: 1
[Step 272] Action: 1
[Step 282] Action: 2
[Step 296] Action: 0
[Step 310] Action: 3
[Step 324] Action: 2
[Step 338] Action: 0
[Step 352] Action: 2
[Step 366] Action: 1
[Step 380] Action: 0
[Step 394] Action: 0
[Step 404] Action: 2
[Step 418] Action: 1
[Step 432] Action: 0
[Step 446] Action: 0
[Step 456] Action: 0
[Step 466] Action: 1
[Step 480] Action: 3
[Step 494] Action: 2
[Step 508] Action: 1
[Step 522] Action: 0
[Step 536] Action: 0
[Step 546] Action: 0
[Step 556] Action: 1
[Step 570] Action: 1
[Step 580] Action: 0
[Step 594] Action: 1
[Step 608] Action: 1
[Step 618] Action: 0
[Step 632] Action: 0
[Step 642] Action: 2
[Step 656] Action: 2
[Step 666] Action: 2
[Step 676] Action: 2
[Step 686] Action: 2
[Step 696] Action: 2
[Step 706] Action: 0
[Step 720] Action: 2
[Step 734] Action: 0
[Step 748] Action: 1
[Step 762] Action: 1
[Step 772] Action: 1
[Step 782] Action: 2
[Step 796] Action: 0
[Step 810] Action: 0
[Step 820] Action: 0
[Step 830] Action: 2
[Step 844] Action: 2
[Step 854] Action: 2
[Step 864] Action: 0
[Step 878] Action: 3
[Step 892] Action: 2
[Step 906] Action: 0
[Step 920] Action: 2
[Step 934] Action: 2
[Step 944] Action: 3
[Step 958] Action: 1
[Step 972] Action: 1
[Step 982] Action: 3
[Step 996] Action: 2
[Step 1010] Action: 2
[Step 1020] Action: 2
[Step 1030] Action: 2
[Step 1040] Action: 2
[Step 1050] Action: 2
[Step 1060] Action: 2
[Step 1070] Action: 3
[Step 1084] Action: 0
[Step 1098] Action: 0
[Step 1108] Action: 0
[Step 1118] Action: 0
[Step 1128] Action: 0
[Step 1138] Action: 0
[Step 1148] Action: 1
[Step 1162] Action: 0
[Step 1176] Action: 0
[Step 1186] Action: 0
[Step 1196] Action: 2
[Step 1210] Action: 2
[Step 1220] Action: 2
[Step 1230] Action: 2
[Step 1240] Action: 0
[Step 1254] Action: 2
[Step 1268] Action: 2
[Step 1278] Action: 2
[Step 1288] Action: 2
[Step 1298] Action: 2
[Step 1308] Action: 3
[Step 1322] Action: 0
[Step 1336] Action: 2
[Step 1350] Action: 0
[Step 1364] Action: 2
[Step 1378] Action: 1
[Step 1392] Action: 3
[Step 1406] Action: 2
[Step 1420] Action: 2
[Step 1430] Action: 0
[Step 1444] Action: 1
[Step 1458] Action: 0
[Step 1472] Action: 0
[Step 1482] Action: 1
[Step 1496] Action: 0
[Step 1510] Action: 2
[Step 1524] Action: 2
[Step 1534] Action: 1
[Step 1548] Action: 3
[Step 1562] Action: 2
[Step 1576] Action: 0
[Step 1590] Action: 2
[Step 1604] Action: 2
[Step 1614] Action: 2
[Step 1624] Action: 1
[Step 1638] Action: 3
[Step 1652] Action: 1
[Step 1666] Action: 3
[Step 1680] Action: 2
[Step 1694] Action: 3
[Step 1708] Action: 0
[Step 1722] Action: 2
[Step 1736] Action: 2
[Step 1746] Action: 2
[Step 1756] Action: 3
[Step 1770] Action: 0
[Step 1784] Action: 0
[Step 1794] Action: 0
[Step 1804] Action: 2
[Step 1818] Action: 2
[Step 1828] Action: 0
[Step 1842] Action: 2
[Step 1856] Action: 0
[Step 1870] Action: 2
[Step 1884] Action: 0
[Step 1898] Action: 0
[Step 1908] Action: 0
[Step 1918] Action: 2
[Step 1932] Action: 0
[Step 1946] Action: 0
[Step 1956] Action: 0
[Step 1966] Action: 1
[Step 1980] Action: 0
[Step 1994] Action: 2
[Step 2008] Action: 2
[Step 2018] Action: 3
[Step 2032] Action: 1
[Step 2046] Action: 1
[Step 2056] Action: 1
[Step 2066] Action: 2
[Step 2080] Action: 0
[Step 2094] Action: 0
[Step 2104] Action: 0
[Step 2114] Action: 0
[Step 2124] Action: 3
[Step 2138] Action: 2
[Step 2152] Action: 3
[Step 2166] Action: 0
[Step 2180] Action: 2
[Step 2194] Action: 2
[Step 2204] Action: 2
[Step 2214] Action: 2
[Step 2224] Action: 2
[Step 2234] Action: 2
[Step 2244] Action: 3
[Step 2258] Action: 1
[Step 2272] Action: 0
[Step 2286] Action: 1
[Step 2300] Action: 2
[Step 2314] Action: 3
[Step 2328] Action: 2
[Step 2342] Action: 2
[Step 2352] Action: 1
[Step 2366] Action: 3
[Step 2380] Action: 0
[Step 2394] Action: 1
[Step 2408] Action: 0
[Step 2422] Action: 3
[Step 2436] Action: 0
[Step 2450] Action: 1
[Step 2464] Action: 2
[Step 2478] Action: 1
[Step 2492] Action: 0
[Step 2506] Action: 1
[Step 2520] Action: 1
[Step 2530] Action: 2
[Step 2544] Action: 2
[Step 2554] Action: 2
[Step 2564] Action: 1
[Step 2578] Action: 2
[Step 2592] Action: 2
[Step 2602] Action: 1
[Step 2616] Action: 1
[Step 2626] Action: 1
[Step 2636] Action: 2
[Step 2650] Action: 0
[Step 2664] Action: 2
[Step 2678] Action: 1
[Step 2692] Action: 2
[Step 2706] Action: 3
[Step 2720] Action: 0
[Step 2734] Action: 0
[Step 2744] Action: 1
[Step 2758] Action: 0
[Step 2772] Action: 1
[Step 2786] Action: 0
[Step 2800] Action: 2
[Step 2814] Action: 2
[Step 2824] Action: 1
[Step 2838] Action: 1
[Step 2848] Action: 0
[Step 2862] Action: 2
[Step 2876] Action: 0
[Step 2890] Action: 2
[Step 2904] Action: 1
[Step 2918] Action: 1
[Step 2928] Action: 0
[Step 2942] Action: 0
[Step 2952] Action: 3
[Step 2966] Action: 1
[Step 2980] Action: 0
[Step 2994] Action: 1
[Step 3008] Action: 3
[Step 3022] Action: 0
[Step 3036] Action: 1
[Step 3050] Action: 3
[Step 3064] Action: 2
[Step 3078] Action: 3
[Step 3092] Action: 2
[Step 3106] Action: 1
[Step 3120] Action: 2
[Step 3134] Action: 3
[Step 3148] Action: 0
[Step 3162] Action: 0
[Step 3172] Action: 0
[Step 3182] Action: 2
[Step 3196] Action: 3
[Step 3210] Action: 1
[Step 3224] Action: 1
[Step 3234] Action: 0
[Step 3248] Action: 3
[Step 3262] Action: 1
[Step 3276] Action: 3
[Step 3290] Action: 0
[Step 3304] Action: 1
[Step 3318] Action: 0
[Step 3332] Action: 2
[Step 3346] Action: 0
[Step 3360] Action: 1
[Step 3374] Action: 0
[Step 3388] Action: 1
[Step 3402] Action: 2
[Step 3416] Action: 2
[Step 3426] Action: 2
[Step 3436] Action: 1
[Step 3450] Action: 2
[Step 3464] Action: 3
[Step 3478] Action: 1
[Step 3492] Action: 0
[Step 3506] Action: 1
[Step 3520] Action: 2
[Step 3534] Action: 2
[Step 3544] Action: 0
[Step 3558] Action: 0
[Step 3568] Action: 1
[Step 3582] Action: 2
[Step 3596] Action: 1
[Step 3610] Action: 1
[Step 3620] Action: 1
[Step 3630] Action: 0
[Step 3644] Action: 1
[Step 3658] Action: 3
[Step 3672] Action: 0
[Step 3686] Action: 1
[Step 3700] Action: 0
[Step 3714] Action: 0
[Step 3724] Action: 1
[Step 3738] Action: 0
[Step 3752] Action: 2
[Step 3766] Action: 1
[Step 3780] Action: 1
[Step 3790] Action: 1
[Step 3800] Action: 0
[Step 3814] Action: 1
[Step 3828] Action: 0
[Step 3842] Action: 1
[Step 3856] Action: 0
[Step 3870] Action: 0
[Step 3880] Action: 0
[Step 3890] Action: 2
[Step 3904] Action: 1
[Step 3918] Action: 0
[Step 3932] Action: 2
[Step 3946] Action: 2
[Step 3956] Action: 2
[Step 3966] Action: 1
[Step 3980] Action: 0
[Step 3994] Action: 1
[Step 4008] Action: 3
[Step 4022] Action: 0
[Step 4036] Action: 1
[Step 4050] Action: 0
[Step 4064] Action: 1
[Step 4078] Action: 2
[Step 4092] Action: 0
[Step 4106] Action: 3
[Step 4120] Action: 1
[Step 4134] Action: 2
[Step 4148] Action: 1
[Step 4162] Action: 1
[Step 4172] Action: 1
[Step 4182] Action: 3
[Step 4196] Action: 0
[Step 4210] Action: 1
[Step 4224] Action: 0
[Step 4238] Action: 1
[Step 4252] Action: 1
[Step 4262] Action: 0
[Step 4276] Action: 1
[Step 4290] Action: 0
[Step 4304] Action: 1
[Step 4318] Action: 0
[Step 4332] Action: 1
[Step 4346] Action: 1
[Step 4356] Action: 0
[Step 4370] Action: 3
[Step 4384] Action: 1
[Step 4398] Action: 0
[Step 4412] Action: 1
[Step 4426] Action: 0
[Step 4440] Action: 1
[Step 4454] Action: 1
[Step 4464] Action: 1
[Step 4474] Action: 0
[Step 4488] Action: 1
[Step 4502] Action: 0
[Step 4516] Action: 3
[Step 4530] Action: 1
[Step 4544] Action: 0
[Step 4558] Action: 0
[Step 4568] Action: 3
[Step 4582] Action: 1
[Step 4596] Action: 1
[Step 4606] Action: 1
[Step 4616] Action: 1
[Step 4626] Action: 0
[Step 4640] Action: 1
[Step 4654] Action: 0
[Step 4668] Action: 1
[Step 4682] Action: 0
[Step 4696] Action: 0
[Step 4706] Action: 1
[Step 4720] Action: 3
[Step 4734] Action: 1
[Step 4748] Action: 2
[Step 4762] Action: 1
[Step 4776] Action: 1
[Step 4786] Action: 3
[Step 4800] Action: 1
[Step 4814] Action: 1
[Step 4824] Action: 2
[Step 4838] Action: 2
[Step 4848] Action: 1
[Step 4862] Action: 0
[Step 4876] Action: 0
[Step 4886] Action: 1
[Step 4900] Action: 3
[Step 4914] Action: 0
[Step 4928] Action: 0
[Step 4938] Action: 0
[Step 4948] Action: 1
[Step 4962] Action: 1
[Step 4972] Action: 0
[Step 4986] Action: 2
[Step 5000] Action: 3
[Step 5014] Action: 1
[Step 5028] Action: 1
[Step 5038] Action: 0
[Step 5052] Action: 1
[Step 5066] Action: 1
[Step 5076] Action: 3
[Step 5090] Action: 2
[Step 5104] Action: 3
[Step 5118] Action: 0
[Step 5132] Action: 3
[Step 5146] Action: 3
[Step 5156] Action: 2
[Step 5170] Action: 3
[Step 5184] Action: 1
[Step 5198] Action: 1
[Step 5208] Action: 0
[Step 5222] Action: 1
[Step 5236] Action: 2
[Step 5250] Action: 2
[Step 5260] Action: 1
[Step 5274] Action: 1
[Step 5284] Action: 1
[Step 5294] Action: 0
[Step 5308] Action: 2
[Step 5322] Action: 2
[Step 5332] Action: 3
[Step 5346] Action: 1
[Step 5360] Action: 1
[Step 5370] Action: 1
[Step 5380] Action: 3
[Step 5394] Action: 0
