[Step 0] Action: 1
[Step 10] Action: 3
[Step 24] Action: 0
[Step 38] Action: 0
[Step 48] Action: 1
[Step 62] Action: 0
[Step 76] Action: 1
[Step 90] Action: 3
[Step 104] Action: 2
[Step 118] Action: 1
[Step 132] Action: 0
[Step 146] Action: 3
[Step 160] Action: 1
[Step 174] Action: 3
[Step 188] Action: 0
[Step 202] Action: 2
[Step 216] Action: 2
[Step 226] Action: 1
[Step 240] Action: 2
[Step 254] Action: 1
[Step 268] Action: 2
[Step 282] Action: 1
[Step 296] Action: 3
[Step 310] Action: 3
[Step 320] Action: 0
[Step 334] Action: 3
[Step 348] Action: 2
[Step 362] Action: 2
[Step 372] Action: 1
[Step 386] Action: 1
[Step 396] Action: 1
[Step 406] Action: 0
[Step 420] Action: 3
[Step 434] Action: 0
[Step 448] Action: 0
[Step 458] Action: 3
[Step 472] Action: 1
[Step 486] Action: 2
[Step 500] Action: 2
[Step 510] Action: 1
[Step 524] Action: 1
[Step 534] Action: 1
[Step 544] Action: 0
[Step 558] Action: 2
[Step 572] Action: 1
[Step 586] Action: 3
[Step 600] Action: 2
[Step 614] Action: 2
[Step 624] Action: 1
[Step 638] Action: 0
[Step 652] Action: 3
[Step 666] Action: 3
[Step 676] Action: 2
[Step 690] Action: 1
[Step 704] Action: 0
[Step 718] Action: 2
[Step 732] Action: 3
[Step 746] Action: 1
[Step 760] Action: 1
[Step 770] Action: 2
[Step 784] Action: 0
[Step 798] Action: 3
[Step 812] Action: 2
[Step 826] Action: 3
[Step 840] Action: 3
[Step 850] Action: 2
[Step 864] Action: 0
[Step 878] Action: 3
[Step 892] Action: 0
[Step 906] Action: 3
[Step 920] Action: 1
[Step 934] Action: 2
[Step 948] Action: 3
[Step 962] Action: 2
[Step 976] Action: 2
[Step 986] Action: 3
[Step 1000] Action: 3
[Step 1010] Action: 0
[Step 1024] Action: 3
[Step 1038] Action: 0
[Step 1052] Action: 3
[Step 1066] Action: 3
[Step 1076] Action: 1
[Step 1090] Action: 2
[Step 1104] Action: 3
[Step 1118] Action: 2
[Step 1132] Action: 1
[Step 1146] Action: 3
[Step 1160] Action: 3
[Step 1170] Action: 0
[Step 1184] Action: 2
[Step 1198] Action: 0
[Step 1212] Action: 2
[Step 1226] Action: 1
[Step 1240] Action: 0
[Step 1254] Action: 2
[Step 1268] Action: 0
[Step 1282] Action: 3
[Step 1296] Action: 0
[Step 1310] Action: 0
[Step 1320] Action: 2
[Step 1334] Action: 2
[Step 1344] Action: 1
[Step 1358] Action: 0
[Step 1372] Action: 1
[Step 1386] Action: 2
[Step 1400] Action: 3
[Step 1414] Action: 0
[Step 1428] Action: 1
[Step 1442] Action: 1
[Step 1452] Action: 3
[Step 1466] Action: 0
[Step 1480] Action: 0
[Step 1490] Action: 3
[Step 1504] Action: 0
[Step 1518] Action: 3
[Step 1532] Action: 0
[Step 1546] Action: 1
[Step 1560] Action: 1
[Step 1570] Action: 2
[Step 1584] Action: 2
[Step 1594] Action: 0
[Step 1608] Action: 0
[Step 1618] Action: 1
[Step 1632] Action: 2
[Step 1646] Action: 2
[Step 1656] Action: 0
[Step 1670] Action: 0
[Step 1680] Action: 2
[Step 1694] Action: 1
[Step 1708] Action: 3
[Step 1722] Action: 0
[Step 1736] Action: 3
[Step 1750] Action: 0
[Step 1764] Action: 0
[Step 1774] Action: 3
[Step 1788] Action: 1
[Step 1802] Action: 3
[Step 1816] Action: 0
[Step 1830] Action: 1
[Step 1844] Action: 0
[Step 1858] Action: 0
[Step 1868] Action: 0
[Step 1878] Action: 3
[Step 1892] Action: 1
[Step 1906] Action: 3
[Step 1920] Action: 1
[Step 1934] Action: 0
[Step 1948] Action: 3
[Step 1962] Action: 2
[Step 1976] Action: 3
[Step 1990] Action: 0
[Step 2004] Action: 3
[Step 2018] Action: 1
[Step 2032] Action: 2
[Step 2046] Action: 3
[Step 2060] Action: 2
[Step 2074] Action: 1
[Step 2088] Action: 0
[Step 2102] Action: 3
[Step 2116] Action: 3
[Step 2126] Action: 2
[Step 2140] Action: 0
[Step 2154] Action: 0
[Step 2164] Action: 0
[Step 2174] Action: 2
[Step 2188] Action: 1
[Step 2202] Action: 3
[Step 2216] Action: 1
[Step 2230] Action: 1
[Step 2240] Action: 0
[Step 2254] Action: 3
[Step 2268] Action: 2
[Step 2282] Action: 1
[Step 2296] Action: 1
[Step 2306] Action: 3
[Step 2320] Action: 2
[Step 2334] Action: 3
[Step 2348] Action: 2
[Step 2362] Action: 2
[Step 2372] Action: 0
[Step 2386] Action: 3
[Step 2400] Action: 3
[Step 2410] Action: 1
[Step 2424] Action: 1
[Step 2434] Action: 2
[Step 2448] Action: 1
[Step 2462] Action: 0
[Step 2476] Action: 0
[Step 2486] Action: 2
[Step 2500] Action: 1
[Step 2514] Action: 2
[Step 2528] Action: 2
[Step 2538] Action: 3
[Step 2552] Action: 0
[Step 2566] Action: 2
[Step 2580] Action: 3
[Step 2594] Action: 3
[Step 2604] Action: 2
[Step 2618] Action: 0
[Step 2632] Action: 1
[Step 2646] Action: 1
[Step 2656] Action: 0
[Step 2670] Action: 0
[Step 2680] Action: 0
[Step 2690] Action: 3
[Step 2704] Action: 2
[Step 2718] Action: 2
[Step 2728] Action: 3
[Step 2742] Action: 0
[Step 2756] Action: 3
[Step 2770] Action: 3
[Step 2780] Action: 3
[Step 2790] Action: 0
[Step 2804] Action: 3
[Step 2818] Action: 1
[Step 2832] Action: 2
[Step 2846] Action: 0
[Step 2860] Action: 3
[Step 2874] Action: 0
[Step 2888] Action: 0
[Step 2898] Action: 3
[Step 2912] Action: 0
[Step 2926] Action: 0
[Step 2936] Action: 2
[Step 2950] Action: 0
[Step 2964] Action: 2
[Step 2978] Action: 0
[Step 2992] Action: 1
[Step 3006] Action: 0
[Step 3020] Action: 1
[Step 3034] Action: 0
[Step 3048] Action: 1
[Step 3062] Action: 0
[Step 3076] Action: 1
[Step 3090] Action: 1
[Step 3100] Action: 2
[Step 3114] Action: 3
[Step 3128] Action: 1
[Step 3142] Action: 1
[Step 3152] Action: 0
[Step 3166] Action: 2
[Step 3180] Action: 3
[Step 3194] Action: 0
[Step 3208] Action: 0
[Step 3218] Action: 3
[Step 3232] Action: 2
[Step 3246] Action: 0
[Step 3260] Action: 3
[Step 3274] Action: 2
[Step 3288] Action: 1
[Step 3302] Action: 0
[Step 3316] Action: 1
[Step 3330] Action: 3
[Step 3344] Action: 2
[Step 3358] Action: 2
[Step 3368] Action: 0
[Step 3382] Action: 1
[Step 3396] Action: 1
[Step 3406] Action: 2
[Step 3420] Action: 3
[Step 3434] Action: 0
[Step 3448] Action: 2
[Step 3462] Action: 3
[Step 3476] Action: 1
[Step 3490] Action: 0
[Step 3504] Action: 3
[Step 3518] Action: 3
[Step 3528] Action: 2
[Step 3542] Action: 2
[Step 3552] Action: 2
[Step 3562] Action: 1
[Step 3576] Action: 0
[Step 3590] Action: 1
[Step 3604] Action: 0
[Step 3618] Action: 0
[Step 3628] Action: 3
[Step 3642] Action: 0
[Step 3656] Action: 0
[Step 3666] Action: 0
[Step 3676] Action: 3
[Step 3690] Action: 1
[Step 3704] Action: 1
[Step 3714] Action: 1
[Step 3724] Action: 1
[Step 3734] Action: 1
[Step 3744] Action: 3
[Step 3758] Action: 0
[Step 3772] Action: 1
[Step 3786] Action: 1
[Step 3796] Action: 2
[Step 3810] Action: 2
[Step 3820] Action: 3
[Step 3834] Action: 0
[Step 3848] Action: 1
[Step 3862] Action: 1
[Step 3872] Action: 2
[Step 3886] Action: 2
[Step 3896] Action: 2
[Step 3906] Action: 2
[Step 3916] Action: 2
[Step 3926] Action: 3
[Step 3940] Action: 0
[Step 3954] Action: 0
[Step 3964] Action: 0
[Step 3974] Action: 2
[Step 3988] Action: 0
[Step 4002] Action: 2
[Step 4016] Action: 0
[Step 4030] Action: 3
[Step 4044] Action: 3
[Step 4054] Action: 2
[Step 4068] Action: 3
[Step 4082] Action: 2
[Step 4096] Action: 3
[Step 4110] Action: 3
[Step 4120] Action: 1
[Step 4134] Action: 0
[Step 4148] Action: 0
[Step 4158] Action: 1
[Step 4172] Action: 3
[Step 4186] Action: 0
[Step 4200] Action: 2
[Step 4214] Action: 2
[Step 4224] Action: 0
[Step 4238] Action: 1
[Step 4252] Action: 1
[Step 4262] Action: 2
[Step 4276] Action: 2
[Step 4286] Action: 2
[Step 4296] Action: 1
[Step 4310] Action: 3
[Step 4324] Action: 0
[Step 4338] Action: 3
[Step 4352] Action: 2
[Step 4366] Action: 1
[Step 4380] Action: 3
[Step 4394] Action: 0
[Step 4408] Action: 0
[Step 4418] Action: 3
[Step 4432] Action: 0
[Step 4446] Action: 1
[Step 4460] Action: 1
[Step 4470] Action: 3
[Step 4484] Action: 3
[Step 4494] Action: 0
[Step 4508] Action: 0
[Step 4518] Action: 2
[Step 4532] Action: 2
[Step 4542] Action: 0
[Step 4556] Action: 2
[Step 4570] Action: 3
[Step 4584] Action: 2
[Step 4598] Action: 3
[Step 4612] Action: 1
[Step 4626] Action: 1
[Step 4636] Action: 1
[Step 4646] Action: 3
[Step 4660] Action: 0
[Step 4674] Action: 2
[Step 4688] Action: 1
[Step 4702] Action: 1
[Step 4712] Action: 0
[Step 4726] Action: 3
[Step 4740] Action: 3
[Step 4750] Action: 1
[Step 4764] Action: 1
[Step 4774] Action: 1
[Step 4784] Action: 3
[Step 4798] Action: 3
[Step 4808] Action: 2
[Step 4822] Action: 3
[Step 4836] Action: 2
[Step 4850] Action: 3
[Step 4864] Action: 1
[Step 4878] Action: 2
[Step 4892] Action: 3
[Step 4906] Action: 0
[Step 4920] Action: 0
[Step 4930] Action: 0
[Step 4940] Action: 0
[Step 4950] Action: 0
[Step 4960] Action: 1
[Step 4974] Action: 1
[Step 4984] Action: 0
[Step 4998] Action: 2
[Step 5012] Action: 0
[Step 5026] Action: 1
[Step 5040] Action: 1
[Step 5050] Action: 0
[Step 5064] Action: 0
[Step 5074] Action: 0
[Step 5084] Action: 0
[Step 5094] Action: 3
[Step 5108] Action: 1
[Step 5122] Action: 0
[Step 5136] Action: 1
[Step 5150] Action: 0
[Step 5164] Action: 3
[Step 5178] Action: 3
[Step 5188] Action: 1
[Step 5202] Action: 1
[Step 5212] Action: 0
[Step 5226] Action: 0
[Step 5236] Action: 0
[Step 5246] Action: 2
[Step 5260] Action: 1
[Step 5274] Action: 0
[Step 5288] Action: 1
[Step 5302] Action: 2
[Step 5316] Action: 3
[Step 5330] Action: 3
[Step 5340] Action: 1
[Step 5354] Action: 2
[Step 5368] Action: 1
[Step 5382] Action: 0
[Step 5396] Action: 2
