[Step 0] Action: 3
[Step 10] Action: 3
[Step 20] Action: 1
[Step 34] Action: 3
[Step 48] Action: 3
[Step 58] Action: 1
[Step 72] Action: 3
[Step 86] Action: 1
[Step 100] Action: 3
[Step 114] Action: 1
[Step 128] Action: 3
[Step 142] Action: 3
[Step 152] Action: 3
[Step 162] Action: 3
[Step 172] Action: 3
[Step 182] Action: 1
[Step 196] Action: 3
[Step 210] Action: 3
[Step 220] Action: 0
[Step 234] Action: 0
[Step 244] Action: 3
[Step 258] Action: 2
[Step 272] Action: 0
[Step 286] Action: 3
[Step 300] Action: 3
[Step 310] Action: 3
[Step 320] Action: 2
[Step 334] Action: 3
[Step 348] Action: 3
[Step 358] Action: 1
[Step 372] Action: 3
[Step 386] Action: 0
[Step 400] Action: 3
[Step 414] Action: 0
[Step 428] Action: 3
[Step 442] Action: 0
[Step 456] Action: 3
[Step 470] Action: 0
[Step 484] Action: 0
[Step 494] Action: 3
[Step 508] Action: 2
[Step 522] Action: 2
[Step 532] Action: 3
[Step 546] Action: 0
[Step 560] Action: 3
[Step 574] Action: 1
[Step 588] Action: 3
[Step 602] Action: 2
[Step 616] Action: 3
[Step 630] Action: 1
[Step 644] Action: 2
[Step 658] Action: 3
[Step 672] Action: 3
[Step 682] Action: 3
[Step 692] Action: 3
[Step 702] Action: 0
[Step 716] Action: 2
[Step 730] Action: 3
[Step 744] Action: 2
[Step 758] Action: 3
[Step 772] Action: 1
[Step 786] Action: 0
[Step 800] Action: 3
[Step 814] Action: 0
[Step 828] Action: 2
[Step 842] Action: 3
[Step 856] Action: 1
[Step 870] Action: 1
[Step 880] Action: 2
[Step 894] Action: 3
[Step 908] Action: 0
[Step 922] Action: 2
[Step 936] Action: 1
[Step 950] Action: 2
[Step 964] Action: 2
[Step 974] Action: 0
[Step 988] Action: 3
[Step 1002] Action: 0
[Step 1016] Action: 3
[Step 1030] Action: 0
[Step 1044] Action: 2
[Step 1058] Action: 3
[Step 1072] Action: 2
[Step 1086] Action: 0
[Step 1100] Action: 3
[Step 1114] Action: 0
[Step 1128] Action: 1
[Step 1142] Action: 2
[Step 1156] Action: 2
[Step 1166] Action: 1
[Step 1180] Action: 0
[Step 1194] Action: 3
[Step 1208] Action: 2
[Step 1222] Action: 3
[Step 1236] Action: 2
[Step 1250] Action: 1
[Step 1264] Action: 0
[Step 1278] Action: 2
[Step 1292] Action: 3
[Step 1306] Action: 3
[Step 1316] Action: 0
[Step 1330] Action: 3
[Step 1344] Action: 0
[Step 1358] Action: 2
[Step 1372] Action: 3
[Step 1386] Action: 0
[Step 1400] Action: 2
[Step 1414] Action: 3
[Step 1428] Action: 0
[Step 1442] Action: 2
[Step 1456] Action: 3
[Step 1470] Action: 0
[Step 1484] Action: 2
[Step 1498] Action: 2
[Step 1508] Action: 0
[Step 1522] Action: 3
[Step 1536] Action: 1
[Step 1550] Action: 3
[Step 1564] Action: 0
[Step 1578] Action: 2
[Step 1592] Action: 3
[Step 1606] Action: 2
[Step 1620] Action: 2
[Step 1630] Action: 0
[Step 1644] Action: 3
[Step 1658] Action: 1
[Step 1672] Action: 0
[Step 1686] Action: 1
[Step 1700] Action: 1
[Step 1710] Action: 1
[Step 1720] Action: 0
[Step 1734] Action: 1
[Step 1748] Action: 0
[Step 1762] Action: 2
[Step 1776] Action: 3
[Step 1790] Action: 0
[Step 1804] Action: 3
[Step 1818] Action: 0
[Step 1832] Action: 2
[Step 1846] Action: 1
[Step 1860] Action: 3
[Step 1874] Action: 0
[Step 1888] Action: 2
[Step 1902] Action: 2
[Step 1912] Action: 2
[Step 1922] Action: 0
[Step 1936] Action: 2
[Step 1950] Action: 2
[Step 1960] Action: 1
[Step 1974] Action: 3
[Step 1988] Action: 1
[Step 2002] Action: 2
[Step 2016] Action: 0
[Step 2030] Action: 2
[Step 2044] Action: 3
[Step 2058] Action: 0
[Step 2072] Action: 2
[Step 2086] Action: 3
[Step 2100] Action: 2
[Step 2114] Action: 0
[Step 2128] Action: 3
[Step 2142] Action: 1
[Step 2156] Action: 3
[Step 2170] Action: 2
[Step 2184] Action: 3
[Step 2198] Action: 1
[Step 2212] Action: 3
[Step 2226] Action: 1
[Step 2240] Action: 3
[Step 2254] Action: 0
[Step 2268] Action: 2
[Step 2282] Action: 3
[Step 2296] Action: 3
[Step 2306] Action: 0
[Step 2320] Action: 3
[Step 2334] Action: 3
[Step 2344] Action: 0
[Step 2358] Action: 0
[Step 2368] Action: 2
[Step 2382] Action: 2
[Step 2392] Action: 3
[Step 2406] Action: 3
[Step 2416] Action: 0
[Step 2430] Action: 3
[Step 2444] Action: 3
[Step 2454] Action: 3
[Step 2464] Action: 0
[Step 2478] Action: 3
[Step 2492] Action: 3
[Step 2502] Action: 0
[Step 2516] Action: 3
[Step 2530] Action: 1
[Step 2544] Action: 0
[Step 2558] Action: 3
[Step 2572] Action: 2
[Step 2586] Action: 3
[Step 2600] Action: 0
[Step 2614] Action: 3
[Step 2628] Action: 0
[Step 2642] Action: 2
[Step 2656] Action: 3
[Step 2670] Action: 3
[Step 2680] Action: 3
[Step 2690] Action: 3
[Step 2700] Action: 0
[Step 2714] Action: 3
[Step 2728] Action: 2
[Step 2742] Action: 3
[Step 2756] Action: 0
[Step 2770] Action: 0
[Step 2780] Action: 3
[Step 2794] Action: 1
[Step 2808] Action: 3
[Step 2822] Action: 2
[Step 2836] Action: 3
[Step 2850] Action: 3
[Step 2860] Action: 0
[Step 2874] Action: 3
[Step 2888] Action: 3
[Step 2898] Action: 2
[Step 2912] Action: 3
[Step 2926] Action: 3
[Step 2936] Action: 0
[Step 2950] Action: 2
[Step 2964] Action: 3
[Step 2978] Action: 3
[Step 2988] Action: 0
[Step 3002] Action: 3
[Step 3016] Action: 0
[Step 3030] Action: 3
[Step 3044] Action: 1
[Step 3058] Action: 0
[Step 3072] Action: 1
[Step 3086] Action: 3
[Step 3100] Action: 3
[Step 3110] Action: 0
[Step 3124] Action: 2
[Step 3138] Action: 1
[Step 3152] Action: 3
[Step 3166] Action: 3
[Step 3176] Action: 1
[Step 3190] Action: 3
[Step 3204] Action: 1
[Step 3218] Action: 3
[Step 3232] Action: 2
[Step 3246] Action: 3
[Step 3260] Action: 0
[Step 3274] Action: 2
[Step 3288] Action: 3
[Step 3302] Action: 0
[Step 3316] Action: 3
[Step 3330] Action: 3
[Step 3340] Action: 0
[Step 3354] Action: 3
[Step 3368] Action: 1
[Step 3382] Action: 1
[Step 3392] Action: 3
[Step 3406] Action: 0
[Step 3420] Action: 3
[Step 3434] Action: 3
[Step 3444] Action: 2
[Step 3458] Action: 3
[Step 3472] Action: 3
[Step 3482] Action: 0
[Step 3496] Action: 3
[Step 3510] Action: 3
[Step 3520] Action: 0
[Step 3534] Action: 3
[Step 3548] Action: 2
[Step 3562] Action: 3
[Step 3576] Action: 0
[Step 3590] Action: 3
[Step 3604] Action: 2
[Step 3618] Action: 3
[Step 3632] Action: 3
[Step 3642] Action: 1
[Step 3656] Action: 3
[Step 3670] Action: 1
[Step 3684] Action: 3
[Step 3698] Action: 1
[Step 3712] Action: 2
[Step 3726] Action: 3
[Step 3740] Action: 1
[Step 3754] Action: 1
[Step 3764] Action: 3
[Step 3778] Action: 3
[Step 3788] Action: 1
[Step 3802] Action: 3
[Step 3816] Action: 3
[Step 3826] Action: 0
[Step 3840] Action: 3
[Step 3854] Action: 0
[Step 3868] Action: 3
[Step 3882] Action: 0
[Step 3896] Action: 1
[Step 3910] Action: 0
[Step 3924] Action: 3
[Step 3938] Action: 1
[Step 3952] Action: 2
[Step 3966] Action: 3
[Step 3980] Action: 1
[Step 3994] Action: 3
[Step 4008] Action: 1
[Step 4022] Action: 3
[Step 4036] Action: 1
[Step 4050] Action: 3
[Step 4064] Action: 1
[Step 4078] Action: 3
[Step 4092] Action: 1
[Step 4106] Action: 3
[Step 4120] Action: 2
[Step 4134] Action: 3
[Step 4148] Action: 1
[Step 4162] Action: 1
[Step 4172] Action: 3
[Step 4186] Action: 1
[Step 4200] Action: 3
[Step 4214] Action: 1
[Step 4228] Action: 3
[Step 4242] Action: 1
[Step 4256] Action: 3
[Step 4270] Action: 1
[Step 4284] Action: 1
[Step 4294] Action: 3
[Step 4308] Action: 1
[Step 4322] Action: 3
[Step 4336] Action: 1
[Step 4350] Action: 3
[Step 4364] Action: 1
[Step 4378] Action: 3
[Step 4392] Action: 1
[Step 4406] Action: 3
[Step 4420] Action: 1
[Step 4434] Action: 1
[Step 4444] Action: 3
[Step 4458] Action: 1
[Step 4472] Action: 3
[Step 4486] Action: 3
[Step 4496] Action: 1
[Step 4510] Action: 3
[Step 4524] Action: 2
[Step 4538] Action: 3
[Step 4552] Action: 1
[Step 4566] Action: 3
[Step 4580] Action: 1
[Step 4594] Action: 0
[Step 4608] Action: 2
[Step 4622] Action: 3
[Step 4636] Action: 1
[Step 4650] Action: 0
[Step 4664] Action: 1
[Step 4678] Action: 3
[Step 4692] Action: 0
[Step 4706] Action: 0
[Step 4716] Action: 3
[Step 4730] Action: 0
[Step 4744] Action: 3
[Step 4758] Action: 1
[Step 4772] Action: 3
[Step 4786] Action: 1
[Step 4800] Action: 3
[Step 4814] Action: 0
[Step 4828] Action: 3
[Step 4842] Action: 0
[Step 4856] Action: 3
[Step 4870] Action: 3
[Step 4880] Action: 1
[Step 4894] Action: 3
[Step 4908] Action: 1
[Step 4922] Action: 3
[Step 4936] Action: 1
[Step 4950] Action: 3
[Step 4964] Action: 3
[Step 4974] Action: 1
[Step 4988] Action: 3
[Step 5002] Action: 3
[Step 5012] Action: 1
[Step 5026] Action: 3
[Step 5040] Action: 0
[Step 5054] Action: 3
[Step 5068] Action: 3
[Step 5078] Action: 1
[Step 5092] Action: 3
[Step 5106] Action: 0
[Step 5120] Action: 1
[Step 5134] Action: 3
[Step 5148] Action: 1
[Step 5162] Action: 0
[Step 5176] Action: 0
[Step 5186] Action: 3
[Step 5200] Action: 1
[Step 5214] Action: 1
[Step 5224] Action: 3
[Step 5238] Action: 1
[Step 5252] Action: 3
[Step 5266] Action: 1
[Step 5280] Action: 3
[Step 5294] Action: 0
[Step 5308] Action: 3
[Step 5322] Action: 3
[Step 5332] Action: 3
[Step 5342] Action: 0
[Step 5356] Action: 3
[Step 5370] Action: 0
[Step 5384] Action: 3
[Step 5398] Action: 3
