[Step 0] Action: 2
[Step 10] Action: 2
[Step 20] Action: 0
[Step 34] Action: 2
[Step 48] Action: 2
[Step 58] Action: 3
[Step 72] Action: 1
[Step 86] Action: 3
[Step 100] Action: 2
[Step 114] Action: 2
[Step 124] Action: 2
[Step 134] Action: 3
[Step 148] Action: 0
[Step 162] Action: 1
[Step 176] Action: 0
[Step 190] Action: 2
[Step 204] Action: 0
[Step 218] Action: 0
[Step 228] Action: 0
[Step 238] Action: 1
[Step 252] Action: 2
[Step 266] Action: 3
[Step 280] Action: 3
[Step 290] Action: 2
[Step 304] Action: 2
[Step 314] Action: 2
[Step 324] Action: 2
[Step 334] Action: 2
[Step 344] Action: 2
[Step 354] Action: 2
[Step 364] Action: 2
[Step 374] Action: 1
[Step 388] Action: 2
[Step 402] Action: 2
[Step 412] Action: 1
[Step 426] Action: 2
[Step 440] Action: 2
[Step 450] Action: 2
[Step 460] Action: 2
[Step 470] Action: 2
[Step 480] Action: 3
[Step 494] Action: 2
[Step 508] Action: 1
[Step 522] Action: 3
[Step 536] Action: 3
[Step 546] Action: 2
[Step 560] Action: 2
[Step 570] Action: 2
[Step 580] Action: 2
[Step 590] Action: 3
[Step 604] Action: 0
[Step 618] Action: 2
[Step 632] Action: 2
[Step 642] Action: 0
[Step 656] Action: 3
[Step 670] Action: 0
[Step 684] Action: 2
[Step 698] Action: 2
[Step 708] Action: 0
[Step 722] Action: 1
[Step 736] Action: 0
[Step 750] Action: 2
[Step 764] Action: 2
[Step 774] Action: 2
[Step 784] Action: 1
[Step 798] Action: 2
[Step 812] Action: 0
[Step 826] Action: 1
[Step 840] Action: 1
[Step 850] Action: 2
[Step 864] Action: 1
[Step 878] Action: 2
[Step 892] Action: 2
[Step 902] Action: 2
[Step 912] Action: 2
[Step 922] Action: 0
[Step 936] Action: 2
[Step 950] Action: 2
[Step 960] Action: 3
[Step 974] Action: 3
[Step 984] Action: 0
[Step 998] Action: 2
[Step 1012] Action: 2
[Step 1022] Action: 3
[Step 1036] Action: 0
[Step 1050] Action: 3
[Step 1064] Action: 0
[Step 1078] Action: 3
[Step 1092] Action: 1
[Step 1106] Action: 2
[Step 1120] Action: 1
[Step 1134] Action: 0
[Step 1148] Action: 2
[Step 1162] Action: 2
[Step 1172] Action: 1
[Step 1186] Action: 0
[Step 1200] Action: 3
[Step 1214] Action: 3
[Step 1224] Action: 1
[Step 1238] Action: 0
[Step 1252] Action: 2
[Step 1266] Action: 2
[Step 1276] Action: 0
[Step 1290] Action: 2
[Step 1304] Action: 3
[Step 1318] Action: 0
[Step 1332] Action: 2
[Step 1346] Action: 2
[Step 1356] Action: 1
[Step 1370] Action: 0
[Step 1384] Action: 2
[Step 1398] Action: 3
[Step 1412] Action: 3
[Step 1422] Action: 0
[Step 1436] Action: 3
[Step 1450] Action: 1
[Step 1464] Action: 0
[Step 1478] Action: 2
[Step 1492] Action: 2
[Step 1502] Action: 2
[Step 1512] Action: 0
[Step 1526] Action: 2
[Step 1540] Action: 1
[Step 1554] Action: 2
[Step 1568] Action: 2
[Step 1578] Action: 2
[Step 1588] Action: 2
[Step 1598] Action: 3
[Step 1612] Action: 2
[Step 1626] Action: 2
[Step 1636] Action: 2
[Step 1646] Action: 2
[Step 1656] Action: 2
[Step 1666] Action: 2
[Step 1676] Action: 2
[Step 1686] Action: 1
[Step 1700] Action: 3
[Step 1714] Action: 2
[Step 1728] Action: 2
[Step 1738] Action: 2
[Step 1748] Action: 2
[Step 1758] Action: 2
[Step 1768] Action: 2
[Step 1778] Action: 2
[Step 1788] Action: 2
[Step 1798] Action: 2
[Step 1808] Action: 2
[Step 1818] Action: 1
[Step 1832] Action: 2
[Step 1846] Action: 2
[Step 1856] Action: 2
[Step 1866] Action: 2
[Step 1876] Action: 2
[Step 1886] Action: 2
[Step 1896] Action: 2
[Step 1906] Action: 2
[Step 1916] Action: 2
[Step 1926] Action: 3
[Step 1940] Action: 2
[Step 1954] Action: 2
[Step 1964] Action: 2
[Step 1974] Action: 2
[Step 1984] Action: 2
[Step 1994] Action: 2
[Step 2004] Action: 2
[Step 2014] Action: 2
[Step 2024] Action: 3
[Step 2038] Action: 2
[Step 2052] Action: 3
[Step 2066] Action: 0
[Step 2080] Action: 2
[Step 2094] Action: 2
[Step 2104] Action: 2
[Step 2114] Action: 1
[Step 2128] Action: 2
[Step 2142] Action: 3
[Step 2156] Action: 0
[Step 2170] Action: 1
[Step 2184] Action: 2
[Step 2198] Action: 2
[Step 2208] Action: 2
[Step 2218] Action: 3
[Step 2232] Action: 3
[Step 2242] Action: 1
[Step 2256] Action: 3
[Step 2270] Action: 2
[Step 2284] Action: 3
[Step 2298] Action: 1
[Step 2312] Action: 0
[Step 2326] Action: 2
[Step 2340] Action: 1
[Step 2354] Action: 0
[Step 2368] Action: 3
[Step 2382] Action: 2
[Step 2396] Action: 2
[Step 2406] Action: 3
[Step 2420] Action: 3
[Step 2430] Action: 0
[Step 2444] Action: 0
[Step 2454] Action: 2
[Step 2468] Action: 2
[Step 2478] Action: 3
[Step 2492] Action: 2
[Step 2506] Action: 3
[Step 2520] Action: 1
[Step 2534] Action: 2
[Step 2548] Action: 0
[Step 2562] Action: 2
[Step 2576] Action: 2
[Step 2586] Action: 2
[Step 2596] Action: 2
[Step 2606] Action: 2
[Step 2616] Action: 2
[Step 2626] Action: 0
[Step 2640] Action: 2
[Step 2654] Action: 2
[Step 2664] Action: 2
[Step 2674] Action: 2
[Step 2684] Action: 2
[Step 2694] Action: 0
[Step 2708] Action: 1
[Step 2722] Action: 3
[Step 2736] Action: 1
[Step 2750] Action: 0
[Step 2764] Action: 2
[Step 2778] Action: 2
[Step 2788] Action: 2
[Step 2798] Action: 2
[Step 2808] Action: 3
[Step 2822] Action: 2
[Step 2836] Action: 0
[Step 2850] Action: 3
[Step 2864] Action: 2
[Step 2878] Action: 3
[Step 2892] Action: 1
[Step 2906] Action: 2
[Step 2920] Action: 2
[Step 2930] Action: 2
[Step 2940] Action: 3
[Step 2954] Action: 2
[Step 2968] Action: 2
[Step 2978] Action: 2
[Step 2988] Action: 0
[Step 3002] Action: 2
[Step 3016] Action: 2
[Step 3026] Action: 3
[Step 3040] Action: 1
[Step 3054] Action: 2
[Step 3068] Action: 2
[Step 3078] Action: 2
[Step 3088] Action: 1
[Step 3102] Action: 2
[Step 3116] Action: 2
[Step 3126] Action: 1
[Step 3140] Action: 0
[Step 3154] Action: 2
[Step 3168] Action: 2
[Step 3178] Action: 2
[Step 3188] Action: 2
[Step 3198] Action: 2
[Step 3208] Action: 2
[Step 3218] Action: 3
[Step 3232] Action: 2
[Step 3246] Action: 1
[Step 3260] Action: 0
[Step 3274] Action: 2
[Step 3288] Action: 2
[Step 3298] Action: 2
[Step 3308] Action: 2
[Step 3318] Action: 3
[Step 3332] Action: 0
[Step 3346] Action: 2
[Step 3360] Action: 3
[Step 3374] Action: 0
[Step 3388] Action: 1
[Step 3402] Action: 1
[Step 3412] Action: 2
[Step 3426] Action: 0
[Step 3440] Action: 2
[Step 3454] Action: 2
[Step 3464] Action: 2
[Step 3474] Action: 1
[Step 3488] Action: 1
[Step 3498] Action: 2
[Step 3512] Action: 2
[Step 3522] Action: 2
[Step 3532] Action: 2
[Step 3542] Action: 2
[Step 3552] Action: 2
[Step 3562] Action: 1
[Step 3576] Action: 3
[Step 3590] Action: 2
[Step 3604] Action: 2
[Step 3614] Action: 2
[Step 3624] Action: 0
[Step 3638] Action: 2
[Step 3652] Action: 2
[Step 3662] Action: 2
[Step 3672] Action: 2
[Step 3682] Action: 0
[Step 3696] Action: 2
[Step 3710] Action: 2
[Step 3720] Action: 1
[Step 3734] Action: 2
[Step 3748] Action: 2
[Step 3758] Action: 2
[Step 3768] Action: 2
[Step 3778] Action: 2
[Step 3788] Action: 1
[Step 3802] Action: 3
[Step 3816] Action: 3
[Step 3826] Action: 0
[Step 3840] Action: 2
[Step 3854] Action: 2
[Step 3864] Action: 2
[Step 3874] Action: 2
[Step 3884] Action: 2
[Step 3894] Action: 3
[Step 3908] Action: 2
[Step 3922] Action: 3
[Step 3936] Action: 0
[Step 3950] Action: 3
[Step 3964] Action: 3
[Step 3974] Action: 0
[Step 3988] Action: 2
[Step 4002] Action: 1
[Step 4016] Action: 2
[Step 4030] Action: 1
[Step 4044] Action: 2
[Step 4058] Action: 0
[Step 4072] Action: 1
[Step 4086] Action: 3
[Step 4100] Action: 0
[Step 4114] Action: 2
[Step 4128] Action: 2
[Step 4138] Action: 0
[Step 4152] Action: 2
[Step 4166] Action: 0
[Step 4180] Action: 0
[Step 4190] Action: 3
[Step 4204] Action: 3
[Step 4214] Action: 0
[Step 4228] Action: 2
[Step 4242] Action: 1
[Step 4256] Action: 0
[Step 4270] Action: 2
[Step 4284] Action: 2
[Step 4294] Action: 0
[Step 4308] Action: 2
[Step 4322] Action: 2
[Step 4332] Action: 2
[Step 4342] Action: 2
[Step 4352] Action: 1
[Step 4366] Action: 0
[Step 4380] Action: 2
[Step 4394] Action: 2
[Step 4404] Action: 3
[Step 4418] Action: 3
[Step 4428] Action: 1
[Step 4442] Action: 2
[Step 4456] Action: 2
[Step 4466] Action: 2
[Step 4476] Action: 0
[Step 4490] Action: 2
[Step 4504] Action: 2
[Step 4514] Action: 1
[Step 4528] Action: 0
[Step 4542] Action: 2
[Step 4556] Action: 2
[Step 4566] Action: 0
[Step 4580] Action: 2
[Step 4594] Action: 2
[Step 4604] Action: 2
[Step 4614] Action: 2
[Step 4624] Action: 2
[Step 4634] Action: 1
[Step 4648] Action: 1
[Step 4658] Action: 2
[Step 4672] Action: 1
[Step 4686] Action: 3
[Step 4700] Action: 2
[Step 4714] Action: 3
[Step 4728] Action: 2
[Step 4742] Action: 0
[Step 4756] Action: 0
[Step 4766] Action: 0
[Step 4776] Action: 2
[Step 4790] Action: 1
[Step 4804] Action: 3
[Step 4818] Action: 2
[Step 4832] Action: 0
[Step 4846] Action: 2
[Step 4860] Action: 2
[Step 4870] Action: 2
[Step 4880] Action: 2
[Step 4890] Action: 2
[Step 4900] Action: 2
[Step 4910] Action: 2
[Step 4920] Action: 2
[Step 4930] Action: 0
[Step 4944] Action: 0
[Step 4954] Action: 3
[Step 4968] Action: 0
[Step 4982] Action: 2
[Step 4996] Action: 1
[Step 5010] Action: 0
[Step 5024] Action: 2
[Step 5038] Action: 3
[Step 5052] Action: 2
[Step 5066] Action: 2
[Step 5076] Action: 2
[Step 5086] Action: 0
[Step 5100] Action: 1
[Step 5114] Action: 0
[Step 5128] Action: 1
[Step 5142] Action: 0
[Step 5156] Action: 2
[Step 5170] Action: 0
[Step 5184] Action: 2
[Step 5198] Action: 2
[Step 5208] Action: 2
[Step 5218] Action: 0
[Step 5232] Action: 2
[Step 5246] Action: 2
[Step 5256] Action: 2
[Step 5266] Action: 0
[Step 5280] Action: 1
[Step 5294] Action: 3
[Step 5308] Action: 1
[Step 5322] Action: 2
[Step 5336] Action: 3
[Step 5350] Action: 0
[Step 5364] Action: 3
[Step 5378] Action: 2
[Step 5392] Action: 0
