[Step 0] Action: 3
[Step 10] Action: 3
[Step 20] Action: 0
[Step 34] Action: 1
[Step 48] Action: 0
[Step 62] Action: 3
[Step 76] Action: 1
[Step 90] Action: 0
[Step 104] Action: 3
[Step 118] Action: 2
[Step 132] Action: 3
[Step 146] Action: 1
[Step 160] Action: 1
[Step 170] Action: 2
[Step 184] Action: 2
[Step 194] Action: 1
[Step 208] Action: 0
[Step 222] Action: 2
[Step 236] Action: 2
[Step 246] Action: 1
[Step 260] Action: 0
[Step 274] Action: 2
[Step 288] Action: 2
[Step 298] Action: 3
[Step 312] Action: 3
[Step 322] Action: 3
[Step 332] Action: 3
[Step 342] Action: 2
[Step 356] Action: 1
[Step 370] Action: 1
[Step 380] Action: 3
[Step 394] Action: 1
[Step 408] Action: 0
[Step 422] Action: 0
[Step 432] Action: 1
[Step 446] Action: 2
[Step 460] Action: 2
[Step 470] Action: 2
[Step 480] Action: 0
[Step 494] Action: 0
[Step 504] Action: 0
[Step 514] Action: 2
[Step 528] Action: 2
[Step 538] Action: 1
[Step 552] Action: 3
[Step 566] Action: 1
[Step 580] Action: 1
[Step 590] Action: 0
[Step 604] Action: 0
[Step 614] Action: 0
[Step 624] Action: 1
[Step 638] Action: 3
[Step 652] Action: 3
[Step 662] Action: 0
[Step 676] Action: 1
[Step 690] Action: 2
[Step 704] Action: 1
[Step 718] Action: 0
[Step 732] Action: 2
[Step 746] Action: 2
[Step 756] Action: 0
[Step 770] Action: 2
[Step 784] Action: 1
[Step 798] Action: 2
[Step 812] Action: 2
[Step 822] Action: 2
[Step 832] Action: 3
[Step 846] Action: 2
[Step 860] Action: 2
[Step 870] Action: 2
[Step 880] Action: 3
[Step 894] Action: 2
[Step 908] Action: 0
[Step 922] Action: 3
[Step 936] Action: 0
[Step 950] Action: 2
[Step 964] Action: 2
[Step 974] Action: 0
[Step 988] Action: 1
[Step 1002] Action: 2
[Step 1016] Action: 2
[Step 1026] Action: 0
[Step 1040] Action: 3
[Step 1054] Action: 2
[Step 1068] Action: 2
[Step 1078] Action: 0
[Step 1092] Action: 3
[Step 1106] Action: 0
[Step 1120] Action: 0
[Step 1130] Action: 2
[Step 1144] Action: 3
[Step 1158] Action: 2
[Step 1172] Action: 2
[Step 1182] Action: 2
[Step 1192] Action: 3
[Step 1206] Action: 2
[Step 1220] Action: 0
[Step 1234] Action: 3
[Step 1248] Action: 0
[Step 1262] Action: 3
[Step 1276] Action: 2
[Step 1290] Action: 2
[Step 1300] Action: 0
[Step 1314] Action: 1
[Step 1328] Action: 1
[Step 1338] Action: 2
[Step 1352] Action: 1
[Step 1366] Action: 2
[Step 1380] Action: 2
[Step 1390] Action: 3
[Step 1404] Action: 2
[Step 1418] Action: 2
[Step 1428] Action: 2
[Step 1438] Action: 2
[Step 1448] Action: 0
[Step 1462] Action: 0
[Step 1472] Action: 0
[Step 1482] Action: 2
[Step 1496] Action: 2
[Step 1506] Action: 3
[Step 1520] Action: 2
[Step 1534] Action: 3
[Step 1548] Action: 1
[Step 1562] Action: 3
[Step 1576] Action: 2
[Step 1590] Action: 2
[Step 1600] Action: 1
[Step 1614] Action: 2
[Step 1628] Action: 2
[Step 1638] Action: 0
[Step 1652] Action: 0
[Step 1662] Action: 0
[Step 1672] Action: 0
[Step 1682] Action: 2
[Step 1696] Action: 3
[Step 1710] Action: 3
[Step 1720] Action: 3
[Step 1730] Action: 1
[Step 1744] Action: 2
[Step 1758] Action: 0
[Step 1772] Action: 0
[Step 1782] Action: 2
[Step 1796] Action: 2
[Step 1806] Action: 1
[Step 1820] Action: 0
[Step 1834] Action: 0
[Step 1844] Action: 0
[Step 1854] Action: 2
[Step 1868] Action: 1
[Step 1882] Action: 0
[Step 1896] Action: 2
[Step 1910] Action: 1
[Step 1924] Action: 2
[Step 1938] Action: 0
[Step 1952] Action: 2
[Step 1966] Action: 3
[Step 1980] Action: 0
[Step 1994] Action: 1
[Step 2008] Action: 2
[Step 2022] Action: 0
[Step 2036] Action: 3
[Step 2050] Action: 0
[Step 2064] Action: 3
[Step 2078] Action: 2
[Step 2092] Action: 2
[Step 2102] Action: 2
[Step 2112] Action: 1
[Step 2126] Action: 3
[Step 2140] Action: 3
[Step 2150] Action: 2
[Step 2164] Action: 1
[Step 2178] Action: 0
[Step 2192] Action: 1
[Step 2206] Action: 3
[Step 2220] Action: 3
[Step 2230] Action: 0
[Step 2244] Action: 3
[Step 2258] Action: 1
[Step 2272] Action: 1
[Step 2282] Action: 0
[Step 2296] Action: 3
[Step 2310] Action: 2
[Step 2324] Action: 1
[Step 2338] Action: 2
[Step 2352] Action: 2
[Step 2362] Action: 2
[Step 2372] Action: 0
[Step 2386] Action: 2
[Step 2400] Action: 3
[Step 2414] Action: 1
[Step 2428] Action: 0
[Step 2442] Action: 2
[Step 2456] Action: 1
[Step 2470] Action: 0
[Step 2484] Action: 3
[Step 2498] Action: 1
[Step 2512] Action: 3
[Step 2526] Action: 0
[Step 2540] Action: 3
[Step 2554] Action: 0
[Step 2568] Action: 0
[Step 2578] Action: 1
[Step 2592] Action: 2
[Step 2606] Action: 1
[Step 2620] Action: 1
[Step 2630] Action: 2
[Step 2644] Action: 2
[Step 2654] Action: 2
[Step 2664] Action: 2
[Step 2674] Action: 0
[Step 2688] Action: 3
[Step 2702] Action: 2
[Step 2716] Action: 2
[Step 2726] Action: 2
[Step 2736] Action: 2
[Step 2746] Action: 1
[Step 2760] Action: 3
[Step 2774] Action: 2
[Step 2788] Action: 0
[Step 2802] Action: 3
[Step 2816] Action: 3
[Step 2826] Action: 0
[Step 2840] Action: 3
[Step 2854] Action: 1
[Step 2868] Action: 0
[Step 2882] Action: 2
[Step 2896] Action: 3
[Step 2910] Action: 2
[Step 2924] Action: 2
[Step 2934] Action: 0
[Step 2948] Action: 2
[Step 2962] Action: 1
[Step 2976] Action: 2
[Step 2990] Action: 1
[Step 3004] Action: 2
[Step 3018] Action: 3
[Step 3032] Action: 1
[Step 3046] Action: 2
[Step 3060] Action: 0
[Step 3074] Action: 2
[Step 3088] Action: 0
[Step 3102] Action: 2
[Step 3116] Action: 1
[Step 3130] Action: 3
[Step 3144] Action: 2
[Step 3158] Action: 3
[Step 3172] Action: 0
[Step 3186] Action: 0
[Step 3196] Action: 0
[Step 3206] Action: 1
[Step 3220] Action: 0
[Step 3234] Action: 2
[Step 3248] Action: 2
[Step 3258] Action: 2
[Step 3268] Action: 1
[Step 3282] Action: 2
[Step 3296] Action: 3
[Step 3310] Action: 1
[Step 3324] Action: 0
[Step 3338] Action: 2
[Step 3352] Action: 1
[Step 3366] Action: 2
[Step 3380] Action: 3
[Step 3394] Action: 0
[Step 3408] Action: 1
[Step 3422] Action: 3
[Step 3436] Action: 1
[Step 3450] Action: 3
[Step 3464] Action: 2
[Step 3478] Action: 0
[Step 3492] Action: 3
[Step 3506] Action: 1
[Step 3520] Action: 2
[Step 3534] Action: 0
[Step 3548] Action: 3
[Step 3562] Action: 2
[Step 3576] Action: 2
[Step 3586] Action: 3
[Step 3600] Action: 2
[Step 3614] Action: 1
[Step 3628] Action: 1
[Step 3638] Action: 1
[Step 3648] Action: 1
[Step 3658] Action: 2
[Step 3672] Action: 3
[Step 3686] Action: 1
[Step 3700] Action: 3
[Step 3714] Action: 1
[Step 3728] Action: 3
[Step 3742] Action: 1
[Step 3756] Action: 3
[Step 3770] Action: 0
[Step 3784] Action: 1
[Step 3798] Action: 1
[Step 3808] Action: 2
[Step 3822] Action: 0
[Step 3836] Action: 2
[Step 3850] Action: 3
[Step 3864] Action: 3
[Step 3874] Action: 3
[Step 3884] Action: 0
[Step 3898] Action: 2
[Step 3912] Action: 1
[Step 3926] Action: 3
[Step 3940] Action: 2
[Step 3954] Action: 3
[Step 3968] Action: 3
[Step 3978] Action: 0
[Step 3992] Action: 3
[Step 4006] Action: 3
[Step 4016] Action: 1
[Step 4030] Action: 3
[Step 4044] Action: 3
[Step 4054] Action: 1
[Step 4068] Action: 0
[Step 4082] Action: 1
[Step 4096] Action: 2
[Step 4110] Action: 3
[Step 4124] Action: 1
[Step 4138] Action: 3
[Step 4152] Action: 1
[Step 4166] Action: 2
[Step 4180] Action: 0
[Step 4194] Action: 1
[Step 4208] Action: 1
[Step 4218] Action: 1
[Step 4228] Action: 2
[Step 4242] Action: 3
[Step 4256] Action: 0
[Step 4270] Action: 0
[Step 4280] Action: 2
[Step 4294] Action: 3
[Step 4308] Action: 1
[Step 4322] Action: 1
[Step 4332] Action: 2
[Step 4346] Action: 1
[Step 4360] Action: 3
[Step 4374] Action: 1
[Step 4388] Action: 1
[Step 4398] Action: 3
[Step 4412] Action: 1
[Step 4426] Action: 1
[Step 4436] Action: 1
[Step 4446] Action: 3
[Step 4460] Action: 0
[Step 4474] Action: 1
[Step 4488] Action: 1
[Step 4498] Action: 3
[Step 4512] Action: 1
[Step 4526] Action: 0
[Step 4540] Action: 3
[Step 4554] Action: 0
[Step 4568] Action: 1
[Step 4582] Action: 0
[Step 4596] Action: 2
[Step 4610] Action: 2
[Step 4620] Action: 3
[Step 4634] Action: 3
[Step 4644] Action: 0
[Step 4658] Action: 0
[Step 4668] Action: 1
[Step 4682] Action: 0
[Step 4696] Action: 2
[Step 4710] Action: 2
[Step 4720] Action: 0
[Step 4734] Action: 3
[Step 4748] Action: 1
[Step 4762] Action: 0
[Step 4776] Action: 3
[Step 4790] Action: 3
[Step 4800] Action: 3
[Step 4810] Action: 3
[Step 4820] Action: 2
[Step 4834] Action: 1
[Step 4848] Action: 3
[Step 4862] Action: 1
[Step 4876] Action: 3
[Step 4890] Action: 1
[Step 4904] Action: 3
[Step 4918] Action: 2
[Step 4932] Action: 2
[Step 4942] Action: 1
[Step 4956] Action: 1
[Step 4966] Action: 1
[Step 4976] Action: 1
[Step 4986] Action: 1
[Step 4996] Action: 1
[Step 5006] Action: 3
[Step 5020] Action: 1
[Step 5034] Action: 2
[Step 5048] Action: 2
[Step 5058] Action: 2
[Step 5068] Action: 1
[Step 5082] Action: 0
[Step 5096] Action: 1
[Step 5110] Action: 0
[Step 5124] Action: 1
[Step 5138] Action: 2
[Step 5152] Action: 1
[Step 5166] Action: 3
[Step 5180] Action: 2
[Step 5194] Action: 1
[Step 5208] Action: 2
[Step 5222] Action: 0
[Step 5236] Action: 1
[Step 5250] Action: 3
[Step 5264] Action: 1
[Step 5278] Action: 3
[Step 5292] Action: 3
[Step 5302] Action: 0
[Step 5316] Action: 1
[Step 5330] Action: 2
[Step 5344] Action: 3
[Step 5358] Action: 1
[Step 5372] Action: 3
[Step 5386] Action: 1
