[Step 0] Action: 2
[Step 10] Action: 2
[Step 20] Action: 2
[Step 30] Action: 2
[Step 40] Action: 2
[Step 50] Action: 2
[Step 60] Action: 3
[Step 74] Action: 2
[Step 88] Action: 2
[Step 98] Action: 2
[Step 108] Action: 2
[Step 118] Action: 2
[Step 128] Action: 2
[Step 138] Action: 2
[Step 148] Action: 2
[Step 158] Action: 2
[Step 168] Action: 2
[Step 178] Action: 2
[Step 188] Action: 2
[Step 198] Action: 1
[Step 212] Action: 2
[Step 226] Action: 0
[Step 240] Action: 2
[Step 254] Action: 2
[Step 264] Action: 2
[Step 274] Action: 2
[Step 284] Action: 2
[Step 294] Action: 2
[Step 304] Action: 2
[Step 314] Action: 2
[Step 324] Action: 3
[Step 338] Action: 2
[Step 352] Action: 2
[Step 362] Action: 2
[Step 372] Action: 2
[Step 382] Action: 2
[Step 392] Action: 2
[Step 402] Action: 2
[Step 412] Action: 2
[Step 422] Action: 2
[Step 432] Action: 2
[Step 442] Action: 2
[Step 452] Action: 2
[Step 462] Action: 2
[Step 472] Action: 3
[Step 486] Action: 2
[Step 500] Action: 2
[Step 510] Action: 2
[Step 520] Action: 2
[Step 530] Action: 3
[Step 544] Action: 2
[Step 558] Action: 2
[Step 568] Action: 2
[Step 578] Action: 2
[Step 588] Action: 2
[Step 598] Action: 2
[Step 608] Action: 2
[Step 618] Action: 0
[Step 632] Action: 3
[Step 646] Action: 2
[Step 660] Action: 2
[Step 670] Action: 2
[Step 680] Action: 2
[Step 690] Action: 2
[Step 700] Action: 0
[Step 714] Action: 2
[Step 728] Action: 2
[Step 738] Action: 2
[Step 748] Action: 2
[Step 758] Action: 0
[Step 772] Action: 2
[Step 786] Action: 2
[Step 796] Action: 2
[Step 806] Action: 2
[Step 816] Action: 2
[Step 826] Action: 2
[Step 836] Action: 2
[Step 846] Action: 2
[Step 856] Action: 2
[Step 866] Action: 0
[Step 880] Action: 2
[Step 894] Action: 2
[Step 904] Action: 2
[Step 914] Action: 2
[Step 924] Action: 2
[Step 934] Action: 2
[Step 944] Action: 2
[Step 954] Action: 3
[Step 968] Action: 2
[Step 982] Action: 2
[Step 992] Action: 2
[Step 1002] Action: 3
[Step 1016] Action: 2
[Step 1030] Action: 2
[Step 1040] Action: 2
[Step 1050] Action: 2
[Step 1060] Action: 2
[Step 1070] Action: 2
[Step 1080] Action: 2
[Step 1090] Action: 2
[Step 1100] Action: 2
[Step 1110] Action: 1
[Step 1124] Action: 2
[Step 1138] Action: 2
[Step 1148] Action: 2
[Step 1158] Action: 3
[Step 1172] Action: 0
[Step 1186] Action: 2
[Step 1200] Action: 2
[Step 1210] Action: 2
[Step 1220] Action: 2
[Step 1230] Action: 2
[Step 1240] Action: 2
[Step 1250] Action: 3
[Step 1264] Action: 2
[Step 1278] Action: 2
[Step 1288] Action: 2
[Step 1298] Action: 2
[Step 1308] Action: 2
[Step 1318] Action: 2
[Step 1328] Action: 2
[Step 1338] Action: 2
[Step 1348] Action: 2
[Step 1358] Action: 2
[Step 1368] Action: 2
[Step 1378] Action: 0
[Step 1392] Action: 2
[Step 1406] Action: 2
[Step 1416] Action: 2
[Step 1426] Action: 2
[Step 1436] Action: 2
[Step 1446] Action: 2
[Step 1456] Action: 2
[Step 1466] Action: 2
[Step 1476] Action: 2
[Step 1486] Action: 3
[Step 1500] Action: 2
[Step 1514] Action: 2
[Step 1524] Action: 2
[Step 1534] Action: 2
[Step 1544] Action: 2
[Step 1554] Action: 0
[Step 1568] Action: 2
[Step 1582] Action: 2
[Step 1592] Action: 2
[Step 1602] Action: 2
[Step 1612] Action: 2
[Step 1622] Action: 2
[Step 1632] Action: 2
[Step 1642] Action: 2
[Step 1652] Action: 2
[Step 1662] Action: 2
[Step 1672] Action: 2
[Step 1682] Action: 2
[Step 1692] Action: 1
[Step 1706] Action: 2
[Step 1720] Action: 3
[Step 1734] Action: 3
[Step 1744] Action: 3
[Step 1754] Action: 2
[Step 1768] Action: 3
[Step 1782] Action: 3
[Step 1792] Action: 3
[Step 1802] Action: 3
[Step 1812] Action: 3
[Step 1822] Action: 3
[Step 1832] Action: 3
[Step 1842] Action: 3
[Step 1852] Action: 3
[Step 1862] Action: 3
[Step 1872] Action: 3
[Step 1882] Action: 2
[Step 1896] Action: 2
[Step 1906] Action: 2
[Step 1916] Action: 1
[Step 1930] Action: 3
[Step 1944] Action: 3
[Step 1954] Action: 3
[Step 1964] Action: 3
[Step 1974] Action: 3
[Step 1984] Action: 3
[Step 1994] Action: 2
[Step 2008] Action: 2
[Step 2018] Action: 2
[Step 2028] Action: 2
[Step 2038] Action: 2
[Step 2048] Action: 2
[Step 2058] Action: 2
[Step 2068] Action: 2
[Step 2078] Action: 2
[Step 2088] Action: 2
[Step 2098] Action: 2
[Step 2108] Action: 2
[Step 2118] Action: 2
[Step 2128] Action: 2
[Step 2138] Action: 2
[Step 2148] Action: 2
[Step 2158] Action: 2
[Step 2168] Action: 2
[Step 2178] Action: 2
[Step 2188] Action: 2
[Step 2198] Action: 2
[Step 2208] Action: 2
[Step 2218] Action: 1
[Step 2232] Action: 2
[Step 2246] Action: 2
[Step 2256] Action: 2
[Step 2266] Action: 2
[Step 2276] Action: 2
[Step 2286] Action: 3
[Step 2300] Action: 2
[Step 2314] Action: 1
[Step 2328] Action: 2
[Step 2342] Action: 2
[Step 2352] Action: 2
[Step 2362] Action: 2
[Step 2372] Action: 2
[Step 2382] Action: 2
[Step 2392] Action: 2
[Step 2402] Action: 2
[Step 2412] Action: 2
[Step 2422] Action: 2
[Step 2432] Action: 0
[Step 2446] Action: 0
[Step 2456] Action: 2
[Step 2470] Action: 2
[Step 2480] Action: 2
[Step 2490] Action: 1
[Step 2504] Action: 2
[Step 2518] Action: 0
[Step 2532] Action: 0
[Step 2542] Action: 2
[Step 2556] Action: 2
[Step 2566] Action: 2
[Step 2576] Action: 2
[Step 2586] Action: 2
[Step 2596] Action: 2
[Step 2606] Action: 2
[Step 2616] Action: 2
[Step 2626] Action: 2
[Step 2636] Action: 2
[Step 2646] Action: 2
[Step 2656] Action: 2
[Step 2666] Action: 2
[Step 2676] Action: 2
[Step 2686] Action: 2
[Step 2696] Action: 2
[Step 2706] Action: 2
[Step 2716] Action: 2
[Step 2726] Action: 2
[Step 2736] Action: 2
[Step 2746] Action: 2
[Step 2756] Action: 2
[Step 2766] Action: 3
[Step 2780] Action: 2
[Step 2794] Action: 2
[Step 2804] Action: 2
[Step 2814] Action: 2
[Step 2824] Action: 2
[Step 2834] Action: 1
[Step 2848] Action: 2
[Step 2862] Action: 0
[Step 2876] Action: 2
[Step 2890] Action: 2
[Step 2900] Action: 2
[Step 2910] Action: 2
[Step 2920] Action: 2
[Step 2930] Action: 2
[Step 2940] Action: 2
[Step 2950] Action: 2
[Step 2960] Action: 2
[Step 2970] Action: 2
[Step 2980] Action: 2
[Step 2990] Action: 2
[Step 3000] Action: 2
[Step 3010] Action: 2
[Step 3020] Action: 2
[Step 3030] Action: 0
[Step 3044] Action: 0
[Step 3054] Action: 2
[Step 3068] Action: 2
[Step 3078] Action: 2
[Step 3088] Action: 2
[Step 3098] Action: 2
[Step 3108] Action: 0
[Step 3122] Action: 2
[Step 3136] Action: 2
[Step 3146] Action: 2
[Step 3156] Action: 2
[Step 3166] Action: 2
[Step 3176] Action: 2
[Step 3186] Action: 0
[Step 3200] Action: 0
[Step 3210] Action: 2
[Step 3224] Action: 2
[Step 3234] Action: 2
[Step 3244] Action: 2
[Step 3254] Action: 2
[Step 3264] Action: 2
[Step 3274] Action: 2
[Step 3284] Action: 2
[Step 3294] Action: 2
[Step 3304] Action: 2
[Step 3314] Action: 2
[Step 3324] Action: 2
[Step 3334] Action: 2
[Step 3344] Action: 2
[Step 3354] Action: 2
[Step 3364] Action: 2
[Step 3374] Action: 2
[Step 3384] Action: 2
[Step 3394] Action: 2
[Step 3404] Action: 2
[Step 3414] Action: 2
[Step 3424] Action: 2
[Step 3434] Action: 2
[Step 3444] Action: 2
[Step 3454] Action: 0
[Step 3468] Action: 2
[Step 3482] Action: 2
[Step 3492] Action: 2
[Step 3502] Action: 2
[Step 3512] Action: 2
[Step 3522] Action: 1
[Step 3536] Action: 2
[Step 3550] Action: 2
[Step 3560] Action: 2
[Step 3570] Action: 2
[Step 3580] Action: 2
[Step 3590] Action: 2
[Step 3600] Action: 2
[Step 3610] Action: 2
[Step 3620] Action: 3
[Step 3634] Action: 2
[Step 3648] Action: 1
[Step 3662] Action: 2
[Step 3676] Action: 2
[Step 3686] Action: 2
[Step 3696] Action: 2
[Step 3706] Action: 2
[Step 3716] Action: 2
[Step 3726] Action: 2
[Step 3736] Action: 2
[Step 3746] Action: 2
[Step 3756] Action: 2
[Step 3766] Action: 2
[Step 3776] Action: 2
[Step 3786] Action: 1
[Step 3800] Action: 2
[Step 3814] Action: 2
[Step 3824] Action: 2
[Step 3834] Action: 2
[Step 3844] Action: 2
[Step 3854] Action: 2
[Step 3864] Action: 2
[Step 3874] Action: 2
[Step 3884] Action: 2
[Step 3894] Action: 2
[Step 3904] Action: 2
[Step 3914] Action: 2
[Step 3924] Action: 2
[Step 3934] Action: 2
[Step 3944] Action: 2
[Step 3954] Action: 3
[Step 3968] Action: 2
[Step 3982] Action: 2
[Step 3992] Action: 2
[Step 4002] Action: 2
[Step 4012] Action: 2
[Step 4022] Action: 2
[Step 4032] Action: 2
[Step 4042] Action: 2
[Step 4052] Action: 2
[Step 4062] Action: 2
[Step 4072] Action: 2
[Step 4082] Action: 2
[Step 4092] Action: 2
[Step 4102] Action: 2
[Step 4112] Action: 2
[Step 4122] Action: 2
[Step 4132] Action: 2
[Step 4142] Action: 2
[Step 4152] Action: 2
[Step 4162] Action: 2
[Step 4172] Action: 1
[Step 4186] Action: 2
[Step 4200] Action: 2
[Step 4210] Action: 2
[Step 4220] Action: 0
[Step 4234] Action: 2
[Step 4248] Action: 2
[Step 4258] Action: 1
[Step 4272] Action: 2
[Step 4286] Action: 2
[Step 4296] Action: 2
[Step 4306] Action: 1
[Step 4320] Action: 2
[Step 4334] Action: 2
[Step 4344] Action: 0
[Step 4358] Action: 2
[Step 4372] Action: 2
[Step 4382] Action: 2
[Step 4392] Action: 2
[Step 4402] Action: 2
[Step 4412] Action: 2
[Step 4422] Action: 3
[Step 4436] Action: 2
[Step 4450] Action: 2
[Step 4460] Action: 2
[Step 4470] Action: 2
[Step 4480] Action: 2
[Step 4490] Action: 2
[Step 4500] Action: 2
[Step 4510] Action: 2
[Step 4520] Action: 2
[Step 4530] Action: 2
[Step 4540] Action: 2
[Step 4550] Action: 2
[Step 4560] Action: 2
[Step 4570] Action: 2
[Step 4580] Action: 2
[Step 4590] Action: 2
[Step 4600] Action: 1
[Step 4614] Action: 2
[Step 4628] Action: 2
[Step 4638] Action: 2
[Step 4648] Action: 2
[Step 4658] Action: 2
[Step 4668] Action: 2
[Step 4678] Action: 2
[Step 4688] Action: 2
[Step 4698] Action: 3
[Step 4712] Action: 2
[Step 4726] Action: 2
[Step 4736] Action: 2
[Step 4746] Action: 2
[Step 4756] Action: 2
[Step 4766] Action: 2
[Step 4776] Action: 1
[Step 4790] Action: 2
[Step 4804] Action: 2
[Step 4814] Action: 2
[Step 4824] Action: 2
[Step 4834] Action: 2
[Step 4844] Action: 2
[Step 4854] Action: 2
[Step 4864] Action: 2
[Step 4874] Action: 2
[Step 4884] Action: 2
[Step 4894] Action: 2
[Step 4904] Action: 2
[Step 4914] Action: 2
[Step 4924] Action: 0
[Step 4938] Action: 2
[Step 4952] Action: 2
[Step 4962] Action: 2
[Step 4972] Action: 2
[Step 4982] Action: 2
[Step 4992] Action: 2
[Step 5002] Action: 2
[Step 5012] Action: 2
[Step 5022] Action: 2
[Step 5032] Action: 2
[Step 5042] Action: 2
[Step 5052] Action: 2
[Step 5062] Action: 2
[Step 5072] Action: 2
[Step 5082] Action: 2
[Step 5092] Action: 0
[Step 5106] Action: 2
[Step 5120] Action: 2
[Step 5130] Action: 2
[Step 5140] Action: 2
[Step 5150] Action: 2
[Step 5160] Action: 2
[Step 5170] Action: 2
[Step 5180] Action: 2
[Step 5190] Action: 2
[Step 5200] Action: 2
[Step 5210] Action: 2
[Step 5220] Action: 2
[Step 5230] Action: 2
[Step 5240] Action: 2
[Step 5250] Action: 2
[Step 5260] Action: 3
[Step 5274] Action: 2
[Step 5288] Action: 2
[Step 5298] Action: 0
[Step 5312] Action: 2
[Step 5326] Action: 2
[Step 5336] Action: 2
[Step 5346] Action: 2
[Step 5356] Action: 2
[Step 5366] Action: 2
[Step 5376] Action: 2
[Step 5386] Action: 2
[Step 5396] Action: 2
