[Step 0] Action: 1
[Step 10] Action: 2
[Step 24] Action: 1
[Step 38] Action: 0
[Step 52] Action: 1
[Step 66] Action: 1
[Step 76] Action: 2
[Step 90] Action: 0
[Step 104] Action: 0
[Step 114] Action: 0
[Step 124] Action: 2
[Step 138] Action: 3
[Step 152] Action: 3
[Step 162] Action: 0
[Step 176] Action: 1
[Step 190] Action: 0
[Step 204] Action: 2
[Step 218] Action: 1
[Step 232] Action: 1
[Step 242] Action: 2
[Step 256] Action: 0
[Step 270] Action: 0
[Step 280] Action: 1
[Step 294] Action: 3
[Step 308] Action: 1
[Step 322] Action: 1
[Step 332] Action: 2
[Step 346] Action: 0
[Step 360] Action: 1
[Step 374] Action: 0
[Step 388] Action: 3
[Step 402] Action: 3
[Step 412] Action: 0
[Step 426] Action: 1
[Step 440] Action: 3
[Step 454] Action: 2
[Step 468] Action: 1
[Step 482] Action: 0
[Step 496] Action: 2
[Step 510] Action: 2
[Step 520] Action: 1
[Step 534] Action: 1
[Step 544] Action: 2
[Step 558] Action: 1
[Step 572] Action: 1
[Step 582] Action: 1
[Step 592] Action: 1
[Step 602] Action: 2
[Step 616] Action: 1
[Step 630] Action: 1
[Step 640] Action: 0
[Step 654] Action: 0
[Step 664] Action: 1
[Step 678] Action: 1
[Step 688] Action: 1
[Step 698] Action: 1
[Step 708] Action: 1
[Step 718] Action: 0
[Step 732] Action: 2
[Step 746] Action: 0
[Step 760] Action: 3
[Step 774] Action: 1
[Step 788] Action: 2
[Step 802] Action: 1
[Step 816] Action: 0
[Step 830] Action: 0
[Step 840] Action: 1
[Step 854] Action: 1
[Step 864] Action: 1
[Step 874] Action: 1
[Step 884] Action: 1
[Step 894] Action: 1
[Step 904] Action: 0
[Step 918] Action: 2
[Step 932] Action: 1
[Step 946] Action: 1
[Step 956] Action: 2
[Step 970] Action: 1
[Step 984] Action: 0
[Step 998] Action: 2
[Step 1012] Action: 0
[Step 1026] Action: 2
[Step 1040] Action: 1
[Step 1054] Action: 1
[Step 1064] Action: 1
[Step 1074] Action: 1
[Step 1084] Action: 1
[Step 1094] Action: 3
[Step 1108] Action: 1
[Step 1122] Action: 0
[Step 1136] Action: 0
[Step 1146] Action: 1
[Step 1160] Action: 1
[Step 1170] Action: 1
[Step 1180] Action: 1
[Step 1190] Action: 1
[Step 1200] Action: 1
[Step 1210] Action: 0
[Step 1224] Action: 1
[Step 1238] Action: 0
[Step 1252] Action: 0
[Step 1262] Action: 1
[Step 1276] Action: 1
[Step 1286] Action: 1
[Step 1296] Action: 1
[Step 1306] Action: 1
[Step 1316] Action: 1
[Step 1326] Action: 0
[Step 1340] Action: 1
[Step 1354] Action: 0
[Step 1368] Action: 1
[Step 1382] Action: 1
[Step 1392] Action: 2
[Step 1406] Action: 1
[Step 1420] Action: 1
[Step 1430] Action: 0
[Step 1444] Action: 1
[Step 1458] Action: 2
[Step 1472] Action: 1
[Step 1486] Action: 1
[Step 1496] Action: 1
[Step 1506] Action: 1
[Step 1516] Action: 1
[Step 1526] Action: 1
[Step 1536] Action: 1
[Step 1546] Action: 2
[Step 1560] Action: 1
[Step 1574] Action: 1
[Step 1584] Action: 1
[Step 1594] Action: 2
[Step 1608] Action: 1
[Step 1622] Action: 2
[Step 1636] Action: 1
[Step 1650] Action: 1
[Step 1660] Action: 1
[Step 1670] Action: 1
[Step 1680] Action: 1
[Step 1690] Action: 1
[Step 1700] Action: 0
[Step 1714] Action: 2
[Step 1728] Action: 1
[Step 1742] Action: 1
[Step 1752] Action: 1
[Step 1762] Action: 1
[Step 1772] Action: 2
[Step 1786] Action: 1
[Step 1800] Action: 1
[Step 1810] Action: 0
[Step 1824] Action: 2
[Step 1838] Action: 1
[Step 1852] Action: 1
[Step 1862] Action: 1
[Step 1872] Action: 1
[Step 1882] Action: 2
[Step 1896] Action: 1
[Step 1910] Action: 1
[Step 1920] Action: 1
[Step 1930] Action: 1
[Step 1940] Action: 1
[Step 1950] Action: 1
[Step 1960] Action: 1
[Step 1970] Action: 1
[Step 1980] Action: 2
[Step 1994] Action: 3
[Step 2008] Action: 0
[Step 2022] Action: 3
[Step 2036] Action: 0
[Step 2050] Action: 2
[Step 2064] Action: 0
[Step 2078] Action: 1
[Step 2092] Action: 2
[Step 2106] Action: 2
[Step 2116] Action: 1
[Step 2130] Action: 1
[Step 2140] Action: 0
[Step 2154] Action: 1
[Step 2168] Action: 0
[Step 2182] Action: 1
[Step 2196] Action: 1
[Step 2206] Action: 1
[Step 2216] Action: 1
[Step 2226] Action: 1
[Step 2236] Action: 1
[Step 2246] Action: 0
[Step 2260] Action: 1
[Step 2274] Action: 1
[Step 2284] Action: 1
[Step 2294] Action: 1
[Step 2304] Action: 2
[Step 2318] Action: 0
[Step 2332] Action: 1
[Step 2346] Action: 0
[Step 2360] Action: 3
[Step 2374] Action: 2
[Step 2388] Action: 1
[Step 2402] Action: 1
[Step 2412] Action: 1
[Step 2422] Action: 2
[Step 2436] Action: 1
[Step 2450] Action: 2
[Step 2464] Action: 1
[Step 2478] Action: 1
[Step 2488] Action: 1
[Step 2498] Action: 1
[Step 2508] Action: 1
[Step 2518] Action: 2
[Step 2532] Action: 1
[Step 2546] Action: 0
[Step 2560] Action: 3
[Step 2574] Action: 1
[Step 2588] Action: 1
[Step 2598] Action: 1
[Step 2608] Action: 1
[Step 2618] Action: 1
[Step 2628] Action: 0
[Step 2642] Action: 1
[Step 2656] Action: 1
[Step 2666] Action: 0
[Step 2680] Action: 2
[Step 2694] Action: 0
[Step 2708] Action: 1
[Step 2722] Action: 2
[Step 2736] Action: 0
[Step 2750] Action: 3
[Step 2764] Action: 1
[Step 2778] Action: 1
[Step 2788] Action: 1
[Step 2798] Action: 2
[Step 2812] Action: 2
[Step 2822] Action: 1
[Step 2836] Action: 0
[Step 2850] Action: 2
[Step 2864] Action: 1
[Step 2878] Action: 1
[Step 2888] Action: 3
[Step 2902] Action: 2
[Step 2916] Action: 1
[Step 2930] Action: 2
[Step 2944] Action: 3
[Step 2958] Action: 0
[Step 2972] Action: 3
[Step 2986] Action: 3
[Step 2996] Action: 1
[Step 3010] Action: 0
[Step 3024] Action: 1
[Step 3038] Action: 1
[Step 3048] Action: 1
[Step 3058] Action: 0
[Step 3072] Action: 2
[Step 3086] Action: 1
[Step 3100] Action: 1
[Step 3110] Action: 1
[Step 3120] Action: 1
[Step 3130] Action: 0
[Step 3144] Action: 0
[Step 3154] Action: 2
[Step 3168] Action: 2
[Step 3178] Action: 1
[Step 3192] Action: 2
[Step 3206] Action: 1
[Step 3220] Action: 2
[Step 3234] Action: 3
[Step 3248] Action: 3
[Step 3258] Action: 3
[Step 3268] Action: 1
[Step 3282] Action: 1
[Step 3292] Action: 1
[Step 3302] Action: 3
[Step 3316] Action: 0
[Step 3330] Action: 1
[Step 3344] Action: 0
[Step 3358] Action: 0
[Step 3368] Action: 2
[Step 3382] Action: 1
[Step 3396] Action: 0
[Step 3410] Action: 3
[Step 3424] Action: 0
[Step 3438] Action: 3
[Step 3452] Action: 1
[Step 3466] Action: 1
[Step 3476] Action: 1
[Step 3486] Action: 1
[Step 3496] Action: 1
[Step 3506] Action: 0
[Step 3520] Action: 2
[Step 3534] Action: 2
[Step 3544] Action: 2
[Step 3554] Action: 1
[Step 3568] Action: 0
[Step 3582] Action: 0
[Step 3592] Action: 3
[Step 3606] Action: 0
[Step 3620] Action: 0
[Step 3630] Action: 1
[Step 3644] Action: 1
[Step 3654] Action: 2
[Step 3668] Action: 0
[Step 3682] Action: 1
[Step 3696] Action: 1
[Step 3706] Action: 1
[Step 3716] Action: 1
[Step 3726] Action: 1
[Step 3736] Action: 0
[Step 3750] Action: 0
[Step 3760] Action: 2
[Step 3774] Action: 2
[Step 3784] Action: 0
[Step 3798] Action: 0
[Step 3808] Action: 2
[Step 3822] Action: 2
[Step 3832] Action: 3
[Step 3846] Action: 2
[Step 3860] Action: 3
[Step 3874] Action: 1
[Step 3888] Action: 3
[Step 3902] Action: 2
[Step 3916] Action: 0
[Step 3930] Action: 2
[Step 3944] Action: 1
[Step 3958] Action: 0
[Step 3972] Action: 2
[Step 3986] Action: 3
[Step 4000] Action: 3
[Step 4010] Action: 1
[Step 4024] Action: 3
[Step 4038] Action: 2
[Step 4052] Action: 0
[Step 4066] Action: 3
[Step 4080] Action: 3
[Step 4090] Action: 1
[Step 4104] Action: 0
[Step 4118] Action: 2
[Step 4132] Action: 1
[Step 4146] Action: 0
[Step 4160] Action: 0
[Step 4170] Action: 1
[Step 4184] Action: 2
[Step 4198] Action: 3
[Step 4212] Action: 2
[Step 4226] Action: 1
[Step 4240] Action: 1
[Step 4250] Action: 3
[Step 4264] Action: 2
[Step 4278] Action: 2
[Step 4288] Action: 1
[Step 4302] Action: 1
[Step 4312] Action: 2
[Step 4326] Action: 0
[Step 4340] Action: 0
[Step 4350] Action: 2
[Step 4364] Action: 1
[Step 4378] Action: 2
[Step 4392] Action: 1
[Step 4406] Action: 2
[Step 4420] Action: 1
[Step 4434] Action: 3
[Step 4448] Action: 2
[Step 4462] Action: 3
[Step 4476] Action: 0
[Step 4490] Action: 3
[Step 4504] Action: 1
[Step 4518] Action: 0
[Step 4532] Action: 0
[Step 4542] Action: 2
[Step 4556] Action: 2
[Step 4566] Action: 0
[Step 4580] Action: 2
[Step 4594] Action: 1
[Step 4608] Action: 3
[Step 4622] Action: 3
[Step 4632] Action: 0
[Step 4646] Action: 2
[Step 4660] Action: 1
[Step 4674] Action: 0
[Step 4688] Action: 1
[Step 4702] Action: 0
[Step 4716] Action: 2
[Step 4730] Action: 1
[Step 4744] Action: 3
[Step 4758] Action: 3
[Step 4768] Action: 0
[Step 4782] Action: 3
[Step 4796] Action: 2
[Step 4810] Action: 0
[Step 4824] Action: 3
[Step 4838] Action: 1
[Step 4852] Action: 0
[Step 4866] Action: 0
[Step 4876] Action: 0
[Step 4886] Action: 0
[Step 4896] Action: 2
[Step 4910] Action: 2
[Step 4920] Action: 0
[Step 4934] Action: 0
[Step 4944] Action: 2
[Step 4958] Action: 2
[Step 4968] Action: 3
[Step 4982] Action: 1
[Step 4996] Action: 3
[Step 5010] Action: 1
[Step 5024] Action: 3
[Step 5038] Action: 3
[Step 5048] Action: 2
[Step 5062] Action: 1
[Step 5076] Action: 2
[Step 5090] Action: 1
[Step 5104] Action: 3
[Step 5118] Action: 1
[Step 5132] Action: 1
[Step 5142] Action: 1
[Step 5152] Action: 1
[Step 5162] Action: 1
[Step 5172] Action: 0
[Step 5186] Action: 1
[Step 5200] Action: 0
[Step 5214] Action: 0
[Step 5224] Action: 3
[Step 5238] Action: 3
[Step 5248] Action: 2
[Step 5262] Action: 0
[Step 5276] Action: 3
[Step 5290] Action: 0
[Step 5304] Action: 1
[Step 5318] Action: 0
[Step 5332] Action: 1
[Step 5346] Action: 2
[Step 5360] Action: 3
[Step 5374] Action: 0
[Step 5388] Action: 2
