[Step 0] Action: 2
[Step 10] Action: 2
[Step 20] Action: 1
[Step 34] Action: 0
[Step 48] Action: 1
[Step 62] Action: 0
[Step 76] Action: 3
[Step 90] Action: 2
[Step 104] Action: 2
[Step 114] Action: 2
[Step 124] Action: 0
[Step 138] Action: 1
[Step 152] Action: 3
[Step 166] Action: 2
[Step 180] Action: 0
[Step 194] Action: 0
[Step 204] Action: 0
[Step 214] Action: 3
[Step 228] Action: 2
[Step 242] Action: 2
[Step 252] Action: 2
[Step 262] Action: 0
[Step 276] Action: 0
[Step 286] Action: 3
[Step 300] Action: 2
[Step 314] Action: 0
[Step 328] Action: 0
[Step 338] Action: 1
[Step 352] Action: 0
[Step 366] Action: 0
[Step 376] Action: 1
[Step 390] Action: 3
[Step 404] Action: 0
[Step 418] Action: 3
[Step 432] Action: 1
[Step 446] Action: 3
[Step 460] Action: 0
[Step 474] Action: 0
[Step 484] Action: 0
[Step 494] Action: 0
[Step 504] Action: 2
[Step 518] Action: 1
[Step 532] Action: 1
[Step 542] Action: 0
[Step 556] Action: 3
[Step 570] Action: 3
[Step 580] Action: 3
[Step 590] Action: 3
[Step 600] Action: 0
[Step 614] Action: 2
[Step 628] Action: 0
[Step 642] Action: 0
[Step 652] Action: 1
[Step 666] Action: 3
[Step 680] Action: 0
[Step 694] Action: 2
[Step 708] Action: 0
[Step 722] Action: 1
[Step 736] Action: 3
[Step 750] Action: 2
[Step 764] Action: 0
[Step 778] Action: 1
[Step 792] Action: 2
[Step 806] Action: 2
[Step 816] Action: 2
[Step 826] Action: 3
[Step 840] Action: 1
[Step 854] Action: 0
[Step 868] Action: 0
[Step 878] Action: 1
[Step 892] Action: 3
[Step 906] Action: 3
[Step 916] Action: 3
[Step 926] Action: 3
[Step 936] Action: 2
[Step 950] Action: 0
[Step 964] Action: 3
[Step 978] Action: 1
[Step 992] Action: 2
[Step 1006] Action: 3
[Step 1020] Action: 0
[Step 1034] Action: 2
[Step 1048] Action: 0
[Step 1062] Action: 2
[Step 1076] Action: 1
[Step 1090] Action: 3
[Step 1104] Action: 0
[Step 1118] Action: 3
[Step 1132] Action: 2
[Step 1146] Action: 1
[Step 1160] Action: 2
[Step 1174] Action: 3
[Step 1188] Action: 2
[Step 1202] Action: 1
[Step 1216] Action: 3
[Step 1230] Action: 0
[Step 1244] Action: 3
[Step 1258] Action: 3
[Step 1268] Action: 2
[Step 1282] Action: 1
[Step 1296] Action: 2
[Step 1310] Action: 1
[Step 1324] Action: 2
[Step 1338] Action: 3
[Step 1352] Action: 3
[Step 1362] Action: 0
[Step 1376] Action: 0
[Step 1386] Action: 1
[Step 1400] Action: 0
[Step 1414] Action: 0
[Step 1424] Action: 0
[Step 1434] Action: 2
[Step 1448] Action: 0
[Step 1462] Action: 2
[Step 1476] Action: 3
[Step 1490] Action: 3
[Step 1500] Action: 0
[Step 1514] Action: 3
[Step 1528] Action: 1
[Step 1542] Action: 2
[Step 1556] Action: 1
[Step 1570] Action: 3
[Step 1584] Action: 0
[Step 1598] Action: 3
[Step 1612] Action: 0
[Step 1626] Action: 0
[Step 1636] Action: 0
[Step 1646] Action: 2
[Step 1660] Action: 2
[Step 1670] Action: 1
[Step 1684] Action: 3
[Step 1698] Action: 3
[Step 1708] Action: 1
[Step 1722] Action: 3
[Step 1736] Action: 3
[Step 1746] Action: 1
[Step 1760] Action: 2
[Step 1774] Action: 1
[Step 1788] Action: 2
[Step 1802] Action: 2
[Step 1812] Action: 0
[Step 1826] Action: 0
[Step 1836] Action: 2
[Step 1850] Action: 2
[Step 1860] Action: 2
[Step 1870] Action: 0
[Step 1884] Action: 1
[Step 1898] Action: 0
[Step 1912] Action: 2
[Step 1926] Action: 3
[Step 1940] Action: 2
[Step 1954] Action: 2
[Step 1964] Action: 3
[Step 1978] Action: 3
[Step 1988] Action: 2
[Step 2002] Action: 0
[Step 2016] Action: 0
[Step 2026] Action: 1
[Step 2040] Action: 3
[Step 2054] Action: 1
[Step 2068] Action: 1
[Step 2078] Action: 2
[Step 2092] Action: 1
[Step 2106] Action: 0
[Step 2120] Action: 0
[Step 2130] Action: 2
[Step 2144] Action: 0
[Step 2158] Action: 2
[Step 2172] Action: 0
[Step 2186] Action: 0
[Step 2196] Action: 1
[Step 2210] Action: 3
[Step 2224] Action: 2
[Step 2238] Action: 0
[Step 2252] Action: 3
[Step 2266] Action: 1
[Step 2280] Action: 0
[Step 2294] Action: 1
[Step 2308] Action: 3
[Step 2322] Action: 0
[Step 2336] Action: 3
[Step 2350] Action: 1
[Step 2364] Action: 1
[Step 2374] Action: 2
[Step 2388] Action: 3
[Step 2402] Action: 3
[Step 2412] Action: 1
[Step 2426] Action: 2
[Step 2440] Action: 3
[Step 2454] Action: 1
[Step 2468] Action: 3
[Step 2482] Action: 3
[Step 2492] Action: 0
[Step 2506] Action: 2
[Step 2520] Action: 1
[Step 2534] Action: 2
[Step 2548] Action: 2
[Step 2558] Action: 1
[Step 2572] Action: 2
[Step 2586] Action: 0
[Step 2600] Action: 1
[Step 2614] Action: 3
[Step 2628] Action: 0
[Step 2642] Action: 1
[Step 2656] Action: 0
[Step 2670] Action: 2
[Step 2684] Action: 1
[Step 2698] Action: 3
[Step 2712] Action: 2
[Step 2726] Action: 0
[Step 2740] Action: 1
[Step 2754] Action: 3
[Step 2768] Action: 2
[Step 2782] Action: 2
[Step 2792] Action: 0
[Step 2806] Action: 0
[Step 2816] Action: 0
[Step 2826] Action: 0
[Step 2836] Action: 0
[Step 2846] Action: 0
[Step 2856] Action: 1
[Step 2870] Action: 2
[Step 2884] Action: 3
[Step 2898] Action: 3
[Step 2908] Action: 0
[Step 2922] Action: 1
[Step 2936] Action: 2
[Step 2950] Action: 3
[Step 2964] Action: 2
[Step 2978] Action: 2
[Step 2988] Action: 1
[Step 3002] Action: 2
[Step 3016] Action: 2
[Step 3026] Action: 3
[Step 3040] Action: 3
[Step 3050] Action: 3
[Step 3060] Action: 3
[Step 3070] Action: 2
[Step 3084] Action: 1
[Step 3098] Action: 0
[Step 3112] Action: 2
[Step 3126] Action: 3
[Step 3140] Action: 0
[Step 3154] Action: 2
[Step 3168] Action: 1
[Step 3182] Action: 3
[Step 3196] Action: 0
[Step 3210] Action: 0
[Step 3220] Action: 0
[Step 3230] Action: 1
[Step 3244] Action: 0
[Step 3258] Action: 0
[Step 3268] Action: 1
[Step 3282] Action: 2
[Step 3296] Action: 2
[Step 3306] Action: 0
[Step 3320] Action: 2
[Step 3334] Action: 3
[Step 3348] Action: 3
[Step 3358] Action: 3
[Step 3368] Action: 2
[Step 3382] Action: 1
[Step 3396] Action: 0
[Step 3410] Action: 2
[Step 3424] Action: 1
[Step 3438] Action: 2
[Step 3452] Action: 2
[Step 3462] Action: 2
[Step 3472] Action: 0
[Step 3486] Action: 0
[Step 3496] Action: 0
[Step 3506] Action: 3
[Step 3520] Action: 3
[Step 3530] Action: 3
[Step 3540] Action: 0
[Step 3554] Action: 1
[Step 3568] Action: 0
[Step 3582] Action: 2
[Step 3596] Action: 0
[Step 3610] Action: 1
[Step 3624] Action: 3
[Step 3638] Action: 0
[Step 3652] Action: 3
[Step 3666] Action: 2
[Step 3680] Action: 1
[Step 3694] Action: 1
[Step 3704] Action: 0
[Step 3718] Action: 0
[Step 3728] Action: 2
[Step 3742] Action: 2
[Step 3752] Action: 0
[Step 3766] Action: 3
[Step 3780] Action: 3
[Step 3790] Action: 0
[Step 3804] Action: 1
[Step 3818] Action: 3
[Step 3832] Action: 1
[Step 3846] Action: 2
[Step 3860] Action: 3
[Step 3874] Action: 2
[Step 3888] Action: 3
[Step 3902] Action: 0
[Step 3916] Action: 1
[Step 3930] Action: 2
[Step 3944] Action: 3
[Step 3958] Action: 2
[Step 3972] Action: 1
[Step 3986] Action: 0
[Step 4000] Action: 1
[Step 4014] Action: 3
[Step 4028] Action: 3
[Step 4038] Action: 0
[Step 4052] Action: 1
[Step 4066] Action: 3
[Step 4080] Action: 0
[Step 4094] Action: 2
[Step 4108] Action: 1
[Step 4122] Action: 2
[Step 4136] Action: 0
[Step 4150] Action: 1
[Step 4164] Action: 3
[Step 4178] Action: 0
[Step 4192] Action: 3
[Step 4206] Action: 2
[Step 4220] Action: 1
[Step 4234] Action: 0
[Step 4248] Action: 2
[Step 4262] Action: 3
[Step 4276] Action: 0
[Step 4290] Action: 2
[Step 4304] Action: 2
[Step 4314] Action: 0
[Step 4328] Action: 2
[Step 4342] Action: 1
[Step 4356] Action: 2
[Step 4370] Action: 3
[Step 4384] Action: 0
[Step 4398] Action: 2
[Step 4412] Action: 3
[Step 4426] Action: 2
[Step 4440] Action: 0
[Step 4454] Action: 1
[Step 4468] Action: 0
[Step 4482] Action: 2
[Step 4496] Action: 3
[Step 4510] Action: 0
[Step 4524] Action: 1
[Step 4538] Action: 0
[Step 4552] Action: 1
[Step 4566] Action: 2
[Step 4580] Action: 3
[Step 4594] Action: 3
[Step 4604] Action: 2
[Step 4618] Action: 0
[Step 4632] Action: 0
[Step 4642] Action: 3
[Step 4656] Action: 3
[Step 4666] Action: 3
[Step 4676] Action: 1
[Step 4690] Action: 0
[Step 4704] Action: 3
[Step 4718] Action: 2
[Step 4732] Action: 2
[Step 4742] Action: 3
[Step 4756] Action: 2
[Step 4770] Action: 1
[Step 4784] Action: 2
[Step 4798] Action: 3
[Step 4812] Action: 0
[Step 4826] Action: 3
[Step 4840] Action: 3
[Step 4850] Action: 1
[Step 4864] Action: 2
[Step 4878] Action: 1
[Step 4892] Action: 2
[Step 4906] Action: 2
[Step 4916] Action: 0
[Step 4930] Action: 0
[Step 4940] Action: 1
[Step 4954] Action: 1
[Step 4964] Action: 0
[Step 4978] Action: 3
[Step 4992] Action: 0
[Step 5006] Action: 2
[Step 5020] Action: 2
[Step 5030] Action: 2
[Step 5040] Action: 2
[Step 5050] Action: 1
[Step 5064] Action: 3
[Step 5078] Action: 3
[Step 5088] Action: 3
[Step 5098] Action: 1
[Step 5112] Action: 3
[Step 5126] Action: 3
[Step 5136] Action: 3
[Step 5146] Action: 3
[Step 5156] Action: 2
[Step 5170] Action: 3
[Step 5184] Action: 3
[Step 5194] Action: 2
[Step 5208] Action: 2
[Step 5218] Action: 0
[Step 5232] Action: 1
[Step 5246] Action: 3
[Step 5260] Action: 2
[Step 5274] Action: 0
[Step 5288] Action: 2
[Step 5302] Action: 0
[Step 5316] Action: 3
[Step 5330] Action: 2
[Step 5344] Action: 1
[Step 5358] Action: 2
[Step 5372] Action: 3
[Step 5386] Action: 1
