[Step 0] Action: 3
[Step 10] Action: 0
[Step 24] Action: 1
[Step 38] Action: 2
[Step 52] Action: 0
[Step 66] Action: 3
[Step 80] Action: 2
[Step 94] Action: 2
[Step 104] Action: 0
[Step 118] Action: 0
[Step 128] Action: 2
[Step 142] Action: 3
[Step 156] Action: 3
[Step 166] Action: 3
[Step 176] Action: 0
[Step 190] Action: 0
[Step 200] Action: 0
[Step 210] Action: 0
[Step 220] Action: 1
[Step 234] Action: 3
[Step 248] Action: 0
[Step 262] Action: 1
[Step 276] Action: 0
[Step 290] Action: 3
[Step 304] Action: 2
[Step 318] Action: 2
[Step 328] Action: 3
[Step 342] Action: 3
[Step 352] Action: 2
[Step 366] Action: 0
[Step 380] Action: 3
[Step 394] Action: 3
[Step 404] Action: 0
[Step 418] Action: 3
[Step 432] Action: 3
[Step 442] Action: 3
[Step 452] Action: 1
[Step 466] Action: 1
[Step 476] Action: 2
[Step 490] Action: 0
[Step 504] Action: 0
[Step 514] Action: 3
[Step 528] Action: 1
[Step 542] Action: 2
[Step 556] Action: 1
[Step 570] Action: 3
[Step 584] Action: 0
[Step 598] Action: 1
[Step 612] Action: 0
[Step 626] Action: 3
[Step 640] Action: 3
[Step 650] Action: 3
[Step 660] Action: 2
[Step 674] Action: 0
[Step 688] Action: 2
[Step 702] Action: 1
[Step 716] Action: 3
[Step 730] Action: 0
[Step 744] Action: 3
[Step 758] Action: 3
[Step 768] Action: 1
[Step 782] Action: 0
[Step 796] Action: 3
[Step 810] Action: 3
[Step 820] Action: 0
[Step 834] Action: 1
[Step 848] Action: 2
[Step 862] Action: 0
[Step 876] Action: 2
[Step 890] Action: 2
[Step 900] Action: 2
[Step 910] Action: 3
[Step 924] Action: 3
[Step 934] Action: 1
[Step 948] Action: 0
[Step 962] Action: 0
[Step 972] Action: 2
[Step 986] Action: 2
[Step 996] Action: 3
[Step 1010] Action: 1
[Step 1024] Action: 0
[Step 1038] Action: 1
[Step 1052] Action: 2
[Step 1066] Action: 1
[Step 1080] Action: 2
[Step 1094] Action: 2
[Step 1104] Action: 1
[Step 1118] Action: 3
[Step 1132] Action: 3
[Step 1142] Action: 1
[Step 1156] Action: 2
[Step 1170] Action: 2
[Step 1180] Action: 1
[Step 1194] Action: 0
[Step 1208] Action: 2
[Step 1222] Action: 3
[Step 1236] Action: 0
[Step 1250] Action: 1
[Step 1264] Action: 2
[Step 1278] Action: 2
[Step 1288] Action: 2
[Step 1298] Action: 2
[Step 1308] Action: 1
[Step 1322] Action: 3
[Step 1336] Action: 0
[Step 1350] Action: 2
[Step 1364] Action: 2
[Step 1374] Action: 2
[Step 1384] Action: 3
[Step 1398] Action: 2
[Step 1412] Action: 2
[Step 1422] Action: 1
[Step 1436] Action: 1
[Step 1446] Action: 3
[Step 1460] Action: 2
[Step 1474] Action: 1
[Step 1488] Action: 2
[Step 1502] Action: 2
[Step 1512] Action: 3
[Step 1526] Action: 2
[Step 1540] Action: 0
[Step 1554] Action: 3
[Step 1568] Action: 3
[Step 1578] Action: 3
[Step 1588] Action: 3
[Step 1598] Action: 0
[Step 1612] Action: 0
[Step 1622] Action: 3
[Step 1636] Action: 0
[Step 1650] Action: 1
[Step 1664] Action: 2
[Step 1678] Action: 1
[Step 1692] Action: 0
[Step 1706] Action: 3
[Step 1720] Action: 3
[Step 1730] Action: 3
[Step 1740] Action: 0
[Step 1754] Action: 2
[Step 1768] Action: 3
[Step 1782] Action: 0
[Step 1796] Action: 2
[Step 1810] Action: 3
[Step 1824] Action: 0
[Step 1838] Action: 1
[Step 1852] Action: 2
[Step 1866] Action: 0
[Step 1880] Action: 1
[Step 1894] Action: 2
[Step 1908] Action: 0
[Step 1922] Action: 3
[Step 1936] Action: 2
[Step 1950] Action: 3
[Step 1964] Action: 3
[Step 1974] Action: 0
[Step 1988] Action: 1
[Step 2002] Action: 3
[Step 2016] Action: 2
[Step 2030] Action: 3
[Step 2044] Action: 3
[Step 2054] Action: 3
[Step 2064] Action: 0
[Step 2078] Action: 0
[Step 2088] Action: 2
[Step 2102] Action: 2
[Step 2112] Action: 3
[Step 2126] Action: 3
[Step 2136] Action: 2
[Step 2150] Action: 1
[Step 2164] Action: 3
[Step 2178] Action: 2
[Step 2192] Action: 2
[Step 2202] Action: 2
[Step 2212] Action: 3
[Step 2226] Action: 2
[Step 2240] Action: 2
[Step 2250] Action: 0
[Step 2264] Action: 3
[Step 2278] Action: 3
[Step 2288] Action: 3
[Step 2298] Action: 2
[Step 2312] Action: 3
[Step 2326] Action: 0
[Step 2340] Action: 2
[Step 2354] Action: 1
[Step 2368] Action: 2
[Step 2382] Action: 3
[Step 2396] Action: 2
[Step 2410] Action: 0
[Step 2424] Action: 3
[Step 2438] Action: 3
[Step 2448] Action: 0
[Step 2462] Action: 2
[Step 2476] Action: 3
[Step 2490] Action: 1
[Step 2504] Action: 2
[Step 2518] Action: 3
[Step 2532] Action: 2
[Step 2546] Action: 0
[Step 2560] Action: 2
[Step 2574] Action: 3
[Step 2588] Action: 2
[Step 2602] Action: 3
[Step 2616] Action: 0
[Step 2630] Action: 1
[Step 2644] Action: 3
[Step 2658] Action: 3
[Step 2668] Action: 2
[Step 2682] Action: 1
[Step 2696] Action: 1
[Step 2706] Action: 0
[Step 2720] Action: 1
[Step 2734] Action: 3
[Step 2748] Action: 3
[Step 2758] Action: 2
[Step 2772] Action: 2
[Step 2782] Action: 3
[Step 2796] Action: 1
[Step 2810] Action: 2
[Step 2824] Action: 1
[Step 2838] Action: 1
[Step 2848] Action: 3
[Step 2862] Action: 1
[Step 2876] Action: 1
[Step 2886] Action: 0
[Step 2900] Action: 1
[Step 2914] Action: 2
[Step 2928] Action: 2
[Step 2938] Action: 2
[Step 2948] Action: 3
[Step 2962] Action: 1
[Step 2976] Action: 1
[Step 2986] Action: 1
[Step 2996] Action: 3
[Step 3010] Action: 3
[Step 3020] Action: 2
[Step 3034] Action: 2
[Step 3044] Action: 0
[Step 3058] Action: 0
[Step 3068] Action: 1
[Step 3082] Action: 2
[Step 3096] Action: 0
[Step 3110] Action: 0
[Step 3120] Action: 1
[Step 3134] Action: 0
[Step 3148] Action: 3
[Step 3162] Action: 2
[Step 3176] Action: 3
[Step 3190] Action: 2
[Step 3204] Action: 0
[Step 3218] Action: 2
[Step 3232] Action: 3
[Step 3246] Action: 2
[Step 3260] Action: 0
[Step 3274] Action: 0
[Step 3284] Action: 3
[Step 3298] Action: 3
[Step 3308] Action: 0
[Step 3322] Action: 0
[Step 3332] Action: 1
[Step 3346] Action: 1
[Step 3356] Action: 3
[Step 3370] Action: 2
[Step 3384] Action: 2
[Step 3394] Action: 3
[Step 3408] Action: 0
[Step 3422] Action: 2
[Step 3436] Action: 3
[Step 3450] Action: 2
[Step 3464] Action: 3
[Step 3478] Action: 2
[Step 3492] Action: 2
[Step 3502] Action: 1
[Step 3516] Action: 0
[Step 3530] Action: 1
[Step 3544] Action: 2
[Step 3558] Action: 3
[Step 3572] Action: 3
[Step 3582] Action: 0
[Step 3596] Action: 3
[Step 3610] Action: 2
[Step 3624] Action: 0
[Step 3638] Action: 1
[Step 3652] Action: 0
[Step 3666] Action: 1
[Step 3680] Action: 2
[Step 3694] Action: 3
[Step 3708] Action: 2
[Step 3722] Action: 3
[Step 3736] Action: 1
[Step 3750] Action: 0
[Step 3764] Action: 2
[Step 3778] Action: 3
[Step 3792] Action: 2
[Step 3806] Action: 3
[Step 3820] Action: 2
[Step 3834] Action: 1
[Step 3848] Action: 1
[Step 3858] Action: 3
[Step 3872] Action: 2
[Step 3886] Action: 3
[Step 3900] Action: 0
[Step 3914] Action: 1
[Step 3928] Action: 1
[Step 3938] Action: 3
[Step 3952] Action: 1
[Step 3966] Action: 2
[Step 3980] Action: 2
[Step 3990] Action: 2
[Step 4000] Action: 0
[Step 4014] Action: 0
[Step 4024] Action: 3
[Step 4038] Action: 3
[Step 4048] Action: 0
[Step 4062] Action: 3
[Step 4076] Action: 0
[Step 4090] Action: 1
[Step 4104] Action: 1
[Step 4114] Action: 3
[Step 4128] Action: 3
[Step 4138] Action: 2
[Step 4152] Action: 3
[Step 4166] Action: 0
[Step 4180] Action: 0
[Step 4190] Action: 0
[Step 4200] Action: 1
[Step 4214] Action: 2
[Step 4228] Action: 2
[Step 4238] Action: 2
[Step 4248] Action: 3
[Step 4262] Action: 1
[Step 4276] Action: 3
[Step 4290] Action: 2
[Step 4304] Action: 1
[Step 4318] Action: 3
[Step 4332] Action: 1
[Step 4346] Action: 0
[Step 4360] Action: 3
[Step 4374] Action: 3
[Step 4384] Action: 3
[Step 4394] Action: 3
[Step 4404] Action: 2
[Step 4418] Action: 2
[Step 4428] Action: 2
[Step 4438] Action: 2
[Step 4448] Action: 0
[Step 4462] Action: 2
[Step 4476] Action: 0
[Step 4490] Action: 1
[Step 4504] Action: 1
[Step 4514] Action: 2
[Step 4528] Action: 0
[Step 4542] Action: 0
[Step 4552] Action: 3
[Step 4566] Action: 2
[Step 4580] Action: 0
[Step 4594] Action: 1
[Step 4608] Action: 0
[Step 4622] Action: 1
[Step 4636] Action: 1
[Step 4646] Action: 2
[Step 4660] Action: 3
[Step 4674] Action: 3
[Step 4684] Action: 2
[Step 4698] Action: 3
[Step 4712] Action: 0
[Step 4726] Action: 2
[Step 4740] Action: 0
[Step 4754] Action: 1
[Step 4768] Action: 3
[Step 4782] Action: 1
[Step 4796] Action: 0
[Step 4810] Action: 3
[Step 4824] Action: 3
[Step 4834] Action: 0
[Step 4848] Action: 3
[Step 4862] Action: 2
[Step 4876] Action: 0
[Step 4890] Action: 2
[Step 4904] Action: 1
[Step 4918] Action: 3
[Step 4932] Action: 2
[Step 4946] Action: 2
[Step 4956] Action: 2
[Step 4966] Action: 0
[Step 4980] Action: 3
[Step 4994] Action: 3
[Step 5004] Action: 2
[Step 5018] Action: 3
[Step 5032] Action: 2
[Step 5046] Action: 2
[Step 5056] Action: 3
[Step 5070] Action: 2
[Step 5084] Action: 2
[Step 5094] Action: 3
[Step 5108] Action: 1
[Step 5122] Action: 3
[Step 5136] Action: 0
[Step 5150] Action: 1
[Step 5164] Action: 2
[Step 5178] Action: 3
[Step 5192] Action: 2
[Step 5206] Action: 2
[Step 5216] Action: 0
[Step 5230] Action: 0
[Step 5240] Action: 1
[Step 5254] Action: 1
[Step 5264] Action: 0
[Step 5278] Action: 1
[Step 5292] Action: 2
[Step 5306] Action: 2
[Step 5316] Action: 0
[Step 5330] Action: 1
[Step 5344] Action: 1
[Step 5354] Action: 3
[Step 5368] Action: 0
[Step 5382] Action: 3
[Step 5396] Action: 0
