[Step 0] Action: 3
[Step 10] Action: 1
[Step 24] Action: 2
[Step 38] Action: 0
[Step 52] Action: 3
[Step 66] Action: 2
[Step 80] Action: 1
[Step 94] Action: 2
[Step 108] Action: 1
[Step 122] Action: 3
[Step 136] Action: 3
[Step 146] Action: 2
[Step 160] Action: 2
[Step 170] Action: 2
[Step 180] Action: 2
[Step 190] Action: 3
[Step 204] Action: 3
[Step 214] Action: 1
[Step 228] Action: 3
[Step 242] Action: 0
[Step 256] Action: 0
[Step 266] Action: 2
[Step 280] Action: 0
[Step 294] Action: 3
[Step 308] Action: 0
[Step 322] Action: 2
[Step 336] Action: 0
[Step 350] Action: 0
[Step 360] Action: 3
[Step 374] Action: 1
[Step 388] Action: 3
[Step 402] Action: 2
[Step 416] Action: 1
[Step 430] Action: 1
[Step 440] Action: 3
[Step 454] Action: 0
[Step 468] Action: 3
[Step 482] Action: 3
[Step 492] Action: 3
[Step 502] Action: 0
[Step 516] Action: 1
[Step 530] Action: 1
[Step 540] Action: 1
[Step 550] Action: 0
[Step 564] Action: 1
[Step 578] Action: 2
[Step 592] Action: 3
[Step 606] Action: 2
[Step 620] Action: 1
[Step 634] Action: 3
[Step 648] Action: 0
[Step 662] Action: 2
[Step 676] Action: 1
[Step 690] Action: 0
[Step 704] Action: 3
[Step 718] Action: 0
[Step 732] Action: 2
[Step 746] Action: 0
[Step 760] Action: 0
[Step 770] Action: 2
[Step 784] Action: 0
[Step 798] Action: 0
[Step 808] Action: 3
[Step 822] Action: 2
[Step 836] Action: 3
[Step 850] Action: 1
[Step 864] Action: 2
[Step 878] Action: 0
[Step 892] Action: 1
[Step 906] Action: 1
[Step 916] Action: 2
[Step 930] Action: 2
[Step 940] Action: 2
[Step 950] Action: 0
[Step 964] Action: 1
[Step 978] Action: 0
[Step 992] Action: 2
[Step 1006] Action: 0
[Step 1020] Action: 3
[Step 1034] Action: 0
[Step 1048] Action: 1
[Step 1062] Action: 0
[Step 1076] Action: 1
[Step 1090] Action: 2
[Step 1104] Action: 0
[Step 1118] Action: 3
[Step 1132] Action: 0
[Step 1146] Action: 1
[Step 1160] Action: 1
[Step 1170] Action: 2
[Step 1184] Action: 0
[Step 1198] Action: 0
[Step 1208] Action: 1
[Step 1222] Action: 3
[Step 1236] Action: 3
[Step 1246] Action: 3
[Step 1256] Action: 3
[Step 1266] Action: 0
[Step 1280] Action: 2
[Step 1294] Action: 0
[Step 1308] Action: 3
[Step 1322] Action: 0
[Step 1336] Action: 2
[Step 1350] Action: 1
[Step 1364] Action: 2
[Step 1378] Action: 3
[Step 1392] Action: 3
[Step 1402] Action: 1
[Step 1416] Action: 2
[Step 1430] Action: 3
[Step 1444] Action: 0
[Step 1458] Action: 1
[Step 1472] Action: 3
[Step 1486] Action: 2
[Step 1500] Action: 0
[Step 1514] Action: 0
[Step 1524] Action: 2
[Step 1538] Action: 1
[Step 1552] Action: 1
[Step 1562] Action: 2
[Step 1576] Action: 2
[Step 1586] Action: 1
[Step 1600] Action: 1
[Step 1610] Action: 2
[Step 1624] Action: 1
[Step 1638] Action: 3
[Step 1652] Action: 0
[Step 1666] Action: 1
[Step 1680] Action: 3
[Step 1694] Action: 2
[Step 1708] Action: 2
[Step 1718] Action: 0
[Step 1732] Action: 0
[Step 1742] Action: 3
[Step 1756] Action: 0
[Step 1770] Action: 3
[Step 1784] Action: 0
[Step 1798] Action: 3
[Step 1812] Action: 3
[Step 1822] Action: 0
[Step 1836] Action: 3
[Step 1850] Action: 0
[Step 1864] Action: 2
[Step 1878] Action: 1
[Step 1892] Action: 0
[Step 1906] Action: 2
[Step 1920] Action: 3
[Step 1934] Action: 2
[Step 1948] Action: 0
[Step 1962] Action: 1
[Step 1976] Action: 1
[Step 1986] Action: 1
[Step 1996] Action: 2
[Step 2010] Action: 3
[Step 2024] Action: 1
[Step 2038] Action: 2
[Step 2052] Action: 3
[Step 2066] Action: 3
[Step 2076] Action: 3
[Step 2086] Action: 3
[Step 2096] Action: 3
[Step 2106] Action: 1
[Step 2120] Action: 3
[Step 2134] Action: 2
[Step 2148] Action: 0
[Step 2162] Action: 3
[Step 2176] Action: 2
[Step 2190] Action: 0
[Step 2204] Action: 0
[Step 2214] Action: 3
[Step 2228] Action: 0
[Step 2242] Action: 1
[Step 2256] Action: 0
[Step 2270] Action: 2
[Step 2284] Action: 0
[Step 2298] Action: 3
[Step 2312] Action: 1
[Step 2326] Action: 1
[Step 2336] Action: 0
[Step 2350] Action: 1
[Step 2364] Action: 0
[Step 2378] Action: 1
[Step 2392] Action: 0
[Step 2406] Action: 3
[Step 2420] Action: 2
[Step 2434] Action: 1
[Step 2448] Action: 0
[Step 2462] Action: 1
[Step 2476] Action: 0
[Step 2490] Action: 1
[Step 2504] Action: 2
[Step 2518] Action: 1
[Step 2532] Action: 0
[Step 2546] Action: 1
[Step 2560] Action: 3
[Step 2574] Action: 0
[Step 2588] Action: 1
[Step 2602] Action: 3
[Step 2616] Action: 2
[Step 2630] Action: 0
[Step 2644] Action: 2
[Step 2658] Action: 0
[Step 2672] Action: 2
[Step 2686] Action: 2
[Step 2696] Action: 0
[Step 2710] Action: 2
[Step 2724] Action: 2
[Step 2734] Action: 0
[Step 2748] Action: 3
[Step 2762] Action: 1
[Step 2776] Action: 3
[Step 2790] Action: 3
[Step 2800] Action: 3
[Step 2810] Action: 0
[Step 2824] Action: 1
[Step 2838] Action: 0
[Step 2852] Action: 0
[Step 2862] Action: 2
[Step 2876] Action: 2
[Step 2886] Action: 2
[Step 2896] Action: 3
[Step 2910] Action: 1
[Step 2924] Action: 2
[Step 2938] Action: 0
[Step 2952] Action: 3
[Step 2966] Action: 1
[Step 2980] Action: 0
[Step 2994] Action: 3
[Step 3008] Action: 3
[Step 3018] Action: 0
[Step 3032] Action: 1
[Step 3046] Action: 0
[Step 3060] Action: 2
[Step 3074] Action: 0
[Step 3088] Action: 3
[Step 3102] Action: 0
[Step 3116] Action: 1
[Step 3130] Action: 3
[Step 3144] Action: 3
[Step 3154] Action: 3
[Step 3164] Action: 1
[Step 3178] Action: 1
[Step 3188] Action: 3
[Step 3202] Action: 1
[Step 3216] Action: 0
[Step 3230] Action: 3
[Step 3244] Action: 2
[Step 3258] Action: 3
[Step 3272] Action: 0
[Step 3286] Action: 3
[Step 3300] Action: 0
[Step 3314] Action: 3
[Step 3328] Action: 0
[Step 3342] Action: 1
[Step 3356] Action: 3
[Step 3370] Action: 1
[Step 3384] Action: 0
[Step 3398] Action: 1
[Step 3412] Action: 1
[Step 3422] Action: 0
[Step 3436] Action: 1
[Step 3450] Action: 1
[Step 3460] Action: 0
[Step 3474] Action: 1
[Step 3488] Action: 0
[Step 3502] Action: 3
[Step 3516] Action: 2
[Step 3530] Action: 3
[Step 3544] Action: 2
[Step 3558] Action: 0
[Step 3572] Action: 1
[Step 3586] Action: 3
[Step 3600] Action: 2
[Step 3614] Action: 1
[Step 3628] Action: 3
[Step 3642] Action: 1
[Step 3656] Action: 0
[Step 3670] Action: 0
[Step 3680] Action: 1
[Step 3694] Action: 1
[Step 3704] Action: 2
[Step 3718] Action: 2
[Step 3728] Action: 0
[Step 3742] Action: 1
[Step 3756] Action: 1
[Step 3766] Action: 0
[Step 3780] Action: 2
[Step 3794] Action: 2
[Step 3804] Action: 0
[Step 3818] Action: 1
[Step 3832] Action: 0
[Step 3846] Action: 1
[Step 3860] Action: 2
[Step 3874] Action: 0
[Step 3888] Action: 0
[Step 3898] Action: 1
[Step 3912] Action: 2
[Step 3926] Action: 1
[Step 3940] Action: 0
[Step 3954] Action: 2
[Step 3968] Action: 1
[Step 3982] Action: 1
[Step 3992] Action: 3
[Step 4006] Action: 1
[Step 4020] Action: 1
[Step 4030] Action: 1
[Step 4040] Action: 0
[Step 4054] Action: 0
[Step 4064] Action: 3
[Step 4078] Action: 2
[Step 4092] Action: 3
[Step 4106] Action: 0
[Step 4120] Action: 1
[Step 4134] Action: 3
[Step 4148] Action: 2
[Step 4162] Action: 1
[Step 4176] Action: 2
[Step 4190] Action: 3
[Step 4204] Action: 0
[Step 4218] Action: 0
[Step 4228] Action: 0
[Step 4238] Action: 1
[Step 4252] Action: 0
[Step 4266] Action: 2
[Step 4280] Action: 0
[Step 4294] Action: 2
[Step 4308] Action: 0
[Step 4322] Action: 1
[Step 4336] Action: 3
[Step 4350] Action: 2
[Step 4364] Action: 0
[Step 4378] Action: 3
[Step 4392] Action: 3
[Step 4402] Action: 1
[Step 4416] Action: 2
[Step 4430] Action: 1
[Step 4444] Action: 3
[Step 4458] Action: 0
[Step 4472] Action: 1
[Step 4486] Action: 0
[Step 4500] Action: 1
[Step 4514] Action: 3
[Step 4528] Action: 1
[Step 4542] Action: 0
[Step 4556] Action: 1
[Step 4570] Action: 0
[Step 4584] Action: 3
[Step 4598] Action: 0
[Step 4612] Action: 3
[Step 4626] Action: 0
[Step 4640] Action: 1
[Step 4654] Action: 1
[Step 4664] Action: 0
[Step 4678] Action: 0
[Step 4688] Action: 2
[Step 4702] Action: 0
[Step 4716] Action: 2
[Step 4730] Action: 1
[Step 4744] Action: 1
[Step 4754] Action: 0
[Step 4768] Action: 1
[Step 4782] Action: 1
[Step 4792] Action: 2
[Step 4806] Action: 1
[Step 4820] Action: 0
[Step 4834] Action: 1
[Step 4848] Action: 3
[Step 4862] Action: 1
[Step 4876] Action: 0
[Step 4890] Action: 0
[Step 4900] Action: 1
[Step 4914] Action: 0
[Step 4928] Action: 1
[Step 4942] Action: 1
[Step 4952] Action: 3
[Step 4966] Action: 2
[Step 4980] Action: 0
[Step 4994] Action: 3
[Step 5008] Action: 0
[Step 5022] Action: 1
[Step 5036] Action: 1
[Step 5046] Action: 0
[Step 5060] Action: 3
[Step 5074] Action: 2
[Step 5088] Action: 1
[Step 5102] Action: 0
[Step 5116] Action: 1
[Step 5130] Action: 3
[Step 5144] Action: 0
[Step 5158] Action: 3
[Step 5172] Action: 0
[Step 5186] Action: 1
[Step 5200] Action: 3
[Step 5214] Action: 0
[Step 5228] Action: 2
[Step 5242] Action: 3
[Step 5256] Action: 1
[Step 5270] Action: 0
[Step 5284] Action: 0
[Step 5294] Action: 2
[Step 5308] Action: 1
[Step 5322] Action: 1
[Step 5332] Action: 3
[Step 5346] Action: 3
[Step 5356] Action: 1
[Step 5370] Action: 0
[Step 5384] Action: 1
[Step 5398] Action: 0
