[Step 0] Action: 2
[Step 10] Action: 2
[Step 20] Action: 2
[Step 30] Action: 2
[Step 40] Action: 3
[Step 54] Action: 1
[Step 68] Action: 0
[Step 82] Action: 0
[Step 92] Action: 3
[Step 106] Action: 1
[Step 120] Action: 3
[Step 134] Action: 1
[Step 148] Action: 1
[Step 158] Action: 2
[Step 172] Action: 1
[Step 186] Action: 0
[Step 200] Action: 3
[Step 214] Action: 3
[Step 224] Action: 0
[Step 238] Action: 1
[Step 252] Action: 2
[Step 266] Action: 1
[Step 280] Action: 3
[Step 294] Action: 1
[Step 308] Action: 0
[Step 322] Action: 3
[Step 336] Action: 1
[Step 350] Action: 3
[Step 364] Action: 2
[Step 378] Action: 0
[Step 392] Action: 1
[Step 406] Action: 1
[Step 416] Action: 1
[Step 426] Action: 1
[Step 436] Action: 2
[Step 450] Action: 0
[Step 464] Action: 0
[Step 474] Action: 0
[Step 484] Action: 0
[Step 494] Action: 1
[Step 508] Action: 3
[Step 522] Action: 2
[Step 536] Action: 1
[Step 550] Action: 1
[Step 560] Action: 0
[Step 574] Action: 1
[Step 588] Action: 0
[Step 602] Action: 2
[Step 616] Action: 2
[Step 626] Action: 1
[Step 640] Action: 0
[Step 654] Action: 0
[Step 664] Action: 0
[Step 674] Action: 0
[Step 684] Action: 1
[Step 698] Action: 1
[Step 708] Action: 0
[Step 722] Action: 1
[Step 736] Action: 2
[Step 750] Action: 1
[Step 764] Action: 2
[Step 778] Action: 1
[Step 792] Action: 1
[Step 802] Action: 0
[Step 816] Action: 1
[Step 830] Action: 0
[Step 844] Action: 0
[Step 854] Action: 0
[Step 864] Action: 1
[Step 878] Action: 0
[Step 892] Action: 1
[Step 906] Action: 0
[Step 920] Action: 0
[Step 930] Action: 1
[Step 944] Action: 0
[Step 958] Action: 0
[Step 968] Action: 1
[Step 982] Action: 1
[Step 992] Action: 1
[Step 1002] Action: 1
[Step 1012] Action: 1
[Step 1022] Action: 2
[Step 1036] Action: 1
[Step 1050] Action: 0
[Step 1064] Action: 0
[Step 1074] Action: 2
[Step 1088] Action: 0
[Step 1102] Action: 0
[Step 1112] Action: 0
[Step 1122] Action: 2
[Step 1136] Action: 1
[Step 1150] Action: 2
[Step 1164] Action: 0
[Step 1178] Action: 0
[Step 1188] Action: 1
[Step 1202] Action: 1
[Step 1212] Action: 1
[Step 1222] Action: 1
[Step 1232] Action: 1
[Step 1242] Action: 2
[Step 1256] Action: 0
[Step 1270] Action: 0
[Step 1280] Action: 1
[Step 1294] Action: 2
[Step 1308] Action: 1
[Step 1322] Action: 0
[Step 1336] Action: 0
[Step 1346] Action: 1
[Step 1360] Action: 2
[Step 1374] Action: 2
[Step 1384] Action: 1
[Step 1398] Action: 2
[Step 1412] Action: 1
[Step 1426] Action: 0
[Step 1440] Action: 0
[Step 1450] Action: 1
[Step 1464] Action: 1
[Step 1474] Action: 1
[Step 1484] Action: 2
[Step 1498] Action: 1
[Step 1512] Action: 0
[Step 1526] Action: 1
[Step 1540] Action: 1
[Step 1550] Action: 0
[Step 1564] Action: 0
[Step 1574] Action: 1
[Step 1588] Action: 1
[Step 1598] Action: 0
[Step 1612] Action: 2
[Step 1626] Action: 1
[Step 1640] Action: 1
[Step 1650] Action: 0
[Step 1664] Action: 1
[Step 1678] Action: 0
[Step 1692] Action: 0
[Step 1702] Action: 0
[Step 1712] Action: 1
[Step 1726] Action: 0
[Step 1740] Action: 1
[Step 1754] Action: 1
[Step 1764] Action: 1
[Step 1774] Action: 2
[Step 1788] Action: 1
[Step 1802] Action: 1
[Step 1812] Action: 1
[Step 1822] Action: 1
[Step 1832] Action: 2
[Step 1846] Action: 2
[Step 1856] Action: 1
[Step 1870] Action: 0
[Step 1884] Action: 1
[Step 1898] Action: 0
[Step 1912] Action: 2
[Step 1926] Action: 1
[Step 1940] Action: 0
[Step 1954] Action: 0
[Step 1964] Action: 0
[Step 1974] Action: 1
[Step 1988] Action: 1
[Step 1998] Action: 0
[Step 2012] Action: 0
[Step 2022] Action: 2
[Step 2036] Action: 1
[Step 2050] Action: 0
[Step 2064] Action: 0
[Step 2074] Action: 0
[Step 2084] Action: 2
[Step 2098] Action: 1
[Step 2112] Action: 1
[Step 2122] Action: 0
[Step 2136] Action: 1
[Step 2150] Action: 1
[Step 2160] Action: 2
[Step 2174] Action: 1
[Step 2188] Action: 0
[Step 2202] Action: 0
[Step 2212] Action: 1
[Step 2226] Action: 0
[Step 2240] Action: 0
[Step 2250] Action: 1
[Step 2264] Action: 2
[Step 2278] Action: 2
[Step 2288] Action: 2
[Step 2298] Action: 1
[Step 2312] Action: 1
[Step 2322] Action: 1
[Step 2332] Action: 0
[Step 2346] Action: 1
[Step 2360] Action: 0
[Step 2374] Action: 2
[Step 2388] Action: 2
[Step 2398] Action: 1
[Step 2412] Action: 0
[Step 2426] Action: 0
[Step 2436] Action: 1
[Step 2450] Action: 1
[Step 2460] Action: 1
[Step 2470] Action: 1
[Step 2480] Action: 2
[Step 2494] Action: 1
[Step 2508] Action: 0
[Step 2522] Action: 1
[Step 2536] Action: 2
[Step 2550] Action: 2
[Step 2560] Action: 0
[Step 2574] Action: 1
[Step 2588] Action: 0
[Step 2602] Action: 3
[Step 2616] Action: 1
[Step 2630] Action: 1
[Step 2640] Action: 0
[Step 2654] Action: 1
[Step 2668] Action: 0
[Step 2682] Action: 1
[Step 2696] Action: 0
[Step 2710] Action: 2
[Step 2724] Action: 1
[Step 2738] Action: 2
[Step 2752] Action: 1
[Step 2766] Action: 1
[Step 2776] Action: 0
[Step 2790] Action: 1
[Step 2804] Action: 1
[Step 2814] Action: 1
[Step 2824] Action: 0
[Step 2838] Action: 1
[Step 2852] Action: 0
[Step 2866] Action: 2
[Step 2880] Action: 2
[Step 2890] Action: 1
[Step 2904] Action: 3
[Step 2918] Action: 1
[Step 2932] Action: 0
[Step 2946] Action: 1
[Step 2960] Action: 1
[Step 2970] Action: 2
[Step 2984] Action: 0
[Step 2998] Action: 2
[Step 3012] Action: 1
[Step 3026] Action: 1
[Step 3036] Action: 1
[Step 3046] Action: 0
[Step 3060] Action: 2
[Step 3074] Action: 0
[Step 3088] Action: 2
[Step 3102] Action: 0
[Step 3116] Action: 1
[Step 3130] Action: 0
[Step 3144] Action: 1
[Step 3158] Action: 0
[Step 3172] Action: 0
[Step 3182] Action: 2
[Step 3196] Action: 1
[Step 3210] Action: 0
[Step 3224] Action: 1
[Step 3238] Action: 1
[Step 3248] Action: 0
[Step 3262] Action: 1
[Step 3276] Action: 1
[Step 3286] Action: 0
[Step 3300] Action: 1
[Step 3314] Action: 0
[Step 3328] Action: 0
[Step 3338] Action: 0
[Step 3348] Action: 1
[Step 3362] Action: 2
[Step 3376] Action: 0
[Step 3390] Action: 1
[Step 3404] Action: 2
[Step 3418] Action: 2
[Step 3428] Action: 3
[Step 3442] Action: 0
[Step 3456] Action: 3
[Step 3470] Action: 2
[Step 3484] Action: 2
[Step 3494] Action: 1
[Step 3508] Action: 1
[Step 3518] Action: 3
[Step 3532] Action: 1
[Step 3546] Action: 1
[Step 3556] Action: 1
[Step 3566] Action: 1
[Step 3576] Action: 3
[Step 3590] Action: 3
[Step 3600] Action: 1
[Step 3614] Action: 2
[Step 3628] Action: 2
[Step 3638] Action: 0
[Step 3652] Action: 1
[Step 3666] Action: 2
[Step 3680] Action: 1
[Step 3694] Action: 2
[Step 3708] Action: 2
[Step 3718] Action: 1
[Step 3732] Action: 1
[Step 3742] Action: 2
[Step 3756] Action: 0
[Step 3770] Action: 1
[Step 3784] Action: 0
[Step 3798] Action: 2
[Step 3812] Action: 2
[Step 3822] Action: 2
[Step 3832] Action: 2
[Step 3842] Action: 2
[Step 3852] Action: 2
[Step 3862] Action: 3
[Step 3876] Action: 0
[Step 3890] Action: 1
[Step 3904] Action: 1
[Step 3914] Action: 0
[Step 3928] Action: 1
[Step 3942] Action: 0
[Step 3956] Action: 2
[Step 3970] Action: 2
[Step 3980] Action: 2
[Step 3990] Action: 1
[Step 4004] Action: 2
[Step 4018] Action: 1
[Step 4032] Action: 0
[Step 4046] Action: 1
[Step 4060] Action: 0
[Step 4074] Action: 2
[Step 4088] Action: 3
[Step 4102] Action: 1
[Step 4116] Action: 0
[Step 4130] Action: 0
[Step 4140] Action: 0
[Step 4150] Action: 2
[Step 4164] Action: 2
[Step 4174] Action: 3
[Step 4188] Action: 2
[Step 4202] Action: 0
[Step 4216] Action: 3
[Step 4230] Action: 0
[Step 4244] Action: 3
[Step 4258] Action: 1
[Step 4272] Action: 1
[Step 4282] Action: 0
[Step 4296] Action: 2
[Step 4310] Action: 1
[Step 4324] Action: 2
[Step 4338] Action: 0
[Step 4352] Action: 1
[Step 4366] Action: 3
[Step 4380] Action: 0
[Step 4394] Action: 2
[Step 4408] Action: 0
[Step 4422] Action: 0
[Step 4432] Action: 0
[Step 4442] Action: 2
[Step 4456] Action: 1
[Step 4470] Action: 3
[Step 4484] Action: 1
[Step 4498] Action: 3
[Step 4512] Action: 2
[Step 4526] Action: 3
[Step 4540] Action: 1
[Step 4554] Action: 1
[Step 4564] Action: 1
[Step 4574] Action: 3
[Step 4588] Action: 0
[Step 4602] Action: 2
[Step 4616] Action: 3
[Step 4630] Action: 3
[Step 4640] Action: 0
[Step 4654] Action: 3
[Step 4668] Action: 3
[Step 4678] Action: 0
[Step 4692] Action: 1
[Step 4706] Action: 0
[Step 4720] Action: 1
[Step 4734] Action: 1
[Step 4744] Action: 0
[Step 4758] Action: 1
[Step 4772] Action: 0
[Step 4786] Action: 0
[Step 4796] Action: 3
[Step 4810] Action: 2
[Step 4824] Action: 2
[Step 4834] Action: 3
[Step 4848] Action: 3
[Step 4858] Action: 0
[Step 4872] Action: 1
[Step 4886] Action: 1
[Step 4896] Action: 0
[Step 4910] Action: 1
[Step 4924] Action: 1
[Step 4934] Action: 1
[Step 4944] Action: 3
[Step 4958] Action: 1
[Step 4972] Action: 0
[Step 4986] Action: 3
[Step 5000] Action: 3
[Step 5010] Action: 1
[Step 5024] Action: 0
[Step 5038] Action: 2
[Step 5052] Action: 1
[Step 5066] Action: 0
[Step 5080] Action: 0
[Step 5090] Action: 2
[Step 5104] Action: 0
[Step 5118] Action: 2
[Step 5132] Action: 2
[Step 5142] Action: 2
[Step 5152] Action: 0
[Step 5166] Action: 1
[Step 5180] Action: 0
[Step 5194] Action: 3
[Step 5208] Action: 0
[Step 5222] Action: 2
[Step 5236] Action: 3
[Step 5250] Action: 3
[Step 5260] Action: 1
[Step 5274] Action: 0
[Step 5288] Action: 0
[Step 5298] Action: 1
[Step 5312] Action: 2
[Step 5326] Action: 2
[Step 5336] Action: 0
[Step 5350] Action: 2
[Step 5364] Action: 2
[Step 5374] Action: 0
[Step 5388] Action: 0
[Step 5398] Action: 1
