[Step 0] Action: 1
[Step 10] Action: 1
[Step 20] Action: 2
[Step 34] Action: 0
[Step 48] Action: 3
[Step 62] Action: 2
[Step 76] Action: 1
[Step 90] Action: 0
[Step 104] Action: 2
[Step 118] Action: 2
[Step 128] Action: 0
[Step 142] Action: 1
[Step 156] Action: 3
[Step 170] Action: 2
[Step 184] Action: 0
[Step 198] Action: 1
[Step 212] Action: 0
[Step 226] Action: 3
[Step 240] Action: 2
[Step 254] Action: 3
[Step 268] Action: 1
[Step 282] Action: 1
[Step 292] Action: 3
[Step 306] Action: 3
[Step 316] Action: 1
[Step 330] Action: 3
[Step 344] Action: 0
[Step 358] Action: 1
[Step 372] Action: 2
[Step 386] Action: 1
[Step 400] Action: 1
[Step 410] Action: 3
[Step 424] Action: 2
[Step 438] Action: 0
[Step 452] Action: 2
[Step 466] Action: 0
[Step 480] Action: 3
[Step 494] Action: 2
[Step 508] Action: 1
[Step 522] Action: 1
[Step 532] Action: 2
[Step 546] Action: 2
[Step 556] Action: 1
[Step 570] Action: 1
[Step 580] Action: 0
[Step 594] Action: 0
[Step 604] Action: 2
[Step 618] Action: 1
[Step 632] Action: 2
[Step 646] Action: 1
[Step 660] Action: 0
[Step 674] Action: 1
[Step 688] Action: 2
[Step 702] Action: 1
[Step 716] Action: 1
[Step 726] Action: 0
[Step 740] Action: 0
[Step 750] Action: 1
[Step 764] Action: 1
[Step 774] Action: 1
[Step 784] Action: 1
[Step 794] Action: 1
[Step 804] Action: 0
[Step 818] Action: 2
[Step 832] Action: 1
[Step 846] Action: 1
[Step 856] Action: 2
[Step 870] Action: 0
[Step 884] Action: 1
[Step 898] Action: 0
[Step 912] Action: 2
[Step 926] Action: 2
[Step 936] Action: 1
[Step 950] Action: 1
[Step 960] Action: 1
[Step 970] Action: 1
[Step 980] Action: 1
[Step 990] Action: 0
[Step 1004] Action: 2
[Step 1018] Action: 0
[Step 1032] Action: 1
[Step 1046] Action: 0
[Step 1060] Action: 1
[Step 1074] Action: 0
[Step 1088] Action: 0
[Step 1098] Action: 0
[Step 1108] Action: 1
[Step 1122] Action: 1
[Step 1132] Action: 1
[Step 1142] Action: 1
[Step 1152] Action: 1
[Step 1162] Action: 2
[Step 1176] Action: 1
[Step 1190] Action: 1
[Step 1200] Action: 2
[Step 1214] Action: 2
[Step 1224] Action: 1
[Step 1238] Action: 1
[Step 1248] Action: 1
[Step 1258] Action: 2
[Step 1272] Action: 0
[Step 1286] Action: 1
[Step 1300] Action: 1
[Step 1310] Action: 2
[Step 1324] Action: 1
[Step 1338] Action: 2
[Step 1352] Action: 1
[Step 1366] Action: 2
[Step 1380] Action: 1
[Step 1394] Action: 0
[Step 1408] Action: 2
[Step 1422] Action: 0
[Step 1436] Action: 1
[Step 1450] Action: 1
[Step 1460] Action: 1
[Step 1470] Action: 1
[Step 1480] Action: 1
[Step 1490] Action: 1
[Step 1500] Action: 1
[Step 1510] Action: 2
[Step 1524] Action: 1
[Step 1538] Action: 2
[Step 1552] Action: 1
[Step 1566] Action: 1
[Step 1576] Action: 1
[Step 1586] Action: 1
[Step 1596] Action: 1
[Step 1606] Action: 1
[Step 1616] Action: 2
[Step 1630] Action: 1
[Step 1644] Action: 1
[Step 1654] Action: 1
[Step 1664] Action: 1
[Step 1674] Action: 1
[Step 1684] Action: 1
[Step 1694] Action: 2
[Step 1708] Action: 1
[Step 1722] Action: 1
[Step 1732] Action: 1
[Step 1742] Action: 1
[Step 1752] Action: 1
[Step 1762] Action: 0
[Step 1776] Action: 1
[Step 1790] Action: 0
[Step 1804] Action: 1
[Step 1818] Action: 0
[Step 1832] Action: 2
[Step 1846] Action: 2
[Step 1856] Action: 1
[Step 1870] Action: 1
[Step 1880] Action: 1
[Step 1890] Action: 1
[Step 1900] Action: 0
[Step 1914] Action: 0
[Step 1924] Action: 1
[Step 1938] Action: 0
[Step 1952] Action: 1
[Step 1966] Action: 2
[Step 1980] Action: 1
[Step 1994] Action: 1
[Step 2004] Action: 1
[Step 2014] Action: 0
[Step 2028] Action: 0
[Step 2038] Action: 1
[Step 2052] Action: 0
[Step 2066] Action: 1
[Step 2080] Action: 1
[Step 2090] Action: 2
[Step 2104] Action: 2
[Step 2114] Action: 1
[Step 2128] Action: 0
[Step 2142] Action: 1
[Step 2156] Action: 0
[Step 2170] Action: 3
[Step 2184] Action: 0
[Step 2198] Action: 2
[Step 2212] Action: 1
[Step 2226] Action: 1
[Step 2236] Action: 1
[Step 2246] Action: 1
[Step 2256] Action: 2
[Step 2270] Action: 2
[Step 2280] Action: 1
[Step 2294] Action: 0
[Step 2308] Action: 1
[Step 2322] Action: 2
[Step 2336] Action: 1
[Step 2350] Action: 1
[Step 2360] Action: 2
[Step 2374] Action: 0
[Step 2388] Action: 0
[Step 2398] Action: 1
[Step 2412] Action: 0
[Step 2426] Action: 3
[Step 2440] Action: 1
[Step 2454] Action: 1
[Step 2464] Action: 1
[Step 2474] Action: 1
[Step 2484] Action: 1
[Step 2494] Action: 1
[Step 2504] Action: 0
[Step 2518] Action: 0
[Step 2528] Action: 2
[Step 2542] Action: 1
[Step 2556] Action: 1
[Step 2566] Action: 1
[Step 2576] Action: 1
[Step 2586] Action: 1
[Step 2596] Action: 2
[Step 2610] Action: 3
[Step 2624] Action: 0
[Step 2638] Action: 1
[Step 2652] Action: 0
[Step 2666] Action: 2
[Step 2680] Action: 2
[Step 2690] Action: 1
[Step 2704] Action: 0
[Step 2718] Action: 1
[Step 2732] Action: 0
[Step 2746] Action: 3
[Step 2760] Action: 1
[Step 2774] Action: 1
[Step 2784] Action: 0
[Step 2798] Action: 0
[Step 2808] Action: 2
[Step 2822] Action: 0
[Step 2836] Action: 2
[Step 2850] Action: 0
[Step 2864] Action: 3
[Step 2878] Action: 0
[Step 2892] Action: 0
[Step 2902] Action: 1
[Step 2916] Action: 0
[Step 2930] Action: 1
[Step 2944] Action: 3
[Step 2958] Action: 1
[Step 2972] Action: 2
[Step 2986] Action: 1
[Step 3000] Action: 1
[Step 3010] Action: 2
[Step 3024] Action: 3
[Step 3038] Action: 2
[Step 3052] Action: 1
[Step 3066] Action: 1
[Step 3076] Action: 3
[Step 3090] Action: 3
[Step 3100] Action: 2
[Step 3114] Action: 2
[Step 3124] Action: 0
[Step 3138] Action: 2
[Step 3152] Action: 3
[Step 3166] Action: 1
[Step 3180] Action: 0
[Step 3194] Action: 3
[Step 3208] Action: 0
[Step 3222] Action: 3
[Step 3236] Action: 1
[Step 3250] Action: 1
[Step 3260] Action: 0
[Step 3274] Action: 2
[Step 3288] Action: 0
[Step 3302] Action: 1
[Step 3316] Action: 1
[Step 3326] Action: 1
[Step 3336] Action: 2
[Step 3350] Action: 1
[Step 3364] Action: 1
[Step 3374] Action: 0
[Step 3388] Action: 1
[Step 3402] Action: 3
[Step 3416] Action: 3
[Step 3426] Action: 1
[Step 3440] Action: 2
[Step 3454] Action: 0
[Step 3468] Action: 0
[Step 3478] Action: 1
[Step 3492] Action: 0
[Step 3506] Action: 0
[Step 3516] Action: 1
[Step 3530] Action: 3
[Step 3544] Action: 0
[Step 3558] Action: 3
[Step 3572] Action: 1
[Step 3586] Action: 0
[Step 3600] Action: 0
[Step 3610] Action: 2
[Step 3624] Action: 3
[Step 3638] Action: 1
[Step 3652] Action: 3
[Step 3666] Action: 2
[Step 3680] Action: 1
[Step 3694] Action: 1
[Step 3704] Action: 2
[Step 3718] Action: 1
[Step 3732] Action: 2
[Step 3746] Action: 1
[Step 3760] Action: 1
[Step 3770] Action: 0
[Step 3784] Action: 1
[Step 3798] Action: 3
[Step 3812] Action: 0
[Step 3826] Action: 3
[Step 3840] Action: 2
[Step 3854] Action: 1
[Step 3868] Action: 1
[Step 3878] Action: 2
[Step 3892] Action: 2
[Step 3902] Action: 2
[Step 3912] Action: 0
[Step 3926] Action: 0
[Step 3936] Action: 2
[Step 3950] Action: 3
[Step 3964] Action: 0
[Step 3978] Action: 3
[Step 3992] Action: 0
[Step 4006] Action: 2
[Step 4020] Action: 2
[Step 4030] Action: 1
[Step 4044] Action: 0
[Step 4058] Action: 0
[Step 4068] Action: 1
[Step 4082] Action: 1
[Step 4092] Action: 3
[Step 4106] Action: 1
[Step 4120] Action: 0
[Step 4134] Action: 0
[Step 4144] Action: 3
[Step 4158] Action: 0
[Step 4172] Action: 2
[Step 4186] Action: 1
[Step 4200] Action: 0
[Step 4214] Action: 3
[Step 4228] Action: 3
[Step 4238] Action: 1
[Step 4252] Action: 2
[Step 4266] Action: 3
[Step 4280] Action: 3
[Step 4290] Action: 0
[Step 4304] Action: 1
[Step 4318] Action: 3
[Step 4332] Action: 2
[Step 4346] Action: 2
[Step 4356] Action: 3
[Step 4370] Action: 1
[Step 4384] Action: 3
[Step 4398] Action: 0
[Step 4412] Action: 3
[Step 4426] Action: 2
[Step 4440] Action: 2
[Step 4450] Action: 2
[Step 4460] Action: 2
[Step 4470] Action: 0
[Step 4484] Action: 1
[Step 4498] Action: 2
[Step 4512] Action: 2
[Step 4522] Action: 3
[Step 4536] Action: 1
[Step 4550] Action: 0
[Step 4564] Action: 0
[Step 4574] Action: 1
[Step 4588] Action: 0
[Step 4602] Action: 0
[Step 4612] Action: 0
[Step 4622] Action: 0
[Step 4632] Action: 1
[Step 4646] Action: 2
[Step 4660] Action: 0
[Step 4674] Action: 0
[Step 4684] Action: 0
[Step 4694] Action: 1
[Step 4708] Action: 1
[Step 4718] Action: 1
[Step 4728] Action: 0
[Step 4742] Action: 0
[Step 4752] Action: 2
[Step 4766] Action: 2
[Step 4776] Action: 3
[Step 4790] Action: 0
[Step 4804] Action: 2
[Step 4818] Action: 0
[Step 4832] Action: 1
[Step 4846] Action: 2
[Step 4860] Action: 3
[Step 4874] Action: 0
[Step 4888] Action: 2
[Step 4902] Action: 1
[Step 4916] Action: 3
[Step 4930] Action: 0
[Step 4944] Action: 0
[Step 4954] Action: 1
[Step 4968] Action: 0
[Step 4982] Action: 1
[Step 4996] Action: 0
[Step 5010] Action: 0
[Step 5020] Action: 2
[Step 5034] Action: 2
[Step 5044] Action: 0
[Step 5058] Action: 3
[Step 5072] Action: 2
[Step 5086] Action: 1
[Step 5100] Action: 0
[Step 5114] Action: 1
[Step 5128] Action: 0
[Step 5142] Action: 2
[Step 5156] Action: 2
[Step 5166] Action: 2
[Step 5176] Action: 2
[Step 5186] Action: 2
[Step 5196] Action: 3
[Step 5210] Action: 0
[Step 5224] Action: 3
[Step 5238] Action: 3
[Step 5248] Action: 1
[Step 5262] Action: 0
[Step 5276] Action: 0
[Step 5286] Action: 2
[Step 5300] Action: 1
[Step 5314] Action: 0
[Step 5328] Action: 2
[Step 5342] Action: 3
[Step 5356] Action: 1
[Step 5370] Action: 3
[Step 5384] Action: 1
[Step 5398] Action: 1
