[Step 0] Action: 2
[Step 10] Action: 1
[Step 24] Action: 1
[Step 34] Action: 1
[Step 44] Action: 0
[Step 58] Action: 1
[Step 72] Action: 3
[Step 86] Action: 2
[Step 100] Action: 0
[Step 114] Action: 3
[Step 128] Action: 2
[Step 142] Action: 2
[Step 152] Action: 2
[Step 162] Action: 2
[Step 172] Action: 3
[Step 186] Action: 2
[Step 200] Action: 3
[Step 214] Action: 2
[Step 228] Action: 0
[Step 242] Action: 2
[Step 256] Action: 2
[Step 266] Action: 2
[Step 276] Action: 0
[Step 290] Action: 0
[Step 300] Action: 1
[Step 314] Action: 1
[Step 324] Action: 0
[Step 338] Action: 2
[Step 352] Action: 2
[Step 362] Action: 3
[Step 376] Action: 3
[Step 386] Action: 2
[Step 400] Action: 3
[Step 414] Action: 3
[Step 424] Action: 2
[Step 438] Action: 2
[Step 448] Action: 1
[Step 462] Action: 0
[Step 476] Action: 3
[Step 490] Action: 1
[Step 504] Action: 3
[Step 518] Action: 2
[Step 532] Action: 3
[Step 546] Action: 2
[Step 560] Action: 1
[Step 574] Action: 0
[Step 588] Action: 2
[Step 602] Action: 0
[Step 616] Action: 0
[Step 626] Action: 0
[Step 636] Action: 0
[Step 646] Action: 1
[Step 660] Action: 0
[Step 674] Action: 3
[Step 688] Action: 2
[Step 702] Action: 2
[Step 712] Action: 0
[Step 726] Action: 2
[Step 740] Action: 0
[Step 754] Action: 3
[Step 768] Action: 0
[Step 782] Action: 0
[Step 792] Action: 2
[Step 806] Action: 3
[Step 820] Action: 2
[Step 834] Action: 0
[Step 848] Action: 2
[Step 862] Action: 2
[Step 872] Action: 2
[Step 882] Action: 3
[Step 896] Action: 2
[Step 910] Action: 2
[Step 920] Action: 3
[Step 934] Action: 0
[Step 948] Action: 2
[Step 962] Action: 2
[Step 972] Action: 0
[Step 986] Action: 2
[Step 1000] Action: 2
[Step 1010] Action: 2
[Step 1020] Action: 2
[Step 1030] Action: 0
[Step 1044] Action: 1
[Step 1058] Action: 2
[Step 1072] Action: 3
[Step 1086] Action: 0
[Step 1100] Action: 3
[Step 1114] Action: 3
[Step 1124] Action: 1
[Step 1138] Action: 0
[Step 1152] Action: 1
[Step 1166] Action: 0
[Step 1180] Action: 2
[Step 1194] Action: 2
[Step 1204] Action: 2
[Step 1214] Action: 2
[Step 1224] Action: 2
[Step 1234] Action: 0
[Step 1248] Action: 1
[Step 1262] Action: 3
[Step 1276] Action: 2
[Step 1290] Action: 3
[Step 1304] Action: 2
[Step 1318] Action: 0
[Step 1332] Action: 3
[Step 1346] Action: 3
[Step 1356] Action: 3
[Step 1366] Action: 2
[Step 1380] Action: 0
[Step 1394] Action: 2
[Step 1408] Action: 2
[Step 1418] Action: 3
[Step 1432] Action: 2
[Step 1446] Action: 3
[Step 1460] Action: 2
[Step 1474] Action: 0
[Step 1488] Action: 3
[Step 1502] Action: 0
[Step 1516] Action: 0
[Step 1526] Action: 0
[Step 1536] Action: 1
[Step 1550] Action: 0
[Step 1564] Action: 1
[Step 1578] Action: 1
[Step 1588] Action: 3
[Step 1602] Action: 2
[Step 1616] Action: 2
[Step 1626] Action: 3
[Step 1640] Action: 2
[Step 1654] Action: 2
[Step 1664] Action: 0
[Step 1678] Action: 0
[Step 1688] Action: 2
[Step 1702] Action: 3
[Step 1716] Action: 3
[Step 1726] Action: 0
[Step 1740] Action: 1
[Step 1754] Action: 2
[Step 1768] Action: 0
[Step 1782] Action: 2
[Step 1796] Action: 3
[Step 1810] Action: 3
[Step 1820] Action: 3
[Step 1830] Action: 0
[Step 1844] Action: 1
[Step 1858] Action: 2
[Step 1872] Action: 0
[Step 1886] Action: 0
[Step 1896] Action: 0
[Step 1906] Action: 0
[Step 1916] Action: 0
[Step 1926] Action: 3
[Step 1940] Action: 0
[Step 1954] Action: 1
[Step 1968] Action: 2
[Step 1982] Action: 2
[Step 1992] Action: 0
[Step 2006] Action: 0
[Step 2016] Action: 2
[Step 2030] Action: 3
[Step 2044] Action: 0
[Step 2058] Action: 2
[Step 2072] Action: 0
[Step 2086] Action: 3
[Step 2100] Action: 2
[Step 2114] Action: 2
[Step 2124] Action: 3
[Step 2138] Action: 3
[Step 2148] Action: 2
[Step 2162] Action: 2
[Step 2172] Action: 2
[Step 2182] Action: 2
[Step 2192] Action: 0
[Step 2206] Action: 1
[Step 2220] Action: 1
[Step 2230] Action: 2
[Step 2244] Action: 1
[Step 2258] Action: 0
[Step 2272] Action: 1
[Step 2286] Action: 1
[Step 2296] Action: 3
[Step 2310] Action: 2
[Step 2324] Action: 0
[Step 2338] Action: 1
[Step 2352] Action: 3
[Step 2366] Action: 3
[Step 2376] Action: 2
[Step 2390] Action: 3
[Step 2404] Action: 3
[Step 2414] Action: 3
[Step 2424] Action: 1
[Step 2438] Action: 2
[Step 2452] Action: 2
[Step 2462] Action: 0
[Step 2476] Action: 3
[Step 2490] Action: 3
[Step 2500] Action: 3
[Step 2510] Action: 2
[Step 2524] Action: 0
[Step 2538] Action: 0
[Step 2548] Action: 3
[Step 2562] Action: 0
[Step 2576] Action: 1
[Step 2590] Action: 1
[Step 2600] Action: 1
[Step 2610] Action: 3
[Step 2624] Action: 3
[Step 2634] Action: 0
[Step 2648] Action: 2
[Step 2662] Action: 3
[Step 2676] Action: 0
[Step 2690] Action: 0
[Step 2700] Action: 1
[Step 2714] Action: 0
[Step 2728] Action: 2
[Step 2742] Action: 3
[Step 2756] Action: 3
[Step 2766] Action: 3
[Step 2776] Action: 2
[Step 2790] Action: 2
[Step 2800] Action: 0
[Step 2814] Action: 0
[Step 2824] Action: 3
[Step 2838] Action: 2
[Step 2852] Action: 3
[Step 2866] Action: 3
[Step 2876] Action: 3
[Step 2886] Action: 3
[Step 2896] Action: 2
[Step 2910] Action: 2
[Step 2920] Action: 2
[Step 2930] Action: 0
[Step 2944] Action: 2
[Step 2958] Action: 0
[Step 2972] Action: 3
[Step 2986] Action: 2
[Step 3000] Action: 2
[Step 3010] Action: 2
[Step 3020] Action: 0
[Step 3034] Action: 1
[Step 3048] Action: 2
[Step 3062] Action: 3
[Step 3076] Action: 3
[Step 3086] Action: 2
[Step 3100] Action: 1
[Step 3114] Action: 0
[Step 3128] Action: 1
[Step 3142] Action: 2
[Step 3156] Action: 0
[Step 3170] Action: 2
[Step 3184] Action: 2
[Step 3194] Action: 2
[Step 3204] Action: 0
[Step 3218] Action: 3
[Step 3232] Action: 2
[Step 3246] Action: 2
[Step 3256] Action: 2
[Step 3266] Action: 2
[Step 3276] Action: 3
[Step 3290] Action: 3
[Step 3300] Action: 2
[Step 3314] Action: 2
[Step 3324] Action: 0
[Step 3338] Action: 0
[Step 3348] Action: 0
[Step 3358] Action: 0
[Step 3368] Action: 0
[Step 3378] Action: 1
[Step 3392] Action: 0
[Step 3406] Action: 1
[Step 3420] Action: 3
[Step 3434] Action: 3
[Step 3444] Action: 2
[Step 3458] Action: 0
[Step 3472] Action: 3
[Step 3486] Action: 2
[Step 3500] Action: 2
[Step 3510] Action: 2
[Step 3520] Action: 2
[Step 3530] Action: 2
[Step 3540] Action: 0
[Step 3554] Action: 0
[Step 3564] Action: 0
[Step 3574] Action: 0
[Step 3584] Action: 0
[Step 3594] Action: 3
[Step 3608] Action: 3
[Step 3618] Action: 3
[Step 3628] Action: 3
[Step 3638] Action: 2
[Step 3652] Action: 3
[Step 3666] Action: 2
[Step 3680] Action: 3
[Step 3694] Action: 3
[Step 3704] Action: 0
[Step 3718] Action: 1
[Step 3732] Action: 1
[Step 3742] Action: 0
[Step 3756] Action: 1
[Step 3770] Action: 0
[Step 3784] Action: 3
[Step 3798] Action: 0
[Step 3812] Action: 0
[Step 3822] Action: 1
[Step 3836] Action: 0
[Step 3850] Action: 1
[Step 3864] Action: 3
[Step 3878] Action: 3
[Step 3888] Action: 3
[Step 3898] Action: 2
[Step 3912] Action: 0
[Step 3926] Action: 1
[Step 3940] Action: 3
[Step 3954] Action: 2
[Step 3968] Action: 3
[Step 3982] Action: 0
[Step 3996] Action: 1
[Step 4010] Action: 0
[Step 4024] Action: 0
[Step 4034] Action: 3
[Step 4048] Action: 3
[Step 4058] Action: 2
[Step 4072] Action: 2
[Step 4082] Action: 3
[Step 4096] Action: 2
[Step 4110] Action: 2
[Step 4120] Action: 3
[Step 4134] Action: 3
[Step 4144] Action: 2
[Step 4158] Action: 0
[Step 4172] Action: 0
[Step 4182] Action: 2
[Step 4196] Action: 2
[Step 4206] Action: 0
[Step 4220] Action: 1
[Step 4234] Action: 0
[Step 4248] Action: 2
[Step 4262] Action: 3
[Step 4276] Action: 3
[Step 4286] Action: 2
[Step 4300] Action: 3
[Step 4314] Action: 2
[Step 4328] Action: 3
[Step 4342] Action: 3
[Step 4352] Action: 2
[Step 4366] Action: 2
[Step 4376] Action: 1
[Step 4390] Action: 3
[Step 4404] Action: 3
[Step 4414] Action: 2
[Step 4428] Action: 1
[Step 4442] Action: 0
[Step 4456] Action: 1
[Step 4470] Action: 0
[Step 4484] Action: 1
[Step 4498] Action: 1
[Step 4508] Action: 3
[Step 4522] Action: 2
[Step 4536] Action: 3
[Step 4550] Action: 2
[Step 4564] Action: 2
[Step 4574] Action: 2
[Step 4584] Action: 3
[Step 4598] Action: 2
[Step 4612] Action: 0
[Step 4626] Action: 3
[Step 4640] Action: 2
[Step 4654] Action: 0
[Step 4668] Action: 1
[Step 4682] Action: 3
[Step 4696] Action: 3
[Step 4706] Action: 2
[Step 4720] Action: 3
[Step 4734] Action: 3
[Step 4744] Action: 3
[Step 4754] Action: 2
[Step 4768] Action: 3
[Step 4782] Action: 2
[Step 4796] Action: 2
[Step 4806] Action: 3
[Step 4820] Action: 3
[Step 4830] Action: 1
[Step 4844] Action: 0
[Step 4858] Action: 0
[Step 4868] Action: 1
[Step 4882] Action: 1
[Step 4892] Action: 3
[Step 4906] Action: 3
[Step 4916] Action: 0
[Step 4930] Action: 2
[Step 4944] Action: 3
[Step 4958] Action: 3
[Step 4968] Action: 2
[Step 4982] Action: 0
[Step 4996] Action: 1
[Step 5010] Action: 0
[Step 5024] Action: 0
[Step 5034] Action: 1
[Step 5048] Action: 2
[Step 5062] Action: 0
[Step 5076] Action: 2
[Step 5090] Action: 2
[Step 5100] Action: 3
[Step 5114] Action: 2
[Step 5128] Action: 0
[Step 5142] Action: 0
[Step 5152] Action: 2
[Step 5166] Action: 0
[Step 5180] Action: 1
[Step 5194] Action: 3
[Step 5208] Action: 0
[Step 5222] Action: 2
[Step 5236] Action: 0
[Step 5250] Action: 0
[Step 5260] Action: 0
[Step 5270] Action: 3
[Step 5284] Action: 2
[Step 5298] Action: 0
[Step 5312] Action: 1
[Step 5326] Action: 2
[Step 5340] Action: 2
[Step 5350] Action: 2
[Step 5360] Action: 1
[Step 5374] Action: 0
[Step 5388] Action: 3
