[Step 0] Action: 1
[Step 10] Action: 0
[Step 24] Action: 2
[Step 38] Action: 2
[Step 48] Action: 1
[Step 62] Action: 2
[Step 76] Action: 0
[Step 90] Action: 0
[Step 100] Action: 0
[Step 110] Action: 0
[Step 120] Action: 2
[Step 134] Action: 2
[Step 144] Action: 1
[Step 158] Action: 2
[Step 172] Action: 1
[Step 186] Action: 2
[Step 200] Action: 1
[Step 214] Action: 2
[Step 228] Action: 2
[Step 238] Action: 2
[Step 248] Action: 2
[Step 258] Action: 2
[Step 268] Action: 2
[Step 278] Action: 2
[Step 288] Action: 2
[Step 298] Action: 0
[Step 312] Action: 1
[Step 326] Action: 0
[Step 340] Action: 2
[Step 354] Action: 0
[Step 368] Action: 3
[Step 382] Action: 2
[Step 396] Action: 0
[Step 410] Action: 0
[Step 420] Action: 0
[Step 430] Action: 0
[Step 440] Action: 0
[Step 450] Action: 2
[Step 464] Action: 0
[Step 478] Action: 1
[Step 492] Action: 0
[Step 506] Action: 2
[Step 520] Action: 2
[Step 530] Action: 2
[Step 540] Action: 2
[Step 550] Action: 2
[Step 560] Action: 2
[Step 570] Action: 2
[Step 580] Action: 1
[Step 594] Action: 0
[Step 608] Action: 2
[Step 622] Action: 0
[Step 636] Action: 0
[Step 646] Action: 2
[Step 660] Action: 0
[Step 674] Action: 1
[Step 688] Action: 0
[Step 702] Action: 1
[Step 716] Action: 2
[Step 730] Action: 0
[Step 744] Action: 0
[Step 754] Action: 2
[Step 768] Action: 1
[Step 782] Action: 0
[Step 796] Action: 1
[Step 810] Action: 0
[Step 824] Action: 0
[Step 834] Action: 0
[Step 844] Action: 1
[Step 858] Action: 1
[Step 868] Action: 1
[Step 878] Action: 1
[Step 888] Action: 2
[Step 902] Action: 0
[Step 916] Action: 1
[Step 930] Action: 2
[Step 944] Action: 1
[Step 958] Action: 1
[Step 968] Action: 1
[Step 978] Action: 2
[Step 992] Action: 1
[Step 1006] Action: 1
[Step 1016] Action: 2
[Step 1030] Action: 2
[Step 1040] Action: 1
[Step 1054] Action: 1
[Step 1064] Action: 2
[Step 1078] Action: 0
[Step 1092] Action: 0
[Step 1102] Action: 0
[Step 1112] Action: 1
[Step 1126] Action: 1
[Step 1136] Action: 2
[Step 1150] Action: 1
[Step 1164] Action: 0
[Step 1178] Action: 1
[Step 1192] Action: 0
[Step 1206] Action: 1
[Step 1220] Action: 0
[Step 1234] Action: 1
[Step 1248] Action: 1
[Step 1258] Action: 2
[Step 1272] Action: 0
[Step 1286] Action: 1
[Step 1300] Action: 1
[Step 1310] Action: 0
[Step 1324] Action: 1
[Step 1338] Action: 1
[Step 1348] Action: 1
[Step 1358] Action: 1
[Step 1368] Action: 2
[Step 1382] Action: 2
[Step 1392] Action: 2
[Step 1402] Action: 1
[Step 1416] Action: 1
[Step 1426] Action: 0
[Step 1440] Action: 1
[Step 1454] Action: 0
[Step 1468] Action: 1
[Step 1482] Action: 0
[Step 1496] Action: 1
[Step 1510] Action: 0
[Step 1524] Action: 1
[Step 1538] Action: 1
[Step 1548] Action: 1
[Step 1558] Action: 2
[Step 1572] Action: 1
[Step 1586] Action: 2
[Step 1600] Action: 1
[Step 1614] Action: 1
[Step 1624] Action: 2
[Step 1638] Action: 0
[Step 1652] Action: 0
[Step 1662] Action: 1
[Step 1676] Action: 1
[Step 1686] Action: 1
[Step 1696] Action: 1
[Step 1706] Action: 2
[Step 1720] Action: 2
[Step 1730] Action: 2
[Step 1740] Action: 2
[Step 1750] Action: 1
[Step 1764] Action: 1
[Step 1774] Action: 0
[Step 1788] Action: 0
[Step 1798] Action: 0
[Step 1808] Action: 0
[Step 1818] Action: 1
[Step 1832] Action: 0
[Step 1846] Action: 0
[Step 1856] Action: 1
[Step 1870] Action: 0
[Step 1884] Action: 0
[Step 1894] Action: 1
[Step 1908] Action: 0
[Step 1922] Action: 1
[Step 1936] Action: 1
[Step 1946] Action: 2
[Step 1960] Action: 1
[Step 1974] Action: 1
[Step 1984] Action: 1
[Step 1994] Action: 2
[Step 2008] Action: 1
[Step 2022] Action: 2
[Step 2036] Action: 1
[Step 2050] Action: 0
[Step 2064] Action: 1
[Step 2078] Action: 1
[Step 2088] Action: 1
[Step 2098] Action: 2
[Step 2112] Action: 2
[Step 2122] Action: 2
[Step 2132] Action: 1
[Step 2146] Action: 1
[Step 2156] Action: 2
[Step 2170] Action: 1
[Step 2184] Action: 0
[Step 2198] Action: 1
[Step 2212] Action: 1
[Step 2222] Action: 1
[Step 2232] Action: 2
[Step 2246] Action: 2
[Step 2256] Action: 1
[Step 2270] Action: 2
[Step 2284] Action: 1
[Step 2298] Action: 2
[Step 2312] Action: 0
[Step 2326] Action: 0
[Step 2336] Action: 1
[Step 2350] Action: 1
[Step 2360] Action: 2
[Step 2374] Action: 1
[Step 2388] Action: 0
[Step 2402] Action: 1
[Step 2416] Action: 0
[Step 2430] Action: 1
[Step 2444] Action: 1
[Step 2454] Action: 2
[Step 2468] Action: 2
[Step 2478] Action: 0
[Step 2492] Action: 1
[Step 2506] Action: 0
[Step 2520] Action: 0
[Step 2530] Action: 0
[Step 2540] Action: 1
[Step 2554] Action: 2
[Step 2568] Action: 1
[Step 2582] Action: 0
[Step 2596] Action: 0
[Step 2606] Action: 1
[Step 2620] Action: 0
[Step 2634] Action: 2
[Step 2648] Action: 2
[Step 2658] Action: 0
[Step 2672] Action: 0
[Step 2682] Action: 1
[Step 2696] Action: 1
[Step 2706] Action: 2
[Step 2720] Action: 0
[Step 2734] Action: 1
[Step 2748] Action: 0
[Step 2762] Action: 1
[Step 2776] Action: 0
[Step 2790] Action: 0
[Step 2800] Action: 2
[Step 2814] Action: 0
[Step 2828] Action: 2
[Step 2842] Action: 1
[Step 2856] Action: 2
[Step 2870] Action: 0
[Step 2884] Action: 2
[Step 2898] Action: 0
[Step 2912] Action: 2
[Step 2926] Action: 1
[Step 2940] Action: 2
[Step 2954] Action: 0
[Step 2968] Action: 2
[Step 2982] Action: 0
[Step 2996] Action: 2
[Step 3010] Action: 1
[Step 3024] Action: 1
[Step 3034] Action: 0
[Step 3048] Action: 0
[Step 3058] Action: 1
[Step 3072] Action: 1
[Step 3082] Action: 1
[Step 3092] Action: 2
[Step 3106] Action: 1
[Step 3120] Action: 0
[Step 3134] Action: 0
[Step 3144] Action: 0
[Step 3154] Action: 1
[Step 3168] Action: 0
[Step 3182] Action: 3
[Step 3196] Action: 1
[Step 3210] Action: 1
[Step 3220] Action: 0
[Step 3234] Action: 1
[Step 3248] Action: 0
[Step 3262] Action: 2
[Step 3276] Action: 0
[Step 3290] Action: 2
[Step 3304] Action: 1
[Step 3318] Action: 0
[Step 3332] Action: 1
[Step 3346] Action: 1
[Step 3356] Action: 2
[Step 3370] Action: 1
[Step 3384] Action: 1
[Step 3394] Action: 1
[Step 3404] Action: 0
[Step 3418] Action: 1
[Step 3432] Action: 1
[Step 3442] Action: 0
[Step 3456] Action: 2
[Step 3470] Action: 0
[Step 3484] Action: 1
[Step 3498] Action: 0
[Step 3512] Action: 0
[Step 3522] Action: 2
[Step 3536] Action: 1
[Step 3550] Action: 0
[Step 3564] Action: 3
[Step 3578] Action: 2
[Step 3592] Action: 3
[Step 3606] Action: 0
[Step 3620] Action: 1
[Step 3634] Action: 2
[Step 3648] Action: 3
[Step 3662] Action: 0
[Step 3676] Action: 0
[Step 3686] Action: 1
[Step 3700] Action: 3
[Step 3714] Action: 2
[Step 3728] Action: 2
[Step 3738] Action: 3
[Step 3752] Action: 2
[Step 3766] Action: 1
[Step 3780] Action: 1
[Step 3790] Action: 1
[Step 3800] Action: 0
[Step 3814] Action: 0
[Step 3824] Action: 1
[Step 3838] Action: 0
[Step 3852] Action: 1
[Step 3866] Action: 1
[Step 3876] Action: 0
[Step 3890] Action: 0
[Step 3900] Action: 1
[Step 3914] Action: 3
[Step 3928] Action: 0
[Step 3942] Action: 1
[Step 3956] Action: 0
[Step 3970] Action: 3
[Step 3984] Action: 0
[Step 3998] Action: 2
[Step 4012] Action: 1
[Step 4026] Action: 0
[Step 4040] Action: 3
[Step 4054] Action: 2
[Step 4068] Action: 1
[Step 4082] Action: 3
[Step 4096] Action: 0
[Step 4110] Action: 0
[Step 4120] Action: 1
[Step 4134] Action: 0
[Step 4148] Action: 3
[Step 4162] Action: 2
[Step 4176] Action: 1
[Step 4190] Action: 1
[Step 4200] Action: 2
[Step 4214] Action: 1
[Step 4228] Action: 0
[Step 4242] Action: 1
[Step 4256] Action: 0
[Step 4270] Action: 3
[Step 4284] Action: 1
[Step 4298] Action: 1
[Step 4308] Action: 2
[Step 4322] Action: 0
[Step 4336] Action: 1
[Step 4350] Action: 1
[Step 4360] Action: 3
[Step 4374] Action: 0
[Step 4388] Action: 2
[Step 4402] Action: 1
[Step 4416] Action: 1
[Step 4426] Action: 2
[Step 4440] Action: 3
[Step 4454] Action: 0
[Step 4468] Action: 1
[Step 4482] Action: 3
[Step 4496] Action: 2
[Step 4510] Action: 0
[Step 4524] Action: 3
[Step 4538] Action: 1
[Step 4552] Action: 1
[Step 4562] Action: 3
[Step 4576] Action: 0
[Step 4590] Action: 1
[Step 4604] Action: 3
[Step 4618] Action: 0
[Step 4632] Action: 1
[Step 4646] Action: 1
[Step 4656] Action: 2
[Step 4670] Action: 2
[Step 4680] Action: 1
[Step 4694] Action: 0
[Step 4708] Action: 0
[Step 4718] Action: 0
[Step 4728] Action: 1
[Step 4742] Action: 0
[Step 4756] Action: 1
[Step 4770] Action: 3
[Step 4784] Action: 3
[Step 4794] Action: 0
[Step 4808] Action: 1
[Step 4822] Action: 3
[Step 4836] Action: 1
[Step 4850] Action: 3
[Step 4864] Action: 3
[Step 4874] Action: 1
[Step 4888] Action: 1
[Step 4898] Action: 1
[Step 4908] Action: 0
[Step 4922] Action: 0
[Step 4932] Action: 3
[Step 4946] Action: 3
[Step 4956] Action: 2
[Step 4970] Action: 2
[Step 4980] Action: 3
[Step 4994] Action: 1
[Step 5008] Action: 1
[Step 5018] Action: 1
[Step 5028] Action: 0
[Step 5042] Action: 2
[Step 5056] Action: 2
[Step 5066] Action: 3
[Step 5080] Action: 3
[Step 5090] Action: 1
[Step 5104] Action: 1
[Step 5114] Action: 0
[Step 5128] Action: 0
[Step 5138] Action: 0
[Step 5148] Action: 0
[Step 5158] Action: 0
[Step 5168] Action: 2
[Step 5182] Action: 0
[Step 5196] Action: 1
[Step 5210] Action: 3
[Step 5224] Action: 2
[Step 5238] Action: 1
[Step 5252] Action: 2
[Step 5266] Action: 3
[Step 5280] Action: 1
[Step 5294] Action: 0
[Step 5308] Action: 3
[Step 5322] Action: 3
[Step 5332] Action: 2
[Step 5346] Action: 3
[Step 5360] Action: 2
[Step 5374] Action: 3
[Step 5388] Action: 0
