[Step 0] Action: 1
[Step 10] Action: 1
[Step 20] Action: 1
[Step 30] Action: 1
[Step 40] Action: 2
[Step 54] Action: 0
[Step 68] Action: 1
[Step 82] Action: 0
[Step 96] Action: 1
[Step 110] Action: 0
[Step 124] Action: 1
[Step 138] Action: 0
[Step 152] Action: 1
[Step 166] Action: 0
[Step 180] Action: 1
[Step 194] Action: 0
[Step 208] Action: 1
[Step 222] Action: 0
[Step 236] Action: 1
[Step 250] Action: 0
[Step 264] Action: 1
[Step 278] Action: 0
[Step 292] Action: 1
[Step 306] Action: 0
[Step 320] Action: 0
[Step 330] Action: 1
[Step 344] Action: 0
[Step 358] Action: 1
[Step 372] Action: 0
[Step 386] Action: 1
[Step 400] Action: 0
[Step 414] Action: 0
[Step 424] Action: 1
[Step 438] Action: 0
[Step 452] Action: 0
[Step 462] Action: 0
[Step 472] Action: 3
[Step 486] Action: 0
[Step 500] Action: 1
[Step 514] Action: 0
[Step 528] Action: 0
[Step 538] Action: 0
[Step 548] Action: 1
[Step 562] Action: 0
[Step 576] Action: 1
[Step 590] Action: 0
[Step 604] Action: 1
[Step 618] Action: 0
[Step 632] Action: 0
[Step 642] Action: 0
[Step 652] Action: 1
[Step 666] Action: 0
[Step 680] Action: 0
[Step 690] Action: 2
[Step 704] Action: 2
[Step 714] Action: 0
[Step 728] Action: 1
[Step 742] Action: 0
[Step 756] Action: 1
[Step 770] Action: 0
[Step 784] Action: 1
[Step 798] Action: 0
[Step 812] Action: 0
[Step 822] Action: 1
[Step 836] Action: 0
[Step 850] Action: 0
[Step 860] Action: 1
[Step 874] Action: 0
[Step 888] Action: 0
[Step 898] Action: 1
[Step 912] Action: 0
[Step 926] Action: 1
[Step 940] Action: 0
[Step 954] Action: 0
[Step 964] Action: 0
[Step 974] Action: 1
[Step 988] Action: 0
[Step 1002] Action: 1
[Step 1016] Action: 0
[Step 1030] Action: 1
[Step 1044] Action: 0
[Step 1058] Action: 1
[Step 1072] Action: 0
[Step 1086] Action: 0
[Step 1096] Action: 1
[Step 1110] Action: 0
[Step 1124] Action: 1
[Step 1138] Action: 0
[Step 1152] Action: 0
[Step 1162] Action: 1
[Step 1176] Action: 0
[Step 1190] Action: 1
[Step 1204] Action: 0
[Step 1218] Action: 1
[Step 1232] Action: 0
[Step 1246] Action: 1
[Step 1260] Action: 0
[Step 1274] Action: 1
[Step 1288] Action: 0
[Step 1302] Action: 1
[Step 1316] Action: 0
[Step 1330] Action: 1
[Step 1344] Action: 0
[Step 1358] Action: 1
[Step 1372] Action: 0
[Step 1386] Action: 1
[Step 1400] Action: 0
[Step 1414] Action: 1
[Step 1428] Action: 0
[Step 1442] Action: 0
[Step 1452] Action: 0
[Step 1462] Action: 1
[Step 1476] Action: 0
[Step 1490] Action: 0
[Step 1500] Action: 0
[Step 1510] Action: 1
[Step 1524] Action: 0
[Step 1538] Action: 1
[Step 1552] Action: 0
[Step 1566] Action: 1
[Step 1580] Action: 0
[Step 1594] Action: 0
[Step 1604] Action: 0
[Step 1614] Action: 0
[Step 1624] Action: 1
[Step 1638] Action: 0
[Step 1652] Action: 1
[Step 1666] Action: 0
[Step 1680] Action: 1
[Step 1694] Action: 0
[Step 1708] Action: 0
[Step 1718] Action: 1
[Step 1732] Action: 0
[Step 1746] Action: 0
[Step 1756] Action: 0
[Step 1766] Action: 0
[Step 1776] Action: 1
[Step 1790] Action: 0
[Step 1804] Action: 0
[Step 1814] Action: 1
[Step 1828] Action: 0
[Step 1842] Action: 1
[Step 1856] Action: 0
[Step 1870] Action: 1
[Step 1884] Action: 0
[Step 1898] Action: 0
[Step 1908] Action: 0
[Step 1918] Action: 0
[Step 1928] Action: 1
[Step 1942] Action: 0
[Step 1956] Action: 0
[Step 1966] Action: 2
[Step 1980] Action: 0
[Step 1994] Action: 1
[Step 2008] Action: 0
[Step 2022] Action: 1
[Step 2036] Action: 0
[Step 2050] Action: 1
[Step 2064] Action: 0
[Step 2078] Action: 1
[Step 2092] Action: 0
[Step 2106] Action: 1
[Step 2120] Action: 0
[Step 2134] Action: 1
[Step 2148] Action: 0
[Step 2162] Action: 0
[Step 2172] Action: 1
[Step 2186] Action: 0
[Step 2200] Action: 1
[Step 2214] Action: 0
[Step 2228] Action: 1
[Step 2242] Action: 0
[Step 2256] Action: 1
[Step 2270] Action: 0
[Step 2284] Action: 1
[Step 2298] Action: 0
[Step 2312] Action: 0
[Step 2322] Action: 1
[Step 2336] Action: 0
[Step 2350] Action: 0
[Step 2360] Action: 1
[Step 2374] Action: 0
[Step 2388] Action: 2
[Step 2402] Action: 0
[Step 2416] Action: 0
[Step 2426] Action: 1
[Step 2440] Action: 0
[Step 2454] Action: 1
[Step 2468] Action: 0
[Step 2482] Action: 1
[Step 2496] Action: 0
[Step 2510] Action: 0
[Step 2520] Action: 1
[Step 2534] Action: 0
[Step 2548] Action: 0
[Step 2558] Action: 1
[Step 2572] Action: 0
[Step 2586] Action: 0
[Step 2596] Action: 1
[Step 2610] Action: 0
[Step 2624] Action: 1
[Step 2638] Action: 0
[Step 2652] Action: 1
[Step 2666] Action: 0
[Step 2680] Action: 1
[Step 2694] Action: 0
[Step 2708] Action: 1
[Step 2722] Action: 0
[Step 2736] Action: 1
[Step 2750] Action: 0
[Step 2764] Action: 1
[Step 2778] Action: 0
[Step 2792] Action: 1
[Step 2806] Action: 0
[Step 2820] Action: 1
[Step 2834] Action: 0
[Step 2848] Action: 2
[Step 2862] Action: 0
[Step 2876] Action: 0
[Step 2886] Action: 1
[Step 2900] Action: 0
[Step 2914] Action: 1
[Step 2928] Action: 0
[Step 2942] Action: 1
[Step 2956] Action: 0
[Step 2970] Action: 1
[Step 2984] Action: 0
[Step 2998] Action: 1
[Step 3012] Action: 0
[Step 3026] Action: 1
[Step 3040] Action: 0
[Step 3054] Action: 1
[Step 3068] Action: 0
[Step 3082] Action: 0
[Step 3092] Action: 1
[Step 3106] Action: 0
[Step 3120] Action: 2
[Step 3134] Action: 0
[Step 3148] Action: 1
[Step 3162] Action: 0
[Step 3176] Action: 0
[Step 3186] Action: 1
[Step 3200] Action: 0
[Step 3214] Action: 1
[Step 3228] Action: 0
[Step 3242] Action: 1
[Step 3256] Action: 0
[Step 3270] Action: 0
[Step 3280] Action: 1
[Step 3294] Action: 0
[Step 3308] Action: 1
[Step 3322] Action: 0
[Step 3336] Action: 0
[Step 3346] Action: 1
[Step 3360] Action: 0
[Step 3374] Action: 1
[Step 3388] Action: 0
[Step 3402] Action: 1
[Step 3416] Action: 0
[Step 3430] Action: 1
[Step 3444] Action: 0
[Step 3458] Action: 1
[Step 3472] Action: 0
[Step 3486] Action: 1
[Step 3500] Action: 0
[Step 3514] Action: 1
[Step 3528] Action: 0
[Step 3542] Action: 1
[Step 3556] Action: 0
[Step 3570] Action: 1
[Step 3584] Action: 0
[Step 3598] Action: 1
[Step 3612] Action: 0
[Step 3626] Action: 1
[Step 3640] Action: 0
[Step 3654] Action: 1
[Step 3668] Action: 0
[Step 3682] Action: 1
[Step 3696] Action: 0
[Step 3710] Action: 1
[Step 3724] Action: 0
[Step 3738] Action: 1
[Step 3752] Action: 3
[Step 3766] Action: 0
[Step 3780] Action: 1
[Step 3794] Action: 0
[Step 3808] Action: 1
[Step 3822] Action: 0
[Step 3836] Action: 1
[Step 3850] Action: 0
[Step 3864] Action: 1
[Step 3878] Action: 0
[Step 3892] Action: 1
[Step 3906] Action: 0
[Step 3920] Action: 1
[Step 3934] Action: 0
[Step 3948] Action: 1
[Step 3962] Action: 0
[Step 3976] Action: 1
[Step 3990] Action: 0
[Step 4004] Action: 1
[Step 4018] Action: 0
[Step 4032] Action: 1
[Step 4046] Action: 0
[Step 4060] Action: 1
[Step 4074] Action: 0
[Step 4088] Action: 1
[Step 4102] Action: 0
[Step 4116] Action: 1
[Step 4130] Action: 0
[Step 4144] Action: 1
[Step 4158] Action: 0
[Step 4172] Action: 1
[Step 4186] Action: 0
[Step 4200] Action: 1
[Step 4214] Action: 0
[Step 4228] Action: 1
[Step 4242] Action: 0
[Step 4256] Action: 1
[Step 4270] Action: 0
[Step 4284] Action: 1
[Step 4298] Action: 0
[Step 4312] Action: 1
[Step 4326] Action: 0
[Step 4340] Action: 0
[Step 4350] Action: 1
[Step 4364] Action: 0
[Step 4378] Action: 1
[Step 4392] Action: 0
[Step 4406] Action: 0
[Step 4416] Action: 1
[Step 4430] Action: 0
[Step 4444] Action: 1
[Step 4458] Action: 0
[Step 4472] Action: 1
[Step 4486] Action: 0
[Step 4500] Action: 1
[Step 4514] Action: 0
[Step 4528] Action: 1
[Step 4542] Action: 0
[Step 4556] Action: 1
[Step 4570] Action: 0
[Step 4584] Action: 1
[Step 4598] Action: 0
[Step 4612] Action: 1
[Step 4626] Action: 0
[Step 4640] Action: 1
[Step 4654] Action: 0
[Step 4668] Action: 1
[Step 4682] Action: 0
[Step 4696] Action: 1
[Step 4710] Action: 0
[Step 4724] Action: 1
[Step 4738] Action: 0
[Step 4752] Action: 1
[Step 4766] Action: 0
[Step 4780] Action: 1
[Step 4794] Action: 0
[Step 4808] Action: 1
[Step 4822] Action: 0
[Step 4836] Action: 1
[Step 4850] Action: 0
[Step 4864] Action: 1
[Step 4878] Action: 0
[Step 4892] Action: 1
[Step 4906] Action: 2
[Step 4920] Action: 0
[Step 4934] Action: 3
[Step 4948] Action: 0
[Step 4962] Action: 1
[Step 4976] Action: 0
[Step 4990] Action: 1
[Step 5004] Action: 0
[Step 5018] Action: 1
[Step 5032] Action: 3
[Step 5046] Action: 0
[Step 5060] Action: 1
[Step 5074] Action: 0
[Step 5088] Action: 1
[Step 5102] Action: 0
[Step 5116] Action: 1
[Step 5130] Action: 0
[Step 5144] Action: 1
[Step 5158] Action: 0
[Step 5172] Action: 2
[Step 5186] Action: 0
[Step 5200] Action: 1
[Step 5214] Action: 0
[Step 5228] Action: 1
[Step 5242] Action: 0
[Step 5256] Action: 1
[Step 5270] Action: 0
[Step 5284] Action: 1
[Step 5298] Action: 0
[Step 5312] Action: 1
[Step 5326] Action: 0
[Step 5340] Action: 1
[Step 5354] Action: 0
[Step 5368] Action: 1
[Step 5382] Action: 0
[Step 5396] Action: 1
