[Step 0] Action: 1
[Step 10] Action: 3
[Step 24] Action: 3
[Step 34] Action: 0
[Step 48] Action: 1
[Step 62] Action: 0
[Step 76] Action: 2
[Step 90] Action: 1
[Step 104] Action: 0
[Step 118] Action: 0
[Step 128] Action: 1
[Step 142] Action: 1
[Step 152] Action: 2
[Step 166] Action: 0
[Step 180] Action: 1
[Step 194] Action: 0
[Step 208] Action: 0
[Step 218] Action: 3
[Step 232] Action: 3
[Step 242] Action: 2
[Step 256] Action: 0
[Step 270] Action: 3
[Step 284] Action: 1
[Step 298] Action: 1
[Step 308] Action: 2
[Step 322] Action: 2
[Step 332] Action: 1
[Step 346] Action: 3
[Step 360] Action: 2
[Step 374] Action: 0
[Step 388] Action: 2
[Step 402] Action: 1
[Step 416] Action: 1
[Step 426] Action: 1
[Step 436] Action: 2
[Step 450] Action: 0
[Step 464] Action: 2
[Step 478] Action: 0
[Step 492] Action: 0
[Step 502] Action: 0
[Step 512] Action: 1
[Step 526] Action: 2
[Step 540] Action: 1
[Step 554] Action: 1
[Step 564] Action: 1
[Step 574] Action: 0
[Step 588] Action: 1
[Step 602] Action: 1
[Step 612] Action: 0
[Step 626] Action: 3
[Step 640] Action: 2
[Step 654] Action: 1
[Step 668] Action: 1
[Step 678] Action: 1
[Step 688] Action: 2
[Step 702] Action: 1
[Step 716] Action: 1
[Step 726] Action: 0
[Step 740] Action: 1
[Step 754] Action: 1
[Step 764] Action: 1
[Step 774] Action: 1
[Step 784] Action: 1
[Step 794] Action: 1
[Step 804] Action: 1
[Step 814] Action: 1
[Step 824] Action: 1
[Step 834] Action: 2
[Step 848] Action: 0
[Step 862] Action: 3
[Step 876] Action: 0
[Step 890] Action: 2
[Step 904] Action: 0
[Step 918] Action: 2
[Step 932] Action: 2
[Step 942] Action: 1
[Step 956] Action: 1
[Step 966] Action: 1
[Step 976] Action: 2
[Step 990] Action: 1
[Step 1004] Action: 1
[Step 1014] Action: 1
[Step 1024] Action: 0
[Step 1038] Action: 0
[Step 1048] Action: 2
[Step 1062] Action: 1
[Step 1076] Action: 1
[Step 1086] Action: 1
[Step 1096] Action: 1
[Step 1106] Action: 2
[Step 1120] Action: 1
[Step 1134] Action: 1
[Step 1144] Action: 1
[Step 1154] Action: 0
[Step 1168] Action: 1
[Step 1182] Action: 2
[Step 1196] Action: 2
[Step 1206] Action: 1
[Step 1220] Action: 1
[Step 1230] Action: 3
[Step 1244] Action: 0
[Step 1258] Action: 0
[Step 1268] Action: 1
[Step 1282] Action: 0
[Step 1296] Action: 0
[Step 1306] Action: 1
[Step 1320] Action: 1
[Step 1330] Action: 2
[Step 1344] Action: 1
[Step 1358] Action: 1
[Step 1368] Action: 1
[Step 1378] Action: 1
[Step 1388] Action: 1
[Step 1398] Action: 2
[Step 1412] Action: 1
[Step 1426] Action: 2
[Step 1440] Action: 1
[Step 1454] Action: 0
[Step 1468] Action: 2
[Step 1482] Action: 0
[Step 1496] Action: 1
[Step 1510] Action: 2
[Step 1524] Action: 1
[Step 1538] Action: 1
[Step 1548] Action: 1
[Step 1558] Action: 1
[Step 1568] Action: 1
[Step 1578] Action: 1
[Step 1588] Action: 2
[Step 1602] Action: 1
[Step 1616] Action: 2
[Step 1630] Action: 1
[Step 1644] Action: 3
[Step 1658] Action: 1
[Step 1672] Action: 0
[Step 1686] Action: 1
[Step 1700] Action: 2
[Step 1714] Action: 1
[Step 1728] Action: 1
[Step 1738] Action: 1
[Step 1748] Action: 3
[Step 1762] Action: 1
[Step 1776] Action: 2
[Step 1790] Action: 1
[Step 1804] Action: 0
[Step 1818] Action: 0
[Step 1828] Action: 1
[Step 1842] Action: 2
[Step 1856] Action: 1
[Step 1870] Action: 1
[Step 1880] Action: 0
[Step 1894] Action: 1
[Step 1908] Action: 0
[Step 1922] Action: 1
[Step 1936] Action: 1
[Step 1946] Action: 0
[Step 1960] Action: 1
[Step 1974] Action: 0
[Step 1988] Action: 2
[Step 2002] Action: 1
[Step 2016] Action: 1
[Step 2026] Action: 1
[Step 2036] Action: 2
[Step 2050] Action: 0
[Step 2064] Action: 0
[Step 2074] Action: 2
[Step 2088] Action: 1
[Step 2102] Action: 2
[Step 2116] Action: 2
[Step 2126] Action: 2
[Step 2136] Action: 2
[Step 2146] Action: 0
[Step 2160] Action: 1
[Step 2174] Action: 0
[Step 2188] Action: 0
[Step 2198] Action: 1
[Step 2212] Action: 3
[Step 2226] Action: 1
[Step 2240] Action: 1
[Step 2250] Action: 2
[Step 2264] Action: 1
[Step 2278] Action: 0
[Step 2292] Action: 0
[Step 2302] Action: 2
[Step 2316] Action: 2
[Step 2326] Action: 2
[Step 2336] Action: 1
[Step 2350] Action: 1
[Step 2360] Action: 0
[Step 2374] Action: 0
[Step 2384] Action: 0
[Step 2394] Action: 0
[Step 2404] Action: 0
[Step 2414] Action: 1
[Step 2428] Action: 1
[Step 2438] Action: 1
[Step 2448] Action: 1
[Step 2458] Action: 1
[Step 2468] Action: 0
[Step 2482] Action: 3
[Step 2496] Action: 0
[Step 2510] Action: 2
[Step 2524] Action: 0
[Step 2538] Action: 2
[Step 2552] Action: 1
[Step 2566] Action: 1
[Step 2576] Action: 2
[Step 2590] Action: 1
[Step 2604] Action: 1
[Step 2614] Action: 3
[Step 2628] Action: 2
[Step 2642] Action: 2
[Step 2652] Action: 2
[Step 2662] Action: 2
[Step 2672] Action: 1
[Step 2686] Action: 2
[Step 2700] Action: 3
[Step 2714] Action: 1
[Step 2728] Action: 0
[Step 2742] Action: 1
[Step 2756] Action: 0
[Step 2770] Action: 3
[Step 2784] Action: 0
[Step 2798] Action: 3
[Step 2812] Action: 0
[Step 2826] Action: 2
[Step 2840] Action: 2
[Step 2850] Action: 0
[Step 2864] Action: 0
[Step 2874] Action: 0
[Step 2884] Action: 3
[Step 2898] Action: 3
[Step 2908] Action: 0
[Step 2922] Action: 0
[Step 2932] Action: 0
[Step 2942] Action: 0
[Step 2952] Action: 1
[Step 2966] Action: 1
[Step 2976] Action: 3
[Step 2990] Action: 2
[Step 3004] Action: 1
[Step 3018] Action: 0
[Step 3032] Action: 3
[Step 3046] Action: 0
[Step 3060] Action: 1
[Step 3074] Action: 0
[Step 3088] Action: 0
[Step 3098] Action: 0
[Step 3108] Action: 1
[Step 3122] Action: 1
[Step 3132] Action: 3
[Step 3146] Action: 1
[Step 3160] Action: 3
[Step 3174] Action: 2
[Step 3188] Action: 2
[Step 3198] Action: 1
[Step 3212] Action: 2
[Step 3226] Action: 1
[Step 3240] Action: 1
[Step 3250] Action: 3
[Step 3264] Action: 3
[Step 3274] Action: 2
[Step 3288] Action: 1
[Step 3302] Action: 0
[Step 3316] Action: 2
[Step 3330] Action: 2
[Step 3340] Action: 1
[Step 3354] Action: 1
[Step 3364] Action: 1
[Step 3374] Action: 3
[Step 3388] Action: 2
[Step 3402] Action: 1
[Step 3416] Action: 2
[Step 3430] Action: 1
[Step 3444] Action: 0
[Step 3458] Action: 3
[Step 3472] Action: 2
[Step 3486] Action: 1
[Step 3500] Action: 0
[Step 3514] Action: 2
[Step 3528] Action: 1
[Step 3542] Action: 3
[Step 3556] Action: 2
[Step 3570] Action: 1
[Step 3584] Action: 0
[Step 3598] Action: 2
[Step 3612] Action: 2
[Step 3622] Action: 0
[Step 3636] Action: 1
[Step 3650] Action: 3
[Step 3664] Action: 1
[Step 3678] Action: 2
[Step 3692] Action: 3
[Step 3706] Action: 0
[Step 3720] Action: 1
[Step 3734] Action: 1
[Step 3744] Action: 2
[Step 3758] Action: 0
[Step 3772] Action: 1
[Step 3786] Action: 0
[Step 3800] Action: 1
[Step 3814] Action: 2
[Step 3828] Action: 1
[Step 3842] Action: 3
[Step 3856] Action: 3
[Step 3866] Action: 1
[Step 3880] Action: 2
[Step 3894] Action: 0
[Step 3908] Action: 2
[Step 3922] Action: 1
[Step 3936] Action: 3
[Step 3950] Action: 0
[Step 3964] Action: 3
[Step 3978] Action: 1
[Step 3992] Action: 0
[Step 4006] Action: 1
[Step 4020] Action: 0
[Step 4034] Action: 1
[Step 4048] Action: 2
[Step 4062] Action: 2
[Step 4072] Action: 0
[Step 4086] Action: 2
[Step 4100] Action: 2
[Step 4110] Action: 1
[Step 4124] Action: 0
[Step 4138] Action: 0
[Step 4148] Action: 0
[Step 4158] Action: 1
[Step 4172] Action: 1
[Step 4182] Action: 3
[Step 4196] Action: 0
[Step 4210] Action: 2
[Step 4224] Action: 3
[Step 4238] Action: 1
[Step 4252] Action: 2
[Step 4266] Action: 0
[Step 4280] Action: 1
[Step 4294] Action: 0
[Step 4308] Action: 2
[Step 4322] Action: 2
[Step 4332] Action: 0
[Step 4346] Action: 0
[Step 4356] Action: 3
[Step 4370] Action: 2
[Step 4384] Action: 0
[Step 4398] Action: 2
[Step 4412] Action: 1
[Step 4426] Action: 1
[Step 4436] Action: 0
[Step 4450] Action: 1
[Step 4464] Action: 1
[Step 4474] Action: 0
[Step 4488] Action: 3
[Step 4502] Action: 1
[Step 4516] Action: 3
[Step 4530] Action: 3
[Step 4540] Action: 2
[Step 4554] Action: 1
[Step 4568] Action: 2
[Step 4582] Action: 1
[Step 4596] Action: 0
[Step 4610] Action: 2
[Step 4624] Action: 1
[Step 4638] Action: 1
[Step 4648] Action: 1
[Step 4658] Action: 1
[Step 4668] Action: 1
[Step 4678] Action: 0
[Step 4692] Action: 0
[Step 4702] Action: 1
[Step 4716] Action: 0
[Step 4730] Action: 2
[Step 4744] Action: 1
[Step 4758] Action: 0
[Step 4772] Action: 3
[Step 4786] Action: 2
[Step 4800] Action: 0
[Step 4814] Action: 2
[Step 4828] Action: 3
[Step 4842] Action: 3
[Step 4852] Action: 2
[Step 4866] Action: 2
[Step 4876] Action: 3
[Step 4890] Action: 2
[Step 4904] Action: 3
[Step 4918] Action: 0
[Step 4932] Action: 1
[Step 4946] Action: 3
[Step 4960] Action: 0
[Step 4974] Action: 3
[Step 4988] Action: 1
[Step 5002] Action: 1
[Step 5012] Action: 0
[Step 5026] Action: 0
[Step 5036] Action: 1
[Step 5050] Action: 0
[Step 5064] Action: 0
[Step 5074] Action: 3
[Step 5088] Action: 3
[Step 5098] Action: 0
[Step 5112] Action: 1
[Step 5126] Action: 0
[Step 5140] Action: 2
[Step 5154] Action: 3
[Step 5168] Action: 2
[Step 5182] Action: 0
[Step 5196] Action: 0
[Step 5206] Action: 1
[Step 5220] Action: 3
[Step 5234] Action: 2
[Step 5248] Action: 1
[Step 5262] Action: 0
[Step 5276] Action: 0
[Step 5286] Action: 1
[Step 5300] Action: 0
[Step 5314] Action: 2
[Step 5328] Action: 0
[Step 5342] Action: 0
[Step 5352] Action: 3
[Step 5366] Action: 2
[Step 5380] Action: 1
[Step 5394] Action: 1
