[Step 0] Action: 1
[Step 40] Action: 0
[Step 84] Action: 0
[Step 124] Action: 0
[Step 164] Action: 2
[Step 208] Action: 2
[Step 248] Action: 3
[Step 292] Action: 1
[Step 336] Action: 1
[Step 376] Action: 2
[Step 420] Action: 1
[Step 464] Action: 1
[Step 504] Action: 1
[Step 544] Action: 1
[Step 584] Action: 3
[Step 628] Action: 0
[Step 672] Action: 1
[Step 716] Action: 1
[Step 756] Action: 1
[Step 796] Action: 1
[Step 836] Action: 1
[Step 876] Action: 1
[Step 916] Action: 2
[Step 960] Action: 1
[Step 1004] Action: 0
[Step 1048] Action: 1
[Step 1092] Action: 1
[Step 1132] Action: 2
[Step 1176] Action: 1
[Step 1220] Action: 2
[Step 1264] Action: 1
[Step 1308] Action: 1
[Step 1348] Action: 1
[Step 1388] Action: 2
[Step 1432] Action: 1
[Step 1476] Action: 1
[Step 1516] Action: 1
[Step 1556] Action: 2
[Step 1600] Action: 1
[Step 1644] Action: 3
[Step 1688] Action: 0
[Step 1732] Action: 1
[Step 1776] Action: 1
[Step 1816] Action: 1
[Step 1856] Action: 1
[Step 1896] Action: 0
[Step 1940] Action: 1
[Step 1984] Action: 1
[Step 2024] Action: 1
[Step 2064] Action: 1
[Step 2104] Action: 2
[Step 2148] Action: 1
[Step 2192] Action: 1
[Step 2232] Action: 1
[Step 2272] Action: 1
[Step 2312] Action: 1
[Step 2352] Action: 1
[Step 2392] Action: 1
[Step 2432] Action: 1
[Step 2472] Action: 0
[Step 2516] Action: 1
[Step 2560] Action: 1
[Step 2600] Action: 1
[Step 2640] Action: 0
[Step 2684] Action: 3
[Step 2728] Action: 1
[Step 2772] Action: 2
[Step 2816] Action: 1
[Step 2860] Action: 2
[Step 2904] Action: 1
[Step 2948] Action: 1
[Step 2988] Action: 2
[Step 3032] Action: 2
[Step 3072] Action: 2
[Step 3112] Action: 2
[Step 3152] Action: 2
[Step 3192] Action: 2
[Step 3232] Action: 1
[Step 3276] Action: 3
[Step 3320] Action: 0
[Step 3364] Action: 1
[Step 3408] Action: 1
[Step 3448] Action: 2
[Step 3492] Action: 1
[Step 3536] Action: 3
[Step 3580] Action: 2
[Step 3624] Action: 1
[Step 3668] Action: 0
[Step 3712] Action: 1
[Step 3756] Action: 0
[Step 3800] Action: 3
[Step 3844] Action: 1
[Step 3888] Action: 1
[Step 3928] Action: 2
[Step 3972] Action: 1
[Step 4016] Action: 2
[Step 4060] Action: 2
[Step 4100] Action: 2
[Step 4140] Action: 0
[Step 4184] Action: 1
[Step 4228] Action: 1
[Step 4268] Action: 3
[Step 4312] Action: 2
[Step 4356] Action: 2
[Step 4396] Action: 0
[Step 4440] Action: 3
[Step 4484] Action: 0
[Step 4528] Action: 0
[Step 4568] Action: 2
[Step 4612] Action: 1
[Step 4656] Action: 2
[Step 4700] Action: 0
[Step 4744] Action: 0
[Step 4784] Action: 0
[Step 4824] Action: 0
[Step 4864] Action: 1
[Step 4908] Action: 2
[Step 4952] Action: 0
[Step 4996] Action: 3
[Step 5040] Action: 2
[Step 5084] Action: 0
[Step 5128] Action: 0
[Step 5168] Action: 1
[Step 5212] Action: 0
[Step 5256] Action: 3
[Step 5300] Action: 1
[Step 5344] Action: 3
[Step 5388] Action: 3
