[Step 0] Action: 0
[Step 10] Action: 1
[Step 24] Action: 1
[Step 34] Action: 1
[Step 44] Action: 3
[Step 58] Action: 1
[Step 72] Action: 2
[Step 86] Action: 0
[Step 100] Action: 2
[Step 114] Action: 1
[Step 128] Action: 1
[Step 138] Action: 1
[Step 148] Action: 2
[Step 162] Action: 0
[Step 176] Action: 3
[Step 190] Action: 1
[Step 204] Action: 2
[Step 218] Action: 2
[Step 228] Action: 3
[Step 242] Action: 0
[Step 256] Action: 2
[Step 270] Action: 0
[Step 284] Action: 3
[Step 298] Action: 0
[Step 312] Action: 1
[Step 326] Action: 3
[Step 340] Action: 1
[Step 354] Action: 1
[Step 364] Action: 2
[Step 378] Action: 2
[Step 388] Action: 3
[Step 402] Action: 2
[Step 416] Action: 0
[Step 430] Action: 0
[Step 440] Action: 1
[Step 454] Action: 0
[Step 468] Action: 3
[Step 482] Action: 1
[Step 496] Action: 1
[Step 506] Action: 1
[Step 516] Action: 1
[Step 526] Action: 1
[Step 536] Action: 3
[Step 550] Action: 1
[Step 564] Action: 2
[Step 578] Action: 1
[Step 592] Action: 1
[Step 602] Action: 2
[Step 616] Action: 1
[Step 630] Action: 0
[Step 644] Action: 1
[Step 658] Action: 3
[Step 672] Action: 0
[Step 686] Action: 0
[Step 696] Action: 2
[Step 710] Action: 1
[Step 724] Action: 1
[Step 734] Action: 1
[Step 744] Action: 1
[Step 754] Action: 1
[Step 764] Action: 2
[Step 778] Action: 2
[Step 788] Action: 1
[Step 802] Action: 0
[Step 816] Action: 1
[Step 830] Action: 1
[Step 840] Action: 1
[Step 850] Action: 1
[Step 860] Action: 1
[Step 870] Action: 2
[Step 884] Action: 1
[Step 898] Action: 2
[Step 912] Action: 2
[Step 922] Action: 0
[Step 936] Action: 1
[Step 950] Action: 1
[Step 960] Action: 1
[Step 970] Action: 1
[Step 980] Action: 1
[Step 990] Action: 1
[Step 1000] Action: 1
[Step 1010] Action: 1
[Step 1020] Action: 1
[Step 1030] Action: 1
[Step 1040] Action: 1
[Step 1050] Action: 1
[Step 1060] Action: 1
[Step 1070] Action: 1
[Step 1080] Action: 1
[Step 1090] Action: 0
[Step 1104] Action: 1
[Step 1118] Action: 2
[Step 1132] Action: 1
[Step 1146] Action: 1
[Step 1156] Action: 1
[Step 1166] Action: 1
[Step 1176] Action: 1
[Step 1186] Action: 1
[Step 1196] Action: 1
[Step 1206] Action: 1
[Step 1216] Action: 1
[Step 1226] Action: 1
[Step 1236] Action: 1
[Step 1246] Action: 1
[Step 1256] Action: 1
[Step 1266] Action: 1
[Step 1276] Action: 1
[Step 1286] Action: 1
[Step 1296] Action: 1
[Step 1306] Action: 1
[Step 1316] Action: 1
[Step 1326] Action: 1
[Step 1336] Action: 1
[Step 1346] Action: 1
[Step 1356] Action: 1
[Step 1366] Action: 1
[Step 1376] Action: 1
[Step 1386] Action: 1
[Step 1396] Action: 1
[Step 1406] Action: 1
[Step 1416] Action: 1
[Step 1426] Action: 1
[Step 1436] Action: 1
[Step 1446] Action: 1
[Step 1456] Action: 1
[Step 1466] Action: 1
[Step 1476] Action: 1
[Step 1486] Action: 1
[Step 1496] Action: 1
[Step 1506] Action: 1
[Step 1516] Action: 1
[Step 1526] Action: 1
[Step 1536] Action: 1
[Step 1546] Action: 2
[Step 1560] Action: 1
[Step 1574] Action: 1
[Step 1584] Action: 1
[Step 1594] Action: 1
[Step 1604] Action: 1
[Step 1614] Action: 0
[Step 1628] Action: 0
[Step 1638] Action: 1
[Step 1652] Action: 1
[Step 1662] Action: 1
[Step 1672] Action: 1
[Step 1682] Action: 1
[Step 1692] Action: 2
[Step 1706] Action: 1
[Step 1720] Action: 1
[Step 1730] Action: 0
[Step 1744] Action: 1
[Step 1758] Action: 3
[Step 1772] Action: 1
[Step 1786] Action: 1
[Step 1796] Action: 1
[Step 1806] Action: 0
[Step 1820] Action: 2
[Step 1834] Action: 1
[Step 1848] Action: 1
[Step 1858] Action: 1
[Step 1868] Action: 1
[Step 1878] Action: 2
[Step 1892] Action: 0
[Step 1906] Action: 1
[Step 1920] Action: 1
[Step 1930] Action: 1
[Step 1940] Action: 1
[Step 1950] Action: 1
[Step 1960] Action: 1
[Step 1970] Action: 1
[Step 1980] Action: 1
[Step 1990] Action: 1
[Step 2000] Action: 1
[Step 2010] Action: 2
[Step 2024] Action: 1
[Step 2038] Action: 1
[Step 2048] Action: 1
[Step 2058] Action: 3
[Step 2072] Action: 2
[Step 2086] Action: 1
[Step 2100] Action: 0
[Step 2114] Action: 0
[Step 2124] Action: 0
[Step 2134] Action: 1
[Step 2148] Action: 3
[Step 2162] Action: 1
[Step 2176] Action: 1
[Step 2186] Action: 2
[Step 2200] Action: 1
[Step 2214] Action: 0
[Step 2228] Action: 2
[Step 2242] Action: 0
[Step 2256] Action: 3
[Step 2270] Action: 1
[Step 2284] Action: 1
[Step 2294] Action: 1
[Step 2304] Action: 1
[Step 2314] Action: 1
[Step 2324] Action: 2
[Step 2338] Action: 1
[Step 2352] Action: 1
[Step 2362] Action: 1
[Step 2372] Action: 1
[Step 2382] Action: 1
[Step 2392] Action: 1
[Step 2402] Action: 3
[Step 2416] Action: 1
[Step 2430] Action: 1
[Step 2440] Action: 1
[Step 2450] Action: 3
[Step 2464] Action: 1
[Step 2478] Action: 1
[Step 2488] Action: 1
[Step 2498] Action: 2
[Step 2512] Action: 2
[Step 2522] Action: 1
[Step 2536] Action: 0
[Step 2550] Action: 1
[Step 2564] Action: 0
[Step 2578] Action: 1
[Step 2592] Action: 1
[Step 2602] Action: 1
[Step 2612] Action: 1
[Step 2622] Action: 1
[Step 2632] Action: 3
[Step 2646] Action: 2
[Step 2660] Action: 1
[Step 2674] Action: 1
[Step 2684] Action: 2
[Step 2698] Action: 1
[Step 2712] Action: 1
[Step 2722] Action: 2
[Step 2736] Action: 1
[Step 2750] Action: 0
[Step 2764] Action: 1
[Step 2778] Action: 0
[Step 2792] Action: 1
[Step 2806] Action: 1
[Step 2816] Action: 3
[Step 2830] Action: 2
[Step 2844] Action: 1
[Step 2858] Action: 3
[Step 2872] Action: 2
[Step 2886] Action: 1
[Step 2900] Action: 3
[Step 2914] Action: 3
[Step 2924] Action: 0
[Step 2938] Action: 3
[Step 2952] Action: 1
[Step 2966] Action: 1
[Step 2976] Action: 1
[Step 2986] Action: 1
[Step 2996] Action: 3
[Step 3010] Action: 0
[Step 3024] Action: 2
[Step 3038] Action: 3
[Step 3052] Action: 0
[Step 3066] Action: 0
[Step 3076] Action: 3
[Step 3090] Action: 2
[Step 3104] Action: 0
[Step 3118] Action: 1
[Step 3132] Action: 1
[Step 3142] Action: 0
[Step 3156] Action: 3
[Step 3170] Action: 2
[Step 3184] Action: 2
[Step 3194] Action: 1
[Step 3208] Action: 2
[Step 3222] Action: 1
[Step 3236] Action: 2
[Step 3250] Action: 2
[Step 3260] Action: 1
[Step 3274] Action: 0
[Step 3288] Action: 3
[Step 3302] Action: 0
[Step 3316] Action: 2
[Step 3330] Action: 2
[Step 3340] Action: 2
[Step 3350] Action: 1
[Step 3364] Action: 1
[Step 3374] Action: 1
[Step 3384] Action: 3
[Step 3398] Action: 3
[Step 3408] Action: 2
[Step 3422] Action: 0
[Step 3436] Action: 2
[Step 3450] Action: 2
[Step 3460] Action: 0
[Step 3474] Action: 2
[Step 3488] Action: 0
[Step 3502] Action: 0
[Step 3512] Action: 0
[Step 3522] Action: 0
[Step 3532] Action: 0
[Step 3542] Action: 3
[Step 3556] Action: 0
[Step 3570] Action: 1
[Step 3584] Action: 0
[Step 3598] Action: 1
[Step 3612] Action: 1
[Step 3622] Action: 1
[Step 3632] Action: 3
[Step 3646] Action: 1
[Step 3660] Action: 2
[Step 3674] Action: 0
[Step 3688] Action: 1
[Step 3702] Action: 2
[Step 3716] Action: 0
[Step 3730] Action: 1
[Step 3744] Action: 1
[Step 3754] Action: 0
[Step 3768] Action: 1
[Step 3782] Action: 3
[Step 3796] Action: 1
[Step 3810] Action: 1
[Step 3820] Action: 2
[Step 3834] Action: 0
[Step 3848] Action: 1
[Step 3862] Action: 1
[Step 3872] Action: 1
[Step 3882] Action: 1
[Step 3892] Action: 0
[Step 3906] Action: 2
[Step 3920] Action: 2
[Step 3930] Action: 0
[Step 3944] Action: 1
[Step 3958] Action: 0
[Step 3972] Action: 3
[Step 3986] Action: 1
[Step 4000] Action: 2
[Step 4014] Action: 2
[Step 4024] Action: 2
[Step 4034] Action: 1
[Step 4048] Action: 0
[Step 4062] Action: 2
[Step 4076] Action: 0
[Step 4090] Action: 3
[Step 4104] Action: 1
[Step 4118] Action: 0
[Step 4132] Action: 0
[Step 4142] Action: 2
[Step 4156] Action: 0
[Step 4170] Action: 2
[Step 4184] Action: 0
[Step 4198] Action: 1
[Step 4212] Action: 2
[Step 4226] Action: 2
[Step 4236] Action: 2
[Step 4246] Action: 1
[Step 4260] Action: 3
[Step 4274] Action: 2
[Step 4288] Action: 1
[Step 4302] Action: 0
[Step 4316] Action: 3
[Step 4330] Action: 1
[Step 4344] Action: 2
[Step 4358] Action: 2
[Step 4368] Action: 2
[Step 4378] Action: 3
[Step 4392] Action: 2
[Step 4406] Action: 1
[Step 4420] Action: 1
[Step 4430] Action: 2
[Step 4444] Action: 0
[Step 4458] Action: 1
[Step 4472] Action: 1
[Step 4482] Action: 1
[Step 4492] Action: 0
[Step 4506] Action: 0
[Step 4516] Action: 2
[Step 4530] Action: 1
[Step 4544] Action: 1
[Step 4554] Action: 2
[Step 4568] Action: 2
[Step 4578] Action: 1
[Step 4592] Action: 3
[Step 4606] Action: 2
[Step 4620] Action: 1
[Step 4634] Action: 2
[Step 4648] Action: 3
[Step 4662] Action: 0
[Step 4676] Action: 1
[Step 4690] Action: 1
[Step 4700] Action: 3
[Step 4714] Action: 2
[Step 4728] Action: 3
[Step 4742] Action: 0
[Step 4756] Action: 2
[Step 4770] Action: 1
[Step 4784] Action: 0
[Step 4798] Action: 0
[Step 4808] Action: 3
[Step 4822] Action: 0
[Step 4836] Action: 3
[Step 4850] Action: 2
[Step 4864] Action: 2
[Step 4874] Action: 3
[Step 4888] Action: 2
[Step 4902] Action: 2
[Step 4912] Action: 3
[Step 4926] Action: 3
[Step 4936] Action: 1
[Step 4950] Action: 2
[Step 4964] Action: 2
[Step 4974] Action: 1
[Step 4988] Action: 3
[Step 5002] Action: 2
[Step 5016] Action: 3
[Step 5030] Action: 2
[Step 5044] Action: 1
[Step 5058] Action: 3
[Step 5072] Action: 2
[Step 5086] Action: 2
[Step 5096] Action: 1
[Step 5110] Action: 0
[Step 5124] Action: 0
[Step 5134] Action: 1
[Step 5148] Action: 1
[Step 5158] Action: 1
[Step 5168] Action: 2
[Step 5182] Action: 1
[Step 5196] Action: 3
[Step 5210] Action: 1
[Step 5224] Action: 0
[Step 5238] Action: 1
[Step 5252] Action: 2
[Step 5266] Action: 3
[Step 5280] Action: 1
[Step 5294] Action: 0
[Step 5308] Action: 3
[Step 5322] Action: 0
[Step 5336] Action: 0
[Step 5346] Action: 0
[Step 5356] Action: 2
[Step 5370] Action: 1
[Step 5384] Action: 3
[Step 5398] Action: 0
