[Step 0] Action: 1
[Step 40] Action: 0
[Step 84] Action: 2
[Step 128] Action: 2
[Step 168] Action: 1
[Step 212] Action: 1
[Step 252] Action: 1
[Step 292] Action: 2
[Step 336] Action: 1
[Step 380] Action: 2
[Step 424] Action: 0
[Step 468] Action: 0
[Step 508] Action: 1
[Step 552] Action: 2
[Step 596] Action: 3
[Step 640] Action: 0
[Step 684] Action: 3
[Step 728] Action: 1
[Step 772] Action: 0
[Step 816] Action: 0
[Step 856] Action: 3
[Step 900] Action: 3
[Step 940] Action: 1
[Step 984] Action: 3
[Step 1028] Action: 2
[Step 1072] Action: 2
[Step 1112] Action: 1
[Step 1156] Action: 0
[Step 1200] Action: 0
[Step 1240] Action: 1
[Step 1284] Action: 3
[Step 1328] Action: 0
[Step 1372] Action: 2
[Step 1416] Action: 0
[Step 1460] Action: 0
[Step 1500] Action: 1
[Step 1544] Action: 3
[Step 1588] Action: 2
[Step 1632] Action: 2
[Step 1672] Action: 2
[Step 1712] Action: 1
[Step 1756] Action: 2
[Step 1800] Action: 0
[Step 1844] Action: 2
[Step 1888] Action: 2
[Step 1928] Action: 1
[Step 1972] Action: 1
[Step 2012] Action: 1
[Step 2052] Action: 0
[Step 2096] Action: 2
[Step 2140] Action: 1
[Step 2184] Action: 2
[Step 2228] Action: 1
[Step 2272] Action: 3
[Step 2316] Action: 1
[Step 2360] Action: 2
[Step 2404] Action: 0
[Step 2448] Action: 3
[Step 2492] Action: 2
[Step 2536] Action: 0
[Step 2580] Action: 2
[Step 2624] Action: 1
[Step 2668] Action: 1
[Step 2708] Action: 0
[Step 2752] Action: 2
[Step 2796] Action: 0
[Step 2840] Action: 3
[Step 2884] Action: 2
[Step 2928] Action: 3
[Step 2972] Action: 1
[Step 3016] Action: 1
[Step 3056] Action: 0
[Step 3100] Action: 3
[Step 3144] Action: 2
[Step 3188] Action: 2
[Step 3228] Action: 2
[Step 3268] Action: 0
[Step 3312] Action: 1
[Step 3356] Action: 2
[Step 3400] Action: 1
[Step 3444] Action: 0
[Step 3488] Action: 2
