[Step 0] Action: 3
[Step 10] Action: 0
[Step 24] Action: 3
[Step 38] Action: 0
[Step 52] Action: 2
[Step 66] Action: 0
[Step 80] Action: 2
[Step 94] Action: 3
[Step 108] Action: 1
[Step 122] Action: 1
[Step 132] Action: 1
[Step 142] Action: 0
[Step 156] Action: 0
[Step 166] Action: 2
[Step 180] Action: 0
[Step 194] Action: 1
[Step 208] Action: 0
[Step 222] Action: 1
[Step 236] Action: 0
[Step 250] Action: 2
[Step 264] Action: 1
[Step 278] Action: 2
[Step 292] Action: 1
[Step 306] Action: 1
[Step 316] Action: 3
[Step 330] Action: 2
[Step 344] Action: 1
[Step 358] Action: 0
[Step 372] Action: 1
[Step 386] Action: 1
[Step 396] Action: 1
[Step 406] Action: 1
[Step 416] Action: 1
[Step 426] Action: 1
[Step 436] Action: 2
[Step 450] Action: 2
[Step 460] Action: 1
[Step 474] Action: 0
[Step 488] Action: 3
[Step 502] Action: 0
[Step 516] Action: 1
[Step 530] Action: 0
[Step 544] Action: 0
[Step 554] Action: 0
[Step 564] Action: 2
[Step 578] Action: 0
[Step 592] Action: 1
[Step 606] Action: 3
[Step 620] Action: 2
[Step 634] Action: 0
[Step 648] Action: 2
[Step 662] Action: 1
[Step 676] Action: 1
[Step 686] Action: 1
[Step 696] Action: 1
[Step 706] Action: 0
[Step 720] Action: 1
[Step 734] Action: 0
[Step 748] Action: 1
[Step 762] Action: 0
[Step 776] Action: 0
[Step 786] Action: 1
[Step 800] Action: 1
[Step 810] Action: 1
[Step 820] Action: 0
[Step 834] Action: 1
[Step 848] Action: 1
[Step 858] Action: 1
[Step 868] Action: 1
[Step 878] Action: 1
[Step 888] Action: 1
[Step 898] Action: 0
[Step 912] Action: 1
[Step 926] Action: 1
[Step 936] Action: 1
[Step 946] Action: 1
[Step 956] Action: 1
[Step 966] Action: 1
[Step 976] Action: 0
[Step 990] Action: 0
[Step 1000] Action: 2
[Step 1014] Action: 1
[Step 1028] Action: 1
[Step 1038] Action: 1
[Step 1048] Action: 1
[Step 1058] Action: 0
[Step 1072] Action: 2
[Step 1086] Action: 2
[Step 1096] Action: 1
[Step 1110] Action: 1
[Step 1120] Action: 1
[Step 1130] Action: 1
[Step 1140] Action: 3
[Step 1154] Action: 1
[Step 1168] Action: 0
[Step 1182] Action: 2
[Step 1196] Action: 2
[Step 1206] Action: 1
[Step 1220] Action: 1
[Step 1230] Action: 1
[Step 1240] Action: 1
[Step 1250] Action: 1
[Step 1260] Action: 1
[Step 1270] Action: 2
[Step 1284] Action: 1
[Step 1298] Action: 2
[Step 1312] Action: 0
[Step 1326] Action: 0
[Step 1336] Action: 2
[Step 1350] Action: 1
[Step 1364] Action: 2
[Step 1378] Action: 1
[Step 1392] Action: 1
[Step 1402] Action: 1
[Step 1412] Action: 2
[Step 1426] Action: 1
[Step 1440] Action: 0
[Step 1454] Action: 1
[Step 1468] Action: 0
[Step 1482] Action: 2
[Step 1496] Action: 0
[Step 1510] Action: 3
[Step 1524] Action: 1
[Step 1538] Action: 1
[Step 1548] Action: 1
[Step 1558] Action: 1
[Step 1568] Action: 1
[Step 1578] Action: 1
[Step 1588] Action: 2
[Step 1602] Action: 2
[Step 1612] Action: 2
[Step 1622] Action: 2
[Step 1632] Action: 2
[Step 1642] Action: 2
[Step 1652] Action: 0
[Step 1666] Action: 1
[Step 1680] Action: 1
[Step 1690] Action: 1
[Step 1700] Action: 1
[Step 1710] Action: 1
[Step 1720] Action: 1
[Step 1730] Action: 0
[Step 1744] Action: 1
[Step 1758] Action: 0
[Step 1772] Action: 0
[Step 1782] Action: 3
[Step 1796] Action: 0
[Step 1810] Action: 1
[Step 1824] Action: 2
[Step 1838] Action: 1
[Step 1852] Action: 1
[Step 1862] Action: 0
[Step 1876] Action: 2
[Step 1890] Action: 1
[Step 1904] Action: 1
[Step 1914] Action: 1
[Step 1924] Action: 1
[Step 1934] Action: 1
[Step 1944] Action: 0
[Step 1958] Action: 0
[Step 1968] Action: 0
[Step 1978] Action: 1
[Step 1992] Action: 0
[Step 2006] Action: 1
[Step 2020] Action: 1
[Step 2030] Action: 1
[Step 2040] Action: 1
[Step 2050] Action: 1
[Step 2060] Action: 1
[Step 2070] Action: 1
[Step 2080] Action: 2
[Step 2094] Action: 1
[Step 2108] Action: 0
[Step 2122] Action: 0
[Step 2132] Action: 0
[Step 2142] Action: 1
[Step 2156] Action: 1
[Step 2166] Action: 2
[Step 2180] Action: 1
[Step 2194] Action: 0
[Step 2208] Action: 1
[Step 2222] Action: 1
[Step 2232] Action: 2
[Step 2246] Action: 1
[Step 2260] Action: 2
[Step 2274] Action: 3
[Step 2288] Action: 0
[Step 2302] Action: 1
[Step 2316] Action: 0
[Step 2330] Action: 3
[Step 2344] Action: 0
[Step 2358] Action: 0
[Step 2368] Action: 2
[Step 2382] Action: 2
[Step 2392] Action: 0
[Step 2406] Action: 2
[Step 2420] Action: 0
[Step 2434] Action: 0
[Step 2444] Action: 1
[Step 2458] Action: 2
[Step 2472] Action: 1
[Step 2486] Action: 1
[Step 2496] Action: 1
[Step 2506] Action: 0
[Step 2520] Action: 1
[Step 2534] Action: 0
[Step 2548] Action: 3
[Step 2562] Action: 1
[Step 2576] Action: 2
[Step 2590] Action: 1
[Step 2604] Action: 3
[Step 2618] Action: 2
[Step 2632] Action: 1
[Step 2646] Action: 0
[Step 2660] Action: 0
[Step 2670] Action: 0
[Step 2680] Action: 2
[Step 2694] Action: 0
[Step 2708] Action: 0
[Step 2718] Action: 2
[Step 2732] Action: 0
[Step 2746] Action: 3
[Step 2760] Action: 1
[Step 2774] Action: 0
[Step 2788] Action: 3
[Step 2802] Action: 2
[Step 2816] Action: 1
[Step 2830] Action: 2
[Step 2844] Action: 0
[Step 2858] Action: 3
[Step 2872] Action: 1
[Step 2886] Action: 1
[Step 2896] Action: 1
[Step 2906] Action: 1
[Step 2916] Action: 1
[Step 2926] Action: 3
[Step 2940] Action: 1
[Step 2954] Action: 1
[Step 2964] Action: 1
[Step 2974] Action: 1
[Step 2984] Action: 2
[Step 2998] Action: 2
[Step 3008] Action: 3
[Step 3022] Action: 0
[Step 3036] Action: 3
[Step 3050] Action: 2
[Step 3064] Action: 1
[Step 3078] Action: 0
[Step 3092] Action: 1
[Step 3106] Action: 2
[Step 3120] Action: 1
[Step 3134] Action: 2
[Step 3148] Action: 1
[Step 3162] Action: 0
[Step 3176] Action: 3
[Step 3190] Action: 3
[Step 3200] Action: 0
[Step 3214] Action: 2
[Step 3228] Action: 3
[Step 3242] Action: 0
[Step 3256] Action: 2
[Step 3270] Action: 1
[Step 3284] Action: 0
[Step 3298] Action: 0
[Step 3308] Action: 1
[Step 3322] Action: 2
[Step 3336] Action: 0
[Step 3350] Action: 1
[Step 3364] Action: 1
[Step 3374] Action: 1
[Step 3384] Action: 1
[Step 3394] Action: 1
[Step 3404] Action: 2
[Step 3418] Action: 1
[Step 3432] Action: 0
[Step 3446] Action: 0
[Step 3456] Action: 2
[Step 3470] Action: 1
[Step 3484] Action: 0
[Step 3498] Action: 0
[Step 3508] Action: 1
[Step 3522] Action: 2
[Step 3536] Action: 0
[Step 3550] Action: 0
[Step 3560] Action: 1
[Step 3574] Action: 3
[Step 3588] Action: 0
[Step 3602] Action: 0
[Step 3612] Action: 3
[Step 3626] Action: 1
[Step 3640] Action: 1
[Step 3650] Action: 1
[Step 3660] Action: 1
[Step 3670] Action: 1
[Step 3680] Action: 3
[Step 3694] Action: 2
[Step 3708] Action: 0
[Step 3722] Action: 1
[Step 3736] Action: 0
[Step 3750] Action: 3
[Step 3764] Action: 1
[Step 3778] Action: 3
[Step 3792] Action: 3
[Step 3802] Action: 1
[Step 3816] Action: 1
[Step 3826] Action: 0
[Step 3840] Action: 3
[Step 3854] Action: 2
[Step 3868] Action: 0
[Step 3882] Action: 3
[Step 3896] Action: 1
[Step 3910] Action: 3
[Step 3924] Action: 0
[Step 3938] Action: 2
[Step 3952] Action: 0
[Step 3966] Action: 0
[Step 3976] Action: 1
[Step 3990] Action: 1
[Step 4000] Action: 0
[Step 4014] Action: 0
[Step 4024] Action: 1
[Step 4038] Action: 1
[Step 4048] Action: 1
[Step 4058] Action: 0
[Step 4072] Action: 3
[Step 4086] Action: 3
[Step 4096] Action: 2
[Step 4110] Action: 3
[Step 4124] Action: 2
[Step 4138] Action: 0
[Step 4152] Action: 3
[Step 4166] Action: 0
[Step 4180] Action: 2
[Step 4194] Action: 2
[Step 4204] Action: 0
[Step 4218] Action: 3
[Step 4232] Action: 1
[Step 4246] Action: 0
[Step 4260] Action: 3
[Step 4274] Action: 0
[Step 4288] Action: 2
[Step 4302] Action: 3
[Step 4316] Action: 2
[Step 4330] Action: 0
[Step 4344] Action: 3
[Step 4358] Action: 2
[Step 4372] Action: 1
[Step 4386] Action: 1
[Step 4396] Action: 0
[Step 4410] Action: 1
[Step 4424] Action: 1
[Step 4434] Action: 0
[Step 4448] Action: 3
[Step 4462] Action: 3
[Step 4472] Action: 0
[Step 4486] Action: 0
[Step 4496] Action: 1
[Step 4510] Action: 1
[Step 4520] Action: 0
[Step 4534] Action: 3
[Step 4548] Action: 0
[Step 4562] Action: 2
[Step 4576] Action: 0
[Step 4590] Action: 2
[Step 4604] Action: 1
[Step 4618] Action: 0
[Step 4632] Action: 3
[Step 4646] Action: 3
[Step 4656] Action: 0
[Step 4670] Action: 1
[Step 4684] Action: 0
[Step 4698] Action: 2
[Step 4712] Action: 1
[Step 4726] Action: 2
[Step 4740] Action: 3
[Step 4754] Action: 2
[Step 4768] Action: 2
[Step 4778] Action: 0
[Step 4792] Action: 1
[Step 4806] Action: 0
[Step 4820] Action: 2
[Step 4834] Action: 1
[Step 4848] Action: 0
[Step 4862] Action: 0
[Step 4872] Action: 1
[Step 4886] Action: 2
[Step 4900] Action: 0
[Step 4914] Action: 2
[Step 4928] Action: 1
[Step 4942] Action: 0
[Step 4956] Action: 0
[Step 4966] Action: 2
[Step 4980] Action: 1
[Step 4994] Action: 2
[Step 5008] Action: 0
[Step 5022] Action: 3
[Step 5036] Action: 0
[Step 5050] Action: 0
[Step 5060] Action: 0
[Step 5070] Action: 1
[Step 5084] Action: 3
[Step 5098] Action: 0
[Step 5112] Action: 2
[Step 5126] Action: 0
[Step 5140] Action: 3
[Step 5154] Action: 0
[Step 5168] Action: 3
[Step 5182] Action: 1
[Step 5196] Action: 2
[Step 5210] Action: 3
[Step 5224] Action: 3
[Step 5234] Action: 1
[Step 5248] Action: 3
[Step 5262] Action: 3
[Step 5272] Action: 2
[Step 5286] Action: 0
[Step 5300] Action: 3
[Step 5314] Action: 3
[Step 5324] Action: 3
[Step 5334] Action: 2
[Step 5348] Action: 2
[Step 5358] Action: 0
[Step 5372] Action: 2
[Step 5386] Action: 2
[Step 5396] Action: 0
