[Step 0] Action: 1
[Step 10] Action: 0
[Step 24] Action: 3
[Step 38] Action: 2
[Step 52] Action: 2
[Step 62] Action: 1
[Step 76] Action: 1
[Step 86] Action: 2
[Step 100] Action: 3
[Step 114] Action: 3
[Step 124] Action: 2
[Step 138] Action: 2
[Step 148] Action: 0
[Step 162] Action: 1
[Step 176] Action: 2
[Step 190] Action: 1
[Step 204] Action: 2
[Step 218] Action: 1
[Step 232] Action: 1
[Step 242] Action: 2
[Step 256] Action: 2
[Step 266] Action: 3
[Step 280] Action: 2
[Step 294] Action: 1
[Step 308] Action: 3
[Step 322] Action: 0
[Step 336] Action: 0
[Step 346] Action: 0
[Step 356] Action: 1
[Step 370] Action: 2
[Step 384] Action: 3
[Step 398] Action: 0
[Step 412] Action: 0
[Step 422] Action: 0
[Step 432] Action: 0
[Step 442] Action: 0
[Step 452] Action: 2
[Step 466] Action: 2
[Step 476] Action: 1
[Step 490] Action: 2
[Step 504] Action: 1
[Step 518] Action: 0
[Step 532] Action: 2
[Step 546] Action: 2
[Step 556] Action: 2
[Step 566] Action: 0
[Step 580] Action: 2
[Step 594] Action: 0
[Step 608] Action: 3
[Step 622] Action: 2
[Step 636] Action: 1
[Step 650] Action: 1
[Step 660] Action: 1
[Step 670] Action: 2
[Step 684] Action: 2
[Step 694] Action: 2
[Step 704] Action: 1
[Step 718] Action: 3
[Step 732] Action: 1
[Step 746] Action: 1
[Step 756] Action: 2
[Step 770] Action: 0
[Step 784] Action: 1
[Step 798] Action: 1
[Step 808] Action: 0
[Step 822] Action: 2
[Step 836] Action: 1
[Step 850] Action: 2
[Step 864] Action: 2
[Step 874] Action: 3
[Step 888] Action: 1
[Step 902] Action: 0
[Step 916] Action: 1
[Step 930] Action: 0
[Step 944] Action: 1
[Step 958] Action: 0
[Step 972] Action: 3
[Step 986] Action: 1
[Step 1000] Action: 1
[Step 1010] Action: 1
[Step 1020] Action: 1
[Step 1030] Action: 1
[Step 1040] Action: 3
[Step 1054] Action: 1
[Step 1068] Action: 1
[Step 1078] Action: 1
[Step 1088] Action: 1
[Step 1098] Action: 0
[Step 1112] Action: 2
[Step 1126] Action: 1
[Step 1140] Action: 2
[Step 1154] Action: 1
[Step 1168] Action: 0
[Step 1182] Action: 1
[Step 1196] Action: 0
[Step 1210] Action: 0
[Step 1220] Action: 3
[Step 1234] Action: 0
[Step 1248] Action: 0
[Step 1258] Action: 0
[Step 1268] Action: 0
[Step 1278] Action: 1
[Step 1292] Action: 0
[Step 1306] Action: 0
[Step 1316] Action: 0
[Step 1326] Action: 0
[Step 1336] Action: 2
[Step 1350] Action: 1
[Step 1364] Action: 1
[Step 1374] Action: 1
[Step 1384] Action: 1
[Step 1394] Action: 1
[Step 1404] Action: 3
[Step 1418] Action: 3
[Step 1428] Action: 1
[Step 1442] Action: 2
[Step 1456] Action: 2
[Step 1466] Action: 1
[Step 1480] Action: 3
[Step 1494] Action: 2
[Step 1508] Action: 1
[Step 1522] Action: 1
[Step 1532] Action: 2
[Step 1546] Action: 0
[Step 1560] Action: 1
[Step 1574] Action: 2
[Step 1588] Action: 2
[Step 1598] Action: 1
[Step 1612] Action: 3
[Step 1626] Action: 0
[Step 1640] Action: 1
[Step 1654] Action: 0
[Step 1668] Action: 3
[Step 1682] Action: 1
[Step 1696] Action: 2
[Step 1710] Action: 1
[Step 1724] Action: 0
[Step 1738] Action: 0
[Step 1748] Action: 1
[Step 1762] Action: 0
[Step 1776] Action: 3
[Step 1790] Action: 3
[Step 1800] Action: 2
[Step 1814] Action: 3
[Step 1828] Action: 3
[Step 1838] Action: 3
[Step 1848] Action: 0
[Step 1862] Action: 3
[Step 1876] Action: 2
[Step 1890] Action: 0
[Step 1904] Action: 1
[Step 1918] Action: 2
[Step 1932] Action: 0
[Step 1946] Action: 1
[Step 1960] Action: 2
[Step 1974] Action: 1
[Step 1988] Action: 2
[Step 2002] Action: 3
[Step 2016] Action: 3
[Step 2026] Action: 1
[Step 2040] Action: 0
[Step 2054] Action: 2
[Step 2068] Action: 3
[Step 2082] Action: 2
[Step 2096] Action: 3
[Step 2110] Action: 3
[Step 2120] Action: 0
[Step 2134] Action: 0
[Step 2144] Action: 1
[Step 2158] Action: 0
[Step 2172] Action: 1
[Step 2186] Action: 0
[Step 2200] Action: 0
[Step 2210] Action: 2
[Step 2224] Action: 0
[Step 2238] Action: 2
[Step 2252] Action: 0
[Step 2266] Action: 0
[Step 2276] Action: 0
[Step 2286] Action: 1
[Step 2300] Action: 1
[Step 2310] Action: 0
[Step 2324] Action: 0
[Step 2334] Action: 3
[Step 2348] Action: 2
[Step 2362] Action: 2
[Step 2372] Action: 1
[Step 2386] Action: 0
[Step 2400] Action: 0
[Step 2410] Action: 0
[Step 2420] Action: 0
[Step 2430] Action: 3
[Step 2444] Action: 1
[Step 2458] Action: 1
[Step 2468] Action: 1
[Step 2478] Action: 2
[Step 2492] Action: 0
[Step 2506] Action: 1
[Step 2520] Action: 2
[Step 2534] Action: 0
[Step 2548] Action: 1
[Step 2562] Action: 2
[Step 2576] Action: 3
[Step 2590] Action: 1
[Step 2604] Action: 2
[Step 2618] Action: 3
[Step 2632] Action: 0
[Step 2646] Action: 3
[Step 2660] Action: 2
[Step 2674] Action: 1
[Step 2688] Action: 0
[Step 2702] Action: 2
[Step 2716] Action: 3
[Step 2730] Action: 2
[Step 2744] Action: 0
[Step 2758] Action: 2
[Step 2772] Action: 2
[Step 2782] Action: 1
[Step 2796] Action: 0
[Step 2810] Action: 3
[Step 2824] Action: 2
[Step 2838] Action: 0
[Step 2852] Action: 2
[Step 2866] Action: 2
[Step 2876] Action: 0
[Step 2890] Action: 1
[Step 2904] Action: 0
[Step 2918] Action: 0
[Step 2928] Action: 2
[Step 2942] Action: 3
[Step 2956] Action: 1
[Step 2970] Action: 0
[Step 2984] Action: 3
[Step 2998] Action: 0
[Step 3012] Action: 2
[Step 3026] Action: 0
[Step 3040] Action: 2
[Step 3054] Action: 3
[Step 3068] Action: 1
[Step 3082] Action: 2
[Step 3096] Action: 1
[Step 3110] Action: 3
[Step 3124] Action: 0
[Step 3138] Action: 1
[Step 3152] Action: 0
[Step 3166] Action: 1
[Step 3180] Action: 0
[Step 3194] Action: 1
[Step 3208] Action: 2
[Step 3222] Action: 2
[Step 3232] Action: 2
[Step 3242] Action: 1
[Step 3256] Action: 0
[Step 3270] Action: 0
[Step 3280] Action: 2
[Step 3294] Action: 1
[Step 3308] Action: 1
[Step 3318] Action: 2
[Step 3332] Action: 2
[Step 3342] Action: 0
[Step 3356] Action: 0
[Step 3366] Action: 1
[Step 3380] Action: 1
[Step 3390] Action: 2
[Step 3404] Action: 1
[Step 3418] Action: 2
[Step 3432] Action: 0
[Step 3446] Action: 3
[Step 3460] Action: 1
[Step 3474] Action: 1
[Step 3484] Action: 1
[Step 3494] Action: 2
[Step 3508] Action: 3
[Step 3522] Action: 1
[Step 3536] Action: 0
[Step 3550] Action: 1
[Step 3564] Action: 2
[Step 3578] Action: 1
[Step 3592] Action: 2
[Step 3606] Action: 0
[Step 3620] Action: 0
[Step 3630] Action: 3
[Step 3644] Action: 2
[Step 3658] Action: 2
[Step 3668] Action: 1
[Step 3682] Action: 1
[Step 3692] Action: 1
[Step 3702] Action: 1
[Step 3712] Action: 1
[Step 3722] Action: 3
[Step 3736] Action: 2
[Step 3750] Action: 1
[Step 3764] Action: 2
[Step 3778] Action: 1
[Step 3792] Action: 0
[Step 3806] Action: 0
[Step 3816] Action: 2
[Step 3830] Action: 0
[Step 3844] Action: 2
[Step 3858] Action: 2
[Step 3868] Action: 0
[Step 3882] Action: 2
[Step 3896] Action: 0
[Step 3910] Action: 2
[Step 3924] Action: 2
[Step 3934] Action: 1
[Step 3948] Action: 2
[Step 3962] Action: 2
[Step 3972] Action: 2
[Step 3982] Action: 2
[Step 3992] Action: 3
[Step 4006] Action: 2
[Step 4020] Action: 2
[Step 4030] Action: 1
[Step 4044] Action: 0
[Step 4058] Action: 2
[Step 4072] Action: 1
[Step 4086] Action: 2
[Step 4100] Action: 1
[Step 4114] Action: 2
[Step 4128] Action: 1
[Step 4142] Action: 0
[Step 4156] Action: 0
[Step 4166] Action: 3
[Step 4180] Action: 0
[Step 4194] Action: 1
[Step 4208] Action: 0
[Step 4222] Action: 0
[Step 4232] Action: 2
[Step 4246] Action: 2
[Step 4256] Action: 0
[Step 4270] Action: 0
[Step 4280] Action: 2
[Step 4294] Action: 3
[Step 4308] Action: 0
[Step 4322] Action: 1
[Step 4336] Action: 0
[Step 4350] Action: 3
[Step 4364] Action: 2
[Step 4378] Action: 2
[Step 4388] Action: 2
[Step 4398] Action: 1
[Step 4412] Action: 3
[Step 4426] Action: 0
[Step 4440] Action: 0
[Step 4450] Action: 0
[Step 4460] Action: 1
[Step 4474] Action: 2
[Step 4488] Action: 1
[Step 4502] Action: 2
[Step 4516] Action: 0
[Step 4530] Action: 2
[Step 4544] Action: 1
[Step 4558] Action: 2
[Step 4572] Action: 2
[Step 4582] Action: 3
[Step 4596] Action: 1
[Step 4610] Action: 0
[Step 4624] Action: 2
[Step 4638] Action: 3
[Step 4652] Action: 0
[Step 4666] Action: 3
[Step 4680] Action: 0
[Step 4694] Action: 3
[Step 4708] Action: 0
[Step 4722] Action: 1
[Step 4736] Action: 2
[Step 4750] Action: 0
[Step 4764] Action: 1
[Step 4778] Action: 2
[Step 4792] Action: 1
[Step 4806] Action: 2
[Step 4820] Action: 2
[Step 4830] Action: 2
[Step 4840] Action: 3
[Step 4854] Action: 2
[Step 4868] Action: 2
[Step 4878] Action: 0
[Step 4892] Action: 2
[Step 4906] Action: 0
[Step 4920] Action: 2
[Step 4934] Action: 1
[Step 4948] Action: 1
[Step 4958] Action: 2
[Step 4972] Action: 0
[Step 4986] Action: 3
[Step 5000] Action: 1
[Step 5014] Action: 1
[Step 5024] Action: 2
[Step 5038] Action: 1
[Step 5052] Action: 2
[Step 5066] Action: 0
[Step 5080] Action: 0
[Step 5090] Action: 3
[Step 5104] Action: 2
[Step 5118] Action: 1
[Step 5132] Action: 2
[Step 5146] Action: 1
[Step 5160] Action: 0
[Step 5174] Action: 0
[Step 5184] Action: 2
[Step 5198] Action: 1
[Step 5212] Action: 2
[Step 5226] Action: 2
[Step 5236] Action: 3
[Step 5250] Action: 0
[Step 5264] Action: 2
[Step 5278] Action: 2
[Step 5288] Action: 1
[Step 5302] Action: 1
[Step 5312] Action: 1
[Step 5322] Action: 1
[Step 5332] Action: 1
[Step 5342] Action: 3
[Step 5356] Action: 2
[Step 5370] Action: 2
[Step 5380] Action: 0
[Step 5394] Action: 0
