[Step 0] Action: 3
[Step 10] Action: 3
[Step 20] Action: 2
[Step 34] Action: 0
[Step 48] Action: 2
[Step 62] Action: 0
[Step 76] Action: 1
[Step 90] Action: 3
[Step 104] Action: 0
[Step 118] Action: 0
[Step 128] Action: 1
[Step 142] Action: 2
[Step 156] Action: 0
[Step 170] Action: 3
[Step 184] Action: 3
[Step 194] Action: 0
[Step 208] Action: 2
[Step 222] Action: 0
[Step 236] Action: 2
[Step 250] Action: 0
[Step 264] Action: 3
[Step 278] Action: 0
[Step 292] Action: 0
[Step 302] Action: 2
[Step 316] Action: 0
[Step 330] Action: 0
[Step 340] Action: 2
[Step 354] Action: 1
[Step 368] Action: 3
[Step 382] Action: 0
[Step 396] Action: 2
[Step 410] Action: 3
[Step 424] Action: 2
[Step 438] Action: 1
[Step 452] Action: 0
[Step 466] Action: 1
[Step 480] Action: 0
[Step 494] Action: 2
[Step 508] Action: 0
[Step 522] Action: 2
[Step 536] Action: 3
[Step 550] Action: 3
[Step 560] Action: 0
[Step 574] Action: 2
[Step 588] Action: 0
[Step 602] Action: 3
[Step 616] Action: 0
[Step 630] Action: 2
[Step 644] Action: 3
[Step 658] Action: 2
[Step 672] Action: 0
[Step 686] Action: 2
[Step 700] Action: 0
[Step 714] Action: 3
[Step 728] Action: 3
[Step 738] Action: 2
[Step 752] Action: 3
[Step 766] Action: 3
[Step 776] Action: 1
[Step 790] Action: 3
[Step 804] Action: 1
[Step 818] Action: 0
[Step 832] Action: 2
[Step 846] Action: 0
[Step 860] Action: 1
[Step 874] Action: 2
[Step 888] Action: 1
[Step 902] Action: 2
[Step 916] Action: 0
[Step 930] Action: 1
[Step 944] Action: 0
[Step 958] Action: 0
[Step 968] Action: 0
[Step 978] Action: 1
[Step 992] Action: 0
[Step 1006] Action: 0
[Step 1016] Action: 0
[Step 1026] Action: 3
[Step 1040] Action: 0
[Step 1054] Action: 3
[Step 1068] Action: 0
[Step 1082] Action: 3
[Step 1096] Action: 0
[Step 1110] Action: 1
[Step 1124] Action: 1
[Step 1134] Action: 0
[Step 1148] Action: 0
[Step 1158] Action: 0
[Step 1168] Action: 2
[Step 1182] Action: 3
[Step 1196] Action: 0
[Step 1210] Action: 3
[Step 1224] Action: 0
[Step 1238] Action: 0
[Step 1248] Action: 1
[Step 1262] Action: 2
[Step 1276] Action: 0
[Step 1290] Action: 1
[Step 1304] Action: 3
[Step 1318] Action: 2
[Step 1332] Action: 1
[Step 1346] Action: 3
[Step 1360] Action: 3
[Step 1370] Action: 3
[Step 1380] Action: 3
[Step 1390] Action: 1
[Step 1404] Action: 0
[Step 1418] Action: 2
[Step 1432] Action: 0
[Step 1446] Action: 3
[Step 1460] Action: 3
[Step 1470] Action: 3
[Step 1480] Action: 0
[Step 1494] Action: 1
[Step 1508] Action: 3
[Step 1522] Action: 2
[Step 1536] Action: 0
[Step 1550] Action: 0
[Step 1560] Action: 2
[Step 1574] Action: 3
[Step 1588] Action: 2
[Step 1602] Action: 1
[Step 1616] Action: 3
[Step 1630] Action: 0
[Step 1644] Action: 0
[Step 1654] Action: 2
[Step 1668] Action: 0
[Step 1682] Action: 1
[Step 1696] Action: 0
[Step 1710] Action: 1
[Step 1724] Action: 0
[Step 1738] Action: 0
[Step 1748] Action: 1
[Step 1762] Action: 1
[Step 1772] Action: 0
[Step 1786] Action: 0
[Step 1796] Action: 1
[Step 1810] Action: 0
[Step 1824] Action: 1
[Step 1838] Action: 1
[Step 1848] Action: 2
[Step 1862] Action: 1
[Step 1876] Action: 0
[Step 1890] Action: 1
[Step 1904] Action: 1
[Step 1914] Action: 2
[Step 1928] Action: 0
[Step 1942] Action: 0
[Step 1952] Action: 1
[Step 1966] Action: 2
[Step 1980] Action: 0
[Step 1994] Action: 3
[Step 2008] Action: 2
[Step 2022] Action: 0
[Step 2036] Action: 1
[Step 2050] Action: 2
[Step 2064] Action: 2
[Step 2074] Action: 0
[Step 2088] Action: 2
[Step 2102] Action: 2
[Step 2112] Action: 2
[Step 2122] Action: 3
[Step 2136] Action: 0
[Step 2150] Action: 0
[Step 2160] Action: 0
[Step 2170] Action: 2
[Step 2184] Action: 1
[Step 2198] Action: 0
[Step 2212] Action: 3
[Step 2226] Action: 2
[Step 2240] Action: 1
[Step 2254] Action: 1
[Step 2264] Action: 2
[Step 2278] Action: 2
[Step 2288] Action: 2
[Step 2298] Action: 1
[Step 2312] Action: 1
[Step 2322] Action: 2
[Step 2336] Action: 0
[Step 2350] Action: 2
[Step 2364] Action: 0
[Step 2378] Action: 0
[Step 2388] Action: 1
[Step 2402] Action: 2
[Step 2416] Action: 1
[Step 2430] Action: 2
[Step 2444] Action: 2
[Step 2454] Action: 0
[Step 2468] Action: 2
[Step 2482] Action: 0
[Step 2496] Action: 2
[Step 2510] Action: 0
[Step 2524] Action: 2
[Step 2538] Action: 0
[Step 2552] Action: 1
[Step 2566] Action: 2
[Step 2580] Action: 0
[Step 2594] Action: 2
[Step 2608] Action: 0
[Step 2622] Action: 1
[Step 2636] Action: 0
[Step 2650] Action: 1
[Step 2664] Action: 0
[Step 2678] Action: 3
[Step 2692] Action: 2
[Step 2706] Action: 0
[Step 2720] Action: 2
[Step 2734] Action: 0
[Step 2748] Action: 2
[Step 2762] Action: 0
[Step 2776] Action: 2
[Step 2790] Action: 3
[Step 2804] Action: 0
[Step 2818] Action: 2
[Step 2832] Action: 0
[Step 2846] Action: 0
[Step 2856] Action: 2
[Step 2870] Action: 2
[Step 2880] Action: 0
[Step 2894] Action: 2
[Step 2908] Action: 2
[Step 2918] Action: 2
[Step 2928] Action: 1
[Step 2942] Action: 1
[Step 2952] Action: 2
[Step 2966] Action: 2
[Step 2976] Action: 0
[Step 2990] Action: 1
[Step 3004] Action: 1
[Step 3014] Action: 0
[Step 3028] Action: 3
[Step 3042] Action: 0
[Step 3056] Action: 0
[Step 3066] Action: 3
[Step 3080] Action: 3
[Step 3090] Action: 1
[Step 3104] Action: 0
[Step 3118] Action: 2
[Step 3132] Action: 1
[Step 3146] Action: 0
[Step 3160] Action: 1
[Step 3174] Action: 1
[Step 3184] Action: 1
[Step 3194] Action: 3
[Step 3208] Action: 2
[Step 3222] Action: 1
[Step 3236] Action: 2
[Step 3250] Action: 1
[Step 3264] Action: 1
[Step 3274] Action: 1
[Step 3284] Action: 0
[Step 3298] Action: 2
[Step 3312] Action: 0
[Step 3326] Action: 2
[Step 3340] Action: 0
[Step 3354] Action: 0
[Step 3364] Action: 2
[Step 3378] Action: 2
[Step 3388] Action: 3
[Step 3402] Action: 1
[Step 3416] Action: 2
[Step 3430] Action: 0
[Step 3444] Action: 2
[Step 3458] Action: 2
[Step 3468] Action: 2
[Step 3478] Action: 3
[Step 3492] Action: 0
[Step 3506] Action: 3
[Step 3520] Action: 0
[Step 3534] Action: 0
[Step 3544] Action: 2
[Step 3558] Action: 3
[Step 3572] Action: 1
[Step 3586] Action: 0
[Step 3600] Action: 3
[Step 3614] Action: 3
[Step 3624] Action: 0
[Step 3638] Action: 2
[Step 3652] Action: 0
[Step 3666] Action: 0
[Step 3676] Action: 3
[Step 3690] Action: 2
[Step 3704] Action: 0
[Step 3718] Action: 0
[Step 3728] Action: 3
[Step 3742] Action: 2
[Step 3756] Action: 3
[Step 3770] Action: 3
[Step 3780] Action: 2
[Step 3794] Action: 1
[Step 3808] Action: 2
[Step 3822] Action: 0
[Step 3836] Action: 3
[Step 3850] Action: 0
[Step 3864] Action: 2
[Step 3878] Action: 1
[Step 3892] Action: 0
[Step 3906] Action: 2
[Step 3920] Action: 3
[Step 3934] Action: 1
[Step 3948] Action: 3
[Step 3962] Action: 2
[Step 3976] Action: 2
[Step 3986] Action: 0
[Step 4000] Action: 3
[Step 4014] Action: 1
[Step 4028] Action: 0
[Step 4042] Action: 1
[Step 4056] Action: 1
[Step 4066] Action: 0
[Step 4080] Action: 0
[Step 4090] Action: 0
[Step 4100] Action: 2
[Step 4114] Action: 1
[Step 4128] Action: 1
[Step 4138] Action: 1
[Step 4148] Action: 0
[Step 4162] Action: 0
[Step 4172] Action: 2
[Step 4186] Action: 0
[Step 4200] Action: 2
[Step 4214] Action: 2
[Step 4224] Action: 2
[Step 4234] Action: 3
[Step 4248] Action: 3
[Step 4258] Action: 2
[Step 4272] Action: 3
[Step 4286] Action: 2
[Step 4300] Action: 3
[Step 4314] Action: 0
[Step 4328] Action: 2
[Step 4342] Action: 1
[Step 4356] Action: 3
[Step 4370] Action: 0
[Step 4384] Action: 2
[Step 4398] Action: 0
[Step 4412] Action: 1
[Step 4426] Action: 1
[Step 4436] Action: 2
[Step 4450] Action: 0
[Step 4464] Action: 0
[Step 4474] Action: 0
[Step 4484] Action: 2
[Step 4498] Action: 2
[Step 4508] Action: 0
[Step 4522] Action: 0
[Step 4532] Action: 3
[Step 4546] Action: 1
[Step 4560] Action: 3
[Step 4574] Action: 0
[Step 4588] Action: 2
[Step 4602] Action: 0
[Step 4616] Action: 2
[Step 4630] Action: 0
[Step 4644] Action: 2
[Step 4658] Action: 3
[Step 4672] Action: 3
[Step 4682] Action: 1
[Step 4696] Action: 1
[Step 4706] Action: 2
[Step 4720] Action: 2
[Step 4730] Action: 3
[Step 4744] Action: 2
[Step 4758] Action: 0
[Step 4772] Action: 3
[Step 4786] Action: 0
[Step 4800] Action: 3
[Step 4814] Action: 1
[Step 4828] Action: 0
[Step 4842] Action: 1
[Step 4856] Action: 2
[Step 4870] Action: 1
[Step 4884] Action: 2
[Step 4898] Action: 2
[Step 4908] Action: 2
[Step 4918] Action: 1
[Step 4932] Action: 2
[Step 4946] Action: 0
[Step 4960] Action: 2
[Step 4974] Action: 0
[Step 4988] Action: 0
[Step 4998] Action: 1
[Step 5012] Action: 0
[Step 5026] Action: 3
[Step 5040] Action: 2
[Step 5054] Action: 3
[Step 5068] Action: 1
[Step 5082] Action: 2
[Step 5096] Action: 0
[Step 5110] Action: 3
[Step 5124] Action: 0
[Step 5138] Action: 2
[Step 5152] Action: 0
[Step 5166] Action: 3
[Step 5180] Action: 0
[Step 5194] Action: 0
[Step 5204] Action: 3
[Step 5218] Action: 0
[Step 5232] Action: 2
[Step 5246] Action: 0
[Step 5260] Action: 2
[Step 5274] Action: 0
[Step 5288] Action: 2
[Step 5302] Action: 3
[Step 5316] Action: 0
[Step 5330] Action: 1
[Step 5344] Action: 1
[Step 5354] Action: 0
[Step 5368] Action: 3
[Step 5382] Action: 3
[Step 5392] Action: 0
