[Step 0] Action: 2
[Step 10] Action: 0
[Step 24] Action: 0
[Step 34] Action: 1
[Step 48] Action: 0
[Step 62] Action: 1
[Step 76] Action: 0
[Step 90] Action: 0
[Step 100] Action: 1
[Step 114] Action: 2
[Step 128] Action: 3
[Step 142] Action: 0
[Step 156] Action: 0
[Step 166] Action: 1
[Step 180] Action: 3
[Step 194] Action: 0
[Step 208] Action: 3
[Step 222] Action: 2
[Step 236] Action: 1
[Step 250] Action: 2
[Step 264] Action: 3
[Step 278] Action: 1
[Step 292] Action: 0
[Step 306] Action: 2
[Step 320] Action: 3
[Step 334] Action: 3
[Step 344] Action: 2
[Step 358] Action: 1
[Step 372] Action: 3
[Step 386] Action: 1
[Step 400] Action: 3
[Step 414] Action: 0
[Step 428] Action: 2
[Step 442] Action: 3
[Step 456] Action: 3
[Step 466] Action: 1
[Step 480] Action: 2
[Step 494] Action: 1
[Step 508] Action: 2
[Step 522] Action: 3
[Step 536] Action: 3
[Step 546] Action: 3
[Step 556] Action: 3
[Step 566] Action: 1
[Step 580] Action: 3
[Step 594] Action: 1
[Step 608] Action: 1
[Step 618] Action: 0
[Step 632] Action: 1
[Step 646] Action: 3
[Step 660] Action: 1
[Step 674] Action: 0
[Step 688] Action: 2
[Step 702] Action: 1
[Step 716] Action: 0
[Step 730] Action: 1
[Step 744] Action: 0
[Step 758] Action: 0
[Step 768] Action: 0
[Step 778] Action: 1
[Step 792] Action: 2
[Step 806] Action: 2
[Step 816] Action: 3
[Step 830] Action: 0
[Step 844] Action: 1
[Step 858] Action: 3
[Step 872] Action: 0
[Step 886] Action: 0
[Step 896] Action: 3
[Step 910] Action: 1
[Step 924] Action: 2
[Step 938] Action: 0
[Step 952] Action: 0
[Step 962] Action: 3
[Step 976] Action: 3
[Step 986] Action: 0
[Step 1000] Action: 2
[Step 1014] Action: 1
[Step 1028] Action: 0
[Step 1042] Action: 3
[Step 1056] Action: 3
[Step 1066] Action: 3
[Step 1076] Action: 0
[Step 1090] Action: 3
[Step 1104] Action: 3
[Step 1114] Action: 3
[Step 1124] Action: 0
[Step 1138] Action: 2
[Step 1152] Action: 3
[Step 1166] Action: 1
[Step 1180] Action: 1
[Step 1190] Action: 0
[Step 1204] Action: 3
[Step 1218] Action: 2
[Step 1232] Action: 2
[Step 1242] Action: 2
[Step 1252] Action: 0
[Step 1266] Action: 3
[Step 1280] Action: 2
[Step 1294] Action: 1
[Step 1308] Action: 0
[Step 1322] Action: 3
[Step 1336] Action: 2
[Step 1350] Action: 2
[Step 1360] Action: 3
[Step 1374] Action: 1
[Step 1388] Action: 2
[Step 1402] Action: 0
[Step 1416] Action: 0
[Step 1426] Action: 1
[Step 1440] Action: 2
[Step 1454] Action: 3
[Step 1468] Action: 2
[Step 1482] Action: 3
[Step 1496] Action: 2
[Step 1510] Action: 0
[Step 1524] Action: 2
[Step 1538] Action: 3
[Step 1552] Action: 0
[Step 1566] Action: 3
[Step 1580] Action: 3
[Step 1590] Action: 2
[Step 1604] Action: 0
[Step 1618] Action: 2
[Step 1632] Action: 3
[Step 1646] Action: 0
[Step 1660] Action: 3
[Step 1674] Action: 3
[Step 1684] Action: 0
[Step 1698] Action: 0
[Step 1708] Action: 3
[Step 1722] Action: 0
[Step 1736] Action: 2
[Step 1750] Action: 1
[Step 1764] Action: 2
[Step 1778] Action: 0
[Step 1792] Action: 0
[Step 1802] Action: 0
[Step 1812] Action: 1
[Step 1826] Action: 1
[Step 1836] Action: 3
[Step 1850] Action: 0
[Step 1864] Action: 3
[Step 1878] Action: 0
[Step 1892] Action: 0
[Step 1902] Action: 1
[Step 1916] Action: 0
[Step 1930] Action: 1
[Step 1944] Action: 2
[Step 1958] Action: 0
[Step 1972] Action: 2
[Step 1986] Action: 2
[Step 1996] Action: 3
[Step 2010] Action: 2
[Step 2024] Action: 2
[Step 2034] Action: 3
[Step 2048] Action: 1
[Step 2062] Action: 2
[Step 2076] Action: 2
[Step 2086] Action: 2
[Step 2096] Action: 1
[Step 2110] Action: 3
[Step 2124] Action: 2
[Step 2138] Action: 1
[Step 2152] Action: 2
[Step 2166] Action: 3
[Step 2180] Action: 3
[Step 2190] Action: 0
[Step 2204] Action: 0
[Step 2214] Action: 3
[Step 2228] Action: 3
[Step 2238] Action: 3
[Step 2248] Action: 0
[Step 2262] Action: 2
[Step 2276] Action: 3
[Step 2290] Action: 2
[Step 2304] Action: 3
[Step 2318] Action: 2
[Step 2332] Action: 2
[Step 2342] Action: 1
[Step 2356] Action: 0
[Step 2370] Action: 1
[Step 2384] Action: 3
[Step 2398] Action: 0
[Step 2412] Action: 0
[Step 2422] Action: 3
[Step 2436] Action: 2
[Step 2450] Action: 2
[Step 2460] Action: 2
[Step 2470] Action: 3
[Step 2484] Action: 0
[Step 2498] Action: 3
[Step 2512] Action: 2
[Step 2526] Action: 3
[Step 2540] Action: 0
[Step 2554] Action: 0
[Step 2564] Action: 3
[Step 2578] Action: 3
[Step 2588] Action: 0
[Step 2602] Action: 3
[Step 2616] Action: 3
[Step 2626] Action: 3
[Step 2636] Action: 1
[Step 2650] Action: 3
[Step 2664] Action: 2
[Step 2678] Action: 0
[Step 2692] Action: 1
[Step 2706] Action: 3
[Step 2720] Action: 0
[Step 2734] Action: 2
[Step 2748] Action: 2
[Step 2758] Action: 3
[Step 2772] Action: 3
[Step 2782] Action: 2
[Step 2796] Action: 3
[Step 2810] Action: 1
[Step 2824] Action: 2
[Step 2838] Action: 3
[Step 2852] Action: 3
[Step 2862] Action: 1
[Step 2876] Action: 3
[Step 2890] Action: 0
[Step 2904] Action: 2
[Step 2918] Action: 2
[Step 2928] Action: 1
[Step 2942] Action: 0
[Step 2956] Action: 3
[Step 2970] Action: 2
[Step 2984] Action: 2
[Step 2994] Action: 0
[Step 3008] Action: 3
[Step 3022] Action: 2
[Step 3036] Action: 1
[Step 3050] Action: 2
[Step 3064] Action: 2
[Step 3074] Action: 2
[Step 3084] Action: 1
[Step 3098] Action: 1
[Step 3108] Action: 1
[Step 3118] Action: 0
[Step 3132] Action: 3
[Step 3146] Action: 2
[Step 3160] Action: 3
[Step 3174] Action: 3
[Step 3184] Action: 1
[Step 3198] Action: 3
[Step 3212] Action: 3
[Step 3222] Action: 1
[Step 3236] Action: 3
[Step 3250] Action: 2
[Step 3264] Action: 3
[Step 3278] Action: 2
[Step 3292] Action: 0
[Step 3306] Action: 1
[Step 3320] Action: 0
[Step 3334] Action: 2
[Step 3348] Action: 1
[Step 3362] Action: 2
[Step 3376] Action: 0
[Step 3390] Action: 1
[Step 3404] Action: 2
[Step 3418] Action: 1
[Step 3432] Action: 2
[Step 3446] Action: 3
[Step 3460] Action: 3
[Step 3470] Action: 1
[Step 3484] Action: 2
[Step 3498] Action: 0
[Step 3512] Action: 0
[Step 3522] Action: 1
[Step 3536] Action: 0
[Step 3550] Action: 1
[Step 3564] Action: 0
[Step 3578] Action: 1
[Step 3592] Action: 0
[Step 3606] Action: 0
[Step 3616] Action: 1
[Step 3630] Action: 0
[Step 3644] Action: 1
[Step 3658] Action: 3
[Step 3672] Action: 2
[Step 3686] Action: 0
[Step 3700] Action: 0
[Step 3710] Action: 3
[Step 3724] Action: 2
[Step 3738] Action: 3
[Step 3752] Action: 2
[Step 3766] Action: 0
[Step 3780] Action: 3
[Step 3794] Action: 0
[Step 3808] Action: 2
[Step 3822] Action: 0
[Step 3836] Action: 2
[Step 3850] Action: 0
[Step 3864] Action: 0
[Step 3874] Action: 3
[Step 3888] Action: 0
[Step 3902] Action: 3
[Step 3916] Action: 0
[Step 3930] Action: 0
[Step 3940] Action: 0
[Step 3950] Action: 1
[Step 3964] Action: 2
[Step 3978] Action: 2
[Step 3988] Action: 0
[Step 4002] Action: 0
[Step 4012] Action: 0
[Step 4022] Action: 2
[Step 4036] Action: 3
[Step 4050] Action: 0
[Step 4064] Action: 1
[Step 4078] Action: 3
[Step 4092] Action: 2
[Step 4106] Action: 0
[Step 4120] Action: 2
[Step 4134] Action: 2
[Step 4144] Action: 0
[Step 4158] Action: 0
[Step 4168] Action: 1
[Step 4182] Action: 1
[Step 4192] Action: 2
[Step 4206] Action: 2
[Step 4216] Action: 0
[Step 4230] Action: 1
[Step 4244] Action: 2
[Step 4258] Action: 0
[Step 4272] Action: 3
[Step 4286] Action: 3
[Step 4296] Action: 3
[Step 4306] Action: 1
[Step 4320] Action: 2
[Step 4334] Action: 0
[Step 4348] Action: 0
[Step 4358] Action: 2
[Step 4372] Action: 3
[Step 4386] Action: 3
[Step 4396] Action: 2
[Step 4410] Action: 1
[Step 4424] Action: 2
[Step 4438] Action: 2
[Step 4448] Action: 3
[Step 4462] Action: 0
[Step 4476] Action: 0
[Step 4486] Action: 2
[Step 4500] Action: 3
[Step 4514] Action: 2
[Step 4528] Action: 2
[Step 4538] Action: 2
[Step 4548] Action: 2
[Step 4558] Action: 2
[Step 4568] Action: 2
[Step 4578] Action: 0
[Step 4592] Action: 2
[Step 4606] Action: 3
[Step 4620] Action: 2
[Step 4634] Action: 1
[Step 4648] Action: 3
[Step 4662] Action: 3
[Step 4672] Action: 1
[Step 4686] Action: 3
[Step 4700] Action: 0
[Step 4714] Action: 1
[Step 4728] Action: 1
[Step 4738] Action: 0
[Step 4752] Action: 1
[Step 4766] Action: 3
[Step 4780] Action: 1
[Step 4794] Action: 0
[Step 4808] Action: 1
[Step 4822] Action: 2
[Step 4836] Action: 2
[Step 4846] Action: 3
[Step 4860] Action: 0
[Step 4874] Action: 2
[Step 4888] Action: 3
[Step 4902] Action: 0
[Step 4916] Action: 0
[Step 4926] Action: 2
[Step 4940] Action: 3
[Step 4954] Action: 0
[Step 4968] Action: 0
[Step 4978] Action: 1
[Step 4992] Action: 2
[Step 5006] Action: 3
[Step 5020] Action: 2
[Step 5034] Action: 3
[Step 5048] Action: 1
[Step 5062] Action: 1
[Step 5072] Action: 3
[Step 5086] Action: 1
[Step 5100] Action: 3
[Step 5114] Action: 2
[Step 5128] Action: 3
[Step 5142] Action: 3
[Step 5152] Action: 3
[Step 5162] Action: 3
[Step 5172] Action: 3
[Step 5182] Action: 2
[Step 5196] Action: 3
[Step 5210] Action: 2
[Step 5224] Action: 2
[Step 5234] Action: 1
[Step 5248] Action: 3
[Step 5262] Action: 0
[Step 5276] Action: 0
[Step 5286] Action: 1
[Step 5300] Action: 2
[Step 5314] Action: 3
[Step 5328] Action: 0
[Step 5342] Action: 3
[Step 5356] Action: 3
[Step 5366] Action: 0
[Step 5380] Action: 1
[Step 5394] Action: 2
