[Step 0] Action: 2
[Step 10] Action: 2
[Step 20] Action: 2
[Step 30] Action: 2
[Step 40] Action: 2
[Step 50] Action: 2
[Step 60] Action: 2
[Step 70] Action: 2
[Step 80] Action: 0
[Step 94] Action: 0
[Step 104] Action: 0
[Step 114] Action: 2
[Step 128] Action: 3
[Step 142] Action: 0
[Step 156] Action: 2
[Step 170] Action: 2
[Step 180] Action: 0
[Step 194] Action: 2
[Step 208] Action: 2
[Step 218] Action: 2
[Step 228] Action: 1
[Step 242] Action: 1
[Step 252] Action: 1
[Step 262] Action: 0
[Step 276] Action: 2
[Step 290] Action: 2
[Step 300] Action: 2
[Step 310] Action: 2
[Step 320] Action: 2
[Step 330] Action: 2
[Step 340] Action: 2
[Step 350] Action: 2
[Step 360] Action: 1
[Step 374] Action: 1
[Step 384] Action: 3
[Step 398] Action: 0
[Step 412] Action: 2
[Step 426] Action: 2
[Step 436] Action: 1
[Step 450] Action: 1
[Step 460] Action: 1
[Step 470] Action: 1
[Step 480] Action: 0
[Step 494] Action: 2
[Step 508] Action: 2
[Step 518] Action: 2
[Step 528] Action: 2
[Step 538] Action: 2
[Step 548] Action: 2
[Step 558] Action: 2
[Step 568] Action: 2
[Step 578] Action: 2
[Step 588] Action: 3
[Step 602] Action: 0
[Step 616] Action: 2
[Step 630] Action: 2
[Step 640] Action: 1
[Step 654] Action: 0
[Step 668] Action: 1
[Step 682] Action: 1
[Step 692] Action: 0
[Step 706] Action: 1
[Step 720] Action: 0
[Step 734] Action: 2
[Step 748] Action: 2
[Step 758] Action: 2
[Step 768] Action: 2
[Step 778] Action: 3
[Step 792] Action: 0
[Step 806] Action: 1
[Step 820] Action: 0
[Step 834] Action: 1
[Step 848] Action: 1
[Step 858] Action: 0
[Step 872] Action: 2
[Step 886] Action: 1
[Step 900] Action: 1
[Step 910] Action: 0
[Step 924] Action: 1
[Step 938] Action: 0
[Step 952] Action: 1
[Step 966] Action: 1
[Step 976] Action: 0
[Step 990] Action: 2
[Step 1004] Action: 2
[Step 1014] Action: 2
[Step 1024] Action: 2
[Step 1034] Action: 2
[Step 1044] Action: 2
[Step 1054] Action: 2
[Step 1064] Action: 2
[Step 1074] Action: 2
[Step 1084] Action: 2
[Step 1094] Action: 2
[Step 1104] Action: 2
[Step 1114] Action: 2
[Step 1124] Action: 2
[Step 1134] Action: 2
[Step 1144] Action: 2
[Step 1154] Action: 2
[Step 1164] Action: 2
[Step 1174] Action: 2
[Step 1184] Action: 2
[Step 1194] Action: 1
[Step 1208] Action: 1
[Step 1218] Action: 0
[Step 1232] Action: 1
[Step 1246] Action: 0
[Step 1260] Action: 2
[Step 1274] Action: 1
[Step 1288] Action: 1
[Step 1298] Action: 1
[Step 1308] Action: 0
[Step 1322] Action: 2
[Step 1336] Action: 2
[Step 1346] Action: 2
[Step 1356] Action: 2
[Step 1366] Action: 3
[Step 1380] Action: 0
[Step 1394] Action: 1
[Step 1408] Action: 0
[Step 1422] Action: 1
[Step 1436] Action: 2
[Step 1450] Action: 2
[Step 1460] Action: 2
[Step 1470] Action: 2
[Step 1480] Action: 2
[Step 1490] Action: 1
[Step 1504] Action: 2
[Step 1518] Action: 2
[Step 1528] Action: 2
[Step 1538] Action: 2
[Step 1548] Action: 2
[Step 1558] Action: 0
[Step 1572] Action: 2
[Step 1586] Action: 1
[Step 1600] Action: 3
[Step 1614] Action: 0
[Step 1628] Action: 2
[Step 1642] Action: 1
[Step 1656] Action: 0
[Step 1670] Action: 1
[Step 1684] Action: 1
[Step 1694] Action: 0
[Step 1708] Action: 1
[Step 1722] Action: 0
[Step 1736] Action: 1
[Step 1750] Action: 1
[Step 1760] Action: 0
[Step 1774] Action: 2
[Step 1788] Action: 0
[Step 1802] Action: 2
[Step 1816] Action: 2
[Step 1826] Action: 1
[Step 1840] Action: 1
[Step 1850] Action: 1
[Step 1860] Action: 0
[Step 1874] Action: 1
[Step 1888] Action: 1
[Step 1898] Action: 0
[Step 1912] Action: 0
[Step 1922] Action: 2
[Step 1936] Action: 2
[Step 1946] Action: 2
[Step 1956] Action: 2
[Step 1966] Action: 2
[Step 1976] Action: 2
[Step 1986] Action: 2
[Step 1996] Action: 2
[Step 2006] Action: 2
[Step 2016] Action: 2
[Step 2026] Action: 2
[Step 2036] Action: 2
[Step 2046] Action: 2
[Step 2056] Action: 2
[Step 2066] Action: 2
[Step 2076] Action: 0
[Step 2090] Action: 2
[Step 2104] Action: 1
[Step 2118] Action: 0
[Step 2132] Action: 1
[Step 2146] Action: 0
[Step 2160] Action: 1
[Step 2174] Action: 0
[Step 2188] Action: 2
[Step 2202] Action: 2
[Step 2212] Action: 1
[Step 2226] Action: 3
[Step 2240] Action: 0
[Step 2254] Action: 2
[Step 2268] Action: 2
[Step 2278] Action: 2
[Step 2288] Action: 2
[Step 2298] Action: 1
[Step 2312] Action: 2
[Step 2326] Action: 2
[Step 2336] Action: 2
[Step 2346] Action: 0
[Step 2360] Action: 2
[Step 2374] Action: 2
[Step 2384] Action: 3
[Step 2398] Action: 1
[Step 2412] Action: 1
[Step 2422] Action: 1
[Step 2432] Action: 1
[Step 2442] Action: 0
[Step 2456] Action: 1
[Step 2470] Action: 1
[Step 2480] Action: 0
[Step 2494] Action: 2
[Step 2508] Action: 2
[Step 2518] Action: 2
[Step 2528] Action: 1
[Step 2542] Action: 1
[Step 2552] Action: 1
[Step 2562] Action: 0
[Step 2576] Action: 2
[Step 2590] Action: 2
[Step 2600] Action: 2
[Step 2610] Action: 2
[Step 2620] Action: 2
[Step 2630] Action: 2
[Step 2640] Action: 2
[Step 2650] Action: 2
[Step 2660] Action: 2
[Step 2670] Action: 2
[Step 2680] Action: 2
[Step 2690] Action: 2
[Step 2700] Action: 0
[Step 2714] Action: 2
[Step 2728] Action: 2
[Step 2738] Action: 2
[Step 2748] Action: 2
[Step 2758] Action: 2
[Step 2768] Action: 2
[Step 2778] Action: 2
[Step 2788] Action: 2
[Step 2798] Action: 2
[Step 2808] Action: 2
[Step 2818] Action: 2
[Step 2828] Action: 2
[Step 2838] Action: 2
[Step 2848] Action: 2
[Step 2858] Action: 2
[Step 2868] Action: 3
[Step 2882] Action: 0
[Step 2896] Action: 2
[Step 2910] Action: 2
[Step 2920] Action: 0
[Step 2934] Action: 2
[Step 2948] Action: 2
[Step 2958] Action: 2
[Step 2968] Action: 2
[Step 2978] Action: 2
[Step 2988] Action: 2
[Step 2998] Action: 2
[Step 3008] Action: 2
[Step 3018] Action: 2
[Step 3028] Action: 2
[Step 3038] Action: 2
[Step 3048] Action: 2
[Step 3058] Action: 2
[Step 3068] Action: 2
[Step 3078] Action: 2
[Step 3088] Action: 2
[Step 3098] Action: 2
[Step 3108] Action: 2
[Step 3118] Action: 2
[Step 3128] Action: 2
[Step 3138] Action: 2
[Step 3148] Action: 2
[Step 3158] Action: 2
[Step 3168] Action: 2
[Step 3178] Action: 2
[Step 3188] Action: 2
[Step 3198] Action: 2
[Step 3208] Action: 2
[Step 3218] Action: 2
[Step 3228] Action: 2
[Step 3238] Action: 2
[Step 3248] Action: 2
[Step 3258] Action: 2
[Step 3268] Action: 2
[Step 3278] Action: 2
[Step 3288] Action: 2
[Step 3298] Action: 2
[Step 3308] Action: 2
[Step 3318] Action: 1
[Step 3332] Action: 0
[Step 3346] Action: 2
[Step 3360] Action: 2
[Step 3370] Action: 2
[Step 3380] Action: 2
[Step 3390] Action: 2
[Step 3400] Action: 2
[Step 3410] Action: 2
[Step 3420] Action: 2
[Step 3430] Action: 2
[Step 3440] Action: 2
[Step 3450] Action: 2
[Step 3460] Action: 2
[Step 3470] Action: 0
[Step 3484] Action: 2
[Step 3498] Action: 2
[Step 3508] Action: 2
[Step 3518] Action: 2
[Step 3528] Action: 0
[Step 3542] Action: 2
[Step 3556] Action: 2
[Step 3566] Action: 2
[Step 3576] Action: 2
[Step 3586] Action: 2
[Step 3596] Action: 2
[Step 3606] Action: 2
[Step 3616] Action: 2
[Step 3626] Action: 2
[Step 3636] Action: 2
[Step 3646] Action: 2
[Step 3656] Action: 2
[Step 3666] Action: 2
[Step 3676] Action: 2
[Step 3686] Action: 2
[Step 3696] Action: 2
[Step 3706] Action: 2
[Step 3716] Action: 2
[Step 3726] Action: 2
[Step 3736] Action: 2
[Step 3746] Action: 2
[Step 3756] Action: 2
[Step 3766] Action: 0
[Step 3780] Action: 2
[Step 3794] Action: 1
[Step 3808] Action: 1
[Step 3818] Action: 0
[Step 3832] Action: 1
[Step 3846] Action: 0
[Step 3860] Action: 2
[Step 3874] Action: 2
[Step 3884] Action: 2
[Step 3894] Action: 2
[Step 3904] Action: 2
[Step 3914] Action: 0
[Step 3928] Action: 2
[Step 3942] Action: 3
[Step 3956] Action: 0
[Step 3970] Action: 2
[Step 3984] Action: 2
[Step 3994] Action: 2
[Step 4004] Action: 2
[Step 4014] Action: 2
[Step 4024] Action: 2
[Step 4034] Action: 2
[Step 4044] Action: 2
[Step 4054] Action: 2
[Step 4064] Action: 2
[Step 4074] Action: 2
[Step 4084] Action: 3
[Step 4098] Action: 0
[Step 4112] Action: 2
[Step 4126] Action: 2
[Step 4136] Action: 2
[Step 4146] Action: 2
[Step 4156] Action: 2
[Step 4166] Action: 2
[Step 4176] Action: 2
[Step 4186] Action: 2
[Step 4196] Action: 2
[Step 4206] Action: 2
[Step 4216] Action: 2
[Step 4226] Action: 2
[Step 4236] Action: 2
[Step 4246] Action: 2
[Step 4256] Action: 2
[Step 4266] Action: 1
[Step 4280] Action: 0
[Step 4294] Action: 2
[Step 4308] Action: 2
[Step 4318] Action: 2
[Step 4328] Action: 3
[Step 4342] Action: 0
[Step 4356] Action: 2
[Step 4370] Action: 2
[Step 4380] Action: 2
[Step 4390] Action: 2
[Step 4400] Action: 2
[Step 4410] Action: 2
[Step 4420] Action: 1
[Step 4434] Action: 0
[Step 4448] Action: 1
[Step 4462] Action: 0
[Step 4476] Action: 2
[Step 4490] Action: 2
[Step 4500] Action: 2
[Step 4510] Action: 1
[Step 4524] Action: 0
[Step 4538] Action: 3
[Step 4552] Action: 1
[Step 4566] Action: 0
[Step 4580] Action: 2
[Step 4594] Action: 2
[Step 4604] Action: 0
[Step 4618] Action: 2
[Step 4632] Action: 2
[Step 4642] Action: 2
[Step 4652] Action: 2
[Step 4662] Action: 2
[Step 4672] Action: 2
[Step 4682] Action: 2
[Step 4692] Action: 2
[Step 4702] Action: 2
[Step 4712] Action: 2
[Step 4722] Action: 2
[Step 4732] Action: 2
[Step 4742] Action: 2
[Step 4752] Action: 2
[Step 4762] Action: 1
[Step 4776] Action: 0
[Step 4790] Action: 2
[Step 4804] Action: 2
[Step 4814] Action: 2
[Step 4824] Action: 2
[Step 4834] Action: 2
[Step 4844] Action: 2
[Step 4854] Action: 2
[Step 4864] Action: 2
[Step 4874] Action: 2
[Step 4884] Action: 2
[Step 4894] Action: 2
[Step 4904] Action: 2
[Step 4914] Action: 2
[Step 4924] Action: 2
[Step 4934] Action: 2
[Step 4944] Action: 2
[Step 4954] Action: 2
[Step 4964] Action: 2
[Step 4974] Action: 2
[Step 4984] Action: 2
[Step 4994] Action: 2
[Step 5004] Action: 2
[Step 5014] Action: 2
[Step 5024] Action: 2
[Step 5034] Action: 2
[Step 5044] Action: 2
[Step 5054] Action: 2
[Step 5064] Action: 2
[Step 5074] Action: 2
[Step 5084] Action: 0
[Step 5098] Action: 2
[Step 5112] Action: 2
[Step 5122] Action: 2
[Step 5132] Action: 0
[Step 5146] Action: 3
[Step 5160] Action: 0
[Step 5174] Action: 2
[Step 5188] Action: 2
[Step 5198] Action: 2
[Step 5208] Action: 2
[Step 5218] Action: 2
[Step 5228] Action: 2
[Step 5238] Action: 2
[Step 5248] Action: 2
[Step 5258] Action: 3
[Step 5272] Action: 0
[Step 5286] Action: 2
[Step 5300] Action: 2
[Step 5310] Action: 2
[Step 5320] Action: 2
[Step 5330] Action: 2
[Step 5340] Action: 0
[Step 5354] Action: 2
[Step 5368] Action: 2
[Step 5378] Action: 3
[Step 5392] Action: 3
