[Step 0] Action: 0
[Step 10] Action: 1
[Step 24] Action: 1
[Step 34] Action: 0
[Step 48] Action: 3
[Step 62] Action: 2
[Step 76] Action: 0
[Step 90] Action: 0
[Step 100] Action: 1
[Step 114] Action: 3
[Step 128] Action: 3
[Step 138] Action: 2
[Step 152] Action: 2
[Step 162] Action: 2
[Step 172] Action: 3
[Step 186] Action: 3
[Step 196] Action: 2
[Step 210] Action: 2
[Step 220] Action: 2
[Step 230] Action: 2
[Step 240] Action: 3
[Step 254] Action: 1
[Step 268] Action: 2
[Step 282] Action: 2
[Step 292] Action: 3
[Step 306] Action: 2
[Step 320] Action: 2
[Step 330] Action: 2
[Step 340] Action: 3
[Step 354] Action: 2
[Step 368] Action: 1
[Step 382] Action: 3
[Step 396] Action: 2
[Step 410] Action: 2
[Step 420] Action: 3
[Step 434] Action: 3
[Step 444] Action: 1
[Step 458] Action: 2
[Step 472] Action: 0
[Step 486] Action: 1
[Step 500] Action: 2
[Step 514] Action: 2
[Step 524] Action: 2
[Step 534] Action: 2
[Step 544] Action: 3
[Step 558] Action: 3
[Step 568] Action: 1
[Step 582] Action: 1
[Step 592] Action: 2
[Step 606] Action: 2
[Step 616] Action: 2
[Step 626] Action: 2
[Step 636] Action: 3
[Step 650] Action: 2
[Step 664] Action: 2
[Step 674] Action: 1
[Step 688] Action: 2
[Step 702] Action: 2
[Step 712] Action: 2
[Step 722] Action: 1
[Step 736] Action: 2
[Step 750] Action: 1
[Step 764] Action: 3
[Step 778] Action: 2
[Step 792] Action: 2
[Step 802] Action: 2
[Step 812] Action: 3
[Step 826] Action: 2
[Step 840] Action: 2
[Step 850] Action: 2
[Step 860] Action: 2
[Step 870] Action: 2
[Step 880] Action: 2
[Step 890] Action: 2
[Step 900] Action: 2
[Step 910] Action: 2
[Step 920] Action: 2
[Step 930] Action: 2
[Step 940] Action: 2
[Step 950] Action: 2
[Step 960] Action: 2
[Step 970] Action: 2
[Step 980] Action: 2
[Step 990] Action: 2
[Step 1000] Action: 1
[Step 1014] Action: 2
[Step 1028] Action: 2
[Step 1038] Action: 1
[Step 1052] Action: 2
[Step 1066] Action: 2
[Step 1076] Action: 2
[Step 1086] Action: 0
[Step 1100] Action: 1
[Step 1114] Action: 2
[Step 1128] Action: 2
[Step 1138] Action: 2
[Step 1148] Action: 2
[Step 1158] Action: 1
[Step 1172] Action: 2
[Step 1186] Action: 2
[Step 1196] Action: 2
[Step 1206] Action: 2
[Step 1216] Action: 2
[Step 1226] Action: 2
[Step 1236] Action: 2
[Step 1246] Action: 1
[Step 1260] Action: 1
[Step 1270] Action: 2
[Step 1284] Action: 2
[Step 1294] Action: 2
[Step 1304] Action: 2
[Step 1314] Action: 2
[Step 1324] Action: 2
[Step 1334] Action: 2
[Step 1344] Action: 3
[Step 1358] Action: 1
[Step 1372] Action: 2
[Step 1386] Action: 2
[Step 1396] Action: 2
[Step 1406] Action: 2
[Step 1416] Action: 2
[Step 1426] Action: 2
[Step 1436] Action: 2
[Step 1446] Action: 2
[Step 1456] Action: 2
[Step 1466] Action: 2
[Step 1476] Action: 2
[Step 1486] Action: 2
[Step 1496] Action: 2
[Step 1506] Action: 2
[Step 1516] Action: 1
[Step 1530] Action: 3
[Step 1544] Action: 2
[Step 1558] Action: 2
[Step 1568] Action: 2
[Step 1578] Action: 2
[Step 1588] Action: 2
[Step 1598] Action: 2
[Step 1608] Action: 1
[Step 1622] Action: 2
[Step 1636] Action: 2
[Step 1646] Action: 2
[Step 1656] Action: 1
[Step 1670] Action: 2
[Step 1684] Action: 2
[Step 1694] Action: 2
[Step 1704] Action: 1
[Step 1718] Action: 2
[Step 1732] Action: 2
[Step 1742] Action: 1
[Step 1756] Action: 2
[Step 1770] Action: 2
[Step 1780] Action: 2
[Step 1790] Action: 2
[Step 1800] Action: 0
[Step 1814] Action: 2
[Step 1828] Action: 2
[Step 1838] Action: 2
[Step 1848] Action: 2
[Step 1858] Action: 2
[Step 1868] Action: 2
[Step 1878] Action: 0
[Step 1892] Action: 0
[Step 1902] Action: 1
[Step 1916] Action: 2
[Step 1930] Action: 2
[Step 1940] Action: 2
[Step 1950] Action: 2
[Step 1960] Action: 2
[Step 1970] Action: 2
[Step 1980] Action: 2
[Step 1990] Action: 2
[Step 2000] Action: 2
[Step 2010] Action: 2
[Step 2020] Action: 2
[Step 2030] Action: 2
[Step 2040] Action: 2
[Step 2050] Action: 2
[Step 2060] Action: 2
[Step 2070] Action: 1
[Step 2084] Action: 2
[Step 2098] Action: 0
[Step 2112] Action: 1
[Step 2126] Action: 2
[Step 2140] Action: 2
[Step 2150] Action: 2
[Step 2160] Action: 2
[Step 2170] Action: 0
[Step 2184] Action: 2
[Step 2198] Action: 2
[Step 2208] Action: 2
[Step 2218] Action: 2
[Step 2228] Action: 2
[Step 2238] Action: 3
[Step 2252] Action: 1
[Step 2266] Action: 1
[Step 2276] Action: 2
[Step 2290] Action: 0
[Step 2304] Action: 2
[Step 2318] Action: 2
[Step 2328] Action: 1
[Step 2342] Action: 2
[Step 2356] Action: 1
[Step 2370] Action: 2
[Step 2384] Action: 2
[Step 2394] Action: 2
[Step 2404] Action: 3
[Step 2418] Action: 2
[Step 2432] Action: 2
[Step 2442] Action: 2
[Step 2452] Action: 3
[Step 2466] Action: 2
[Step 2480] Action: 2
[Step 2490] Action: 0
[Step 2504] Action: 3
[Step 2518] Action: 1
[Step 2532] Action: 0
[Step 2546] Action: 2
[Step 2560] Action: 1
[Step 2574] Action: 2
[Step 2588] Action: 2
[Step 2598] Action: 2
[Step 2608] Action: 1
[Step 2622] Action: 2
[Step 2636] Action: 2
[Step 2646] Action: 1
[Step 2660] Action: 2
[Step 2674] Action: 2
[Step 2684] Action: 2
[Step 2694] Action: 1
[Step 2708] Action: 2
[Step 2722] Action: 2
[Step 2732] Action: 3
[Step 2746] Action: 2
[Step 2760] Action: 2
[Step 2770] Action: 2
[Step 2780] Action: 0
[Step 2794] Action: 2
[Step 2808] Action: 2
[Step 2818] Action: 0
[Step 2832] Action: 2
[Step 2846] Action: 0
[Step 2860] Action: 1
[Step 2874] Action: 0
[Step 2888] Action: 3
[Step 2902] Action: 2
[Step 2916] Action: 1
[Step 2930] Action: 2
[Step 2944] Action: 2
[Step 2954] Action: 1
[Step 2968] Action: 2
[Step 2982] Action: 1
[Step 2996] Action: 1
[Step 3006] Action: 3
[Step 3020] Action: 0
[Step 3034] Action: 3
[Step 3048] Action: 0
[Step 3062] Action: 3
[Step 3076] Action: 3
[Step 3086] Action: 2
[Step 3100] Action: 2
[Step 3110] Action: 2
[Step 3120] Action: 2
[Step 3130] Action: 2
[Step 3140] Action: 2
[Step 3150] Action: 1
[Step 3164] Action: 2
[Step 3178] Action: 1
[Step 3192] Action: 0
[Step 3206] Action: 2
[Step 3220] Action: 1
[Step 3234] Action: 2
[Step 3248] Action: 2
[Step 3258] Action: 0
[Step 3272] Action: 0
[Step 3282] Action: 0
[Step 3292] Action: 1
[Step 3306] Action: 2
[Step 3320] Action: 3
[Step 3334] Action: 2
[Step 3348] Action: 2
[Step 3358] Action: 1
[Step 3372] Action: 3
[Step 3386] Action: 1
[Step 3400] Action: 1
[Step 3410] Action: 2
[Step 3424] Action: 2
[Step 3434] Action: 3
[Step 3448] Action: 3
[Step 3458] Action: 0
[Step 3472] Action: 3
[Step 3486] Action: 1
[Step 3500] Action: 3
[Step 3514] Action: 1
[Step 3528] Action: 1
[Step 3538] Action: 1
[Step 3548] Action: 1
[Step 3558] Action: 1
[Step 3568] Action: 3
[Step 3582] Action: 0
[Step 3596] Action: 2
[Step 3610] Action: 3
[Step 3624] Action: 0
[Step 3638] Action: 2
[Step 3652] Action: 0
[Step 3666] Action: 0
[Step 3676] Action: 3
[Step 3690] Action: 1
[Step 3704] Action: 1
[Step 3714] Action: 1
[Step 3724] Action: 2
[Step 3738] Action: 3
[Step 3752] Action: 3
[Step 3762] Action: 1
[Step 3776] Action: 0
[Step 3790] Action: 0
[Step 3800] Action: 0
[Step 3810] Action: 2
[Step 3824] Action: 0
[Step 3838] Action: 2
[Step 3852] Action: 0
[Step 3866] Action: 0
[Step 3876] Action: 3
[Step 3890] Action: 2
[Step 3904] Action: 2
[Step 3914] Action: 2
[Step 3924] Action: 2
[Step 3934] Action: 1
[Step 3948] Action: 0
[Step 3962] Action: 0
[Step 3972] Action: 3
[Step 3986] Action: 3
[Step 3996] Action: 1
[Step 4010] Action: 0
[Step 4024] Action: 0
[Step 4034] Action: 1
[Step 4048] Action: 2
[Step 4062] Action: 1
[Step 4076] Action: 2
[Step 4090] Action: 1
[Step 4104] Action: 3
[Step 4118] Action: 0
[Step 4132] Action: 0
[Step 4142] Action: 2
[Step 4156] Action: 0
[Step 4170] Action: 0
[Step 4180] Action: 2
[Step 4194] Action: 3
[Step 4208] Action: 2
[Step 4222] Action: 1
[Step 4236] Action: 3
[Step 4250] Action: 3
[Step 4260] Action: 2
[Step 4274] Action: 2
[Step 4284] Action: 1
[Step 4298] Action: 1
[Step 4308] Action: 1
[Step 4318] Action: 1
[Step 4328] Action: 2
[Step 4342] Action: 2
[Step 4352] Action: 2
[Step 4362] Action: 3
[Step 4376] Action: 1
[Step 4390] Action: 3
[Step 4404] Action: 1
[Step 4418] Action: 2
[Step 4432] Action: 2
[Step 4442] Action: 1
[Step 4456] Action: 2
[Step 4470] Action: 3
[Step 4484] Action: 0
[Step 4498] Action: 3
[Step 4512] Action: 2
[Step 4526] Action: 2
[Step 4536] Action: 2
[Step 4546] Action: 2
[Step 4556] Action: 1
[Step 4570] Action: 1
[Step 4580] Action: 2
[Step 4594] Action: 2
[Step 4604] Action: 0
[Step 4618] Action: 2
[Step 4632] Action: 1
[Step 4646] Action: 1
[Step 4656] Action: 1
[Step 4666] Action: 3
[Step 4680] Action: 2
[Step 4694] Action: 1
[Step 4708] Action: 0
[Step 4722] Action: 2
[Step 4736] Action: 3
[Step 4750] Action: 3
[Step 4760] Action: 0
[Step 4774] Action: 2
[Step 4788] Action: 3
[Step 4802] Action: 3
[Step 4812] Action: 1
[Step 4826] Action: 2
[Step 4840] Action: 3
[Step 4854] Action: 3
[Step 4864] Action: 0
[Step 4878] Action: 3
[Step 4892] Action: 2
[Step 4906] Action: 2
[Step 4916] Action: 3
[Step 4930] Action: 1
[Step 4944] Action: 0
[Step 4958] Action: 2
[Step 4972] Action: 3
[Step 4986] Action: 1
[Step 5000] Action: 0
[Step 5014] Action: 0
[Step 5024] Action: 2
[Step 5038] Action: 2
[Step 5048] Action: 1
[Step 5062] Action: 2
[Step 5076] Action: 0
[Step 5090] Action: 2
[Step 5104] Action: 0
[Step 5118] Action: 1
[Step 5132] Action: 1
[Step 5142] Action: 2
[Step 5156] Action: 0
[Step 5170] Action: 3
[Step 5184] Action: 0
[Step 5198] Action: 0
[Step 5208] Action: 1
[Step 5222] Action: 2
[Step 5236] Action: 1
[Step 5250] Action: 0
[Step 5264] Action: 2
[Step 5278] Action: 3
[Step 5292] Action: 0
[Step 5306] Action: 0
[Step 5316] Action: 2
[Step 5330] Action: 3
[Step 5344] Action: 0
[Step 5358] Action: 2
[Step 5372] Action: 3
[Step 5386] Action: 0
