[Step 0] Action: 2
[Step 10] Action: 1
[Step 24] Action: 3
[Step 38] Action: 1
[Step 52] Action: 1
[Step 62] Action: 3
[Step 76] Action: 0
[Step 90] Action: 2
[Step 104] Action: 3
[Step 118] Action: 2
[Step 132] Action: 1
[Step 146] Action: 3
[Step 160] Action: 1
[Step 174] Action: 1
[Step 184] Action: 0
[Step 198] Action: 1
[Step 212] Action: 0
[Step 226] Action: 1
[Step 240] Action: 0
[Step 254] Action: 0
[Step 264] Action: 0
[Step 274] Action: 1
[Step 288] Action: 3
[Step 302] Action: 1
[Step 316] Action: 2
[Step 330] Action: 0
[Step 344] Action: 0
[Step 354] Action: 1
[Step 368] Action: 2
[Step 382] Action: 1
[Step 396] Action: 1
[Step 406] Action: 1
[Step 416] Action: 0
[Step 430] Action: 1
[Step 444] Action: 1
[Step 454] Action: 0
[Step 468] Action: 1
[Step 482] Action: 2
[Step 496] Action: 1
[Step 510] Action: 1
[Step 520] Action: 1
[Step 530] Action: 0
[Step 544] Action: 1
[Step 558] Action: 1
[Step 568] Action: 2
[Step 582] Action: 1
[Step 596] Action: 1
[Step 606] Action: 1
[Step 616] Action: 2
[Step 630] Action: 1
[Step 644] Action: 1
[Step 654] Action: 1
[Step 664] Action: 1
[Step 674] Action: 1
[Step 684] Action: 2
[Step 698] Action: 0
[Step 712] Action: 1
[Step 726] Action: 0
[Step 740] Action: 2
[Step 754] Action: 2
[Step 764] Action: 1
[Step 778] Action: 1
[Step 788] Action: 1
[Step 798] Action: 1
[Step 808] Action: 2
[Step 822] Action: 1
[Step 836] Action: 1
[Step 846] Action: 1
[Step 856] Action: 1
[Step 866] Action: 1
[Step 876] Action: 1
[Step 886] Action: 1
[Step 896] Action: 1
[Step 906] Action: 2
[Step 920] Action: 1
[Step 934] Action: 0
[Step 948] Action: 1
[Step 962] Action: 1
[Step 972] Action: 1
[Step 982] Action: 1
[Step 992] Action: 1
[Step 1002] Action: 1
[Step 1012] Action: 0
[Step 1026] Action: 2
[Step 1040] Action: 1
[Step 1054] Action: 2
[Step 1068] Action: 1
[Step 1082] Action: 2
[Step 1096] Action: 1
[Step 1110] Action: 2
[Step 1124] Action: 1
[Step 1138] Action: 0
[Step 1152] Action: 1
[Step 1166] Action: 1
[Step 1176] Action: 1
[Step 1186] Action: 1
[Step 1196] Action: 1
[Step 1206] Action: 1
[Step 1216] Action: 0
[Step 1230] Action: 0
[Step 1240] Action: 1
[Step 1254] Action: 0
[Step 1268] Action: 1
[Step 1282] Action: 1
[Step 1292] Action: 1
[Step 1302] Action: 1
[Step 1312] Action: 1
[Step 1322] Action: 1
[Step 1332] Action: 1
[Step 1342] Action: 2
[Step 1356] Action: 1
[Step 1370] Action: 1
[Step 1380] Action: 1
[Step 1390] Action: 1
[Step 1400] Action: 1
[Step 1410] Action: 1
[Step 1420] Action: 0
[Step 1434] Action: 1
[Step 1448] Action: 1
[Step 1458] Action: 1
[Step 1468] Action: 1
[Step 1478] Action: 1
[Step 1488] Action: 1
[Step 1498] Action: 0
[Step 1512] Action: 1
[Step 1526] Action: 0
[Step 1540] Action: 1
[Step 1554] Action: 2
[Step 1568] Action: 2
[Step 1578] Action: 1
[Step 1592] Action: 1
[Step 1602] Action: 0
[Step 1616] Action: 1
[Step 1630] Action: 0
[Step 1644] Action: 1
[Step 1658] Action: 1
[Step 1668] Action: 2
[Step 1682] Action: 1
[Step 1696] Action: 1
[Step 1706] Action: 1
[Step 1716] Action: 1
[Step 1726] Action: 0
[Step 1740] Action: 1
[Step 1754] Action: 0
[Step 1768] Action: 1
[Step 1782] Action: 1
[Step 1792] Action: 1
[Step 1802] Action: 1
[Step 1812] Action: 1
[Step 1822] Action: 1
[Step 1832] Action: 0
[Step 1846] Action: 1
[Step 1860] Action: 2
[Step 1874] Action: 1
[Step 1888] Action: 1
[Step 1898] Action: 1
[Step 1908] Action: 1
[Step 1918] Action: 2
[Step 1932] Action: 0
[Step 1946] Action: 2
[Step 1960] Action: 1
[Step 1974] Action: 2
[Step 1988] Action: 1
[Step 2002] Action: 2
[Step 2016] Action: 0
[Step 2030] Action: 1
[Step 2044] Action: 1
[Step 2054] Action: 1
[Step 2064] Action: 1
[Step 2074] Action: 1
[Step 2084] Action: 1
[Step 2094] Action: 1
[Step 2104] Action: 2
[Step 2118] Action: 0
[Step 2132] Action: 1
[Step 2146] Action: 0
[Step 2160] Action: 1
[Step 2174] Action: 1
[Step 2184] Action: 1
[Step 2194] Action: 1
[Step 2204] Action: 1
[Step 2214] Action: 2
[Step 2228] Action: 0
[Step 2242] Action: 0
[Step 2252] Action: 1
[Step 2266] Action: 1
[Step 2276] Action: 0
[Step 2290] Action: 3
[Step 2304] Action: 1
[Step 2318] Action: 3
[Step 2332] Action: 1
[Step 2346] Action: 1
[Step 2356] Action: 1
[Step 2366] Action: 3
[Step 2380] Action: 3
[Step 2390] Action: 3
[Step 2400] Action: 1
[Step 2414] Action: 1
[Step 2424] Action: 0
[Step 2438] Action: 1
[Step 2452] Action: 1
[Step 2462] Action: 0
[Step 2476] Action: 1
[Step 2490] Action: 0
[Step 2504] Action: 0
[Step 2514] Action: 0
[Step 2524] Action: 0
[Step 2534] Action: 2
[Step 2548] Action: 0
[Step 2562] Action: 1
[Step 2576] Action: 0
[Step 2590] Action: 3
[Step 2604] Action: 0
[Step 2618] Action: 1
[Step 2632] Action: 1
[Step 2642] Action: 1
[Step 2652] Action: 2
[Step 2666] Action: 1
[Step 2680] Action: 2
[Step 2694] Action: 2
[Step 2704] Action: 3
[Step 2718] Action: 1
[Step 2732] Action: 1
[Step 2742] Action: 3
[Step 2756] Action: 1
[Step 2770] Action: 2
[Step 2784] Action: 1
[Step 2798] Action: 2
[Step 2812] Action: 0
[Step 2826] Action: 1
[Step 2840] Action: 1
[Step 2850] Action: 1
[Step 2860] Action: 2
[Step 2874] Action: 0
[Step 2888] Action: 3
[Step 2902] Action: 3
[Step 2912] Action: 3
[Step 2922] Action: 2
[Step 2936] Action: 1
[Step 2950] Action: 3
[Step 2964] Action: 0
[Step 2978] Action: 2
[Step 2992] Action: 2
[Step 3002] Action: 1
[Step 3016] Action: 0
[Step 3030] Action: 0
[Step 3040] Action: 1
[Step 3054] Action: 1
[Step 3064] Action: 1
[Step 3074] Action: 0
[Step 3088] Action: 2
[Step 3102] Action: 3
[Step 3116] Action: 2
[Step 3130] Action: 2
[Step 3140] Action: 0
[Step 3154] Action: 0
[Step 3164] Action: 1
[Step 3178] Action: 2
[Step 3192] Action: 0
[Step 3206] Action: 1
[Step 3220] Action: 3
[Step 3234] Action: 1
[Step 3248] Action: 0
[Step 3262] Action: 2
[Step 3276] Action: 3
[Step 3290] Action: 1
[Step 3304] Action: 2
[Step 3318] Action: 1
[Step 3332] Action: 0
[Step 3346] Action: 0
[Step 3356] Action: 0
[Step 3366] Action: 1
[Step 3380] Action: 1
[Step 3390] Action: 0
[Step 3404] Action: 3
[Step 3418] Action: 2
[Step 3432] Action: 0
[Step 3446] Action: 2
[Step 3460] Action: 1
[Step 3474] Action: 0
[Step 3488] Action: 1
[Step 3502] Action: 0
[Step 3516] Action: 2
[Step 3530] Action: 3
[Step 3544] Action: 2
[Step 3558] Action: 1
[Step 3572] Action: 2
[Step 3586] Action: 0
[Step 3600] Action: 2
[Step 3614] Action: 1
[Step 3628] Action: 1
[Step 3638] Action: 0
[Step 3652] Action: 0
[Step 3662] Action: 3
[Step 3676] Action: 2
[Step 3690] Action: 3
[Step 3704] Action: 1
[Step 3718] Action: 2
[Step 3732] Action: 2
[Step 3742] Action: 1
[Step 3756] Action: 2
[Step 3770] Action: 0
[Step 3784] Action: 0
[Step 3794] Action: 1
[Step 3808] Action: 0
[Step 3822] Action: 1
[Step 3836] Action: 2
[Step 3850] Action: 1
[Step 3864] Action: 3
[Step 3878] Action: 0
[Step 3892] Action: 3
[Step 3906] Action: 3
[Step 3916] Action: 0
[Step 3930] Action: 3
[Step 3944] Action: 2
[Step 3958] Action: 0
[Step 3972] Action: 1
[Step 3986] Action: 3
[Step 4000] Action: 2
[Step 4014] Action: 2
[Step 4024] Action: 2
[Step 4034] Action: 1
[Step 4048] Action: 3
[Step 4062] Action: 1
[Step 4076] Action: 1
[Step 4086] Action: 3
[Step 4100] Action: 1
[Step 4114] Action: 2
[Step 4128] Action: 3
[Step 4142] Action: 3
[Step 4152] Action: 0
[Step 4166] Action: 1
[Step 4180] Action: 0
[Step 4194] Action: 0
[Step 4204] Action: 1
[Step 4218] Action: 1
[Step 4228] Action: 3
[Step 4242] Action: 0
[Step 4256] Action: 2
[Step 4270] Action: 1
[Step 4284] Action: 3
[Step 4298] Action: 0
[Step 4312] Action: 0
[Step 4322] Action: 0
[Step 4332] Action: 1
[Step 4346] Action: 3
[Step 4360] Action: 0
[Step 4374] Action: 2
[Step 4388] Action: 0
[Step 4402] Action: 3
[Step 4416] Action: 0
[Step 4430] Action: 3
[Step 4444] Action: 2
[Step 4458] Action: 3
[Step 4472] Action: 3
[Step 4482] Action: 1
[Step 4496] Action: 2
[Step 4510] Action: 2
[Step 4520] Action: 0
[Step 4534] Action: 3
[Step 4548] Action: 0
[Step 4562] Action: 0
[Step 4572] Action: 1
[Step 4586] Action: 3
[Step 4600] Action: 3
[Step 4610] Action: 3
[Step 4620] Action: 0
[Step 4634] Action: 2
[Step 4648] Action: 2
[Step 4658] Action: 0
[Step 4672] Action: 3
[Step 4686] Action: 1
[Step 4700] Action: 0
[Step 4714] Action: 3
[Step 4728] Action: 3
[Step 4738] Action: 2
[Step 4752] Action: 1
[Step 4766] Action: 1
[Step 4776] Action: 0
[Step 4790] Action: 0
[Step 4800] Action: 0
[Step 4810] Action: 3
[Step 4824] Action: 3
[Step 4834] Action: 0
[Step 4848] Action: 3
[Step 4862] Action: 1
[Step 4876] Action: 1
[Step 4886] Action: 3
[Step 4900] Action: 0
[Step 4914] Action: 2
[Step 4928] Action: 0
[Step 4942] Action: 3
[Step 4956] Action: 3
[Step 4966] Action: 1
[Step 4980] Action: 3
[Step 4994] Action: 0
[Step 5008] Action: 1
[Step 5022] Action: 2
[Step 5036] Action: 1
[Step 5050] Action: 0
[Step 5064] Action: 3
[Step 5078] Action: 0
[Step 5092] Action: 3
[Step 5106] Action: 0
[Step 5120] Action: 3
[Step 5134] Action: 0
[Step 5148] Action: 3
[Step 5162] Action: 0
[Step 5176] Action: 0
[Step 5186] Action: 3
[Step 5200] Action: 0
[Step 5214] Action: 3
[Step 5228] Action: 0
[Step 5242] Action: 0
[Step 5252] Action: 2
[Step 5266] Action: 0
[Step 5280] Action: 0
[Step 5290] Action: 2
[Step 5304] Action: 1
[Step 5318] Action: 1
[Step 5328] Action: 0
[Step 5342] Action: 2
[Step 5356] Action: 3
[Step 5370] Action: 3
[Step 5380] Action: 0
[Step 5394] Action: 0
