[Step 0] Action: 0
[Step 10] Action: 3
[Step 24] Action: 1
[Step 38] Action: 3
[Step 52] Action: 0
[Step 66] Action: 0
[Step 76] Action: 3
[Step 90] Action: 2
[Step 104] Action: 1
[Step 118] Action: 2
[Step 132] Action: 1
[Step 146] Action: 3
[Step 160] Action: 0
[Step 174] Action: 1
[Step 188] Action: 2
[Step 202] Action: 2
[Step 212] Action: 2
[Step 222] Action: 1
[Step 236] Action: 0
[Step 250] Action: 3
[Step 264] Action: 1
[Step 278] Action: 0
[Step 292] Action: 1
[Step 306] Action: 1
[Step 316] Action: 1
[Step 326] Action: 1
[Step 336] Action: 2
[Step 350] Action: 1
[Step 364] Action: 0
[Step 378] Action: 1
[Step 392] Action: 2
[Step 406] Action: 0
[Step 420] Action: 2
[Step 434] Action: 1
[Step 448] Action: 1
[Step 458] Action: 0
[Step 472] Action: 0
[Step 482] Action: 1
[Step 496] Action: 1
[Step 506] Action: 2
[Step 520] Action: 1
[Step 534] Action: 1
[Step 544] Action: 1
[Step 554] Action: 2
[Step 568] Action: 3
[Step 582] Action: 0
[Step 596] Action: 1
[Step 610] Action: 3
[Step 624] Action: 1
[Step 638] Action: 1
[Step 648] Action: 1
[Step 658] Action: 0
[Step 672] Action: 0
[Step 682] Action: 2
[Step 696] Action: 1
[Step 710] Action: 0
[Step 724] Action: 1
[Step 738] Action: 2
[Step 752] Action: 1
[Step 766] Action: 1
[Step 776] Action: 2
[Step 790] Action: 1
[Step 804] Action: 2
[Step 818] Action: 1
[Step 832] Action: 1
[Step 842] Action: 1
[Step 852] Action: 1
[Step 862] Action: 1
[Step 872] Action: 3
[Step 886] Action: 0
[Step 900] Action: 0
[Step 910] Action: 1
[Step 924] Action: 2
[Step 938] Action: 1
[Step 952] Action: 1
[Step 962] Action: 0
[Step 976] Action: 1
[Step 990] Action: 2
[Step 1004] Action: 1
[Step 1018] Action: 1
[Step 1028] Action: 1
[Step 1038] Action: 2
[Step 1052] Action: 1
[Step 1066] Action: 1
[Step 1076] Action: 0
[Step 1090] Action: 0
[Step 1100] Action: 2
[Step 1114] Action: 1
[Step 1128] Action: 1
[Step 1138] Action: 1
[Step 1148] Action: 1
[Step 1158] Action: 0
[Step 1172] Action: 1
[Step 1186] Action: 2
[Step 1200] Action: 1
[Step 1214] Action: 1
[Step 1224] Action: 1
[Step 1234] Action: 0
[Step 1248] Action: 1
[Step 1262] Action: 1
[Step 1272] Action: 1
[Step 1282] Action: 1
[Step 1292] Action: 1
[Step 1302] Action: 1
[Step 1312] Action: 2
[Step 1326] Action: 1
[Step 1340] Action: 2
[Step 1354] Action: 0
[Step 1368] Action: 2
[Step 1382] Action: 2
[Step 1392] Action: 1
[Step 1406] Action: 1
[Step 1416] Action: 1
[Step 1426] Action: 1
[Step 1436] Action: 1
[Step 1446] Action: 1
[Step 1456] Action: 1
[Step 1466] Action: 1
[Step 1476] Action: 1
[Step 1486] Action: 1
[Step 1496] Action: 1
[Step 1506] Action: 1
[Step 1516] Action: 1
[Step 1526] Action: 1
[Step 1536] Action: 1
[Step 1546] Action: 1
[Step 1556] Action: 1
[Step 1566] Action: 1
[Step 1576] Action: 1
[Step 1586] Action: 1
[Step 1596] Action: 1
[Step 1606] Action: 0
[Step 1620] Action: 1
[Step 1634] Action: 1
[Step 1644] Action: 1
[Step 1654] Action: 1
[Step 1664] Action: 1
[Step 1674] Action: 2
[Step 1688] Action: 2
[Step 1698] Action: 2
[Step 1708] Action: 2
[Step 1718] Action: 0
[Step 1732] Action: 2
[Step 1746] Action: 2
[Step 1756] Action: 1
[Step 1770] Action: 1
[Step 1780] Action: 1
[Step 1790] Action: 0
[Step 1804] Action: 2
[Step 1818] Action: 2
[Step 1828] Action: 2
[Step 1838] Action: 1
[Step 1852] Action: 1
[Step 1862] Action: 2
[Step 1876] Action: 2
[Step 1886] Action: 1
[Step 1900] Action: 1
[Step 1910] Action: 0
[Step 1924] Action: 1
[Step 1938] Action: 1
[Step 1948] Action: 1
[Step 1958] Action: 1
[Step 1968] Action: 1
[Step 1978] Action: 0
[Step 1992] Action: 1
[Step 2006] Action: 1
[Step 2016] Action: 1
[Step 2026] Action: 2
[Step 2040] Action: 1
[Step 2054] Action: 0
[Step 2068] Action: 2
[Step 2082] Action: 1
[Step 2096] Action: 1
[Step 2106] Action: 2
[Step 2120] Action: 0
[Step 2134] Action: 0
[Step 2144] Action: 1
[Step 2158] Action: 2
[Step 2172] Action: 1
[Step 2186] Action: 2
[Step 2200] Action: 2
[Step 2210] Action: 2
[Step 2220] Action: 1
[Step 2234] Action: 1
[Step 2244] Action: 3
[Step 2258] Action: 0
[Step 2272] Action: 1
[Step 2286] Action: 2
[Step 2300] Action: 1
[Step 2314] Action: 1
[Step 2324] Action: 1
[Step 2334] Action: 2
[Step 2348] Action: 1
[Step 2362] Action: 2
[Step 2376] Action: 1
[Step 2390] Action: 2
[Step 2404] Action: 1
[Step 2418] Action: 0
[Step 2432] Action: 3
[Step 2446] Action: 1
[Step 2460] Action: 1
[Step 2470] Action: 1
[Step 2480] Action: 1
[Step 2490] Action: 1
[Step 2500] Action: 1
[Step 2510] Action: 1
[Step 2520] Action: 2
[Step 2534] Action: 3
[Step 2548] Action: 0
[Step 2562] Action: 2
[Step 2576] Action: 0
[Step 2590] Action: 2
[Step 2604] Action: 0
[Step 2618] Action: 0
[Step 2628] Action: 1
[Step 2642] Action: 2
[Step 2656] Action: 0
[Step 2670] Action: 3
[Step 2684] Action: 0
[Step 2698] Action: 2
[Step 2712] Action: 2
[Step 2722] Action: 1
[Step 2736] Action: 2
[Step 2750] Action: 1
[Step 2764] Action: 2
[Step 2778] Action: 2
[Step 2788] Action: 1
[Step 2802] Action: 0
[Step 2816] Action: 2
[Step 2830] Action: 0
[Step 2844] Action: 3
[Step 2858] Action: 3
[Step 2868] Action: 2
[Step 2882] Action: 0
[Step 2896] Action: 2
[Step 2910] Action: 1
[Step 2924] Action: 2
[Step 2938] Action: 1
[Step 2952] Action: 0
[Step 2966] Action: 1
[Step 2980] Action: 0
[Step 2994] Action: 1
[Step 3008] Action: 2
[Step 3022] Action: 2
[Step 3032] Action: 0
[Step 3046] Action: 3
[Step 3060] Action: 0
[Step 3074] Action: 0
[Step 3084] Action: 0
[Step 3094] Action: 2
[Step 3108] Action: 1
[Step 3122] Action: 2
[Step 3136] Action: 1
[Step 3150] Action: 1
[Step 3160] Action: 1
[Step 3170] Action: 2
[Step 3184] Action: 1
[Step 3198] Action: 2
[Step 3212] Action: 1
[Step 3226] Action: 2
[Step 3240] Action: 0
[Step 3254] Action: 0
[Step 3264] Action: 0
[Step 3274] Action: 0
[Step 3284] Action: 0
[Step 3294] Action: 1
[Step 3308] Action: 0
[Step 3322] Action: 1
[Step 3336] Action: 2
[Step 3350] Action: 1
[Step 3364] Action: 1
[Step 3374] Action: 1
[Step 3384] Action: 0
[Step 3398] Action: 3
[Step 3412] Action: 2
[Step 3426] Action: 3
[Step 3440] Action: 1
[Step 3454] Action: 0
[Step 3468] Action: 0
[Step 3478] Action: 0
[Step 3488] Action: 0
[Step 3498] Action: 3
[Step 3512] Action: 1
[Step 3526] Action: 1
[Step 3536] Action: 2
[Step 3550] Action: 0
[Step 3564] Action: 1
[Step 3578] Action: 2
[Step 3592] Action: 1
[Step 3606] Action: 0
[Step 3620] Action: 0
[Step 3630] Action: 0
[Step 3640] Action: 3
[Step 3654] Action: 2
[Step 3668] Action: 2
[Step 3678] Action: 2
[Step 3688] Action: 2
[Step 3698] Action: 0
[Step 3712] Action: 3
[Step 3726] Action: 2
[Step 3740] Action: 0
[Step 3754] Action: 0
[Step 3764] Action: 0
[Step 3774] Action: 0
[Step 3784] Action: 0
[Step 3794] Action: 2
[Step 3808] Action: 2
[Step 3818] Action: 1
[Step 3832] Action: 3
[Step 3846] Action: 0
[Step 3860] Action: 3
[Step 3874] Action: 3
[Step 3884] Action: 3
[Step 3894] Action: 1
[Step 3908] Action: 0
[Step 3922] Action: 3
[Step 3936] Action: 2
[Step 3950] Action: 3
[Step 3964] Action: 3
[Step 3974] Action: 0
[Step 3988] Action: 1
[Step 4002] Action: 1
[Step 4012] Action: 0
[Step 4026] Action: 0
[Step 4036] Action: 3
[Step 4050] Action: 1
[Step 4064] Action: 2
[Step 4078] Action: 0
[Step 4092] Action: 2
[Step 4106] Action: 0
[Step 4120] Action: 3
[Step 4134] Action: 0
[Step 4148] Action: 0
[Step 4158] Action: 3
[Step 4172] Action: 0
[Step 4186] Action: 3
[Step 4200] Action: 1
[Step 4214] Action: 3
[Step 4228] Action: 2
[Step 4242] Action: 0
[Step 4256] Action: 2
[Step 4270] Action: 2
[Step 4280] Action: 1
[Step 4294] Action: 2
[Step 4308] Action: 0
[Step 4322] Action: 2
[Step 4336] Action: 3
[Step 4350] Action: 0
[Step 4364] Action: 2
[Step 4378] Action: 2
[Step 4388] Action: 0
[Step 4402] Action: 2
[Step 4416] Action: 2
[Step 4426] Action: 3
[Step 4440] Action: 3
[Step 4450] Action: 3
[Step 4460] Action: 0
[Step 4474] Action: 0
[Step 4484] Action: 3
[Step 4498] Action: 1
[Step 4512] Action: 0
[Step 4526] Action: 2
[Step 4540] Action: 2
[Step 4550] Action: 3
[Step 4564] Action: 1
[Step 4578] Action: 0
[Step 4592] Action: 2
[Step 4606] Action: 2
[Step 4616] Action: 3
[Step 4630] Action: 1
[Step 4644] Action: 1
[Step 4654] Action: 1
[Step 4664] Action: 2
[Step 4678] Action: 1
[Step 4692] Action: 3
[Step 4706] Action: 0
[Step 4720] Action: 3
[Step 4734] Action: 0
[Step 4748] Action: 0
[Step 4758] Action: 2
[Step 4772] Action: 2
[Step 4782] Action: 3
[Step 4796] Action: 1
[Step 4810] Action: 3
[Step 4824] Action: 3
[Step 4834] Action: 3
[Step 4844] Action: 0
[Step 4858] Action: 3
[Step 4872] Action: 1
[Step 4886] Action: 1
[Step 4896] Action: 0
[Step 4910] Action: 0
[Step 4920] Action: 2
[Step 4934] Action: 1
[Step 4948] Action: 3
[Step 4962] Action: 0
[Step 4976] Action: 0
[Step 4986] Action: 2
[Step 5000] Action: 0
[Step 5014] Action: 3
[Step 5028] Action: 3
[Step 5038] Action: 0
[Step 5052] Action: 2
[Step 5066] Action: 3
[Step 5080] Action: 0
[Step 5094] Action: 0
[Step 5104] Action: 1
[Step 5118] Action: 0
[Step 5132] Action: 2
[Step 5146] Action: 2
[Step 5156] Action: 2
[Step 5166] Action: 2
[Step 5176] Action: 1
[Step 5190] Action: 2
[Step 5204] Action: 0
[Step 5218] Action: 0
[Step 5228] Action: 1
[Step 5242] Action: 1
[Step 5252] Action: 0
[Step 5266] Action: 3
[Step 5280] Action: 0
[Step 5294] Action: 2
[Step 5308] Action: 0
[Step 5322] Action: 0
[Step 5332] Action: 0
[Step 5342] Action: 0
[Step 5352] Action: 3
[Step 5366] Action: 2
[Step 5380] Action: 1
[Step 5394] Action: 0
