[Step 0] Action: 1
[Step 10] Action: 1
[Step 20] Action: 0
[Step 34] Action: 3
[Step 48] Action: 0
[Step 62] Action: 2
[Step 76] Action: 2
[Step 86] Action: 2
[Step 96] Action: 0
[Step 110] Action: 2
[Step 124] Action: 0
[Step 138] Action: 3
[Step 152] Action: 2
[Step 166] Action: 2
[Step 176] Action: 3
[Step 190] Action: 2
[Step 204] Action: 2
[Step 214] Action: 2
[Step 224] Action: 2
[Step 234] Action: 2
[Step 244] Action: 3
[Step 258] Action: 0
[Step 272] Action: 0
[Step 282] Action: 3
[Step 296] Action: 0
[Step 310] Action: 0
[Step 320] Action: 2
[Step 334] Action: 3
[Step 348] Action: 0
[Step 362] Action: 0
[Step 372] Action: 3
[Step 386] Action: 0
[Step 400] Action: 3
[Step 414] Action: 2
[Step 428] Action: 0
[Step 442] Action: 2
[Step 456] Action: 0
[Step 470] Action: 1
[Step 484] Action: 3
[Step 498] Action: 1
[Step 512] Action: 0
[Step 526] Action: 1
[Step 540] Action: 2
[Step 554] Action: 0
[Step 568] Action: 0
[Step 578] Action: 3
[Step 592] Action: 2
[Step 606] Action: 2
[Step 616] Action: 1
[Step 630] Action: 1
[Step 640] Action: 3
[Step 654] Action: 2
[Step 668] Action: 0
[Step 682] Action: 2
[Step 696] Action: 0
[Step 710] Action: 0
[Step 720] Action: 2
[Step 734] Action: 2
[Step 744] Action: 0
[Step 758] Action: 2
[Step 772] Action: 2
[Step 782] Action: 1
[Step 796] Action: 0
[Step 810] Action: 3
[Step 824] Action: 1
[Step 838] Action: 2
[Step 852] Action: 0
[Step 866] Action: 3
[Step 880] Action: 2
[Step 894] Action: 1
[Step 908] Action: 2
[Step 922] Action: 3
[Step 936] Action: 2
[Step 950] Action: 2
[Step 960] Action: 2
[Step 970] Action: 1
[Step 984] Action: 2
[Step 998] Action: 2
[Step 1008] Action: 0
[Step 1022] Action: 2
[Step 1036] Action: 0
[Step 1050] Action: 2
[Step 1064] Action: 0
[Step 1078] Action: 1
[Step 1092] Action: 0
[Step 1106] Action: 1
[Step 1120] Action: 0
[Step 1134] Action: 2
[Step 1148] Action: 2
[Step 1158] Action: 2
[Step 1168] Action: 2
[Step 1178] Action: 1
[Step 1192] Action: 0
[Step 1206] Action: 0
[Step 1216] Action: 3
[Step 1230] Action: 1
[Step 1244] Action: 2
[Step 1258] Action: 0
[Step 1272] Action: 1
[Step 1286] Action: 0
[Step 1300] Action: 3
[Step 1314] Action: 3
[Step 1324] Action: 0
[Step 1338] Action: 3
[Step 1352] Action: 3
[Step 1362] Action: 0
[Step 1376] Action: 2
[Step 1390] Action: 3
[Step 1404] Action: 0
[Step 1418] Action: 2
[Step 1432] Action: 0
[Step 1446] Action: 3
[Step 1460] Action: 0
[Step 1474] Action: 2
[Step 1488] Action: 1
[Step 1502] Action: 0
[Step 1516] Action: 2
[Step 1530] Action: 1
[Step 1544] Action: 2
[Step 1558] Action: 3
[Step 1572] Action: 1
[Step 1586] Action: 3
[Step 1600] Action: 3
[Step 1610] Action: 3
[Step 1620] Action: 2
[Step 1634] Action: 1
[Step 1648] Action: 1
[Step 1658] Action: 2
[Step 1672] Action: 2
[Step 1682] Action: 2
[Step 1692] Action: 0
[Step 1706] Action: 2
[Step 1720] Action: 0
[Step 1734] Action: 2
[Step 1748] Action: 1
[Step 1762] Action: 3
[Step 1776] Action: 1
[Step 1790] Action: 0
[Step 1804] Action: 2
[Step 1818] Action: 2
[Step 1828] Action: 3
[Step 1842] Action: 0
[Step 1856] Action: 3
[Step 1870] Action: 2
[Step 1884] Action: 2
[Step 1894] Action: 2
[Step 1904] Action: 0
[Step 1918] Action: 0
[Step 1928] Action: 3
[Step 1942] Action: 1
[Step 1956] Action: 0
[Step 1970] Action: 3
[Step 1984] Action: 1
[Step 1998] Action: 2
[Step 2012] Action: 2
[Step 2022] Action: 3
[Step 2036] Action: 2
[Step 2050] Action: 2
[Step 2060] Action: 3
[Step 2074] Action: 2
[Step 2088] Action: 1
[Step 2102] Action: 2
[Step 2116] Action: 2
[Step 2126] Action: 2
[Step 2136] Action: 1
[Step 2150] Action: 1
[Step 2160] Action: 0
[Step 2174] Action: 3
[Step 2188] Action: 2
[Step 2202] Action: 1
[Step 2216] Action: 2
[Step 2230] Action: 1
[Step 2244] Action: 2
[Step 2258] Action: 1
[Step 2272] Action: 3
[Step 2286] Action: 0
[Step 2300] Action: 2
[Step 2314] Action: 0
[Step 2328] Action: 0
[Step 2338] Action: 2
[Step 2352] Action: 2
[Step 2362] Action: 3
[Step 2376] Action: 1
[Step 2390] Action: 0
[Step 2404] Action: 0
[Step 2414] Action: 3
[Step 2428] Action: 1
[Step 2442] Action: 3
[Step 2456] Action: 0
[Step 2470] Action: 1
[Step 2484] Action: 1
[Step 2494] Action: 0
[Step 2508] Action: 0
[Step 2518] Action: 1
[Step 2532] Action: 0
[Step 2546] Action: 2
[Step 2560] Action: 2
[Step 2570] Action: 0
[Step 2584] Action: 1
[Step 2598] Action: 2
[Step 2612] Action: 0
[Step 2626] Action: 0
[Step 2636] Action: 3
[Step 2650] Action: 3
[Step 2660] Action: 0
[Step 2674] Action: 1
[Step 2688] Action: 2
[Step 2702] Action: 2
[Step 2712] Action: 2
[Step 2722] Action: 0
[Step 2736] Action: 0
[Step 2746] Action: 1
[Step 2760] Action: 1
[Step 2770] Action: 0
[Step 2784] Action: 0
[Step 2794] Action: 2
[Step 2808] Action: 1
[Step 2822] Action: 0
[Step 2836] Action: 0
[Step 2846] Action: 0
[Step 2856] Action: 3
[Step 2870] Action: 2
[Step 2884] Action: 1
[Step 2898] Action: 3
[Step 2912] Action: 0
[Step 2926] Action: 2
[Step 2940] Action: 2
[Step 2950] Action: 2
[Step 2960] Action: 0
[Step 2974] Action: 0
[Step 2984] Action: 1
[Step 2998] Action: 3
[Step 3012] Action: 0
[Step 3026] Action: 1
[Step 3040] Action: 2
[Step 3054] Action: 0
[Step 3068] Action: 0
[Step 3078] Action: 0
[Step 3088] Action: 1
[Step 3102] Action: 3
[Step 3116] Action: 2
[Step 3130] Action: 2
[Step 3140] Action: 1
[Step 3154] Action: 2
[Step 3168] Action: 1
[Step 3182] Action: 1
[Step 3192] Action: 0
[Step 3206] Action: 2
[Step 3220] Action: 1
[Step 3234] Action: 1
[Step 3244] Action: 0
[Step 3258] Action: 1
[Step 3272] Action: 2
[Step 3286] Action: 2
[Step 3296] Action: 2
[Step 3306] Action: 0
[Step 3320] Action: 3
[Step 3334] Action: 3
[Step 3344] Action: 0
[Step 3358] Action: 3
[Step 3372] Action: 2
[Step 3386] Action: 1
[Step 3400] Action: 3
[Step 3414] Action: 1
[Step 3428] Action: 1
[Step 3438] Action: 0
[Step 3452] Action: 2
[Step 3466] Action: 2
[Step 3476] Action: 3
[Step 3490] Action: 1
[Step 3504] Action: 3
[Step 3518] Action: 1
[Step 3532] Action: 3
[Step 3546] Action: 2
[Step 3560] Action: 2
[Step 3570] Action: 3
[Step 3584] Action: 1
[Step 3598] Action: 3
[Step 3612] Action: 0
[Step 3626] Action: 2
[Step 3640] Action: 2
[Step 3650] Action: 2
[Step 3660] Action: 3
[Step 3674] Action: 2
[Step 3688] Action: 0
[Step 3702] Action: 1
[Step 3716] Action: 1
[Step 3726] Action: 1
[Step 3736] Action: 0
[Step 3750] Action: 3
[Step 3764] Action: 2
[Step 3778] Action: 2
[Step 3788] Action: 1
[Step 3802] Action: 2
[Step 3816] Action: 0
[Step 3830] Action: 2
[Step 3844] Action: 3
[Step 3858] Action: 0
[Step 3872] Action: 2
[Step 3886] Action: 2
[Step 3896] Action: 1
[Step 3910] Action: 1
[Step 3920] Action: 1
[Step 3930] Action: 1
[Step 3940] Action: 1
[Step 3950] Action: 0
[Step 3964] Action: 0
[Step 3974] Action: 0
[Step 3984] Action: 3
[Step 3998] Action: 0
[Step 4012] Action: 2
[Step 4026] Action: 3
[Step 4040] Action: 0
[Step 4054] Action: 2
[Step 4068] Action: 3
[Step 4082] Action: 3
[Step 4092] Action: 3
[Step 4102] Action: 3
[Step 4112] Action: 1
[Step 4126] Action: 2
[Step 4140] Action: 1
[Step 4154] Action: 0
[Step 4168] Action: 1
[Step 4182] Action: 2
[Step 4196] Action: 0
[Step 4210] Action: 2
[Step 4224] Action: 1
[Step 4238] Action: 2
[Step 4252] Action: 2
[Step 4262] Action: 0
[Step 4276] Action: 0
[Step 4286] Action: 3
[Step 4300] Action: 0
[Step 4314] Action: 3
[Step 4328] Action: 1
[Step 4342] Action: 2
[Step 4356] Action: 0
[Step 4370] Action: 2
[Step 4384] Action: 2
[Step 4394] Action: 2
[Step 4404] Action: 2
[Step 4414] Action: 2
[Step 4424] Action: 2
[Step 4434] Action: 0
[Step 4448] Action: 1
[Step 4462] Action: 3
[Step 4476] Action: 2
[Step 4490] Action: 2
[Step 4500] Action: 2
[Step 4510] Action: 3
[Step 4524] Action: 2
[Step 4538] Action: 3
[Step 4552] Action: 0
[Step 4566] Action: 2
[Step 4580] Action: 2
[Step 4590] Action: 0
[Step 4604] Action: 3
[Step 4618] Action: 3
[Step 4628] Action: 0
[Step 4642] Action: 2
[Step 4656] Action: 3
[Step 4670] Action: 0
[Step 4684] Action: 2
[Step 4698] Action: 0
[Step 4712] Action: 1
[Step 4726] Action: 0
[Step 4740] Action: 2
[Step 4754] Action: 0
[Step 4768] Action: 2
[Step 4782] Action: 3
[Step 4796] Action: 1
[Step 4810] Action: 3
[Step 4824] Action: 1
[Step 4838] Action: 2
[Step 4852] Action: 1
[Step 4866] Action: 2
[Step 4880] Action: 0
[Step 4894] Action: 3
[Step 4908] Action: 0
[Step 4922] Action: 3
[Step 4936] Action: 2
[Step 4950] Action: 0
[Step 4964] Action: 0
[Step 4974] Action: 0
[Step 4984] Action: 0
[Step 4994] Action: 1
[Step 5008] Action: 1
[Step 5018] Action: 1
[Step 5028] Action: 2
[Step 5042] Action: 3
[Step 5056] Action: 3
[Step 5066] Action: 1
[Step 5080] Action: 2
[Step 5094] Action: 2
[Step 5104] Action: 1
[Step 5118] Action: 0
[Step 5132] Action: 2
[Step 5146] Action: 1
[Step 5160] Action: 1
[Step 5170] Action: 0
[Step 5184] Action: 3
[Step 5198] Action: 1
[Step 5212] Action: 0
[Step 5226] Action: 3
[Step 5240] Action: 3
[Step 5250] Action: 2
[Step 5264] Action: 1
[Step 5278] Action: 2
[Step 5292] Action: 0
[Step 5306] Action: 0
[Step 5316] Action: 0
[Step 5326] Action: 2
[Step 5340] Action: 3
[Step 5354] Action: 1
[Step 5368] Action: 2
[Step 5382] Action: 1
[Step 5396] Action: 3
