[Step 0] Action: 1
[Step 10] Action: 0
[Step 24] Action: 1
[Step 38] Action: 1
[Step 48] Action: 2
[Step 62] Action: 1
[Step 76] Action: 2
[Step 90] Action: 0
[Step 104] Action: 1
[Step 118] Action: 3
[Step 132] Action: 3
[Step 142] Action: 1
[Step 156] Action: 3
[Step 170] Action: 1
[Step 184] Action: 1
[Step 194] Action: 2
[Step 208] Action: 3
[Step 222] Action: 1
[Step 236] Action: 2
[Step 250] Action: 1
[Step 264] Action: 2
[Step 278] Action: 1
[Step 292] Action: 1
[Step 302] Action: 1
[Step 312] Action: 1
[Step 322] Action: 2
[Step 336] Action: 0
[Step 350] Action: 0
[Step 360] Action: 2
[Step 374] Action: 2
[Step 384] Action: 1
[Step 398] Action: 1
[Step 408] Action: 1
[Step 418] Action: 0
[Step 432] Action: 1
[Step 446] Action: 1
[Step 456] Action: 1
[Step 466] Action: 1
[Step 476] Action: 1
[Step 486] Action: 2
[Step 500] Action: 2
[Step 510] Action: 1
[Step 524] Action: 1
[Step 534] Action: 1
[Step 544] Action: 1
[Step 554] Action: 1
[Step 564] Action: 1
[Step 574] Action: 1
[Step 584] Action: 1
[Step 594] Action: 1
[Step 604] Action: 1
[Step 614] Action: 1
[Step 624] Action: 2
[Step 638] Action: 1
[Step 652] Action: 1
[Step 662] Action: 1
[Step 672] Action: 0
[Step 686] Action: 1
[Step 700] Action: 1
[Step 710] Action: 1
[Step 720] Action: 1
[Step 730] Action: 1
[Step 740] Action: 1
[Step 750] Action: 1
[Step 760] Action: 1
[Step 770] Action: 1
[Step 780] Action: 1
[Step 790] Action: 1
[Step 800] Action: 1
[Step 810] Action: 1
[Step 820] Action: 1
[Step 830] Action: 1
[Step 840] Action: 1
[Step 850] Action: 1
[Step 860] Action: 1
[Step 870] Action: 1
[Step 880] Action: 2
[Step 894] Action: 1
[Step 908] Action: 1
[Step 918] Action: 1
[Step 928] Action: 1
[Step 938] Action: 1
[Step 948] Action: 1
[Step 958] Action: 1
[Step 968] Action: 1
[Step 978] Action: 1
[Step 988] Action: 1
[Step 998] Action: 1
[Step 1008] Action: 1
[Step 1018] Action: 1
[Step 1028] Action: 1
[Step 1038] Action: 1
[Step 1048] Action: 1
[Step 1058] Action: 1
[Step 1068] Action: 1
[Step 1078] Action: 1
[Step 1088] Action: 1
[Step 1098] Action: 1
[Step 1108] Action: 1
[Step 1118] Action: 1
[Step 1128] Action: 1
[Step 1138] Action: 1
[Step 1148] Action: 1
[Step 1158] Action: 1
[Step 1168] Action: 1
[Step 1178] Action: 1
[Step 1188] Action: 1
[Step 1198] Action: 1
[Step 1208] Action: 1
[Step 1218] Action: 1
[Step 1228] Action: 1
[Step 1238] Action: 1
[Step 1248] Action: 1
[Step 1258] Action: 1
[Step 1268] Action: 1
[Step 1278] Action: 1
[Step 1288] Action: 0
[Step 1302] Action: 1
[Step 1316] Action: 1
[Step 1326] Action: 1
[Step 1336] Action: 1
[Step 1346] Action: 1
[Step 1356] Action: 1
[Step 1366] Action: 1
[Step 1376] Action: 1
[Step 1386] Action: 1
[Step 1396] Action: 1
[Step 1406] Action: 1
[Step 1416] Action: 1
[Step 1426] Action: 1
[Step 1436] Action: 1
[Step 1446] Action: 1
[Step 1456] Action: 0
[Step 1470] Action: 1
[Step 1484] Action: 1
[Step 1494] Action: 1
[Step 1504] Action: 1
[Step 1514] Action: 1
[Step 1524] Action: 1
[Step 1534] Action: 1
[Step 1544] Action: 1
[Step 1554] Action: 1
[Step 1564] Action: 1
[Step 1574] Action: 1
[Step 1584] Action: 1
[Step 1594] Action: 1
[Step 1604] Action: 1
[Step 1614] Action: 1
[Step 1624] Action: 2
[Step 1638] Action: 1
[Step 1652] Action: 1
[Step 1662] Action: 2
[Step 1676] Action: 1
[Step 1690] Action: 1
[Step 1700] Action: 1
[Step 1710] Action: 0
[Step 1724] Action: 0
[Step 1734] Action: 1
[Step 1748] Action: 1
[Step 1758] Action: 1
[Step 1768] Action: 1
[Step 1778] Action: 1
[Step 1788] Action: 1
[Step 1798] Action: 2
[Step 1812] Action: 2
[Step 1822] Action: 1
[Step 1836] Action: 0
[Step 1850] Action: 1
[Step 1864] Action: 1
[Step 1874] Action: 1
[Step 1884] Action: 1
[Step 1894] Action: 1
[Step 1904] Action: 1
[Step 1914] Action: 0
[Step 1928] Action: 2
[Step 1942] Action: 1
[Step 1956] Action: 1
[Step 1966] Action: 1
[Step 1976] Action: 1
[Step 1986] Action: 1
[Step 1996] Action: 1
[Step 2006] Action: 1
[Step 2016] Action: 1
[Step 2026] Action: 1
[Step 2036] Action: 1
[Step 2046] Action: 1
[Step 2056] Action: 1
[Step 2066] Action: 1
[Step 2076] Action: 1
[Step 2086] Action: 0
[Step 2100] Action: 1
[Step 2114] Action: 0
[Step 2128] Action: 0
[Step 2138] Action: 2
[Step 2152] Action: 0
[Step 2166] Action: 1
[Step 2180] Action: 3
[Step 2194] Action: 1
[Step 2208] Action: 1
[Step 2218] Action: 0
[Step 2232] Action: 1
[Step 2246] Action: 1
[Step 2256] Action: 2
[Step 2270] Action: 0
[Step 2284] Action: 2
[Step 2298] Action: 0
[Step 2312] Action: 3
[Step 2326] Action: 1
[Step 2340] Action: 1
[Step 2350] Action: 2
[Step 2364] Action: 3
[Step 2378] Action: 0
[Step 2392] Action: 3
[Step 2406] Action: 3
[Step 2416] Action: 1
[Step 2430] Action: 2
[Step 2444] Action: 0
[Step 2458] Action: 0
[Step 2468] Action: 3
[Step 2482] Action: 3
[Step 2492] Action: 1
[Step 2506] Action: 1
[Step 2516] Action: 1
[Step 2526] Action: 1
[Step 2536] Action: 3
[Step 2550] Action: 1
[Step 2564] Action: 1
[Step 2574] Action: 3
[Step 2588] Action: 2
[Step 2602] Action: 1
[Step 2616] Action: 1
[Step 2626] Action: 2
[Step 2640] Action: 2
[Step 2650] Action: 2
[Step 2660] Action: 1
[Step 2674] Action: 1
[Step 2684] Action: 1
[Step 2694] Action: 1
[Step 2704] Action: 1
[Step 2714] Action: 2
[Step 2728] Action: 1
[Step 2742] Action: 3
[Step 2756] Action: 3
[Step 2766] Action: 0
[Step 2780] Action: 1
[Step 2794] Action: 2
[Step 2808] Action: 1
[Step 2822] Action: 1
[Step 2832] Action: 0
[Step 2846] Action: 3
[Step 2860] Action: 3
[Step 2870] Action: 0
[Step 2884] Action: 2
[Step 2898] Action: 3
[Step 2912] Action: 1
[Step 2926] Action: 2
[Step 2940] Action: 3
[Step 2954] Action: 2
[Step 2968] Action: 3
[Step 2982] Action: 0
[Step 2996] Action: 1
[Step 3010] Action: 1
[Step 3020] Action: 2
[Step 3034] Action: 3
[Step 3048] Action: 0
[Step 3062] Action: 1
[Step 3076] Action: 1
[Step 3086] Action: 0
[Step 3100] Action: 2
[Step 3114] Action: 0
[Step 3128] Action: 0
[Step 3138] Action: 2
[Step 3152] Action: 0
[Step 3166] Action: 2
[Step 3180] Action: 3
[Step 3194] Action: 3
[Step 3204] Action: 3
[Step 3214] Action: 3
[Step 3224] Action: 1
[Step 3238] Action: 2
[Step 3252] Action: 0
[Step 3266] Action: 3
[Step 3280] Action: 1
[Step 3294] Action: 1
[Step 3304] Action: 1
[Step 3314] Action: 1
[Step 3324] Action: 2
[Step 3338] Action: 2
[Step 3348] Action: 0
[Step 3362] Action: 0
[Step 3372] Action: 1
[Step 3386] Action: 1
[Step 3396] Action: 1
[Step 3406] Action: 1
[Step 3416] Action: 0
[Step 3430] Action: 1
[Step 3444] Action: 1
[Step 3454] Action: 3
[Step 3468] Action: 1
[Step 3482] Action: 0
[Step 3496] Action: 1
[Step 3510] Action: 2
[Step 3524] Action: 3
[Step 3538] Action: 0
[Step 3552] Action: 1
[Step 3566] Action: 3
[Step 3580] Action: 0
[Step 3594] Action: 2
[Step 3608] Action: 2
[Step 3618] Action: 1
[Step 3632] Action: 0
[Step 3646] Action: 2
[Step 3660] Action: 3
[Step 3674] Action: 0
[Step 3688] Action: 0
[Step 3698] Action: 3
[Step 3712] Action: 3
[Step 3722] Action: 3
[Step 3732] Action: 1
[Step 3746] Action: 1
[Step 3756] Action: 1
[Step 3766] Action: 3
[Step 3780] Action: 0
[Step 3794] Action: 2
[Step 3808] Action: 0
[Step 3822] Action: 3
[Step 3836] Action: 3
[Step 3846] Action: 0
[Step 3860] Action: 0
[Step 3870] Action: 2
[Step 3884] Action: 0
[Step 3898] Action: 2
[Step 3912] Action: 2
[Step 3922] Action: 3
[Step 3936] Action: 3
[Step 3946] Action: 1
[Step 3960] Action: 0
[Step 3974] Action: 0
[Step 3984] Action: 1
[Step 3998] Action: 0
[Step 4012] Action: 0
[Step 4022] Action: 3
[Step 4036] Action: 3
[Step 4046] Action: 1
[Step 4060] Action: 0
[Step 4074] Action: 2
[Step 4088] Action: 1
[Step 4102] Action: 0
[Step 4116] Action: 3
[Step 4130] Action: 0
[Step 4144] Action: 3
[Step 4158] Action: 2
[Step 4172] Action: 0
[Step 4186] Action: 1
[Step 4200] Action: 2
[Step 4214] Action: 2
[Step 4224] Action: 0
[Step 4238] Action: 3
[Step 4252] Action: 1
[Step 4266] Action: 3
[Step 4280] Action: 2
[Step 4294] Action: 1
[Step 4308] Action: 1
[Step 4318] Action: 1
[Step 4328] Action: 2
[Step 4342] Action: 0
[Step 4356] Action: 1
[Step 4370] Action: 0
[Step 4384] Action: 2
[Step 4398] Action: 0
[Step 4412] Action: 3
[Step 4426] Action: 3
[Step 4436] Action: 0
[Step 4450] Action: 0
[Step 4460] Action: 3
[Step 4474] Action: 0
[Step 4488] Action: 3
[Step 4502] Action: 1
[Step 4516] Action: 3
[Step 4530] Action: 0
[Step 4544] Action: 3
[Step 4558] Action: 1
[Step 4572] Action: 2
[Step 4586] Action: 3
[Step 4600] Action: 0
[Step 4614] Action: 0
[Step 4624] Action: 1
[Step 4638] Action: 0
[Step 4652] Action: 1
[Step 4666] Action: 0
[Step 4680] Action: 3
[Step 4694] Action: 0
[Step 4708] Action: 1
[Step 4722] Action: 0
[Step 4736] Action: 2
[Step 4750] Action: 3
[Step 4764] Action: 3
[Step 4774] Action: 1
[Step 4788] Action: 1
[Step 4798] Action: 0
[Step 4812] Action: 2
[Step 4826] Action: 1
[Step 4840] Action: 2
[Step 4854] Action: 3
[Step 4868] Action: 1
[Step 4882] Action: 0
[Step 4896] Action: 2
[Step 4910] Action: 0
[Step 4924] Action: 1
[Step 4938] Action: 0
[Step 4952] Action: 2
[Step 4966] Action: 3
[Step 4980] Action: 1
[Step 4994] Action: 2
[Step 5008] Action: 3
[Step 5022] Action: 0
[Step 5036] Action: 1
[Step 5050] Action: 3
[Step 5064] Action: 1
[Step 5078] Action: 0
[Step 5092] Action: 2
[Step 5106] Action: 1
[Step 5120] Action: 2
[Step 5134] Action: 2
[Step 5144] Action: 1
[Step 5158] Action: 1
[Step 5168] Action: 2
[Step 5182] Action: 1
[Step 5196] Action: 0
[Step 5210] Action: 2
[Step 5224] Action: 0
[Step 5238] Action: 2
[Step 5252] Action: 1
[Step 5266] Action: 0
[Step 5280] Action: 3
[Step 5294] Action: 2
[Step 5308] Action: 1
[Step 5322] Action: 3
[Step 5336] Action: 0
[Step 5350] Action: 3
[Step 5364] Action: 0
[Step 5378] Action: 2
[Step 5392] Action: 0
