[Step 0] Action: 3
[Step 40] Action: 2
[Step 84] Action: 1
[Step 128] Action: 0
[Step 172] Action: 1
[Step 216] Action: 1
[Step 256] Action: 0
[Step 300] Action: 1
[Step 344] Action: 1
[Step 384] Action: 1
[Step 424] Action: 1
[Step 464] Action: 1
[Step 504] Action: 1
[Step 544] Action: 0
[Step 588] Action: 1
[Step 632] Action: 1
[Step 672] Action: 1
[Step 712] Action: 1
[Step 752] Action: 1
[Step 792] Action: 1
[Step 832] Action: 1
[Step 872] Action: 1
[Step 912] Action: 1
[Step 952] Action: 1
[Step 992] Action: 1
[Step 1032] Action: 1
[Step 1072] Action: 1
[Step 1112] Action: 1
[Step 1152] Action: 1
[Step 1192] Action: 1
[Step 1232] Action: 1
[Step 1272] Action: 1
[Step 1312] Action: 1
[Step 1352] Action: 1
[Step 1392] Action: 1
[Step 1432] Action: 1
[Step 1472] Action: 0
[Step 1516] Action: 1
[Step 1560] Action: 1
[Step 1600] Action: 1
[Step 1640] Action: 1
[Step 1680] Action: 2
[Step 1724] Action: 1
[Step 1768] Action: 1
[Step 1808] Action: 1
[Step 1848] Action: 2
[Step 1892] Action: 1
[Step 1936] Action: 1
[Step 1976] Action: 2
[Step 2020] Action: 1
[Step 2064] Action: 2
[Step 2108] Action: 3
[Step 2152] Action: 3
[Step 2192] Action: 1
[Step 2236] Action: 1
[Step 2276] Action: 1
[Step 2316] Action: 0
[Step 2360] Action: 1
[Step 2404] Action: 1
[Step 2444] Action: 3
[Step 2488] Action: 2
[Step 2532] Action: 0
[Step 2576] Action: 0
[Step 2616] Action: 1
[Step 2660] Action: 1
[Step 2700] Action: 1
[Step 2740] Action: 2
[Step 2784] Action: 3
[Step 2828] Action: 0
[Step 2872] Action: 0
[Step 2912] Action: 3
[Step 2956] Action: 0
[Step 3000] Action: 1
[Step 3044] Action: 1
[Step 3084] Action: 2
[Step 3128] Action: 1
[Step 3172] Action: 2
[Step 3216] Action: 1
[Step 3260] Action: 0
[Step 3304] Action: 2
[Step 3348] Action: 3
[Step 3392] Action: 0
[Step 3436] Action: 2
[Step 3480] Action: 0
[Step 3524] Action: 3
[Step 3568] Action: 3
[Step 3608] Action: 1
[Step 3652] Action: 3
[Step 3696] Action: 1
[Step 3740] Action: 1
[Step 3780] Action: 1
[Step 3820] Action: 1
[Step 3860] Action: 1
[Step 3900] Action: 0
[Step 3944] Action: 2
[Step 3988] Action: 1
[Step 4032] Action: 3
[Step 4076] Action: 0
[Step 4120] Action: 2
[Step 4164] Action: 2
[Step 4204] Action: 0
[Step 4248] Action: 2
[Step 4292] Action: 2
[Step 4332] Action: 1
[Step 4376] Action: 1
[Step 4416] Action: 0
[Step 4460] Action: 1
[Step 4504] Action: 2
[Step 4548] Action: 1
[Step 4592] Action: 2
[Step 4636] Action: 0
[Step 4680] Action: 3
[Step 4724] Action: 3
[Step 4764] Action: 1
[Step 4808] Action: 0
[Step 4852] Action: 2
[Step 4896] Action: 2
[Step 4936] Action: 3
[Step 4980] Action: 2
[Step 5024] Action: 3
[Step 5068] Action: 1
[Step 5112] Action: 0
[Step 5156] Action: 1
[Step 5200] Action: 0
[Step 5244] Action: 1
[Step 5288] Action: 0
[Step 5332] Action: 1
[Step 5376] Action: 3
