[Step 0] Action: 2
[Step 10] Action: 0
[Step 24] Action: 1
[Step 38] Action: 1
[Step 48] Action: 1
[Step 58] Action: 0
[Step 72] Action: 0
[Step 82] Action: 1
[Step 96] Action: 2
[Step 110] Action: 3
[Step 124] Action: 1
[Step 138] Action: 1
[Step 148] Action: 1
[Step 158] Action: 1
[Step 168] Action: 1
[Step 178] Action: 1
[Step 188] Action: 1
[Step 198] Action: 2
[Step 212] Action: 1
[Step 226] Action: 2
[Step 240] Action: 3
[Step 254] Action: 1
[Step 268] Action: 2
[Step 282] Action: 2
[Step 292] Action: 2
[Step 302] Action: 1
[Step 316] Action: 3
[Step 330] Action: 3
[Step 340] Action: 0
[Step 354] Action: 1
[Step 368] Action: 3
[Step 382] Action: 1
[Step 396] Action: 1
[Step 406] Action: 0
[Step 420] Action: 3
[Step 434] Action: 2
[Step 448] Action: 2
[Step 458] Action: 2
[Step 468] Action: 1
[Step 482] Action: 1
[Step 492] Action: 1
[Step 502] Action: 1
[Step 512] Action: 2
[Step 526] Action: 1
[Step 540] Action: 1
[Step 550] Action: 1
[Step 560] Action: 2
[Step 574] Action: 0
[Step 588] Action: 0
[Step 598] Action: 0
[Step 608] Action: 1
[Step 622] Action: 3
[Step 636] Action: 2
[Step 650] Action: 1
[Step 664] Action: 0
[Step 678] Action: 0
[Step 688] Action: 2
[Step 702] Action: 2
[Step 712] Action: 2
[Step 722] Action: 2
[Step 732] Action: 2
[Step 742] Action: 2
[Step 752] Action: 1
[Step 766] Action: 2
[Step 780] Action: 2
[Step 790] Action: 0
[Step 804] Action: 1
[Step 818] Action: 1
[Step 828] Action: 0
[Step 842] Action: 1
[Step 856] Action: 1
[Step 866] Action: 2
[Step 880] Action: 1
[Step 894] Action: 2
[Step 908] Action: 1
[Step 922] Action: 2
[Step 936] Action: 1
[Step 950] Action: 2
[Step 964] Action: 2
[Step 974] Action: 2
[Step 984] Action: 2
[Step 994] Action: 2
[Step 1004] Action: 1
[Step 1018] Action: 1
[Step 1028] Action: 2
[Step 1042] Action: 1
[Step 1056] Action: 2
[Step 1070] Action: 1
[Step 1084] Action: 2
[Step 1098] Action: 2
[Step 1108] Action: 2
[Step 1118] Action: 2
[Step 1128] Action: 2
[Step 1138] Action: 1
[Step 1152] Action: 2
[Step 1166] Action: 1
[Step 1180] Action: 1
[Step 1190] Action: 2
[Step 1204] Action: 2
[Step 1214] Action: 0
[Step 1228] Action: 0
[Step 1238] Action: 1
[Step 1252] Action: 2
[Step 1266] Action: 1
[Step 1280] Action: 1
[Step 1290] Action: 2
[Step 1304] Action: 2
[Step 1314] Action: 2
[Step 1324] Action: 2
[Step 1334] Action: 1
[Step 1348] Action: 2
[Step 1362] Action: 2
[Step 1372] Action: 1
[Step 1386] Action: 2
[Step 1400] Action: 1
[Step 1414] Action: 2
[Step 1428] Action: 1
[Step 1442] Action: 2
[Step 1456] Action: 2
[Step 1466] Action: 2
[Step 1476] Action: 2
[Step 1486] Action: 1
[Step 1500] Action: 1
[Step 1510] Action: 1
[Step 1520] Action: 0
[Step 1534] Action: 1
[Step 1548] Action: 2
[Step 1562] Action: 1
[Step 1576] Action: 2
[Step 1590] Action: 1
[Step 1604] Action: 1
[Step 1614] Action: 1
[Step 1624] Action: 2
[Step 1638] Action: 2
[Step 1648] Action: 1
[Step 1662] Action: 1
[Step 1672] Action: 1
[Step 1682] Action: 1
[Step 1692] Action: 2
[Step 1706] Action: 2
[Step 1716] Action: 1
[Step 1730] Action: 1
[Step 1740] Action: 2
[Step 1754] Action: 2
[Step 1764] Action: 2
[Step 1774] Action: 1
[Step 1788] Action: 1
[Step 1798] Action: 1
[Step 1808] Action: 1
[Step 1818] Action: 2
[Step 1832] Action: 1
[Step 1846] Action: 1
[Step 1856] Action: 2
[Step 1870] Action: 2
[Step 1880] Action: 2
[Step 1890] Action: 2
[Step 1900] Action: 3
[Step 1914] Action: 1
[Step 1928] Action: 2
[Step 1942] Action: 2
[Step 1952] Action: 3
[Step 1966] Action: 1
[Step 1980] Action: 2
[Step 1994] Action: 0
[Step 2008] Action: 0
[Step 2018] Action: 0
[Step 2028] Action: 1
[Step 2042] Action: 1
[Step 2052] Action: 1
[Step 2062] Action: 1
[Step 2072] Action: 2
[Step 2086] Action: 2
[Step 2096] Action: 3
[Step 2110] Action: 1
[Step 2124] Action: 1
[Step 2134] Action: 0
[Step 2148] Action: 0
[Step 2158] Action: 2
[Step 2172] Action: 3
[Step 2186] Action: 1
[Step 2200] Action: 1
[Step 2210] Action: 2
[Step 2224] Action: 2
[Step 2234] Action: 2
[Step 2244] Action: 1
[Step 2258] Action: 2
[Step 2272] Action: 1
[Step 2286] Action: 1
[Step 2296] Action: 2
[Step 2310] Action: 3
[Step 2324] Action: 0
[Step 2338] Action: 1
[Step 2352] Action: 0
[Step 2366] Action: 2
[Step 2380] Action: 0
[Step 2394] Action: 0
[Step 2404] Action: 0
[Step 2414] Action: 1
[Step 2428] Action: 2
[Step 2442] Action: 2
[Step 2452] Action: 1
[Step 2466] Action: 1
[Step 2476] Action: 1
[Step 2486] Action: 2
[Step 2500] Action: 2
[Step 2510] Action: 1
[Step 2524] Action: 1
[Step 2534] Action: 2
[Step 2548] Action: 1
[Step 2562] Action: 2
[Step 2576] Action: 2
[Step 2586] Action: 0
[Step 2600] Action: 3
[Step 2614] Action: 1
[Step 2628] Action: 1
[Step 2638] Action: 2
[Step 2652] Action: 2
[Step 2662] Action: 2
[Step 2672] Action: 1
[Step 2686] Action: 1
[Step 2696] Action: 0
[Step 2710] Action: 2
[Step 2724] Action: 0
[Step 2738] Action: 1
[Step 2752] Action: 0
[Step 2766] Action: 3
[Step 2780] Action: 2
[Step 2794] Action: 2
[Step 2804] Action: 1
[Step 2818] Action: 1
[Step 2828] Action: 0
[Step 2842] Action: 1
[Step 2856] Action: 1
[Step 2866] Action: 2
[Step 2880] Action: 2
[Step 2890] Action: 1
[Step 2904] Action: 3
[Step 2918] Action: 1
[Step 2932] Action: 2
[Step 2946] Action: 0
[Step 2960] Action: 3
[Step 2974] Action: 1
[Step 2988] Action: 1
[Step 2998] Action: 2
[Step 3012] Action: 2
[Step 3022] Action: 0
[Step 3036] Action: 0
[Step 3046] Action: 2
[Step 3060] Action: 0
[Step 3074] Action: 3
[Step 3088] Action: 1
[Step 3102] Action: 1
[Step 3112] Action: 1
[Step 3122] Action: 1
[Step 3132] Action: 3
[Step 3146] Action: 1
[Step 3160] Action: 1
[Step 3170] Action: 1
[Step 3180] Action: 0
[Step 3194] Action: 2
[Step 3208] Action: 1
[Step 3222] Action: 3
[Step 3236] Action: 2
[Step 3250] Action: 0
[Step 3264] Action: 0
[Step 3274] Action: 1
[Step 3288] Action: 1
[Step 3298] Action: 0
[Step 3312] Action: 3
[Step 3326] Action: 2
[Step 3340] Action: 1
[Step 3354] Action: 1
[Step 3364] Action: 0
[Step 3378] Action: 2
[Step 3392] Action: 2
[Step 3402] Action: 1
[Step 3416] Action: 2
[Step 3430] Action: 3
[Step 3444] Action: 1
[Step 3458] Action: 3
[Step 3472] Action: 1
[Step 3486] Action: 1
[Step 3496] Action: 1
[Step 3506] Action: 2
[Step 3520] Action: 0
[Step 3534] Action: 1
[Step 3548] Action: 2
[Step 3562] Action: 2
[Step 3572] Action: 1
[Step 3586] Action: 3
[Step 3600] Action: 2
[Step 3614] Action: 3
[Step 3628] Action: 2
[Step 3642] Action: 1
[Step 3656] Action: 2
[Step 3670] Action: 0
[Step 3684] Action: 3
[Step 3698] Action: 0
[Step 3712] Action: 3
[Step 3726] Action: 3
[Step 3736] Action: 0
[Step 3750] Action: 0
[Step 3760] Action: 2
[Step 3774] Action: 0
[Step 3788] Action: 2
[Step 3802] Action: 1
[Step 3816] Action: 0
[Step 3830] Action: 1
[Step 3844] Action: 0
[Step 3858] Action: 2
[Step 3872] Action: 0
[Step 3886] Action: 1
[Step 3900] Action: 0
[Step 3914] Action: 1
[Step 3928] Action: 0
[Step 3942] Action: 1
[Step 3956] Action: 1
[Step 3966] Action: 1
[Step 3976] Action: 0
[Step 3990] Action: 2
[Step 4004] Action: 0
[Step 4018] Action: 3
[Step 4032] Action: 1
[Step 4046] Action: 0
[Step 4060] Action: 2
[Step 4074] Action: 3
[Step 4088] Action: 2
[Step 4102] Action: 2
[Step 4112] Action: 2
[Step 4122] Action: 3
[Step 4136] Action: 3
[Step 4146] Action: 2
[Step 4160] Action: 0
[Step 4174] Action: 3
[Step 4188] Action: 3
[Step 4198] Action: 3
[Step 4208] Action: 3
[Step 4218] Action: 1
[Step 4232] Action: 3
[Step 4246] Action: 2
[Step 4260] Action: 3
[Step 4274] Action: 2
[Step 4288] Action: 2
[Step 4298] Action: 0
[Step 4312] Action: 0
[Step 4322] Action: 1
[Step 4336] Action: 3
[Step 4350] Action: 2
[Step 4364] Action: 0
[Step 4378] Action: 3
[Step 4392] Action: 3
[Step 4402] Action: 0
[Step 4416] Action: 2
[Step 4430] Action: 3
[Step 4444] Action: 1
[Step 4458] Action: 0
[Step 4472] Action: 0
[Step 4482] Action: 3
[Step 4496] Action: 3
[Step 4506] Action: 2
[Step 4520] Action: 2
[Step 4530] Action: 2
[Step 4540] Action: 3
[Step 4554] Action: 3
[Step 4564] Action: 0
[Step 4578] Action: 0
[Step 4588] Action: 3
[Step 4602] Action: 1
[Step 4616] Action: 3
[Step 4630] Action: 1
[Step 4644] Action: 2
[Step 4658] Action: 3
[Step 4672] Action: 0
[Step 4686] Action: 1
[Step 4700] Action: 3
[Step 4714] Action: 0
[Step 4728] Action: 2
[Step 4742] Action: 2
[Step 4752] Action: 0
[Step 4766] Action: 3
[Step 4780] Action: 3
[Step 4790] Action: 2
[Step 4804] Action: 2
[Step 4814] Action: 0
[Step 4828] Action: 1
[Step 4842] Action: 3
[Step 4856] Action: 0
[Step 4870] Action: 3
[Step 4884] Action: 3
[Step 4894] Action: 3
[Step 4904] Action: 3
[Step 4914] Action: 1
[Step 4928] Action: 3
[Step 4942] Action: 1
[Step 4956] Action: 2
[Step 4970] Action: 3
[Step 4984] Action: 0
[Step 4998] Action: 1
[Step 5012] Action: 1
[Step 5022] Action: 2
[Step 5036] Action: 2
[Step 5046] Action: 2
[Step 5056] Action: 0
[Step 5070] Action: 0
[Step 5080] Action: 3
[Step 5094] Action: 1
[Step 5108] Action: 1
[Step 5118] Action: 0
[Step 5132] Action: 2
[Step 5146] Action: 0
[Step 5160] Action: 1
[Step 5174] Action: 0
[Step 5188] Action: 2
[Step 5202] Action: 3
[Step 5216] Action: 1
[Step 5230] Action: 3
[Step 5244] Action: 1
[Step 5258] Action: 0
[Step 5272] Action: 1
[Step 5286] Action: 2
[Step 5300] Action: 0
[Step 5314] Action: 1
[Step 5328] Action: 1
[Step 5338] Action: 3
[Step 5352] Action: 2
[Step 5366] Action: 2
[Step 5376] Action: 0
[Step 5390] Action: 0
