[Step 0] Action: 2
[Step 40] Action: 2
[Step 80] Action: 1
[Step 124] Action: 0
[Step 168] Action: 2
[Step 212] Action: 2
[Step 252] Action: 1
[Step 296] Action: 1
[Step 336] Action: 1
[Step 376] Action: 1
[Step 416] Action: 2
[Step 460] Action: 1
[Step 504] Action: 1
[Step 544] Action: 1
[Step 584] Action: 1
[Step 624] Action: 1
[Step 664] Action: 1
[Step 704] Action: 1
[Step 744] Action: 1
[Step 784] Action: 1
[Step 824] Action: 1
[Step 864] Action: 1
[Step 904] Action: 3
[Step 948] Action: 1
[Step 992] Action: 3
[Step 1036] Action: 2
[Step 1080] Action: 1
[Step 1124] Action: 1
[Step 1164] Action: 1
[Step 1204] Action: 1
[Step 1244] Action: 1
[Step 1284] Action: 1
[Step 1324] Action: 1
[Step 1364] Action: 1
[Step 1404] Action: 3
[Step 1448] Action: 1
[Step 1492] Action: 1
[Step 1532] Action: 2
[Step 1576] Action: 1
[Step 1620] Action: 1
[Step 1660] Action: 1
[Step 1700] Action: 2
[Step 1744] Action: 1
[Step 1788] Action: 1
[Step 1828] Action: 1
[Step 1868] Action: 1
[Step 1908] Action: 1
[Step 1948] Action: 1
[Step 1988] Action: 1
[Step 2028] Action: 0
[Step 2072] Action: 1
[Step 2116] Action: 1
[Step 2156] Action: 1
[Step 2196] Action: 1
[Step 2236] Action: 1
[Step 2276] Action: 1
[Step 2316] Action: 1
[Step 2356] Action: 0
[Step 2400] Action: 1
[Step 2444] Action: 1
[Step 2484] Action: 1
[Step 2524] Action: 1
[Step 2564] Action: 1
[Step 2604] Action: 1
[Step 2644] Action: 1
[Step 2684] Action: 1
[Step 2724] Action: 0
[Step 2768] Action: 1
[Step 2812] Action: 1
[Step 2852] Action: 1
[Step 2892] Action: 1
[Step 2932] Action: 0
[Step 2976] Action: 3
[Step 3020] Action: 1
[Step 3064] Action: 3
[Step 3108] Action: 2
[Step 3152] Action: 3
[Step 3196] Action: 1
[Step 3240] Action: 3
[Step 3284] Action: 2
[Step 3328] Action: 1
[Step 3372] Action: 3
[Step 3416] Action: 3
[Step 3456] Action: 1
[Step 3500] Action: 3
[Step 3544] Action: 2
[Step 3588] Action: 0
[Step 3632] Action: 2
[Step 3676] Action: 0
[Step 3720] Action: 2
[Step 3764] Action: 2
[Step 3804] Action: 1
[Step 3848] Action: 1
[Step 3888] Action: 2
[Step 3932] Action: 3
[Step 3976] Action: 1
[Step 4020] Action: 3
[Step 4064] Action: 1
[Step 4108] Action: 0
[Step 4152] Action: 3
[Step 4196] Action: 1
[Step 4240] Action: 1
[Step 4280] Action: 1
[Step 4320] Action: 1
[Step 4360] Action: 1
[Step 4400] Action: 1
[Step 4440] Action: 3
[Step 4484] Action: 2
[Step 4528] Action: 3
[Step 4572] Action: 1
[Step 4616] Action: 0
[Step 4660] Action: 1
[Step 4704] Action: 0
[Step 4748] Action: 2
[Step 4792] Action: 3
[Step 4836] Action: 1
[Step 4880] Action: 3
[Step 4924] Action: 1
[Step 4968] Action: 0
[Step 5012] Action: 0
[Step 5052] Action: 3
[Step 5096] Action: 1
[Step 5140] Action: 1
[Step 5180] Action: 2
[Step 5224] Action: 0
[Step 5268] Action: 2
[Step 5312] Action: 2
[Step 5352] Action: 0
[Step 5396] Action: 3
