[Step 0] Action: 3
[Step 10] Action: 0
[Step 24] Action: 0
[Step 34] Action: 2
[Step 48] Action: 1
[Step 62] Action: 2
[Step 76] Action: 2
[Step 86] Action: 3
[Step 100] Action: 1
[Step 114] Action: 1
[Step 124] Action: 0
[Step 138] Action: 2
[Step 152] Action: 2
[Step 162] Action: 1
[Step 176] Action: 0
[Step 190] Action: 2
[Step 204] Action: 1
[Step 218] Action: 0
[Step 232] Action: 1
[Step 246] Action: 3
[Step 260] Action: 1
[Step 274] Action: 1
[Step 284] Action: 1
[Step 294] Action: 3
[Step 308] Action: 3
[Step 318] Action: 3
[Step 328] Action: 2
[Step 342] Action: 3
[Step 356] Action: 0
[Step 370] Action: 3
[Step 384] Action: 2
[Step 398] Action: 3
[Step 412] Action: 1
[Step 426] Action: 3
[Step 440] Action: 3
[Step 450] Action: 3
[Step 460] Action: 2
[Step 474] Action: 2
[Step 484] Action: 0
[Step 498] Action: 1
[Step 512] Action: 3
[Step 526] Action: 3
[Step 536] Action: 2
[Step 550] Action: 2
[Step 560] Action: 0
[Step 574] Action: 2
[Step 588] Action: 2
[Step 598] Action: 2
[Step 608] Action: 2
[Step 618] Action: 1
[Step 632] Action: 3
[Step 646] Action: 1
[Step 660] Action: 0
[Step 674] Action: 1
[Step 688] Action: 2
[Step 702] Action: 2
[Step 712] Action: 1
[Step 726] Action: 2
[Step 740] Action: 3
[Step 754] Action: 3
[Step 764] Action: 0
[Step 778] Action: 1
[Step 792] Action: 2
[Step 806] Action: 2
[Step 816] Action: 3
[Step 830] Action: 1
[Step 844] Action: 1
[Step 854] Action: 0
[Step 868] Action: 2
[Step 882] Action: 2
[Step 892] Action: 3
[Step 906] Action: 2
[Step 920] Action: 3
[Step 934] Action: 2
[Step 948] Action: 3
[Step 962] Action: 2
[Step 976] Action: 2
[Step 986] Action: 2
[Step 996] Action: 2
[Step 1006] Action: 0
[Step 1020] Action: 0
[Step 1030] Action: 1
[Step 1044] Action: 3
[Step 1058] Action: 0
[Step 1072] Action: 3
[Step 1086] Action: 1
[Step 1100] Action: 3
[Step 1114] Action: 1
[Step 1128] Action: 1
[Step 1138] Action: 3
[Step 1152] Action: 2
[Step 1166] Action: 2
[Step 1176] Action: 2
[Step 1186] Action: 2
[Step 1196] Action: 2
[Step 1206] Action: 1
[Step 1220] Action: 1
[Step 1230] Action: 1
[Step 1240] Action: 2
[Step 1254] Action: 2
[Step 1264] Action: 2
[Step 1274] Action: 2
[Step 1284] Action: 1
[Step 1298] Action: 1
[Step 1308] Action: 0
[Step 1322] Action: 1
[Step 1336] Action: 1
[Step 1346] Action: 1
[Step 1356] Action: 1
[Step 1366] Action: 1
[Step 1376] Action: 1
[Step 1386] Action: 0
[Step 1400] Action: 1
[Step 1414] Action: 0
[Step 1428] Action: 2
[Step 1442] Action: 2
[Step 1452] Action: 0
[Step 1466] Action: 3
[Step 1480] Action: 1
[Step 1494] Action: 0
[Step 1508] Action: 0
[Step 1518] Action: 3
[Step 1532] Action: 3
[Step 1542] Action: 0
[Step 1556] Action: 2
[Step 1570] Action: 2
[Step 1580] Action: 0
[Step 1594] Action: 2
[Step 1608] Action: 3
[Step 1622] Action: 2
[Step 1636] Action: 1
[Step 1650] Action: 1
[Step 1660] Action: 3
[Step 1674] Action: 1
[Step 1688] Action: 1
[Step 1698] Action: 1
[Step 1708] Action: 0
[Step 1722] Action: 1
[Step 1736] Action: 1
[Step 1746] Action: 0
[Step 1760] Action: 2
[Step 1774] Action: 2
[Step 1784] Action: 0
[Step 1798] Action: 3
[Step 1812] Action: 1
[Step 1826] Action: 0
[Step 1840] Action: 1
[Step 1854] Action: 2
[Step 1868] Action: 1
[Step 1882] Action: 2
[Step 1896] Action: 3
[Step 1910] Action: 0
[Step 1924] Action: 3
[Step 1938] Action: 1
[Step 1952] Action: 0
[Step 1966] Action: 3
[Step 1980] Action: 0
[Step 1994] Action: 2
[Step 2008] Action: 1
[Step 2022] Action: 2
[Step 2036] Action: 1
[Step 2050] Action: 3
[Step 2064] Action: 1
[Step 2078] Action: 1
[Step 2088] Action: 1
[Step 2098] Action: 1
[Step 2108] Action: 2
[Step 2122] Action: 0
[Step 2136] Action: 1
[Step 2150] Action: 1
[Step 2160] Action: 1
[Step 2170] Action: 3
[Step 2184] Action: 2
[Step 2198] Action: 0
[Step 2212] Action: 0
[Step 2222] Action: 1
[Step 2236] Action: 3
[Step 2250] Action: 0
[Step 2264] Action: 0
[Step 2274] Action: 1
[Step 2288] Action: 2
[Step 2302] Action: 1
[Step 2316] Action: 1
[Step 2326] Action: 2
[Step 2340] Action: 2
[Step 2350] Action: 3
[Step 2364] Action: 2
[Step 2378] Action: 2
[Step 2388] Action: 2
[Step 2398] Action: 2
[Step 2408] Action: 2
[Step 2418] Action: 3
[Step 2432] Action: 0
[Step 2446] Action: 0
[Step 2456] Action: 0
[Step 2466] Action: 0
[Step 2476] Action: 1
[Step 2490] Action: 2
[Step 2504] Action: 2
[Step 2514] Action: 0
[Step 2528] Action: 0
[Step 2538] Action: 0
[Step 2548] Action: 3
[Step 2562] Action: 2
[Step 2576] Action: 2
[Step 2586] Action: 0
[Step 2600] Action: 0
[Step 2610] Action: 2
[Step 2624] Action: 2
[Step 2634] Action: 3
[Step 2648] Action: 0
[Step 2662] Action: 3
[Step 2676] Action: 1
[Step 2690] Action: 2
[Step 2704] Action: 3
[Step 2718] Action: 3
[Step 2728] Action: 0
[Step 2742] Action: 1
[Step 2756] Action: 2
[Step 2770] Action: 1
[Step 2784] Action: 1
[Step 2794] Action: 0
[Step 2808] Action: 3
[Step 2822] Action: 0
[Step 2836] Action: 0
[Step 2846] Action: 3
[Step 2860] Action: 2
[Step 2874] Action: 1
[Step 2888] Action: 3
[Step 2902] Action: 1
[Step 2916] Action: 3
[Step 2930] Action: 3
[Step 2940] Action: 2
[Step 2954] Action: 1
[Step 2968] Action: 1
[Step 2978] Action: 1
[Step 2988] Action: 1
[Step 2998] Action: 3
[Step 3012] Action: 0
[Step 3026] Action: 3
[Step 3040] Action: 2
[Step 3054] Action: 1
[Step 3068] Action: 0
[Step 3082] Action: 2
[Step 3096] Action: 2
[Step 3106] Action: 1
[Step 3120] Action: 1
[Step 3130] Action: 0
[Step 3144] Action: 2
[Step 3158] Action: 3
[Step 3172] Action: 1
[Step 3186] Action: 1
[Step 3196] Action: 0
[Step 3210] Action: 1
[Step 3224] Action: 1
[Step 3234] Action: 0
[Step 3248] Action: 1
[Step 3262] Action: 2
[Step 3276] Action: 2
[Step 3286] Action: 2
[Step 3296] Action: 2
[Step 3306] Action: 3
[Step 3320] Action: 3
[Step 3330] Action: 3
[Step 3340] Action: 2
[Step 3354] Action: 2
[Step 3364] Action: 0
[Step 3378] Action: 2
[Step 3392] Action: 0
[Step 3406] Action: 2
[Step 3420] Action: 0
[Step 3434] Action: 0
[Step 3444] Action: 1
[Step 3458] Action: 2
[Step 3472] Action: 1
[Step 3486] Action: 2
[Step 3500] Action: 0
[Step 3514] Action: 2
[Step 3528] Action: 1
[Step 3542] Action: 1
[Step 3552] Action: 2
[Step 3566] Action: 0
[Step 3580] Action: 1
[Step 3594] Action: 0
[Step 3608] Action: 1
[Step 3622] Action: 1
[Step 3632] Action: 1
[Step 3642] Action: 2
[Step 3656] Action: 1
[Step 3670] Action: 1
[Step 3680] Action: 2
[Step 3694] Action: 3
[Step 3708] Action: 3
[Step 3718] Action: 1
[Step 3732] Action: 3
[Step 3746] Action: 1
[Step 3760] Action: 0
[Step 3774] Action: 2
[Step 3788] Action: 1
[Step 3802] Action: 2
[Step 3816] Action: 2
[Step 3826] Action: 1
[Step 3840] Action: 0
[Step 3854] Action: 2
[Step 3868] Action: 1
[Step 3882] Action: 1
[Step 3892] Action: 1
[Step 3902] Action: 2
[Step 3916] Action: 0
[Step 3930] Action: 3
[Step 3944] Action: 1
[Step 3958] Action: 1
[Step 3968] Action: 1
[Step 3978] Action: 3
[Step 3992] Action: 3
[Step 4002] Action: 0
[Step 4016] Action: 0
[Step 4026] Action: 3
[Step 4040] Action: 2
[Step 4054] Action: 1
[Step 4068] Action: 0
[Step 4082] Action: 2
[Step 4096] Action: 2
[Step 4106] Action: 2
[Step 4116] Action: 0
[Step 4130] Action: 1
[Step 4144] Action: 3
[Step 4158] Action: 0
[Step 4172] Action: 1
[Step 4186] Action: 2
[Step 4200] Action: 2
[Step 4210] Action: 0
[Step 4224] Action: 3
[Step 4238] Action: 2
[Step 4252] Action: 3
[Step 4266] Action: 1
[Step 4280] Action: 1
[Step 4290] Action: 2
[Step 4304] Action: 1
[Step 4318] Action: 1
[Step 4328] Action: 1
[Step 4338] Action: 3
[Step 4352] Action: 1
[Step 4366] Action: 0
[Step 4380] Action: 0
[Step 4390] Action: 1
[Step 4404] Action: 1
[Step 4414] Action: 1
[Step 4424] Action: 1
[Step 4434] Action: 0
[Step 4448] Action: 3
[Step 4462] Action: 1
[Step 4476] Action: 2
[Step 4490] Action: 0
[Step 4504] Action: 2
[Step 4518] Action: 2
[Step 4528] Action: 0
[Step 4542] Action: 1
[Step 4556] Action: 1
[Step 4566] Action: 0
[Step 4580] Action: 0
[Step 4590] Action: 3
[Step 4604] Action: 1
[Step 4618] Action: 2
[Step 4632] Action: 1
[Step 4646] Action: 0
[Step 4660] Action: 0
[Step 4670] Action: 1
[Step 4684] Action: 1
[Step 4694] Action: 1
[Step 4704] Action: 2
[Step 4718] Action: 1
[Step 4732] Action: 1
[Step 4742] Action: 2
[Step 4756] Action: 3
[Step 4770] Action: 2
[Step 4784] Action: 2
[Step 4794] Action: 1
[Step 4808] Action: 1
[Step 4818] Action: 0
[Step 4832] Action: 3
[Step 4846] Action: 3
[Step 4856] Action: 2
[Step 4870] Action: 2
[Step 4880] Action: 2
[Step 4890] Action: 1
[Step 4904] Action: 1
[Step 4914] Action: 3
[Step 4928] Action: 2
[Step 4942] Action: 2
[Step 4952] Action: 2
[Step 4962] Action: 2
[Step 4972] Action: 2
[Step 4982] Action: 3
[Step 4996] Action: 2
[Step 5010] Action: 0
[Step 5024] Action: 0
[Step 5034] Action: 0
[Step 5044] Action: 3
[Step 5058] Action: 1
[Step 5072] Action: 0
[Step 5086] Action: 3
[Step 5100] Action: 1
[Step 5114] Action: 0
[Step 5128] Action: 2
[Step 5142] Action: 0
[Step 5156] Action: 1
[Step 5170] Action: 0
[Step 5184] Action: 3
[Step 5198] Action: 2
[Step 5212] Action: 3
[Step 5226] Action: 0
[Step 5240] Action: 0
[Step 5250] Action: 1
[Step 5264] Action: 1
[Step 5274] Action: 1
[Step 5284] Action: 2
[Step 5298] Action: 2
[Step 5308] Action: 1
[Step 5322] Action: 3
[Step 5336] Action: 1
[Step 5350] Action: 0
[Step 5364] Action: 2
[Step 5378] Action: 0
[Step 5392] Action: 3
