[Step 0] Action: 2
[Step 40] Action: 3
[Step 84] Action: 2
[Step 128] Action: 2
[Step 168] Action: 3
[Step 212] Action: 2
[Step 256] Action: 3
[Step 300] Action: 0
[Step 344] Action: 2
[Step 388] Action: 2
[Step 428] Action: 1
[Step 472] Action: 3
[Step 516] Action: 2
[Step 560] Action: 2
[Step 600] Action: 3
[Step 644] Action: 2
[Step 688] Action: 3
[Step 732] Action: 2
[Step 776] Action: 1
[Step 820] Action: 2
[Step 864] Action: 2
[Step 904] Action: 2
[Step 944] Action: 3
[Step 988] Action: 2
[Step 1032] Action: 2
[Step 1072] Action: 3
[Step 1116] Action: 2
[Step 1160] Action: 2
[Step 1200] Action: 2
[Step 1240] Action: 2
[Step 1280] Action: 2
[Step 1320] Action: 2
[Step 1360] Action: 2
[Step 1400] Action: 2
[Step 1440] Action: 3
[Step 1484] Action: 2
[Step 1528] Action: 2
[Step 1568] Action: 3
[Step 1612] Action: 2
[Step 1656] Action: 2
[Step 1696] Action: 2
[Step 1736] Action: 2
[Step 1776] Action: 2
[Step 1816] Action: 3
[Step 1860] Action: 2
[Step 1904] Action: 2
[Step 1944] Action: 3
[Step 1988] Action: 2
[Step 2032] Action: 2
[Step 2072] Action: 2
[Step 2112] Action: 3
[Step 2156] Action: 2
[Step 2200] Action: 2
[Step 2240] Action: 3
[Step 2284] Action: 3
[Step 2324] Action: 2
[Step 2368] Action: 2
[Step 2408] Action: 2
[Step 2448] Action: 2
[Step 2488] Action: 2
[Step 2528] Action: 3
[Step 2572] Action: 2
[Step 2616] Action: 3
[Step 2660] Action: 2
[Step 2704] Action: 2
[Step 2744] Action: 0
[Step 2788] Action: 2
[Step 2832] Action: 2
[Step 2872] Action: 3
[Step 2916] Action: 2
[Step 2960] Action: 0
[Step 3004] Action: 2
[Step 3048] Action: 2
[Step 3088] Action: 3
[Step 3132] Action: 2
[Step 3176] Action: 3
[Step 3220] Action: 3
[Step 3260] Action: 0
[Step 3304] Action: 1
[Step 3348] Action: 3
[Step 3392] Action: 0
[Step 3436] Action: 3
[Step 3480] Action: 2
[Step 3524] Action: 2
[Step 3564] Action: 2
[Step 3604] Action: 1
[Step 3648] Action: 2
[Step 3692] Action: 2
[Step 3732] Action: 3
[Step 3776] Action: 0
[Step 3820] Action: 1
[Step 3864] Action: 3
[Step 3908] Action: 3
[Step 3948] Action: 2
[Step 3992] Action: 3
[Step 4036] Action: 3
[Step 4076] Action: 3
[Step 4116] Action: 1
[Step 4160] Action: 2
[Step 4204] Action: 2
[Step 4244] Action: 3
[Step 4288] Action: 0
[Step 4332] Action: 0
[Step 4372] Action: 2
[Step 4416] Action: 0
[Step 4460] Action: 0
[Step 4500] Action: 3
[Step 4544] Action: 3
[Step 4584] Action: 2
[Step 4628] Action: 2
[Step 4668] Action: 0
[Step 4712] Action: 2
[Step 4756] Action: 2
[Step 4796] Action: 0
[Step 4840] Action: 3
[Step 4884] Action: 2
[Step 4928] Action: 3
[Step 4972] Action: 3
[Step 5012] Action: 3
[Step 5052] Action: 3
[Step 5092] Action: 1
[Step 5136] Action: 0
[Step 5180] Action: 1
[Step 5224] Action: 3
[Step 5268] Action: 0
[Step 5312] Action: 3
[Step 5356] Action: 1
