[Step 0] Action: 1
[Step 10] Action: 2
[Step 24] Action: 3
[Step 38] Action: 0
[Step 52] Action: 1
[Step 66] Action: 3
[Step 80] Action: 1
[Step 94] Action: 0
[Step 108] Action: 0
[Step 118] Action: 0
[Step 128] Action: 2
[Step 142] Action: 0
[Step 156] Action: 1
[Step 170] Action: 1
[Step 180] Action: 2
[Step 194] Action: 1
[Step 208] Action: 0
[Step 222] Action: 2
[Step 236] Action: 1
[Step 250] Action: 1
[Step 260] Action: 1
[Step 270] Action: 1
[Step 280] Action: 0
[Step 294] Action: 1
[Step 308] Action: 1
[Step 318] Action: 1
[Step 328] Action: 1
[Step 338] Action: 1
[Step 348] Action: 1
[Step 358] Action: 1
[Step 368] Action: 2
[Step 382] Action: 1
[Step 396] Action: 0
[Step 410] Action: 2
[Step 424] Action: 0
[Step 438] Action: 2
[Step 452] Action: 1
[Step 466] Action: 1
[Step 476] Action: 1
[Step 486] Action: 1
[Step 496] Action: 0
[Step 510] Action: 1
[Step 524] Action: 1
[Step 534] Action: 1
[Step 544] Action: 1
[Step 554] Action: 1
[Step 564] Action: 1
[Step 574] Action: 1
[Step 584] Action: 2
[Step 598] Action: 1
[Step 612] Action: 0
[Step 626] Action: 1
[Step 640] Action: 1
[Step 650] Action: 1
[Step 660] Action: 1
[Step 670] Action: 1
[Step 680] Action: 1
[Step 690] Action: 1
[Step 700] Action: 0
[Step 714] Action: 2
[Step 728] Action: 1
[Step 742] Action: 1
[Step 752] Action: 1
[Step 762] Action: 1
[Step 772] Action: 1
[Step 782] Action: 1
[Step 792] Action: 1
[Step 802] Action: 1
[Step 812] Action: 1
[Step 822] Action: 1
[Step 832] Action: 1
[Step 842] Action: 1
[Step 852] Action: 1
[Step 862] Action: 1
[Step 872] Action: 1
[Step 882] Action: 1
[Step 892] Action: 1
[Step 902] Action: 1
[Step 912] Action: 1
[Step 922] Action: 1
[Step 932] Action: 1
[Step 942] Action: 1
[Step 952] Action: 1
[Step 962] Action: 1
[Step 972] Action: 1
[Step 982] Action: 1
[Step 992] Action: 1
[Step 1002] Action: 1
[Step 1012] Action: 1
[Step 1022] Action: 1
[Step 1032] Action: 1
[Step 1042] Action: 2
[Step 1056] Action: 1
[Step 1070] Action: 1
[Step 1080] Action: 1
[Step 1090] Action: 1
[Step 1100] Action: 1
[Step 1110] Action: 1
[Step 1120] Action: 1
[Step 1130] Action: 1
[Step 1140] Action: 1
[Step 1150] Action: 1
[Step 1160] Action: 1
[Step 1170] Action: 1
[Step 1180] Action: 1
[Step 1190] Action: 1
[Step 1200] Action: 1
[Step 1210] Action: 1
[Step 1220] Action: 1
[Step 1230] Action: 1
[Step 1240] Action: 1
[Step 1250] Action: 1
[Step 1260] Action: 1
[Step 1270] Action: 1
[Step 1280] Action: 1
[Step 1290] Action: 1
[Step 1300] Action: 1
[Step 1310] Action: 1
[Step 1320] Action: 1
[Step 1330] Action: 1
[Step 1340] Action: 1
[Step 1350] Action: 1
[Step 1360] Action: 1
[Step 1370] Action: 1
[Step 1380] Action: 1
[Step 1390] Action: 1
[Step 1400] Action: 1
[Step 1410] Action: 1
[Step 1420] Action: 2
[Step 1434] Action: 1
[Step 1448] Action: 1
[Step 1458] Action: 1
[Step 1468] Action: 1
[Step 1478] Action: 1
[Step 1488] Action: 1
[Step 1498] Action: 1
[Step 1508] Action: 1
[Step 1518] Action: 1
[Step 1528] Action: 1
[Step 1538] Action: 2
[Step 1552] Action: 1
[Step 1566] Action: 1
[Step 1576] Action: 1
[Step 1586] Action: 1
[Step 1596] Action: 2
[Step 1610] Action: 1
[Step 1624] Action: 1
[Step 1634] Action: 1
[Step 1644] Action: 1
[Step 1654] Action: 1
[Step 1664] Action: 1
[Step 1674] Action: 1
[Step 1684] Action: 1
[Step 1694] Action: 1
[Step 1704] Action: 1
[Step 1714] Action: 0
[Step 1728] Action: 2
[Step 1742] Action: 2
[Step 1752] Action: 1
[Step 1766] Action: 1
[Step 1776] Action: 1
[Step 1786] Action: 1
[Step 1796] Action: 1
[Step 1806] Action: 1
[Step 1816] Action: 1
[Step 1826] Action: 1
[Step 1836] Action: 1
[Step 1846] Action: 1
[Step 1856] Action: 1
[Step 1866] Action: 1
[Step 1876] Action: 1
[Step 1886] Action: 1
[Step 1896] Action: 2
[Step 1910] Action: 1
[Step 1924] Action: 1
[Step 1934] Action: 1
[Step 1944] Action: 1
[Step 1954] Action: 1
[Step 1964] Action: 2
[Step 1978] Action: 1
[Step 1992] Action: 1
[Step 2002] Action: 2
[Step 2016] Action: 1
[Step 2030] Action: 1
[Step 2040] Action: 1
[Step 2050] Action: 0
[Step 2064] Action: 1
[Step 2078] Action: 0
[Step 2092] Action: 0
[Step 2102] Action: 0
[Step 2112] Action: 1
[Step 2126] Action: 2
[Step 2140] Action: 1
[Step 2154] Action: 1
[Step 2164] Action: 2
[Step 2178] Action: 1
[Step 2192] Action: 2
[Step 2206] Action: 1
[Step 2220] Action: 2
[Step 2234] Action: 0
[Step 2248] Action: 3
[Step 2262] Action: 0
[Step 2276] Action: 1
[Step 2290] Action: 1
[Step 2300] Action: 1
[Step 2310] Action: 2
[Step 2324] Action: 1
[Step 2338] Action: 3
[Step 2352] Action: 1
[Step 2366] Action: 2
[Step 2380] Action: 1
[Step 2394] Action: 1
[Step 2404] Action: 1
[Step 2414] Action: 2
[Step 2428] Action: 1
[Step 2442] Action: 2
[Step 2456] Action: 0
[Step 2470] Action: 0
[Step 2480] Action: 2
[Step 2494] Action: 1
[Step 2508] Action: 2
[Step 2522] Action: 1
[Step 2536] Action: 1
[Step 2546] Action: 2
[Step 2560] Action: 2
[Step 2570] Action: 1
[Step 2584] Action: 1
[Step 2594] Action: 2
[Step 2608] Action: 2
[Step 2618] Action: 1
[Step 2632] Action: 2
[Step 2646] Action: 0
[Step 2660] Action: 1
[Step 2674] Action: 0
[Step 2688] Action: 0
[Step 2698] Action: 1
[Step 2712] Action: 1
[Step 2722] Action: 1
[Step 2732] Action: 1
[Step 2742] Action: 1
[Step 2752] Action: 0
[Step 2766] Action: 0
[Step 2776] Action: 2
[Step 2790] Action: 1
[Step 2804] Action: 2
[Step 2818] Action: 1
[Step 2832] Action: 0
[Step 2846] Action: 1
[Step 2860] Action: 0
[Step 2874] Action: 1
[Step 2888] Action: 3
[Step 2902] Action: 1
[Step 2916] Action: 1
[Step 2926] Action: 3
[Step 2940] Action: 0
[Step 2954] Action: 3
[Step 2968] Action: 3
[Step 2978] Action: 1
[Step 2992] Action: 1
[Step 3002] Action: 0
[Step 3016] Action: 1
[Step 3030] Action: 1
[Step 3040] Action: 0
[Step 3054] Action: 2
[Step 3068] Action: 2
[Step 3078] Action: 0
[Step 3092] Action: 0
[Step 3102] Action: 2
[Step 3116] Action: 3
[Step 3130] Action: 0
[Step 3144] Action: 3
[Step 3158] Action: 1
[Step 3172] Action: 1
[Step 3182] Action: 2
[Step 3196] Action: 1
[Step 3210] Action: 1
[Step 3220] Action: 1
[Step 3230] Action: 0
[Step 3244] Action: 1
[Step 3258] Action: 0
[Step 3272] Action: 0
[Step 3282] Action: 2
[Step 3296] Action: 2
[Step 3306] Action: 0
[Step 3320] Action: 2
[Step 3334] Action: 0
[Step 3348] Action: 3
[Step 3362] Action: 0
[Step 3376] Action: 2
[Step 3390] Action: 2
[Step 3400] Action: 3
[Step 3414] Action: 3
[Step 3424] Action: 3
[Step 3434] Action: 0
[Step 3448] Action: 3
[Step 3462] Action: 1
[Step 3476] Action: 2
[Step 3490] Action: 1
[Step 3504] Action: 1
[Step 3514] Action: 3
[Step 3528] Action: 0
[Step 3542] Action: 1
[Step 3556] Action: 3
[Step 3570] Action: 1
[Step 3584] Action: 3
[Step 3598] Action: 0
[Step 3612] Action: 0
[Step 3622] Action: 3
[Step 3636] Action: 2
[Step 3650] Action: 2
[Step 3660] Action: 2
[Step 3670] Action: 2
[Step 3680] Action: 1
[Step 3694] Action: 1
[Step 3704] Action: 2
[Step 3718] Action: 1
[Step 3732] Action: 2
[Step 3746] Action: 3
[Step 3760] Action: 2
[Step 3774] Action: 1
[Step 3788] Action: 2
[Step 3802] Action: 0
[Step 3816] Action: 1
[Step 3830] Action: 0
[Step 3844] Action: 3
[Step 3858] Action: 3
[Step 3868] Action: 0
[Step 3882] Action: 0
[Step 3892] Action: 3
[Step 3906] Action: 1
[Step 3920] Action: 0
[Step 3934] Action: 1
[Step 3948] Action: 0
[Step 3962] Action: 1
[Step 3976] Action: 1
[Step 3986] Action: 2
[Step 4000] Action: 1
[Step 4014] Action: 1
[Step 4024] Action: 1
[Step 4034] Action: 0
[Step 4048] Action: 1
[Step 4062] Action: 3
[Step 4076] Action: 0
[Step 4090] Action: 3
[Step 4104] Action: 2
[Step 4118] Action: 2
[Step 4128] Action: 3
[Step 4142] Action: 2
[Step 4156] Action: 1
[Step 4170] Action: 3
[Step 4184] Action: 1
[Step 4198] Action: 2
[Step 4212] Action: 0
[Step 4226] Action: 0
[Step 4236] Action: 0
[Step 4246] Action: 0
[Step 4256] Action: 3
[Step 4270] Action: 1
[Step 4284] Action: 2
[Step 4298] Action: 0
[Step 4312] Action: 1
[Step 4326] Action: 0
[Step 4340] Action: 1
[Step 4354] Action: 1
[Step 4364] Action: 1
[Step 4374] Action: 0
[Step 4388] Action: 0
[Step 4398] Action: 2
[Step 4412] Action: 0
[Step 4426] Action: 1
[Step 4440] Action: 0
[Step 4454] Action: 3
[Step 4468] Action: 0
[Step 4482] Action: 3
[Step 4496] Action: 2
[Step 4510] Action: 0
[Step 4524] Action: 0
[Step 4534] Action: 1
[Step 4548] Action: 0
[Step 4562] Action: 0
[Step 4572] Action: 2
[Step 4586] Action: 3
[Step 4600] Action: 1
[Step 4614] Action: 3
[Step 4628] Action: 1
[Step 4642] Action: 0
[Step 4656] Action: 1
[Step 4670] Action: 1
[Step 4680] Action: 1
[Step 4690] Action: 1
[Step 4700] Action: 3
[Step 4714] Action: 2
[Step 4728] Action: 2
[Step 4738] Action: 3
[Step 4752] Action: 0
[Step 4766] Action: 0
[Step 4776] Action: 3
[Step 4790] Action: 1
[Step 4804] Action: 0
[Step 4818] Action: 2
[Step 4832] Action: 0
[Step 4846] Action: 0
[Step 4856] Action: 3
[Step 4870] Action: 0
[Step 4884] Action: 3
[Step 4898] Action: 3
[Step 4908] Action: 1
[Step 4922] Action: 1
[Step 4932] Action: 0
[Step 4946] Action: 2
[Step 4960] Action: 3
[Step 4974] Action: 2
[Step 4988] Action: 0
[Step 5002] Action: 0
[Step 5012] Action: 2
[Step 5026] Action: 0
[Step 5040] Action: 2
[Step 5054] Action: 3
[Step 5068] Action: 0
[Step 5082] Action: 2
[Step 5096] Action: 3
[Step 5110] Action: 2
[Step 5124] Action: 3
[Step 5138] Action: 3
[Step 5148] Action: 2
[Step 5162] Action: 0
[Step 5176] Action: 0
[Step 5186] Action: 3
[Step 5200] Action: 0
[Step 5214] Action: 1
[Step 5228] Action: 2
[Step 5242] Action: 1
[Step 5256] Action: 3
[Step 5270] Action: 1
[Step 5284] Action: 1
[Step 5294] Action: 0
[Step 5308] Action: 0
[Step 5318] Action: 0
[Step 5328] Action: 3
[Step 5342] Action: 3
[Step 5352] Action: 0
[Step 5366] Action: 3
[Step 5380] Action: 1
[Step 5394] Action: 3
