[Step 0] Action: 3
[Step 10] Action: 1
[Step 24] Action: 0
[Step 38] Action: 1
[Step 52] Action: 0
[Step 66] Action: 3
[Step 80] Action: 3
[Step 90] Action: 0
[Step 104] Action: 3
[Step 118] Action: 1
[Step 132] Action: 0
[Step 146] Action: 0
[Step 156] Action: 1
[Step 170] Action: 1
[Step 180] Action: 2
[Step 194] Action: 2
[Step 204] Action: 2
[Step 214] Action: 2
[Step 224] Action: 1
[Step 238] Action: 0
[Step 252] Action: 2
[Step 266] Action: 1
[Step 280] Action: 0
[Step 294] Action: 2
[Step 308] Action: 1
[Step 322] Action: 1
[Step 332] Action: 1
[Step 342] Action: 2
[Step 356] Action: 2
[Step 366] Action: 1
[Step 380] Action: 0
[Step 394] Action: 1
[Step 408] Action: 2
[Step 422] Action: 2
[Step 432] Action: 2
[Step 442] Action: 1
[Step 456] Action: 1
[Step 466] Action: 1
[Step 476] Action: 2
[Step 490] Action: 1
[Step 504] Action: 1
[Step 514] Action: 2
[Step 528] Action: 0
[Step 542] Action: 0
[Step 552] Action: 1
[Step 566] Action: 1
[Step 576] Action: 0
[Step 590] Action: 0
[Step 600] Action: 0
[Step 610] Action: 2
[Step 624] Action: 0
[Step 638] Action: 1
[Step 652] Action: 1
[Step 662] Action: 1
[Step 672] Action: 2
[Step 686] Action: 2
[Step 696] Action: 1
[Step 710] Action: 2
[Step 724] Action: 0
[Step 738] Action: 0
[Step 748] Action: 1
[Step 762] Action: 1
[Step 772] Action: 2
[Step 786] Action: 2
[Step 796] Action: 2
[Step 806] Action: 1
[Step 820] Action: 0
[Step 834] Action: 2
[Step 848] Action: 1
[Step 862] Action: 1
[Step 872] Action: 2
[Step 886] Action: 2
[Step 896] Action: 3
[Step 910] Action: 2
[Step 924] Action: 0
[Step 938] Action: 0
[Step 948] Action: 2
[Step 962] Action: 1
[Step 976] Action: 1
[Step 986] Action: 1
[Step 996] Action: 0
[Step 1010] Action: 0
[Step 1020] Action: 2
[Step 1034] Action: 1
[Step 1048] Action: 2
[Step 1062] Action: 2
[Step 1072] Action: 1
[Step 1086] Action: 2
[Step 1100] Action: 1
[Step 1114] Action: 0
[Step 1128] Action: 2
[Step 1142] Action: 0
[Step 1156] Action: 0
[Step 1166] Action: 1
[Step 1180] Action: 0
[Step 1194] Action: 1
[Step 1208] Action: 0
[Step 1222] Action: 0
[Step 1232] Action: 1
[Step 1246] Action: 2
[Step 1260] Action: 2
[Step 1270] Action: 2
[Step 1280] Action: 2
[Step 1290] Action: 2
[Step 1300] Action: 2
[Step 1310] Action: 2
[Step 1320] Action: 1
[Step 1334] Action: 1
[Step 1344] Action: 0
[Step 1358] Action: 0
[Step 1368] Action: 1
[Step 1382] Action: 0
[Step 1396] Action: 0
[Step 1406] Action: 1
[Step 1420] Action: 2
[Step 1434] Action: 0
[Step 1448] Action: 0
[Step 1458] Action: 0
[Step 1468] Action: 1
[Step 1482] Action: 1
[Step 1492] Action: 1
[Step 1502] Action: 2
[Step 1516] Action: 2
[Step 1526] Action: 3
[Step 1540] Action: 2
[Step 1554] Action: 1
[Step 1568] Action: 2
[Step 1582] Action: 2
[Step 1592] Action: 2
[Step 1602] Action: 2
[Step 1612] Action: 0
[Step 1626] Action: 1
[Step 1640] Action: 0
[Step 1654] Action: 0
[Step 1664] Action: 0
[Step 1674] Action: 0
[Step 1684] Action: 2
[Step 1698] Action: 2
[Step 1708] Action: 1
[Step 1722] Action: 0
[Step 1736] Action: 0
[Step 1746] Action: 1
[Step 1760] Action: 1
[Step 1770] Action: 1
[Step 1780] Action: 2
[Step 1794] Action: 2
[Step 1804] Action: 1
[Step 1818] Action: 0
[Step 1832] Action: 1
[Step 1846] Action: 2
[Step 1860] Action: 1
[Step 1874] Action: 1
[Step 1884] Action: 1
[Step 1894] Action: 0
[Step 1908] Action: 2
[Step 1922] Action: 0
[Step 1936] Action: 1
[Step 1950] Action: 1
[Step 1960] Action: 2
[Step 1974] Action: 2
[Step 1984] Action: 2
[Step 1994] Action: 1
[Step 2008] Action: 1
[Step 2018] Action: 1
[Step 2028] Action: 0
[Step 2042] Action: 1
[Step 2056] Action: 2
[Step 2070] Action: 1
[Step 2084] Action: 2
[Step 2098] Action: 1
[Step 2112] Action: 2
[Step 2126] Action: 1
[Step 2140] Action: 1
[Step 2150] Action: 1
[Step 2160] Action: 1
[Step 2170] Action: 2
[Step 2184] Action: 0
[Step 2198] Action: 2
[Step 2212] Action: 0
[Step 2226] Action: 1
[Step 2240] Action: 1
[Step 2250] Action: 0
[Step 2264] Action: 0
[Step 2274] Action: 0
[Step 2284] Action: 2
[Step 2298] Action: 2
[Step 2308] Action: 0
[Step 2322] Action: 0
[Step 2332] Action: 2
[Step 2346] Action: 0
[Step 2360] Action: 0
[Step 2370] Action: 3
[Step 2384] Action: 2
[Step 2398] Action: 2
[Step 2408] Action: 2
[Step 2418] Action: 2
[Step 2428] Action: 1
[Step 2442] Action: 0
[Step 2456] Action: 2
[Step 2470] Action: 1
[Step 2484] Action: 2
[Step 2498] Action: 1
[Step 2512] Action: 1
[Step 2522] Action: 1
[Step 2532] Action: 2
[Step 2546] Action: 2
[Step 2556] Action: 0
[Step 2570] Action: 3
[Step 2584] Action: 0
[Step 2598] Action: 1
[Step 2612] Action: 0
[Step 2626] Action: 0
[Step 2636] Action: 0
[Step 2646] Action: 1
[Step 2660] Action: 2
[Step 2674] Action: 0
[Step 2688] Action: 2
[Step 2702] Action: 1
[Step 2716] Action: 0
[Step 2730] Action: 3
[Step 2744] Action: 1
[Step 2758] Action: 1
[Step 2768] Action: 0
[Step 2782] Action: 1
[Step 2796] Action: 0
[Step 2810] Action: 1
[Step 2824] Action: 0
[Step 2838] Action: 0
[Step 2848] Action: 1
[Step 2862] Action: 1
[Step 2872] Action: 1
[Step 2882] Action: 2
[Step 2896] Action: 2
[Step 2906] Action: 3
[Step 2920] Action: 1
[Step 2934] Action: 3
[Step 2948] Action: 1
[Step 2962] Action: 2
[Step 2976] Action: 0
[Step 2990] Action: 1
[Step 3004] Action: 1
[Step 3014] Action: 1
[Step 3024] Action: 2
[Step 3038] Action: 2
[Step 3048] Action: 1
[Step 3062] Action: 1
[Step 3072] Action: 2
[Step 3086] Action: 0
[Step 3100] Action: 3
[Step 3114] Action: 1
[Step 3128] Action: 0
[Step 3142] Action: 3
[Step 3156] Action: 3
[Step 3166] Action: 0
[Step 3180] Action: 3
[Step 3194] Action: 1
[Step 3208] Action: 2
[Step 3222] Action: 0
[Step 3236] Action: 1
[Step 3250] Action: 3
[Step 3264] Action: 2
[Step 3278] Action: 0
[Step 3292] Action: 0
[Step 3302] Action: 3
[Step 3316] Action: 0
[Step 3330] Action: 0
[Step 3340] Action: 0
[Step 3350] Action: 0
[Step 3360] Action: 0
[Step 3370] Action: 2
[Step 3384] Action: 0
[Step 3398] Action: 0
[Step 3408] Action: 0
[Step 3418] Action: 3
[Step 3432] Action: 1
[Step 3446] Action: 0
[Step 3460] Action: 2
[Step 3474] Action: 3
[Step 3488] Action: 0
[Step 3502] Action: 1
[Step 3516] Action: 2
[Step 3530] Action: 0
[Step 3544] Action: 0
[Step 3554] Action: 0
[Step 3564] Action: 1
[Step 3578] Action: 0
[Step 3592] Action: 2
[Step 3606] Action: 0
[Step 3620] Action: 1
[Step 3634] Action: 2
[Step 3648] Action: 1
[Step 3662] Action: 2
[Step 3676] Action: 3
[Step 3690] Action: 2
[Step 3704] Action: 0
[Step 3718] Action: 0
[Step 3728] Action: 0
[Step 3738] Action: 1
[Step 3752] Action: 0
[Step 3766] Action: 2
[Step 3780] Action: 1
[Step 3794] Action: 1
[Step 3804] Action: 3
[Step 3818] Action: 0
[Step 3832] Action: 1
[Step 3846] Action: 0
[Step 3860] Action: 1
[Step 3874] Action: 0
[Step 3888] Action: 1
[Step 3902] Action: 0
[Step 3916] Action: 2
[Step 3930] Action: 0
[Step 3944] Action: 1
[Step 3958] Action: 1
[Step 3968] Action: 2
[Step 3982] Action: 0
[Step 3996] Action: 1
[Step 4010] Action: 2
[Step 4024] Action: 1
[Step 4038] Action: 2
[Step 4052] Action: 0
[Step 4066] Action: 2
[Step 4080] Action: 3
[Step 4094] Action: 3
[Step 4104] Action: 2
[Step 4118] Action: 1
[Step 4132] Action: 3
[Step 4146] Action: 0
[Step 4160] Action: 3
[Step 4174] Action: 1
[Step 4188] Action: 3
[Step 4202] Action: 0
[Step 4216] Action: 1
[Step 4230] Action: 1
[Step 4240] Action: 2
[Step 4254] Action: 2
[Step 4264] Action: 1
[Step 4278] Action: 1
[Step 4288] Action: 0
[Step 4302] Action: 2
[Step 4316] Action: 2
[Step 4326] Action: 1
[Step 4340] Action: 0
[Step 4354] Action: 2
[Step 4368] Action: 3
[Step 4382] Action: 2
[Step 4396] Action: 3
[Step 4410] Action: 1
[Step 4424] Action: 1
[Step 4434] Action: 0
[Step 4448] Action: 0
[Step 4458] Action: 1
[Step 4472] Action: 0
[Step 4486] Action: 2
[Step 4500] Action: 1
[Step 4514] Action: 1
[Step 4524] Action: 0
[Step 4538] Action: 0
[Step 4548] Action: 1
[Step 4562] Action: 1
[Step 4572] Action: 0
[Step 4586] Action: 2
[Step 4600] Action: 1
[Step 4614] Action: 2
[Step 4628] Action: 0
[Step 4642] Action: 0
[Step 4652] Action: 3
[Step 4666] Action: 3
[Step 4676] Action: 0
[Step 4690] Action: 2
[Step 4704] Action: 1
[Step 4718] Action: 3
[Step 4732] Action: 0
[Step 4746] Action: 2
[Step 4760] Action: 3
[Step 4774] Action: 1
[Step 4788] Action: 2
[Step 4802] Action: 2
[Step 4812] Action: 1
[Step 4826] Action: 3
[Step 4840] Action: 3
[Step 4850] Action: 1
[Step 4864] Action: 3
[Step 4878] Action: 2
[Step 4892] Action: 3
[Step 4906] Action: 3
[Step 4916] Action: 3
[Step 4926] Action: 0
[Step 4940] Action: 0
[Step 4950] Action: 0
[Step 4960] Action: 0
[Step 4970] Action: 2
[Step 4984] Action: 1
[Step 4998] Action: 1
[Step 5008] Action: 0
[Step 5022] Action: 2
[Step 5036] Action: 0
[Step 5050] Action: 1
[Step 5064] Action: 2
[Step 5078] Action: 1
[Step 5092] Action: 1
[Step 5102] Action: 1
[Step 5112] Action: 2
[Step 5126] Action: 0
[Step 5140] Action: 3
[Step 5154] Action: 3
[Step 5164] Action: 1
[Step 5178] Action: 3
[Step 5192] Action: 2
[Step 5206] Action: 0
[Step 5220] Action: 1
[Step 5234] Action: 3
[Step 5248] Action: 1
[Step 5262] Action: 3
[Step 5276] Action: 2
[Step 5290] Action: 3
[Step 5304] Action: 0
[Step 5318] Action: 0
[Step 5328] Action: 0
[Step 5338] Action: 3
[Step 5352] Action: 2
[Step 5366] Action: 0
[Step 5380] Action: 1
[Step 5394] Action: 3
