[Step 0] Action: 1
[Step 10] Action: 2
[Step 24] Action: 1
[Step 38] Action: 1
[Step 48] Action: 1
[Step 58] Action: 1
[Step 68] Action: 1
[Step 78] Action: 0
[Step 92] Action: 0
[Step 102] Action: 0
[Step 112] Action: 1
[Step 126] Action: 1
[Step 136] Action: 2
[Step 150] Action: 0
[Step 164] Action: 0
[Step 174] Action: 1
[Step 188] Action: 0
[Step 202] Action: 0
[Step 212] Action: 2
[Step 226] Action: 1
[Step 240] Action: 0
[Step 254] Action: 0
[Step 264] Action: 1
[Step 278] Action: 2
[Step 292] Action: 1
[Step 306] Action: 2
[Step 320] Action: 0
[Step 334] Action: 1
[Step 348] Action: 0
[Step 362] Action: 0
[Step 372] Action: 1
[Step 386] Action: 0
[Step 400] Action: 1
[Step 414] Action: 2
[Step 428] Action: 3
[Step 442] Action: 0
[Step 456] Action: 0
[Step 466] Action: 2
[Step 480] Action: 3
[Step 494] Action: 3
[Step 504] Action: 0
[Step 518] Action: 1
[Step 532] Action: 0
[Step 546] Action: 1
[Step 560] Action: 1
[Step 570] Action: 1
[Step 580] Action: 1
[Step 590] Action: 1
[Step 600] Action: 0
[Step 614] Action: 0
[Step 624] Action: 1
[Step 638] Action: 2
[Step 652] Action: 1
[Step 666] Action: 0
[Step 680] Action: 3
[Step 694] Action: 1
[Step 708] Action: 2
[Step 722] Action: 2
[Step 732] Action: 3
[Step 746] Action: 1
[Step 760] Action: 1
[Step 770] Action: 2
[Step 784] Action: 2
[Step 794] Action: 0
[Step 808] Action: 0
[Step 818] Action: 2
[Step 832] Action: 0
[Step 846] Action: 0
[Step 856] Action: 2
[Step 870] Action: 2
[Step 880] Action: 3
[Step 894] Action: 3
[Step 904] Action: 0
[Step 918] Action: 1
[Step 932] Action: 0
[Step 946] Action: 2
[Step 960] Action: 0
[Step 974] Action: 2
[Step 988] Action: 1
[Step 1002] Action: 1
[Step 1012] Action: 0
[Step 1026] Action: 2
[Step 1040] Action: 2
[Step 1050] Action: 0
[Step 1064] Action: 0
[Step 1074] Action: 2
[Step 1088] Action: 0
[Step 1102] Action: 1
[Step 1116] Action: 2
[Step 1130] Action: 0
[Step 1144] Action: 2
[Step 1158] Action: 0
[Step 1172] Action: 2
[Step 1186] Action: 0
[Step 1200] Action: 1
[Step 1214] Action: 1
[Step 1224] Action: 1
[Step 1234] Action: 1
[Step 1244] Action: 1
[Step 1254] Action: 1
[Step 1264] Action: 2
[Step 1278] Action: 1
[Step 1292] Action: 2
[Step 1306] Action: 1
[Step 1320] Action: 2
[Step 1334] Action: 1
[Step 1348] Action: 2
[Step 1362] Action: 1
[Step 1376] Action: 2
[Step 1390] Action: 1
[Step 1404] Action: 2
[Step 1418] Action: 2
[Step 1428] Action: 2
[Step 1438] Action: 2
[Step 1448] Action: 2
[Step 1458] Action: 2
[Step 1468] Action: 1
[Step 1482] Action: 2
[Step 1496] Action: 2
[Step 1506] Action: 2
[Step 1516] Action: 2
[Step 1526] Action: 2
[Step 1536] Action: 2
[Step 1546] Action: 2
[Step 1556] Action: 2
[Step 1566] Action: 2
[Step 1576] Action: 2
[Step 1586] Action: 2
[Step 1596] Action: 1
[Step 1610] Action: 2
[Step 1624] Action: 2
[Step 1634] Action: 2
[Step 1644] Action: 2
[Step 1654] Action: 2
[Step 1664] Action: 2
[Step 1674] Action: 2
[Step 1684] Action: 2
[Step 1694] Action: 2
[Step 1704] Action: 2
[Step 1714] Action: 2
[Step 1724] Action: 2
[Step 1734] Action: 2
[Step 1744] Action: 2
[Step 1754] Action: 2
[Step 1764] Action: 2
[Step 1774] Action: 2
[Step 1784] Action: 2
[Step 1794] Action: 2
[Step 1804] Action: 2
[Step 1814] Action: 2
[Step 1824] Action: 2
[Step 1834] Action: 2
[Step 1844] Action: 2
[Step 1854] Action: 2
[Step 1864] Action: 2
[Step 1874] Action: 2
[Step 1884] Action: 2
[Step 1894] Action: 2
[Step 1904] Action: 2
[Step 1914] Action: 2
[Step 1924] Action: 2
[Step 1934] Action: 2
[Step 1944] Action: 2
[Step 1954] Action: 2
[Step 1964] Action: 2
[Step 1974] Action: 2
[Step 1984] Action: 2
[Step 1994] Action: 2
[Step 2004] Action: 2
[Step 2014] Action: 2
[Step 2024] Action: 2
[Step 2034] Action: 2
[Step 2044] Action: 2
[Step 2054] Action: 2
[Step 2064] Action: 2
[Step 2074] Action: 2
[Step 2084] Action: 2
[Step 2094] Action: 2
[Step 2104] Action: 2
[Step 2114] Action: 2
[Step 2124] Action: 2
[Step 2134] Action: 2
[Step 2144] Action: 2
[Step 2154] Action: 2
[Step 2164] Action: 2
[Step 2174] Action: 2
[Step 2184] Action: 2
[Step 2194] Action: 2
[Step 2204] Action: 2
[Step 2214] Action: 2
[Step 2224] Action: 2
[Step 2234] Action: 2
[Step 2244] Action: 2
[Step 2254] Action: 2
[Step 2264] Action: 2
[Step 2274] Action: 2
[Step 2284] Action: 2
[Step 2294] Action: 2
[Step 2304] Action: 2
[Step 2314] Action: 2
[Step 2324] Action: 2
[Step 2334] Action: 2
[Step 2344] Action: 2
[Step 2354] Action: 2
[Step 2364] Action: 2
[Step 2374] Action: 2
[Step 2384] Action: 2
[Step 2394] Action: 2
[Step 2404] Action: 2
[Step 2414] Action: 2
[Step 2424] Action: 2
[Step 2434] Action: 2
[Step 2444] Action: 2
[Step 2454] Action: 2
[Step 2464] Action: 2
[Step 2474] Action: 2
[Step 2484] Action: 2
[Step 2494] Action: 2
[Step 2504] Action: 2
[Step 2514] Action: 2
[Step 2524] Action: 2
[Step 2534] Action: 2
[Step 2544] Action: 2
[Step 2554] Action: 2
[Step 2564] Action: 2
[Step 2574] Action: 2
[Step 2584] Action: 2
[Step 2594] Action: 2
[Step 2604] Action: 2
[Step 2614] Action: 2
[Step 2624] Action: 2
[Step 2634] Action: 2
[Step 2644] Action: 2
[Step 2654] Action: 2
[Step 2664] Action: 2
[Step 2674] Action: 2
[Step 2684] Action: 2
[Step 2694] Action: 2
[Step 2704] Action: 2
[Step 2714] Action: 2
[Step 2724] Action: 2
[Step 2734] Action: 2
[Step 2744] Action: 2
[Step 2754] Action: 2
[Step 2764] Action: 2
[Step 2774] Action: 2
[Step 2784] Action: 2
[Step 2794] Action: 2
[Step 2804] Action: 2
[Step 2814] Action: 2
[Step 2824] Action: 2
[Step 2834] Action: 2
[Step 2844] Action: 2
[Step 2854] Action: 2
[Step 2864] Action: 2
[Step 2874] Action: 2
[Step 2884] Action: 2
[Step 2894] Action: 2
[Step 2904] Action: 2
[Step 2914] Action: 2
[Step 2924] Action: 2
[Step 2934] Action: 2
[Step 2944] Action: 2
[Step 2954] Action: 2
[Step 2964] Action: 2
[Step 2974] Action: 2
[Step 2984] Action: 2
[Step 2994] Action: 2
[Step 3004] Action: 2
[Step 3014] Action: 2
[Step 3024] Action: 2
[Step 3034] Action: 2
[Step 3044] Action: 2
[Step 3054] Action: 2
[Step 3064] Action: 2
[Step 3074] Action: 2
[Step 3084] Action: 2
[Step 3094] Action: 2
[Step 3104] Action: 2
[Step 3114] Action: 2
[Step 3124] Action: 2
[Step 3134] Action: 2
[Step 3144] Action: 2
[Step 3154] Action: 2
[Step 3164] Action: 2
[Step 3174] Action: 2
[Step 3184] Action: 2
[Step 3194] Action: 2
[Step 3204] Action: 2
[Step 3214] Action: 2
[Step 3224] Action: 2
[Step 3234] Action: 2
[Step 3244] Action: 2
[Step 3254] Action: 2
[Step 3264] Action: 2
[Step 3274] Action: 2
[Step 3284] Action: 2
[Step 3294] Action: 2
[Step 3304] Action: 2
[Step 3314] Action: 2
[Step 3324] Action: 2
[Step 3334] Action: 2
[Step 3344] Action: 2
[Step 3354] Action: 2
[Step 3364] Action: 2
[Step 3374] Action: 2
[Step 3384] Action: 2
[Step 3394] Action: 2
[Step 3404] Action: 2
[Step 3414] Action: 2
[Step 3424] Action: 2
[Step 3434] Action: 2
[Step 3444] Action: 2
[Step 3454] Action: 2
[Step 3464] Action: 2
[Step 3474] Action: 2
[Step 3484] Action: 2
[Step 3494] Action: 2
[Step 3504] Action: 2
[Step 3514] Action: 2
[Step 3524] Action: 2
[Step 3534] Action: 2
[Step 3544] Action: 2
[Step 3554] Action: 2
[Step 3564] Action: 2
[Step 3574] Action: 2
[Step 3584] Action: 2
[Step 3594] Action: 2
[Step 3604] Action: 2
[Step 3614] Action: 2
[Step 3624] Action: 2
[Step 3634] Action: 2
[Step 3644] Action: 2
[Step 3654] Action: 2
[Step 3664] Action: 2
[Step 3674] Action: 2
[Step 3684] Action: 2
[Step 3694] Action: 2
[Step 3704] Action: 2
[Step 3714] Action: 2
[Step 3724] Action: 2
[Step 3734] Action: 2
[Step 3744] Action: 2
[Step 3754] Action: 2
[Step 3764] Action: 2
[Step 3774] Action: 2
[Step 3784] Action: 2
[Step 3794] Action: 2
[Step 3804] Action: 2
[Step 3814] Action: 2
[Step 3824] Action: 2
[Step 3834] Action: 2
[Step 3844] Action: 2
[Step 3854] Action: 2
[Step 3864] Action: 2
[Step 3874] Action: 2
[Step 3884] Action: 2
[Step 3894] Action: 2
[Step 3904] Action: 2
[Step 3914] Action: 2
[Step 3924] Action: 2
[Step 3934] Action: 2
[Step 3944] Action: 2
[Step 3954] Action: 2
[Step 3964] Action: 2
[Step 3974] Action: 2
[Step 3984] Action: 2
[Step 3994] Action: 2
[Step 4004] Action: 2
[Step 4014] Action: 2
[Step 4024] Action: 2
[Step 4034] Action: 2
[Step 4044] Action: 2
[Step 4054] Action: 2
[Step 4064] Action: 2
[Step 4074] Action: 2
[Step 4084] Action: 2
[Step 4094] Action: 2
[Step 4104] Action: 2
[Step 4114] Action: 2
[Step 4124] Action: 2
[Step 4134] Action: 2
[Step 4144] Action: 2
[Step 4154] Action: 2
[Step 4164] Action: 2
[Step 4174] Action: 2
[Step 4184] Action: 2
[Step 4194] Action: 2
[Step 4204] Action: 2
[Step 4214] Action: 2
[Step 4224] Action: 2
[Step 4234] Action: 2
[Step 4244] Action: 2
[Step 4254] Action: 2
[Step 4264] Action: 2
[Step 4274] Action: 2
[Step 4284] Action: 2
[Step 4294] Action: 2
[Step 4304] Action: 2
[Step 4314] Action: 2
[Step 4324] Action: 2
[Step 4334] Action: 2
[Step 4344] Action: 2
[Step 4354] Action: 2
[Step 4364] Action: 2
[Step 4374] Action: 2
[Step 4384] Action: 2
[Step 4394] Action: 2
[Step 4404] Action: 2
[Step 4414] Action: 2
[Step 4424] Action: 2
[Step 4434] Action: 2
[Step 4444] Action: 2
[Step 4454] Action: 2
[Step 4464] Action: 2
[Step 4474] Action: 2
[Step 4484] Action: 2
[Step 4494] Action: 2
[Step 4504] Action: 2
[Step 4514] Action: 2
[Step 4524] Action: 2
[Step 4534] Action: 2
[Step 4544] Action: 2
[Step 4554] Action: 2
[Step 4564] Action: 2
[Step 4574] Action: 2
[Step 4584] Action: 2
[Step 4594] Action: 2
[Step 4604] Action: 2
[Step 4614] Action: 2
[Step 4624] Action: 2
[Step 4634] Action: 2
[Step 4644] Action: 2
[Step 4654] Action: 2
[Step 4664] Action: 2
[Step 4674] Action: 2
[Step 4684] Action: 2
[Step 4694] Action: 2
[Step 4704] Action: 2
[Step 4714] Action: 2
[Step 4724] Action: 2
[Step 4734] Action: 2
[Step 4744] Action: 2
[Step 4754] Action: 2
[Step 4764] Action: 2
[Step 4774] Action: 2
[Step 4784] Action: 2
[Step 4794] Action: 2
[Step 4804] Action: 2
[Step 4814] Action: 2
[Step 4824] Action: 2
[Step 4834] Action: 2
[Step 4844] Action: 2
[Step 4854] Action: 2
[Step 4864] Action: 2
[Step 4874] Action: 2
[Step 4884] Action: 2
[Step 4894] Action: 2
[Step 4904] Action: 2
[Step 4914] Action: 2
[Step 4924] Action: 2
[Step 4934] Action: 2
[Step 4944] Action: 2
[Step 4954] Action: 2
[Step 4964] Action: 2
[Step 4974] Action: 2
[Step 4984] Action: 2
[Step 4994] Action: 2
[Step 5004] Action: 2
[Step 5014] Action: 2
[Step 5024] Action: 2
[Step 5034] Action: 2
[Step 5044] Action: 2
[Step 5054] Action: 2
[Step 5064] Action: 2
[Step 5074] Action: 2
[Step 5084] Action: 2
[Step 5094] Action: 2
[Step 5104] Action: 2
[Step 5114] Action: 2
[Step 5124] Action: 2
[Step 5134] Action: 2
[Step 5144] Action: 2
[Step 5154] Action: 2
[Step 5164] Action: 2
[Step 5174] Action: 2
[Step 5184] Action: 2
[Step 5194] Action: 2
[Step 5204] Action: 2
[Step 5214] Action: 2
[Step 5224] Action: 2
[Step 5234] Action: 2
[Step 5244] Action: 2
[Step 5254] Action: 2
[Step 5264] Action: 2
[Step 5274] Action: 2
[Step 5284] Action: 2
[Step 5294] Action: 2
[Step 5304] Action: 2
[Step 5314] Action: 2
[Step 5324] Action: 2
[Step 5334] Action: 2
[Step 5344] Action: 2
[Step 5354] Action: 2
[Step 5364] Action: 2
[Step 5374] Action: 2
[Step 5384] Action: 2
[Step 5394] Action: 2
