[Step 0] Action: 3
[Step 40] Action: 0
[Step 84] Action: 3
[Step 128] Action: 1
[Step 172] Action: 1
[Step 212] Action: 3
[Step 256] Action: 1
[Step 300] Action: 1
[Step 340] Action: 1
[Step 380] Action: 2
[Step 424] Action: 1
[Step 468] Action: 2
[Step 512] Action: 1
[Step 556] Action: 1
[Step 596] Action: 1
[Step 636] Action: 1
[Step 676] Action: 1
[Step 716] Action: 1
[Step 756] Action: 1
[Step 796] Action: 1
[Step 836] Action: 1
[Step 876] Action: 1
[Step 916] Action: 1
[Step 956] Action: 1
[Step 996] Action: 1
[Step 1036] Action: 1
[Step 1076] Action: 1
[Step 1116] Action: 1
[Step 1156] Action: 1
[Step 1196] Action: 1
[Step 1236] Action: 1
[Step 1276] Action: 1
[Step 1316] Action: 1
[Step 1356] Action: 1
[Step 1396] Action: 1
[Step 1436] Action: 1
[Step 1476] Action: 1
[Step 1516] Action: 1
[Step 1556] Action: 1
[Step 1596] Action: 1
[Step 1636] Action: 1
[Step 1676] Action: 1
[Step 1716] Action: 1
[Step 1756] Action: 1
[Step 1796] Action: 1
[Step 1836] Action: 1
[Step 1876] Action: 1
[Step 1916] Action: 1
[Step 1956] Action: 1
[Step 1996] Action: 1
[Step 2036] Action: 1
[Step 2076] Action: 1
[Step 2116] Action: 1
[Step 2156] Action: 1
[Step 2196] Action: 1
[Step 2236] Action: 1
[Step 2276] Action: 1
[Step 2316] Action: 1
[Step 2356] Action: 1
[Step 2396] Action: 1
[Step 2436] Action: 1
[Step 2476] Action: 1
[Step 2516] Action: 1
[Step 2556] Action: 1
[Step 2596] Action: 1
[Step 2636] Action: 1
[Step 2676] Action: 1
[Step 2716] Action: 1
[Step 2756] Action: 1
[Step 2796] Action: 1
[Step 2836] Action: 1
[Step 2876] Action: 1
[Step 2916] Action: 1
[Step 2956] Action: 1
[Step 2996] Action: 1
[Step 3036] Action: 1
[Step 3076] Action: 1
[Step 3116] Action: 1
[Step 3156] Action: 1
[Step 3196] Action: 1
[Step 3236] Action: 1
[Step 3276] Action: 1
[Step 3316] Action: 1
[Step 3356] Action: 1
[Step 3396] Action: 1
[Step 3436] Action: 1
[Step 3476] Action: 1
[Step 3516] Action: 1
[Step 3556] Action: 1
[Step 3596] Action: 1
[Step 3636] Action: 1
[Step 3676] Action: 1
[Step 3716] Action: 1
[Step 3756] Action: 1
[Step 3796] Action: 1
[Step 3836] Action: 1
[Step 3876] Action: 1
[Step 3916] Action: 1
[Step 3956] Action: 1
[Step 3996] Action: 1
[Step 4036] Action: 1
[Step 4076] Action: 1
[Step 4116] Action: 1
[Step 4156] Action: 1
[Step 4196] Action: 1
[Step 4236] Action: 1
[Step 4276] Action: 1
[Step 4316] Action: 1
[Step 4356] Action: 1
[Step 4396] Action: 1
[Step 4436] Action: 1
[Step 4476] Action: 1
[Step 4516] Action: 1
[Step 4556] Action: 1
[Step 4596] Action: 1
[Step 4636] Action: 1
[Step 4676] Action: 1
[Step 4716] Action: 1
[Step 4756] Action: 1
[Step 4796] Action: 1
[Step 4836] Action: 1
[Step 4876] Action: 1
[Step 4916] Action: 1
[Step 4956] Action: 1
[Step 4996] Action: 1
[Step 5036] Action: 1
[Step 5076] Action: 1
[Step 5116] Action: 1
[Step 5156] Action: 1
[Step 5196] Action: 1
[Step 5236] Action: 1
[Step 5276] Action: 1
[Step 5316] Action: 1
[Step 5356] Action: 1
[Step 5396] Action: 1
