[Step 0] Action: 2
[Step 10] Action: 3
[Step 24] Action: 2
[Step 38] Action: 0
[Step 52] Action: 3
[Step 66] Action: 0
[Step 80] Action: 0
[Step 90] Action: 2
[Step 104] Action: 0
[Step 118] Action: 3
[Step 132] Action: 2
[Step 146] Action: 1
[Step 160] Action: 1
[Step 170] Action: 2
[Step 184] Action: 3
[Step 198] Action: 0
[Step 212] Action: 2
[Step 226] Action: 1
[Step 240] Action: 1
[Step 250] Action: 2
[Step 264] Action: 0
[Step 278] Action: 2
[Step 292] Action: 0
[Step 306] Action: 2
[Step 320] Action: 1
[Step 334] Action: 1
[Step 344] Action: 1
[Step 354] Action: 1
[Step 364] Action: 2
[Step 378] Action: 1
[Step 392] Action: 0
[Step 406] Action: 1
[Step 420] Action: 1
[Step 430] Action: 2
[Step 444] Action: 2
[Step 454] Action: 1
[Step 468] Action: 1
[Step 478] Action: 0
[Step 492] Action: 0
[Step 502] Action: 1
[Step 516] Action: 2
[Step 530] Action: 2
[Step 540] Action: 2
[Step 550] Action: 2
[Step 560] Action: 3
[Step 574] Action: 0
[Step 588] Action: 0
[Step 598] Action: 1
[Step 612] Action: 0
[Step 626] Action: 2
[Step 640] Action: 1
[Step 654] Action: 1
[Step 664] Action: 1
[Step 674] Action: 1
[Step 684] Action: 0
[Step 698] Action: 2
[Step 712] Action: 0
[Step 726] Action: 0
[Step 736] Action: 1
[Step 750] Action: 0
[Step 764] Action: 0
[Step 774] Action: 2
[Step 788] Action: 1
[Step 802] Action: 1
[Step 812] Action: 1
[Step 822] Action: 1
[Step 832] Action: 2
[Step 846] Action: 1
[Step 860] Action: 1
[Step 870] Action: 1
[Step 880] Action: 1
[Step 890] Action: 1
[Step 900] Action: 1
[Step 910] Action: 1
[Step 920] Action: 0
[Step 934] Action: 1
[Step 948] Action: 1
[Step 958] Action: 1
[Step 968] Action: 1
[Step 978] Action: 1
[Step 988] Action: 1
[Step 998] Action: 2
[Step 1012] Action: 2
[Step 1022] Action: 1
[Step 1036] Action: 0
[Step 1050] Action: 0
[Step 1060] Action: 1
[Step 1074] Action: 1
[Step 1084] Action: 0
[Step 1098] Action: 1
[Step 1112] Action: 1
[Step 1122] Action: 1
[Step 1132] Action: 1
[Step 1142] Action: 1
[Step 1152] Action: 1
[Step 1162] Action: 1
[Step 1172] Action: 2
[Step 1186] Action: 1
[Step 1200] Action: 2
[Step 1214] Action: 1
[Step 1228] Action: 1
[Step 1238] Action: 1
[Step 1248] Action: 0
[Step 1262] Action: 1
[Step 1276] Action: 1
[Step 1286] Action: 1
[Step 1296] Action: 1
[Step 1306] Action: 1
[Step 1316] Action: 1
[Step 1326] Action: 0
[Step 1340] Action: 1
[Step 1354] Action: 0
[Step 1368] Action: 1
[Step 1382] Action: 1
[Step 1392] Action: 2
[Step 1406] Action: 1
[Step 1420] Action: 1
[Step 1430] Action: 2
[Step 1444] Action: 2
[Step 1454] Action: 1
[Step 1468] Action: 1
[Step 1478] Action: 2
[Step 1492] Action: 1
[Step 1506] Action: 1
[Step 1516] Action: 1
[Step 1526] Action: 2
[Step 1540] Action: 2
[Step 1550] Action: 1
[Step 1564] Action: 0
[Step 1578] Action: 0
[Step 1588] Action: 1
[Step 1602] Action: 1
[Step 1612] Action: 1
[Step 1622] Action: 1
[Step 1632] Action: 1
[Step 1642] Action: 0
[Step 1656] Action: 0
[Step 1666] Action: 2
[Step 1680] Action: 0
[Step 1694] Action: 0
[Step 1704] Action: 2
[Step 1718] Action: 1
[Step 1732] Action: 1
[Step 1742] Action: 1
[Step 1752] Action: 1
[Step 1762] Action: 2
[Step 1776] Action: 2
[Step 1786] Action: 1
[Step 1800] Action: 1
[Step 1810] Action: 2
[Step 1824] Action: 0
[Step 1838] Action: 2
[Step 1852] Action: 1
[Step 1866] Action: 1
[Step 1876] Action: 1
[Step 1886] Action: 1
[Step 1896] Action: 1
[Step 1906] Action: 1
[Step 1916] Action: 1
[Step 1926] Action: 2
[Step 1940] Action: 1
[Step 1954] Action: 2
[Step 1968] Action: 1
[Step 1982] Action: 0
[Step 1996] Action: 1
[Step 2010] Action: 0
[Step 2024] Action: 0
[Step 2034] Action: 0
[Step 2044] Action: 1
[Step 2058] Action: 0
[Step 2072] Action: 1
[Step 2086] Action: 2
[Step 2100] Action: 2
[Step 2110] Action: 1
[Step 2124] Action: 1
[Step 2134] Action: 1
[Step 2144] Action: 0
[Step 2158] Action: 3
[Step 2172] Action: 0
[Step 2186] Action: 2
[Step 2200] Action: 0
[Step 2214] Action: 0
[Step 2224] Action: 3
[Step 2238] Action: 2
[Step 2252] Action: 1
[Step 2266] Action: 1
[Step 2276] Action: 2
[Step 2290] Action: 2
[Step 2300] Action: 1
[Step 2314] Action: 2
[Step 2328] Action: 2
[Step 2338] Action: 1
[Step 2352] Action: 1
[Step 2362] Action: 2
[Step 2376] Action: 0
[Step 2390] Action: 1
[Step 2404] Action: 1
[Step 2414] Action: 0
[Step 2428] Action: 1
[Step 2442] Action: 1
[Step 2452] Action: 1
[Step 2462] Action: 1
[Step 2472] Action: 1
[Step 2482] Action: 2
[Step 2496] Action: 0
[Step 2510] Action: 0
[Step 2520] Action: 1
[Step 2534] Action: 3
[Step 2548] Action: 1
[Step 2562] Action: 1
[Step 2572] Action: 3
[Step 2586] Action: 2
[Step 2600] Action: 0
[Step 2614] Action: 2
[Step 2628] Action: 1
[Step 2642] Action: 2
[Step 2656] Action: 1
[Step 2670] Action: 0
[Step 2684] Action: 1
[Step 2698] Action: 2
[Step 2712] Action: 1
[Step 2726] Action: 0
[Step 2740] Action: 2
[Step 2754] Action: 1
[Step 2768] Action: 2
[Step 2782] Action: 1
[Step 2796] Action: 2
[Step 2810] Action: 1
[Step 2824] Action: 1
[Step 2834] Action: 3
[Step 2848] Action: 3
[Step 2858] Action: 3
[Step 2868] Action: 1
[Step 2882] Action: 3
[Step 2896] Action: 2
[Step 2910] Action: 1
[Step 2924] Action: 1
[Step 2934] Action: 0
[Step 2948] Action: 0
[Step 2958] Action: 3
[Step 2972] Action: 1
[Step 2986] Action: 2
[Step 3000] Action: 1
[Step 3014] Action: 0
[Step 3028] Action: 1
[Step 3042] Action: 1
[Step 3052] Action: 2
[Step 3066] Action: 2
[Step 3076] Action: 1
[Step 3090] Action: 2
[Step 3104] Action: 0
[Step 3118] Action: 0
[Step 3128] Action: 2
[Step 3142] Action: 1
[Step 3156] Action: 1
[Step 3166] Action: 1
[Step 3176] Action: 1
[Step 3186] Action: 0
[Step 3200] Action: 3
[Step 3214] Action: 1
[Step 3228] Action: 0
[Step 3242] Action: 0
[Step 3252] Action: 2
[Step 3266] Action: 0
[Step 3280] Action: 1
[Step 3294] Action: 3
[Step 3308] Action: 1
[Step 3322] Action: 1
[Step 3332] Action: 0
[Step 3346] Action: 3
[Step 3360] Action: 1
[Step 3374] Action: 2
[Step 3388] Action: 1
[Step 3402] Action: 2
[Step 3416] Action: 1
[Step 3430] Action: 0
[Step 3444] Action: 1
[Step 3458] Action: 1
[Step 3468] Action: 1
[Step 3478] Action: 1
[Step 3488] Action: 2
[Step 3502] Action: 0
[Step 3516] Action: 1
[Step 3530] Action: 0
[Step 3544] Action: 3
[Step 3558] Action: 0
[Step 3572] Action: 0
[Step 3582] Action: 2
[Step 3596] Action: 0
[Step 3610] Action: 2
[Step 3624] Action: 0
[Step 3638] Action: 1
[Step 3652] Action: 0
[Step 3666] Action: 3
[Step 3680] Action: 1
[Step 3694] Action: 0
[Step 3708] Action: 0
[Step 3718] Action: 0
[Step 3728] Action: 2
[Step 3742] Action: 0
[Step 3756] Action: 2
[Step 3770] Action: 0
[Step 3784] Action: 2
[Step 3798] Action: 1
[Step 3812] Action: 1
[Step 3822] Action: 1
[Step 3832] Action: 0
[Step 3846] Action: 0
[Step 3856] Action: 1
[Step 3870] Action: 0
[Step 3884] Action: 3
[Step 3898] Action: 0
[Step 3912] Action: 0
[Step 3922] Action: 2
[Step 3936] Action: 0
[Step 3950] Action: 2
[Step 3964] Action: 1
[Step 3978] Action: 1
[Step 3988] Action: 0
[Step 4002] Action: 0
[Step 4012] Action: 3
[Step 4026] Action: 3
[Step 4036] Action: 3
[Step 4046] Action: 0
[Step 4060] Action: 1
[Step 4074] Action: 3
[Step 4088] Action: 0
[Step 4102] Action: 0
[Step 4112] Action: 3
[Step 4126] Action: 3
[Step 4136] Action: 3
[Step 4146] Action: 0
[Step 4160] Action: 3
[Step 4174] Action: 1
[Step 4188] Action: 1
[Step 4198] Action: 0
[Step 4212] Action: 0
[Step 4222] Action: 1
[Step 4236] Action: 3
[Step 4250] Action: 0
[Step 4264] Action: 1
[Step 4278] Action: 1
[Step 4288] Action: 3
[Step 4302] Action: 0
[Step 4316] Action: 1
[Step 4330] Action: 1
[Step 4340] Action: 0
[Step 4354] Action: 3
[Step 4368] Action: 2
[Step 4382] Action: 2
[Step 4392] Action: 0
[Step 4406] Action: 1
[Step 4420] Action: 0
[Step 4434] Action: 3
[Step 4448] Action: 3
[Step 4458] Action: 3
[Step 4468] Action: 0
[Step 4482] Action: 1
[Step 4496] Action: 0
[Step 4510] Action: 1
[Step 4524] Action: 2
[Step 4538] Action: 3
[Step 4552] Action: 0
[Step 4566] Action: 2
[Step 4580] Action: 0
[Step 4594] Action: 3
[Step 4608] Action: 2
[Step 4622] Action: 0
[Step 4636] Action: 3
[Step 4650] Action: 3
[Step 4660] Action: 1
[Step 4674] Action: 1
[Step 4684] Action: 2
[Step 4698] Action: 0
[Step 4712] Action: 1
[Step 4726] Action: 3
[Step 4740] Action: 3
[Step 4750] Action: 0
[Step 4764] Action: 1
[Step 4778] Action: 1
[Step 4788] Action: 2
[Step 4802] Action: 3
[Step 4816] Action: 1
[Step 4830] Action: 0
[Step 4844] Action: 0
[Step 4854] Action: 0
[Step 4864] Action: 2
[Step 4878] Action: 1
[Step 4892] Action: 1
[Step 4902] Action: 0
[Step 4916] Action: 0
[Step 4926] Action: 3
[Step 4940] Action: 3
[Step 4950] Action: 1
[Step 4964] Action: 3
[Step 4978] Action: 2
[Step 4992] Action: 2
[Step 5002] Action: 0
[Step 5016] Action: 2
[Step 5030] Action: 3
[Step 5044] Action: 3
[Step 5054] Action: 2
[Step 5068] Action: 3
[Step 5082] Action: 2
[Step 5096] Action: 2
[Step 5106] Action: 0
[Step 5120] Action: 1
[Step 5134] Action: 0
[Step 5148] Action: 1
[Step 5162] Action: 1
[Step 5172] Action: 3
[Step 5186] Action: 2
[Step 5200] Action: 3
[Step 5214] Action: 3
[Step 5224] Action: 0
[Step 5238] Action: 2
[Step 5252] Action: 0
[Step 5266] Action: 0
[Step 5276] Action: 0
[Step 5286] Action: 2
[Step 5300] Action: 3
[Step 5314] Action: 2
[Step 5328] Action: 2
[Step 5338] Action: 0
[Step 5352] Action: 0
[Step 5362] Action: 2
[Step 5376] Action: 3
[Step 5390] Action: 0
