[Step 0] Action: 0
[Step 10] Action: 3
[Step 24] Action: 3
[Step 34] Action: 1
[Step 48] Action: 0
[Step 62] Action: 3
[Step 76] Action: 1
[Step 90] Action: 2
[Step 104] Action: 2
[Step 114] Action: 1
[Step 128] Action: 0
[Step 142] Action: 0
[Step 152] Action: 3
[Step 166] Action: 1
[Step 180] Action: 0
[Step 194] Action: 2
[Step 208] Action: 1
[Step 222] Action: 2
[Step 236] Action: 0
[Step 250] Action: 2
[Step 264] Action: 0
[Step 278] Action: 1
[Step 292] Action: 2
[Step 306] Action: 2
[Step 316] Action: 2
[Step 326] Action: 1
[Step 340] Action: 0
[Step 354] Action: 1
[Step 368] Action: 0
[Step 382] Action: 3
[Step 396] Action: 0
[Step 410] Action: 1
[Step 424] Action: 0
[Step 438] Action: 0
[Step 448] Action: 1
[Step 462] Action: 0
[Step 476] Action: 2
[Step 490] Action: 0
[Step 504] Action: 2
[Step 518] Action: 1
[Step 532] Action: 1
[Step 542] Action: 1
[Step 552] Action: 1
[Step 562] Action: 2
[Step 576] Action: 1
[Step 590] Action: 1
[Step 600] Action: 1
[Step 610] Action: 0
[Step 624] Action: 2
[Step 638] Action: 0
[Step 652] Action: 0
[Step 662] Action: 0
[Step 672] Action: 0
[Step 682] Action: 2
[Step 696] Action: 0
[Step 710] Action: 1
[Step 724] Action: 2
[Step 738] Action: 0
[Step 752] Action: 0
[Step 762] Action: 1
[Step 776] Action: 1
[Step 786] Action: 1
[Step 796] Action: 1
[Step 806] Action: 1
[Step 816] Action: 0
[Step 830] Action: 1
[Step 844] Action: 1
[Step 854] Action: 1
[Step 864] Action: 2
[Step 878] Action: 1
[Step 892] Action: 2
[Step 906] Action: 0
[Step 920] Action: 1
[Step 934] Action: 2
[Step 948] Action: 1
[Step 962] Action: 1
[Step 972] Action: 2
[Step 986] Action: 1
[Step 1000] Action: 2
[Step 1014] Action: 1
[Step 1028] Action: 1
[Step 1038] Action: 1
[Step 1048] Action: 2
[Step 1062] Action: 0
[Step 1076] Action: 1
[Step 1090] Action: 1
[Step 1100] Action: 1
[Step 1110] Action: 1
[Step 1120] Action: 1
[Step 1130] Action: 1
[Step 1140] Action: 1
[Step 1150] Action: 2
[Step 1164] Action: 1
[Step 1178] Action: 1
[Step 1188] Action: 1
[Step 1198] Action: 2
[Step 1212] Action: 1
[Step 1226] Action: 0
[Step 1240] Action: 2
[Step 1254] Action: 2
[Step 1264] Action: 1
[Step 1278] Action: 1
[Step 1288] Action: 1
[Step 1298] Action: 0
[Step 1312] Action: 1
[Step 1326] Action: 1
[Step 1336] Action: 1
[Step 1346] Action: 1
[Step 1356] Action: 1
[Step 1366] Action: 2
[Step 1380] Action: 1
[Step 1394] Action: 1
[Step 1404] Action: 1
[Step 1414] Action: 1
[Step 1424] Action: 1
[Step 1434] Action: 1
[Step 1444] Action: 1
[Step 1454] Action: 1
[Step 1464] Action: 0
[Step 1478] Action: 2
[Step 1492] Action: 1
[Step 1506] Action: 1
[Step 1516] Action: 2
[Step 1530] Action: 1
[Step 1544] Action: 2
[Step 1558] Action: 1
[Step 1572] Action: 2
[Step 1586] Action: 1
[Step 1600] Action: 1
[Step 1610] Action: 1
[Step 1620] Action: 1
[Step 1630] Action: 0
[Step 1644] Action: 2
[Step 1658] Action: 1
[Step 1672] Action: 1
[Step 1682] Action: 1
[Step 1692] Action: 1
[Step 1702] Action: 1
[Step 1712] Action: 2
[Step 1726] Action: 1
[Step 1740] Action: 1
[Step 1750] Action: 1
[Step 1760] Action: 1
[Step 1770] Action: 1
[Step 1780] Action: 1
[Step 1790] Action: 2
[Step 1804] Action: 2
[Step 1814] Action: 2
[Step 1824] Action: 2
[Step 1834] Action: 0
[Step 1848] Action: 2
[Step 1862] Action: 2
[Step 1872] Action: 1
[Step 1886] Action: 1
[Step 1896] Action: 1
[Step 1906] Action: 1
[Step 1916] Action: 0
[Step 1930] Action: 0
[Step 1940] Action: 0
[Step 1950] Action: 1
[Step 1964] Action: 2
[Step 1978] Action: 0
[Step 1992] Action: 1
[Step 2006] Action: 0
[Step 2020] Action: 0
[Step 2030] Action: 2
[Step 2044] Action: 1
[Step 2058] Action: 2
[Step 2072] Action: 1
[Step 2086] Action: 2
[Step 2100] Action: 2
[Step 2110] Action: 1
[Step 2124] Action: 1
[Step 2134] Action: 1
[Step 2144] Action: 1
[Step 2154] Action: 2
[Step 2168] Action: 1
[Step 2182] Action: 1
[Step 2192] Action: 2
[Step 2206] Action: 2
[Step 2216] Action: 1
[Step 2230] Action: 1
[Step 2240] Action: 0
[Step 2254] Action: 3
[Step 2268] Action: 1
[Step 2282] Action: 1
[Step 2292] Action: 1
[Step 2302] Action: 1
[Step 2312] Action: 0
[Step 2326] Action: 0
[Step 2336] Action: 2
[Step 2350] Action: 2
[Step 2360] Action: 2
[Step 2370] Action: 2
[Step 2380] Action: 1
[Step 2394] Action: 1
[Step 2404] Action: 2
[Step 2418] Action: 2
[Step 2428] Action: 1
[Step 2442] Action: 0
[Step 2456] Action: 0
[Step 2466] Action: 1
[Step 2480] Action: 0
[Step 2494] Action: 1
[Step 2508] Action: 0
[Step 2522] Action: 2
[Step 2536] Action: 3
[Step 2550] Action: 2
[Step 2564] Action: 1
[Step 2578] Action: 2
[Step 2592] Action: 2
[Step 2602] Action: 0
[Step 2616] Action: 0
[Step 2626] Action: 1
[Step 2640] Action: 2
[Step 2654] Action: 1
[Step 2668] Action: 1
[Step 2678] Action: 0
[Step 2692] Action: 1
[Step 2706] Action: 0
[Step 2720] Action: 1
[Step 2734] Action: 0
[Step 2748] Action: 1
[Step 2762] Action: 1
[Step 2772] Action: 1
[Step 2782] Action: 2
[Step 2796] Action: 1
[Step 2810] Action: 1
[Step 2820] Action: 2
[Step 2834] Action: 2
[Step 2844] Action: 3
[Step 2858] Action: 2
[Step 2872] Action: 1
[Step 2886] Action: 1
[Step 2896] Action: 3
[Step 2910] Action: 2
[Step 2924] Action: 0
[Step 2938] Action: 1
[Step 2952] Action: 0
[Step 2966] Action: 3
[Step 2980] Action: 2
[Step 2994] Action: 0
[Step 3008] Action: 1
[Step 3022] Action: 0
[Step 3036] Action: 0
[Step 3046] Action: 3
[Step 3060] Action: 0
[Step 3074] Action: 2
[Step 3088] Action: 1
[Step 3102] Action: 2
[Step 3116] Action: 1
[Step 3130] Action: 1
[Step 3140] Action: 0
[Step 3154] Action: 1
[Step 3168] Action: 2
[Step 3182] Action: 0
[Step 3196] Action: 3
[Step 3210] Action: 3
[Step 3220] Action: 1
[Step 3234] Action: 1
[Step 3244] Action: 1
[Step 3254] Action: 0
[Step 3268] Action: 0
[Step 3278] Action: 0
[Step 3288] Action: 1
[Step 3302] Action: 2
[Step 3316] Action: 1
[Step 3330] Action: 2
[Step 3344] Action: 0
[Step 3358] Action: 3
[Step 3372] Action: 0
[Step 3386] Action: 0
[Step 3396] Action: 0
[Step 3406] Action: 3
[Step 3420] Action: 2
[Step 3434] Action: 1
[Step 3448] Action: 2
[Step 3462] Action: 0
[Step 3476] Action: 1
[Step 3490] Action: 0
[Step 3504] Action: 2
[Step 3518] Action: 2
[Step 3528] Action: 3
[Step 3542] Action: 3
[Step 3552] Action: 1
[Step 3566] Action: 3
[Step 3580] Action: 0
[Step 3594] Action: 3
[Step 3608] Action: 0
[Step 3622] Action: 0
[Step 3632] Action: 0
[Step 3642] Action: 0
[Step 3652] Action: 3
[Step 3666] Action: 3
[Step 3676] Action: 0
[Step 3690] Action: 0
[Step 3700] Action: 0
[Step 3710] Action: 0
[Step 3720] Action: 3
[Step 3734] Action: 0
[Step 3748] Action: 0
[Step 3758] Action: 1
[Step 3772] Action: 0
[Step 3786] Action: 0
[Step 3796] Action: 2
[Step 3810] Action: 0
[Step 3824] Action: 2
[Step 3838] Action: 0
[Step 3852] Action: 3
[Step 3866] Action: 3
[Step 3876] Action: 2
[Step 3890] Action: 2
[Step 3900] Action: 3
[Step 3914] Action: 1
[Step 3928] Action: 3
[Step 3942] Action: 0
[Step 3956] Action: 3
[Step 3970] Action: 2
[Step 3984] Action: 0
[Step 3998] Action: 3
[Step 4012] Action: 1
[Step 4026] Action: 1
[Step 4036] Action: 2
[Step 4050] Action: 3
[Step 4064] Action: 2
[Step 4078] Action: 2
[Step 4088] Action: 0
[Step 4102] Action: 3
[Step 4116] Action: 1
[Step 4130] Action: 0
[Step 4144] Action: 3
[Step 4158] Action: 1
[Step 4172] Action: 3
[Step 4186] Action: 1
[Step 4200] Action: 1
[Step 4210] Action: 0
[Step 4224] Action: 3
[Step 4238] Action: 2
[Step 4252] Action: 1
[Step 4266] Action: 2
[Step 4280] Action: 2
[Step 4290] Action: 1
[Step 4304] Action: 2
[Step 4318] Action: 1
[Step 4332] Action: 3
[Step 4346] Action: 2
[Step 4360] Action: 1
[Step 4374] Action: 2
[Step 4388] Action: 2
[Step 4398] Action: 3
[Step 4412] Action: 0
[Step 4426] Action: 3
[Step 4440] Action: 0
[Step 4454] Action: 2
[Step 4468] Action: 3
[Step 4482] Action: 1
[Step 4496] Action: 2
[Step 4510] Action: 1
[Step 4524] Action: 2
[Step 4538] Action: 1
[Step 4552] Action: 0
[Step 4566] Action: 3
[Step 4580] Action: 0
[Step 4594] Action: 3
[Step 4608] Action: 3
[Step 4618] Action: 2
[Step 4632] Action: 1
[Step 4646] Action: 1
[Step 4656] Action: 1
[Step 4666] Action: 3
[Step 4680] Action: 0
[Step 4694] Action: 2
[Step 4708] Action: 1
[Step 4722] Action: 3
[Step 4736] Action: 1
[Step 4750] Action: 2
[Step 4764] Action: 3
[Step 4778] Action: 1
[Step 4792] Action: 1
[Step 4802] Action: 3
[Step 4816] Action: 0
[Step 4830] Action: 2
[Step 4844] Action: 0
[Step 4858] Action: 0
[Step 4868] Action: 0
[Step 4878] Action: 0
[Step 4888] Action: 0
[Step 4898] Action: 1
[Step 4912] Action: 1
[Step 4922] Action: 0
[Step 4936] Action: 0
[Step 4946] Action: 3
[Step 4960] Action: 3
[Step 4970] Action: 3
[Step 4980] Action: 0
[Step 4994] Action: 2
[Step 5008] Action: 2
[Step 5018] Action: 3
[Step 5032] Action: 0
[Step 5046] Action: 3
[Step 5060] Action: 3
[Step 5070] Action: 0
[Step 5084] Action: 2
[Step 5098] Action: 2
[Step 5108] Action: 1
[Step 5122] Action: 0
[Step 5136] Action: 1
[Step 5150] Action: 3
[Step 5164] Action: 0
[Step 5178] Action: 0
[Step 5188] Action: 1
[Step 5202] Action: 3
[Step 5216] Action: 2
[Step 5230] Action: 0
[Step 5244] Action: 0
[Step 5254] Action: 3
[Step 5268] Action: 1
[Step 5282] Action: 1
[Step 5292] Action: 1
[Step 5302] Action: 0
[Step 5316] Action: 0
[Step 5326] Action: 1
[Step 5340] Action: 3
[Step 5354] Action: 2
[Step 5368] Action: 0
[Step 5382] Action: 3
[Step 5396] Action: 3
