[Step 0] Action: 3
[Step 40] Action: 1
[Step 84] Action: 3
[Step 128] Action: 1
[Step 172] Action: 1
[Step 212] Action: 0
[Step 256] Action: 2
[Step 300] Action: 1
[Step 344] Action: 1
[Step 384] Action: 1
[Step 424] Action: 1
[Step 464] Action: 1
[Step 504] Action: 0
[Step 548] Action: 1
[Step 592] Action: 1
[Step 632] Action: 1
[Step 672] Action: 1
[Step 712] Action: 1
[Step 752] Action: 1
[Step 792] Action: 1
[Step 832] Action: 1
[Step 872] Action: 1
[Step 912] Action: 1
[Step 952] Action: 1
[Step 992] Action: 1
[Step 1032] Action: 1
[Step 1072] Action: 1
[Step 1112] Action: 1
[Step 1152] Action: 0
[Step 1196] Action: 1
[Step 1240] Action: 1
[Step 1280] Action: 1
[Step 1320] Action: 1
[Step 1360] Action: 1
[Step 1400] Action: 1
[Step 1440] Action: 1
[Step 1480] Action: 0
[Step 1524] Action: 1
[Step 1568] Action: 1
[Step 1608] Action: 1
[Step 1648] Action: 1
[Step 1688] Action: 1
[Step 1728] Action: 1
[Step 1768] Action: 0
[Step 1812] Action: 1
[Step 1856] Action: 1
[Step 1896] Action: 0
[Step 1940] Action: 1
[Step 1984] Action: 1
[Step 2024] Action: 0
[Step 2068] Action: 1
[Step 2112] Action: 1
[Step 2152] Action: 1
[Step 2192] Action: 1
[Step 2232] Action: 1
[Step 2272] Action: 1
[Step 2312] Action: 2
[Step 2356] Action: 1
[Step 2400] Action: 1
[Step 2440] Action: 2
[Step 2484] Action: 2
[Step 2524] Action: 1
[Step 2568] Action: 1
[Step 2608] Action: 1
[Step 2648] Action: 1
[Step 2688] Action: 0
[Step 2732] Action: 0
[Step 2772] Action: 1
[Step 2816] Action: 1
[Step 2856] Action: 1
[Step 2896] Action: 1
[Step 2936] Action: 0
[Step 2980] Action: 1
[Step 3024] Action: 1
[Step 3064] Action: 1
[Step 3104] Action: 2
[Step 3148] Action: 2
[Step 3188] Action: 2
[Step 3228] Action: 0
[Step 3272] Action: 1
[Step 3316] Action: 1
[Step 3356] Action: 0
[Step 3400] Action: 1
[Step 3444] Action: 1
[Step 3484] Action: 2
[Step 3528] Action: 1
[Step 3572] Action: 3
[Step 3616] Action: 0
[Step 3660] Action: 0
[Step 3700] Action: 0
[Step 3740] Action: 1
[Step 3784] Action: 1
[Step 3824] Action: 0
[Step 3868] Action: 0
[Step 3908] Action: 0
[Step 3948] Action: 1
[Step 3992] Action: 1
[Step 4032] Action: 3
[Step 4076] Action: 1
[Step 4120] Action: 0
[Step 4164] Action: 2
[Step 4208] Action: 2
[Step 4248] Action: 0
[Step 4292] Action: 1
[Step 4336] Action: 3
[Step 4380] Action: 0
[Step 4424] Action: 2
[Step 4468] Action: 3
[Step 4512] Action: 3
[Step 4552] Action: 0
[Step 4596] Action: 1
[Step 4640] Action: 0
[Step 4684] Action: 1
[Step 4728] Action: 3
[Step 4772] Action: 2
[Step 4816] Action: 1
[Step 4860] Action: 1
[Step 4900] Action: 1
[Step 4940] Action: 0
[Step 4984] Action: 0
[Step 5024] Action: 1
[Step 5068] Action: 2
[Step 5112] Action: 1
[Step 5156] Action: 1
[Step 5196] Action: 0
[Step 5240] Action: 2
[Step 5284] Action: 1
[Step 5328] Action: 0
[Step 5372] Action: 0
