[Step 0] Action: 3
[Step 10] Action: 3
[Step 20] Action: 3
[Step 30] Action: 3
[Step 40] Action: 3
[Step 50] Action: 1
[Step 64] Action: 0
[Step 78] Action: 1
[Step 92] Action: 0
[Step 106] Action: 1
[Step 120] Action: 0
[Step 134] Action: 0
[Step 144] Action: 3
[Step 158] Action: 0
[Step 172] Action: 0
[Step 182] Action: 3
[Step 196] Action: 0
[Step 210] Action: 3
[Step 224] Action: 0
[Step 238] Action: 2
[Step 252] Action: 0
[Step 266] Action: 3
[Step 280] Action: 0
[Step 294] Action: 3
[Step 308] Action: 0
[Step 322] Action: 3
[Step 336] Action: 0
[Step 350] Action: 3
[Step 364] Action: 1
[Step 378] Action: 0
[Step 392] Action: 2
[Step 406] Action: 0
[Step 420] Action: 2
[Step 434] Action: 0
[Step 448] Action: 3
[Step 462] Action: 0
[Step 476] Action: 3
[Step 490] Action: 0
[Step 504] Action: 3
[Step 518] Action: 0
[Step 532] Action: 3
[Step 546] Action: 0
[Step 560] Action: 3
[Step 574] Action: 3
[Step 584] Action: 0
[Step 598] Action: 3
[Step 612] Action: 1
[Step 626] Action: 0
[Step 640] Action: 1
[Step 654] Action: 3
[Step 668] Action: 0
[Step 682] Action: 3
[Step 696] Action: 0
[Step 710] Action: 3
[Step 724] Action: 0
[Step 738] Action: 3
[Step 752] Action: 0
[Step 766] Action: 0
[Step 776] Action: 3
[Step 790] Action: 0
[Step 804] Action: 2
[Step 818] Action: 0
[Step 832] Action: 3
[Step 846] Action: 0
[Step 860] Action: 2
[Step 874] Action: 0
[Step 888] Action: 0
[Step 898] Action: 3
[Step 912] Action: 0
[Step 926] Action: 3
[Step 940] Action: 0
[Step 954] Action: 2
[Step 968] Action: 0
[Step 982] Action: 3
[Step 996] Action: 0
[Step 1010] Action: 3
[Step 1024] Action: 0
[Step 1038] Action: 3
[Step 1052] Action: 0
[Step 1066] Action: 3
[Step 1080] Action: 1
[Step 1094] Action: 0
[Step 1108] Action: 3
[Step 1122] Action: 0
[Step 1136] Action: 2
[Step 1150] Action: 0
[Step 1164] Action: 3
[Step 1178] Action: 0
[Step 1192] Action: 3
[Step 1206] Action: 0
[Step 1220] Action: 2
[Step 1234] Action: 2
[Step 1244] Action: 0
[Step 1258] Action: 3
[Step 1272] Action: 3
[Step 1282] Action: 0
[Step 1296] Action: 1
[Step 1310] Action: 0
[Step 1324] Action: 1
[Step 1338] Action: 1
[Step 1348] Action: 0
[Step 1362] Action: 2
[Step 1376] Action: 0
[Step 1390] Action: 0
[Step 1400] Action: 3
[Step 1414] Action: 3
[Step 1424] Action: 0
[Step 1438] Action: 3
[Step 1452] Action: 0
[Step 1466] Action: 1
[Step 1480] Action: 0
[Step 1494] Action: 0
[Step 1504] Action: 3
[Step 1518] Action: 0
[Step 1532] Action: 3
[Step 1546] Action: 0
[Step 1560] Action: 0
[Step 1570] Action: 0
[Step 1580] Action: 3
[Step 1594] Action: 2
[Step 1608] Action: 0
[Step 1622] Action: 3
[Step 1636] Action: 3
[Step 1646] Action: 0
[Step 1660] Action: 0
[Step 1670] Action: 3
[Step 1684] Action: 0
[Step 1698] Action: 1
[Step 1712] Action: 2
[Step 1726] Action: 0
[Step 1740] Action: 3
[Step 1754] Action: 0
[Step 1768] Action: 3
[Step 1782] Action: 0
[Step 1796] Action: 3
[Step 1810] Action: 0
[Step 1824] Action: 3
[Step 1838] Action: 0
[Step 1852] Action: 2
[Step 1866] Action: 0
[Step 1880] Action: 3
[Step 1894] Action: 0
[Step 1908] Action: 3
[Step 1922] Action: 0
[Step 1936] Action: 1
[Step 1950] Action: 0
[Step 1964] Action: 0
[Step 1974] Action: 1
[Step 1988] Action: 2
[Step 2002] Action: 0
[Step 2016] Action: 2
[Step 2030] Action: 2
[Step 2040] Action: 0
[Step 2054] Action: 3
[Step 2068] Action: 0
[Step 2082] Action: 3
[Step 2096] Action: 0
[Step 2110] Action: 2
[Step 2124] Action: 0
[Step 2138] Action: 3
[Step 2152] Action: 0
[Step 2166] Action: 3
[Step 2180] Action: 0
[Step 2194] Action: 1
[Step 2208] Action: 0
[Step 2222] Action: 3
[Step 2236] Action: 1
[Step 2250] Action: 0
[Step 2264] Action: 3
[Step 2278] Action: 0
[Step 2292] Action: 3
[Step 2306] Action: 2
[Step 2320] Action: 0
[Step 2334] Action: 3
[Step 2348] Action: 0
[Step 2362] Action: 2
[Step 2376] Action: 0
[Step 2390] Action: 2
[Step 2404] Action: 0
[Step 2418] Action: 1
[Step 2432] Action: 0
[Step 2446] Action: 2
[Step 2460] Action: 1
[Step 2474] Action: 0
[Step 2488] Action: 3
[Step 2502] Action: 0
[Step 2516] Action: 3
[Step 2530] Action: 0
[Step 2544] Action: 3
[Step 2558] Action: 1
[Step 2572] Action: 0
[Step 2586] Action: 3
[Step 2600] Action: 0
[Step 2614] Action: 3
[Step 2628] Action: 0
[Step 2642] Action: 1
[Step 2656] Action: 0
[Step 2670] Action: 0
[Step 2680] Action: 0
[Step 2690] Action: 3
[Step 2704] Action: 0
[Step 2718] Action: 3
[Step 2732] Action: 0
[Step 2746] Action: 3
[Step 2760] Action: 0
[Step 2774] Action: 3
[Step 2788] Action: 0
[Step 2802] Action: 3
[Step 2816] Action: 0
[Step 2830] Action: 3
[Step 2844] Action: 3
[Step 2854] Action: 0
[Step 2868] Action: 2
[Step 2882] Action: 0
[Step 2896] Action: 3
[Step 2910] Action: 0
[Step 2924] Action: 1
[Step 2938] Action: 0
[Step 2952] Action: 3
[Step 2966] Action: 0
[Step 2980] Action: 3
[Step 2994] Action: 0
[Step 3008] Action: 3
[Step 3022] Action: 0
[Step 3036] Action: 3
[Step 3050] Action: 0
[Step 3064] Action: 3
[Step 3078] Action: 1
[Step 3092] Action: 0
[Step 3106] Action: 2
[Step 3120] Action: 3
[Step 3134] Action: 3
[Step 3144] Action: 0
[Step 3158] Action: 1
[Step 3172] Action: 0
[Step 3186] Action: 3
[Step 3200] Action: 0
[Step 3214] Action: 3
[Step 3228] Action: 0
[Step 3242] Action: 3
[Step 3256] Action: 0
[Step 3270] Action: 3
[Step 3284] Action: 1
[Step 3298] Action: 0
[Step 3312] Action: 3
[Step 3326] Action: 0
[Step 3340] Action: 3
[Step 3354] Action: 3
[Step 3364] Action: 2
[Step 3378] Action: 0
[Step 3392] Action: 2
[Step 3406] Action: 0
[Step 3420] Action: 0
[Step 3430] Action: 3
[Step 3444] Action: 0
[Step 3458] Action: 3
[Step 3472] Action: 1
[Step 3486] Action: 0
[Step 3500] Action: 3
[Step 3514] Action: 0
[Step 3528] Action: 3
[Step 3542] Action: 0
[Step 3556] Action: 3
[Step 3570] Action: 0
[Step 3584] Action: 3
[Step 3598] Action: 0
[Step 3612] Action: 3
[Step 3626] Action: 1
[Step 3640] Action: 0
[Step 3654] Action: 3
[Step 3668] Action: 3
[Step 3678] Action: 0
[Step 3692] Action: 3
[Step 3706] Action: 0
[Step 3720] Action: 3
[Step 3734] Action: 1
[Step 3748] Action: 0
[Step 3762] Action: 3
[Step 3776] Action: 3
[Step 3786] Action: 0
[Step 3800] Action: 0
[Step 3810] Action: 3
[Step 3824] Action: 0
[Step 3838] Action: 3
[Step 3852] Action: 0
[Step 3866] Action: 3
[Step 3880] Action: 0
[Step 3894] Action: 3
[Step 3908] Action: 0
[Step 3922] Action: 3
[Step 3936] Action: 3
[Step 3946] Action: 0
[Step 3960] Action: 3
[Step 3974] Action: 0
[Step 3988] Action: 3
[Step 4002] Action: 0
[Step 4016] Action: 0
[Step 4026] Action: 3
[Step 4040] Action: 0
[Step 4054] Action: 0
[Step 4064] Action: 1
[Step 4078] Action: 0
[Step 4092] Action: 1
[Step 4106] Action: 3
[Step 4120] Action: 0
[Step 4134] Action: 3
[Step 4148] Action: 2
[Step 4162] Action: 0
[Step 4176] Action: 3
[Step 4190] Action: 0
[Step 4204] Action: 3
[Step 4218] Action: 0
[Step 4232] Action: 3
[Step 4246] Action: 0
[Step 4260] Action: 3
[Step 4274] Action: 0
[Step 4288] Action: 3
[Step 4302] Action: 0
[Step 4316] Action: 1
[Step 4330] Action: 0
[Step 4344] Action: 2
[Step 4358] Action: 0
[Step 4372] Action: 3
[Step 4386] Action: 0
[Step 4400] Action: 3
[Step 4414] Action: 2
[Step 4428] Action: 0
[Step 4442] Action: 3
[Step 4456] Action: 0
[Step 4470] Action: 0
[Step 4480] Action: 3
[Step 4494] Action: 2
[Step 4508] Action: 0
[Step 4522] Action: 3
[Step 4536] Action: 0
[Step 4550] Action: 0
[Step 4560] Action: 3
[Step 4574] Action: 0
[Step 4588] Action: 0
[Step 4598] Action: 2
[Step 4612] Action: 1
[Step 4626] Action: 0
[Step 4640] Action: 3
[Step 4654] Action: 0
[Step 4668] Action: 0
[Step 4678] Action: 3
[Step 4692] Action: 0
[Step 4706] Action: 3
[Step 4720] Action: 0
[Step 4734] Action: 3
[Step 4748] Action: 2
[Step 4762] Action: 2
[Step 4772] Action: 0
[Step 4786] Action: 3
[Step 4800] Action: 0
[Step 4814] Action: 0
[Step 4824] Action: 3
[Step 4838] Action: 0
[Step 4852] Action: 3
[Step 4866] Action: 0
[Step 4880] Action: 3
[Step 4894] Action: 0
[Step 4908] Action: 0
[Step 4918] Action: 1
[Step 4932] Action: 0
[Step 4946] Action: 3
[Step 4960] Action: 0
[Step 4974] Action: 3
[Step 4988] Action: 0
[Step 5002] Action: 3
[Step 5016] Action: 0
[Step 5030] Action: 2
[Step 5044] Action: 2
[Step 5054] Action: 0
[Step 5068] Action: 1
[Step 5082] Action: 0
[Step 5096] Action: 3
[Step 5110] Action: 0
[Step 5124] Action: 3
[Step 5138] Action: 0
[Step 5152] Action: 3
[Step 5166] Action: 3
[Step 5176] Action: 1
[Step 5190] Action: 0
[Step 5204] Action: 1
[Step 5218] Action: 0
[Step 5232] Action: 3
[Step 5246] Action: 1
[Step 5260] Action: 0
[Step 5274] Action: 3
[Step 5288] Action: 0
[Step 5302] Action: 3
[Step 5316] Action: 0
[Step 5330] Action: 2
[Step 5344] Action: 0
[Step 5358] Action: 1
[Step 5372] Action: 0
[Step 5386] Action: 3
