[Step 0] Action: 0
[Step 10] Action: 0
[Step 20] Action: 3
[Step 34] Action: 1
[Step 48] Action: 0
[Step 62] Action: 2
[Step 76] Action: 1
[Step 90] Action: 1
[Step 100] Action: 0
[Step 114] Action: 1
[Step 128] Action: 0
[Step 142] Action: 1
[Step 156] Action: 0
[Step 170] Action: 0
[Step 180] Action: 0
[Step 190] Action: 0
[Step 200] Action: 1
[Step 214] Action: 3
[Step 228] Action: 0
[Step 242] Action: 1
[Step 256] Action: 3
[Step 270] Action: 2
[Step 284] Action: 2
[Step 294] Action: 0
[Step 308] Action: 1
[Step 322] Action: 0
[Step 336] Action: 1
[Step 350] Action: 3
[Step 364] Action: 2
[Step 378] Action: 2
[Step 388] Action: 0
[Step 402] Action: 0
[Step 412] Action: 1
[Step 426] Action: 1
[Step 436] Action: 2
[Step 450] Action: 1
[Step 464] Action: 2
[Step 478] Action: 0
[Step 492] Action: 2
[Step 506] Action: 0
[Step 520] Action: 3
[Step 534] Action: 0
[Step 548] Action: 3
[Step 562] Action: 1
[Step 576] Action: 1
[Step 586] Action: 1
[Step 596] Action: 1
[Step 606] Action: 2
[Step 620] Action: 1
[Step 634] Action: 2
[Step 648] Action: 1
[Step 662] Action: 1
[Step 672] Action: 1
[Step 682] Action: 1
[Step 692] Action: 0
[Step 706] Action: 2
[Step 720] Action: 1
[Step 734] Action: 1
[Step 744] Action: 1
[Step 754] Action: 1
[Step 764] Action: 1
[Step 774] Action: 2
[Step 788] Action: 0
[Step 802] Action: 0
[Step 812] Action: 1
[Step 826] Action: 1
[Step 836] Action: 1
[Step 846] Action: 1
[Step 856] Action: 2
[Step 870] Action: 0
[Step 884] Action: 1
[Step 898] Action: 1
[Step 908] Action: 2
[Step 922] Action: 1
[Step 936] Action: 1
[Step 946] Action: 2
[Step 960] Action: 1
[Step 974] Action: 1
[Step 984] Action: 2
[Step 998] Action: 2
[Step 1008] Action: 1
[Step 1022] Action: 1
[Step 1032] Action: 2
[Step 1046] Action: 1
[Step 1060] Action: 1
[Step 1070] Action: 1
[Step 1080] Action: 1
[Step 1090] Action: 1
[Step 1100] Action: 1
[Step 1110] Action: 1
[Step 1120] Action: 1
[Step 1130] Action: 0
[Step 1144] Action: 2
[Step 1158] Action: 0
[Step 1172] Action: 1
[Step 1186] Action: 1
[Step 1196] Action: 1
[Step 1206] Action: 1
[Step 1216] Action: 2
[Step 1230] Action: 2
[Step 1240] Action: 1
[Step 1254] Action: 1
[Step 1264] Action: 1
[Step 1274] Action: 1
[Step 1284] Action: 1
[Step 1294] Action: 1
[Step 1304] Action: 1
[Step 1314] Action: 1
[Step 1324] Action: 0
[Step 1338] Action: 1
[Step 1352] Action: 1
[Step 1362] Action: 1
[Step 1372] Action: 2
[Step 1386] Action: 1
[Step 1400] Action: 0
[Step 1414] Action: 0
[Step 1424] Action: 1
[Step 1438] Action: 1
[Step 1448] Action: 1
[Step 1458] Action: 1
[Step 1468] Action: 1
[Step 1478] Action: 1
[Step 1488] Action: 1
[Step 1498] Action: 1
[Step 1508] Action: 1
[Step 1518] Action: 1
[Step 1528] Action: 1
[Step 1538] Action: 0
[Step 1552] Action: 1
[Step 1566] Action: 2
[Step 1580] Action: 1
[Step 1594] Action: 1
[Step 1604] Action: 2
[Step 1618] Action: 0
[Step 1632] Action: 1
[Step 1646] Action: 0
[Step 1660] Action: 1
[Step 1674] Action: 1
[Step 1684] Action: 1
[Step 1694] Action: 1
[Step 1704] Action: 1
[Step 1714] Action: 1
[Step 1724] Action: 2
[Step 1738] Action: 1
[Step 1752] Action: 1
[Step 1762] Action: 1
[Step 1772] Action: 1
[Step 1782] Action: 1
[Step 1792] Action: 1
[Step 1802] Action: 1
[Step 1812] Action: 1
[Step 1822] Action: 1
[Step 1832] Action: 1
[Step 1842] Action: 1
[Step 1852] Action: 0
[Step 1866] Action: 1
[Step 1880] Action: 1
[Step 1890] Action: 0
[Step 1904] Action: 3
[Step 1918] Action: 1
[Step 1932] Action: 1
[Step 1942] Action: 1
[Step 1952] Action: 1
[Step 1962] Action: 0
[Step 1976] Action: 1
[Step 1990] Action: 1
[Step 2000] Action: 1
[Step 2010] Action: 1
[Step 2020] Action: 1
[Step 2030] Action: 1
[Step 2040] Action: 2
[Step 2054] Action: 1
[Step 2068] Action: 1
[Step 2078] Action: 1
[Step 2088] Action: 1
[Step 2098] Action: 1
[Step 2108] Action: 1
[Step 2118] Action: 1
[Step 2128] Action: 1
[Step 2138] Action: 1
[Step 2148] Action: 1
[Step 2158] Action: 1
[Step 2168] Action: 1
[Step 2178] Action: 2
[Step 2192] Action: 1
[Step 2206] Action: 1
[Step 2216] Action: 0
[Step 2230] Action: 1
[Step 2244] Action: 1
[Step 2254] Action: 0
[Step 2268] Action: 0
[Step 2278] Action: 1
[Step 2292] Action: 0
[Step 2306] Action: 0
[Step 2316] Action: 2
[Step 2330] Action: 3
[Step 2344] Action: 1
[Step 2358] Action: 1
[Step 2368] Action: 0
[Step 2382] Action: 2
[Step 2396] Action: 1
[Step 2410] Action: 1
[Step 2420] Action: 1
[Step 2430] Action: 1
[Step 2440] Action: 0
[Step 2454] Action: 1
[Step 2468] Action: 2
[Step 2482] Action: 1
[Step 2496] Action: 2
[Step 2510] Action: 1
[Step 2524] Action: 1
[Step 2534] Action: 2
[Step 2548] Action: 1
[Step 2562] Action: 1
[Step 2572] Action: 1
[Step 2582] Action: 1
[Step 2592] Action: 1
[Step 2602] Action: 1
[Step 2612] Action: 2
[Step 2626] Action: 0
[Step 2640] Action: 1
[Step 2654] Action: 2
[Step 2668] Action: 1
[Step 2682] Action: 1
[Step 2692] Action: 2
[Step 2706] Action: 1
[Step 2720] Action: 0
[Step 2734] Action: 2
[Step 2748] Action: 0
[Step 2762] Action: 2
[Step 2776] Action: 2
[Step 2786] Action: 0
[Step 2800] Action: 1
[Step 2814] Action: 2
[Step 2828] Action: 1
[Step 2842] Action: 1
[Step 2852] Action: 1
[Step 2862] Action: 1
[Step 2872] Action: 3
[Step 2886] Action: 1
[Step 2900] Action: 1
[Step 2910] Action: 0
[Step 2924] Action: 1
[Step 2938] Action: 1
[Step 2948] Action: 1
[Step 2958] Action: 2
[Step 2972] Action: 2
[Step 2982] Action: 3
[Step 2996] Action: 0
[Step 3010] Action: 0
[Step 3020] Action: 3
[Step 3034] Action: 1
[Step 3048] Action: 1
[Step 3058] Action: 0
[Step 3072] Action: 2
[Step 3086] Action: 0
[Step 3100] Action: 1
[Step 3114] Action: 1
[Step 3124] Action: 1
[Step 3134] Action: 1
[Step 3144] Action: 2
[Step 3158] Action: 1
[Step 3172] Action: 0
[Step 3186] Action: 3
[Step 3200] Action: 0
[Step 3214] Action: 1
[Step 3228] Action: 3
[Step 3242] Action: 0
[Step 3256] Action: 2
[Step 3270] Action: 1
[Step 3284] Action: 1
[Step 3294] Action: 1
[Step 3304] Action: 1
[Step 3314] Action: 3
[Step 3328] Action: 2
[Step 3342] Action: 0
[Step 3356] Action: 0
[Step 3366] Action: 1
[Step 3380] Action: 1
[Step 3390] Action: 1
[Step 3400] Action: 3
[Step 3414] Action: 0
[Step 3428] Action: 1
[Step 3442] Action: 1
[Step 3452] Action: 1
[Step 3462] Action: 1
[Step 3472] Action: 1
[Step 3482] Action: 1
[Step 3492] Action: 0
[Step 3506] Action: 3
[Step 3520] Action: 2
[Step 3534] Action: 3
[Step 3548] Action: 0
[Step 3562] Action: 3
[Step 3576] Action: 3
[Step 3586] Action: 0
[Step 3600] Action: 0
[Step 3610] Action: 3
[Step 3624] Action: 0
[Step 3638] Action: 3
[Step 3652] Action: 1
[Step 3666] Action: 0
[Step 3680] Action: 0
[Step 3690] Action: 3
[Step 3704] Action: 0
[Step 3718] Action: 0
[Step 3728] Action: 2
[Step 3742] Action: 2
[Step 3752] Action: 3
[Step 3766] Action: 3
[Step 3776] Action: 2
[Step 3790] Action: 3
[Step 3804] Action: 3
[Step 3814] Action: 2
[Step 3828] Action: 0
[Step 3842] Action: 0
[Step 3852] Action: 2
[Step 3866] Action: 0
[Step 3880] Action: 1
[Step 3894] Action: 1
[Step 3904] Action: 0
[Step 3918] Action: 1
[Step 3932] Action: 1
[Step 3942] Action: 2
[Step 3956] Action: 3
[Step 3970] Action: 1
[Step 3984] Action: 0
[Step 3998] Action: 0
[Step 4008] Action: 3
[Step 4022] Action: 1
[Step 4036] Action: 1
[Step 4046] Action: 1
[Step 4056] Action: 1
[Step 4066] Action: 0
[Step 4080] Action: 0
[Step 4090] Action: 1
[Step 4104] Action: 0
[Step 4118] Action: 2
[Step 4132] Action: 0
[Step 4146] Action: 1
[Step 4160] Action: 0
[Step 4174] Action: 1
[Step 4188] Action: 2
[Step 4202] Action: 2
[Step 4212] Action: 1
[Step 4226] Action: 1
[Step 4236] Action: 2
[Step 4250] Action: 1
[Step 4264] Action: 2
[Step 4278] Action: 3
[Step 4292] Action: 3
[Step 4302] Action: 3
[Step 4312] Action: 2
[Step 4326] Action: 3
[Step 4340] Action: 2
[Step 4354] Action: 3
[Step 4368] Action: 1
[Step 4382] Action: 3
[Step 4396] Action: 2
[Step 4410] Action: 2
[Step 4420] Action: 1
[Step 4434] Action: 1
[Step 4444] Action: 0
[Step 4458] Action: 2
[Step 4472] Action: 2
[Step 4482] Action: 3
[Step 4496] Action: 2
[Step 4510] Action: 0
[Step 4524] Action: 0
[Step 4534] Action: 2
[Step 4548] Action: 1
[Step 4562] Action: 1
[Step 4572] Action: 1
[Step 4582] Action: 2
[Step 4596] Action: 2
[Step 4606] Action: 1
[Step 4620] Action: 1
[Step 4630] Action: 1
[Step 4640] Action: 0
[Step 4654] Action: 0
[Step 4664] Action: 1
[Step 4678] Action: 3
[Step 4692] Action: 1
[Step 4706] Action: 0
[Step 4720] Action: 0
[Step 4730] Action: 0
[Step 4740] Action: 1
[Step 4754] Action: 0
[Step 4768] Action: 0
[Step 4778] Action: 1
[Step 4792] Action: 1
[Step 4802] Action: 3
[Step 4816] Action: 0
[Step 4830] Action: 3
[Step 4844] Action: 1
[Step 4858] Action: 3
[Step 4872] Action: 3
[Step 4882] Action: 3
[Step 4892] Action: 2
[Step 4906] Action: 0
[Step 4920] Action: 3
[Step 4934] Action: 1
[Step 4948] Action: 3
[Step 4962] Action: 1
[Step 4976] Action: 1
[Step 4986] Action: 1
[Step 4996] Action: 3
[Step 5010] Action: 0
[Step 5024] Action: 3
[Step 5038] Action: 1
[Step 5052] Action: 0
[Step 5066] Action: 0
[Step 5076] Action: 2
[Step 5090] Action: 1
[Step 5104] Action: 2
[Step 5118] Action: 0
[Step 5132] Action: 0
[Step 5142] Action: 0
[Step 5152] Action: 0
[Step 5162] Action: 0
[Step 5172] Action: 0
[Step 5182] Action: 3
[Step 5196] Action: 3
[Step 5206] Action: 0
[Step 5220] Action: 1
[Step 5234] Action: 0
[Step 5248] Action: 1
[Step 5262] Action: 0
[Step 5276] Action: 2
[Step 5290] Action: 0
[Step 5304] Action: 2
[Step 5318] Action: 0
[Step 5332] Action: 2
[Step 5346] Action: 0
[Step 5360] Action: 1
[Step 5374] Action: 2
[Step 5388] Action: 3
