[Step 0] Action: 0
[Step 40] Action: 1
[Step 84] Action: 1
[Step 124] Action: 3
[Step 168] Action: 1
[Step 212] Action: 1
[Step 252] Action: 1
[Step 292] Action: 1
[Step 332] Action: 1
[Step 372] Action: 1
[Step 412] Action: 2
[Step 456] Action: 1
[Step 500] Action: 1
[Step 540] Action: 1
[Step 580] Action: 1
[Step 620] Action: 1
[Step 660] Action: 1
[Step 700] Action: 1
[Step 740] Action: 1
[Step 780] Action: 1
[Step 820] Action: 1
[Step 860] Action: 1
[Step 900] Action: 1
[Step 940] Action: 1
[Step 980] Action: 1
[Step 1020] Action: 1
[Step 1060] Action: 1
[Step 1100] Action: 1
[Step 1140] Action: 2
[Step 1184] Action: 1
[Step 1228] Action: 1
[Step 1268] Action: 1
[Step 1308] Action: 1
[Step 1348] Action: 1
[Step 1388] Action: 1
[Step 1428] Action: 1
[Step 1468] Action: 1
[Step 1508] Action: 1
[Step 1548] Action: 1
[Step 1588] Action: 1
[Step 1628] Action: 3
[Step 1672] Action: 1
[Step 1716] Action: 1
[Step 1756] Action: 1
[Step 1796] Action: 1
[Step 1836] Action: 1
[Step 1876] Action: 1
[Step 1916] Action: 1
[Step 1956] Action: 1
[Step 1996] Action: 2
[Step 2040] Action: 2
[Step 2080] Action: 3
[Step 2124] Action: 1
[Step 2168] Action: 3
[Step 2212] Action: 3
[Step 2252] Action: 3
[Step 2292] Action: 1
[Step 2336] Action: 2
[Step 2380] Action: 1
[Step 2424] Action: 1
[Step 2464] Action: 3
[Step 2508] Action: 1
[Step 2552] Action: 2
[Step 2596] Action: 1
[Step 2640] Action: 2
[Step 2684] Action: 0
[Step 2728] Action: 1
[Step 2772] Action: 1
[Step 2812] Action: 0
[Step 2856] Action: 1
[Step 2900] Action: 2
[Step 2944] Action: 1
[Step 2988] Action: 0
[Step 3032] Action: 2
[Step 3076] Action: 0
[Step 3120] Action: 3
[Step 3164] Action: 1
[Step 3208] Action: 2
[Step 3252] Action: 3
[Step 3296] Action: 0
[Step 3340] Action: 2
[Step 3384] Action: 1
[Step 3428] Action: 3
[Step 3472] Action: 3
[Step 3512] Action: 1
[Step 3556] Action: 1
[Step 3596] Action: 0
[Step 3640] Action: 1
[Step 3684] Action: 2
[Step 3728] Action: 3
[Step 3772] Action: 1
[Step 3816] Action: 0
[Step 3860] Action: 3
[Step 3904] Action: 2
[Step 3948] Action: 0
[Step 3992] Action: 2
[Step 4036] Action: 1
[Step 4080] Action: 2
[Step 4124] Action: 0
[Step 4168] Action: 1
[Step 4212] Action: 1
[Step 4252] Action: 3
[Step 4296] Action: 3
[Step 4336] Action: 1
[Step 4380] Action: 0
[Step 4424] Action: 3
[Step 4468] Action: 1
[Step 4512] Action: 3
[Step 4556] Action: 3
[Step 4596] Action: 2
[Step 4640] Action: 0
[Step 4684] Action: 3
[Step 4728] Action: 3
[Step 4768] Action: 1
[Step 4812] Action: 2
[Step 4856] Action: 3
[Step 4900] Action: 1
[Step 4944] Action: 3
[Step 4988] Action: 0
[Step 5032] Action: 0
[Step 5072] Action: 0
[Step 5112] Action: 0
[Step 5152] Action: 1
[Step 5196] Action: 2
[Step 5240] Action: 2
[Step 5280] Action: 2
[Step 5320] Action: 2
[Step 5360] Action: 1
