[Step 0] Action: 0
[Step 10] Action: 0
[Step 20] Action: 3
[Step 34] Action: 1
[Step 48] Action: 1
[Step 58] Action: 3
[Step 72] Action: 1
[Step 86] Action: 2
[Step 100] Action: 1
[Step 114] Action: 2
[Step 128] Action: 2
[Step 138] Action: 1
[Step 152] Action: 3
[Step 166] Action: 0
[Step 180] Action: 0
[Step 190] Action: 1
[Step 204] Action: 0
[Step 218] Action: 3
[Step 232] Action: 0
[Step 246] Action: 1
[Step 260] Action: 1
[Step 270] Action: 0
[Step 284] Action: 0
[Step 294] Action: 0
[Step 304] Action: 2
[Step 318] Action: 3
[Step 332] Action: 2
[Step 346] Action: 1
[Step 360] Action: 2
[Step 374] Action: 2
[Step 384] Action: 1
[Step 398] Action: 2
[Step 412] Action: 2
[Step 422] Action: 1
[Step 436] Action: 1
[Step 446] Action: 3
[Step 460] Action: 0
[Step 474] Action: 1
[Step 488] Action: 2
[Step 502] Action: 1
[Step 516] Action: 1
[Step 526] Action: 1
[Step 536] Action: 0
[Step 550] Action: 2
[Step 564] Action: 2
[Step 574] Action: 2
[Step 584] Action: 1
[Step 598] Action: 1
[Step 608] Action: 1
[Step 618] Action: 1
[Step 628] Action: 0
[Step 642] Action: 1
[Step 656] Action: 3
[Step 670] Action: 2
[Step 684] Action: 1
[Step 698] Action: 0
[Step 712] Action: 0
[Step 722] Action: 2
[Step 736] Action: 1
[Step 750] Action: 1
[Step 760] Action: 1
[Step 770] Action: 1
[Step 780] Action: 1
[Step 790] Action: 0
[Step 804] Action: 1
[Step 818] Action: 1
[Step 828] Action: 1
[Step 838] Action: 1
[Step 848] Action: 1
[Step 858] Action: 1
[Step 868] Action: 1
[Step 878] Action: 1
[Step 888] Action: 1
[Step 898] Action: 2
[Step 912] Action: 1
[Step 926] Action: 1
[Step 936] Action: 1
[Step 946] Action: 1
[Step 956] Action: 0
[Step 970] Action: 0
[Step 980] Action: 1
[Step 994] Action: 2
[Step 1008] Action: 1
[Step 1022] Action: 1
[Step 1032] Action: 0
[Step 1046] Action: 0
[Step 1056] Action: 0
[Step 1066] Action: 1
[Step 1080] Action: 1
[Step 1090] Action: 1
[Step 1100] Action: 1
[Step 1110] Action: 1
[Step 1120] Action: 0
[Step 1134] Action: 2
[Step 1148] Action: 1
[Step 1162] Action: 1
[Step 1172] Action: 1
[Step 1182] Action: 1
[Step 1192] Action: 1
[Step 1202] Action: 0
[Step 1216] Action: 0
[Step 1226] Action: 1
[Step 1240] Action: 2
[Step 1254] Action: 1
[Step 1268] Action: 1
[Step 1278] Action: 1
[Step 1288] Action: 2
[Step 1302] Action: 0
[Step 1316] Action: 2
[Step 1330] Action: 2
[Step 1340] Action: 1
[Step 1354] Action: 1
[Step 1364] Action: 1
[Step 1374] Action: 1
[Step 1384] Action: 2
[Step 1398] Action: 1
[Step 1412] Action: 2
[Step 1426] Action: 1
[Step 1440] Action: 1
[Step 1450] Action: 1
[Step 1460] Action: 1
[Step 1470] Action: 1
[Step 1480] Action: 0
[Step 1494] Action: 1
[Step 1508] Action: 1
[Step 1518] Action: 1
[Step 1528] Action: 1
[Step 1538] Action: 1
[Step 1548] Action: 0
[Step 1562] Action: 1
[Step 1576] Action: 1
[Step 1586] Action: 1
[Step 1596] Action: 1
[Step 1606] Action: 1
[Step 1616] Action: 2
[Step 1630] Action: 1
[Step 1644] Action: 1
[Step 1654] Action: 1
[Step 1664] Action: 2
[Step 1678] Action: 1
[Step 1692] Action: 1
[Step 1702] Action: 1
[Step 1712] Action: 1
[Step 1722] Action: 1
[Step 1732] Action: 1
[Step 1742] Action: 2
[Step 1756] Action: 1
[Step 1770] Action: 1
[Step 1780] Action: 1
[Step 1790] Action: 1
[Step 1800] Action: 1
[Step 1810] Action: 2
[Step 1824] Action: 2
[Step 1834] Action: 1
[Step 1848] Action: 1
[Step 1858] Action: 1
[Step 1868] Action: 1
[Step 1878] Action: 1
[Step 1888] Action: 0
[Step 1902] Action: 1
[Step 1916] Action: 1
[Step 1926] Action: 2
[Step 1940] Action: 1
[Step 1954] Action: 1
[Step 1964] Action: 0
[Step 1978] Action: 1
[Step 1992] Action: 2
[Step 2006] Action: 1
[Step 2020] Action: 1
[Step 2030] Action: 1
[Step 2040] Action: 0
[Step 2054] Action: 2
[Step 2068] Action: 1
[Step 2082] Action: 2
[Step 2096] Action: 2
[Step 2106] Action: 0
[Step 2120] Action: 1
[Step 2134] Action: 1
[Step 2144] Action: 0
[Step 2158] Action: 3
[Step 2172] Action: 1
[Step 2186] Action: 1
[Step 2196] Action: 1
[Step 2206] Action: 1
[Step 2216] Action: 0
[Step 2230] Action: 0
[Step 2240] Action: 2
[Step 2254] Action: 1
[Step 2268] Action: 2
[Step 2282] Action: 1
[Step 2296] Action: 1
[Step 2306] Action: 0
[Step 2320] Action: 1
[Step 2334] Action: 2
[Step 2348] Action: 1
[Step 2362] Action: 1
[Step 2372] Action: 2
[Step 2386] Action: 2
[Step 2396] Action: 1
[Step 2410] Action: 1
[Step 2420] Action: 3
[Step 2434] Action: 1
[Step 2448] Action: 2
[Step 2462] Action: 3
[Step 2476] Action: 1
[Step 2490] Action: 2
[Step 2504] Action: 1
[Step 2518] Action: 1
[Step 2528] Action: 1
[Step 2538] Action: 1
[Step 2548] Action: 1
[Step 2558] Action: 3
[Step 2572] Action: 2
[Step 2586] Action: 2
[Step 2596] Action: 1
[Step 2610] Action: 1
[Step 2620] Action: 2
[Step 2634] Action: 1
[Step 2648] Action: 1
[Step 2658] Action: 1
[Step 2668] Action: 0
[Step 2682] Action: 2
[Step 2696] Action: 3
[Step 2710] Action: 1
[Step 2724] Action: 1
[Step 2734] Action: 0
[Step 2748] Action: 2
[Step 2762] Action: 2
[Step 2772] Action: 1
[Step 2786] Action: 1
[Step 2796] Action: 1
[Step 2806] Action: 1
[Step 2816] Action: 0
[Step 2830] Action: 3
[Step 2844] Action: 3
[Step 2854] Action: 1
[Step 2868] Action: 1
[Step 2878] Action: 1
[Step 2888] Action: 0
[Step 2902] Action: 1
[Step 2916] Action: 1
[Step 2926] Action: 1
[Step 2936] Action: 0
[Step 2950] Action: 2
[Step 2964] Action: 1
[Step 2978] Action: 2
[Step 2992] Action: 1
[Step 3006] Action: 0
[Step 3020] Action: 2
[Step 3034] Action: 2
[Step 3044] Action: 1
[Step 3058] Action: 2
[Step 3072] Action: 3
[Step 3086] Action: 0
[Step 3100] Action: 0
[Step 3110] Action: 0
[Step 3120] Action: 1
[Step 3134] Action: 3
[Step 3148] Action: 1
[Step 3162] Action: 0
[Step 3176] Action: 3
[Step 3190] Action: 0
[Step 3204] Action: 1
[Step 3218] Action: 1
[Step 3228] Action: 1
[Step 3238] Action: 1
[Step 3248] Action: 0
[Step 3262] Action: 1
[Step 3276] Action: 2
[Step 3290] Action: 3
[Step 3304] Action: 1
[Step 3318] Action: 0
[Step 3332] Action: 3
[Step 3346] Action: 2
[Step 3360] Action: 3
[Step 3374] Action: 0
[Step 3388] Action: 0
[Step 3398] Action: 0
[Step 3408] Action: 3
[Step 3422] Action: 1
[Step 3436] Action: 2
[Step 3450] Action: 0
[Step 3464] Action: 3
[Step 3478] Action: 1
[Step 3492] Action: 2
[Step 3506] Action: 0
[Step 3520] Action: 0
[Step 3530] Action: 2
[Step 3544] Action: 1
[Step 3558] Action: 1
[Step 3568] Action: 1
[Step 3578] Action: 2
[Step 3592] Action: 3
[Step 3606] Action: 3
[Step 3616] Action: 0
[Step 3630] Action: 2
[Step 3644] Action: 0
[Step 3658] Action: 1
[Step 3672] Action: 0
[Step 3686] Action: 0
[Step 3696] Action: 0
[Step 3706] Action: 0
[Step 3716] Action: 1
[Step 3730] Action: 2
[Step 3744] Action: 1
[Step 3758] Action: 1
[Step 3768] Action: 1
[Step 3778] Action: 1
[Step 3788] Action: 1
[Step 3798] Action: 1
[Step 3808] Action: 0
[Step 3822] Action: 1
[Step 3836] Action: 0
[Step 3850] Action: 1
[Step 3864] Action: 2
[Step 3878] Action: 1
[Step 3892] Action: 0
[Step 3906] Action: 1
[Step 3920] Action: 1
[Step 3930] Action: 3
[Step 3944] Action: 0
[Step 3958] Action: 0
[Step 3968] Action: 2
[Step 3982] Action: 0
[Step 3996] Action: 2
[Step 4010] Action: 1
[Step 4024] Action: 3
[Step 4038] Action: 1
[Step 4052] Action: 3
[Step 4066] Action: 0
[Step 4080] Action: 0
[Step 4090] Action: 2
[Step 4104] Action: 1
[Step 4118] Action: 0
[Step 4132] Action: 2
[Step 4146] Action: 1
[Step 4160] Action: 0
[Step 4174] Action: 1
[Step 4188] Action: 0
[Step 4202] Action: 0
[Step 4212] Action: 0
[Step 4222] Action: 0
[Step 4232] Action: 3
[Step 4246] Action: 1
[Step 4260] Action: 1
[Step 4270] Action: 0
[Step 4284] Action: 1
[Step 4298] Action: 3
[Step 4312] Action: 3
[Step 4322] Action: 0
[Step 4336] Action: 0
[Step 4346] Action: 1
[Step 4360] Action: 1
[Step 4370] Action: 2
[Step 4384] Action: 1
[Step 4398] Action: 1
[Step 4408] Action: 1
[Step 4418] Action: 3
[Step 4432] Action: 3
[Step 4442] Action: 3
[Step 4452] Action: 1
[Step 4466] Action: 1
[Step 4476] Action: 2
[Step 4490] Action: 2
[Step 4500] Action: 2
[Step 4510] Action: 2
[Step 4520] Action: 1
[Step 4534] Action: 0
[Step 4548] Action: 0
[Step 4558] Action: 1
[Step 4572] Action: 1
[Step 4582] Action: 1
[Step 4592] Action: 1
[Step 4602] Action: 2
[Step 4616] Action: 3
[Step 4630] Action: 3
[Step 4640] Action: 2
[Step 4654] Action: 2
[Step 4664] Action: 1
[Step 4678] Action: 2
[Step 4692] Action: 1
[Step 4706] Action: 1
[Step 4716] Action: 0
[Step 4730] Action: 2
[Step 4744] Action: 3
[Step 4758] Action: 0
[Step 4772] Action: 1
[Step 4786] Action: 0
[Step 4800] Action: 0
[Step 4810] Action: 0
[Step 4820] Action: 1
[Step 4834] Action: 3
[Step 4848] Action: 0
[Step 4862] Action: 0
[Step 4872] Action: 3
[Step 4886] Action: 1
[Step 4900] Action: 0
[Step 4914] Action: 0
[Step 4924] Action: 2
[Step 4938] Action: 1
[Step 4952] Action: 0
[Step 4966] Action: 3
[Step 4980] Action: 1
[Step 4994] Action: 1
[Step 5004] Action: 0
[Step 5018] Action: 3
[Step 5032] Action: 3
[Step 5042] Action: 0
[Step 5056] Action: 0
[Step 5066] Action: 2
[Step 5080] Action: 0
[Step 5094] Action: 3
[Step 5108] Action: 1
[Step 5122] Action: 0
[Step 5136] Action: 2
[Step 5150] Action: 3
[Step 5164] Action: 0
[Step 5178] Action: 0
[Step 5188] Action: 1
[Step 5202] Action: 1
[Step 5212] Action: 0
[Step 5226] Action: 2
[Step 5240] Action: 2
[Step 5250] Action: 1
[Step 5264] Action: 0
[Step 5278] Action: 1
[Step 5292] Action: 3
[Step 5306] Action: 0
[Step 5320] Action: 3
[Step 5334] Action: 0
[Step 5348] Action: 0
[Step 5358] Action: 2
[Step 5372] Action: 0
[Step 5386] Action: 0
[Step 5396] Action: 0
