[Step 0] Action: 2
[Step 10] Action: 3
[Step 24] Action: 1
[Step 38] Action: 1
[Step 48] Action: 2
[Step 62] Action: 2
[Step 72] Action: 2
[Step 82] Action: 0
[Step 96] Action: 2
[Step 110] Action: 1
[Step 124] Action: 3
[Step 138] Action: 2
[Step 152] Action: 2
[Step 162] Action: 3
[Step 176] Action: 3
[Step 186] Action: 1
[Step 200] Action: 0
[Step 214] Action: 0
[Step 224] Action: 1
[Step 238] Action: 1
[Step 248] Action: 2
[Step 262] Action: 0
[Step 276] Action: 3
[Step 290] Action: 0
[Step 304] Action: 2
[Step 318] Action: 1
[Step 332] Action: 3
[Step 346] Action: 2
[Step 360] Action: 0
[Step 374] Action: 3
[Step 388] Action: 2
[Step 402] Action: 3
[Step 416] Action: 2
[Step 430] Action: 1
[Step 444] Action: 3
[Step 458] Action: 0
[Step 472] Action: 1
[Step 486] Action: 3
[Step 500] Action: 2
[Step 514] Action: 3
[Step 528] Action: 2
[Step 542] Action: 3
[Step 556] Action: 0
[Step 570] Action: 2
[Step 584] Action: 2
[Step 594] Action: 0
[Step 608] Action: 1
[Step 622] Action: 1
[Step 632] Action: 2
[Step 646] Action: 0
[Step 660] Action: 0
[Step 670] Action: 1
[Step 684] Action: 0
[Step 698] Action: 0
[Step 708] Action: 0
[Step 718] Action: 0
[Step 728] Action: 1
[Step 742] Action: 2
[Step 756] Action: 3
[Step 770] Action: 0
[Step 784] Action: 0
[Step 794] Action: 1
[Step 808] Action: 1
[Step 818] Action: 0
[Step 832] Action: 0
[Step 842] Action: 2
[Step 856] Action: 1
[Step 870] Action: 3
[Step 884] Action: 0
[Step 898] Action: 3
[Step 912] Action: 0
[Step 926] Action: 3
[Step 940] Action: 2
[Step 954] Action: 0
[Step 968] Action: 1
[Step 982] Action: 0
[Step 996] Action: 0
[Step 1006] Action: 2
[Step 1020] Action: 2
[Step 1030] Action: 0
[Step 1044] Action: 0
[Step 1054] Action: 1
[Step 1068] Action: 0
[Step 1082] Action: 1
[Step 1096] Action: 1
[Step 1106] Action: 2
[Step 1120] Action: 0
[Step 1134] Action: 2
[Step 1148] Action: 2
[Step 1158] Action: 2
[Step 1168] Action: 0
[Step 1182] Action: 2
[Step 1196] Action: 2
[Step 1206] Action: 3
[Step 1220] Action: 0
[Step 1234] Action: 0
[Step 1244] Action: 3
[Step 1258] Action: 2
[Step 1272] Action: 1
[Step 1286] Action: 0
[Step 1300] Action: 1
[Step 1314] Action: 2
[Step 1328] Action: 0
[Step 1342] Action: 3
[Step 1356] Action: 2
[Step 1370] Action: 0
[Step 1384] Action: 1
[Step 1398] Action: 2
[Step 1412] Action: 0
[Step 1426] Action: 0
[Step 1436] Action: 1
[Step 1450] Action: 1
[Step 1460] Action: 1
[Step 1470] Action: 0
[Step 1484] Action: 0
[Step 1494] Action: 2
[Step 1508] Action: 0
[Step 1522] Action: 2
[Step 1536] Action: 3
[Step 1550] Action: 0
[Step 1564] Action: 0
[Step 1574] Action: 3
[Step 1588] Action: 1
[Step 1602] Action: 2
[Step 1616] Action: 2
[Step 1626] Action: 0
[Step 1640] Action: 3
[Step 1654] Action: 3
[Step 1664] Action: 0
[Step 1678] Action: 1
[Step 1692] Action: 1
[Step 1702] Action: 2
[Step 1716] Action: 1
[Step 1730] Action: 0
[Step 1744] Action: 1
[Step 1758] Action: 0
[Step 1772] Action: 2
[Step 1786] Action: 1
[Step 1800] Action: 2
[Step 1814] Action: 2
[Step 1824] Action: 0
[Step 1838] Action: 1
[Step 1852] Action: 0
[Step 1866] Action: 2
[Step 1880] Action: 3
[Step 1894] Action: 2
[Step 1908] Action: 1
[Step 1922] Action: 2
[Step 1936] Action: 0
[Step 1950] Action: 1
[Step 1964] Action: 3
[Step 1978] Action: 2
[Step 1992] Action: 3
[Step 2006] Action: 0
[Step 2020] Action: 2
[Step 2034] Action: 2
[Step 2044] Action: 1
[Step 2058] Action: 1
[Step 2068] Action: 0
[Step 2082] Action: 3
[Step 2096] Action: 2
[Step 2110] Action: 0
[Step 2124] Action: 0
[Step 2134] Action: 0
[Step 2144] Action: 3
[Step 2158] Action: 2
[Step 2172] Action: 0
[Step 2186] Action: 2
[Step 2200] Action: 0
[Step 2214] Action: 0
[Step 2224] Action: 1
[Step 2238] Action: 1
[Step 2248] Action: 2
[Step 2262] Action: 1
[Step 2276] Action: 0
[Step 2290] Action: 0
[Step 2300] Action: 2
[Step 2314] Action: 2
[Step 2324] Action: 0
[Step 2338] Action: 1
[Step 2352] Action: 2
[Step 2366] Action: 3
[Step 2380] Action: 2
[Step 2394] Action: 0
[Step 2408] Action: 2
[Step 2422] Action: 2
[Step 2432] Action: 2
[Step 2442] Action: 3
[Step 2456] Action: 2
[Step 2470] Action: 0
[Step 2484] Action: 0
[Step 2494] Action: 3
[Step 2508] Action: 2
[Step 2522] Action: 1
[Step 2536] Action: 0
[Step 2550] Action: 2
[Step 2564] Action: 1
[Step 2578] Action: 2
[Step 2592] Action: 1
[Step 2606] Action: 1
[Step 2616] Action: 0
[Step 2630] Action: 0
[Step 2640] Action: 1
[Step 2654] Action: 1
[Step 2664] Action: 1
[Step 2674] Action: 0
[Step 2688] Action: 0
[Step 2698] Action: 2
[Step 2712] Action: 2
[Step 2722] Action: 2
[Step 2732] Action: 1
[Step 2746] Action: 2
[Step 2760] Action: 0
[Step 2774] Action: 0
[Step 2784] Action: 2
[Step 2798] Action: 2
[Step 2808] Action: 1
[Step 2822] Action: 1
[Step 2832] Action: 2
[Step 2846] Action: 1
[Step 2860] Action: 0
[Step 2874] Action: 0
[Step 2884] Action: 0
[Step 2894] Action: 3
[Step 2908] Action: 2
[Step 2922] Action: 0
[Step 2936] Action: 0
[Step 2946] Action: 0
[Step 2956] Action: 3
[Step 2970] Action: 0
[Step 2984] Action: 1
[Step 2998] Action: 2
[Step 3012] Action: 0
[Step 3026] Action: 3
[Step 3040] Action: 3
[Step 3050] Action: 0
[Step 3064] Action: 1
[Step 3078] Action: 2
[Step 3092] Action: 1
[Step 3106] Action: 1
[Step 3116] Action: 0
[Step 3130] Action: 3
[Step 3144] Action: 0
[Step 3158] Action: 2
[Step 3172] Action: 0
[Step 3186] Action: 1
[Step 3200] Action: 1
[Step 3210] Action: 0
[Step 3224] Action: 0
[Step 3234] Action: 0
[Step 3244] Action: 3
[Step 3258] Action: 0
[Step 3272] Action: 1
[Step 3286] Action: 0
[Step 3300] Action: 0
[Step 3310] Action: 0
[Step 3320] Action: 2
[Step 3334] Action: 1
[Step 3348] Action: 1
[Step 3358] Action: 1
[Step 3368] Action: 0
[Step 3382] Action: 2
[Step 3396] Action: 1
[Step 3410] Action: 0
[Step 3424] Action: 1
[Step 3438] Action: 2
[Step 3452] Action: 1
[Step 3466] Action: 1
[Step 3476] Action: 0
[Step 3490] Action: 3
[Step 3504] Action: 0
[Step 3518] Action: 1
[Step 3532] Action: 3
[Step 3546] Action: 0
[Step 3560] Action: 1
[Step 3574] Action: 1
[Step 3584] Action: 0
[Step 3598] Action: 1
[Step 3612] Action: 2
[Step 3626] Action: 1
[Step 3640] Action: 0
[Step 3654] Action: 0
[Step 3664] Action: 1
[Step 3678] Action: 2
[Step 3692] Action: 3
[Step 3706] Action: 1
[Step 3720] Action: 0
[Step 3734] Action: 0
[Step 3744] Action: 0
[Step 3754] Action: 0
[Step 3764] Action: 0
[Step 3774] Action: 1
[Step 3788] Action: 1
[Step 3798] Action: 1
[Step 3808] Action: 0
[Step 3822] Action: 3
[Step 3836] Action: 2
[Step 3850] Action: 1
[Step 3864] Action: 3
[Step 3878] Action: 1
[Step 3892] Action: 3
[Step 3906] Action: 0
[Step 3920] Action: 2
[Step 3934] Action: 2
[Step 3944] Action: 1
[Step 3958] Action: 3
[Step 3972] Action: 0
[Step 3986] Action: 0
[Step 3996] Action: 2
[Step 4010] Action: 0
[Step 4024] Action: 0
[Step 4034] Action: 2
[Step 4048] Action: 1
[Step 4062] Action: 2
[Step 4076] Action: 0
[Step 4090] Action: 2
[Step 4104] Action: 2
[Step 4114] Action: 0
[Step 4128] Action: 1
[Step 4142] Action: 1
[Step 4152] Action: 3
[Step 4166] Action: 2
[Step 4180] Action: 3
[Step 4194] Action: 0
[Step 4208] Action: 0
[Step 4218] Action: 2
[Step 4232] Action: 0
[Step 4246] Action: 3
[Step 4260] Action: 2
[Step 4274] Action: 2
[Step 4284] Action: 3
[Step 4298] Action: 0
[Step 4312] Action: 1
[Step 4326] Action: 0
[Step 4340] Action: 0
[Step 4350] Action: 0
[Step 4360] Action: 0
[Step 4370] Action: 0
[Step 4380] Action: 3
[Step 4394] Action: 3
[Step 4404] Action: 0
[Step 4418] Action: 0
[Step 4428] Action: 0
[Step 4438] Action: 1
[Step 4452] Action: 2
