[Step 0] Action: 3
[Step 40] Action: 2
[Step 84] Action: 2
[Step 124] Action: 2
[Step 164] Action: 1
[Step 208] Action: 2
[Step 252] Action: 2
[Step 292] Action: 2
[Step 332] Action: 1
[Step 376] Action: 2
[Step 420] Action: 2
[Step 460] Action: 0
[Step 504] Action: 1
[Step 548] Action: 1
[Step 588] Action: 1
[Step 628] Action: 1
[Step 668] Action: 1
[Step 708] Action: 1
[Step 748] Action: 3
[Step 792] Action: 1
[Step 836] Action: 1
[Step 876] Action: 1
[Step 916] Action: 1
[Step 956] Action: 1
[Step 996] Action: 1
[Step 1036] Action: 1
[Step 1076] Action: 1
[Step 1116] Action: 1
[Step 1156] Action: 1
[Step 1196] Action: 1
[Step 1236] Action: 1
[Step 1276] Action: 1
[Step 1316] Action: 1
[Step 1356] Action: 1
[Step 1396] Action: 1
[Step 1436] Action: 1
[Step 1476] Action: 1
[Step 1516] Action: 1
[Step 1556] Action: 1
[Step 1596] Action: 1
[Step 1636] Action: 1
[Step 1676] Action: 2
[Step 1720] Action: 1
[Step 1764] Action: 1
[Step 1804] Action: 1
[Step 1844] Action: 3
[Step 1888] Action: 1
[Step 1932] Action: 1
[Step 1972] Action: 1
[Step 2012] Action: 1
[Step 2052] Action: 2
[Step 2096] Action: 1
[Step 2140] Action: 2
[Step 2184] Action: 3
[Step 2228] Action: 2
[Step 2272] Action: 2
[Step 2312] Action: 1
[Step 2356] Action: 0
[Step 2400] Action: 1
[Step 2444] Action: 2
[Step 2488] Action: 3
[Step 2532] Action: 3
[Step 2572] Action: 0
[Step 2616] Action: 1
[Step 2660] Action: 1
[Step 2700] Action: 1
[Step 2740] Action: 3
[Step 2784] Action: 0
[Step 2828] Action: 1
[Step 2872] Action: 2
[Step 2916] Action: 0
[Step 2960] Action: 2
[Step 3004] Action: 1
[Step 3048] Action: 3
[Step 3092] Action: 1
[Step 3136] Action: 1
[Step 3176] Action: 1
[Step 3216] Action: 0
[Step 3260] Action: 3
[Step 3304] Action: 1
[Step 3348] Action: 0
[Step 3392] Action: 0
[Step 3432] Action: 2
[Step 3476] Action: 1
[Step 3520] Action: 2
[Step 3564] Action: 0
[Step 3608] Action: 3
[Step 3652] Action: 1
[Step 3696] Action: 0
[Step 3740] Action: 3
[Step 3784] Action: 1
[Step 3828] Action: 3
[Step 3872] Action: 0
[Step 3916] Action: 3
[Step 3960] Action: 3
[Step 4000] Action: 1
[Step 4044] Action: 3
[Step 4088] Action: 2
[Step 4132] Action: 1
[Step 4176] Action: 1
[Step 4216] Action: 1
[Step 4256] Action: 2
[Step 4300] Action: 2
[Step 4340] Action: 3
[Step 4384] Action: 3
[Step 4424] Action: 2
[Step 4468] Action: 1
[Step 4512] Action: 1
[Step 4552] Action: 2
[Step 4596] Action: 1
[Step 4640] Action: 3
[Step 4684] Action: 3
[Step 4724] Action: 0
[Step 4768] Action: 1
[Step 4812] Action: 0
[Step 4856] Action: 0
[Step 4896] Action: 3
[Step 4940] Action: 1
[Step 4984] Action: 2
[Step 5028] Action: 1
[Step 5072] Action: 0
[Step 5116] Action: 0
[Step 5156] Action: 0
[Step 5196] Action: 3
[Step 5240] Action: 3
[Step 5280] Action: 3
[Step 5320] Action: 1
[Step 5364] Action: 1
