[Step 0] Action: 0
[Step 10] Action: 1
[Step 24] Action: 0
[Step 38] Action: 1
[Step 52] Action: 1
[Step 62] Action: 2
[Step 76] Action: 2
[Step 86] Action: 0
[Step 100] Action: 0
[Step 110] Action: 1
[Step 124] Action: 3
[Step 138] Action: 3
[Step 148] Action: 1
[Step 162] Action: 3
[Step 176] Action: 1
[Step 190] Action: 3
[Step 204] Action: 1
[Step 218] Action: 2
[Step 232] Action: 3
[Step 246] Action: 2
[Step 260] Action: 0
[Step 274] Action: 0
[Step 284] Action: 2
[Step 298] Action: 0
[Step 312] Action: 2
[Step 326] Action: 0
[Step 340] Action: 0
[Step 350] Action: 1
[Step 364] Action: 2
[Step 378] Action: 3
[Step 392] Action: 3
[Step 402] Action: 2
[Step 416] Action: 2
[Step 426] Action: 2
[Step 436] Action: 0
[Step 450] Action: 1
[Step 464] Action: 0
[Step 478] Action: 0
[Step 488] Action: 0
[Step 498] Action: 2
[Step 512] Action: 0
[Step 526] Action: 2
[Step 540] Action: 0
[Step 554] Action: 3
[Step 568] Action: 2
[Step 582] Action: 0
[Step 596] Action: 3
[Step 610] Action: 2
[Step 624] Action: 2
[Step 634] Action: 3
[Step 648] Action: 2
[Step 662] Action: 0
[Step 676] Action: 0
[Step 686] Action: 2
[Step 700] Action: 0
[Step 714] Action: 1
[Step 728] Action: 2
[Step 742] Action: 0
[Step 756] Action: 3
[Step 770] Action: 2
[Step 784] Action: 0
[Step 798] Action: 0
[Step 808] Action: 0
[Step 818] Action: 1
[Step 832] Action: 0
[Step 846] Action: 1
[Step 860] Action: 3
[Step 874] Action: 0
[Step 888] Action: 0
[Step 898] Action: 0
[Step 908] Action: 0
[Step 918] Action: 1
[Step 932] Action: 2
[Step 946] Action: 0
[Step 960] Action: 1
[Step 974] Action: 1
[Step 984] Action: 0
[Step 998] Action: 0
[Step 1008] Action: 1
[Step 1022] Action: 2
[Step 1036] Action: 2
[Step 1046] Action: 2
[Step 1056] Action: 1
[Step 1070] Action: 0
[Step 1084] Action: 2
[Step 1098] Action: 0
[Step 1112] Action: 2
[Step 1126] Action: 0
[Step 1140] Action: 3
[Step 1154] Action: 2
[Step 1168] Action: 2
[Step 1178] Action: 0
[Step 1192] Action: 1
[Step 1206] Action: 2
[Step 1220] Action: 2
[Step 1230] Action: 3
[Step 1244] Action: 2
[Step 1258] Action: 0
[Step 1272] Action: 2
[Step 1286] Action: 0
[Step 1300] Action: 2
[Step 1314] Action: 0
[Step 1328] Action: 1
[Step 1342] Action: 2
[Step 1356] Action: 3
[Step 1370] Action: 0
[Step 1384] Action: 2
[Step 1398] Action: 1
[Step 1412] Action: 0
[Step 1426] Action: 1
[Step 1440] Action: 2
[Step 1454] Action: 3
[Step 1468] Action: 0
[Step 1482] Action: 0
[Step 1492] Action: 0
[Step 1502] Action: 2
[Step 1516] Action: 0
[Step 1530] Action: 0
[Step 1540] Action: 0
[Step 1550] Action: 0
[Step 1560] Action: 3
[Step 1574] Action: 1
[Step 1588] Action: 0
[Step 1602] Action: 2
[Step 1616] Action: 1
[Step 1630] Action: 3
[Step 1644] Action: 1
[Step 1658] Action: 2
[Step 1672] Action: 2
[Step 1682] Action: 0
[Step 1696] Action: 3
[Step 1710] Action: 0
[Step 1724] Action: 2
[Step 1738] Action: 1
[Step 1752] Action: 2
[Step 1766] Action: 1
[Step 1780] Action: 1
[Step 1790] Action: 3
[Step 1804] Action: 0
[Step 1818] Action: 0
[Step 1828] Action: 0
[Step 1838] Action: 1
[Step 1852] Action: 1
[Step 1862] Action: 1
[Step 1872] Action: 0
[Step 1886] Action: 0
[Step 1896] Action: 1
[Step 1910] Action: 2
[Step 1924] Action: 0
[Step 1938] Action: 2
[Step 1952] Action: 2
[Step 1962] Action: 0
[Step 1976] Action: 0
[Step 1986] Action: 1
[Step 2000] Action: 3
[Step 2014] Action: 0
[Step 2028] Action: 1
[Step 2042] Action: 0
[Step 2056] Action: 1
[Step 2070] Action: 2
[Step 2084] Action: 0
[Step 2098] Action: 3
[Step 2112] Action: 1
[Step 2126] Action: 0
[Step 2140] Action: 2
[Step 2154] Action: 1
[Step 2168] Action: 3
[Step 2182] Action: 3
[Step 2192] Action: 2
[Step 2206] Action: 2
[Step 2216] Action: 0
[Step 2230] Action: 0
[Step 2240] Action: 0
[Step 2250] Action: 2
[Step 2264] Action: 0
[Step 2278] Action: 1
[Step 2292] Action: 0
[Step 2306] Action: 3
[Step 2320] Action: 0
[Step 2334] Action: 1
[Step 2348] Action: 2
[Step 2362] Action: 2
[Step 2372] Action: 0
[Step 2386] Action: 0
[Step 2396] Action: 0
[Step 2406] Action: 3
[Step 2420] Action: 0
[Step 2434] Action: 0
[Step 2444] Action: 1
[Step 2458] Action: 0
[Step 2472] Action: 0
[Step 2482] Action: 0
[Step 2492] Action: 3
[Step 2506] Action: 0
[Step 2520] Action: 2
[Step 2534] Action: 0
[Step 2548] Action: 0
[Step 2558] Action: 2
[Step 2572] Action: 0
[Step 2586] Action: 0
[Step 2596] Action: 2
[Step 2610] Action: 0
[Step 2624] Action: 0
[Step 2634] Action: 3
[Step 2648] Action: 2
[Step 2662] Action: 2
[Step 2672] Action: 2
[Step 2682] Action: 2
[Step 2692] Action: 0
[Step 2706] Action: 2
[Step 2720] Action: 0
[Step 2734] Action: 3
[Step 2748] Action: 2
[Step 2762] Action: 0
[Step 2776] Action: 0
[Step 2786] Action: 3
[Step 2800] Action: 2
[Step 2814] Action: 2
[Step 2824] Action: 2
[Step 2834] Action: 0
[Step 2848] Action: 0
[Step 2858] Action: 0
[Step 2868] Action: 2
[Step 2882] Action: 0
[Step 2896] Action: 2
[Step 2910] Action: 1
[Step 2924] Action: 1
[Step 2934] Action: 3
[Step 2948] Action: 3
[Step 2958] Action: 0
[Step 2972] Action: 2
[Step 2986] Action: 0
[Step 3000] Action: 3
[Step 3014] Action: 1
[Step 3028] Action: 2
[Step 3042] Action: 1
[Step 3056] Action: 3
[Step 3070] Action: 0
[Step 3084] Action: 0
[Step 3094] Action: 1
[Step 3108] Action: 2
[Step 3122] Action: 0
[Step 3136] Action: 0
[Step 3146] Action: 0
[Step 3156] Action: 2
[Step 3170] Action: 0
[Step 3184] Action: 1
[Step 3198] Action: 0
[Step 3212] Action: 0
[Step 3222] Action: 3
[Step 3236] Action: 2
[Step 3250] Action: 2
[Step 3260] Action: 0
[Step 3274] Action: 1
[Step 3288] Action: 1
[Step 3298] Action: 3
[Step 3312] Action: 0
[Step 3326] Action: 3
[Step 3340] Action: 0
[Step 3354] Action: 1
[Step 3368] Action: 0
[Step 3382] Action: 2
[Step 3396] Action: 0
[Step 3410] Action: 0
[Step 3420] Action: 0
[Step 3430] Action: 3
[Step 3444] Action: 2
[Step 3458] Action: 0
[Step 3472] Action: 0
[Step 3482] Action: 2
[Step 3496] Action: 1
[Step 3510] Action: 2
[Step 3524] Action: 1
[Step 3538] Action: 0
[Step 3552] Action: 2
[Step 3566] Action: 1
[Step 3580] Action: 0
[Step 3594] Action: 0
[Step 3604] Action: 0
[Step 3614] Action: 0
[Step 3624] Action: 0
[Step 3634] Action: 0
[Step 3644] Action: 0
[Step 3654] Action: 2
[Step 3668] Action: 0
[Step 3682] Action: 1
[Step 3696] Action: 2
[Step 3710] Action: 0
[Step 3724] Action: 0
[Step 3734] Action: 1
[Step 3748] Action: 0
[Step 3762] Action: 0
[Step 3772] Action: 1
[Step 3786] Action: 0
[Step 3800] Action: 2
[Step 3814] Action: 1
[Step 3828] Action: 1
[Step 3838] Action: 2
[Step 3852] Action: 3
[Step 3866] Action: 2
[Step 3880] Action: 2
[Step 3890] Action: 1
[Step 3904] Action: 2
[Step 3918] Action: 1
[Step 3932] Action: 2
[Step 3946] Action: 1
[Step 3960] Action: 0
[Step 3974] Action: 1
[Step 3988] Action: 2
[Step 4002] Action: 2
[Step 4012] Action: 1
[Step 4026] Action: 1
[Step 4036] Action: 2
[Step 4050] Action: 2
[Step 4060] Action: 3
[Step 4074] Action: 0
[Step 4088] Action: 3
[Step 4102] Action: 3
[Step 4112] Action: 0
[Step 4126] Action: 2
[Step 4140] Action: 1
[Step 4154] Action: 3
[Step 4168] Action: 0
[Step 4182] Action: 3
[Step 4196] Action: 2
[Step 4210] Action: 0
[Step 4224] Action: 3
[Step 4238] Action: 1
[Step 4252] Action: 1
[Step 4262] Action: 3
[Step 4276] Action: 3
[Step 4286] Action: 0
[Step 4300] Action: 3
[Step 4314] Action: 3
[Step 4324] Action: 3
[Step 4334] Action: 2
[Step 4348] Action: 1
[Step 4362] Action: 2
[Step 4376] Action: 1
[Step 4390] Action: 2
[Step 4404] Action: 3
[Step 4418] Action: 0
[Step 4432] Action: 2
[Step 4446] Action: 0
[Step 4460] Action: 3
[Step 4474] Action: 0
[Step 4488] Action: 3
[Step 4502] Action: 0
[Step 4516] Action: 3
[Step 4530] Action: 0
[Step 4544] Action: 2
[Step 4558] Action: 0
[Step 4572] Action: 2
[Step 4586] Action: 2
[Step 4596] Action: 0
[Step 4610] Action: 1
[Step 4624] Action: 2
[Step 4638] Action: 2
[Step 4648] Action: 0
[Step 4662] Action: 3
[Step 4676] Action: 0
[Step 4690] Action: 3
[Step 4704] Action: 0
[Step 4718] Action: 0
[Step 4728] Action: 3
[Step 4742] Action: 1
[Step 4756] Action: 0
[Step 4770] Action: 0
[Step 4780] Action: 0
[Step 4790] Action: 0
[Step 4800] Action: 0
[Step 4810] Action: 0
[Step 4820] Action: 3
[Step 4834] Action: 1
[Step 4848] Action: 1
[Step 4858] Action: 2
[Step 4872] Action: 1
[Step 4886] Action: 1
[Step 4896] Action: 2
[Step 4910] Action: 2
[Step 4920] Action: 0
[Step 4934] Action: 0
[Step 4944] Action: 1
[Step 4958] Action: 0
[Step 4972] Action: 3
[Step 4986] Action: 0
[Step 5000] Action: 0
[Step 5010] Action: 3
[Step 5024] Action: 2
[Step 5038] Action: 1
[Step 5052] Action: 1
[Step 5062] Action: 2
[Step 5076] Action: 1
[Step 5090] Action: 2
[Step 5104] Action: 2
[Step 5114] Action: 2
[Step 5124] Action: 0
[Step 5138] Action: 0
[Step 5148] Action: 0
[Step 5158] Action: 0
[Step 5168] Action: 0
[Step 5178] Action: 0
[Step 5188] Action: 0
[Step 5198] Action: 2
[Step 5212] Action: 2
[Step 5222] Action: 2
[Step 5232] Action: 0
[Step 5246] Action: 1
[Step 5260] Action: 1
[Step 5270] Action: 3
[Step 5284] Action: 0
[Step 5298] Action: 2
[Step 5312] Action: 2
[Step 5322] Action: 3
[Step 5336] Action: 2
[Step 5350] Action: 2
[Step 5360] Action: 3
[Step 5374] Action: 0
[Step 5388] Action: 1
