[Step 0] Action: 1
[Step 10] Action: 1
[Step 20] Action: 2
[Step 34] Action: 1
[Step 48] Action: 2
[Step 62] Action: 1
[Step 76] Action: 1
[Step 86] Action: 0
[Step 100] Action: 1
[Step 114] Action: 0
[Step 128] Action: 1
[Step 142] Action: 0
[Step 156] Action: 1
[Step 170] Action: 1
[Step 180] Action: 3
[Step 194] Action: 0
[Step 208] Action: 0
[Step 218] Action: 1
[Step 232] Action: 0
[Step 246] Action: 3
[Step 260] Action: 2
[Step 274] Action: 0
[Step 288] Action: 1
[Step 302] Action: 2
[Step 316] Action: 0
[Step 330] Action: 0
[Step 340] Action: 1
[Step 354] Action: 1
[Step 364] Action: 0
[Step 378] Action: 1
[Step 392] Action: 0
[Step 406] Action: 0
[Step 416] Action: 1
[Step 430] Action: 1
[Step 440] Action: 0
[Step 454] Action: 2
[Step 468] Action: 1
[Step 482] Action: 0
[Step 496] Action: 3
[Step 510] Action: 3
[Step 520] Action: 0
[Step 534] Action: 3
[Step 548] Action: 0
[Step 562] Action: 1
[Step 576] Action: 0
[Step 590] Action: 0
[Step 600] Action: 2
[Step 614] Action: 0
[Step 628] Action: 2
[Step 642] Action: 0
[Step 656] Action: 3
[Step 670] Action: 0
[Step 684] Action: 0
[Step 694] Action: 1
[Step 708] Action: 3
[Step 722] Action: 0
[Step 736] Action: 3
[Step 750] Action: 0
[Step 764] Action: 0
[Step 774] Action: 1
[Step 788] Action: 0
[Step 802] Action: 0
[Step 812] Action: 1
[Step 826] Action: 0
[Step 840] Action: 2
[Step 854] Action: 2
[Step 864] Action: 2
[Step 874] Action: 0
[Step 888] Action: 3
[Step 902] Action: 3
[Step 912] Action: 0
[Step 926] Action: 0
[Step 936] Action: 1
[Step 950] Action: 0
[Step 964] Action: 1
[Step 978] Action: 0
[Step 992] Action: 0
[Step 1002] Action: 0
[Step 1012] Action: 1
[Step 1026] Action: 0
[Step 1040] Action: 1
[Step 1054] Action: 2
[Step 1068] Action: 0
[Step 1082] Action: 1
[Step 1096] Action: 2
[Step 1110] Action: 0
[Step 1124] Action: 1
[Step 1138] Action: 3
[Step 1152] Action: 0
[Step 1166] Action: 1
[Step 1180] Action: 1
[Step 1190] Action: 0
[Step 1204] Action: 3
[Step 1218] Action: 0
[Step 1232] Action: 3
[Step 1246] Action: 3
[Step 1256] Action: 0
[Step 1270] Action: 1
[Step 1284] Action: 3
[Step 1298] Action: 0
[Step 1312] Action: 1
[Step 1326] Action: 0
[Step 1340] Action: 1
[Step 1354] Action: 0
[Step 1368] Action: 0
[Step 1378] Action: 1
[Step 1392] Action: 3
[Step 1406] Action: 3
[Step 1416] Action: 2
[Step 1430] Action: 0
[Step 1444] Action: 1
[Step 1458] Action: 0
[Step 1472] Action: 2
[Step 1486] Action: 0
[Step 1500] Action: 1
[Step 1514] Action: 0
[Step 1528] Action: 1
[Step 1542] Action: 0
[Step 1556] Action: 0
[Step 1566] Action: 1
[Step 1580] Action: 1
[Step 1590] Action: 0
[Step 1604] Action: 0
[Step 1614] Action: 0
[Step 1624] Action: 0
[Step 1634] Action: 0
[Step 1644] Action: 1
[Step 1658] Action: 3
[Step 1672] Action: 0
[Step 1686] Action: 2
[Step 1700] Action: 3
[Step 1714] Action: 1
[Step 1728] Action: 3
[Step 1742] Action: 1
[Step 1756] Action: 3
[Step 1770] Action: 3
[Step 1780] Action: 0
[Step 1794] Action: 1
[Step 1808] Action: 0
[Step 1822] Action: 0
[Step 1832] Action: 1
[Step 1846] Action: 2
[Step 1860] Action: 0
[Step 1874] Action: 3
[Step 1888] Action: 0
[Step 1902] Action: 0
[Step 1912] Action: 2
[Step 1926] Action: 0
[Step 1940] Action: 1
[Step 1954] Action: 2
[Step 1968] Action: 0
[Step 1982] Action: 2
[Step 1996] Action: 0
[Step 2010] Action: 1
[Step 2024] Action: 0
[Step 2038] Action: 1
[Step 2052] Action: 0
[Step 2066] Action: 0
[Step 2076] Action: 0
[Step 2086] Action: 1
[Step 2100] Action: 2
[Step 2114] Action: 1
[Step 2128] Action: 0
[Step 2142] Action: 2
[Step 2156] Action: 2
[Step 2166] Action: 3
[Step 2180] Action: 0
[Step 2194] Action: 1
[Step 2208] Action: 0
[Step 2222] Action: 1
[Step 2236] Action: 0
[Step 2250] Action: 1
[Step 2264] Action: 2
[Step 2278] Action: 0
[Step 2292] Action: 2
[Step 2306] Action: 0
[Step 2320] Action: 1
[Step 2334] Action: 0
[Step 2348] Action: 1
[Step 2362] Action: 0
[Step 2376] Action: 2
[Step 2390] Action: 0
[Step 2404] Action: 2
[Step 2418] Action: 0
[Step 2432] Action: 0
[Step 2442] Action: 2
[Step 2456] Action: 0
[Step 2470] Action: 2
[Step 2484] Action: 0
[Step 2498] Action: 0
[Step 2508] Action: 2
[Step 2522] Action: 1
[Step 2536] Action: 0
[Step 2550] Action: 1
[Step 2564] Action: 1
[Step 2574] Action: 1
[Step 2584] Action: 3
[Step 2598] Action: 2
[Step 2612] Action: 1
[Step 2626] Action: 1
[Step 2636] Action: 1
[Step 2646] Action: 2
[Step 2660] Action: 2
[Step 2670] Action: 0
[Step 2684] Action: 0
[Step 2694] Action: 1
[Step 2708] Action: 0
[Step 2722] Action: 3
[Step 2736] Action: 0
[Step 2750] Action: 0
[Step 2760] Action: 1
[Step 2774] Action: 0
[Step 2788] Action: 2
[Step 2802] Action: 0
[Step 2816] Action: 1
[Step 2830] Action: 2
[Step 2844] Action: 0
[Step 2858] Action: 0
[Step 2868] Action: 3
[Step 2882] Action: 0
[Step 2896] Action: 2
[Step 2910] Action: 1
[Step 2924] Action: 1
[Step 2934] Action: 3
[Step 2948] Action: 3
[Step 2958] Action: 0
[Step 2972] Action: 3
[Step 2986] Action: 0
[Step 3000] Action: 1
[Step 3014] Action: 0
[Step 3028] Action: 0
[Step 3038] Action: 3
[Step 3052] Action: 0
[Step 3066] Action: 1
[Step 3080] Action: 2
[Step 3094] Action: 0
[Step 3108] Action: 0
[Step 3118] Action: 1
[Step 3132] Action: 0
[Step 3146] Action: 0
[Step 3156] Action: 1
[Step 3170] Action: 2
[Step 3184] Action: 0
[Step 3198] Action: 2
[Step 3212] Action: 2
[Step 3222] Action: 2
[Step 3232] Action: 0
[Step 3246] Action: 1
[Step 3260] Action: 2
[Step 3274] Action: 1
[Step 3288] Action: 0
[Step 3302] Action: 1
[Step 3316] Action: 3
[Step 3330] Action: 0
[Step 3344] Action: 1
[Step 3358] Action: 0
[Step 3372] Action: 1
[Step 3386] Action: 2
[Step 3400] Action: 2
[Step 3410] Action: 0
[Step 3424] Action: 1
[Step 3438] Action: 0
[Step 3452] Action: 1
[Step 3466] Action: 0
[Step 3480] Action: 1
[Step 3494] Action: 3
[Step 3508] Action: 3
[Step 3518] Action: 0
[Step 3532] Action: 1
[Step 3546] Action: 3
[Step 3560] Action: 0
[Step 3574] Action: 1
[Step 3588] Action: 3
[Step 3602] Action: 0
[Step 3616] Action: 1
[Step 3630] Action: 0
[Step 3644] Action: 0
[Step 3654] Action: 1
[Step 3668] Action: 2
[Step 3682] Action: 0
[Step 3696] Action: 1
[Step 3710] Action: 0
[Step 3724] Action: 1
[Step 3738] Action: 3
[Step 3752] Action: 2
[Step 3766] Action: 0
[Step 3780] Action: 0
[Step 3790] Action: 2
[Step 3804] Action: 0
[Step 3818] Action: 1
[Step 3832] Action: 3
[Step 3846] Action: 0
[Step 3860] Action: 1
[Step 3874] Action: 1
[Step 3884] Action: 3
[Step 3898] Action: 0
[Step 3912] Action: 1
[Step 3926] Action: 0
[Step 3940] Action: 2
[Step 3954] Action: 0
[Step 3968] Action: 1
[Step 3982] Action: 1
[Step 3992] Action: 0
[Step 4006] Action: 3
[Step 4020] Action: 0
[Step 4034] Action: 1
[Step 4048] Action: 1
[Step 4058] Action: 0
[Step 4072] Action: 2
[Step 4086] Action: 3
[Step 4100] Action: 0
[Step 4114] Action: 0
[Step 4124] Action: 1
[Step 4138] Action: 0
[Step 4152] Action: 3
[Step 4166] Action: 0
[Step 4180] Action: 1
[Step 4194] Action: 2
[Step 4208] Action: 0
[Step 4222] Action: 1
[Step 4236] Action: 0
[Step 4250] Action: 1
[Step 4264] Action: 3
[Step 4278] Action: 2
[Step 4292] Action: 1
[Step 4306] Action: 0
[Step 4320] Action: 1
[Step 4334] Action: 0
[Step 4348] Action: 1
[Step 4362] Action: 1
[Step 4372] Action: 0
[Step 4386] Action: 3
[Step 4400] Action: 0
[Step 4414] Action: 3
[Step 4428] Action: 3
[Step 4438] Action: 0
[Step 4452] Action: 1
[Step 4466] Action: 0
[Step 4480] Action: 1
[Step 4494] Action: 3
[Step 4508] Action: 0
[Step 4522] Action: 1
[Step 4536] Action: 3
[Step 4550] Action: 1
[Step 4564] Action: 1
[Step 4574] Action: 2
[Step 4588] Action: 1
[Step 4602] Action: 1
[Step 4612] Action: 1
[Step 4622] Action: 3
[Step 4636] Action: 3
[Step 4646] Action: 3
[Step 4656] Action: 0
[Step 4670] Action: 1
[Step 4684] Action: 3
[Step 4698] Action: 3
[Step 4708] Action: 0
[Step 4722] Action: 1
[Step 4736] Action: 0
[Step 4750] Action: 1
[Step 4764] Action: 1
[Step 4774] Action: 1
[Step 4784] Action: 1
[Step 4794] Action: 3
[Step 4808] Action: 1
[Step 4822] Action: 2
[Step 4836] Action: 2
[Step 4846] Action: 1
[Step 4860] Action: 0
[Step 4874] Action: 0
[Step 4884] Action: 1
[Step 4898] Action: 3
[Step 4912] Action: 0
[Step 4926] Action: 2
[Step 4940] Action: 0
[Step 4954] Action: 1
[Step 4968] Action: 0
[Step 4982] Action: 1
[Step 4996] Action: 1
[Step 5006] Action: 2
[Step 5020] Action: 0
[Step 5034] Action: 3
[Step 5048] Action: 0
[Step 5062] Action: 1
[Step 5076] Action: 1
[Step 5086] Action: 0
[Step 5100] Action: 1
[Step 5114] Action: 0
[Step 5128] Action: 1
[Step 5142] Action: 0
[Step 5156] Action: 2
[Step 5170] Action: 2
[Step 5180] Action: 0
[Step 5194] Action: 1
[Step 5208] Action: 0
[Step 5222] Action: 0
[Step 5232] Action: 1
[Step 5246] Action: 1
[Step 5256] Action: 0
[Step 5270] Action: 2
[Step 5284] Action: 0
[Step 5298] Action: 3
[Step 5312] Action: 0
[Step 5326] Action: 1
[Step 5340] Action: 0
[Step 5354] Action: 1
[Step 5368] Action: 0
[Step 5382] Action: 1
[Step 5396] Action: 0
