[Step 0] Action: 2
[Step 40] Action: 2
[Step 80] Action: 0
[Step 124] Action: 0
[Step 164] Action: 2
[Step 208] Action: 1
[Step 252] Action: 3
[Step 296] Action: 1
[Step 340] Action: 0
[Step 384] Action: 1
[Step 428] Action: 1
[Step 468] Action: 1
[Step 508] Action: 1
[Step 548] Action: 0
[Step 592] Action: 1
[Step 636] Action: 1
[Step 676] Action: 1
[Step 716] Action: 1
[Step 756] Action: 1
[Step 796] Action: 1
[Step 836] Action: 0
[Step 880] Action: 1
[Step 924] Action: 1
[Step 964] Action: 1
[Step 1004] Action: 1
[Step 1044] Action: 1
[Step 1084] Action: 1
[Step 1124] Action: 1
[Step 1164] Action: 1
[Step 1204] Action: 1
[Step 1244] Action: 1
[Step 1284] Action: 1
[Step 1324] Action: 1
[Step 1364] Action: 1
[Step 1404] Action: 1
[Step 1444] Action: 1
[Step 1484] Action: 0
[Step 1528] Action: 1
[Step 1572] Action: 1
[Step 1612] Action: 1
[Step 1652] Action: 1
[Step 1692] Action: 1
[Step 1732] Action: 1
[Step 1772] Action: 1
[Step 1812] Action: 0
[Step 1856] Action: 1
[Step 1900] Action: 1
[Step 1940] Action: 1
[Step 1980] Action: 1
[Step 2020] Action: 1
[Step 2060] Action: 1
[Step 2100] Action: 1
[Step 2140] Action: 1
[Step 2180] Action: 1
[Step 2220] Action: 1
[Step 2260] Action: 1
[Step 2300] Action: 2
[Step 2344] Action: 1
[Step 2388] Action: 1
[Step 2428] Action: 1
[Step 2468] Action: 0
[Step 2512] Action: 1
[Step 2556] Action: 1
[Step 2596] Action: 2
[Step 2640] Action: 1
[Step 2684] Action: 1
[Step 2724] Action: 1
[Step 2764] Action: 1
[Step 2804] Action: 1
[Step 2844] Action: 0
[Step 2888] Action: 1
[Step 2932] Action: 1
[Step 2972] Action: 0
[Step 3016] Action: 0
[Step 3056] Action: 1
[Step 3100] Action: 1
[Step 3140] Action: 1
[Step 3180] Action: 1
[Step 3220] Action: 3
[Step 3264] Action: 0
[Step 3308] Action: 3
[Step 3352] Action: 1
[Step 3396] Action: 1
[Step 3436] Action: 1
[Step 3476] Action: 1
[Step 3516] Action: 1
[Step 3556] Action: 1
[Step 3596] Action: 0
[Step 3640] Action: 2
[Step 3684] Action: 1
[Step 3728] Action: 3
[Step 3772] Action: 3
[Step 3812] Action: 1
[Step 3856] Action: 1
[Step 3896] Action: 0
[Step 3940] Action: 1
[Step 3984] Action: 2
[Step 4028] Action: 3
[Step 4072] Action: 3
[Step 4112] Action: 2
[Step 4156] Action: 2
[Step 4196] Action: 0
[Step 4240] Action: 0
[Step 4280] Action: 0
[Step 4320] Action: 1
[Step 4364] Action: 1
[Step 4404] Action: 1
[Step 4444] Action: 1
[Step 4484] Action: 1
[Step 4524] Action: 2
[Step 4568] Action: 2
[Step 4608] Action: 1
[Step 4652] Action: 1
[Step 4692] Action: 2
[Step 4736] Action: 3
[Step 4780] Action: 1
[Step 4824] Action: 0
[Step 4868] Action: 3
[Step 4912] Action: 1
[Step 4956] Action: 0
[Step 5000] Action: 1
[Step 5044] Action: 0
[Step 5088] Action: 1
[Step 5132] Action: 2
[Step 5176] Action: 1
[Step 5220] Action: 1
[Step 5260] Action: 0
[Step 5304] Action: 0
[Step 5344] Action: 2
[Step 5388] Action: 2
