[Step 0] Action: 3
[Step 40] Action: 2
[Step 84] Action: 2
[Step 124] Action: 2
[Step 164] Action: 1
[Step 208] Action: 3
[Step 252] Action: 2
[Step 296] Action: 2
[Step 336] Action: 1
[Step 380] Action: 2
[Step 424] Action: 3
[Step 468] Action: 1
[Step 512] Action: 1
[Step 552] Action: 1
[Step 592] Action: 0
[Step 636] Action: 1
[Step 680] Action: 1
[Step 720] Action: 1
[Step 760] Action: 1
[Step 800] Action: 1
[Step 840] Action: 2
[Step 884] Action: 1
[Step 928] Action: 1
[Step 968] Action: 1
[Step 1008] Action: 1
[Step 1048] Action: 1
[Step 1088] Action: 1
[Step 1128] Action: 1
[Step 1168] Action: 1
[Step 1208] Action: 1
[Step 1248] Action: 1
[Step 1288] Action: 1
[Step 1328] Action: 1
[Step 1368] Action: 2
[Step 1412] Action: 1
[Step 1456] Action: 1
[Step 1496] Action: 1
[Step 1536] Action: 1
[Step 1576] Action: 1
[Step 1616] Action: 1
[Step 1656] Action: 1
[Step 1696] Action: 3
[Step 1740] Action: 1
[Step 1784] Action: 1
[Step 1824] Action: 1
[Step 1864] Action: 1
[Step 1904] Action: 0
[Step 1948] Action: 1
[Step 1992] Action: 1
[Step 2032] Action: 2
[Step 2076] Action: 1
[Step 2120] Action: 2
[Step 2164] Action: 1
[Step 2208] Action: 1
[Step 2248] Action: 1
[Step 2288] Action: 0
[Step 2332] Action: 1
[Step 2376] Action: 2
[Step 2420] Action: 2
[Step 2460] Action: 2
[Step 2500] Action: 3
[Step 2544] Action: 1
[Step 2588] Action: 2
[Step 2632] Action: 1
[Step 2676] Action: 0
[Step 2720] Action: 1
[Step 2764] Action: 1
[Step 2804] Action: 1
[Step 2844] Action: 1
[Step 2884] Action: 3
[Step 2928] Action: 1
[Step 2972] Action: 1
[Step 3012] Action: 1
[Step 3052] Action: 0
[Step 3096] Action: 1
[Step 3140] Action: 1
[Step 3180] Action: 2
[Step 3224] Action: 1
[Step 3268] Action: 2
[Step 3312] Action: 1
[Step 3356] Action: 2
[Step 3400] Action: 0
[Step 3444] Action: 1
[Step 3488] Action: 1
[Step 3528] Action: 3
[Step 3572] Action: 2
[Step 3616] Action: 1
[Step 3660] Action: 1
[Step 3700] Action: 0
[Step 3744] Action: 1
[Step 3788] Action: 1
[Step 3828] Action: 1
[Step 3868] Action: 3
[Step 3912] Action: 2
[Step 3956] Action: 1
[Step 4000] Action: 2
[Step 4044] Action: 1
[Step 4088] Action: 1
[Step 4128] Action: 1
[Step 4168] Action: 2
[Step 4212] Action: 1
[Step 4256] Action: 1
[Step 4296] Action: 0
[Step 4340] Action: 0
[Step 4380] Action: 2
[Step 4424] Action: 0
[Step 4468] Action: 3
[Step 4512] Action: 2
[Step 4556] Action: 0
[Step 4600] Action: 2
[Step 4644] Action: 2
[Step 4684] Action: 2
[Step 4724] Action: 1
[Step 4768] Action: 3
[Step 4812] Action: 3
[Step 4852] Action: 2
[Step 4896] Action: 2
[Step 4936] Action: 1
[Step 4980] Action: 3
[Step 5024] Action: 3
[Step 5064] Action: 1
[Step 5108] Action: 0
[Step 5152] Action: 0
[Step 5192] Action: 2
[Step 5236] Action: 0
[Step 5280] Action: 1
[Step 5324] Action: 1
[Step 5364] Action: 1
