[Step 0] Action: 3
[Step 40] Action: 1
[Step 84] Action: 3
[Step 128] Action: 1
[Step 172] Action: 1
[Step 212] Action: 0
[Step 256] Action: 1
[Step 300] Action: 1
[Step 340] Action: 2
[Step 384] Action: 1
[Step 428] Action: 2
[Step 472] Action: 1
[Step 516] Action: 0
[Step 560] Action: 1
[Step 604] Action: 1
[Step 644] Action: 1
[Step 684] Action: 1
[Step 724] Action: 0
[Step 768] Action: 1
[Step 812] Action: 1
[Step 852] Action: 1
[Step 892] Action: 1
[Step 932] Action: 1
[Step 972] Action: 1
[Step 1012] Action: 1
[Step 1052] Action: 1
[Step 1092] Action: 1
[Step 1132] Action: 1
[Step 1172] Action: 1
[Step 1212] Action: 2
[Step 1256] Action: 1
[Step 1300] Action: 3
[Step 1344] Action: 1
[Step 1388] Action: 1
[Step 1428] Action: 1
[Step 1468] Action: 2
[Step 1512] Action: 1
[Step 1556] Action: 1
[Step 1596] Action: 1
[Step 1636] Action: 1
[Step 1676] Action: 2
[Step 1720] Action: 2
[Step 1760] Action: 1
[Step 1804] Action: 1
[Step 1844] Action: 1
[Step 1884] Action: 1
[Step 1924] Action: 1
[Step 1964] Action: 1
[Step 2004] Action: 1
[Step 2044] Action: 2
[Step 2088] Action: 1
[Step 2132] Action: 1
[Step 2172] Action: 3
[Step 2216] Action: 1
[Step 2260] Action: 2
[Step 2304] Action: 1
[Step 2348] Action: 2
[Step 2392] Action: 1
[Step 2436] Action: 1
[Step 2476] Action: 1
[Step 2516] Action: 1
[Step 2556] Action: 1
[Step 2596] Action: 1
[Step 2636] Action: 1
[Step 2676] Action: 2
[Step 2720] Action: 2
[Step 2760] Action: 0
[Step 2804] Action: 1
[Step 2848] Action: 1
[Step 2888] Action: 3
[Step 2932] Action: 1
[Step 2976] Action: 1
[Step 3016] Action: 1
[Step 3056] Action: 1
[Step 3096] Action: 1
[Step 3136] Action: 3
[Step 3180] Action: 3
[Step 3220] Action: 1
[Step 3264] Action: 2
[Step 3308] Action: 1
[Step 3352] Action: 1
[Step 3392] Action: 2
[Step 3436] Action: 1
[Step 3480] Action: 1
[Step 3520] Action: 3
[Step 3564] Action: 1
[Step 3608] Action: 1
[Step 3648] Action: 1
[Step 3688] Action: 3
[Step 3732] Action: 0
[Step 3776] Action: 2
[Step 3820] Action: 0
[Step 3864] Action: 2
[Step 3908] Action: 2
[Step 3948] Action: 3
[Step 3992] Action: 0
[Step 4036] Action: 1
[Step 4080] Action: 1
[Step 4120] Action: 1
[Step 4160] Action: 2
[Step 4204] Action: 3
[Step 4248] Action: 3
[Step 4288] Action: 2
[Step 4332] Action: 3
[Step 4376] Action: 3
[Step 4416] Action: 0
[Step 4460] Action: 3
[Step 4504] Action: 1
[Step 4548] Action: 1
[Step 4588] Action: 2
[Step 4632] Action: 2
[Step 4672] Action: 3
[Step 4716] Action: 1
[Step 4760] Action: 2
[Step 4804] Action: 2
[Step 4844] Action: 0
[Step 4888] Action: 2
[Step 4932] Action: 3
[Step 4976] Action: 2
[Step 5020] Action: 3
[Step 5064] Action: 3
[Step 5104] Action: 1
[Step 5148] Action: 2
[Step 5192] Action: 0
[Step 5236] Action: 2
[Step 5280] Action: 3
[Step 5324] Action: 1
[Step 5368] Action: 3
