[Step 0] Action: 3
[Step 10] Action: 1
[Step 24] Action: 3
[Step 38] Action: 1
[Step 52] Action: 0
[Step 66] Action: 3
[Step 80] Action: 0
[Step 94] Action: 2
[Step 108] Action: 0
[Step 122] Action: 2
[Step 136] Action: 3
[Step 150] Action: 1
[Step 164] Action: 0
[Step 178] Action: 2
[Step 192] Action: 3
[Step 206] Action: 3
[Step 216] Action: 1
[Step 230] Action: 3
[Step 244] Action: 0
[Step 258] Action: 0
[Step 268] Action: 1
[Step 282] Action: 1
[Step 292] Action: 0
[Step 306] Action: 3
[Step 320] Action: 1
[Step 334] Action: 0
[Step 348] Action: 2
[Step 362] Action: 0
[Step 376] Action: 0
[Step 386] Action: 1
[Step 400] Action: 2
[Step 414] Action: 1
[Step 428] Action: 2
[Step 442] Action: 0
[Step 456] Action: 0
[Step 466] Action: 0
[Step 476] Action: 3
[Step 490] Action: 3
[Step 500] Action: 1
[Step 514] Action: 0
[Step 528] Action: 1
[Step 542] Action: 1
[Step 552] Action: 1
[Step 562] Action: 2
[Step 576] Action: 1
[Step 590] Action: 1
[Step 600] Action: 2
[Step 614] Action: 1
[Step 628] Action: 0
[Step 642] Action: 1
[Step 656] Action: 1
[Step 666] Action: 0
[Step 680] Action: 0
[Step 690] Action: 1
[Step 704] Action: 0
[Step 718] Action: 1
[Step 732] Action: 1
[Step 742] Action: 1
[Step 752] Action: 1
[Step 762] Action: 2
[Step 776] Action: 0
[Step 790] Action: 1
[Step 804] Action: 2
[Step 818] Action: 1
[Step 832] Action: 1
[Step 842] Action: 1
[Step 852] Action: 1
[Step 862] Action: 1
[Step 872] Action: 2
[Step 886] Action: 1
[Step 900] Action: 1
[Step 910] Action: 1
[Step 920] Action: 1
[Step 930] Action: 1
[Step 940] Action: 1
[Step 950] Action: 2
[Step 964] Action: 0
[Step 978] Action: 1
[Step 992] Action: 1
[Step 1002] Action: 1
[Step 1012] Action: 1
[Step 1022] Action: 1
[Step 1032] Action: 1
[Step 1042] Action: 1
[Step 1052] Action: 1
[Step 1062] Action: 1
[Step 1072] Action: 1
[Step 1082] Action: 1
[Step 1092] Action: 1
[Step 1102] Action: 1
[Step 1112] Action: 1
[Step 1122] Action: 1
[Step 1132] Action: 1
[Step 1142] Action: 1
[Step 1152] Action: 1
[Step 1162] Action: 1
[Step 1172] Action: 1
[Step 1182] Action: 1
[Step 1192] Action: 1
[Step 1202] Action: 1
[Step 1212] Action: 1
[Step 1222] Action: 1
[Step 1232] Action: 1
[Step 1242] Action: 1
[Step 1252] Action: 1
[Step 1262] Action: 1
[Step 1272] Action: 1
[Step 1282] Action: 1
[Step 1292] Action: 1
[Step 1302] Action: 1
[Step 1312] Action: 1
[Step 1322] Action: 1
[Step 1332] Action: 1
[Step 1342] Action: 1
[Step 1352] Action: 1
[Step 1362] Action: 1
[Step 1372] Action: 1
[Step 1382] Action: 1
[Step 1392] Action: 1
[Step 1402] Action: 1
[Step 1412] Action: 1
[Step 1422] Action: 1
[Step 1432] Action: 1
[Step 1442] Action: 1
[Step 1452] Action: 1
[Step 1462] Action: 1
[Step 1472] Action: 1
[Step 1482] Action: 1
[Step 1492] Action: 1
[Step 1502] Action: 1
[Step 1512] Action: 1
[Step 1522] Action: 1
[Step 1532] Action: 1
[Step 1542] Action: 1
[Step 1552] Action: 1
[Step 1562] Action: 1
[Step 1572] Action: 1
[Step 1582] Action: 1
[Step 1592] Action: 1
[Step 1602] Action: 1
[Step 1612] Action: 1
[Step 1622] Action: 1
[Step 1632] Action: 1
[Step 1642] Action: 1
[Step 1652] Action: 1
[Step 1662] Action: 1
[Step 1672] Action: 1
[Step 1682] Action: 1
[Step 1692] Action: 1
[Step 1702] Action: 1
[Step 1712] Action: 1
[Step 1722] Action: 1
[Step 1732] Action: 1
[Step 1742] Action: 1
[Step 1752] Action: 1
[Step 1762] Action: 1
[Step 1772] Action: 1
[Step 1782] Action: 1
[Step 1792] Action: 1
[Step 1802] Action: 1
[Step 1812] Action: 1
[Step 1822] Action: 1
[Step 1832] Action: 1
[Step 1842] Action: 1
[Step 1852] Action: 1
[Step 1862] Action: 1
[Step 1872] Action: 1
[Step 1882] Action: 1
[Step 1892] Action: 1
[Step 1902] Action: 1
[Step 1912] Action: 1
[Step 1922] Action: 1
[Step 1932] Action: 1
[Step 1942] Action: 1
[Step 1952] Action: 1
[Step 1962] Action: 1
[Step 1972] Action: 1
[Step 1982] Action: 1
[Step 1992] Action: 1
[Step 2002] Action: 1
[Step 2012] Action: 1
[Step 2022] Action: 1
[Step 2032] Action: 1
[Step 2042] Action: 1
[Step 2052] Action: 1
[Step 2062] Action: 1
[Step 2072] Action: 1
[Step 2082] Action: 1
[Step 2092] Action: 1
[Step 2102] Action: 1
[Step 2112] Action: 1
[Step 2122] Action: 1
[Step 2132] Action: 1
[Step 2142] Action: 1
[Step 2152] Action: 1
[Step 2162] Action: 1
[Step 2172] Action: 1
[Step 2182] Action: 1
[Step 2192] Action: 1
[Step 2202] Action: 1
[Step 2212] Action: 1
[Step 2222] Action: 1
[Step 2232] Action: 1
[Step 2242] Action: 1
[Step 2252] Action: 1
[Step 2262] Action: 1
[Step 2272] Action: 1
[Step 2282] Action: 1
[Step 2292] Action: 1
[Step 2302] Action: 1
[Step 2312] Action: 1
[Step 2322] Action: 1
[Step 2332] Action: 1
[Step 2342] Action: 1
[Step 2352] Action: 1
[Step 2362] Action: 1
[Step 2372] Action: 1
[Step 2382] Action: 1
[Step 2392] Action: 1
[Step 2402] Action: 1
[Step 2412] Action: 1
[Step 2422] Action: 1
[Step 2432] Action: 1
[Step 2442] Action: 1
[Step 2452] Action: 1
[Step 2462] Action: 1
[Step 2472] Action: 1
[Step 2482] Action: 1
[Step 2492] Action: 1
[Step 2502] Action: 1
[Step 2512] Action: 1
[Step 2522] Action: 1
[Step 2532] Action: 1
[Step 2542] Action: 1
[Step 2552] Action: 1
[Step 2562] Action: 1
[Step 2572] Action: 1
[Step 2582] Action: 1
[Step 2592] Action: 1
[Step 2602] Action: 1
[Step 2612] Action: 1
[Step 2622] Action: 1
[Step 2632] Action: 1
[Step 2642] Action: 1
[Step 2652] Action: 1
[Step 2662] Action: 1
[Step 2672] Action: 1
[Step 2682] Action: 1
[Step 2692] Action: 1
[Step 2702] Action: 1
[Step 2712] Action: 1
[Step 2722] Action: 1
[Step 2732] Action: 1
[Step 2742] Action: 1
[Step 2752] Action: 1
[Step 2762] Action: 1
[Step 2772] Action: 1
[Step 2782] Action: 1
[Step 2792] Action: 1
[Step 2802] Action: 1
[Step 2812] Action: 1
[Step 2822] Action: 1
[Step 2832] Action: 1
[Step 2842] Action: 1
[Step 2852] Action: 1
[Step 2862] Action: 1
[Step 2872] Action: 1
[Step 2882] Action: 1
[Step 2892] Action: 1
[Step 2902] Action: 1
[Step 2912] Action: 1
[Step 2922] Action: 1
[Step 2932] Action: 1
[Step 2942] Action: 1
[Step 2952] Action: 1
[Step 2962] Action: 1
[Step 2972] Action: 1
[Step 2982] Action: 1
[Step 2992] Action: 1
[Step 3002] Action: 1
[Step 3012] Action: 1
[Step 3022] Action: 1
[Step 3032] Action: 1
[Step 3042] Action: 1
[Step 3052] Action: 1
[Step 3062] Action: 1
[Step 3072] Action: 1
[Step 3082] Action: 1
[Step 3092] Action: 1
[Step 3102] Action: 1
[Step 3112] Action: 1
[Step 3122] Action: 1
[Step 3132] Action: 1
[Step 3142] Action: 1
[Step 3152] Action: 1
[Step 3162] Action: 1
[Step 3172] Action: 1
[Step 3182] Action: 1
[Step 3192] Action: 1
[Step 3202] Action: 1
[Step 3212] Action: 1
[Step 3222] Action: 1
[Step 3232] Action: 1
[Step 3242] Action: 1
[Step 3252] Action: 1
[Step 3262] Action: 1
[Step 3272] Action: 1
[Step 3282] Action: 1
[Step 3292] Action: 1
[Step 3302] Action: 1
[Step 3312] Action: 1
[Step 3322] Action: 1
[Step 3332] Action: 1
[Step 3342] Action: 1
[Step 3352] Action: 1
[Step 3362] Action: 1
[Step 3372] Action: 1
[Step 3382] Action: 1
[Step 3392] Action: 1
[Step 3402] Action: 1
[Step 3412] Action: 1
[Step 3422] Action: 1
[Step 3432] Action: 1
[Step 3442] Action: 1
[Step 3452] Action: 1
[Step 3462] Action: 1
[Step 3472] Action: 1
[Step 3482] Action: 1
[Step 3492] Action: 1
[Step 3502] Action: 1
[Step 3512] Action: 1
[Step 3522] Action: 1
[Step 3532] Action: 1
[Step 3542] Action: 1
[Step 3552] Action: 1
[Step 3562] Action: 1
[Step 3572] Action: 1
[Step 3582] Action: 1
[Step 3592] Action: 1
[Step 3602] Action: 1
[Step 3612] Action: 1
[Step 3622] Action: 1
[Step 3632] Action: 1
[Step 3642] Action: 1
[Step 3652] Action: 1
[Step 3662] Action: 1
[Step 3672] Action: 1
[Step 3682] Action: 1
[Step 3692] Action: 1
[Step 3702] Action: 1
[Step 3712] Action: 1
[Step 3722] Action: 1
[Step 3732] Action: 1
[Step 3742] Action: 1
[Step 3752] Action: 1
[Step 3762] Action: 1
[Step 3772] Action: 1
[Step 3782] Action: 1
[Step 3792] Action: 1
[Step 3802] Action: 1
[Step 3812] Action: 1
[Step 3822] Action: 1
[Step 3832] Action: 1
[Step 3842] Action: 1
[Step 3852] Action: 1
[Step 3862] Action: 1
[Step 3872] Action: 1
[Step 3882] Action: 1
[Step 3892] Action: 1
[Step 3902] Action: 1
[Step 3912] Action: 1
[Step 3922] Action: 1
[Step 3932] Action: 1
[Step 3942] Action: 1
[Step 3952] Action: 1
[Step 3962] Action: 1
[Step 3972] Action: 1
[Step 3982] Action: 1
[Step 3992] Action: 1
[Step 4002] Action: 1
[Step 4012] Action: 1
[Step 4022] Action: 1
[Step 4032] Action: 1
[Step 4042] Action: 1
[Step 4052] Action: 1
[Step 4062] Action: 1
[Step 4072] Action: 1
[Step 4082] Action: 1
[Step 4092] Action: 1
[Step 4102] Action: 1
[Step 4112] Action: 1
[Step 4122] Action: 1
[Step 4132] Action: 1
[Step 4142] Action: 1
[Step 4152] Action: 1
[Step 4162] Action: 1
[Step 4172] Action: 1
[Step 4182] Action: 1
[Step 4192] Action: 1
[Step 4202] Action: 1
[Step 4212] Action: 1
[Step 4222] Action: 1
[Step 4232] Action: 1
[Step 4242] Action: 1
[Step 4252] Action: 1
[Step 4262] Action: 1
[Step 4272] Action: 1
[Step 4282] Action: 1
[Step 4292] Action: 1
[Step 4302] Action: 1
[Step 4312] Action: 1
[Step 4322] Action: 1
[Step 4332] Action: 1
[Step 4342] Action: 1
[Step 4352] Action: 1
[Step 4362] Action: 1
[Step 4372] Action: 1
[Step 4382] Action: 1
[Step 4392] Action: 1
[Step 4402] Action: 1
[Step 4412] Action: 1
[Step 4422] Action: 1
[Step 4432] Action: 1
[Step 4442] Action: 1
[Step 4452] Action: 1
[Step 4462] Action: 1
[Step 4472] Action: 1
[Step 4482] Action: 1
[Step 4492] Action: 1
[Step 4502] Action: 1
[Step 4512] Action: 1
[Step 4522] Action: 1
[Step 4532] Action: 1
[Step 4542] Action: 1
[Step 4552] Action: 1
[Step 4562] Action: 1
[Step 4572] Action: 1
[Step 4582] Action: 1
[Step 4592] Action: 1
[Step 4602] Action: 1
[Step 4612] Action: 1
[Step 4622] Action: 1
[Step 4632] Action: 1
[Step 4642] Action: 1
[Step 4652] Action: 1
[Step 4662] Action: 1
[Step 4672] Action: 1
[Step 4682] Action: 1
[Step 4692] Action: 1
[Step 4702] Action: 1
[Step 4712] Action: 1
[Step 4722] Action: 1
[Step 4732] Action: 1
[Step 4742] Action: 1
[Step 4752] Action: 1
[Step 4762] Action: 1
[Step 4772] Action: 1
[Step 4782] Action: 1
[Step 4792] Action: 1
[Step 4802] Action: 1
[Step 4812] Action: 1
[Step 4822] Action: 1
[Step 4832] Action: 1
[Step 4842] Action: 1
[Step 4852] Action: 1
[Step 4862] Action: 1
[Step 4872] Action: 1
[Step 4882] Action: 1
[Step 4892] Action: 1
[Step 4902] Action: 1
[Step 4912] Action: 1
[Step 4922] Action: 1
[Step 4932] Action: 1
[Step 4942] Action: 1
[Step 4952] Action: 1
[Step 4962] Action: 1
[Step 4972] Action: 1
[Step 4982] Action: 1
[Step 4992] Action: 1
[Step 5002] Action: 1
[Step 5012] Action: 1
[Step 5022] Action: 1
[Step 5032] Action: 1
[Step 5042] Action: 1
[Step 5052] Action: 1
[Step 5062] Action: 1
[Step 5072] Action: 1
[Step 5082] Action: 1
[Step 5092] Action: 1
[Step 5102] Action: 1
[Step 5112] Action: 1
[Step 5122] Action: 1
[Step 5132] Action: 1
[Step 5142] Action: 1
[Step 5152] Action: 1
[Step 5162] Action: 1
[Step 5172] Action: 1
[Step 5182] Action: 1
[Step 5192] Action: 1
[Step 5202] Action: 1
[Step 5212] Action: 1
[Step 5222] Action: 1
[Step 5232] Action: 1
[Step 5242] Action: 1
[Step 5252] Action: 1
[Step 5262] Action: 1
[Step 5272] Action: 1
[Step 5282] Action: 1
[Step 5292] Action: 1
[Step 5302] Action: 1
[Step 5312] Action: 1
[Step 5322] Action: 1
[Step 5332] Action: 1
[Step 5342] Action: 1
[Step 5352] Action: 1
[Step 5362] Action: 1
[Step 5372] Action: 1
[Step 5382] Action: 1
[Step 5392] Action: 1
