[Step 0] Action: 0
[Step 10] Action: 2
[Step 24] Action: 2
[Step 34] Action: 3
[Step 48] Action: 0
[Step 62] Action: 1
[Step 76] Action: 3
[Step 90] Action: 0
[Step 104] Action: 3
[Step 118] Action: 0
[Step 132] Action: 0
[Step 142] Action: 2
[Step 156] Action: 1
[Step 170] Action: 1
[Step 180] Action: 2
[Step 194] Action: 3
[Step 208] Action: 2
[Step 222] Action: 1
[Step 236] Action: 2
[Step 250] Action: 1
[Step 264] Action: 1
[Step 274] Action: 1
[Step 284] Action: 0
[Step 298] Action: 3
[Step 312] Action: 1
[Step 326] Action: 1
[Step 336] Action: 2
[Step 350] Action: 1
[Step 364] Action: 1
[Step 374] Action: 1
[Step 384] Action: 1
[Step 394] Action: 1
[Step 404] Action: 2
[Step 418] Action: 1
[Step 432] Action: 1
[Step 442] Action: 2
[Step 456] Action: 0
[Step 470] Action: 1
[Step 484] Action: 2
[Step 498] Action: 1
[Step 512] Action: 1
[Step 522] Action: 0
[Step 536] Action: 1
[Step 550] Action: 1
[Step 560] Action: 1
[Step 570] Action: 0
[Step 584] Action: 1
[Step 598] Action: 2
[Step 612] Action: 1
[Step 626] Action: 1
[Step 636] Action: 1
[Step 646] Action: 1
[Step 656] Action: 2
[Step 670] Action: 0
[Step 684] Action: 1
[Step 698] Action: 0
[Step 712] Action: 0
[Step 722] Action: 1
[Step 736] Action: 1
[Step 746] Action: 1
[Step 756] Action: 1
[Step 766] Action: 1
[Step 776] Action: 1
[Step 786] Action: 1
[Step 796] Action: 2
[Step 810] Action: 1
[Step 824] Action: 1
[Step 834] Action: 1
[Step 844] Action: 1
[Step 854] Action: 1
[Step 864] Action: 0
[Step 878] Action: 1
[Step 892] Action: 1
[Step 902] Action: 1
[Step 912] Action: 1
[Step 922] Action: 1
[Step 932] Action: 1
[Step 942] Action: 0
[Step 956] Action: 0
[Step 966] Action: 2
[Step 980] Action: 1
[Step 994] Action: 1
[Step 1004] Action: 1
[Step 1014] Action: 1
[Step 1024] Action: 1
[Step 1034] Action: 1
[Step 1044] Action: 0
[Step 1058] Action: 2
[Step 1072] Action: 1
[Step 1086] Action: 1
[Step 1096] Action: 1
[Step 1106] Action: 1
[Step 1116] Action: 1
[Step 1126] Action: 1
[Step 1136] Action: 1
[Step 1146] Action: 1
[Step 1156] Action: 1
[Step 1166] Action: 0
[Step 1180] Action: 1
[Step 1194] Action: 1
[Step 1204] Action: 1
[Step 1214] Action: 1
[Step 1224] Action: 1
[Step 1234] Action: 1
[Step 1244] Action: 1
[Step 1254] Action: 2
[Step 1268] Action: 1
[Step 1282] Action: 0
[Step 1296] Action: 2
[Step 1310] Action: 0
[Step 1324] Action: 1
[Step 1338] Action: 1
[Step 1348] Action: 1
[Step 1358] Action: 1
[Step 1368] Action: 1
[Step 1378] Action: 1
[Step 1388] Action: 3
[Step 1402] Action: 1
[Step 1416] Action: 1
[Step 1426] Action: 1
[Step 1436] Action: 1
[Step 1446] Action: 1
[Step 1456] Action: 1
[Step 1466] Action: 1
[Step 1476] Action: 2
[Step 1490] Action: 1
[Step 1504] Action: 1
[Step 1514] Action: 1
[Step 1524] Action: 1
[Step 1534] Action: 1
[Step 1544] Action: 1
[Step 1554] Action: 1
[Step 1564] Action: 1
[Step 1574] Action: 2
[Step 1588] Action: 1
[Step 1602] Action: 1
[Step 1612] Action: 2
[Step 1626] Action: 1
[Step 1640] Action: 1
[Step 1650] Action: 1
[Step 1660] Action: 0
[Step 1674] Action: 1
[Step 1688] Action: 2
[Step 1702] Action: 1
[Step 1716] Action: 1
[Step 1726] Action: 1
[Step 1736] Action: 0
[Step 1750] Action: 2
[Step 1764] Action: 1
[Step 1778] Action: 1
[Step 1788] Action: 2
[Step 1802] Action: 1
[Step 1816] Action: 1
[Step 1826] Action: 2
[Step 1840] Action: 1
[Step 1854] Action: 1
[Step 1864] Action: 1
[Step 1874] Action: 1
[Step 1884] Action: 1
[Step 1894] Action: 1
[Step 1904] Action: 1
[Step 1914] Action: 2
[Step 1928] Action: 1
[Step 1942] Action: 2
[Step 1956] Action: 1
[Step 1970] Action: 1
[Step 1980] Action: 1
[Step 1990] Action: 3
[Step 2004] Action: 0
[Step 2018] Action: 0
[Step 2028] Action: 1
[Step 2042] Action: 0
[Step 2056] Action: 1
[Step 2070] Action: 1
[Step 2080] Action: 1
[Step 2090] Action: 1
[Step 2100] Action: 1
[Step 2110] Action: 0
[Step 2124] Action: 0
[Step 2134] Action: 0
[Step 2144] Action: 0
[Step 2154] Action: 2
[Step 2168] Action: 0
[Step 2182] Action: 1
[Step 2196] Action: 1
[Step 2206] Action: 2
[Step 2220] Action: 1
[Step 2234] Action: 1
[Step 2244] Action: 1
[Step 2254] Action: 2
[Step 2268] Action: 1
[Step 2282] Action: 0
[Step 2296] Action: 2
[Step 2310] Action: 0
[Step 2324] Action: 3
[Step 2338] Action: 1
[Step 2352] Action: 1
[Step 2362] Action: 1
[Step 2372] Action: 1
[Step 2382] Action: 2
[Step 2396] Action: 1
[Step 2410] Action: 1
[Step 2420] Action: 0
[Step 2434] Action: 0
[Step 2444] Action: 2
[Step 2458] Action: 0
[Step 2472] Action: 1
[Step 2486] Action: 1
[Step 2496] Action: 1
[Step 2506] Action: 2
[Step 2520] Action: 1
[Step 2534] Action: 1
[Step 2544] Action: 1
[Step 2554] Action: 2
[Step 2568] Action: 1
[Step 2582] Action: 0
[Step 2596] Action: 0
[Step 2606] Action: 0
[Step 2616] Action: 0
[Step 2626] Action: 0
[Step 2636] Action: 1
[Step 2650] Action: 1
[Step 2660] Action: 3
[Step 2674] Action: 1
[Step 2688] Action: 1
[Step 2698] Action: 0
[Step 2712] Action: 2
[Step 2726] Action: 0
[Step 2740] Action: 3
[Step 2754] Action: 1
[Step 2768] Action: 2
[Step 2782] Action: 2
[Step 2792] Action: 3
[Step 2806] Action: 1
[Step 2820] Action: 3
[Step 2834] Action: 2
[Step 2848] Action: 2
[Step 2858] Action: 0
[Step 2872] Action: 0
[Step 2882] Action: 1
[Step 2896] Action: 1
[Step 2906] Action: 0
[Step 2920] Action: 2
[Step 2934] Action: 2
[Step 2944] Action: 0
[Step 2958] Action: 3
[Step 2972] Action: 1
[Step 2986] Action: 2
[Step 3000] Action: 1
[Step 3014] Action: 0
[Step 3028] Action: 0
[Step 3038] Action: 0
[Step 3048] Action: 0
[Step 3058] Action: 1
[Step 3072] Action: 0
[Step 3086] Action: 2
[Step 3100] Action: 1
[Step 3114] Action: 1
[Step 3124] Action: 1
[Step 3134] Action: 1
[Step 3144] Action: 3
[Step 3158] Action: 0
[Step 3172] Action: 2
[Step 3186] Action: 0
[Step 3200] Action: 0
[Step 3210] Action: 3
[Step 3224] Action: 0
[Step 3238] Action: 3
[Step 3252] Action: 1
[Step 3266] Action: 1
[Step 3276] Action: 1
[Step 3286] Action: 1
[Step 3296] Action: 3
[Step 3310] Action: 3
[Step 3320] Action: 1
[Step 3334] Action: 3
[Step 3348] Action: 0
[Step 3362] Action: 3
[Step 3376] Action: 2
[Step 3390] Action: 2
[Step 3400] Action: 1
[Step 3414] Action: 1
[Step 3424] Action: 0
[Step 3438] Action: 0
[Step 3448] Action: 1
[Step 3462] Action: 0
[Step 3476] Action: 0
[Step 3486] Action: 1
[Step 3500] Action: 1
[Step 3510] Action: 2
[Step 3524] Action: 2
[Step 3534] Action: 0
[Step 3548] Action: 3
[Step 3562] Action: 1
[Step 3576] Action: 0
[Step 3590] Action: 3
[Step 3604] Action: 0
[Step 3618] Action: 1
[Step 3632] Action: 1
[Step 3642] Action: 1
[Step 3652] Action: 1
[Step 3662] Action: 0
[Step 3676] Action: 0
[Step 3686] Action: 2
[Step 3700] Action: 1
[Step 3714] Action: 1
[Step 3724] Action: 2
[Step 3738] Action: 3
[Step 3752] Action: 0
[Step 3766] Action: 2
[Step 3780] Action: 1
[Step 3794] Action: 2
[Step 3808] Action: 1
[Step 3822] Action: 0
[Step 3836] Action: 1
[Step 3850] Action: 3
[Step 3864] Action: 2
[Step 3878] Action: 3
[Step 3892] Action: 1
[Step 3906] Action: 3
[Step 3920] Action: 0
[Step 3934] Action: 0
[Step 3944] Action: 3
[Step 3958] Action: 2
[Step 3972] Action: 3
[Step 3986] Action: 1
[Step 4000] Action: 3
[Step 4014] Action: 2
[Step 4028] Action: 2
[Step 4038] Action: 2
[Step 4048] Action: 3
[Step 4062] Action: 1
[Step 4076] Action: 1
[Step 4086] Action: 0
[Step 4100] Action: 1
[Step 4114] Action: 2
[Step 4128] Action: 0
[Step 4142] Action: 0
[Step 4152] Action: 0
[Step 4162] Action: 1
[Step 4176] Action: 1
[Step 4186] Action: 3
[Step 4200] Action: 0
[Step 4214] Action: 0
[Step 4224] Action: 0
[Step 4234] Action: 2
[Step 4248] Action: 0
[Step 4262] Action: 1
[Step 4276] Action: 1
[Step 4286] Action: 2
[Step 4300] Action: 0
[Step 4314] Action: 0
[Step 4324] Action: 0
[Step 4334] Action: 1
[Step 4348] Action: 3
[Step 4362] Action: 1
[Step 4376] Action: 2
[Step 4390] Action: 1
[Step 4404] Action: 2
[Step 4418] Action: 0
[Step 4432] Action: 0
[Step 4442] Action: 0
[Step 4452] Action: 1
[Step 4466] Action: 2
[Step 4480] Action: 3
[Step 4494] Action: 0
[Step 4508] Action: 1
[Step 4522] Action: 3
[Step 4536] Action: 0
[Step 4550] Action: 1
[Step 4564] Action: 1
[Step 4574] Action: 1
[Step 4584] Action: 1
[Step 4594] Action: 1
[Step 4604] Action: 3
[Step 4618] Action: 3
[Step 4628] Action: 0
[Step 4642] Action: 0
[Step 4652] Action: 3
[Step 4666] Action: 3
[Step 4676] Action: 1
[Step 4690] Action: 1
[Step 4700] Action: 0
[Step 4714] Action: 0
[Step 4724] Action: 0
[Step 4734] Action: 1
[Step 4748] Action: 1
[Step 4758] Action: 3
[Step 4772] Action: 2
[Step 4786] Action: 1
[Step 4800] Action: 2
[Step 4814] Action: 3
[Step 4828] Action: 1
[Step 4842] Action: 0
[Step 4856] Action: 1
[Step 4870] Action: 1
[Step 4880] Action: 0
[Step 4894] Action: 3
[Step 4908] Action: 0
[Step 4922] Action: 1
[Step 4936] Action: 1
[Step 4946] Action: 0
[Step 4960] Action: 1
[Step 4974] Action: 1
[Step 4984] Action: 1
[Step 4994] Action: 1
[Step 5004] Action: 0
[Step 5018] Action: 0
[Step 5028] Action: 1
[Step 5042] Action: 0
[Step 5056] Action: 0
[Step 5066] Action: 1
[Step 5080] Action: 1
[Step 5090] Action: 0
[Step 5104] Action: 0
[Step 5114] Action: 2
[Step 5128] Action: 3
[Step 5142] Action: 0
[Step 5156] Action: 3
[Step 5170] Action: 0
[Step 5184] Action: 1
[Step 5198] Action: 2
[Step 5212] Action: 2
[Step 5222] Action: 2
[Step 5232] Action: 0
[Step 5246] Action: 1
[Step 5260] Action: 0
[Step 5274] Action: 3
[Step 5288] Action: 0
[Step 5302] Action: 0
[Step 5312] Action: 1
[Step 5326] Action: 3
[Step 5340] Action: 0
[Step 5354] Action: 0
[Step 5364] Action: 1
[Step 5378] Action: 3
[Step 5392] Action: 1
