[Step 0] Action: 3
[Step 40] Action: 1
[Step 84] Action: 2
[Step 128] Action: 1
[Step 172] Action: 1
[Step 212] Action: 3
[Step 256] Action: 2
[Step 300] Action: 1
[Step 344] Action: 2
[Step 388] Action: 1
[Step 432] Action: 1
[Step 472] Action: 3
[Step 516] Action: 2
[Step 560] Action: 1
[Step 604] Action: 2
[Step 648] Action: 1
[Step 692] Action: 1
[Step 732] Action: 1
[Step 772] Action: 2
[Step 816] Action: 1
[Step 860] Action: 1
[Step 900] Action: 1
[Step 940] Action: 1
[Step 980] Action: 1
[Step 1020] Action: 1
[Step 1060] Action: 1
[Step 1100] Action: 1
[Step 1140] Action: 1
[Step 1180] Action: 2
[Step 1224] Action: 1
[Step 1268] Action: 0
[Step 1312] Action: 1
[Step 1356] Action: 1
[Step 1396] Action: 1
[Step 1436] Action: 1
[Step 1476] Action: 1
[Step 1516] Action: 1
[Step 1556] Action: 1
[Step 1596] Action: 1
[Step 1636] Action: 1
[Step 1676] Action: 1
[Step 1716] Action: 1
[Step 1756] Action: 1
[Step 1796] Action: 1
[Step 1836] Action: 2
[Step 1880] Action: 1
[Step 1924] Action: 3
[Step 1968] Action: 1
[Step 2012] Action: 2
[Step 2056] Action: 1
[Step 2100] Action: 0
[Step 2144] Action: 1
[Step 2188] Action: 1
[Step 2228] Action: 2
[Step 2272] Action: 1
[Step 2316] Action: 1
[Step 2356] Action: 1
[Step 2396] Action: 0
[Step 2440] Action: 1
[Step 2484] Action: 1
[Step 2524] Action: 2
[Step 2568] Action: 1
[Step 2612] Action: 3
[Step 2656] Action: 2
[Step 2700] Action: 1
[Step 2744] Action: 2
[Step 2788] Action: 3
[Step 2832] Action: 1
[Step 2876] Action: 1
[Step 2916] Action: 1
[Step 2956] Action: 3
[Step 3000] Action: 0
[Step 3044] Action: 1
[Step 3088] Action: 3
[Step 3132] Action: 1
[Step 3176] Action: 2
[Step 3220] Action: 1
[Step 3264] Action: 0
[Step 3308] Action: 1
[Step 3352] Action: 1
[Step 3392] Action: 2
[Step 3436] Action: 1
[Step 3480] Action: 1
[Step 3520] Action: 1
[Step 3560] Action: 1
[Step 3600] Action: 1
[Step 3640] Action: 3
[Step 3684] Action: 0
[Step 3728] Action: 1
[Step 3772] Action: 1
[Step 3812] Action: 0
[Step 3856] Action: 3
[Step 3900] Action: 1
[Step 3944] Action: 1
[Step 3984] Action: 1
[Step 4024] Action: 1
[Step 4064] Action: 1
[Step 4104] Action: 3
[Step 4148] Action: 0
[Step 4192] Action: 2
[Step 4236] Action: 1
[Step 4280] Action: 0
[Step 4324] Action: 3
[Step 4368] Action: 3
[Step 4408] Action: 2
[Step 4452] Action: 0
[Step 4496] Action: 1
[Step 4540] Action: 1
[Step 4580] Action: 0
[Step 4624] Action: 1
[Step 4668] Action: 1
[Step 4708] Action: 0
[Step 4752] Action: 1
[Step 4796] Action: 0
[Step 4840] Action: 1
[Step 4884] Action: 1
[Step 4924] Action: 3
[Step 4968] Action: 0
[Step 5012] Action: 1
[Step 5056] Action: 3
[Step 5100] Action: 0
[Step 5144] Action: 3
[Step 5188] Action: 0
[Step 5232] Action: 2
[Step 5276] Action: 3
[Step 5320] Action: 3
[Step 5360] Action: 0
