[Step 0] Action: 1
[Step 10] Action: 3
[Step 24] Action: 2
[Step 38] Action: 2
[Step 48] Action: 0
[Step 62] Action: 3
[Step 76] Action: 0
[Step 90] Action: 0
[Step 100] Action: 0
[Step 110] Action: 0
[Step 120] Action: 0
[Step 130] Action: 1
[Step 144] Action: 1
[Step 154] Action: 3
[Step 168] Action: 1
[Step 182] Action: 3
[Step 196] Action: 3
[Step 206] Action: 0
[Step 220] Action: 1
[Step 234] Action: 2
[Step 248] Action: 3
[Step 262] Action: 2
[Step 276] Action: 2
[Step 286] Action: 2
[Step 296] Action: 2
[Step 306] Action: 1
[Step 320] Action: 1
[Step 330] Action: 1
[Step 340] Action: 1
[Step 350] Action: 1
[Step 360] Action: 3
[Step 374] Action: 2
[Step 388] Action: 0
[Step 402] Action: 0
[Step 412] Action: 1
[Step 426] Action: 1
[Step 436] Action: 1
[Step 446] Action: 2
[Step 460] Action: 2
[Step 470] Action: 2
[Step 480] Action: 3
[Step 494] Action: 2
[Step 508] Action: 2
[Step 518] Action: 2
[Step 528] Action: 1
[Step 542] Action: 1
[Step 552] Action: 2
[Step 566] Action: 1
[Step 580] Action: 2
[Step 594] Action: 2
[Step 604] Action: 1
[Step 618] Action: 2
[Step 632] Action: 2
[Step 642] Action: 3
[Step 656] Action: 1
[Step 670] Action: 1
[Step 680] Action: 3
[Step 694] Action: 1
[Step 708] Action: 0
[Step 722] Action: 3
[Step 736] Action: 2
[Step 750] Action: 1
[Step 764] Action: 1
[Step 774] Action: 0
[Step 788] Action: 0
[Step 798] Action: 0
[Step 808] Action: 0
[Step 818] Action: 1
[Step 832] Action: 0
[Step 846] Action: 0
[Step 856] Action: 2
[Step 870] Action: 0
[Step 884] Action: 1
[Step 898] Action: 3
[Step 912] Action: 1
[Step 926] Action: 1
[Step 936] Action: 1
[Step 946] Action: 2
[Step 960] Action: 2
[Step 970] Action: 1
[Step 984] Action: 2
[Step 998] Action: 0
[Step 1012] Action: 3
[Step 1026] Action: 0
[Step 1040] Action: 1
[Step 1054] Action: 2
[Step 1068] Action: 1
[Step 1082] Action: 3
[Step 1096] Action: 2
[Step 1110] Action: 1
[Step 1124] Action: 2
[Step 1138] Action: 0
[Step 1152] Action: 0
[Step 1162] Action: 3
[Step 1176] Action: 0
[Step 1190] Action: 2
[Step 1204] Action: 0
[Step 1218] Action: 3
[Step 1232] Action: 0
[Step 1246] Action: 3
[Step 1260] Action: 2
[Step 1274] Action: 1
[Step 1288] Action: 0
[Step 1302] Action: 1
[Step 1316] Action: 2
[Step 1330] Action: 2
[Step 1340] Action: 0
[Step 1354] Action: 1
[Step 1368] Action: 3
[Step 1382] Action: 3
[Step 1392] Action: 2
[Step 1406] Action: 2
[Step 1416] Action: 3
[Step 1430] Action: 3
[Step 1440] Action: 1
[Step 1454] Action: 1
[Step 1464] Action: 1
[Step 1474] Action: 1
[Step 1484] Action: 0
[Step 1498] Action: 3
[Step 1512] Action: 1
[Step 1526] Action: 1
[Step 1536] Action: 2
[Step 1550] Action: 0
[Step 1564] Action: 3
[Step 1578] Action: 0
[Step 1592] Action: 1
[Step 1606] Action: 0
[Step 1620] Action: 1
[Step 1634] Action: 0
[Step 1648] Action: 3
[Step 1662] Action: 1
[Step 1676] Action: 2
[Step 1690] Action: 1
[Step 1704] Action: 2
[Step 1718] Action: 3
[Step 1732] Action: 1
[Step 1746] Action: 0
[Step 1760] Action: 0
[Step 1770] Action: 1
[Step 1784] Action: 2
[Step 1798] Action: 1
[Step 1812] Action: 2
[Step 1826] Action: 2
[Step 1836] Action: 0
[Step 1850] Action: 1
[Step 1864] Action: 0
[Step 1878] Action: 0
[Step 1888] Action: 1
[Step 1902] Action: 0
[Step 1916] Action: 1
[Step 1930] Action: 1
[Step 1940] Action: 1
[Step 1950] Action: 0
[Step 1964] Action: 0
[Step 1974] Action: 1
[Step 1988] Action: 2
[Step 2002] Action: 3
[Step 2016] Action: 3
[Step 2026] Action: 0
[Step 2040] Action: 0
[Step 2050] Action: 2
[Step 2064] Action: 2
[Step 2074] Action: 3
[Step 2088] Action: 2
[Step 2102] Action: 1
[Step 2116] Action: 1
[Step 2126] Action: 1
[Step 2136] Action: 0
[Step 2150] Action: 0
[Step 2160] Action: 1
[Step 2174] Action: 1
[Step 2184] Action: 0
[Step 2198] Action: 3
[Step 2212] Action: 0
[Step 2226] Action: 0
[Step 2236] Action: 2
[Step 2250] Action: 0
[Step 2264] Action: 0
[Step 2274] Action: 3
[Step 2288] Action: 1
[Step 2302] Action: 2
[Step 2316] Action: 0
[Step 2330] Action: 2
[Step 2344] Action: 1
[Step 2358] Action: 0
[Step 2372] Action: 2
[Step 2386] Action: 1
[Step 2400] Action: 3
[Step 2414] Action: 0
[Step 2428] Action: 1
[Step 2442] Action: 1
[Step 2452] Action: 1
[Step 2462] Action: 2
[Step 2476] Action: 1
[Step 2490] Action: 3
[Step 2504] Action: 3
[Step 2514] Action: 1
[Step 2528] Action: 2
[Step 2542] Action: 2
[Step 2552] Action: 1
[Step 2566] Action: 0
[Step 2580] Action: 1
[Step 2594] Action: 3
[Step 2608] Action: 1
[Step 2622] Action: 1
[Step 2632] Action: 0
[Step 2646] Action: 1
[Step 2660] Action: 0
[Step 2674] Action: 0
[Step 2684] Action: 1
[Step 2698] Action: 0
[Step 2712] Action: 1
[Step 2726] Action: 1
[Step 2736] Action: 1
[Step 2746] Action: 2
[Step 2760] Action: 0
[Step 2774] Action: 2
[Step 2788] Action: 2
[Step 2798] Action: 2
[Step 2808] Action: 2
[Step 2818] Action: 0
[Step 2832] Action: 2
[Step 2846] Action: 0
[Step 2860] Action: 1
[Step 2874] Action: 0
[Step 2888] Action: 2
[Step 2902] Action: 2
[Step 2912] Action: 0
[Step 2926] Action: 0
[Step 2936] Action: 0
[Step 2946] Action: 0
[Step 2956] Action: 2
[Step 2970] Action: 1
[Step 2984] Action: 0
[Step 2998] Action: 2
[Step 3012] Action: 1
[Step 3026] Action: 0
[Step 3040] Action: 3
[Step 3054] Action: 1
[Step 3068] Action: 2
[Step 3082] Action: 1
[Step 3096] Action: 0
[Step 3110] Action: 1
[Step 3124] Action: 1
[Step 3134] Action: 2
[Step 3148] Action: 0
[Step 3162] Action: 0
[Step 3172] Action: 3
[Step 3186] Action: 2
[Step 3200] Action: 1
[Step 3214] Action: 2
[Step 3228] Action: 1
[Step 3242] Action: 3
[Step 3256] Action: 3
[Step 3266] Action: 1
[Step 3280] Action: 0
[Step 3294] Action: 1
[Step 3308] Action: 0
[Step 3322] Action: 0
[Step 3332] Action: 0
[Step 3342] Action: 0
[Step 3352] Action: 0
[Step 3362] Action: 3
[Step 3376] Action: 2
[Step 3390] Action: 1
[Step 3404] Action: 0
[Step 3418] Action: 0
[Step 3428] Action: 2
[Step 3442] Action: 1
[Step 3456] Action: 2
[Step 3470] Action: 1
[Step 3484] Action: 1
[Step 3494] Action: 2
[Step 3508] Action: 3
[Step 3522] Action: 2
[Step 3536] Action: 0
[Step 3550] Action: 2
[Step 3564] Action: 2
[Step 3574] Action: 1
[Step 3588] Action: 3
[Step 3602] Action: 3
[Step 3612] Action: 0
[Step 3626] Action: 1
[Step 3640] Action: 0
[Step 3654] Action: 1
[Step 3668] Action: 3
[Step 3682] Action: 2
[Step 3696] Action: 2
[Step 3706] Action: 2
[Step 3716] Action: 0
[Step 3730] Action: 0
[Step 3740] Action: 0
[Step 3750] Action: 0
[Step 3760] Action: 2
[Step 3774] Action: 1
[Step 3788] Action: 1
[Step 3798] Action: 2
[Step 3812] Action: 3
[Step 3826] Action: 0
[Step 3840] Action: 1
[Step 3854] Action: 2
[Step 3868] Action: 1
[Step 3882] Action: 0
[Step 3896] Action: 1
[Step 3910] Action: 2
[Step 3924] Action: 0
[Step 3938] Action: 1
[Step 3952] Action: 1
[Step 3962] Action: 0
[Step 3976] Action: 3
[Step 3990] Action: 2
[Step 4004] Action: 1
[Step 4018] Action: 1
[Step 4028] Action: 2
[Step 4042] Action: 0
[Step 4056] Action: 1
[Step 4070] Action: 2
[Step 4084] Action: 1
[Step 4098] Action: 0
[Step 4112] Action: 1
[Step 4126] Action: 0
[Step 4140] Action: 1
[Step 4154] Action: 0
[Step 4168] Action: 1
[Step 4182] Action: 0
[Step 4196] Action: 2
[Step 4210] Action: 2
[Step 4220] Action: 0
[Step 4234] Action: 3
[Step 4248] Action: 2
[Step 4262] Action: 1
[Step 4276] Action: 0
[Step 4290] Action: 1
[Step 4304] Action: 0
[Step 4318] Action: 1
[Step 4332] Action: 1
[Step 4342] Action: 2
[Step 4356] Action: 2
[Step 4366] Action: 2
[Step 4376] Action: 2
[Step 4386] Action: 2
[Step 4396] Action: 1
[Step 4410] Action: 1
[Step 4420] Action: 1
[Step 4430] Action: 2
[Step 4444] Action: 1
[Step 4458] Action: 2
[Step 4472] Action: 2
[Step 4482] Action: 0
[Step 4496] Action: 1
[Step 4510] Action: 2
[Step 4524] Action: 0
[Step 4538] Action: 0
[Step 4548] Action: 3
[Step 4562] Action: 2
[Step 4576] Action: 1
[Step 4590] Action: 1
[Step 4600] Action: 0
[Step 4614] Action: 1
[Step 4628] Action: 3
[Step 4642] Action: 1
[Step 4656] Action: 3
[Step 4670] Action: 3
[Step 4680] Action: 1
[Step 4694] Action: 1
[Step 4704] Action: 0
[Step 4718] Action: 2
[Step 4732] Action: 1
[Step 4746] Action: 0
[Step 4760] Action: 3
[Step 4774] Action: 1
[Step 4788] Action: 2
[Step 4802] Action: 1
[Step 4816] Action: 3
[Step 4830] Action: 1
[Step 4844] Action: 1
[Step 4854] Action: 2
[Step 4868] Action: 3
[Step 4882] Action: 2
[Step 4896] Action: 3
[Step 4910] Action: 3
[Step 4920] Action: 3
[Step 4930] Action: 2
[Step 4944] Action: 1
[Step 4958] Action: 1
[Step 4968] Action: 1
[Step 4978] Action: 0
[Step 4992] Action: 0
[Step 5002] Action: 1
[Step 5016] Action: 0
[Step 5030] Action: 2
[Step 5044] Action: 0
[Step 5058] Action: 3
[Step 5072] Action: 3
[Step 5082] Action: 2
[Step 5096] Action: 1
[Step 5110] Action: 2
[Step 5124] Action: 3
[Step 5138] Action: 2
[Step 5152] Action: 2
[Step 5162] Action: 0
[Step 5176] Action: 1
[Step 5190] Action: 2
[Step 5204] Action: 1
[Step 5218] Action: 0
[Step 5232] Action: 1
[Step 5246] Action: 1
[Step 5256] Action: 2
[Step 5270] Action: 0
[Step 5284] Action: 2
[Step 5298] Action: 0
[Step 5312] Action: 2
[Step 5326] Action: 2
[Step 5336] Action: 0
[Step 5350] Action: 2
[Step 5364] Action: 1
[Step 5378] Action: 2
[Step 5392] Action: 3
