[Step 0] Action: 0
[Step 10] Action: 1
[Step 24] Action: 1
[Step 34] Action: 2
[Step 48] Action: 2
[Step 58] Action: 0
[Step 72] Action: 0
[Step 82] Action: 0
[Step 92] Action: 2
[Step 106] Action: 0
[Step 120] Action: 0
[Step 130] Action: 2
[Step 144] Action: 1
[Step 158] Action: 2
[Step 172] Action: 2
[Step 182] Action: 0
[Step 196] Action: 1
[Step 210] Action: 3
[Step 224] Action: 1
[Step 238] Action: 0
[Step 252] Action: 0
[Step 262] Action: 2
[Step 276] Action: 0
[Step 290] Action: 1
[Step 304] Action: 2
[Step 318] Action: 2
[Step 328] Action: 1
[Step 342] Action: 0
[Step 356] Action: 0
[Step 366] Action: 2
[Step 380] Action: 1
[Step 394] Action: 1
[Step 404] Action: 1
[Step 414] Action: 2
[Step 428] Action: 1
[Step 442] Action: 1
[Step 452] Action: 1
[Step 462] Action: 0
[Step 476] Action: 1
[Step 490] Action: 0
[Step 504] Action: 0
[Step 514] Action: 1
[Step 528] Action: 0
[Step 542] Action: 2
[Step 556] Action: 2
[Step 566] Action: 2
[Step 576] Action: 2
[Step 586] Action: 1
[Step 600] Action: 1
[Step 610] Action: 0
[Step 624] Action: 2
[Step 638] Action: 2
[Step 648] Action: 2
[Step 658] Action: 1
[Step 672] Action: 2
[Step 686] Action: 1
[Step 700] Action: 0
[Step 714] Action: 2
[Step 728] Action: 1
[Step 742] Action: 1
[Step 752] Action: 2
[Step 766] Action: 2
[Step 776] Action: 1
[Step 790] Action: 1
[Step 800] Action: 1
[Step 810] Action: 2
[Step 824] Action: 2
[Step 834] Action: 1
[Step 848] Action: 2
[Step 862] Action: 0
[Step 876] Action: 0
[Step 886] Action: 1
[Step 900] Action: 1
[Step 910] Action: 2
[Step 924] Action: 1
[Step 938] Action: 1
[Step 948] Action: 2
[Step 962] Action: 1
[Step 976] Action: 2
[Step 990] Action: 2
[Step 1000] Action: 1
[Step 1014] Action: 2
[Step 1028] Action: 1
[Step 1042] Action: 0
[Step 1056] Action: 1
[Step 1070] Action: 1
[Step 1080] Action: 2
[Step 1094] Action: 2
[Step 1104] Action: 2
[Step 1114] Action: 1
[Step 1128] Action: 0
[Step 1142] Action: 0
[Step 1152] Action: 0
[Step 1162] Action: 1
[Step 1176] Action: 0
[Step 1190] Action: 1
[Step 1204] Action: 1
[Step 1214] Action: 2
[Step 1228] Action: 2
[Step 1238] Action: 2
[Step 1248] Action: 0
[Step 1262] Action: 2
[Step 1276] Action: 1
[Step 1290] Action: 2
[Step 1304] Action: 2
[Step 1314] Action: 2
[Step 1324] Action: 1
[Step 1338] Action: 0
[Step 1352] Action: 1
[Step 1366] Action: 0
[Step 1380] Action: 0
[Step 1390] Action: 1
[Step 1404] Action: 1
[Step 1414] Action: 2
[Step 1428] Action: 2
[Step 1438] Action: 2
[Step 1448] Action: 0
[Step 1462] Action: 0
[Step 1472] Action: 1
[Step 1486] Action: 0
[Step 1500] Action: 1
[Step 1514] Action: 0
[Step 1528] Action: 0
[Step 1538] Action: 0
[Step 1548] Action: 1
[Step 1562] Action: 0
[Step 1576] Action: 0
[Step 1586] Action: 3
[Step 1600] Action: 2
[Step 1614] Action: 2
[Step 1624] Action: 2
[Step 1634] Action: 2
[Step 1644] Action: 1
[Step 1658] Action: 1
[Step 1668] Action: 2
[Step 1682] Action: 1
[Step 1696] Action: 2
[Step 1710] Action: 2
[Step 1720] Action: 1
[Step 1734] Action: 0
[Step 1748] Action: 1
[Step 1762] Action: 0
[Step 1776] Action: 3
[Step 1790] Action: 2
[Step 1804] Action: 2
[Step 1814] Action: 2
[Step 1824] Action: 2
[Step 1834] Action: 1
[Step 1848] Action: 1
[Step 1858] Action: 1
[Step 1868] Action: 1
[Step 1878] Action: 1
[Step 1888] Action: 1
[Step 1898] Action: 2
[Step 1912] Action: 2
[Step 1922] Action: 2
[Step 1932] Action: 0
[Step 1946] Action: 2
[Step 1960] Action: 0
[Step 1974] Action: 0
[Step 1984] Action: 1
[Step 1998] Action: 0
[Step 2012] Action: 1
[Step 2026] Action: 3
[Step 2040] Action: 1
[Step 2054] Action: 1
[Step 2064] Action: 3
[Step 2078] Action: 3
[Step 2088] Action: 1
[Step 2102] Action: 2
[Step 2116] Action: 1
[Step 2130] Action: 1
[Step 2140] Action: 0
[Step 2154] Action: 0
[Step 2164] Action: 3
[Step 2178] Action: 0
[Step 2192] Action: 2
[Step 2206] Action: 2
[Step 2216] Action: 0
[Step 2230] Action: 3
[Step 2244] Action: 1
[Step 2258] Action: 0
[Step 2272] Action: 0
[Step 2282] Action: 3
[Step 2296] Action: 1
[Step 2310] Action: 1
[Step 2320] Action: 1
[Step 2330] Action: 2
[Step 2344] Action: 1
[Step 2358] Action: 2
[Step 2372] Action: 1
[Step 2386] Action: 0
[Step 2400] Action: 0
[Step 2410] Action: 2
[Step 2424] Action: 1
[Step 2438] Action: 1
[Step 2448] Action: 2
[Step 2462] Action: 1
[Step 2476] Action: 0
[Step 2490] Action: 1
[Step 2504] Action: 0
[Step 2518] Action: 0
[Step 2528] Action: 0
[Step 2538] Action: 1
[Step 2552] Action: 1
[Step 2562] Action: 2
[Step 2576] Action: 2
[Step 2586] Action: 2
[Step 2596] Action: 1
[Step 2610] Action: 2
[Step 2624] Action: 2
[Step 2634] Action: 2
[Step 2644] Action: 0
[Step 2658] Action: 0
[Step 2668] Action: 3
[Step 2682] Action: 1
[Step 2696] Action: 1
[Step 2706] Action: 1
[Step 2716] Action: 1
[Step 2726] Action: 2
[Step 2740] Action: 2
[Step 2750] Action: 3
[Step 2764] Action: 2
[Step 2778] Action: 2
[Step 2788] Action: 1
[Step 2802] Action: 2
[Step 2816] Action: 0
[Step 2830] Action: 1
[Step 2844] Action: 1
[Step 2854] Action: 0
[Step 2868] Action: 0
[Step 2878] Action: 1
[Step 2892] Action: 3
[Step 2906] Action: 1
[Step 2920] Action: 0
[Step 2934] Action: 0
[Step 2944] Action: 0
[Step 2954] Action: 0
[Step 2964] Action: 0
[Step 2974] Action: 0
[Step 2984] Action: 2
[Step 2998] Action: 1
[Step 3012] Action: 1
[Step 3022] Action: 0
[Step 3036] Action: 0
[Step 3046] Action: 3
[Step 3060] Action: 0
[Step 3074] Action: 1
[Step 3088] Action: 0
[Step 3102] Action: 1
[Step 3116] Action: 3
[Step 3130] Action: 1
[Step 3144] Action: 2
[Step 3158] Action: 2
[Step 3168] Action: 0
[Step 3182] Action: 1
[Step 3196] Action: 2
[Step 3210] Action: 0
[Step 3224] Action: 3
[Step 3238] Action: 2
[Step 3252] Action: 1
[Step 3266] Action: 1
[Step 3276] Action: 0
[Step 3290] Action: 0
[Step 3300] Action: 1
[Step 3314] Action: 1
[Step 3324] Action: 1
[Step 3334] Action: 1
[Step 3344] Action: 2
[Step 3358] Action: 1
[Step 3372] Action: 0
[Step 3386] Action: 1
[Step 3400] Action: 1
[Step 3410] Action: 2
[Step 3424] Action: 2
[Step 3434] Action: 0
[Step 3448] Action: 3
[Step 3462] Action: 2
[Step 3476] Action: 1
[Step 3490] Action: 1
[Step 3500] Action: 1
[Step 3510] Action: 1
[Step 3520] Action: 1
[Step 3530] Action: 0
[Step 3544] Action: 1
[Step 3558] Action: 0
[Step 3572] Action: 3
[Step 3586] Action: 2
[Step 3600] Action: 3
[Step 3614] Action: 3
[Step 3624] Action: 0
[Step 3638] Action: 0
[Step 3648] Action: 2
[Step 3662] Action: 0
[Step 3676] Action: 1
[Step 3690] Action: 2
[Step 3704] Action: 0
[Step 3718] Action: 3
[Step 3732] Action: 1
[Step 3746] Action: 3
[Step 3760] Action: 0
[Step 3774] Action: 3
[Step 3788] Action: 0
[Step 3802] Action: 3
[Step 3816] Action: 0
[Step 3830] Action: 3
[Step 3844] Action: 3
[Step 3854] Action: 0
[Step 3868] Action: 3
[Step 3882] Action: 2
[Step 3896] Action: 2
[Step 3906] Action: 0
[Step 3920] Action: 2
[Step 3934] Action: 1
[Step 3948] Action: 0
[Step 3962] Action: 1
[Step 3976] Action: 1
[Step 3986] Action: 1
[Step 3996] Action: 3
[Step 4010] Action: 0
[Step 4024] Action: 1
[Step 4038] Action: 1
[Step 4048] Action: 2
[Step 4062] Action: 3
[Step 4076] Action: 0
[Step 4090] Action: 2
[Step 4104] Action: 1
[Step 4118] Action: 3
[Step 4132] Action: 0
[Step 4146] Action: 2
[Step 4160] Action: 0
[Step 4174] Action: 1
[Step 4188] Action: 3
[Step 4202] Action: 3
[Step 4212] Action: 2
[Step 4226] Action: 0
[Step 4240] Action: 3
[Step 4254] Action: 1
[Step 4268] Action: 0
[Step 4282] Action: 3
[Step 4296] Action: 1
[Step 4310] Action: 0
[Step 4324] Action: 2
[Step 4338] Action: 1
[Step 4352] Action: 1
[Step 4362] Action: 0
[Step 4376] Action: 1
[Step 4390] Action: 0
[Step 4404] Action: 2
[Step 4418] Action: 3
[Step 4432] Action: 1
[Step 4446] Action: 0
[Step 4460] Action: 3
[Step 4474] Action: 2
[Step 4488] Action: 0
[Step 4502] Action: 3
[Step 4516] Action: 3
[Step 4526] Action: 0
[Step 4540] Action: 3
[Step 4554] Action: 3
[Step 4564] Action: 1
[Step 4578] Action: 2
[Step 4592] Action: 0
[Step 4606] Action: 1
[Step 4620] Action: 1
[Step 4630] Action: 0
[Step 4644] Action: 1
[Step 4658] Action: 0
[Step 4672] Action: 2
[Step 4686] Action: 2
[Step 4696] Action: 0
[Step 4710] Action: 0
[Step 4720] Action: 0
[Step 4730] Action: 1
[Step 4744] Action: 2
[Step 4758] Action: 3
[Step 4772] Action: 3
[Step 4782] Action: 2
[Step 4796] Action: 3
[Step 4810] Action: 2
[Step 4824] Action: 2
[Step 4834] Action: 3
[Step 4848] Action: 2
[Step 4862] Action: 1
[Step 4876] Action: 3
[Step 4890] Action: 3
[Step 4900] Action: 0
[Step 4914] Action: 3
[Step 4928] Action: 2
[Step 4942] Action: 3
[Step 4956] Action: 1
[Step 4970] Action: 3
[Step 4984] Action: 3
[Step 4994] Action: 0
[Step 5008] Action: 0
[Step 5018] Action: 0
[Step 5028] Action: 0
[Step 5038] Action: 2
[Step 5052] Action: 1
[Step 5066] Action: 0
[Step 5080] Action: 1
[Step 5094] Action: 3
[Step 5108] Action: 2
[Step 5122] Action: 2
[Step 5132] Action: 2
[Step 5142] Action: 3
[Step 5156] Action: 1
[Step 5170] Action: 3
[Step 5184] Action: 1
[Step 5198] Action: 0
[Step 5212] Action: 2
[Step 5226] Action: 2
[Step 5236] Action: 3
[Step 5250] Action: 0
[Step 5264] Action: 3
[Step 5278] Action: 0
[Step 5292] Action: 0
[Step 5302] Action: 2
[Step 5316] Action: 2
[Step 5326] Action: 2
[Step 5336] Action: 1
[Step 5350] Action: 2
[Step 5364] Action: 3
[Step 5378] Action: 0
[Step 5392] Action: 0
