[Step 0] Action: 2
[Step 10] Action: 2
[Step 20] Action: 0
[Step 34] Action: 3
[Step 48] Action: 1
[Step 62] Action: 2
[Step 76] Action: 1
[Step 90] Action: 1
[Step 100] Action: 1
[Step 110] Action: 3
[Step 124] Action: 3
[Step 134] Action: 2
[Step 148] Action: 1
[Step 162] Action: 3
[Step 176] Action: 0
[Step 190] Action: 1
[Step 204] Action: 2
[Step 218] Action: 0
[Step 232] Action: 1
[Step 246] Action: 0
[Step 260] Action: 3
[Step 274] Action: 1
[Step 288] Action: 1
[Step 298] Action: 3
[Step 312] Action: 2
[Step 326] Action: 0
[Step 340] Action: 2
[Step 354] Action: 2
[Step 364] Action: 0
[Step 378] Action: 2
[Step 392] Action: 0
[Step 406] Action: 0
[Step 416] Action: 1
[Step 430] Action: 2
[Step 444] Action: 3
[Step 458] Action: 2
[Step 472] Action: 0
[Step 486] Action: 1
[Step 500] Action: 0
[Step 514] Action: 2
[Step 528] Action: 0
[Step 542] Action: 2
[Step 556] Action: 0
[Step 570] Action: 3
[Step 584] Action: 3
[Step 594] Action: 0
[Step 608] Action: 2
[Step 622] Action: 0
[Step 636] Action: 2
[Step 650] Action: 0
[Step 664] Action: 1
[Step 678] Action: 3
[Step 692] Action: 0
[Step 706] Action: 3
[Step 720] Action: 1
[Step 734] Action: 3
[Step 748] Action: 2
[Step 762] Action: 3
[Step 776] Action: 3
[Step 786] Action: 2
[Step 800] Action: 0
[Step 814] Action: 0
[Step 824] Action: 1
[Step 838] Action: 3
[Step 852] Action: 0
[Step 866] Action: 3
[Step 880] Action: 2
[Step 894] Action: 1
[Step 908] Action: 0
[Step 922] Action: 3
[Step 936] Action: 0
[Step 950] Action: 2
[Step 964] Action: 1
[Step 978] Action: 0
[Step 992] Action: 1
[Step 1006] Action: 2
[Step 1020] Action: 0
[Step 1034] Action: 2
[Step 1048] Action: 0
[Step 1062] Action: 0
[Step 1072] Action: 3
[Step 1086] Action: 0
[Step 1100] Action: 0
[Step 1110] Action: 2
[Step 1124] Action: 0
[Step 1138] Action: 3
[Step 1152] Action: 2
[Step 1166] Action: 1
[Step 1180] Action: 2
[Step 1194] Action: 1
[Step 1208] Action: 3
[Step 1222] Action: 0
[Step 1236] Action: 2
[Step 1250] Action: 0
[Step 1264] Action: 2
[Step 1278] Action: 0
[Step 1292] Action: 3
[Step 1306] Action: 3
[Step 1316] Action: 0
[Step 1330] Action: 3
[Step 1344] Action: 0
[Step 1358] Action: 1
[Step 1372] Action: 2
[Step 1386] Action: 0
[Step 1400] Action: 0
[Step 1410] Action: 2
[Step 1424] Action: 0
[Step 1438] Action: 1
[Step 1452] Action: 1
[Step 1462] Action: 3
[Step 1476] Action: 0
[Step 1490] Action: 2
[Step 1504] Action: 3
[Step 1518] Action: 0
[Step 1532] Action: 1
[Step 1546] Action: 2
[Step 1560] Action: 0
[Step 1574] Action: 1
[Step 1588] Action: 3
[Step 1602] Action: 1
[Step 1616] Action: 0
[Step 1630] Action: 3
[Step 1644] Action: 2
[Step 1658] Action: 2
[Step 1668] Action: 1
[Step 1682] Action: 1
[Step 1692] Action: 1
[Step 1702] Action: 0
[Step 1716] Action: 3
[Step 1730] Action: 1
[Step 1744] Action: 3
[Step 1758] Action: 2
[Step 1772] Action: 2
[Step 1782] Action: 3
[Step 1796] Action: 2
[Step 1810] Action: 2
[Step 1820] Action: 0
[Step 1834] Action: 2
[Step 1848] Action: 1
[Step 1862] Action: 3
[Step 1876] Action: 3
[Step 1886] Action: 3
[Step 1896] Action: 0
[Step 1910] Action: 3
[Step 1924] Action: 3
[Step 1934] Action: 1
[Step 1948] Action: 2
[Step 1962] Action: 2
[Step 1972] Action: 0
[Step 1986] Action: 1
[Step 2000] Action: 2
[Step 2014] Action: 0
[Step 2028] Action: 2
[Step 2042] Action: 0
[Step 2056] Action: 3
[Step 2070] Action: 3
[Step 2080] Action: 1
[Step 2094] Action: 2
[Step 2108] Action: 1
[Step 2122] Action: 0
[Step 2136] Action: 2
[Step 2150] Action: 2
[Step 2160] Action: 2
[Step 2170] Action: 0
[Step 2184] Action: 2
[Step 2198] Action: 0
[Step 2212] Action: 2
[Step 2226] Action: 1
[Step 2240] Action: 2
[Step 2254] Action: 2
[Step 2264] Action: 0
[Step 2278] Action: 1
[Step 2292] Action: 3
[Step 2306] Action: 0
[Step 2320] Action: 3
[Step 2334] Action: 2
[Step 2348] Action: 0
[Step 2362] Action: 1
[Step 2376] Action: 1
[Step 2386] Action: 0
[Step 2400] Action: 2
[Step 2414] Action: 1
[Step 2428] Action: 1
[Step 2438] Action: 2
[Step 2452] Action: 0
[Step 2466] Action: 3
[Step 2480] Action: 0
[Step 2494] Action: 0
[Step 2504] Action: 3
[Step 2518] Action: 0
[Step 2532] Action: 2
[Step 2546] Action: 3
[Step 2560] Action: 0
[Step 2574] Action: 2
[Step 2588] Action: 0
[Step 2602] Action: 3
[Step 2616] Action: 3
[Step 2626] Action: 1
[Step 2640] Action: 3
[Step 2654] Action: 0
[Step 2668] Action: 3
[Step 2682] Action: 0
[Step 2696] Action: 3
[Step 2710] Action: 2
[Step 2724] Action: 0
[Step 2738] Action: 1
[Step 2752] Action: 3
[Step 2766] Action: 1
[Step 2780] Action: 2
[Step 2794] Action: 3
[Step 2808] Action: 1
[Step 2822] Action: 1
[Step 2832] Action: 3
[Step 2846] Action: 1
[Step 2860] Action: 3
[Step 2874] Action: 3
[Step 2884] Action: 2
[Step 2898] Action: 3
[Step 2912] Action: 1
[Step 2926] Action: 3
[Step 2940] Action: 0
[Step 2954] Action: 1
[Step 2968] Action: 1
[Step 2978] Action: 1
[Step 2988] Action: 2
[Step 3002] Action: 3
[Step 3016] Action: 2
[Step 3030] Action: 2
[Step 3040] Action: 2
[Step 3050] Action: 2
[Step 3060] Action: 1
[Step 3074] Action: 2
[Step 3088] Action: 0
[Step 3102] Action: 2
[Step 3116] Action: 0
[Step 3130] Action: 3
[Step 3144] Action: 0
[Step 3158] Action: 0
[Step 3168] Action: 1
[Step 3182] Action: 1
[Step 3192] Action: 3
[Step 3206] Action: 0
[Step 3220] Action: 1
[Step 3234] Action: 0
[Step 3248] Action: 3
[Step 3262] Action: 2
[Step 3276] Action: 0
[Step 3290] Action: 2
[Step 3304] Action: 3
[Step 3318] Action: 0
[Step 3332] Action: 2
[Step 3346] Action: 2
[Step 3356] Action: 1
[Step 3370] Action: 0
[Step 3384] Action: 3
[Step 3398] Action: 2
[Step 3412] Action: 0
[Step 3426] Action: 1
[Step 3440] Action: 2
[Step 3454] Action: 3
[Step 3468] Action: 3
[Step 3478] Action: 3
[Step 3488] Action: 1
[Step 3502] Action: 3
[Step 3516] Action: 0
[Step 3530] Action: 3
[Step 3544] Action: 1
[Step 3558] Action: 1
[Step 3568] Action: 1
[Step 3578] Action: 3
[Step 3592] Action: 3
[Step 3602] Action: 3
[Step 3612] Action: 2
[Step 3626] Action: 0
[Step 3640] Action: 1
[Step 3654] Action: 3
[Step 3668] Action: 2
[Step 3682] Action: 0
[Step 3696] Action: 3
[Step 3710] Action: 0
[Step 3724] Action: 0
[Step 3734] Action: 2
[Step 3748] Action: 3
[Step 3762] Action: 0
[Step 3776] Action: 2
[Step 3790] Action: 0
[Step 3804] Action: 2
[Step 3818] Action: 1
[Step 3832] Action: 2
[Step 3846] Action: 3
[Step 3860] Action: 0
[Step 3874] Action: 3
[Step 3888] Action: 2
[Step 3902] Action: 1
[Step 3916] Action: 2
[Step 3930] Action: 0
[Step 3944] Action: 0
[Step 3954] Action: 2
[Step 3968] Action: 0
[Step 3982] Action: 0
[Step 3992] Action: 1
[Step 4006] Action: 2
[Step 4020] Action: 2
[Step 4030] Action: 0
[Step 4044] Action: 3
[Step 4058] Action: 2
[Step 4072] Action: 1
[Step 4086] Action: 2
[Step 4100] Action: 0
[Step 4114] Action: 1
[Step 4128] Action: 1
[Step 4138] Action: 2
[Step 4152] Action: 0
[Step 4166] Action: 2
[Step 4180] Action: 0
[Step 4194] Action: 2
[Step 4208] Action: 3
[Step 4222] Action: 1
[Step 4236] Action: 3
[Step 4250] Action: 3
[Step 4260] Action: 3
[Step 4270] Action: 0
[Step 4284] Action: 0
[Step 4294] Action: 0
[Step 4304] Action: 2
[Step 4318] Action: 3
[Step 4332] Action: 0
[Step 4346] Action: 1
[Step 4360] Action: 1
[Step 4370] Action: 2
[Step 4384] Action: 0
[Step 4398] Action: 0
[Step 4408] Action: 2
[Step 4422] Action: 0
[Step 4436] Action: 1
[Step 4450] Action: 1
[Step 4460] Action: 1
[Step 4470] Action: 3
[Step 4484] Action: 2
[Step 4498] Action: 2
[Step 4508] Action: 0
[Step 4522] Action: 2
[Step 4536] Action: 3
[Step 4550] Action: 0
[Step 4564] Action: 0
[Step 4574] Action: 2
[Step 4588] Action: 0
[Step 4602] Action: 0
[Step 4612] Action: 1
[Step 4626] Action: 2
[Step 4640] Action: 1
[Step 4654] Action: 1
[Step 4664] Action: 3
[Step 4678] Action: 3
[Step 4688] Action: 0
[Step 4702] Action: 2
[Step 4716] Action: 1
[Step 4730] Action: 0
[Step 4744] Action: 2
[Step 4758] Action: 3
[Step 4772] Action: 1
[Step 4786] Action: 0
[Step 4800] Action: 2
[Step 4814] Action: 0
[Step 4828] Action: 2
[Step 4842] Action: 1
[Step 4856] Action: 1
[Step 4866] Action: 2
[Step 4880] Action: 0
[Step 4894] Action: 1
[Step 4908] Action: 1
[Step 4918] Action: 2
[Step 4932] Action: 1
[Step 4946] Action: 2
[Step 4960] Action: 2
[Step 4970] Action: 0
[Step 4984] Action: 2
[Step 4998] Action: 1
[Step 5012] Action: 1
[Step 5022] Action: 3
[Step 5036] Action: 3
[Step 5046] Action: 0
[Step 5060] Action: 2
[Step 5074] Action: 0
[Step 5088] Action: 1
[Step 5102] Action: 2
[Step 5116] Action: 3
[Step 5130] Action: 1
[Step 5144] Action: 2
[Step 5158] Action: 0
[Step 5172] Action: 2
[Step 5186] Action: 0
[Step 5200] Action: 2
[Step 5214] Action: 3
[Step 5228] Action: 1
[Step 5242] Action: 0
[Step 5256] Action: 3
[Step 5270] Action: 3
[Step 5280] Action: 2
[Step 5294] Action: 3
[Step 5308] Action: 2
[Step 5322] Action: 0
[Step 5336] Action: 2
[Step 5350] Action: 3
[Step 5364] Action: 3
[Step 5374] Action: 0
[Step 5388] Action: 2
