[Step 0] Action: 2
[Step 40] Action: 2
[Step 80] Action: 1
[Step 124] Action: 0
[Step 168] Action: 1
[Step 212] Action: 1
[Step 252] Action: 0
[Step 296] Action: 1
[Step 340] Action: 1
[Step 380] Action: 1
[Step 420] Action: 1
[Step 460] Action: 0
[Step 504] Action: 1
[Step 548] Action: 1
[Step 588] Action: 1
[Step 628] Action: 1
[Step 668] Action: 0
[Step 712] Action: 1
[Step 756] Action: 1
[Step 796] Action: 1
[Step 836] Action: 1
[Step 876] Action: 1
[Step 916] Action: 1
[Step 956] Action: 1
[Step 996] Action: 1
[Step 1036] Action: 1
[Step 1076] Action: 1
[Step 1116] Action: 1
[Step 1156] Action: 1
[Step 1196] Action: 1
[Step 1236] Action: 1
[Step 1276] Action: 1
[Step 1316] Action: 2
[Step 1360] Action: 1
[Step 1404] Action: 1
[Step 1444] Action: 1
[Step 1484] Action: 1
[Step 1524] Action: 1
[Step 1564] Action: 1
[Step 1604] Action: 1
[Step 1644] Action: 1
[Step 1684] Action: 1
[Step 1724] Action: 1
[Step 1764] Action: 1
[Step 1804] Action: 1
[Step 1844] Action: 1
[Step 1884] Action: 1
[Step 1924] Action: 1
[Step 1964] Action: 1
[Step 2004] Action: 1
[Step 2044] Action: 1
[Step 2084] Action: 0
[Step 2128] Action: 0
[Step 2168] Action: 1
[Step 2212] Action: 1
[Step 2252] Action: 2
[Step 2296] Action: 1
[Step 2340] Action: 0
[Step 2384] Action: 1
[Step 2428] Action: 0
[Step 2472] Action: 1
[Step 2516] Action: 1
[Step 2556] Action: 3
[Step 2600] Action: 1
[Step 2644] Action: 2
[Step 2688] Action: 1
[Step 2732] Action: 3
[Step 2776] Action: 0
[Step 2820] Action: 2
[Step 2864] Action: 3
[Step 2908] Action: 0
[Step 2952] Action: 1
[Step 2996] Action: 1
[Step 3036] Action: 1
[Step 3076] Action: 1
[Step 3116] Action: 3
[Step 3160] Action: 3
[Step 3200] Action: 0
[Step 3244] Action: 3
[Step 3288] Action: 1
[Step 3332] Action: 1
[Step 3372] Action: 1
[Step 3412] Action: 2
[Step 3456] Action: 1
[Step 3500] Action: 3
[Step 3544] Action: 0
[Step 3588] Action: 1
[Step 3632] Action: 3
[Step 3676] Action: 0
[Step 3720] Action: 3
[Step 3764] Action: 3
[Step 3804] Action: 1
[Step 3848] Action: 2
[Step 3892] Action: 3
[Step 3936] Action: 3
[Step 3976] Action: 1
[Step 4020] Action: 0
[Step 4064] Action: 1
[Step 4108] Action: 3
[Step 4152] Action: 0
[Step 4196] Action: 0
[Step 4236] Action: 3
[Step 4280] Action: 1
[Step 4324] Action: 0
[Step 4368] Action: 0
[Step 4408] Action: 1
[Step 4452] Action: 2
[Step 4496] Action: 2
[Step 4536] Action: 3
[Step 4580] Action: 1
[Step 4624] Action: 0
[Step 4668] Action: 2
[Step 4712] Action: 3
[Step 4756] Action: 2
[Step 4800] Action: 1
[Step 4844] Action: 1
[Step 4884] Action: 0
[Step 4928] Action: 2
[Step 4972] Action: 0
[Step 5016] Action: 0
[Step 5056] Action: 1
[Step 5100] Action: 2
[Step 5144] Action: 1
[Step 5188] Action: 0
[Step 5232] Action: 3
[Step 5276] Action: 1
[Step 5320] Action: 2
[Step 5364] Action: 1
