[Step 0] Action: 2
[Step 10] Action: 0
[Step 24] Action: 3
[Step 38] Action: 0
[Step 52] Action: 3
[Step 66] Action: 3
[Step 76] Action: 0
[Step 90] Action: 3
[Step 104] Action: 1
[Step 118] Action: 1
[Step 128] Action: 1
[Step 138] Action: 0
[Step 152] Action: 0
[Step 162] Action: 1
[Step 176] Action: 1
[Step 186] Action: 3
[Step 200] Action: 3
[Step 210] Action: 2
[Step 224] Action: 3
[Step 238] Action: 2
[Step 252] Action: 0
[Step 266] Action: 3
[Step 280] Action: 2
[Step 294] Action: 1
[Step 308] Action: 1
[Step 318] Action: 1
[Step 328] Action: 1
[Step 338] Action: 0
[Step 352] Action: 0
[Step 362] Action: 0
[Step 372] Action: 2
[Step 386] Action: 2
[Step 396] Action: 1
[Step 410] Action: 1
[Step 420] Action: 0
[Step 434] Action: 2
[Step 448] Action: 0
[Step 462] Action: 0
[Step 472] Action: 0
[Step 482] Action: 0
[Step 492] Action: 1
[Step 506] Action: 1
[Step 516] Action: 1
[Step 526] Action: 2
[Step 540] Action: 3
[Step 554] Action: 0
[Step 568] Action: 2
[Step 582] Action: 0
[Step 596] Action: 0
[Step 606] Action: 2
[Step 620] Action: 1
[Step 634] Action: 0
[Step 648] Action: 0
[Step 658] Action: 2
[Step 672] Action: 0
[Step 686] Action: 1
[Step 700] Action: 0
[Step 714] Action: 1
[Step 728] Action: 1
[Step 738] Action: 2
[Step 752] Action: 0
[Step 766] Action: 0
[Step 776] Action: 0
[Step 786] Action: 2
[Step 800] Action: 1
[Step 814] Action: 2
[Step 828] Action: 0
[Step 842] Action: 0
[Step 852] Action: 0
[Step 862] Action: 2
[Step 876] Action: 0
[Step 890] Action: 1
[Step 904] Action: 1
[Step 914] Action: 1
[Step 924] Action: 1
[Step 934] Action: 0
[Step 948] Action: 2
[Step 962] Action: 0
[Step 976] Action: 2
[Step 990] Action: 1
[Step 1004] Action: 0
[Step 1018] Action: 1
[Step 1032] Action: 0
[Step 1046] Action: 0
[Step 1056] Action: 1
[Step 1070] Action: 0
[Step 1084] Action: 1
[Step 1098] Action: 0
[Step 1112] Action: 0
[Step 1122] Action: 1
[Step 1136] Action: 2
[Step 1150] Action: 0
[Step 1164] Action: 0
[Step 1174] Action: 1
[Step 1188] Action: 0
[Step 1202] Action: 1
[Step 1216] Action: 1
[Step 1226] Action: 1
[Step 1236] Action: 2
[Step 1250] Action: 0
[Step 1264] Action: 2
[Step 1278] Action: 1
[Step 1292] Action: 0
[Step 1306] Action: 2
[Step 1320] Action: 1
[Step 1334] Action: 2
[Step 1348] Action: 2
[Step 1358] Action: 1
[Step 1372] Action: 2
[Step 1386] Action: 0
[Step 1400] Action: 1
[Step 1414] Action: 1
[Step 1424] Action: 0
[Step 1438] Action: 0
[Step 1448] Action: 0
[Step 1458] Action: 0
[Step 1468] Action: 1
[Step 1482] Action: 1
[Step 1492] Action: 1
[Step 1502] Action: 2
[Step 1516] Action: 1
[Step 1530] Action: 0
[Step 1544] Action: 0
[Step 1554] Action: 0
[Step 1564] Action: 2
[Step 1578] Action: 0
[Step 1592] Action: 1
[Step 1606] Action: 0
[Step 1620] Action: 0
[Step 1630] Action: 0
[Step 1640] Action: 2
[Step 1654] Action: 0
[Step 1668] Action: 2
[Step 1682] Action: 1
[Step 1696] Action: 1
[Step 1706] Action: 1
[Step 1716] Action: 0
[Step 1730] Action: 1
[Step 1744] Action: 0
[Step 1758] Action: 0
[Step 1768] Action: 0
[Step 1778] Action: 2
[Step 1792] Action: 2
[Step 1802] Action: 0
[Step 1816] Action: 2
[Step 1830] Action: 0
[Step 1844] Action: 0
[Step 1854] Action: 0
[Step 1864] Action: 2
[Step 1878] Action: 2
[Step 1888] Action: 0
[Step 1902] Action: 2
[Step 1916] Action: 2
[Step 1926] Action: 2
[Step 1936] Action: 1
[Step 1950] Action: 2
[Step 1964] Action: 2
[Step 1974] Action: 1
[Step 1988] Action: 1
[Step 1998] Action: 2
[Step 2012] Action: 1
[Step 2026] Action: 2
[Step 2040] Action: 1
[Step 2054] Action: 0
[Step 2068] Action: 0
[Step 2078] Action: 2
[Step 2092] Action: 1
[Step 2106] Action: 1
[Step 2116] Action: 2
[Step 2130] Action: 0
[Step 2144] Action: 0
[Step 2154] Action: 1
[Step 2168] Action: 2
[Step 2182] Action: 0
[Step 2196] Action: 0
[Step 2206] Action: 1
[Step 2220] Action: 0
[Step 2234] Action: 2
[Step 2248] Action: 0
[Step 2262] Action: 2
[Step 2276] Action: 1
[Step 2290] Action: 0
[Step 2304] Action: 0
[Step 2314] Action: 2
[Step 2328] Action: 2
[Step 2338] Action: 2
[Step 2348] Action: 2
[Step 2358] Action: 0
[Step 2372] Action: 2
[Step 2386] Action: 2
[Step 2396] Action: 2
[Step 2406] Action: 2
[Step 2416] Action: 2
[Step 2426] Action: 2
[Step 2436] Action: 2
[Step 2446] Action: 2
[Step 2456] Action: 2
[Step 2466] Action: 2
[Step 2476] Action: 2
[Step 2486] Action: 2
[Step 2496] Action: 2
[Step 2506] Action: 2
[Step 2516] Action: 2
[Step 2526] Action: 2
[Step 2536] Action: 2
[Step 2546] Action: 2
[Step 2556] Action: 2
[Step 2566] Action: 2
[Step 2576] Action: 2
[Step 2586] Action: 2
[Step 2596] Action: 2
[Step 2606] Action: 2
[Step 2616] Action: 2
[Step 2626] Action: 2
[Step 2636] Action: 2
[Step 2646] Action: 2
[Step 2656] Action: 2
[Step 2666] Action: 2
[Step 2676] Action: 2
[Step 2686] Action: 2
[Step 2696] Action: 2
[Step 2706] Action: 2
[Step 2716] Action: 2
[Step 2726] Action: 2
[Step 2736] Action: 2
[Step 2746] Action: 2
[Step 2756] Action: 2
[Step 2766] Action: 2
[Step 2776] Action: 2
[Step 2786] Action: 2
[Step 2796] Action: 2
[Step 2806] Action: 2
[Step 2816] Action: 2
[Step 2826] Action: 2
[Step 2836] Action: 2
[Step 2846] Action: 2
[Step 2856] Action: 2
[Step 2866] Action: 2
[Step 2876] Action: 2
[Step 2886] Action: 2
[Step 2896] Action: 2
[Step 2906] Action: 2
[Step 2916] Action: 2
[Step 2926] Action: 2
[Step 2936] Action: 2
[Step 2946] Action: 2
[Step 2956] Action: 2
[Step 2966] Action: 2
[Step 2976] Action: 2
[Step 2986] Action: 2
[Step 2996] Action: 2
[Step 3006] Action: 2
[Step 3016] Action: 2
[Step 3026] Action: 2
[Step 3036] Action: 2
[Step 3046] Action: 2
[Step 3056] Action: 2
[Step 3066] Action: 2
[Step 3076] Action: 2
[Step 3086] Action: 2
[Step 3096] Action: 2
[Step 3106] Action: 2
[Step 3116] Action: 2
[Step 3126] Action: 2
[Step 3136] Action: 2
[Step 3146] Action: 2
[Step 3156] Action: 2
[Step 3166] Action: 2
[Step 3176] Action: 2
[Step 3186] Action: 2
[Step 3196] Action: 2
[Step 3206] Action: 2
[Step 3216] Action: 2
[Step 3226] Action: 2
[Step 3236] Action: 2
[Step 3246] Action: 2
[Step 3256] Action: 2
[Step 3266] Action: 2
[Step 3276] Action: 2
[Step 3286] Action: 2
[Step 3296] Action: 2
[Step 3306] Action: 2
[Step 3316] Action: 2
[Step 3326] Action: 2
[Step 3336] Action: 2
[Step 3346] Action: 2
[Step 3356] Action: 2
[Step 3366] Action: 2
[Step 3376] Action: 2
[Step 3386] Action: 2
[Step 3396] Action: 2
[Step 3406] Action: 2
[Step 3416] Action: 2
[Step 3426] Action: 2
[Step 3436] Action: 2
[Step 3446] Action: 2
[Step 3456] Action: 2
[Step 3466] Action: 2
[Step 3476] Action: 2
[Step 3486] Action: 2
[Step 3496] Action: 2
[Step 3506] Action: 2
[Step 3516] Action: 2
[Step 3526] Action: 2
[Step 3536] Action: 2
[Step 3546] Action: 2
[Step 3556] Action: 2
[Step 3566] Action: 2
[Step 3576] Action: 2
[Step 3586] Action: 2
[Step 3596] Action: 2
[Step 3606] Action: 2
[Step 3616] Action: 2
[Step 3626] Action: 2
[Step 3636] Action: 2
[Step 3646] Action: 2
[Step 3656] Action: 2
[Step 3666] Action: 2
[Step 3676] Action: 2
[Step 3686] Action: 2
[Step 3696] Action: 2
[Step 3706] Action: 2
[Step 3716] Action: 2
[Step 3726] Action: 2
[Step 3736] Action: 2
[Step 3746] Action: 2
[Step 3756] Action: 2
[Step 3766] Action: 2
[Step 3776] Action: 2
[Step 3786] Action: 2
[Step 3796] Action: 2
[Step 3806] Action: 2
[Step 3816] Action: 2
[Step 3826] Action: 2
[Step 3836] Action: 2
[Step 3846] Action: 2
[Step 3856] Action: 2
[Step 3866] Action: 2
[Step 3876] Action: 2
[Step 3886] Action: 2
[Step 3896] Action: 2
[Step 3906] Action: 2
[Step 3916] Action: 2
[Step 3926] Action: 2
[Step 3936] Action: 2
[Step 3946] Action: 2
[Step 3956] Action: 2
[Step 3966] Action: 2
[Step 3976] Action: 2
[Step 3986] Action: 2
[Step 3996] Action: 2
[Step 4006] Action: 2
[Step 4016] Action: 2
[Step 4026] Action: 2
[Step 4036] Action: 2
[Step 4046] Action: 2
[Step 4056] Action: 2
[Step 4066] Action: 2
[Step 4076] Action: 2
[Step 4086] Action: 2
[Step 4096] Action: 2
[Step 4106] Action: 2
[Step 4116] Action: 2
[Step 4126] Action: 2
[Step 4136] Action: 2
[Step 4146] Action: 2
[Step 4156] Action: 2
[Step 4166] Action: 2
[Step 4176] Action: 2
[Step 4186] Action: 2
[Step 4196] Action: 2
[Step 4206] Action: 2
[Step 4216] Action: 2
[Step 4226] Action: 2
[Step 4236] Action: 2
[Step 4246] Action: 2
[Step 4256] Action: 2
[Step 4266] Action: 2
[Step 4276] Action: 2
[Step 4286] Action: 2
[Step 4296] Action: 2
[Step 4306] Action: 2
[Step 4316] Action: 2
[Step 4326] Action: 2
[Step 4336] Action: 2
[Step 4346] Action: 2
[Step 4356] Action: 2
[Step 4366] Action: 2
[Step 4376] Action: 2
[Step 4386] Action: 2
[Step 4396] Action: 2
[Step 4406] Action: 2
[Step 4416] Action: 2
[Step 4426] Action: 2
[Step 4436] Action: 2
[Step 4446] Action: 2
[Step 4456] Action: 2
[Step 4466] Action: 2
[Step 4476] Action: 2
[Step 4486] Action: 2
[Step 4496] Action: 2
[Step 4506] Action: 2
[Step 4516] Action: 2
[Step 4526] Action: 2
[Step 4536] Action: 2
[Step 4546] Action: 2
[Step 4556] Action: 2
[Step 4566] Action: 2
[Step 4576] Action: 2
[Step 4586] Action: 2
[Step 4596] Action: 2
[Step 4606] Action: 2
[Step 4616] Action: 2
[Step 4626] Action: 2
[Step 4636] Action: 2
[Step 4646] Action: 2
[Step 4656] Action: 2
[Step 4666] Action: 2
[Step 4676] Action: 2
[Step 4686] Action: 2
[Step 4696] Action: 2
[Step 4706] Action: 2
[Step 4716] Action: 2
[Step 4726] Action: 2
[Step 4736] Action: 2
[Step 4746] Action: 2
[Step 4756] Action: 2
[Step 4766] Action: 2
[Step 4776] Action: 2
[Step 4786] Action: 2
[Step 4796] Action: 2
[Step 4806] Action: 2
[Step 4816] Action: 2
[Step 4826] Action: 2
[Step 4836] Action: 2
[Step 4846] Action: 2
[Step 4856] Action: 2
[Step 4866] Action: 2
[Step 4876] Action: 2
[Step 4886] Action: 2
[Step 4896] Action: 2
[Step 4906] Action: 2
[Step 4916] Action: 2
[Step 4926] Action: 2
[Step 4936] Action: 2
[Step 4946] Action: 2
[Step 4956] Action: 2
[Step 4966] Action: 2
[Step 4976] Action: 2
[Step 4986] Action: 2
[Step 4996] Action: 2
[Step 5006] Action: 2
[Step 5016] Action: 2
[Step 5026] Action: 2
[Step 5036] Action: 2
[Step 5046] Action: 2
[Step 5056] Action: 2
[Step 5066] Action: 2
[Step 5076] Action: 2
[Step 5086] Action: 2
[Step 5096] Action: 2
[Step 5106] Action: 2
[Step 5116] Action: 2
[Step 5126] Action: 2
[Step 5136] Action: 2
[Step 5146] Action: 2
[Step 5156] Action: 2
[Step 5166] Action: 2
[Step 5176] Action: 2
[Step 5186] Action: 2
[Step 5196] Action: 2
[Step 5206] Action: 2
[Step 5216] Action: 2
[Step 5226] Action: 2
[Step 5236] Action: 2
[Step 5246] Action: 2
[Step 5256] Action: 2
[Step 5266] Action: 2
[Step 5276] Action: 2
[Step 5286] Action: 2
[Step 5296] Action: 2
[Step 5306] Action: 2
[Step 5316] Action: 2
[Step 5326] Action: 2
[Step 5336] Action: 2
[Step 5346] Action: 2
[Step 5356] Action: 2
[Step 5366] Action: 2
[Step 5376] Action: 2
[Step 5386] Action: 2
[Step 5396] Action: 2
