[Step 0] Action: 1
[Step 10] Action: 0
[Step 24] Action: 0
[Step 34] Action: 1
[Step 48] Action: 3
[Step 62] Action: 0
[Step 76] Action: 1
[Step 90] Action: 0
[Step 104] Action: 1
[Step 118] Action: 0
[Step 132] Action: 1
[Step 146] Action: 1
[Step 156] Action: 2
[Step 170] Action: 1
[Step 184] Action: 0
[Step 198] Action: 2
[Step 212] Action: 1
[Step 226] Action: 1
[Step 236] Action: 1
[Step 246] Action: 1
[Step 256] Action: 3
[Step 270] Action: 3
[Step 280] Action: 1
[Step 294] Action: 1
[Step 304] Action: 0
[Step 318] Action: 0
[Step 328] Action: 1
[Step 342] Action: 0
[Step 356] Action: 0
[Step 366] Action: 0
[Step 376] Action: 1
[Step 390] Action: 2
[Step 404] Action: 0
[Step 418] Action: 3
[Step 432] Action: 1
[Step 446] Action: 1
[Step 456] Action: 1
[Step 466] Action: 1
[Step 476] Action: 0
[Step 490] Action: 3
[Step 504] Action: 2
[Step 518] Action: 1
[Step 532] Action: 1
[Step 542] Action: 1
[Step 552] Action: 2
[Step 566] Action: 1
[Step 580] Action: 0
[Step 594] Action: 1
[Step 608] Action: 0
[Step 622] Action: 2
[Step 636] Action: 1
[Step 650] Action: 1
[Step 660] Action: 1
[Step 670] Action: 1
[Step 680] Action: 1
[Step 690] Action: 3
[Step 704] Action: 2
[Step 718] Action: 1
[Step 732] Action: 1
[Step 742] Action: 1
[Step 752] Action: 1
[Step 762] Action: 2
[Step 776] Action: 1
[Step 790] Action: 2
[Step 804] Action: 1
[Step 818] Action: 1
[Step 828] Action: 1
[Step 838] Action: 1
[Step 848] Action: 1
[Step 858] Action: 1
[Step 868] Action: 0
[Step 882] Action: 2
[Step 896] Action: 2
[Step 906] Action: 1
[Step 920] Action: 1
[Step 930] Action: 1
[Step 940] Action: 1
[Step 950] Action: 1
[Step 960] Action: 2
[Step 974] Action: 1
[Step 988] Action: 1
[Step 998] Action: 2
[Step 1012] Action: 1
[Step 1026] Action: 0
[Step 1040] Action: 1
[Step 1054] Action: 1
[Step 1064] Action: 1
[Step 1074] Action: 1
[Step 1084] Action: 1
[Step 1094] Action: 1
[Step 1104] Action: 2
[Step 1118] Action: 1
[Step 1132] Action: 1
[Step 1142] Action: 1
[Step 1152] Action: 1
[Step 1162] Action: 1
[Step 1172] Action: 1
[Step 1182] Action: 1
[Step 1192] Action: 2
[Step 1206] Action: 1
[Step 1220] Action: 1
[Step 1230] Action: 2
[Step 1244] Action: 2
[Step 1254] Action: 1
[Step 1268] Action: 1
[Step 1278] Action: 1
[Step 1288] Action: 1
[Step 1298] Action: 1
[Step 1308] Action: 1
[Step 1318] Action: 0
[Step 1332] Action: 1
[Step 1346] Action: 1
[Step 1356] Action: 1
[Step 1366] Action: 1
[Step 1376] Action: 1
[Step 1386] Action: 1
[Step 1396] Action: 1
[Step 1406] Action: 1
[Step 1416] Action: 1
[Step 1426] Action: 1
[Step 1436] Action: 1
[Step 1446] Action: 1
[Step 1456] Action: 1
[Step 1466] Action: 1
[Step 1476] Action: 0
[Step 1490] Action: 0
[Step 1500] Action: 1
[Step 1514] Action: 1
[Step 1524] Action: 1
[Step 1534] Action: 1
[Step 1544] Action: 1
[Step 1554] Action: 1
[Step 1564] Action: 1
[Step 1574] Action: 1
[Step 1584] Action: 1
[Step 1594] Action: 1
[Step 1604] Action: 2
[Step 1618] Action: 1
[Step 1632] Action: 1
[Step 1642] Action: 1
[Step 1652] Action: 1
[Step 1662] Action: 3
[Step 1676] Action: 1
[Step 1690] Action: 1
[Step 1700] Action: 1
[Step 1710] Action: 1
[Step 1720] Action: 1
[Step 1730] Action: 1
[Step 1740] Action: 1
[Step 1750] Action: 2
[Step 1764] Action: 1
[Step 1778] Action: 1
[Step 1788] Action: 1
[Step 1798] Action: 1
[Step 1808] Action: 1
[Step 1818] Action: 1
[Step 1828] Action: 1
[Step 1838] Action: 1
[Step 1848] Action: 3
[Step 1862] Action: 1
[Step 1876] Action: 1
[Step 1886] Action: 1
[Step 1896] Action: 1
[Step 1906] Action: 1
[Step 1916] Action: 1
[Step 1926] Action: 1
[Step 1936] Action: 1
[Step 1946] Action: 1
[Step 1956] Action: 1
[Step 1966] Action: 1
[Step 1976] Action: 1
[Step 1986] Action: 1
[Step 1996] Action: 1
[Step 2006] Action: 1
[Step 2016] Action: 1
[Step 2026] Action: 1
[Step 2036] Action: 1
[Step 2046] Action: 0
[Step 2060] Action: 1
[Step 2074] Action: 1
[Step 2084] Action: 0
[Step 2098] Action: 1
[Step 2112] Action: 1
[Step 2122] Action: 1
[Step 2132] Action: 1
[Step 2142] Action: 1
[Step 2152] Action: 1
[Step 2162] Action: 1
[Step 2172] Action: 1
[Step 2182] Action: 1
[Step 2192] Action: 1
[Step 2202] Action: 0
[Step 2216] Action: 1
[Step 2230] Action: 1
[Step 2240] Action: 1
[Step 2250] Action: 2
[Step 2264] Action: 1
[Step 2278] Action: 1
[Step 2288] Action: 0
[Step 2302] Action: 2
[Step 2316] Action: 1
[Step 2330] Action: 3
[Step 2344] Action: 2
[Step 2358] Action: 0
[Step 2372] Action: 0
[Step 2382] Action: 1
[Step 2396] Action: 1
[Step 2406] Action: 1
[Step 2416] Action: 1
[Step 2426] Action: 1
[Step 2436] Action: 3
[Step 2450] Action: 0
[Step 2464] Action: 1
[Step 2478] Action: 0
[Step 2492] Action: 0
[Step 2502] Action: 0
[Step 2512] Action: 2
[Step 2526] Action: 0
[Step 2540] Action: 1
[Step 2554] Action: 1
[Step 2564] Action: 1
[Step 2574] Action: 1
[Step 2584] Action: 2
[Step 2598] Action: 0
[Step 2612] Action: 0
[Step 2622] Action: 2
[Step 2636] Action: 0
[Step 2650] Action: 1
[Step 2664] Action: 0
[Step 2678] Action: 0
[Step 2688] Action: 0
[Step 2698] Action: 2
[Step 2712] Action: 0
[Step 2726] Action: 3
[Step 2740] Action: 1
[Step 2754] Action: 1
[Step 2764] Action: 2
[Step 2778] Action: 1
[Step 2792] Action: 0
[Step 2806] Action: 2
[Step 2820] Action: 2
[Step 2830] Action: 1
[Step 2844] Action: 1
[Step 2854] Action: 1
[Step 2864] Action: 0
[Step 2878] Action: 1
[Step 2892] Action: 0
[Step 2906] Action: 1
[Step 2920] Action: 1
[Step 2930] Action: 0
[Step 2944] Action: 2
[Step 2958] Action: 2
[Step 2968] Action: 1
[Step 2982] Action: 0
[Step 2996] Action: 1
[Step 3010] Action: 0
[Step 3024] Action: 3
[Step 3038] Action: 1
[Step 3052] Action: 1
[Step 3062] Action: 2
[Step 3076] Action: 3
[Step 3090] Action: 3
[Step 3100] Action: 2
[Step 3114] Action: 0
[Step 3128] Action: 2
[Step 3142] Action: 3
[Step 3156] Action: 0
[Step 3170] Action: 2
[Step 3184] Action: 3
[Step 3198] Action: 1
[Step 3212] Action: 2
[Step 3226] Action: 2
[Step 3236] Action: 1
[Step 3250] Action: 0
[Step 3264] Action: 2
[Step 3278] Action: 0
[Step 3292] Action: 2
[Step 3306] Action: 0
[Step 3320] Action: 3
[Step 3334] Action: 1
[Step 3348] Action: 3
[Step 3362] Action: 1
[Step 3376] Action: 1
[Step 3386] Action: 2
[Step 3400] Action: 0
[Step 3414] Action: 0
[Step 3424] Action: 2
[Step 3438] Action: 0
[Step 3452] Action: 0
[Step 3462] Action: 2
[Step 3476] Action: 1
[Step 3490] Action: 2
[Step 3504] Action: 0
[Step 3518] Action: 1
[Step 3532] Action: 0
[Step 3546] Action: 1
[Step 3560] Action: 1
[Step 3570] Action: 0
[Step 3584] Action: 2
[Step 3598] Action: 3
[Step 3612] Action: 0
[Step 3626] Action: 0
[Step 3636] Action: 2
[Step 3650] Action: 1
[Step 3664] Action: 2
[Step 3678] Action: 3
[Step 3692] Action: 2
[Step 3706] Action: 0
[Step 3720] Action: 1
[Step 3734] Action: 3
[Step 3748] Action: 2
[Step 3762] Action: 3
[Step 3776] Action: 1
[Step 3790] Action: 2
[Step 3804] Action: 3
[Step 3818] Action: 1
[Step 3832] Action: 3
[Step 3846] Action: 3
[Step 3856] Action: 1
[Step 3870] Action: 0
[Step 3884] Action: 1
[Step 3898] Action: 2
[Step 3912] Action: 3
[Step 3926] Action: 1
[Step 3940] Action: 1
[Step 3950] Action: 2
[Step 3964] Action: 2
[Step 3974] Action: 0
[Step 3988] Action: 3
[Step 4002] Action: 0
[Step 4016] Action: 0
[Step 4026] Action: 2
[Step 4040] Action: 1
[Step 4054] Action: 0
[Step 4068] Action: 3
[Step 4082] Action: 3
[Step 4092] Action: 3
[Step 4102] Action: 0
[Step 4116] Action: 3
[Step 4130] Action: 1
[Step 4144] Action: 3
[Step 4158] Action: 1
[Step 4172] Action: 1
[Step 4182] Action: 3
[Step 4196] Action: 2
[Step 4210] Action: 3
[Step 4224] Action: 3
[Step 4234] Action: 2
[Step 4248] Action: 0
[Step 4262] Action: 0
[Step 4272] Action: 2
[Step 4286] Action: 2
[Step 4296] Action: 2
[Step 4306] Action: 1
[Step 4320] Action: 3
[Step 4334] Action: 2
[Step 4348] Action: 3
[Step 4362] Action: 1
[Step 4376] Action: 1
[Step 4386] Action: 3
[Step 4400] Action: 3
[Step 4410] Action: 2
[Step 4424] Action: 1
[Step 4438] Action: 1
[Step 4448] Action: 2
[Step 4462] Action: 0
[Step 4476] Action: 3
[Step 4490] Action: 1
[Step 4504] Action: 0
[Step 4518] Action: 0
[Step 4528] Action: 1
[Step 4542] Action: 3
[Step 4556] Action: 2
[Step 4570] Action: 0
[Step 4584] Action: 3
[Step 4598] Action: 3
[Step 4608] Action: 1
[Step 4622] Action: 3
[Step 4636] Action: 0
[Step 4650] Action: 3
[Step 4664] Action: 1
[Step 4678] Action: 2
[Step 4692] Action: 0
[Step 4706] Action: 2
[Step 4720] Action: 1
[Step 4734] Action: 3
[Step 4748] Action: 0
[Step 4762] Action: 2
[Step 4776] Action: 2
[Step 4786] Action: 2
[Step 4796] Action: 0
[Step 4810] Action: 1
[Step 4824] Action: 1
[Step 4834] Action: 0
[Step 4848] Action: 2
[Step 4862] Action: 3
[Step 4876] Action: 1
[Step 4890] Action: 2
[Step 4904] Action: 1
[Step 4918] Action: 3
[Step 4932] Action: 2
[Step 4946] Action: 3
[Step 4960] Action: 3
[Step 4970] Action: 1
[Step 4984] Action: 0
[Step 4998] Action: 0
[Step 5008] Action: 0
[Step 5018] Action: 1
[Step 5032] Action: 2
[Step 5046] Action: 0
[Step 5060] Action: 2
[Step 5074] Action: 0
[Step 5088] Action: 3
[Step 5102] Action: 0
[Step 5116] Action: 0
[Step 5126] Action: 2
[Step 5140] Action: 0
[Step 5154] Action: 0
[Step 5164] Action: 1
[Step 5178] Action: 2
[Step 5192] Action: 3
[Step 5206] Action: 2
[Step 5220] Action: 1
[Step 5234] Action: 0
[Step 5248] Action: 1
[Step 5262] Action: 0
[Step 5276] Action: 1
[Step 5290] Action: 2
[Step 5304] Action: 0
[Step 5318] Action: 0
[Step 5328] Action: 3
[Step 5342] Action: 2
[Step 5356] Action: 2
[Step 5366] Action: 1
[Step 5380] Action: 0
[Step 5394] Action: 2
