[Step 0] Action: 0
[Step 40] Action: 0
[Step 80] Action: 2
[Step 124] Action: 2
[Step 164] Action: 2
[Step 204] Action: 1
[Step 248] Action: 1
[Step 288] Action: 2
[Step 332] Action: 1
[Step 376] Action: 1
[Step 416] Action: 1
[Step 456] Action: 1
[Step 496] Action: 3
[Step 540] Action: 1
[Step 584] Action: 1
[Step 624] Action: 1
[Step 664] Action: 1
[Step 704] Action: 1
[Step 744] Action: 1
[Step 784] Action: 2
[Step 828] Action: 1
[Step 872] Action: 1
[Step 912] Action: 1
[Step 952] Action: 3
[Step 996] Action: 1
[Step 1040] Action: 3
[Step 1084] Action: 0
[Step 1128] Action: 1
[Step 1172] Action: 1
[Step 1212] Action: 1
[Step 1252] Action: 1
[Step 1292] Action: 1
[Step 1332] Action: 1
[Step 1372] Action: 1
[Step 1412] Action: 2
[Step 1456] Action: 1
[Step 1500] Action: 0
[Step 1544] Action: 1
[Step 1588] Action: 1
[Step 1628] Action: 1
[Step 1668] Action: 1
[Step 1708] Action: 1
[Step 1748] Action: 1
[Step 1788] Action: 2
[Step 1832] Action: 1
[Step 1876] Action: 1
[Step 1916] Action: 1
[Step 1956] Action: 1
[Step 1996] Action: 1
[Step 2036] Action: 2
[Step 2080] Action: 1
[Step 2124] Action: 1
[Step 2164] Action: 1
[Step 2204] Action: 1
[Step 2244] Action: 1
[Step 2284] Action: 2
[Step 2328] Action: 1
[Step 2372] Action: 1
[Step 2412] Action: 1
[Step 2452] Action: 2
[Step 2496] Action: 0
[Step 2540] Action: 1
[Step 2584] Action: 1
[Step 2624] Action: 1
[Step 2664] Action: 1
[Step 2704] Action: 2
[Step 2748] Action: 1
[Step 2792] Action: 3
[Step 2836] Action: 1
[Step 2880] Action: 2
[Step 2924] Action: 1
[Step 2968] Action: 2
[Step 3012] Action: 2
[Step 3052] Action: 0
[Step 3096] Action: 2
[Step 3140] Action: 2
[Step 3180] Action: 1
[Step 3224] Action: 2
[Step 3268] Action: 1
[Step 3312] Action: 2
[Step 3356] Action: 3
[Step 3400] Action: 2
[Step 3444] Action: 0
[Step 3488] Action: 3
[Step 3532] Action: 1
[Step 3576] Action: 3
[Step 3620] Action: 1
[Step 3664] Action: 2
[Step 3708] Action: 3
[Step 3752] Action: 0
[Step 3796] Action: 3
[Step 3840] Action: 1
[Step 3884] Action: 0
[Step 3928] Action: 0
[Step 3968] Action: 2
[Step 4012] Action: 1
[Step 4056] Action: 2
[Step 4100] Action: 3
[Step 4144] Action: 2
[Step 4188] Action: 1
[Step 4232] Action: 3
[Step 4276] Action: 1
[Step 4320] Action: 2
[Step 4364] Action: 0
[Step 4408] Action: 2
[Step 4452] Action: 0
[Step 4496] Action: 2
[Step 4540] Action: 3
[Step 4584] Action: 2
[Step 4628] Action: 0
[Step 4672] Action: 3
[Step 4716] Action: 2
[Step 4760] Action: 0
[Step 4804] Action: 1
[Step 4848] Action: 2
[Step 4892] Action: 2
[Step 4932] Action: 1
[Step 4976] Action: 1
[Step 5016] Action: 3
[Step 5060] Action: 3
[Step 5100] Action: 1
[Step 5144] Action: 2
[Step 5188] Action: 1
[Step 5232] Action: 3
[Step 5276] Action: 1
[Step 5320] Action: 2
[Step 5364] Action: 1
