[Step 0] Action: 0
[Step 40] Action: 3
[Step 84] Action: 1
[Step 128] Action: 1
[Step 168] Action: 2
[Step 212] Action: 2
[Step 252] Action: 1
[Step 296] Action: 1
[Step 336] Action: 3
[Step 380] Action: 3
[Step 420] Action: 3
[Step 460] Action: 3
[Step 500] Action: 3
[Step 540] Action: 1
[Step 584] Action: 1
[Step 624] Action: 1
[Step 664] Action: 1
[Step 704] Action: 1
[Step 744] Action: 1
[Step 784] Action: 2
[Step 828] Action: 1
[Step 872] Action: 1
[Step 912] Action: 1
[Step 952] Action: 1
[Step 992] Action: 1
[Step 1032] Action: 1
[Step 1072] Action: 1
[Step 1112] Action: 1
[Step 1152] Action: 1
[Step 1192] Action: 1
[Step 1232] Action: 2
[Step 1276] Action: 0
[Step 1320] Action: 1
[Step 1364] Action: 1
[Step 1404] Action: 1
[Step 1444] Action: 1
[Step 1484] Action: 2
[Step 1528] Action: 1
[Step 1572] Action: 2
[Step 1616] Action: 1
[Step 1660] Action: 3
[Step 1704] Action: 1
[Step 1748] Action: 2
[Step 1792] Action: 1
[Step 1836] Action: 2
[Step 1880] Action: 1
[Step 1924] Action: 1
[Step 1964] Action: 1
[Step 2004] Action: 1
[Step 2044] Action: 1
[Step 2084] Action: 1
[Step 2124] Action: 3
[Step 2168] Action: 1
[Step 2212] Action: 3
[Step 2256] Action: 1
[Step 2300] Action: 2
[Step 2344] Action: 1
[Step 2388] Action: 2
[Step 2432] Action: 1
[Step 2476] Action: 1
[Step 2516] Action: 2
[Step 2560] Action: 2
[Step 2600] Action: 1
[Step 2644] Action: 2
[Step 2688] Action: 2
[Step 2728] Action: 2
[Step 2768] Action: 1
[Step 2812] Action: 3
[Step 2856] Action: 3
[Step 2896] Action: 1
[Step 2940] Action: 1
[Step 2980] Action: 2
[Step 3024] Action: 1
[Step 3068] Action: 2
[Step 3112] Action: 2
[Step 3152] Action: 2
[Step 3192] Action: 3
[Step 3236] Action: 1
[Step 3280] Action: 2
[Step 3324] Action: 1
[Step 3368] Action: 3
[Step 3412] Action: 1
[Step 3456] Action: 2
[Step 3500] Action: 0
[Step 3544] Action: 1
[Step 3588] Action: 2
[Step 3632] Action: 3
[Step 3676] Action: 1
[Step 3720] Action: 1
[Step 3760] Action: 1
[Step 3800] Action: 0
[Step 3844] Action: 0
[Step 3884] Action: 2
[Step 3928] Action: 2
[Step 3968] Action: 1
[Step 4012] Action: 0
[Step 4056] Action: 0
[Step 4096] Action: 1
[Step 4140] Action: 0
[Step 4184] Action: 3
[Step 4228] Action: 1
[Step 4272] Action: 1
[Step 4312] Action: 0
[Step 4356] Action: 1
[Step 4400] Action: 1
[Step 4440] Action: 3
[Step 4484] Action: 1
[Step 4528] Action: 0
[Step 4572] Action: 2
[Step 4616] Action: 0
[Step 4660] Action: 2
[Step 4704] Action: 0
[Step 4748] Action: 3
[Step 4792] Action: 1
[Step 4836] Action: 1
[Step 4876] Action: 0
[Step 4920] Action: 0
[Step 4960] Action: 3
[Step 5004] Action: 0
[Step 5048] Action: 2
[Step 5092] Action: 2
[Step 5132] Action: 3
[Step 5176] Action: 0
[Step 5220] Action: 1
[Step 5264] Action: 0
[Step 5308] Action: 3
[Step 5352] Action: 0
[Step 5396] Action: 1
