[Step 0] Action: 1
[Step 40] Action: 1
[Step 80] Action: 1
[Step 120] Action: 1
[Step 160] Action: 2
[Step 204] Action: 1
[Step 248] Action: 1
[Step 288] Action: 2
[Step 332] Action: 1
[Step 376] Action: 1
[Step 416] Action: 2
[Step 460] Action: 1
[Step 504] Action: 0
[Step 548] Action: 1
[Step 592] Action: 1
[Step 632] Action: 1
[Step 672] Action: 1
[Step 712] Action: 1
[Step 752] Action: 1
[Step 792] Action: 1
[Step 832] Action: 2
[Step 876] Action: 2
[Step 916] Action: 1
[Step 960] Action: 1
[Step 1000] Action: 1
[Step 1040] Action: 1
[Step 1080] Action: 2
[Step 1124] Action: 2
[Step 1164] Action: 2
[Step 1204] Action: 1
[Step 1248] Action: 3
[Step 1292] Action: 1
[Step 1336] Action: 3
[Step 1380] Action: 1
[Step 1424] Action: 2
[Step 1468] Action: 1
[Step 1512] Action: 1
[Step 1552] Action: 1
[Step 1592] Action: 1
[Step 1632] Action: 2
[Step 1676] Action: 1
[Step 1720] Action: 1
[Step 1760] Action: 1
[Step 1800] Action: 1
[Step 1840] Action: 1
[Step 1880] Action: 1
[Step 1920] Action: 1
[Step 1960] Action: 1
[Step 2000] Action: 1
[Step 2040] Action: 1
[Step 2080] Action: 1
[Step 2120] Action: 1
[Step 2160] Action: 0
[Step 2204] Action: 1
[Step 2248] Action: 2
[Step 2292] Action: 1
[Step 2336] Action: 1
[Step 2376] Action: 1
[Step 2416] Action: 1
[Step 2456] Action: 1
[Step 2496] Action: 0
[Step 2540] Action: 1
[Step 2584] Action: 1
[Step 2624] Action: 0
[Step 2668] Action: 2
[Step 2712] Action: 1
[Step 2756] Action: 1
[Step 2796] Action: 3
[Step 2840] Action: 0
[Step 2884] Action: 2
[Step 2928] Action: 1
[Step 2972] Action: 1
[Step 3012] Action: 1
[Step 3052] Action: 0
[Step 3096] Action: 1
[Step 3140] Action: 1
[Step 3180] Action: 3
[Step 3224] Action: 1
[Step 3268] Action: 1
[Step 3308] Action: 1
[Step 3348] Action: 1
[Step 3388] Action: 0
[Step 3432] Action: 2
[Step 3476] Action: 1
[Step 3520] Action: 3
[Step 3564] Action: 1
[Step 3608] Action: 1
[Step 3648] Action: 1
[Step 3688] Action: 3
[Step 3732] Action: 1
[Step 3776] Action: 2
[Step 3820] Action: 3
[Step 3864] Action: 2
[Step 3908] Action: 1
[Step 3952] Action: 0
[Step 3996] Action: 1
[Step 4040] Action: 2
[Step 4084] Action: 3
[Step 4128] Action: 1
[Step 4172] Action: 0
[Step 4216] Action: 3
[Step 4260] Action: 1
[Step 4304] Action: 0
[Step 4348] Action: 0
[Step 4388] Action: 1
[Step 4432] Action: 1
[Step 4472] Action: 0
[Step 4516] Action: 3
[Step 4560] Action: 0
[Step 4604] Action: 2
[Step 4648] Action: 1
[Step 4692] Action: 0
[Step 4736] Action: 3
[Step 4780] Action: 1
[Step 4824] Action: 0
[Step 4868] Action: 1
[Step 4912] Action: 1
[Step 4952] Action: 2
[Step 4996] Action: 1
[Step 5040] Action: 1
[Step 5080] Action: 1
[Step 5120] Action: 0
[Step 5164] Action: 0
[Step 5204] Action: 3
[Step 5248] Action: 1
[Step 5292] Action: 2
[Step 5336] Action: 2
[Step 5376] Action: 0
