[Step 0] Action: 1
[Step 10] Action: 3
[Step 24] Action: 2
[Step 38] Action: 1
[Step 52] Action: 1
[Step 62] Action: 3
[Step 76] Action: 3
[Step 86] Action: 1
[Step 100] Action: 3
[Step 114] Action: 1
[Step 128] Action: 2
[Step 142] Action: 1
[Step 156] Action: 0
[Step 170] Action: 3
[Step 184] Action: 2
[Step 198] Action: 0
[Step 212] Action: 2
[Step 226] Action: 1
[Step 240] Action: 3
[Step 254] Action: 1
[Step 268] Action: 1
[Step 278] Action: 1
[Step 288] Action: 1
[Step 298] Action: 2
[Step 312] Action: 0
[Step 326] Action: 0
[Step 336] Action: 1
[Step 350] Action: 0
[Step 364] Action: 3
[Step 378] Action: 0
[Step 392] Action: 0
[Step 402] Action: 1
[Step 416] Action: 0
[Step 430] Action: 0
[Step 440] Action: 1
[Step 454] Action: 1
[Step 464] Action: 1
[Step 474] Action: 1
[Step 484] Action: 1
[Step 494] Action: 1
[Step 504] Action: 2
[Step 518] Action: 0
[Step 532] Action: 2
[Step 546] Action: 0
[Step 560] Action: 2
[Step 574] Action: 0
[Step 588] Action: 2
[Step 602] Action: 2
[Step 612] Action: 0
[Step 626] Action: 3
[Step 640] Action: 0
[Step 654] Action: 0
[Step 664] Action: 1
[Step 678] Action: 1
[Step 688] Action: 1
[Step 698] Action: 1
[Step 708] Action: 1
[Step 718] Action: 1
[Step 728] Action: 2
[Step 742] Action: 1
[Step 756] Action: 1
[Step 766] Action: 1
[Step 776] Action: 1
[Step 786] Action: 1
[Step 796] Action: 1
[Step 806] Action: 1
[Step 816] Action: 1
[Step 826] Action: 1
[Step 836] Action: 0
[Step 850] Action: 1
[Step 864] Action: 1
[Step 874] Action: 1
[Step 884] Action: 1
[Step 894] Action: 1
[Step 904] Action: 1
[Step 914] Action: 0
[Step 928] Action: 1
[Step 942] Action: 2
[Step 956] Action: 1
[Step 970] Action: 1
[Step 980] Action: 1
[Step 990] Action: 1
[Step 1000] Action: 1
[Step 1010] Action: 1
[Step 1020] Action: 1
[Step 1030] Action: 2
[Step 1044] Action: 1
[Step 1058] Action: 1
[Step 1068] Action: 2
[Step 1082] Action: 3
[Step 1096] Action: 2
[Step 1110] Action: 1
[Step 1124] Action: 0
[Step 1138] Action: 1
[Step 1152] Action: 1
[Step 1162] Action: 1
[Step 1172] Action: 1
[Step 1182] Action: 1
[Step 1192] Action: 1
[Step 1202] Action: 1
[Step 1212] Action: 1
[Step 1222] Action: 1
[Step 1232] Action: 1
[Step 1242] Action: 1
[Step 1252] Action: 1
[Step 1262] Action: 1
[Step 1272] Action: 1
[Step 1282] Action: 1
[Step 1292] Action: 1
[Step 1302] Action: 1
[Step 1312] Action: 1
[Step 1322] Action: 1
[Step 1332] Action: 1
[Step 1342] Action: 1
[Step 1352] Action: 1
[Step 1362] Action: 1
[Step 1372] Action: 1
[Step 1382] Action: 0
[Step 1396] Action: 2
[Step 1410] Action: 1
[Step 1424] Action: 1
[Step 1434] Action: 1
[Step 1444] Action: 1
[Step 1454] Action: 1
[Step 1464] Action: 1
[Step 1474] Action: 2
[Step 1488] Action: 1
[Step 1502] Action: 1
[Step 1512] Action: 1
[Step 1522] Action: 1
[Step 1532] Action: 1
[Step 1542] Action: 1
[Step 1552] Action: 1
[Step 1562] Action: 1
[Step 1572] Action: 2
[Step 1586] Action: 1
[Step 1600] Action: 2
[Step 1614] Action: 1
[Step 1628] Action: 1
[Step 1638] Action: 0
[Step 1652] Action: 1
[Step 1666] Action: 2
[Step 1680] Action: 1
[Step 1694] Action: 1
[Step 1704] Action: 1
[Step 1714] Action: 2
[Step 1728] Action: 1
[Step 1742] Action: 2
[Step 1756] Action: 1
[Step 1770] Action: 1
[Step 1780] Action: 1
[Step 1790] Action: 1
[Step 1800] Action: 1
[Step 1810] Action: 2
[Step 1824] Action: 1
[Step 1838] Action: 1
[Step 1848] Action: 1
[Step 1858] Action: 1
[Step 1868] Action: 1
[Step 1878] Action: 1
[Step 1888] Action: 1
[Step 1898] Action: 1
[Step 1908] Action: 1
[Step 1918] Action: 1
[Step 1928] Action: 0
[Step 1942] Action: 1
[Step 1956] Action: 0
[Step 1970] Action: 2
[Step 1984] Action: 1
[Step 1998] Action: 1
[Step 2008] Action: 1
[Step 2018] Action: 1
[Step 2028] Action: 2
[Step 2042] Action: 1
[Step 2056] Action: 1
[Step 2066] Action: 1
[Step 2076] Action: 1
[Step 2086] Action: 1
[Step 2096] Action: 1
[Step 2106] Action: 1
[Step 2116] Action: 1
[Step 2126] Action: 1
[Step 2136] Action: 0
[Step 2150] Action: 1
[Step 2164] Action: 2
[Step 2178] Action: 0
[Step 2192] Action: 2
[Step 2206] Action: 3
[Step 2220] Action: 1
[Step 2234] Action: 1
[Step 2244] Action: 1
[Step 2254] Action: 0
[Step 2268] Action: 1
[Step 2282] Action: 1
[Step 2292] Action: 1
[Step 2302] Action: 1
[Step 2312] Action: 2
[Step 2326] Action: 0
[Step 2340] Action: 1
[Step 2354] Action: 2
[Step 2368] Action: 2
[Step 2378] Action: 1
[Step 2392] Action: 1
[Step 2402] Action: 1
[Step 2412] Action: 1
[Step 2422] Action: 1
[Step 2432] Action: 1
[Step 2442] Action: 1
[Step 2452] Action: 2
[Step 2466] Action: 1
[Step 2480] Action: 1
[Step 2490] Action: 1
[Step 2500] Action: 1
[Step 2510] Action: 1
[Step 2520] Action: 1
[Step 2530] Action: 1
[Step 2540] Action: 2
[Step 2554] Action: 1
[Step 2568] Action: 1
[Step 2578] Action: 2
[Step 2592] Action: 1
[Step 2606] Action: 1
[Step 2616] Action: 0
[Step 2630] Action: 0
[Step 2640] Action: 2
[Step 2654] Action: 1
[Step 2668] Action: 0
[Step 2682] Action: 0
[Step 2692] Action: 1
[Step 2706] Action: 0
[Step 2720] Action: 0
[Step 2730] Action: 0
[Step 2740] Action: 2
[Step 2754] Action: 1
[Step 2768] Action: 2
[Step 2782] Action: 1
[Step 2796] Action: 3
[Step 2810] Action: 1
[Step 2824] Action: 2
[Step 2838] Action: 2
[Step 2848] Action: 0
[Step 2862] Action: 0
[Step 2872] Action: 2
[Step 2886] Action: 2
[Step 2896] Action: 0
[Step 2910] Action: 1
[Step 2924] Action: 2
[Step 2938] Action: 1
[Step 2952] Action: 0
[Step 2966] Action: 1
[Step 2980] Action: 2
[Step 2994] Action: 3
[Step 3008] Action: 0
[Step 3022] Action: 2
[Step 3036] Action: 1
[Step 3050] Action: 0
[Step 3064] Action: 2
[Step 3078] Action: 0
[Step 3092] Action: 2
[Step 3106] Action: 0
[Step 3120] Action: 2
[Step 3134] Action: 2
[Step 3144] Action: 2
[Step 3154] Action: 0
[Step 3168] Action: 0
[Step 3178] Action: 0
[Step 3188] Action: 0
[Step 3198] Action: 3
[Step 3212] Action: 1
[Step 3226] Action: 0
[Step 3240] Action: 1
[Step 3254] Action: 1
[Step 3264] Action: 1
[Step 3274] Action: 2
[Step 3288] Action: 1
[Step 3302] Action: 2
[Step 3316] Action: 2
[Step 3326] Action: 2
[Step 3336] Action: 1
[Step 3350] Action: 0
[Step 3364] Action: 2
[Step 3378] Action: 0
[Step 3392] Action: 2
[Step 3406] Action: 2
[Step 3416] Action: 0
[Step 3430] Action: 2
[Step 3444] Action: 1
[Step 3458] Action: 3
[Step 3472] Action: 2
[Step 3486] Action: 3
[Step 3500] Action: 1
[Step 3514] Action: 3
[Step 3528] Action: 1
[Step 3542] Action: 3
[Step 3556] Action: 1
[Step 3570] Action: 0
[Step 3584] Action: 0
[Step 3594] Action: 3
[Step 3608] Action: 1
[Step 3622] Action: 1
[Step 3632] Action: 1
[Step 3642] Action: 1
[Step 3652] Action: 2
[Step 3666] Action: 3
[Step 3680] Action: 1
[Step 3694] Action: 0
[Step 3708] Action: 3
[Step 3722] Action: 0
[Step 3736] Action: 2
[Step 3750] Action: 1
[Step 3764] Action: 0
[Step 3778] Action: 3
[Step 3792] Action: 2
[Step 3806] Action: 0
[Step 3820] Action: 0
[Step 3830] Action: 1
[Step 3844] Action: 2
[Step 3858] Action: 1
[Step 3872] Action: 3
[Step 3886] Action: 0
[Step 3900] Action: 0
[Step 3910] Action: 2
[Step 3924] Action: 2
[Step 3934] Action: 1
[Step 3948] Action: 2
[Step 3962] Action: 0
[Step 3976] Action: 3
[Step 3990] Action: 0
[Step 4004] Action: 0
[Step 4014] Action: 0
[Step 4024] Action: 2
[Step 4038] Action: 0
[Step 4052] Action: 0
[Step 4062] Action: 0
[Step 4072] Action: 3
[Step 4086] Action: 1
[Step 4100] Action: 3
[Step 4114] Action: 1
[Step 4128] Action: 2
[Step 4142] Action: 0
[Step 4156] Action: 3
[Step 4170] Action: 0
[Step 4184] Action: 2
[Step 4198] Action: 1
[Step 4212] Action: 3
[Step 4226] Action: 2
[Step 4240] Action: 2
[Step 4250] Action: 1
[Step 4264] Action: 1
[Step 4274] Action: 1
[Step 4284] Action: 0
[Step 4298] Action: 0
[Step 4308] Action: 0
[Step 4318] Action: 3
[Step 4332] Action: 2
[Step 4346] Action: 3
[Step 4360] Action: 0
[Step 4374] Action: 1
[Step 4388] Action: 0
[Step 4402] Action: 1
[Step 4416] Action: 1
[Step 4426] Action: 0
[Step 4440] Action: 3
[Step 4454] Action: 0
[Step 4468] Action: 0
[Step 4478] Action: 3
[Step 4492] Action: 2
[Step 4506] Action: 2
[Step 4516] Action: 0
[Step 4530] Action: 0
[Step 4540] Action: 2
[Step 4554] Action: 3
[Step 4568] Action: 3
[Step 4578] Action: 0
[Step 4592] Action: 3
[Step 4606] Action: 1
[Step 4620] Action: 3
[Step 4634] Action: 0
[Step 4648] Action: 2
[Step 4662] Action: 3
[Step 4676] Action: 3
[Step 4686] Action: 3
[Step 4696] Action: 1
[Step 4710] Action: 2
[Step 4724] Action: 1
[Step 4738] Action: 1
[Step 4748] Action: 3
[Step 4762] Action: 0
[Step 4776] Action: 0
[Step 4786] Action: 1
[Step 4800] Action: 0
[Step 4814] Action: 2
[Step 4828] Action: 1
[Step 4842] Action: 1
[Step 4852] Action: 0
[Step 4866] Action: 1
[Step 4880] Action: 0
[Step 4894] Action: 0
[Step 4904] Action: 2
[Step 4918] Action: 1
[Step 4932] Action: 3
[Step 4946] Action: 2
[Step 4960] Action: 0
[Step 4974] Action: 3
[Step 4988] Action: 1
[Step 5002] Action: 3
[Step 5016] Action: 3
[Step 5026] Action: 1
[Step 5040] Action: 3
[Step 5054] Action: 3
[Step 5064] Action: 2
[Step 5078] Action: 3
[Step 5092] Action: 0
[Step 5106] Action: 0
[Step 5116] Action: 3
[Step 5130] Action: 1
[Step 5144] Action: 3
[Step 5158] Action: 3
[Step 5168] Action: 2
[Step 5182] Action: 1
[Step 5196] Action: 0
[Step 5210] Action: 1
[Step 5224] Action: 0
[Step 5238] Action: 2
[Step 5252] Action: 2
[Step 5262] Action: 1
[Step 5276] Action: 0
[Step 5290] Action: 1
[Step 5304] Action: 1
[Step 5314] Action: 2
[Step 5328] Action: 2
[Step 5338] Action: 0
[Step 5352] Action: 1
[Step 5366] Action: 1
[Step 5376] Action: 2
[Step 5390] Action: 0
