[Step 0] Action: 0
[Step 10] Action: 2
[Step 24] Action: 1
[Step 38] Action: 1
[Step 48] Action: 3
[Step 62] Action: 1
[Step 76] Action: 0
[Step 90] Action: 1
[Step 104] Action: 1
[Step 114] Action: 1
[Step 124] Action: 0
[Step 138] Action: 2
[Step 152] Action: 1
[Step 166] Action: 1
[Step 176] Action: 1
[Step 186] Action: 2
[Step 200] Action: 3
[Step 214] Action: 2
[Step 228] Action: 0
[Step 242] Action: 3
[Step 256] Action: 2
[Step 270] Action: 2
[Step 280] Action: 1
[Step 294] Action: 2
[Step 308] Action: 0
[Step 322] Action: 0
[Step 332] Action: 1
[Step 346] Action: 2
[Step 360] Action: 1
[Step 374] Action: 2
[Step 388] Action: 3
[Step 402] Action: 2
[Step 416] Action: 2
[Step 426] Action: 1
[Step 440] Action: 1
[Step 450] Action: 2
[Step 464] Action: 1
[Step 478] Action: 1
[Step 488] Action: 0
[Step 502] Action: 1
[Step 516] Action: 2
[Step 530] Action: 2
[Step 540] Action: 1
[Step 554] Action: 1
[Step 564] Action: 1
[Step 574] Action: 1
[Step 584] Action: 2
[Step 598] Action: 0
[Step 612] Action: 2
[Step 626] Action: 1
[Step 640] Action: 2
[Step 654] Action: 1
[Step 668] Action: 2
[Step 682] Action: 3
[Step 696] Action: 2
[Step 710] Action: 0
[Step 724] Action: 0
[Step 734] Action: 2
[Step 748] Action: 2
[Step 758] Action: 2
[Step 768] Action: 2
[Step 778] Action: 1
[Step 792] Action: 2
[Step 806] Action: 1
[Step 820] Action: 2
[Step 834] Action: 1
[Step 848] Action: 1
[Step 858] Action: 1
[Step 868] Action: 1
[Step 878] Action: 0
[Step 892] Action: 1
[Step 906] Action: 2
[Step 920] Action: 2
[Step 930] Action: 2
[Step 940] Action: 2
[Step 950] Action: 0
[Step 964] Action: 1
[Step 978] Action: 2
[Step 992] Action: 2
[Step 1002] Action: 1
[Step 1016] Action: 2
[Step 1030] Action: 0
[Step 1044] Action: 1
[Step 1058] Action: 0
[Step 1072] Action: 2
[Step 1086] Action: 2
[Step 1096] Action: 1
[Step 1110] Action: 2
[Step 1124] Action: 1
[Step 1138] Action: 1
[Step 1148] Action: 0
[Step 1162] Action: 1
[Step 1176] Action: 1
[Step 1186] Action: 1
[Step 1196] Action: 1
[Step 1206] Action: 2
[Step 1220] Action: 1
[Step 1234] Action: 1
[Step 1244] Action: 2
[Step 1258] Action: 2
[Step 1268] Action: 2
[Step 1278] Action: 2
[Step 1288] Action: 1
[Step 1302] Action: 2
[Step 1316] Action: 2
[Step 1326] Action: 2
[Step 1336] Action: 2
[Step 1346] Action: 1
[Step 1360] Action: 2
[Step 1374] Action: 2
[Step 1384] Action: 2
[Step 1394] Action: 2
[Step 1404] Action: 0
[Step 1418] Action: 0
[Step 1428] Action: 0
[Step 1438] Action: 2
[Step 1452] Action: 1
[Step 1466] Action: 2
[Step 1480] Action: 2
[Step 1490] Action: 2
[Step 1500] Action: 2
[Step 1510] Action: 1
[Step 1524] Action: 2
[Step 1538] Action: 1
[Step 1552] Action: 1
[Step 1562] Action: 2
[Step 1576] Action: 2
[Step 1586] Action: 2
[Step 1596] Action: 1
[Step 1610] Action: 2
[Step 1624] Action: 2
[Step 1634] Action: 1
[Step 1648] Action: 2
[Step 1662] Action: 2
[Step 1672] Action: 1
[Step 1686] Action: 2
[Step 1700] Action: 1
[Step 1714] Action: 1
[Step 1724] Action: 2
[Step 1738] Action: 2
[Step 1748] Action: 2
[Step 1758] Action: 2
[Step 1768] Action: 3
[Step 1782] Action: 1
[Step 1796] Action: 1
[Step 1806] Action: 0
[Step 1820] Action: 1
[Step 1834] Action: 0
[Step 1848] Action: 1
[Step 1862] Action: 2
[Step 1876] Action: 1
[Step 1890] Action: 2
[Step 1904] Action: 1
[Step 1918] Action: 2
[Step 1932] Action: 2
[Step 1942] Action: 2
[Step 1952] Action: 1
[Step 1966] Action: 1
[Step 1976] Action: 1
[Step 1986] Action: 2
[Step 2000] Action: 1
[Step 2014] Action: 1
[Step 2024] Action: 2
[Step 2038] Action: 2
[Step 2048] Action: 1
[Step 2062] Action: 1
[Step 2072] Action: 2
[Step 2086] Action: 2
[Step 2096] Action: 3
[Step 2110] Action: 1
[Step 2124] Action: 1
[Step 2134] Action: 2
[Step 2148] Action: 1
[Step 2162] Action: 1
[Step 2172] Action: 3
[Step 2186] Action: 3
[Step 2196] Action: 2
[Step 2210] Action: 0
[Step 2224] Action: 0
[Step 2234] Action: 1
[Step 2248] Action: 3
[Step 2262] Action: 2
[Step 2276] Action: 2
[Step 2286] Action: 1
[Step 2300] Action: 0
[Step 2314] Action: 2
[Step 2328] Action: 1
[Step 2342] Action: 1
[Step 2352] Action: 2
[Step 2366] Action: 1
[Step 2380] Action: 3
[Step 2394] Action: 0
[Step 2408] Action: 0
[Step 2418] Action: 1
[Step 2432] Action: 2
[Step 2446] Action: 1
[Step 2460] Action: 2
[Step 2474] Action: 0
[Step 2488] Action: 0
[Step 2498] Action: 0
[Step 2508] Action: 1
[Step 2522] Action: 3
[Step 2536] Action: 3
[Step 2546] Action: 1
[Step 2560] Action: 1
[Step 2570] Action: 3
[Step 2584] Action: 2
[Step 2598] Action: 2
[Step 2608] Action: 0
[Step 2622] Action: 1
[Step 2636] Action: 2
[Step 2650] Action: 2
[Step 2660] Action: 2
[Step 2670] Action: 1
[Step 2684] Action: 0
[Step 2698] Action: 2
[Step 2712] Action: 1
[Step 2726] Action: 0
[Step 2740] Action: 0
[Step 2750] Action: 0
[Step 2760] Action: 3
[Step 2774] Action: 3
[Step 2784] Action: 2
[Step 2798] Action: 2
[Step 2808] Action: 1
[Step 2822] Action: 0
[Step 2836] Action: 0
[Step 2846] Action: 0
[Step 2856] Action: 2
[Step 2870] Action: 2
[Step 2880] Action: 0
[Step 2894] Action: 1
[Step 2908] Action: 1
[Step 2918] Action: 0
[Step 2932] Action: 3
[Step 2946] Action: 2
[Step 2960] Action: 2
[Step 2970] Action: 0
[Step 2984] Action: 0
[Step 2994] Action: 1
[Step 3008] Action: 1
[Step 3018] Action: 1
[Step 3028] Action: 1
[Step 3038] Action: 2
[Step 3052] Action: 2
[Step 3062] Action: 1
[Step 3076] Action: 3
[Step 3090] Action: 0
[Step 3104] Action: 2
[Step 3118] Action: 0
[Step 3132] Action: 2
[Step 3146] Action: 0
[Step 3160] Action: 3
[Step 3174] Action: 1
[Step 3188] Action: 2
[Step 3202] Action: 1
[Step 3216] Action: 0
[Step 3230] Action: 0
[Step 3240] Action: 1
[Step 3254] Action: 0
[Step 3268] Action: 1
[Step 3282] Action: 1
[Step 3292] Action: 2
[Step 3306] Action: 0
[Step 3320] Action: 3
[Step 3334] Action: 0
[Step 3348] Action: 3
[Step 3362] Action: 1
[Step 3376] Action: 2
[Step 3390] Action: 1
[Step 3404] Action: 1
[Step 3414] Action: 3
[Step 3428] Action: 3
[Step 3438] Action: 1
[Step 3452] Action: 0
[Step 3466] Action: 1
[Step 3480] Action: 2
[Step 3494] Action: 1
[Step 3508] Action: 2
[Step 3522] Action: 1
[Step 3536] Action: 1
[Step 3546] Action: 1
[Step 3556] Action: 2
[Step 3570] Action: 1
[Step 3584] Action: 0
[Step 3598] Action: 3
[Step 3612] Action: 0
[Step 3626] Action: 1
[Step 3640] Action: 0
[Step 3654] Action: 3
[Step 3668] Action: 0
[Step 3682] Action: 0
[Step 3692] Action: 3
[Step 3706] Action: 3
[Step 3716] Action: 2
[Step 3730] Action: 2
[Step 3740] Action: 1
[Step 3754] Action: 2
[Step 3768] Action: 3
[Step 3782] Action: 1
[Step 3796] Action: 0
[Step 3810] Action: 0
[Step 3820] Action: 2
[Step 3834] Action: 3
[Step 3848] Action: 3
[Step 3858] Action: 0
[Step 3872] Action: 0
[Step 3882] Action: 2
[Step 3896] Action: 1
[Step 3910] Action: 3
[Step 3924] Action: 1
[Step 3938] Action: 2
[Step 3952] Action: 0
[Step 3966] Action: 2
[Step 3980] Action: 2
[Step 3990] Action: 2
[Step 4000] Action: 3
[Step 4014] Action: 0
[Step 4028] Action: 1
[Step 4042] Action: 3
[Step 4056] Action: 1
[Step 4070] Action: 1
[Step 4080] Action: 1
[Step 4090] Action: 3
[Step 4104] Action: 1
[Step 4118] Action: 1
[Step 4128] Action: 0
[Step 4142] Action: 2
[Step 4156] Action: 0
[Step 4170] Action: 1
[Step 4184] Action: 2
[Step 4198] Action: 3
[Step 4212] Action: 1
[Step 4226] Action: 3
[Step 4240] Action: 2
[Step 4254] Action: 1
[Step 4268] Action: 1
[Step 4278] Action: 2
[Step 4292] Action: 2
[Step 4302] Action: 1
[Step 4316] Action: 3
[Step 4330] Action: 0
[Step 4344] Action: 3
[Step 4358] Action: 2
[Step 4372] Action: 0
[Step 4386] Action: 0
[Step 4396] Action: 3
[Step 4410] Action: 2
[Step 4424] Action: 1
[Step 4438] Action: 1
[Step 4448] Action: 2
[Step 4462] Action: 2
[Step 4472] Action: 3
[Step 4486] Action: 2
[Step 4500] Action: 2
[Step 4510] Action: 1
[Step 4524] Action: 1
[Step 4534] Action: 0
[Step 4548] Action: 3
[Step 4562] Action: 2
[Step 4576] Action: 0
[Step 4590] Action: 2
[Step 4604] Action: 1
[Step 4618] Action: 1
[Step 4628] Action: 3
[Step 4642] Action: 0
[Step 4656] Action: 0
[Step 4666] Action: 3
[Step 4680] Action: 0
[Step 4694] Action: 2
[Step 4708] Action: 1
[Step 4722] Action: 0
[Step 4736] Action: 2
[Step 4750] Action: 0
[Step 4764] Action: 0
[Step 4774] Action: 0
[Step 4784] Action: 1
[Step 4798] Action: 0
[Step 4812] Action: 2
[Step 4826] Action: 1
[Step 4840] Action: 2
[Step 4854] Action: 1
[Step 4868] Action: 2
[Step 4882] Action: 2
[Step 4892] Action: 1
[Step 4906] Action: 2
[Step 4920] Action: 0
[Step 4934] Action: 3
[Step 4948] Action: 0
[Step 4962] Action: 0
[Step 4972] Action: 1
[Step 4986] Action: 3
[Step 5000] Action: 2
[Step 5014] Action: 0
[Step 5028] Action: 2
[Step 5042] Action: 0
[Step 5056] Action: 3
[Step 5070] Action: 2
[Step 5084] Action: 0
[Step 5098] Action: 1
[Step 5112] Action: 3
[Step 5126] Action: 0
[Step 5140] Action: 2
[Step 5154] Action: 2
[Step 5164] Action: 2
[Step 5174] Action: 1
[Step 5188] Action: 2
[Step 5202] Action: 1
[Step 5216] Action: 2
[Step 5230] Action: 1
[Step 5244] Action: 0
[Step 5258] Action: 0
[Step 5268] Action: 0
[Step 5278] Action: 2
[Step 5292] Action: 3
[Step 5306] Action: 0
[Step 5320] Action: 3
[Step 5334] Action: 3
[Step 5344] Action: 0
[Step 5358] Action: 1
[Step 5372] Action: 3
[Step 5386] Action: 3
[Step 5396] Action: 0
