[Step 0] Action: 0
[Step 10] Action: 3
[Step 24] Action: 0
[Step 38] Action: 2
[Step 52] Action: 3
[Step 66] Action: 2
[Step 80] Action: 0
[Step 94] Action: 1
[Step 108] Action: 1
[Step 118] Action: 2
[Step 132] Action: 2
[Step 142] Action: 1
[Step 156] Action: 1
[Step 166] Action: 2
[Step 180] Action: 3
[Step 194] Action: 1
[Step 208] Action: 1
[Step 218] Action: 1
[Step 228] Action: 1
[Step 238] Action: 2
[Step 252] Action: 3
[Step 266] Action: 2
[Step 280] Action: 1
[Step 294] Action: 1
[Step 304] Action: 0
[Step 318] Action: 0
[Step 328] Action: 1
[Step 342] Action: 0
[Step 356] Action: 2
[Step 370] Action: 0
[Step 384] Action: 2
[Step 398] Action: 0
[Step 412] Action: 0
[Step 422] Action: 1
[Step 436] Action: 2
[Step 450] Action: 2
[Step 460] Action: 1
[Step 474] Action: 3
[Step 488] Action: 0
[Step 502] Action: 0
[Step 512] Action: 1
[Step 526] Action: 1
[Step 536] Action: 2
[Step 550] Action: 1
[Step 564] Action: 0
[Step 578] Action: 0
[Step 588] Action: 2
[Step 602] Action: 1
[Step 616] Action: 1
[Step 626] Action: 1
[Step 636] Action: 1
[Step 646] Action: 0
[Step 660] Action: 2
[Step 674] Action: 0
[Step 688] Action: 1
[Step 702] Action: 2
[Step 716] Action: 1
[Step 730] Action: 1
[Step 740] Action: 1
[Step 750] Action: 1
[Step 760] Action: 2
[Step 774] Action: 1
[Step 788] Action: 1
[Step 798] Action: 1
[Step 808] Action: 2
[Step 822] Action: 1
[Step 836] Action: 1
[Step 846] Action: 1
[Step 856] Action: 2
[Step 870] Action: 2
[Step 880] Action: 0
[Step 894] Action: 2
[Step 908] Action: 1
[Step 922] Action: 1
[Step 932] Action: 1
[Step 942] Action: 1
[Step 952] Action: 1
[Step 962] Action: 1
[Step 972] Action: 1
[Step 982] Action: 1
[Step 992] Action: 1
[Step 1002] Action: 0
[Step 1016] Action: 1
[Step 1030] Action: 0
[Step 1044] Action: 2
[Step 1058] Action: 1
[Step 1072] Action: 1
[Step 1082] Action: 1
[Step 1092] Action: 1
[Step 1102] Action: 1
[Step 1112] Action: 1
[Step 1122] Action: 0
[Step 1136] Action: 1
[Step 1150] Action: 2
[Step 1164] Action: 1
[Step 1178] Action: 1
[Step 1188] Action: 1
[Step 1198] Action: 1
[Step 1208] Action: 2
[Step 1222] Action: 1
[Step 1236] Action: 3
[Step 1250] Action: 1
[Step 1264] Action: 1
[Step 1274] Action: 1
[Step 1284] Action: 3
[Step 1298] Action: 2
[Step 1312] Action: 1
[Step 1326] Action: 1
[Step 1336] Action: 1
[Step 1346] Action: 1
[Step 1356] Action: 1
[Step 1366] Action: 1
[Step 1376] Action: 1
[Step 1386] Action: 2
[Step 1400] Action: 1
[Step 1414] Action: 0
[Step 1428] Action: 1
[Step 1442] Action: 1
[Step 1452] Action: 1
[Step 1462] Action: 1
[Step 1472] Action: 1
[Step 1482] Action: 1
[Step 1492] Action: 2
[Step 1506] Action: 2
[Step 1516] Action: 1
[Step 1530] Action: 1
[Step 1540] Action: 1
[Step 1550] Action: 1
[Step 1560] Action: 1
[Step 1570] Action: 2
[Step 1584] Action: 2
[Step 1594] Action: 1
[Step 1608] Action: 2
[Step 1622] Action: 1
[Step 1636] Action: 1
[Step 1646] Action: 1
[Step 1656] Action: 1
[Step 1666] Action: 0
[Step 1680] Action: 0
[Step 1690] Action: 2
[Step 1704] Action: 1
[Step 1718] Action: 1
[Step 1728] Action: 2
[Step 1742] Action: 1
[Step 1756] Action: 1
[Step 1766] Action: 2
[Step 1780] Action: 1
[Step 1794] Action: 2
[Step 1808] Action: 1
[Step 1822] Action: 1
[Step 1832] Action: 1
[Step 1842] Action: 1
[Step 1852] Action: 2
[Step 1866] Action: 0
[Step 1880] Action: 2
[Step 1894] Action: 1
[Step 1908] Action: 1
[Step 1918] Action: 1
[Step 1928] Action: 1
[Step 1938] Action: 2
[Step 1952] Action: 0
[Step 1966] Action: 1
[Step 1980] Action: 2
[Step 1994] Action: 1
[Step 2008] Action: 1
[Step 2018] Action: 3
[Step 2032] Action: 2
[Step 2046] Action: 2
[Step 2056] Action: 2
[Step 2066] Action: 1
[Step 2080] Action: 1
[Step 2090] Action: 1
[Step 2100] Action: 1
[Step 2110] Action: 1
[Step 2120] Action: 2
[Step 2134] Action: 0
[Step 2148] Action: 1
[Step 2162] Action: 1
[Step 2172] Action: 1
[Step 2182] Action: 1
[Step 2192] Action: 1
[Step 2202] Action: 0
[Step 2216] Action: 1
[Step 2230] Action: 0
[Step 2244] Action: 0
[Step 2254] Action: 2
[Step 2268] Action: 0
[Step 2282] Action: 3
[Step 2296] Action: 2
[Step 2310] Action: 1
[Step 2324] Action: 1
[Step 2334] Action: 2
[Step 2348] Action: 2
[Step 2358] Action: 1
[Step 2372] Action: 2
[Step 2386] Action: 3
[Step 2400] Action: 1
[Step 2414] Action: 1
[Step 2424] Action: 0
[Step 2438] Action: 0
[Step 2448] Action: 1
[Step 2462] Action: 0
[Step 2476] Action: 3
[Step 2490] Action: 0
[Step 2504] Action: 3
[Step 2518] Action: 2
[Step 2532] Action: 1
[Step 2546] Action: 1
[Step 2556] Action: 0
[Step 2570] Action: 0
[Step 2580] Action: 0
[Step 2590] Action: 1
[Step 2604] Action: 1
[Step 2614] Action: 2
[Step 2628] Action: 0
[Step 2642] Action: 3
[Step 2656] Action: 1
[Step 2670] Action: 1
[Step 2680] Action: 2
[Step 2694] Action: 1
[Step 2708] Action: 0
[Step 2722] Action: 1
[Step 2736] Action: 1
[Step 2746] Action: 0
[Step 2760] Action: 2
[Step 2774] Action: 0
[Step 2788] Action: 3
[Step 2802] Action: 1
[Step 2816] Action: 1
[Step 2826] Action: 2
[Step 2840] Action: 1
[Step 2854] Action: 0
[Step 2868] Action: 2
[Step 2882] Action: 1
[Step 2896] Action: 2
[Step 2910] Action: 1
[Step 2924] Action: 2
[Step 2938] Action: 3
[Step 2952] Action: 2
[Step 2966] Action: 3
[Step 2980] Action: 1
[Step 2994] Action: 1
[Step 3004] Action: 2
[Step 3018] Action: 2
[Step 3028] Action: 2
[Step 3038] Action: 1
[Step 3052] Action: 0
[Step 3066] Action: 0
[Step 3076] Action: 0
[Step 3086] Action: 1
[Step 3100] Action: 1
[Step 3110] Action: 3
[Step 3124] Action: 2
[Step 3138] Action: 2
[Step 3148] Action: 3
[Step 3162] Action: 3
[Step 3172] Action: 1
[Step 3186] Action: 3
[Step 3200] Action: 1
[Step 3214] Action: 1
[Step 3224] Action: 1
[Step 3234] Action: 0
[Step 3248] Action: 2
[Step 3262] Action: 1
[Step 3276] Action: 0
[Step 3290] Action: 2
[Step 3304] Action: 1
[Step 3318] Action: 2
[Step 3332] Action: 1
[Step 3346] Action: 2
[Step 3360] Action: 0
[Step 3374] Action: 0
[Step 3384] Action: 3
[Step 3398] Action: 0
[Step 3412] Action: 3
[Step 3426] Action: 2
[Step 3440] Action: 3
[Step 3454] Action: 1
[Step 3468] Action: 0
[Step 3482] Action: 1
[Step 3496] Action: 1
[Step 3506] Action: 1
[Step 3516] Action: 1
[Step 3526] Action: 1
[Step 3536] Action: 0
[Step 3550] Action: 0
[Step 3560] Action: 1
[Step 3574] Action: 1
[Step 3584] Action: 1
[Step 3594] Action: 3
[Step 3608] Action: 1
[Step 3622] Action: 2
[Step 3636] Action: 1
[Step 3650] Action: 3
[Step 3664] Action: 0
[Step 3678] Action: 1
[Step 3692] Action: 0
[Step 3706] Action: 3
[Step 3720] Action: 2
[Step 3734] Action: 0
[Step 3748] Action: 2
[Step 3762] Action: 0
[Step 3776] Action: 3
[Step 3790] Action: 0
[Step 3804] Action: 3
[Step 3818] Action: 1
[Step 3832] Action: 1
[Step 3842] Action: 2
[Step 3856] Action: 2
[Step 3866] Action: 1
[Step 3880] Action: 0
[Step 3894] Action: 1
[Step 3908] Action: 1
[Step 3918] Action: 1
[Step 3928] Action: 1
[Step 3938] Action: 3
[Step 3952] Action: 3
[Step 3962] Action: 3
[Step 3972] Action: 0
[Step 3986] Action: 1
[Step 4000] Action: 1
[Step 4010] Action: 0
[Step 4024] Action: 0
[Step 4034] Action: 0
[Step 4044] Action: 3
[Step 4058] Action: 3
[Step 4068] Action: 0
[Step 4082] Action: 1
[Step 4096] Action: 3
[Step 4110] Action: 1
[Step 4124] Action: 2
[Step 4138] Action: 0
[Step 4152] Action: 1
[Step 4166] Action: 0
[Step 4180] Action: 1
[Step 4194] Action: 1
[Step 4204] Action: 0
[Step 4218] Action: 3
[Step 4232] Action: 3
[Step 4242] Action: 0
[Step 4256] Action: 2
[Step 4270] Action: 0
[Step 4284] Action: 3
[Step 4298] Action: 0
[Step 4312] Action: 2
[Step 4326] Action: 3
[Step 4340] Action: 3
[Step 4350] Action: 3
[Step 4360] Action: 3
[Step 4370] Action: 0
[Step 4384] Action: 0
[Step 4394] Action: 3
[Step 4408] Action: 1
[Step 4422] Action: 2
[Step 4436] Action: 2
[Step 4446] Action: 3
[Step 4460] Action: 3
[Step 4470] Action: 2
[Step 4484] Action: 1
[Step 4498] Action: 0
[Step 4512] Action: 0
[Step 4522] Action: 0
[Step 4532] Action: 2
[Step 4546] Action: 1
[Step 4560] Action: 0
[Step 4574] Action: 1
[Step 4588] Action: 1
[Step 4598] Action: 0
[Step 4612] Action: 0
[Step 4622] Action: 2
[Step 4636] Action: 0
[Step 4650] Action: 1
[Step 4664] Action: 3
[Step 4678] Action: 3
[Step 4688] Action: 1
[Step 4702] Action: 1
[Step 4712] Action: 2
[Step 4726] Action: 2
[Step 4736] Action: 0
[Step 4750] Action: 0
[Step 4760] Action: 2
[Step 4774] Action: 1
[Step 4788] Action: 3
[Step 4802] Action: 1
[Step 4816] Action: 1
[Step 4826] Action: 2
[Step 4840] Action: 3
[Step 4854] Action: 3
[Step 4864] Action: 1
[Step 4878] Action: 0
[Step 4892] Action: 2
[Step 4906] Action: 0
[Step 4920] Action: 1
[Step 4934] Action: 1
[Step 4944] Action: 1
[Step 4954] Action: 2
[Step 4968] Action: 0
[Step 4982] Action: 3
[Step 4996] Action: 0
[Step 5010] Action: 3
[Step 5024] Action: 0
[Step 5038] Action: 1
[Step 5052] Action: 1
[Step 5062] Action: 2
[Step 5076] Action: 3
[Step 5090] Action: 3
[Step 5100] Action: 2
[Step 5114] Action: 3
[Step 5128] Action: 0
[Step 5142] Action: 0
[Step 5152] Action: 3
[Step 5166] Action: 0
[Step 5180] Action: 0
[Step 5190] Action: 0
[Step 5200] Action: 2
[Step 5214] Action: 1
[Step 5228] Action: 0
[Step 5242] Action: 3
[Step 5256] Action: 0
[Step 5270] Action: 1
[Step 5284] Action: 1
[Step 5294] Action: 2
[Step 5308] Action: 3
[Step 5322] Action: 3
[Step 5332] Action: 3
[Step 5342] Action: 0
[Step 5356] Action: 0
[Step 5366] Action: 2
[Step 5380] Action: 1
[Step 5394] Action: 1
