[Step 0] Action: 0
[Step 40] Action: 3
[Step 84] Action: 1
[Step 128] Action: 2
[Step 172] Action: 1
[Step 216] Action: 1
[Step 256] Action: 1
[Step 296] Action: 3
[Step 340] Action: 1
[Step 384] Action: 1
[Step 424] Action: 1
[Step 464] Action: 1
[Step 504] Action: 2
[Step 548] Action: 2
[Step 588] Action: 1
[Step 632] Action: 1
[Step 672] Action: 1
[Step 712] Action: 1
[Step 752] Action: 1
[Step 792] Action: 1
[Step 832] Action: 2
[Step 876] Action: 2
[Step 916] Action: 1
[Step 960] Action: 1
[Step 1000] Action: 2
[Step 1044] Action: 3
[Step 1088] Action: 1
[Step 1132] Action: 2
[Step 1176] Action: 1
[Step 1220] Action: 1
[Step 1260] Action: 1
[Step 1300] Action: 1
[Step 1340] Action: 1
[Step 1380] Action: 0
[Step 1424] Action: 1
[Step 1468] Action: 1
[Step 1508] Action: 1
[Step 1548] Action: 1
[Step 1588] Action: 1
[Step 1628] Action: 1
[Step 1668] Action: 1
[Step 1708] Action: 2
[Step 1752] Action: 0
[Step 1796] Action: 1
[Step 1840] Action: 1
[Step 1880] Action: 2
[Step 1924] Action: 1
[Step 1968] Action: 2
[Step 2012] Action: 2
[Step 2052] Action: 1
[Step 2096] Action: 1
[Step 2136] Action: 1
[Step 2176] Action: 1
[Step 2216] Action: 3
[Step 2260] Action: 1
[Step 2304] Action: 3
[Step 2348] Action: 0
[Step 2392] Action: 1
[Step 2436] Action: 1
[Step 2476] Action: 1
[Step 2516] Action: 1
[Step 2556] Action: 0
[Step 2600] Action: 1
[Step 2644] Action: 1
[Step 2684] Action: 2
[Step 2728] Action: 1
[Step 2772] Action: 0
[Step 2816] Action: 1
[Step 2860] Action: 1
[Step 2900] Action: 2
[Step 2944] Action: 1
[Step 2988] Action: 2
[Step 3032] Action: 0
[Step 3076] Action: 1
[Step 3120] Action: 1
[Step 3160] Action: 3
[Step 3204] Action: 1
[Step 3248] Action: 2
[Step 3292] Action: 1
[Step 3336] Action: 1
[Step 3376] Action: 1
[Step 3416] Action: 0
[Step 3460] Action: 2
[Step 3504] Action: 0
[Step 3548] Action: 1
[Step 3592] Action: 3
[Step 3636] Action: 2
[Step 3680] Action: 2
[Step 3720] Action: 1
[Step 3764] Action: 1
[Step 3804] Action: 3
[Step 3848] Action: 0
[Step 3892] Action: 1
[Step 3936] Action: 1
[Step 3976] Action: 1
[Step 4016] Action: 1
[Step 4056] Action: 2
[Step 4100] Action: 3
[Step 4144] Action: 2
[Step 4188] Action: 0
[Step 4232] Action: 3
[Step 4276] Action: 1
[Step 4320] Action: 0
[Step 4364] Action: 1
[Step 4408] Action: 2
[Step 4452] Action: 3
[Step 4496] Action: 1
[Step 4540] Action: 0
[Step 4584] Action: 0
[Step 4624] Action: 1
[Step 4668] Action: 2
[Step 4712] Action: 1
[Step 4756] Action: 1
[Step 4796] Action: 1
[Step 4836] Action: 2
[Step 4880] Action: 1
[Step 4924] Action: 0
[Step 4968] Action: 2
[Step 5012] Action: 1
[Step 5056] Action: 2
[Step 5100] Action: 0
[Step 5144] Action: 2
[Step 5188] Action: 3
[Step 5232] Action: 1
[Step 5276] Action: 2
[Step 5320] Action: 2
[Step 5360] Action: 3
