[Step 0] Action: 0
[Step 10] Action: 1
[Step 24] Action: 0
[Step 38] Action: 0
[Step 48] Action: 0
[Step 58] Action: 0
[Step 68] Action: 3
[Step 82] Action: 2
[Step 96] Action: 1
[Step 110] Action: 0
[Step 124] Action: 1
[Step 138] Action: 3
[Step 152] Action: 1
[Step 166] Action: 1
[Step 176] Action: 3
[Step 190] Action: 2
[Step 204] Action: 0
[Step 218] Action: 2
[Step 232] Action: 0
[Step 246] Action: 0
[Step 256] Action: 0
[Step 266] Action: 0
[Step 276] Action: 1
[Step 290] Action: 0
[Step 304] Action: 2
[Step 318] Action: 1
[Step 332] Action: 0
[Step 346] Action: 0
[Step 356] Action: 2
[Step 370] Action: 3
[Step 384] Action: 2
[Step 398] Action: 0
[Step 412] Action: 2
[Step 426] Action: 2
[Step 436] Action: 1
[Step 450] Action: 0
[Step 464] Action: 1
[Step 478] Action: 0
[Step 492] Action: 3
[Step 506] Action: 1
[Step 520] Action: 1
[Step 530] Action: 0
[Step 544] Action: 0
[Step 554] Action: 0
[Step 564] Action: 1
[Step 578] Action: 0
[Step 592] Action: 0
[Step 602] Action: 2
[Step 616] Action: 0
[Step 630] Action: 0
[Step 640] Action: 1
[Step 654] Action: 1
[Step 664] Action: 1
[Step 674] Action: 1
[Step 684] Action: 1
[Step 694] Action: 0
[Step 708] Action: 1
[Step 722] Action: 2
[Step 736] Action: 2
[Step 746] Action: 1
[Step 760] Action: 1
[Step 770] Action: 0
[Step 784] Action: 2
[Step 798] Action: 0
[Step 812] Action: 3
[Step 826] Action: 3
[Step 836] Action: 0
[Step 850] Action: 1
[Step 864] Action: 2
[Step 878] Action: 1
[Step 892] Action: 2
[Step 906] Action: 0
[Step 920] Action: 0
[Step 930] Action: 2
[Step 944] Action: 1
[Step 958] Action: 1
[Step 968] Action: 2
[Step 982] Action: 1
[Step 996] Action: 1
[Step 1006] Action: 1
[Step 1016] Action: 0
[Step 1030] Action: 2
[Step 1044] Action: 1
[Step 1058] Action: 1
[Step 1068] Action: 2
[Step 1082] Action: 2
[Step 1092] Action: 1
[Step 1106] Action: 2
[Step 1120] Action: 1
[Step 1134] Action: 2
[Step 1148] Action: 2
[Step 1158] Action: 2
[Step 1168] Action: 1
[Step 1182] Action: 1
[Step 1192] Action: 1
[Step 1202] Action: 1
[Step 1212] Action: 1
[Step 1222] Action: 1
[Step 1232] Action: 2
[Step 1246] Action: 1
[Step 1260] Action: 2
[Step 1274] Action: 1
[Step 1288] Action: 2
[Step 1302] Action: 1
[Step 1316] Action: 1
[Step 1326] Action: 1
[Step 1336] Action: 2
[Step 1350] Action: 2
[Step 1360] Action: 2
[Step 1370] Action: 2
[Step 1380] Action: 1
[Step 1394] Action: 2
[Step 1408] Action: 1
[Step 1422] Action: 2
[Step 1436] Action: 2
[Step 1446] Action: 1
[Step 1460] Action: 2
[Step 1474] Action: 1
[Step 1488] Action: 2
[Step 1502] Action: 2
[Step 1512] Action: 2
[Step 1522] Action: 2
[Step 1532] Action: 2
[Step 1542] Action: 2
[Step 1552] Action: 2
[Step 1562] Action: 2
[Step 1572] Action: 2
[Step 1582] Action: 1
[Step 1596] Action: 2
[Step 1610] Action: 2
[Step 1620] Action: 2
[Step 1630] Action: 2
[Step 1640] Action: 2
[Step 1650] Action: 2
[Step 1660] Action: 2
[Step 1670] Action: 2
[Step 1680] Action: 2
[Step 1690] Action: 2
[Step 1700] Action: 2
[Step 1710] Action: 2
[Step 1720] Action: 2
[Step 1730] Action: 2
[Step 1740] Action: 2
[Step 1750] Action: 2
[Step 1760] Action: 2
[Step 1770] Action: 2
[Step 1780] Action: 2
[Step 1790] Action: 2
[Step 1800] Action: 2
[Step 1810] Action: 2
[Step 1820] Action: 2
[Step 1830] Action: 2
[Step 1840] Action: 2
[Step 1850] Action: 2
[Step 1860] Action: 2
[Step 1870] Action: 2
[Step 1880] Action: 2
[Step 1890] Action: 2
[Step 1900] Action: 2
[Step 1910] Action: 2
[Step 1920] Action: 2
[Step 1930] Action: 2
[Step 1940] Action: 2
[Step 1950] Action: 2
[Step 1960] Action: 2
[Step 1970] Action: 2
[Step 1980] Action: 2
[Step 1990] Action: 2
[Step 2000] Action: 2
[Step 2010] Action: 2
[Step 2020] Action: 2
[Step 2030] Action: 2
[Step 2040] Action: 2
[Step 2050] Action: 2
[Step 2060] Action: 2
[Step 2070] Action: 2
[Step 2080] Action: 2
[Step 2090] Action: 2
[Step 2100] Action: 2
[Step 2110] Action: 2
[Step 2120] Action: 2
[Step 2130] Action: 2
[Step 2140] Action: 2
[Step 2150] Action: 2
[Step 2160] Action: 2
[Step 2170] Action: 2
[Step 2180] Action: 2
[Step 2190] Action: 2
[Step 2200] Action: 2
[Step 2210] Action: 2
[Step 2220] Action: 2
[Step 2230] Action: 2
[Step 2240] Action: 2
[Step 2250] Action: 2
[Step 2260] Action: 2
[Step 2270] Action: 2
[Step 2280] Action: 2
[Step 2290] Action: 2
[Step 2300] Action: 2
[Step 2310] Action: 2
[Step 2320] Action: 2
[Step 2330] Action: 2
[Step 2340] Action: 2
[Step 2350] Action: 2
[Step 2360] Action: 2
[Step 2370] Action: 2
[Step 2380] Action: 2
[Step 2390] Action: 2
[Step 2400] Action: 2
[Step 2410] Action: 2
[Step 2420] Action: 2
[Step 2430] Action: 2
[Step 2440] Action: 2
[Step 2450] Action: 2
[Step 2460] Action: 2
[Step 2470] Action: 2
[Step 2480] Action: 2
[Step 2490] Action: 2
[Step 2500] Action: 2
[Step 2510] Action: 2
[Step 2520] Action: 2
[Step 2530] Action: 2
[Step 2540] Action: 2
[Step 2550] Action: 2
[Step 2560] Action: 2
[Step 2570] Action: 2
[Step 2580] Action: 2
[Step 2590] Action: 2
[Step 2600] Action: 2
[Step 2610] Action: 2
[Step 2620] Action: 2
[Step 2630] Action: 2
[Step 2640] Action: 2
[Step 2650] Action: 2
[Step 2660] Action: 2
[Step 2670] Action: 2
[Step 2680] Action: 2
[Step 2690] Action: 2
[Step 2700] Action: 2
[Step 2710] Action: 2
[Step 2720] Action: 2
[Step 2730] Action: 2
[Step 2740] Action: 2
[Step 2750] Action: 2
[Step 2760] Action: 2
[Step 2770] Action: 2
[Step 2780] Action: 2
[Step 2790] Action: 2
[Step 2800] Action: 2
[Step 2810] Action: 2
[Step 2820] Action: 2
[Step 2830] Action: 2
[Step 2840] Action: 2
[Step 2850] Action: 2
[Step 2860] Action: 2
[Step 2870] Action: 2
[Step 2880] Action: 2
[Step 2890] Action: 2
[Step 2900] Action: 2
[Step 2910] Action: 2
[Step 2920] Action: 2
[Step 2930] Action: 2
[Step 2940] Action: 2
[Step 2950] Action: 2
[Step 2960] Action: 2
[Step 2970] Action: 2
[Step 2980] Action: 2
[Step 2990] Action: 2
[Step 3000] Action: 2
[Step 3010] Action: 2
[Step 3020] Action: 2
[Step 3030] Action: 2
[Step 3040] Action: 2
[Step 3050] Action: 2
[Step 3060] Action: 2
[Step 3070] Action: 2
[Step 3080] Action: 2
[Step 3090] Action: 2
[Step 3100] Action: 2
[Step 3110] Action: 2
[Step 3120] Action: 2
[Step 3130] Action: 2
[Step 3140] Action: 2
[Step 3150] Action: 2
[Step 3160] Action: 2
[Step 3170] Action: 2
[Step 3180] Action: 2
[Step 3190] Action: 2
[Step 3200] Action: 2
[Step 3210] Action: 2
[Step 3220] Action: 2
[Step 3230] Action: 2
[Step 3240] Action: 2
[Step 3250] Action: 2
[Step 3260] Action: 2
[Step 3270] Action: 2
[Step 3280] Action: 2
[Step 3290] Action: 2
[Step 3300] Action: 2
[Step 3310] Action: 2
[Step 3320] Action: 2
[Step 3330] Action: 2
[Step 3340] Action: 2
[Step 3350] Action: 2
[Step 3360] Action: 2
[Step 3370] Action: 2
[Step 3380] Action: 2
[Step 3390] Action: 2
[Step 3400] Action: 2
[Step 3410] Action: 2
[Step 3420] Action: 2
[Step 3430] Action: 2
[Step 3440] Action: 2
[Step 3450] Action: 2
[Step 3460] Action: 2
[Step 3470] Action: 2
[Step 3480] Action: 2
[Step 3490] Action: 2
[Step 3500] Action: 2
[Step 3510] Action: 2
[Step 3520] Action: 2
[Step 3530] Action: 2
[Step 3540] Action: 2
[Step 3550] Action: 2
[Step 3560] Action: 2
[Step 3570] Action: 2
[Step 3580] Action: 2
[Step 3590] Action: 2
[Step 3600] Action: 2
[Step 3610] Action: 2
[Step 3620] Action: 2
[Step 3630] Action: 2
[Step 3640] Action: 2
[Step 3650] Action: 2
[Step 3660] Action: 2
[Step 3670] Action: 2
[Step 3680] Action: 2
[Step 3690] Action: 2
[Step 3700] Action: 2
[Step 3710] Action: 2
[Step 3720] Action: 2
[Step 3730] Action: 2
[Step 3740] Action: 2
[Step 3750] Action: 2
[Step 3760] Action: 2
[Step 3770] Action: 2
[Step 3780] Action: 2
[Step 3790] Action: 2
[Step 3800] Action: 2
[Step 3810] Action: 2
[Step 3820] Action: 2
[Step 3830] Action: 2
[Step 3840] Action: 2
[Step 3850] Action: 2
[Step 3860] Action: 2
[Step 3870] Action: 2
[Step 3880] Action: 2
[Step 3890] Action: 2
[Step 3900] Action: 2
[Step 3910] Action: 2
[Step 3920] Action: 2
[Step 3930] Action: 2
[Step 3940] Action: 2
[Step 3950] Action: 2
[Step 3960] Action: 2
[Step 3970] Action: 2
[Step 3980] Action: 2
[Step 3990] Action: 2
[Step 4000] Action: 2
[Step 4010] Action: 2
[Step 4020] Action: 2
[Step 4030] Action: 2
[Step 4040] Action: 2
[Step 4050] Action: 2
[Step 4060] Action: 2
[Step 4070] Action: 2
[Step 4080] Action: 2
[Step 4090] Action: 2
[Step 4100] Action: 2
[Step 4110] Action: 2
[Step 4120] Action: 2
[Step 4130] Action: 2
[Step 4140] Action: 2
[Step 4150] Action: 2
[Step 4160] Action: 2
[Step 4170] Action: 2
[Step 4180] Action: 2
[Step 4190] Action: 2
[Step 4200] Action: 2
[Step 4210] Action: 2
[Step 4220] Action: 2
[Step 4230] Action: 2
[Step 4240] Action: 2
[Step 4250] Action: 2
[Step 4260] Action: 2
[Step 4270] Action: 2
[Step 4280] Action: 2
[Step 4290] Action: 2
[Step 4300] Action: 2
[Step 4310] Action: 2
[Step 4320] Action: 2
[Step 4330] Action: 2
[Step 4340] Action: 2
[Step 4350] Action: 2
[Step 4360] Action: 2
[Step 4370] Action: 2
[Step 4380] Action: 2
[Step 4390] Action: 2
[Step 4400] Action: 2
[Step 4410] Action: 2
[Step 4420] Action: 2
[Step 4430] Action: 2
[Step 4440] Action: 2
[Step 4450] Action: 2
[Step 4460] Action: 2
[Step 4470] Action: 2
[Step 4480] Action: 2
[Step 4490] Action: 2
[Step 4500] Action: 2
[Step 4510] Action: 2
[Step 4520] Action: 2
[Step 4530] Action: 2
[Step 4540] Action: 2
[Step 4550] Action: 2
[Step 4560] Action: 2
[Step 4570] Action: 2
[Step 4580] Action: 2
[Step 4590] Action: 2
[Step 4600] Action: 2
[Step 4610] Action: 2
[Step 4620] Action: 2
[Step 4630] Action: 2
[Step 4640] Action: 2
[Step 4650] Action: 2
[Step 4660] Action: 2
[Step 4670] Action: 2
[Step 4680] Action: 2
[Step 4690] Action: 2
[Step 4700] Action: 2
[Step 4710] Action: 2
[Step 4720] Action: 2
[Step 4730] Action: 2
[Step 4740] Action: 2
[Step 4750] Action: 2
[Step 4760] Action: 2
[Step 4770] Action: 2
[Step 4780] Action: 2
[Step 4790] Action: 2
[Step 4800] Action: 2
[Step 4810] Action: 2
[Step 4820] Action: 2
[Step 4830] Action: 2
[Step 4840] Action: 2
[Step 4850] Action: 2
[Step 4860] Action: 2
[Step 4870] Action: 2
[Step 4880] Action: 2
[Step 4890] Action: 2
[Step 4900] Action: 2
[Step 4910] Action: 2
[Step 4920] Action: 2
[Step 4930] Action: 2
[Step 4940] Action: 2
[Step 4950] Action: 2
[Step 4960] Action: 2
[Step 4970] Action: 2
[Step 4980] Action: 2
[Step 4990] Action: 2
[Step 5000] Action: 2
[Step 5010] Action: 2
[Step 5020] Action: 2
[Step 5030] Action: 2
[Step 5040] Action: 2
[Step 5050] Action: 2
[Step 5060] Action: 2
[Step 5070] Action: 2
[Step 5080] Action: 2
[Step 5090] Action: 2
[Step 5100] Action: 2
[Step 5110] Action: 2
[Step 5120] Action: 2
[Step 5130] Action: 2
[Step 5140] Action: 2
[Step 5150] Action: 2
[Step 5160] Action: 2
[Step 5170] Action: 2
[Step 5180] Action: 2
[Step 5190] Action: 2
[Step 5200] Action: 2
[Step 5210] Action: 2
[Step 5220] Action: 2
[Step 5230] Action: 2
[Step 5240] Action: 2
[Step 5250] Action: 2
[Step 5260] Action: 2
[Step 5270] Action: 2
[Step 5280] Action: 2
[Step 5290] Action: 2
[Step 5300] Action: 2
[Step 5310] Action: 2
[Step 5320] Action: 2
[Step 5330] Action: 2
[Step 5340] Action: 2
[Step 5350] Action: 2
[Step 5360] Action: 2
[Step 5370] Action: 2
[Step 5380] Action: 2
[Step 5390] Action: 2
