[Step 0] Action: 3
[Step 10] Action: 0
[Step 24] Action: 3
[Step 38] Action: 0
[Step 52] Action: 0
[Step 62] Action: 3
[Step 76] Action: 3
[Step 86] Action: 1
[Step 100] Action: 1
[Step 110] Action: 1
[Step 120] Action: 1
[Step 130] Action: 3
[Step 144] Action: 1
[Step 158] Action: 0
[Step 172] Action: 2
[Step 186] Action: 3
[Step 200] Action: 0
[Step 214] Action: 3
[Step 228] Action: 0
[Step 242] Action: 3
[Step 256] Action: 1
[Step 270] Action: 1
[Step 280] Action: 0
[Step 294] Action: 2
[Step 308] Action: 1
[Step 322] Action: 0
[Step 336] Action: 0
[Step 346] Action: 1
[Step 360] Action: 3
[Step 374] Action: 1
[Step 388] Action: 1
[Step 398] Action: 0
[Step 412] Action: 2
[Step 426] Action: 1
[Step 440] Action: 0
[Step 454] Action: 0
[Step 464] Action: 1
[Step 478] Action: 1
[Step 488] Action: 1
[Step 498] Action: 1
[Step 508] Action: 1
[Step 518] Action: 3
[Step 532] Action: 0
[Step 546] Action: 1
[Step 560] Action: 1
[Step 570] Action: 0
[Step 584] Action: 2
[Step 598] Action: 1
[Step 612] Action: 1
[Step 622] Action: 2
[Step 636] Action: 2
[Step 646] Action: 2
[Step 656] Action: 0
[Step 670] Action: 1
[Step 684] Action: 2
[Step 698] Action: 1
[Step 712] Action: 1
[Step 722] Action: 0
[Step 736] Action: 1
[Step 750] Action: 0
[Step 764] Action: 1
[Step 778] Action: 0
[Step 792] Action: 1
[Step 806] Action: 2
[Step 820] Action: 1
[Step 834] Action: 1
[Step 844] Action: 1
[Step 854] Action: 2
[Step 868] Action: 1
[Step 882] Action: 1
[Step 892] Action: 0
[Step 906] Action: 1
[Step 920] Action: 0
[Step 934] Action: 1
[Step 948] Action: 1
[Step 958] Action: 1
[Step 968] Action: 1
[Step 978] Action: 1
[Step 988] Action: 2
[Step 1002] Action: 1
[Step 1016] Action: 1
[Step 1026] Action: 1
[Step 1036] Action: 1
[Step 1046] Action: 1
[Step 1056] Action: 1
[Step 1066] Action: 1
[Step 1076] Action: 1
[Step 1086] Action: 2
[Step 1100] Action: 1
[Step 1114] Action: 1
[Step 1124] Action: 0
[Step 1138] Action: 0
[Step 1148] Action: 1
[Step 1162] Action: 1
[Step 1172] Action: 1
[Step 1182] Action: 1
[Step 1192] Action: 1
[Step 1202] Action: 2
[Step 1216] Action: 1
[Step 1230] Action: 1
[Step 1240] Action: 1
[Step 1250] Action: 1
[Step 1260] Action: 1
[Step 1270] Action: 1
[Step 1280] Action: 1
[Step 1290] Action: 1
[Step 1300] Action: 2
[Step 1314] Action: 3
[Step 1328] Action: 1
[Step 1342] Action: 1
[Step 1352] Action: 2
[Step 1366] Action: 1
[Step 1380] Action: 3
[Step 1394] Action: 1
[Step 1408] Action: 1
[Step 1418] Action: 2
[Step 1432] Action: 1
[Step 1446] Action: 1
[Step 1456] Action: 1
[Step 1466] Action: 1
[Step 1476] Action: 0
[Step 1490] Action: 1
[Step 1504] Action: 1
[Step 1514] Action: 2
[Step 1528] Action: 1
[Step 1542] Action: 1
[Step 1552] Action: 3
[Step 1566] Action: 1
[Step 1580] Action: 1
[Step 1590] Action: 2
[Step 1604] Action: 1
[Step 1618] Action: 1
[Step 1628] Action: 1
[Step 1638] Action: 0
[Step 1652] Action: 1
[Step 1666] Action: 1
[Step 1676] Action: 1
[Step 1686] Action: 1
[Step 1696] Action: 1
[Step 1706] Action: 1
[Step 1716] Action: 1
[Step 1726] Action: 1
[Step 1736] Action: 1
[Step 1746] Action: 2
[Step 1760] Action: 1
[Step 1774] Action: 1
[Step 1784] Action: 1
[Step 1794] Action: 2
[Step 1808] Action: 0
[Step 1822] Action: 2
[Step 1836] Action: 1
[Step 1850] Action: 1
[Step 1860] Action: 1
[Step 1870] Action: 1
[Step 1880] Action: 0
[Step 1894] Action: 1
[Step 1908] Action: 1
[Step 1918] Action: 1
[Step 1928] Action: 1
[Step 1938] Action: 1
[Step 1948] Action: 2
[Step 1962] Action: 1
[Step 1976] Action: 1
[Step 1986] Action: 1
[Step 1996] Action: 1
[Step 2006] Action: 1
[Step 2016] Action: 1
[Step 2026] Action: 1
[Step 2036] Action: 1
[Step 2046] Action: 0
[Step 2060] Action: 1
[Step 2074] Action: 3
[Step 2088] Action: 1
[Step 2102] Action: 1
[Step 2112] Action: 1
[Step 2122] Action: 0
[Step 2136] Action: 0
[Step 2146] Action: 1
[Step 2160] Action: 1
[Step 2170] Action: 1
[Step 2180] Action: 2
[Step 2194] Action: 1
[Step 2208] Action: 1
[Step 2218] Action: 2
[Step 2232] Action: 0
[Step 2246] Action: 1
[Step 2260] Action: 0
[Step 2274] Action: 1
[Step 2288] Action: 0
[Step 2302] Action: 3
[Step 2316] Action: 2
[Step 2330] Action: 1
[Step 2344] Action: 1
[Step 2354] Action: 2
[Step 2368] Action: 1
[Step 2382] Action: 2
[Step 2396] Action: 1
[Step 2410] Action: 3
[Step 2424] Action: 1
[Step 2438] Action: 1
[Step 2448] Action: 1
[Step 2458] Action: 0
[Step 2472] Action: 2
[Step 2486] Action: 1
[Step 2500] Action: 1
[Step 2510] Action: 1
[Step 2520] Action: 2
[Step 2534] Action: 1
[Step 2548] Action: 2
[Step 2562] Action: 1
[Step 2576] Action: 1
[Step 2586] Action: 2
[Step 2600] Action: 1
[Step 2614] Action: 1
[Step 2624] Action: 0
[Step 2638] Action: 0
[Step 2648] Action: 1
[Step 2662] Action: 1
[Step 2672] Action: 1
[Step 2682] Action: 1
[Step 2692] Action: 2
[Step 2706] Action: 3
[Step 2720] Action: 0
[Step 2734] Action: 1
[Step 2748] Action: 1
[Step 2758] Action: 1
[Step 2768] Action: 1
[Step 2778] Action: 1
[Step 2788] Action: 3
[Step 2802] Action: 1
[Step 2816] Action: 1
[Step 2826] Action: 1
[Step 2836] Action: 2
[Step 2850] Action: 3
[Step 2864] Action: 2
[Step 2878] Action: 3
[Step 2892] Action: 3
[Step 2902] Action: 1
[Step 2916] Action: 2
[Step 2930] Action: 0
[Step 2944] Action: 1
[Step 2958] Action: 1
[Step 2968] Action: 1
[Step 2978] Action: 0
[Step 2992] Action: 1
[Step 3006] Action: 1
[Step 3016] Action: 1
[Step 3026] Action: 3
[Step 3040] Action: 1
[Step 3054] Action: 3
[Step 3068] Action: 0
[Step 3082] Action: 2
[Step 3096] Action: 2
[Step 3106] Action: 2
[Step 3116] Action: 2
[Step 3126] Action: 0
[Step 3140] Action: 1
[Step 3154] Action: 1
[Step 3164] Action: 2
[Step 3178] Action: 2
[Step 3188] Action: 1
[Step 3202] Action: 1
[Step 3212] Action: 1
[Step 3222] Action: 1
[Step 3232] Action: 1
[Step 3242] Action: 2
[Step 3256] Action: 1
[Step 3270] Action: 2
[Step 3284] Action: 0
[Step 3298] Action: 3
[Step 3312] Action: 1
[Step 3326] Action: 1
[Step 3336] Action: 1
[Step 3346] Action: 2
[Step 3360] Action: 1
[Step 3374] Action: 2
[Step 3388] Action: 1
[Step 3402] Action: 1
[Step 3412] Action: 1
[Step 3422] Action: 3
[Step 3436] Action: 2
[Step 3450] Action: 3
[Step 3464] Action: 3
[Step 3474] Action: 0
[Step 3488] Action: 1
[Step 3502] Action: 1
[Step 3512] Action: 2
[Step 3526] Action: 2
[Step 3536] Action: 1
[Step 3550] Action: 0
[Step 3564] Action: 1
[Step 3578] Action: 3
[Step 3592] Action: 2
[Step 3606] Action: 0
[Step 3620] Action: 2
[Step 3634] Action: 1
[Step 3648] Action: 2
[Step 3662] Action: 1
[Step 3676] Action: 2
[Step 3690] Action: 1
[Step 3704] Action: 0
[Step 3718] Action: 3
[Step 3732] Action: 3
[Step 3742] Action: 3
[Step 3752] Action: 1
[Step 3766] Action: 1
[Step 3776] Action: 3
[Step 3790] Action: 2
[Step 3804] Action: 2
[Step 3814] Action: 3
[Step 3828] Action: 1
[Step 3842] Action: 1
[Step 3852] Action: 1
[Step 3862] Action: 0
[Step 3876] Action: 2
[Step 3890] Action: 3
[Step 3904] Action: 0
[Step 3918] Action: 0
[Step 3928] Action: 3
[Step 3942] Action: 2
[Step 3956] Action: 1
[Step 3970] Action: 3
[Step 3984] Action: 3
[Step 3994] Action: 0
[Step 4008] Action: 1
[Step 4022] Action: 1
[Step 4032] Action: 3
[Step 4046] Action: 3
[Step 4056] Action: 1
[Step 4070] Action: 2
[Step 4084] Action: 0
[Step 4098] Action: 0
[Step 4108] Action: 3
[Step 4122] Action: 3
[Step 4132] Action: 0
[Step 4146] Action: 3
[Step 4160] Action: 0
[Step 4174] Action: 3
[Step 4188] Action: 0
[Step 4202] Action: 2
[Step 4216] Action: 2
[Step 4226] Action: 1
[Step 4240] Action: 3
[Step 4254] Action: 0
[Step 4268] Action: 0
[Step 4278] Action: 2
[Step 4292] Action: 3
[Step 4306] Action: 3
[Step 4316] Action: 3
[Step 4326] Action: 2
[Step 4340] Action: 1
[Step 4354] Action: 1
[Step 4364] Action: 0
[Step 4378] Action: 1
[Step 4392] Action: 2
[Step 4406] Action: 0
[Step 4420] Action: 3
[Step 4434] Action: 0
[Step 4448] Action: 2
[Step 4462] Action: 1
[Step 4476] Action: 2
[Step 4490] Action: 0
[Step 4504] Action: 0
[Step 4514] Action: 0
[Step 4524] Action: 2
[Step 4538] Action: 1
[Step 4552] Action: 3
[Step 4566] Action: 3
[Step 4576] Action: 1
[Step 4590] Action: 0
[Step 4604] Action: 0
[Step 4614] Action: 2
[Step 4628] Action: 1
[Step 4642] Action: 0
[Step 4656] Action: 0
[Step 4666] Action: 0
[Step 4676] Action: 3
[Step 4690] Action: 0
[Step 4704] Action: 2
[Step 4718] Action: 2
[Step 4728] Action: 3
[Step 4742] Action: 1
[Step 4756] Action: 1
[Step 4766] Action: 3
[Step 4780] Action: 3
[Step 4790] Action: 2
[Step 4804] Action: 3
[Step 4818] Action: 0
[Step 4832] Action: 3
[Step 4846] Action: 1
[Step 4860] Action: 1
[Step 4870] Action: 3
[Step 4884] Action: 1
[Step 4898] Action: 2
[Step 4912] Action: 1
[Step 4926] Action: 0
[Step 4940] Action: 0
[Step 4950] Action: 0
[Step 4960] Action: 0
[Step 4970] Action: 1
[Step 4984] Action: 1
[Step 4994] Action: 3
[Step 5008] Action: 1
[Step 5022] Action: 0
[Step 5036] Action: 0
[Step 5046] Action: 3
[Step 5060] Action: 0
[Step 5074] Action: 2
[Step 5088] Action: 0
[Step 5102] Action: 0
[Step 5112] Action: 3
[Step 5126] Action: 0
[Step 5140] Action: 1
[Step 5154] Action: 2
[Step 5168] Action: 2
[Step 5178] Action: 1
[Step 5192] Action: 1
[Step 5202] Action: 3
[Step 5216] Action: 0
[Step 5230] Action: 0
[Step 5240] Action: 3
[Step 5254] Action: 2
[Step 5268] Action: 0
[Step 5282] Action: 1
[Step 5296] Action: 3
[Step 5310] Action: 2
[Step 5324] Action: 2
[Step 5334] Action: 3
[Step 5348] Action: 1
[Step 5362] Action: 1
[Step 5372] Action: 1
[Step 5382] Action: 0
[Step 5396] Action: 0
