[Step 0] Action: 0
[Step 40] Action: 1
[Step 84] Action: 1
[Step 124] Action: 2
[Step 168] Action: 1
[Step 212] Action: 3
[Step 256] Action: 1
[Step 300] Action: 3
[Step 344] Action: 3
[Step 384] Action: 1
[Step 428] Action: 2
[Step 472] Action: 0
[Step 516] Action: 1
[Step 560] Action: 1
[Step 600] Action: 1
[Step 640] Action: 1
[Step 680] Action: 1
[Step 720] Action: 1
[Step 760] Action: 3
[Step 804] Action: 1
[Step 848] Action: 1
[Step 888] Action: 1
[Step 928] Action: 1
[Step 968] Action: 1
[Step 1008] Action: 1
[Step 1048] Action: 1
[Step 1088] Action: 1
[Step 1128] Action: 1
[Step 1168] Action: 1
[Step 1208] Action: 1
[Step 1248] Action: 1
[Step 1288] Action: 1
[Step 1328] Action: 1
[Step 1368] Action: 1
[Step 1408] Action: 1
[Step 1448] Action: 1
[Step 1488] Action: 2
[Step 1532] Action: 1
[Step 1576] Action: 1
[Step 1616] Action: 1
[Step 1656] Action: 3
[Step 1700] Action: 3
[Step 1740] Action: 1
[Step 1784] Action: 1
[Step 1824] Action: 1
[Step 1864] Action: 1
[Step 1904] Action: 1
[Step 1944] Action: 2
[Step 1988] Action: 2
[Step 2028] Action: 1
[Step 2072] Action: 1
[Step 2112] Action: 1
[Step 2152] Action: 1
[Step 2192] Action: 3
[Step 2236] Action: 1
[Step 2280] Action: 2
[Step 2324] Action: 0
[Step 2368] Action: 1
[Step 2412] Action: 1
[Step 2452] Action: 1
[Step 2492] Action: 1
[Step 2532] Action: 0
[Step 2576] Action: 1
[Step 2620] Action: 1
[Step 2660] Action: 1
[Step 2700] Action: 2
[Step 2744] Action: 1
[Step 2788] Action: 2
[Step 2832] Action: 2
[Step 2872] Action: 2
[Step 2912] Action: 0
[Step 2956] Action: 1
[Step 3000] Action: 1
[Step 3040] Action: 2
[Step 3084] Action: 1
[Step 3128] Action: 1
[Step 3168] Action: 1
[Step 3208] Action: 1
[Step 3248] Action: 1
[Step 3288] Action: 1
[Step 3328] Action: 0
[Step 3372] Action: 0
[Step 3412] Action: 1
[Step 3456] Action: 1
[Step 3496] Action: 1
[Step 3536] Action: 1
[Step 3576] Action: 3
[Step 3620] Action: 3
[Step 3660] Action: 2
[Step 3704] Action: 2
[Step 3744] Action: 2
[Step 3784] Action: 2
[Step 3824] Action: 1
[Step 3868] Action: 0
[Step 3912] Action: 2
[Step 3956] Action: 1
[Step 4000] Action: 2
[Step 4044] Action: 3
[Step 4088] Action: 2
[Step 4132] Action: 0
[Step 4176] Action: 2
[Step 4220] Action: 1
[Step 4264] Action: 2
[Step 4308] Action: 1
[Step 4352] Action: 2
[Step 4396] Action: 0
[Step 4440] Action: 1
[Step 4484] Action: 2
[Step 4528] Action: 0
[Step 4572] Action: 1
[Step 4616] Action: 1
[Step 4656] Action: 2
[Step 4700] Action: 0
[Step 4744] Action: 3
[Step 4788] Action: 1
[Step 4832] Action: 1
[Step 4872] Action: 0
[Step 4916] Action: 1
[Step 4960] Action: 0
[Step 5004] Action: 1
[Step 5048] Action: 1
[Step 5088] Action: 2
[Step 5132] Action: 1
[Step 5176] Action: 0
[Step 5220] Action: 3
[Step 5264] Action: 0
[Step 5308] Action: 1
[Step 5352] Action: 0
[Step 5396] Action: 0
