[Step 0] Action: 1
[Step 10] Action: 2
[Step 24] Action: 0
[Step 38] Action: 1
[Step 52] Action: 1
[Step 62] Action: 0
[Step 76] Action: 0
[Step 86] Action: 1
[Step 100] Action: 0
[Step 114] Action: 0
[Step 124] Action: 1
[Step 138] Action: 3
[Step 152] Action: 0
[Step 166] Action: 1
[Step 180] Action: 2
[Step 194] Action: 1
[Step 208] Action: 2
[Step 222] Action: 3
[Step 236] Action: 0
[Step 250] Action: 1
[Step 264] Action: 1
[Step 274] Action: 0
[Step 288] Action: 0
[Step 298] Action: 3
[Step 312] Action: 0
[Step 326] Action: 0
[Step 336] Action: 0
[Step 346] Action: 1
[Step 360] Action: 1
[Step 370] Action: 0
[Step 384] Action: 3
[Step 398] Action: 0
[Step 412] Action: 1
[Step 426] Action: 2
[Step 440] Action: 1
[Step 454] Action: 1
[Step 464] Action: 2
[Step 478] Action: 1
[Step 492] Action: 2
[Step 506] Action: 1
[Step 520] Action: 1
[Step 530] Action: 1
[Step 540] Action: 1
[Step 550] Action: 1
[Step 560] Action: 0
[Step 574] Action: 1
[Step 588] Action: 1
[Step 598] Action: 2
[Step 612] Action: 2
[Step 622] Action: 1
[Step 636] Action: 1
[Step 646] Action: 2
[Step 660] Action: 2
[Step 670] Action: 1
[Step 684] Action: 1
[Step 694] Action: 2
[Step 708] Action: 1
[Step 722] Action: 3
[Step 736] Action: 2
[Step 750] Action: 1
[Step 764] Action: 1
[Step 774] Action: 1
[Step 784] Action: 2
[Step 798] Action: 1
[Step 812] Action: 1
[Step 822] Action: 2
[Step 836] Action: 1
[Step 850] Action: 0
[Step 864] Action: 0
[Step 874] Action: 1
[Step 888] Action: 1
[Step 898] Action: 2
[Step 912] Action: 1
[Step 926] Action: 0
[Step 940] Action: 1
[Step 954] Action: 1
[Step 964] Action: 1
[Step 974] Action: 1
[Step 984] Action: 1
[Step 994] Action: 1
[Step 1004] Action: 1
[Step 1014] Action: 0
[Step 1028] Action: 0
[Step 1038] Action: 1
[Step 1052] Action: 1
[Step 1062] Action: 1
[Step 1072] Action: 0
[Step 1086] Action: 2
[Step 1100] Action: 1
[Step 1114] Action: 1
[Step 1124] Action: 1
[Step 1134] Action: 1
[Step 1144] Action: 1
[Step 1154] Action: 1
[Step 1164] Action: 2
[Step 1178] Action: 1
[Step 1192] Action: 3
[Step 1206] Action: 1
[Step 1220] Action: 1
[Step 1230] Action: 0
[Step 1244] Action: 1
[Step 1258] Action: 0
[Step 1272] Action: 2
[Step 1286] Action: 0
[Step 1300] Action: 1
[Step 1314] Action: 1
[Step 1324] Action: 1
[Step 1334] Action: 1
[Step 1344] Action: 1
[Step 1354] Action: 1
[Step 1364] Action: 1
[Step 1374] Action: 1
[Step 1384] Action: 2
[Step 1398] Action: 1
[Step 1412] Action: 1
[Step 1422] Action: 1
[Step 1432] Action: 1
[Step 1442] Action: 1
[Step 1452] Action: 1
[Step 1462] Action: 0
[Step 1476] Action: 2
[Step 1490] Action: 1
[Step 1504] Action: 1
[Step 1514] Action: 1
[Step 1524] Action: 1
[Step 1534] Action: 1
[Step 1544] Action: 1
[Step 1554] Action: 0
[Step 1568] Action: 1
[Step 1582] Action: 0
[Step 1596] Action: 0
[Step 1606] Action: 2
[Step 1620] Action: 0
[Step 1634] Action: 0
[Step 1644] Action: 1
[Step 1658] Action: 1
[Step 1668] Action: 1
[Step 1678] Action: 2
[Step 1692] Action: 1
[Step 1706] Action: 2
[Step 1720] Action: 1
[Step 1734] Action: 1
[Step 1744] Action: 1
[Step 1754] Action: 1
[Step 1764] Action: 1
[Step 1774] Action: 1
[Step 1784] Action: 1
[Step 1794] Action: 1
[Step 1804] Action: 1
[Step 1814] Action: 1
[Step 1824] Action: 1
[Step 1834] Action: 1
[Step 1844] Action: 1
[Step 1854] Action: 1
[Step 1864] Action: 1
[Step 1874] Action: 1
[Step 1884] Action: 2
[Step 1898] Action: 1
[Step 1912] Action: 0
[Step 1926] Action: 1
[Step 1940] Action: 2
[Step 1954] Action: 1
[Step 1968] Action: 1
[Step 1978] Action: 1
[Step 1988] Action: 1
[Step 1998] Action: 1
[Step 2008] Action: 1
[Step 2018] Action: 1
[Step 2028] Action: 1
[Step 2038] Action: 1
[Step 2048] Action: 1
[Step 2058] Action: 1
[Step 2068] Action: 1
[Step 2078] Action: 0
[Step 2092] Action: 1
[Step 2106] Action: 1
[Step 2116] Action: 1
[Step 2126] Action: 1
[Step 2136] Action: 1
[Step 2146] Action: 1
[Step 2156] Action: 0
[Step 2170] Action: 0
[Step 2180] Action: 2
[Step 2194] Action: 1
[Step 2208] Action: 2
[Step 2222] Action: 1
[Step 2236] Action: 1
[Step 2246] Action: 2
[Step 2260] Action: 1
[Step 2274] Action: 0
[Step 2288] Action: 1
[Step 2302] Action: 2
[Step 2316] Action: 2
[Step 2326] Action: 1
[Step 2340] Action: 1
[Step 2350] Action: 1
[Step 2360] Action: 2
[Step 2374] Action: 0
[Step 2388] Action: 2
[Step 2402] Action: 1
[Step 2416] Action: 0
[Step 2430] Action: 3
[Step 2444] Action: 2
[Step 2458] Action: 1
[Step 2472] Action: 1
[Step 2482] Action: 3
[Step 2496] Action: 0
[Step 2510] Action: 1
[Step 2524] Action: 2
[Step 2538] Action: 1
[Step 2552] Action: 1
[Step 2562] Action: 0
[Step 2576] Action: 2
[Step 2590] Action: 0
[Step 2604] Action: 0
[Step 2614] Action: 1
[Step 2628] Action: 0
[Step 2642] Action: 1
[Step 2656] Action: 1
[Step 2666] Action: 1
[Step 2676] Action: 2
[Step 2690] Action: 1
[Step 2704] Action: 2
[Step 2718] Action: 1
[Step 2732] Action: 3
[Step 2746] Action: 3
[Step 2756] Action: 0
[Step 2770] Action: 3
[Step 2784] Action: 2
[Step 2798] Action: 1
[Step 2812] Action: 1
[Step 2822] Action: 0
[Step 2836] Action: 1
[Step 2850] Action: 0
[Step 2864] Action: 0
[Step 2874] Action: 3
[Step 2888] Action: 0
[Step 2902] Action: 2
[Step 2916] Action: 0
[Step 2930] Action: 3
[Step 2944] Action: 1
[Step 2958] Action: 1
[Step 2968] Action: 1
[Step 2978] Action: 1
[Step 2988] Action: 1
[Step 2998] Action: 0
[Step 3012] Action: 2
[Step 3026] Action: 1
[Step 3040] Action: 1
[Step 3050] Action: 1
[Step 3060] Action: 1
[Step 3070] Action: 3
[Step 3084] Action: 2
[Step 3098] Action: 2
[Step 3108] Action: 1
[Step 3122] Action: 0
[Step 3136] Action: 0
[Step 3146] Action: 2
[Step 3160] Action: 2
[Step 3170] Action: 1
[Step 3184] Action: 2
[Step 3198] Action: 1
[Step 3212] Action: 0
[Step 3226] Action: 3
[Step 3240] Action: 2
[Step 3254] Action: 3
[Step 3268] Action: 1
[Step 3282] Action: 1
[Step 3292] Action: 0
[Step 3306] Action: 0
[Step 3316] Action: 1
[Step 3330] Action: 1
[Step 3340] Action: 1
[Step 3350] Action: 1
[Step 3360] Action: 1
[Step 3370] Action: 3
[Step 3384] Action: 1
[Step 3398] Action: 0
[Step 3412] Action: 0
[Step 3422] Action: 1
[Step 3436] Action: 3
[Step 3450] Action: 1
[Step 3464] Action: 1
[Step 3474] Action: 1
[Step 3484] Action: 1
[Step 3494] Action: 2
[Step 3508] Action: 0
[Step 3522] Action: 2
[Step 3536] Action: 0
[Step 3550] Action: 3
[Step 3564] Action: 2
[Step 3578] Action: 0
[Step 3592] Action: 2
[Step 3606] Action: 0
[Step 3620] Action: 1
[Step 3634] Action: 3
[Step 3648] Action: 1
[Step 3662] Action: 1
[Step 3672] Action: 3
[Step 3686] Action: 0
[Step 3700] Action: 3
[Step 3714] Action: 2
[Step 3728] Action: 0
[Step 3742] Action: 2
[Step 3756] Action: 0
[Step 3770] Action: 2
[Step 3784] Action: 0
[Step 3798] Action: 2
[Step 3812] Action: 1
[Step 3826] Action: 1
[Step 3836] Action: 2
[Step 3850] Action: 0
[Step 3864] Action: 2
[Step 3878] Action: 3
[Step 3892] Action: 2
[Step 3906] Action: 0
[Step 3920] Action: 3
[Step 3934] Action: 3
[Step 3944] Action: 3
[Step 3954] Action: 3
[Step 3964] Action: 1
[Step 3978] Action: 2
[Step 3992] Action: 3
[Step 4006] Action: 3
[Step 4016] Action: 2
[Step 4030] Action: 0
[Step 4044] Action: 1
[Step 4058] Action: 0
[Step 4072] Action: 2
[Step 4086] Action: 0
[Step 4100] Action: 1
[Step 4114] Action: 0
[Step 4128] Action: 0
[Step 4138] Action: 1
[Step 4152] Action: 1
[Step 4162] Action: 2
[Step 4176] Action: 0
[Step 4190] Action: 0
[Step 4200] Action: 3
[Step 4214] Action: 0
[Step 4228] Action: 0
[Step 4238] Action: 3
[Step 4252] Action: 0
[Step 4266] Action: 0
[Step 4276] Action: 2
[Step 4290] Action: 2
[Step 4300] Action: 0
[Step 4314] Action: 3
[Step 4328] Action: 0
[Step 4342] Action: 1
[Step 4356] Action: 2
[Step 4370] Action: 0
[Step 4384] Action: 1
[Step 4398] Action: 0
[Step 4412] Action: 2
[Step 4426] Action: 3
[Step 4440] Action: 2
[Step 4454] Action: 1
[Step 4468] Action: 1
[Step 4478] Action: 3
[Step 4492] Action: 2
[Step 4506] Action: 0
[Step 4520] Action: 3
[Step 4534] Action: 3
[Step 4544] Action: 2
[Step 4558] Action: 0
[Step 4572] Action: 2
[Step 4586] Action: 3
[Step 4600] Action: 0
[Step 4614] Action: 3
[Step 4628] Action: 1
[Step 4642] Action: 0
[Step 4656] Action: 2
[Step 4670] Action: 1
[Step 4684] Action: 1
[Step 4694] Action: 2
[Step 4708] Action: 1
[Step 4722] Action: 1
[Step 4732] Action: 3
[Step 4746] Action: 0
[Step 4760] Action: 1
[Step 4774] Action: 0
[Step 4788] Action: 2
[Step 4802] Action: 0
[Step 4816] Action: 1
[Step 4830] Action: 3
[Step 4844] Action: 1
[Step 4858] Action: 0
[Step 4872] Action: 1
[Step 4886] Action: 0
[Step 4900] Action: 0
[Step 4910] Action: 0
[Step 4920] Action: 0
[Step 4930] Action: 1
[Step 4944] Action: 3
[Step 4958] Action: 0
[Step 4972] Action: 3
[Step 4986] Action: 3
[Step 4996] Action: 2
[Step 5010] Action: 0
[Step 5024] Action: 1
[Step 5038] Action: 2
[Step 5052] Action: 1
[Step 5066] Action: 0
[Step 5080] Action: 2
[Step 5094] Action: 1
[Step 5108] Action: 1
[Step 5118] Action: 1
[Step 5128] Action: 3
[Step 5142] Action: 3
[Step 5152] Action: 0
[Step 5166] Action: 3
[Step 5180] Action: 1
[Step 5194] Action: 3
[Step 5208] Action: 1
[Step 5222] Action: 3
[Step 5236] Action: 1
[Step 5250] Action: 2
[Step 5264] Action: 0
[Step 5278] Action: 1
[Step 5292] Action: 0
[Step 5306] Action: 3
[Step 5320] Action: 3
[Step 5330] Action: 1
[Step 5344] Action: 0
[Step 5358] Action: 3
[Step 5372] Action: 1
[Step 5386] Action: 1
[Step 5396] Action: 0
