[Step 0] Action: 1
[Step 40] Action: 0
[Step 84] Action: 1
[Step 128] Action: 1
[Step 168] Action: 1
[Step 208] Action: 1
[Step 248] Action: 1
[Step 288] Action: 1
[Step 328] Action: 2
[Step 372] Action: 1
[Step 416] Action: 3
[Step 460] Action: 1
[Step 504] Action: 0
[Step 548] Action: 1
[Step 592] Action: 1
[Step 632] Action: 1
[Step 672] Action: 1
[Step 712] Action: 1
[Step 752] Action: 1
[Step 792] Action: 1
[Step 832] Action: 1
[Step 872] Action: 2
[Step 916] Action: 1
[Step 960] Action: 3
[Step 1004] Action: 1
[Step 1048] Action: 1
[Step 1088] Action: 1
[Step 1128] Action: 1
[Step 1168] Action: 2
[Step 1212] Action: 1
[Step 1256] Action: 2
[Step 1300] Action: 1
[Step 1344] Action: 1
[Step 1384] Action: 1
[Step 1424] Action: 1
[Step 1464] Action: 1
[Step 1504] Action: 3
[Step 1548] Action: 1
[Step 1592] Action: 1
[Step 1632] Action: 1
[Step 1672] Action: 1
[Step 1712] Action: 1
[Step 1752] Action: 1
[Step 1792] Action: 2
[Step 1836] Action: 1
[Step 1880] Action: 1
[Step 1920] Action: 1
[Step 1960] Action: 2
[Step 2004] Action: 1
[Step 2048] Action: 2
[Step 2092] Action: 3
[Step 2136] Action: 1
[Step 2180] Action: 2
[Step 2224] Action: 1
[Step 2268] Action: 3
[Step 2312] Action: 1
[Step 2356] Action: 2
[Step 2400] Action: 1
[Step 2444] Action: 1
[Step 2484] Action: 1
[Step 2524] Action: 1
[Step 2564] Action: 1
[Step 2604] Action: 1
[Step 2644] Action: 2
[Step 2688] Action: 1
[Step 2732] Action: 1
[Step 2772] Action: 1
[Step 2812] Action: 2
[Step 2856] Action: 3
[Step 2900] Action: 1
[Step 2944] Action: 3
[Step 2988] Action: 2
[Step 3032] Action: 3
[Step 3076] Action: 3
[Step 3116] Action: 1
[Step 3160] Action: 1
[Step 3200] Action: 1
[Step 3240] Action: 3
[Step 3284] Action: 1
[Step 3328] Action: 3
[Step 3372] Action: 1
[Step 3416] Action: 3
[Step 3460] Action: 1
[Step 3504] Action: 1
[Step 3544] Action: 0
[Step 3588] Action: 1
[Step 3632] Action: 2
[Step 3676] Action: 1
[Step 3720] Action: 1
[Step 3760] Action: 2
[Step 3804] Action: 1
[Step 3848] Action: 2
[Step 3892] Action: 3
[Step 3936] Action: 1
[Step 3980] Action: 3
[Step 4024] Action: 3
[Step 4064] Action: 1
[Step 4108] Action: 0
[Step 4152] Action: 0
[Step 4192] Action: 2
[Step 4236] Action: 0
[Step 4280] Action: 1
[Step 4324] Action: 3
[Step 4368] Action: 0
[Step 4412] Action: 1
[Step 4456] Action: 1
[Step 4496] Action: 3
[Step 4540] Action: 0
[Step 4584] Action: 0
[Step 4624] Action: 1
[Step 4668] Action: 3
[Step 4712] Action: 1
[Step 4756] Action: 1
[Step 4796] Action: 1
[Step 4836] Action: 1
[Step 4876] Action: 0
[Step 4920] Action: 2
[Step 4964] Action: 0
[Step 5008] Action: 3
[Step 5052] Action: 3
[Step 5092] Action: 0
[Step 5136] Action: 3
[Step 5180] Action: 1
[Step 5224] Action: 2
[Step 5268] Action: 1
[Step 5312] Action: 3
[Step 5356] Action: 1
