[Step 0] Action: 2
[Step 10] Action: 1
[Step 24] Action: 3
[Step 38] Action: 2
[Step 52] Action: 1
[Step 66] Action: 1
[Step 76] Action: 1
[Step 86] Action: 1
[Step 96] Action: 0
[Step 110] Action: 1
[Step 124] Action: 2
[Step 138] Action: 1
[Step 152] Action: 1
[Step 162] Action: 3
[Step 176] Action: 0
[Step 190] Action: 1
[Step 204] Action: 0
[Step 218] Action: 2
[Step 232] Action: 1
[Step 246] Action: 1
[Step 256] Action: 1
[Step 266] Action: 1
[Step 276] Action: 0
[Step 290] Action: 0
[Step 300] Action: 2
[Step 314] Action: 1
[Step 328] Action: 0
[Step 342] Action: 1
[Step 356] Action: 0
[Step 370] Action: 0
[Step 380] Action: 2
[Step 394] Action: 3
[Step 408] Action: 1
[Step 422] Action: 2
[Step 436] Action: 1
[Step 450] Action: 1
[Step 460] Action: 1
[Step 470] Action: 1
[Step 480] Action: 0
[Step 494] Action: 1
[Step 508] Action: 0
[Step 522] Action: 1
[Step 536] Action: 1
[Step 546] Action: 1
[Step 556] Action: 2
[Step 570] Action: 1
[Step 584] Action: 3
[Step 598] Action: 1
[Step 612] Action: 2
[Step 626] Action: 1
[Step 640] Action: 1
[Step 650] Action: 1
[Step 660] Action: 1
[Step 670] Action: 1
[Step 680] Action: 1
[Step 690] Action: 1
[Step 700] Action: 1
[Step 710] Action: 2
[Step 724] Action: 1
[Step 738] Action: 1
[Step 748] Action: 1
[Step 758] Action: 1
[Step 768] Action: 1
[Step 778] Action: 0
[Step 792] Action: 2
[Step 806] Action: 2
[Step 816] Action: 2
[Step 826] Action: 1
[Step 840] Action: 1
[Step 850] Action: 2
[Step 864] Action: 0
[Step 878] Action: 2
[Step 892] Action: 1
[Step 906] Action: 2
[Step 920] Action: 1
[Step 934] Action: 0
[Step 948] Action: 1
[Step 962] Action: 0
[Step 976] Action: 2
[Step 990] Action: 1
[Step 1004] Action: 2
[Step 1018] Action: 1
[Step 1032] Action: 2
[Step 1046] Action: 0
[Step 1060] Action: 1
[Step 1074] Action: 0
[Step 1088] Action: 1
[Step 1102] Action: 2
[Step 1116] Action: 2
[Step 1126] Action: 1
[Step 1140] Action: 1
[Step 1150] Action: 1
[Step 1160] Action: 1
[Step 1170] Action: 0
[Step 1184] Action: 1
[Step 1198] Action: 0
[Step 1212] Action: 2
[Step 1226] Action: 1
[Step 1240] Action: 1
[Step 1250] Action: 1
[Step 1260] Action: 1
[Step 1270] Action: 1
[Step 1280] Action: 2
[Step 1294] Action: 1
[Step 1308] Action: 2
[Step 1322] Action: 1
[Step 1336] Action: 1
[Step 1346] Action: 1
[Step 1356] Action: 1
[Step 1366] Action: 2
[Step 1380] Action: 1
[Step 1394] Action: 1
[Step 1404] Action: 0
[Step 1418] Action: 1
[Step 1432] Action: 1
[Step 1442] Action: 1
[Step 1452] Action: 1
[Step 1462] Action: 1
[Step 1472] Action: 1
[Step 1482] Action: 0
[Step 1496] Action: 1
[Step 1510] Action: 1
[Step 1520] Action: 1
[Step 1530] Action: 1
[Step 1540] Action: 1
[Step 1550] Action: 1
[Step 1560] Action: 2
[Step 1574] Action: 0
[Step 1588] Action: 1
[Step 1602] Action: 2
[Step 1616] Action: 1
[Step 1630] Action: 1
[Step 1640] Action: 1
[Step 1650] Action: 3
[Step 1664] Action: 2
[Step 1678] Action: 1
[Step 1692] Action: 1
[Step 1702] Action: 1
[Step 1712] Action: 1
[Step 1722] Action: 1
[Step 1732] Action: 0
[Step 1746] Action: 2
[Step 1760] Action: 1
[Step 1774] Action: 1
[Step 1784] Action: 1
[Step 1794] Action: 1
[Step 1804] Action: 2
[Step 1818] Action: 2
[Step 1828] Action: 2
[Step 1838] Action: 1
[Step 1852] Action: 2
[Step 1866] Action: 1
[Step 1880] Action: 1
[Step 1890] Action: 1
[Step 1900] Action: 1
[Step 1910] Action: 2
[Step 1924] Action: 0
[Step 1938] Action: 2
[Step 1952] Action: 1
[Step 1966] Action: 1
[Step 1976] Action: 1
[Step 1986] Action: 1
[Step 1996] Action: 1
[Step 2006] Action: 1
[Step 2016] Action: 1
[Step 2026] Action: 1
[Step 2036] Action: 1
[Step 2046] Action: 1
[Step 2056] Action: 1
[Step 2066] Action: 1
[Step 2076] Action: 1
[Step 2086] Action: 1
[Step 2096] Action: 1
[Step 2106] Action: 2
[Step 2120] Action: 1
[Step 2134] Action: 2
[Step 2148] Action: 1
[Step 2162] Action: 1
[Step 2172] Action: 1
[Step 2182] Action: 1
[Step 2192] Action: 1
[Step 2202] Action: 1
[Step 2212] Action: 0
[Step 2226] Action: 1
[Step 2240] Action: 2
[Step 2254] Action: 1
[Step 2268] Action: 1
[Step 2278] Action: 1
[Step 2288] Action: 1
[Step 2298] Action: 0
[Step 2312] Action: 2
[Step 2326] Action: 0
[Step 2340] Action: 3
[Step 2354] Action: 1
[Step 2368] Action: 1
[Step 2378] Action: 1
[Step 2388] Action: 1
[Step 2398] Action: 0
[Step 2412] Action: 1
[Step 2426] Action: 3
[Step 2440] Action: 2
[Step 2454] Action: 2
[Step 2464] Action: 1
[Step 2478] Action: 2
[Step 2492] Action: 2
[Step 2502] Action: 0
[Step 2516] Action: 2
[Step 2530] Action: 1
[Step 2544] Action: 1
[Step 2554] Action: 1
[Step 2564] Action: 1
[Step 2574] Action: 1
[Step 2584] Action: 0
[Step 2598] Action: 2
[Step 2612] Action: 2
[Step 2622] Action: 2
[Step 2632] Action: 1
[Step 2646] Action: 1
[Step 2656] Action: 2
[Step 2670] Action: 2
[Step 2680] Action: 3
[Step 2694] Action: 3
[Step 2704] Action: 0
[Step 2718] Action: 0
[Step 2728] Action: 0
[Step 2738] Action: 0
[Step 2748] Action: 0
[Step 2758] Action: 2
[Step 2772] Action: 1
[Step 2786] Action: 1
[Step 2796] Action: 2
[Step 2810] Action: 2
[Step 2820] Action: 1
[Step 2834] Action: 3
[Step 2848] Action: 0
[Step 2862] Action: 2
[Step 2876] Action: 0
[Step 2890] Action: 1
[Step 2904] Action: 0
[Step 2918] Action: 1
[Step 2932] Action: 1
[Step 2942] Action: 1
[Step 2952] Action: 0
[Step 2966] Action: 0
[Step 2976] Action: 2
[Step 2990] Action: 3
[Step 3004] Action: 2
[Step 3018] Action: 1
[Step 3032] Action: 1
[Step 3042] Action: 1
[Step 3052] Action: 1
[Step 3062] Action: 2
[Step 3076] Action: 0
[Step 3090] Action: 3
[Step 3104] Action: 1
[Step 3118] Action: 1
[Step 3128] Action: 1
[Step 3138] Action: 1
[Step 3148] Action: 2
[Step 3162] Action: 0
[Step 3176] Action: 2
[Step 3190] Action: 3
[Step 3204] Action: 1
[Step 3218] Action: 1
[Step 3228] Action: 2
[Step 3242] Action: 3
[Step 3256] Action: 0
[Step 3270] Action: 1
[Step 3284] Action: 2
[Step 3298] Action: 1
[Step 3312] Action: 1
[Step 3322] Action: 2
[Step 3336] Action: 2
[Step 3346] Action: 2
[Step 3356] Action: 2
[Step 3366] Action: 1
[Step 3380] Action: 3
[Step 3394] Action: 0
[Step 3408] Action: 3
[Step 3422] Action: 2
[Step 3436] Action: 1
[Step 3450] Action: 1
[Step 3460] Action: 0
[Step 3474] Action: 0
[Step 3484] Action: 0
[Step 3494] Action: 0
[Step 3504] Action: 1
[Step 3518] Action: 0
[Step 3532] Action: 3
[Step 3546] Action: 1
[Step 3560] Action: 1
[Step 3570] Action: 0
[Step 3584] Action: 0
[Step 3594] Action: 0
[Step 3604] Action: 0
[Step 3614] Action: 3
[Step 3628] Action: 1
[Step 3642] Action: 0
[Step 3656] Action: 1
[Step 3670] Action: 0
[Step 3684] Action: 2
[Step 3698] Action: 2
[Step 3708] Action: 1
[Step 3722] Action: 1
[Step 3732] Action: 3
[Step 3746] Action: 3
[Step 3756] Action: 2
[Step 3770] Action: 1
[Step 3784] Action: 0
[Step 3798] Action: 2
[Step 3812] Action: 2
[Step 3822] Action: 2
[Step 3832] Action: 0
[Step 3846] Action: 2
[Step 3860] Action: 0
[Step 3874] Action: 1
[Step 3888] Action: 2
[Step 3902] Action: 0
[Step 3916] Action: 2
[Step 3930] Action: 0
[Step 3944] Action: 0
[Step 3954] Action: 1
[Step 3968] Action: 1
[Step 3978] Action: 2
[Step 3992] Action: 3
[Step 4006] Action: 0
[Step 4020] Action: 3
[Step 4034] Action: 0
[Step 4048] Action: 3
[Step 4062] Action: 0
[Step 4076] Action: 1
[Step 4090] Action: 0
[Step 4104] Action: 0
[Step 4114] Action: 3
[Step 4128] Action: 0
[Step 4142] Action: 3
[Step 4156] Action: 0
[Step 4170] Action: 0
[Step 4180] Action: 0
[Step 4190] Action: 0
[Step 4200] Action: 0
[Step 4210] Action: 1
[Step 4224] Action: 0
[Step 4238] Action: 1
[Step 4252] Action: 2
[Step 4266] Action: 1
[Step 4280] Action: 0
[Step 4294] Action: 0
[Step 4304] Action: 0
[Step 4314] Action: 0
[Step 4324] Action: 2
[Step 4338] Action: 1
[Step 4352] Action: 1
[Step 4362] Action: 1
[Step 4372] Action: 2
[Step 4386] Action: 2
[Step 4396] Action: 0
[Step 4410] Action: 2
[Step 4424] Action: 0
[Step 4438] Action: 1
[Step 4452] Action: 0
[Step 4466] Action: 2
[Step 4480] Action: 2
[Step 4490] Action: 0
[Step 4504] Action: 2
[Step 4518] Action: 1
[Step 4532] Action: 3
[Step 4546] Action: 2
[Step 4560] Action: 2
[Step 4570] Action: 1
[Step 4584] Action: 3
[Step 4598] Action: 2
[Step 4612] Action: 2
[Step 4622] Action: 1
[Step 4636] Action: 2
[Step 4650] Action: 3
[Step 4664] Action: 0
[Step 4678] Action: 3
[Step 4692] Action: 1
[Step 4706] Action: 3
[Step 4720] Action: 1
[Step 4734] Action: 3
[Step 4748] Action: 2
[Step 4762] Action: 0
[Step 4776] Action: 3
[Step 4790] Action: 0
[Step 4804] Action: 2
[Step 4818] Action: 0
[Step 4832] Action: 2
[Step 4846] Action: 1
[Step 4860] Action: 1
[Step 4870] Action: 3
[Step 4884] Action: 1
[Step 4898] Action: 0
[Step 4912] Action: 0
[Step 4922] Action: 1
[Step 4936] Action: 1
[Step 4946] Action: 3
[Step 4960] Action: 3
[Step 4970] Action: 3
[Step 4980] Action: 3
[Step 4990] Action: 0
[Step 5004] Action: 1
[Step 5018] Action: 2
[Step 5032] Action: 1
[Step 5046] Action: 3
[Step 5060] Action: 3
[Step 5070] Action: 2
[Step 5084] Action: 2
[Step 5094] Action: 1
[Step 5108] Action: 0
[Step 5122] Action: 2
[Step 5136] Action: 1
[Step 5150] Action: 0
[Step 5164] Action: 1
[Step 5178] Action: 3
[Step 5192] Action: 3
[Step 5202] Action: 1
[Step 5216] Action: 2
[Step 5230] Action: 2
[Step 5240] Action: 1
[Step 5254] Action: 0
[Step 5268] Action: 2
[Step 5282] Action: 3
[Step 5296] Action: 0
[Step 5310] Action: 3
[Step 5324] Action: 2
[Step 5338] Action: 0
[Step 5352] Action: 0
[Step 5362] Action: 3
[Step 5376] Action: 3
[Step 5386] Action: 1
