[Step 0] Action: 1
[Step 10] Action: 2
[Step 24] Action: 2
[Step 34] Action: 0
[Step 48] Action: 3
[Step 62] Action: 0
[Step 76] Action: 1
[Step 90] Action: 1
[Step 100] Action: 2
[Step 114] Action: 1
[Step 128] Action: 2
[Step 142] Action: 3
[Step 156] Action: 0
[Step 170] Action: 2
[Step 184] Action: 1
[Step 198] Action: 1
[Step 208] Action: 2
[Step 222] Action: 3
[Step 236] Action: 1
[Step 250] Action: 1
[Step 260] Action: 1
[Step 270] Action: 2
[Step 284] Action: 1
[Step 298] Action: 1
[Step 308] Action: 1
[Step 318] Action: 0
[Step 332] Action: 2
[Step 346] Action: 2
[Step 356] Action: 1
[Step 370] Action: 2
[Step 384] Action: 1
[Step 398] Action: 2
[Step 412] Action: 2
[Step 422] Action: 2
[Step 432] Action: 1
[Step 446] Action: 2
[Step 460] Action: 2
[Step 470] Action: 1
[Step 484] Action: 2
[Step 498] Action: 2
[Step 508] Action: 2
[Step 518] Action: 1
[Step 532] Action: 1
[Step 542] Action: 2
[Step 556] Action: 2
[Step 566] Action: 2
[Step 576] Action: 1
[Step 590] Action: 1
[Step 600] Action: 2
[Step 614] Action: 1
[Step 628] Action: 2
[Step 642] Action: 1
[Step 656] Action: 2
[Step 670] Action: 1
[Step 684] Action: 1
[Step 694] Action: 1
[Step 704] Action: 0
[Step 718] Action: 2
[Step 732] Action: 2
[Step 742] Action: 1
[Step 756] Action: 1
[Step 766] Action: 2
[Step 780] Action: 0
[Step 794] Action: 0
[Step 804] Action: 1
[Step 818] Action: 2
[Step 832] Action: 2
[Step 842] Action: 2
[Step 852] Action: 2
[Step 862] Action: 2
[Step 872] Action: 1
[Step 886] Action: 2
[Step 900] Action: 2
[Step 910] Action: 1
[Step 924] Action: 2
[Step 938] Action: 1
[Step 952] Action: 0
[Step 966] Action: 2
[Step 980] Action: 0
[Step 994] Action: 0
[Step 1004] Action: 2
[Step 1018] Action: 1
[Step 1032] Action: 2
[Step 1046] Action: 2
[Step 1056] Action: 1
[Step 1070] Action: 1
[Step 1080] Action: 1
[Step 1090] Action: 1
[Step 1100] Action: 0
[Step 1114] Action: 1
[Step 1128] Action: 2
[Step 1142] Action: 2
[Step 1152] Action: 2
[Step 1162] Action: 2
[Step 1172] Action: 3
[Step 1186] Action: 0
[Step 1200] Action: 1
[Step 1214] Action: 1
[Step 1224] Action: 2
[Step 1238] Action: 1
[Step 1252] Action: 1
[Step 1262] Action: 0
[Step 1276] Action: 2
[Step 1290] Action: 1
[Step 1304] Action: 2
[Step 1318] Action: 1
[Step 1332] Action: 1
[Step 1342] Action: 0
[Step 1356] Action: 2
[Step 1370] Action: 2
[Step 1380] Action: 1
[Step 1394] Action: 2
[Step 1408] Action: 2
[Step 1418] Action: 3
[Step 1432] Action: 2
[Step 1446] Action: 2
[Step 1456] Action: 1
[Step 1470] Action: 2
[Step 1484] Action: 2
[Step 1494] Action: 2
[Step 1504] Action: 2
[Step 1514] Action: 1
[Step 1528] Action: 2
[Step 1542] Action: 1
[Step 1556] Action: 2
[Step 1570] Action: 2
[Step 1580] Action: 2
[Step 1590] Action: 2
[Step 1600] Action: 2
[Step 1610] Action: 2
[Step 1620] Action: 2
[Step 1630] Action: 1
[Step 1644] Action: 1
[Step 1654] Action: 1
[Step 1664] Action: 2
[Step 1678] Action: 1
[Step 1692] Action: 1
[Step 1702] Action: 1
[Step 1712] Action: 1
[Step 1722] Action: 1
[Step 1732] Action: 2
[Step 1746] Action: 2
[Step 1756] Action: 2
[Step 1766] Action: 1
[Step 1780] Action: 1
[Step 1790] Action: 1
[Step 1800] Action: 1
[Step 1810] Action: 2
[Step 1824] Action: 2
[Step 1834] Action: 1
[Step 1848] Action: 2
[Step 1862] Action: 2
[Step 1872] Action: 1
[Step 1886] Action: 1
[Step 1896] Action: 1
[Step 1906] Action: 0
[Step 1920] Action: 0
[Step 1930] Action: 1
[Step 1944] Action: 0
[Step 1958] Action: 1
[Step 1972] Action: 2
[Step 1986] Action: 1
[Step 2000] Action: 2
[Step 2014] Action: 3
[Step 2028] Action: 0
[Step 2042] Action: 2
[Step 2056] Action: 1
[Step 2070] Action: 0
[Step 2084] Action: 1
[Step 2098] Action: 2
[Step 2112] Action: 2
[Step 2122] Action: 2
[Step 2132] Action: 2
[Step 2142] Action: 1
[Step 2156] Action: 0
[Step 2170] Action: 1
[Step 2184] Action: 1
[Step 2194] Action: 1
[Step 2204] Action: 2
[Step 2218] Action: 1
[Step 2232] Action: 2
[Step 2246] Action: 1
[Step 2260] Action: 1
[Step 2270] Action: 1
[Step 2280] Action: 1
[Step 2290] Action: 1
[Step 2300] Action: 2
[Step 2314] Action: 1
[Step 2328] Action: 1
[Step 2338] Action: 2
[Step 2352] Action: 2
[Step 2362] Action: 2
[Step 2372] Action: 2
[Step 2382] Action: 2
[Step 2392] Action: 2
[Step 2402] Action: 2
[Step 2412] Action: 2
[Step 2422] Action: 2
[Step 2432] Action: 1
[Step 2446] Action: 1
[Step 2456] Action: 0
[Step 2470] Action: 0
[Step 2480] Action: 0
[Step 2490] Action: 1
[Step 2504] Action: 2
[Step 2518] Action: 2
[Step 2528] Action: 1
[Step 2542] Action: 0
[Step 2556] Action: 0
[Step 2566] Action: 3
[Step 2580] Action: 3
[Step 2590] Action: 1
[Step 2604] Action: 2
[Step 2618] Action: 1
[Step 2632] Action: 2
[Step 2646] Action: 3
[Step 2660] Action: 1
[Step 2674] Action: 0
[Step 2688] Action: 1
[Step 2702] Action: 3
[Step 2716] Action: 1
[Step 2730] Action: 0
[Step 2744] Action: 0
[Step 2754] Action: 0
[Step 2764] Action: 2
[Step 2778] Action: 2
[Step 2788] Action: 2
[Step 2798] Action: 0
[Step 2812] Action: 1
[Step 2826] Action: 2
[Step 2840] Action: 2
[Step 2850] Action: 1
[Step 2864] Action: 3
[Step 2878] Action: 1
[Step 2892] Action: 1
[Step 2902] Action: 1
[Step 2912] Action: 2
[Step 2926] Action: 3
[Step 2940] Action: 1
[Step 2954] Action: 1
[Step 2964] Action: 3
[Step 2978] Action: 2
[Step 2992] Action: 1
[Step 3006] Action: 0
[Step 3020] Action: 1
[Step 3034] Action: 1
[Step 3044] Action: 1
[Step 3054] Action: 2
[Step 3068] Action: 2
[Step 3078] Action: 3
[Step 3092] Action: 1
[Step 3106] Action: 1
[Step 3116] Action: 0
[Step 3130] Action: 1
[Step 3144] Action: 1
[Step 3154] Action: 2
[Step 3168] Action: 1
[Step 3182] Action: 1
[Step 3192] Action: 0
[Step 3206] Action: 0
[Step 3216] Action: 2
[Step 3230] Action: 1
[Step 3244] Action: 2
[Step 3258] Action: 2
[Step 3268] Action: 2
[Step 3278] Action: 1
[Step 3292] Action: 2
[Step 3306] Action: 1
[Step 3320] Action: 1
[Step 3330] Action: 1
[Step 3340] Action: 1
[Step 3350] Action: 2
[Step 3364] Action: 2
[Step 3374] Action: 0
[Step 3388] Action: 1
[Step 3402] Action: 1
[Step 3412] Action: 1
[Step 3422] Action: 3
[Step 3436] Action: 1
[Step 3450] Action: 2
[Step 3464] Action: 2
[Step 3474] Action: 2
[Step 3484] Action: 1
[Step 3498] Action: 1
[Step 3508] Action: 1
[Step 3518] Action: 1
[Step 3528] Action: 1
[Step 3538] Action: 3
[Step 3552] Action: 0
[Step 3566] Action: 0
[Step 3576] Action: 1
[Step 3590] Action: 3
[Step 3604] Action: 2
[Step 3618] Action: 1
[Step 3632] Action: 2
[Step 3646] Action: 1
[Step 3660] Action: 1
[Step 3670] Action: 1
[Step 3680] Action: 0
[Step 3694] Action: 0
[Step 3704] Action: 0
[Step 3714] Action: 3
[Step 3728] Action: 0
[Step 3742] Action: 0
[Step 3752] Action: 3
[Step 3766] Action: 2
[Step 3780] Action: 0
[Step 3794] Action: 3
[Step 3808] Action: 0
[Step 3822] Action: 2
[Step 3836] Action: 0
[Step 3850] Action: 0
[Step 3860] Action: 0
[Step 3870] Action: 0
[Step 3880] Action: 1
[Step 3894] Action: 2
[Step 3908] Action: 1
[Step 3922] Action: 2
[Step 3936] Action: 3
[Step 3950] Action: 2
[Step 3964] Action: 1
[Step 3978] Action: 0
[Step 3992] Action: 1
[Step 4006] Action: 1
[Step 4016] Action: 2
[Step 4030] Action: 0
[Step 4044] Action: 0
[Step 4054] Action: 3
[Step 4068] Action: 3
[Step 4078] Action: 1
[Step 4092] Action: 2
[Step 4106] Action: 1
[Step 4120] Action: 1
[Step 4130] Action: 1
[Step 4140] Action: 2
[Step 4154] Action: 1
[Step 4168] Action: 3
[Step 4182] Action: 0
[Step 4196] Action: 1
[Step 4210] Action: 3
[Step 4224] Action: 0
[Step 4238] Action: 0
[Step 4248] Action: 1
[Step 4262] Action: 0
[Step 4276] Action: 0
[Step 4286] Action: 1
[Step 4300] Action: 0
[Step 4314] Action: 0
[Step 4324] Action: 0
[Step 4334] Action: 0
[Step 4344] Action: 3
[Step 4358] Action: 3
[Step 4368] Action: 1
[Step 4382] Action: 3
[Step 4396] Action: 0
[Step 4410] Action: 0
[Step 4420] Action: 0
[Step 4430] Action: 3
[Step 4444] Action: 0
[Step 4458] Action: 1
[Step 4472] Action: 3
[Step 4486] Action: 0
[Step 4500] Action: 1
[Step 4514] Action: 3
[Step 4528] Action: 1
[Step 4542] Action: 1
[Step 4552] Action: 3
[Step 4566] Action: 3
[Step 4576] Action: 3
[Step 4586] Action: 2
[Step 4600] Action: 1
[Step 4614] Action: 1
[Step 4624] Action: 1
[Step 4634] Action: 1
[Step 4644] Action: 1
[Step 4654] Action: 0
[Step 4668] Action: 1
[Step 4682] Action: 0
[Step 4696] Action: 1
[Step 4710] Action: 1
[Step 4720] Action: 3
[Step 4734] Action: 0
[Step 4748] Action: 0
[Step 4758] Action: 2
[Step 4772] Action: 0
[Step 4786] Action: 1
[Step 4800] Action: 2
[Step 4814] Action: 3
[Step 4828] Action: 2
[Step 4842] Action: 2
[Step 4852] Action: 3
[Step 4866] Action: 3
[Step 4876] Action: 3
[Step 4886] Action: 0
[Step 4900] Action: 0
[Step 4910] Action: 2
[Step 4924] Action: 0
[Step 4938] Action: 1
[Step 4952] Action: 2
[Step 4966] Action: 0
[Step 4980] Action: 1
[Step 4994] Action: 3
[Step 5008] Action: 2
[Step 5022] Action: 3
[Step 5036] Action: 2
[Step 5050] Action: 0
[Step 5064] Action: 2
[Step 5078] Action: 1
[Step 5092] Action: 0
[Step 5106] Action: 3
[Step 5120] Action: 3
[Step 5130] Action: 0
[Step 5144] Action: 2
[Step 5158] Action: 3
[Step 5172] Action: 1
[Step 5186] Action: 3
[Step 5200] Action: 0
[Step 5214] Action: 1
[Step 5228] Action: 3
[Step 5242] Action: 3
[Step 5252] Action: 3
[Step 5262] Action: 0
[Step 5276] Action: 2
[Step 5290] Action: 0
[Step 5304] Action: 1
[Step 5318] Action: 1
[Step 5328] Action: 3
[Step 5342] Action: 3
[Step 5352] Action: 1
[Step 5366] Action: 1
[Step 5376] Action: 1
[Step 5386] Action: 3
