[Step 0] Action: 2
[Step 10] Action: 0
[Step 24] Action: 0
[Step 34] Action: 2
[Step 48] Action: 0
[Step 62] Action: 1
[Step 76] Action: 3
[Step 90] Action: 2
[Step 104] Action: 2
[Step 114] Action: 3
[Step 128] Action: 2
[Step 142] Action: 1
[Step 156] Action: 2
[Step 170] Action: 2
[Step 180] Action: 3
[Step 194] Action: 0
[Step 208] Action: 0
[Step 218] Action: 1
[Step 232] Action: 2
[Step 246] Action: 0
[Step 260] Action: 1
[Step 274] Action: 2
[Step 288] Action: 1
[Step 302] Action: 0
[Step 316] Action: 1
[Step 330] Action: 1
[Step 340] Action: 0
[Step 354] Action: 2
[Step 368] Action: 0
[Step 382] Action: 0
[Step 392] Action: 2
[Step 406] Action: 0
[Step 420] Action: 2
[Step 434] Action: 1
[Step 448] Action: 3
[Step 462] Action: 3
[Step 472] Action: 3
[Step 482] Action: 2
[Step 496] Action: 0
[Step 510] Action: 1
[Step 524] Action: 2
[Step 538] Action: 2
[Step 548] Action: 0
[Step 562] Action: 2
[Step 576] Action: 3
[Step 590] Action: 0
[Step 604] Action: 3
[Step 618] Action: 3
[Step 628] Action: 0
[Step 642] Action: 1
[Step 656] Action: 0
[Step 670] Action: 1
[Step 684] Action: 2
[Step 698] Action: 3
[Step 712] Action: 1
[Step 726] Action: 0
[Step 740] Action: 1
[Step 754] Action: 3
[Step 768] Action: 1
[Step 782] Action: 1
[Step 792] Action: 2
[Step 806] Action: 1
[Step 820] Action: 2
[Step 834] Action: 0
[Step 848] Action: 0
[Step 858] Action: 3
[Step 872] Action: 1
[Step 886] Action: 0
[Step 900] Action: 2
[Step 914] Action: 2
[Step 924] Action: 0
[Step 938] Action: 0
[Step 948] Action: 3
[Step 962] Action: 3
[Step 972] Action: 0
[Step 986] Action: 3
[Step 1000] Action: 2
[Step 1014] Action: 1
[Step 1028] Action: 1
[Step 1038] Action: 3
[Step 1052] Action: 2
[Step 1066] Action: 1
[Step 1080] Action: 2
[Step 1094] Action: 1
[Step 1108] Action: 0
[Step 1122] Action: 0
[Step 1132] Action: 0
[Step 1142] Action: 0
[Step 1152] Action: 2
[Step 1166] Action: 3
[Step 1180] Action: 3
[Step 1190] Action: 0
[Step 1204] Action: 3
[Step 1218] Action: 1
[Step 1232] Action: 3
[Step 1246] Action: 0
[Step 1260] Action: 3
[Step 1274] Action: 0
[Step 1288] Action: 0
[Step 1298] Action: 1
[Step 1312] Action: 2
[Step 1326] Action: 0
[Step 1340] Action: 2
[Step 1354] Action: 0
[Step 1368] Action: 0
[Step 1378] Action: 0
[Step 1388] Action: 0
[Step 1398] Action: 0
[Step 1408] Action: 2
[Step 1422] Action: 0
[Step 1436] Action: 2
[Step 1450] Action: 3
[Step 1464] Action: 1
[Step 1478] Action: 3
[Step 1492] Action: 0
[Step 1506] Action: 2
[Step 1520] Action: 0
[Step 1534] Action: 0
[Step 1544] Action: 2
[Step 1558] Action: 3
[Step 1572] Action: 1
[Step 1586] Action: 1
[Step 1596] Action: 3
[Step 1610] Action: 1
[Step 1624] Action: 2
[Step 1638] Action: 0
[Step 1652] Action: 3
[Step 1666] Action: 0
[Step 1680] Action: 0
[Step 1690] Action: 2
[Step 1704] Action: 2
[Step 1714] Action: 1
[Step 1728] Action: 0
[Step 1742] Action: 0
[Step 1752] Action: 1
[Step 1766] Action: 2
[Step 1780] Action: 2
[Step 1790] Action: 2
[Step 1800] Action: 0
[Step 1814] Action: 1
[Step 1828] Action: 0
[Step 1842] Action: 0
[Step 1852] Action: 0
[Step 1862] Action: 1
[Step 1876] Action: 1
[Step 1886] Action: 3
[Step 1900] Action: 1
[Step 1914] Action: 1
[Step 1924] Action: 1
[Step 1934] Action: 0
[Step 1948] Action: 2
[Step 1962] Action: 2
[Step 1972] Action: 0
[Step 1986] Action: 3
[Step 2000] Action: 0
[Step 2014] Action: 3
[Step 2028] Action: 0
[Step 2042] Action: 2
[Step 2056] Action: 1
[Step 2070] Action: 2
[Step 2084] Action: 0
[Step 2098] Action: 3
[Step 2112] Action: 2
[Step 2126] Action: 0
[Step 2140] Action: 2
[Step 2154] Action: 0
[Step 2168] Action: 2
[Step 2182] Action: 1
[Step 2196] Action: 3
[Step 2210] Action: 1
[Step 2224] Action: 0
[Step 2238] Action: 2
[Step 2252] Action: 0
[Step 2266] Action: 0
[Step 2276] Action: 3
[Step 2290] Action: 1
[Step 2304] Action: 1
[Step 2314] Action: 1
[Step 2324] Action: 1
[Step 2334] Action: 0
[Step 2348] Action: 1
[Step 2362] Action: 2
[Step 2376] Action: 3
[Step 2390] Action: 0
[Step 2404] Action: 2
[Step 2418] Action: 0
[Step 2432] Action: 3
[Step 2446] Action: 2
[Step 2460] Action: 1
[Step 2474] Action: 0
[Step 2488] Action: 3
[Step 2502] Action: 3
[Step 2512] Action: 1
[Step 2526] Action: 0
[Step 2540] Action: 1
[Step 2554] Action: 0
[Step 2568] Action: 0
[Step 2578] Action: 1
[Step 2592] Action: 0
[Step 2606] Action: 2
[Step 2620] Action: 1
[Step 2634] Action: 1
[Step 2644] Action: 0
[Step 2658] Action: 1
[Step 2672] Action: 3
[Step 2686] Action: 0
[Step 2700] Action: 2
[Step 2714] Action: 1
[Step 2728] Action: 1
[Step 2738] Action: 1
[Step 2748] Action: 1
[Step 2758] Action: 2
[Step 2772] Action: 1
[Step 2786] Action: 0
[Step 2800] Action: 0
[Step 2810] Action: 0
[Step 2820] Action: 0
[Step 2830] Action: 0
[Step 2840] Action: 0
[Step 2850] Action: 0
[Step 2860] Action: 0
[Step 2870] Action: 3
[Step 2884] Action: 2
[Step 2898] Action: 0
[Step 2912] Action: 0
[Step 2922] Action: 1
[Step 2936] Action: 1
[Step 2946] Action: 1
[Step 2956] Action: 1
[Step 2966] Action: 0
[Step 2980] Action: 2
[Step 2994] Action: 1
[Step 3008] Action: 0
[Step 3022] Action: 2
[Step 3036] Action: 1
[Step 3050] Action: 1
[Step 3060] Action: 0
[Step 3074] Action: 2
[Step 3088] Action: 1
[Step 3102] Action: 0
[Step 3116] Action: 1
[Step 3130] Action: 2
[Step 3144] Action: 0
[Step 3158] Action: 0
[Step 3168] Action: 2
[Step 3182] Action: 1
[Step 3196] Action: 0
[Step 3210] Action: 1
[Step 3224] Action: 1
[Step 3234] Action: 1
[Step 3244] Action: 1
[Step 3254] Action: 1
[Step 3264] Action: 1
[Step 3274] Action: 1
[Step 3284] Action: 2
[Step 3298] Action: 1
[Step 3312] Action: 1
[Step 3322] Action: 0
[Step 3336] Action: 1
[Step 3350] Action: 1
[Step 3360] Action: 2
[Step 3374] Action: 0
[Step 3388] Action: 2
[Step 3402] Action: 1
[Step 3416] Action: 2
[Step 3430] Action: 1
[Step 3444] Action: 1
[Step 3454] Action: 1
[Step 3464] Action: 0
[Step 3478] Action: 1
[Step 3492] Action: 2
[Step 3506] Action: 1
[Step 3520] Action: 1
[Step 3530] Action: 1
[Step 3540] Action: 1
[Step 3550] Action: 2
[Step 3564] Action: 1
[Step 3578] Action: 1
[Step 3588] Action: 1
[Step 3598] Action: 1
[Step 3608] Action: 1
[Step 3618] Action: 2
[Step 3632] Action: 1
[Step 3646] Action: 1
[Step 3656] Action: 1
[Step 3666] Action: 1
[Step 3676] Action: 1
[Step 3686] Action: 1
[Step 3696] Action: 1
[Step 3706] Action: 1
[Step 3716] Action: 2
[Step 3730] Action: 1
[Step 3744] Action: 1
[Step 3754] Action: 1
[Step 3764] Action: 1
[Step 3774] Action: 1
[Step 3784] Action: 1
[Step 3794] Action: 1
[Step 3804] Action: 1
[Step 3814] Action: 1
[Step 3824] Action: 1
[Step 3834] Action: 1
[Step 3844] Action: 1
[Step 3854] Action: 1
[Step 3864] Action: 0
[Step 3878] Action: 1
[Step 3892] Action: 1
[Step 3902] Action: 1
[Step 3912] Action: 1
[Step 3922] Action: 1
[Step 3932] Action: 1
[Step 3942] Action: 1
[Step 3952] Action: 1
[Step 3962] Action: 1
[Step 3972] Action: 1
[Step 3982] Action: 1
[Step 3992] Action: 1
[Step 4002] Action: 1
[Step 4012] Action: 2
[Step 4026] Action: 1
[Step 4040] Action: 1
[Step 4050] Action: 1
[Step 4060] Action: 1
[Step 4070] Action: 1
[Step 4080] Action: 2
[Step 4094] Action: 1
[Step 4108] Action: 1
[Step 4118] Action: 1
[Step 4128] Action: 1
[Step 4138] Action: 1
[Step 4148] Action: 1
[Step 4158] Action: 1
[Step 4168] Action: 1
[Step 4178] Action: 1
[Step 4188] Action: 1
[Step 4198] Action: 1
[Step 4208] Action: 2
[Step 4222] Action: 1
[Step 4236] Action: 1
[Step 4246] Action: 1
[Step 4256] Action: 1
[Step 4266] Action: 1
[Step 4276] Action: 1
[Step 4286] Action: 1
[Step 4296] Action: 1
[Step 4306] Action: 1
[Step 4316] Action: 2
[Step 4330] Action: 1
[Step 4344] Action: 1
[Step 4354] Action: 1
[Step 4364] Action: 1
[Step 4374] Action: 1
[Step 4384] Action: 1
[Step 4394] Action: 1
[Step 4404] Action: 1
[Step 4414] Action: 1
[Step 4424] Action: 1
[Step 4434] Action: 1
[Step 4444] Action: 1
[Step 4454] Action: 1
[Step 4464] Action: 1
[Step 4474] Action: 1
[Step 4484] Action: 1
[Step 4494] Action: 2
[Step 4508] Action: 1
[Step 4522] Action: 1
[Step 4532] Action: 1
[Step 4542] Action: 1
[Step 4552] Action: 1
[Step 4562] Action: 1
[Step 4572] Action: 1
[Step 4582] Action: 1
[Step 4592] Action: 1
[Step 4602] Action: 1
[Step 4612] Action: 1
[Step 4622] Action: 1
[Step 4632] Action: 2
[Step 4646] Action: 1
[Step 4660] Action: 1
[Step 4670] Action: 1
[Step 4680] Action: 1
[Step 4690] Action: 1
[Step 4700] Action: 1
[Step 4710] Action: 1
[Step 4720] Action: 1
[Step 4730] Action: 1
[Step 4740] Action: 1
[Step 4750] Action: 1
[Step 4760] Action: 2
[Step 4774] Action: 1
[Step 4788] Action: 1
[Step 4798] Action: 1
[Step 4808] Action: 2
[Step 4822] Action: 1
[Step 4836] Action: 1
[Step 4846] Action: 1
[Step 4856] Action: 1
[Step 4866] Action: 1
[Step 4876] Action: 2
[Step 4890] Action: 1
[Step 4904] Action: 1
[Step 4914] Action: 1
[Step 4924] Action: 1
[Step 4934] Action: 1
[Step 4944] Action: 1
[Step 4954] Action: 1
[Step 4964] Action: 1
[Step 4974] Action: 1
[Step 4984] Action: 1
[Step 4994] Action: 1
[Step 5004] Action: 1
[Step 5014] Action: 1
[Step 5024] Action: 1
[Step 5034] Action: 1
[Step 5044] Action: 1
[Step 5054] Action: 1
[Step 5064] Action: 1
[Step 5074] Action: 1
[Step 5084] Action: 1
[Step 5094] Action: 1
[Step 5104] Action: 1
[Step 5114] Action: 1
[Step 5124] Action: 1
[Step 5134] Action: 1
[Step 5144] Action: 1
[Step 5154] Action: 1
[Step 5164] Action: 1
[Step 5174] Action: 1
[Step 5184] Action: 1
[Step 5194] Action: 1
[Step 5204] Action: 1
[Step 5214] Action: 1
[Step 5224] Action: 1
[Step 5234] Action: 1
[Step 5244] Action: 1
[Step 5254] Action: 1
[Step 5264] Action: 1
[Step 5274] Action: 1
[Step 5284] Action: 1
[Step 5294] Action: 1
[Step 5304] Action: 1
[Step 5314] Action: 1
[Step 5324] Action: 1
[Step 5334] Action: 1
[Step 5344] Action: 1
[Step 5354] Action: 1
[Step 5364] Action: 1
[Step 5374] Action: 1
[Step 5384] Action: 1
[Step 5394] Action: 1
