[Step 0] Action: 3
[Step 10] Action: 2
[Step 24] Action: 2
[Step 34] Action: 3
[Step 48] Action: 0
[Step 62] Action: 1
[Step 76] Action: 3
[Step 90] Action: 0
[Step 104] Action: 1
[Step 118] Action: 3
[Step 132] Action: 3
[Step 142] Action: 3
[Step 152] Action: 1
[Step 166] Action: 0
[Step 180] Action: 1
[Step 194] Action: 1
[Step 204] Action: 3
[Step 218] Action: 0
[Step 232] Action: 3
[Step 246] Action: 0
[Step 260] Action: 2
[Step 274] Action: 0
[Step 288] Action: 0
[Step 298] Action: 2
[Step 312] Action: 0
[Step 326] Action: 0
[Step 336] Action: 0
[Step 346] Action: 0
[Step 356] Action: 1
[Step 370] Action: 1
[Step 380] Action: 0
[Step 394] Action: 3
[Step 408] Action: 0
[Step 422] Action: 2
[Step 436] Action: 3
[Step 450] Action: 1
[Step 464] Action: 3
[Step 478] Action: 0
[Step 492] Action: 2
[Step 506] Action: 2
[Step 516] Action: 0
[Step 530] Action: 2
[Step 544] Action: 1
[Step 558] Action: 2
[Step 572] Action: 1
[Step 586] Action: 2
[Step 600] Action: 1
[Step 614] Action: 0
[Step 628] Action: 2
[Step 642] Action: 0
[Step 656] Action: 1
[Step 670] Action: 1
[Step 680] Action: 1
[Step 690] Action: 2
[Step 704] Action: 1
[Step 718] Action: 2
[Step 732] Action: 0
[Step 746] Action: 1
[Step 760] Action: 2
[Step 774] Action: 0
[Step 788] Action: 1
[Step 802] Action: 1
[Step 812] Action: 2
[Step 826] Action: 1
[Step 840] Action: 0
[Step 854] Action: 1
[Step 868] Action: 2
[Step 882] Action: 2
[Step 892] Action: 0
[Step 906] Action: 2
[Step 920] Action: 2
[Step 930] Action: 2
[Step 940] Action: 0
[Step 954] Action: 1
[Step 968] Action: 1
[Step 978] Action: 1
[Step 988] Action: 1
[Step 998] Action: 0
[Step 1012] Action: 1
[Step 1026] Action: 0
[Step 1040] Action: 1
[Step 1054] Action: 2
[Step 1068] Action: 2
[Step 1078] Action: 2
[Step 1088] Action: 1
[Step 1102] Action: 0
[Step 1116] Action: 1
[Step 1130] Action: 1
[Step 1140] Action: 1
[Step 1150] Action: 1
[Step 1160] Action: 1
[Step 1170] Action: 2
[Step 1184] Action: 2
[Step 1194] Action: 2
[Step 1204] Action: 1
[Step 1218] Action: 2
[Step 1232] Action: 1
[Step 1246] Action: 1
[Step 1256] Action: 2
[Step 1270] Action: 1
[Step 1284] Action: 2
[Step 1298] Action: 1
[Step 1312] Action: 2
[Step 1326] Action: 1
[Step 1340] Action: 1
[Step 1350] Action: 2
[Step 1364] Action: 1
[Step 1378] Action: 2
[Step 1392] Action: 2
[Step 1402] Action: 1
[Step 1416] Action: 2
[Step 1430] Action: 1
[Step 1444] Action: 1
[Step 1454] Action: 2
[Step 1468] Action: 2
[Step 1478] Action: 2
[Step 1488] Action: 2
[Step 1498] Action: 1
[Step 1512] Action: 2
[Step 1526] Action: 2
[Step 1536] Action: 2
[Step 1546] Action: 1
[Step 1560] Action: 1
[Step 1570] Action: 2
[Step 1584] Action: 2
[Step 1594] Action: 2
[Step 1604] Action: 2
[Step 1614] Action: 2
[Step 1624] Action: 2
[Step 1634] Action: 2
[Step 1644] Action: 1
[Step 1658] Action: 2
[Step 1672] Action: 2
[Step 1682] Action: 2
[Step 1692] Action: 2
[Step 1702] Action: 1
[Step 1716] Action: 2
[Step 1730] Action: 2
[Step 1740] Action: 2
[Step 1750] Action: 2
[Step 1760] Action: 2
[Step 1770] Action: 2
[Step 1780] Action: 1
[Step 1794] Action: 1
[Step 1804] Action: 2
[Step 1818] Action: 2
[Step 1828] Action: 2
[Step 1838] Action: 2
[Step 1848] Action: 2
[Step 1858] Action: 1
[Step 1872] Action: 2
[Step 1886] Action: 1
[Step 1900] Action: 2
[Step 1914] Action: 2
[Step 1924] Action: 2
[Step 1934] Action: 2
[Step 1944] Action: 2
[Step 1954] Action: 2
[Step 1964] Action: 2
[Step 1974] Action: 2
[Step 1984] Action: 2
[Step 1994] Action: 1
[Step 2008] Action: 2
[Step 2022] Action: 1
[Step 2036] Action: 2
[Step 2050] Action: 2
[Step 2060] Action: 2
[Step 2070] Action: 2
[Step 2080] Action: 2
[Step 2090] Action: 2
[Step 2100] Action: 2
[Step 2110] Action: 2
[Step 2120] Action: 2
[Step 2130] Action: 2
[Step 2140] Action: 2
[Step 2150] Action: 2
[Step 2160] Action: 2
[Step 2170] Action: 2
[Step 2180] Action: 2
[Step 2190] Action: 2
[Step 2200] Action: 2
[Step 2210] Action: 2
[Step 2220] Action: 2
[Step 2230] Action: 2
[Step 2240] Action: 2
[Step 2250] Action: 2
[Step 2260] Action: 1
[Step 2274] Action: 2
[Step 2288] Action: 2
[Step 2298] Action: 2
[Step 2308] Action: 2
[Step 2318] Action: 2
[Step 2328] Action: 2
[Step 2338] Action: 2
[Step 2348] Action: 2
[Step 2358] Action: 2
[Step 2368] Action: 2
[Step 2378] Action: 2
[Step 2388] Action: 2
[Step 2398] Action: 2
[Step 2408] Action: 2
[Step 2418] Action: 2
[Step 2428] Action: 2
[Step 2438] Action: 2
[Step 2448] Action: 2
[Step 2458] Action: 2
[Step 2468] Action: 1
[Step 2482] Action: 2
[Step 2496] Action: 2
[Step 2506] Action: 2
[Step 2516] Action: 2
[Step 2526] Action: 2
[Step 2536] Action: 2
[Step 2546] Action: 2
[Step 2556] Action: 2
[Step 2566] Action: 2
[Step 2576] Action: 2
[Step 2586] Action: 2
[Step 2596] Action: 2
[Step 2606] Action: 2
[Step 2616] Action: 2
[Step 2626] Action: 2
[Step 2636] Action: 2
[Step 2646] Action: 2
[Step 2656] Action: 2
[Step 2666] Action: 2
[Step 2676] Action: 2
[Step 2686] Action: 2
[Step 2696] Action: 2
[Step 2706] Action: 2
[Step 2716] Action: 2
[Step 2726] Action: 2
[Step 2736] Action: 2
[Step 2746] Action: 2
[Step 2756] Action: 2
[Step 2766] Action: 2
[Step 2776] Action: 2
[Step 2786] Action: 2
[Step 2796] Action: 2
[Step 2806] Action: 2
[Step 2816] Action: 2
[Step 2826] Action: 2
[Step 2836] Action: 2
[Step 2846] Action: 2
[Step 2856] Action: 2
[Step 2866] Action: 2
[Step 2876] Action: 2
[Step 2886] Action: 2
[Step 2896] Action: 2
[Step 2906] Action: 2
[Step 2916] Action: 2
[Step 2926] Action: 2
[Step 2936] Action: 2
[Step 2946] Action: 2
[Step 2956] Action: 2
[Step 2966] Action: 2
[Step 2976] Action: 2
[Step 2986] Action: 2
[Step 2996] Action: 2
[Step 3006] Action: 2
[Step 3016] Action: 2
[Step 3026] Action: 2
[Step 3036] Action: 2
[Step 3046] Action: 2
[Step 3056] Action: 2
[Step 3066] Action: 2
[Step 3076] Action: 2
[Step 3086] Action: 2
[Step 3096] Action: 2
[Step 3106] Action: 2
[Step 3116] Action: 2
[Step 3126] Action: 2
[Step 3136] Action: 2
[Step 3146] Action: 2
[Step 3156] Action: 2
[Step 3166] Action: 2
[Step 3176] Action: 2
[Step 3186] Action: 2
[Step 3196] Action: 2
[Step 3206] Action: 2
[Step 3216] Action: 2
[Step 3226] Action: 2
[Step 3236] Action: 2
[Step 3246] Action: 2
[Step 3256] Action: 2
[Step 3266] Action: 2
[Step 3276] Action: 2
[Step 3286] Action: 2
[Step 3296] Action: 2
[Step 3306] Action: 2
[Step 3316] Action: 2
[Step 3326] Action: 2
[Step 3336] Action: 2
[Step 3346] Action: 2
[Step 3356] Action: 2
[Step 3366] Action: 2
[Step 3376] Action: 2
[Step 3386] Action: 2
[Step 3396] Action: 2
[Step 3406] Action: 2
[Step 3416] Action: 2
[Step 3426] Action: 2
[Step 3436] Action: 2
[Step 3446] Action: 2
[Step 3456] Action: 2
[Step 3466] Action: 2
[Step 3476] Action: 2
[Step 3486] Action: 2
[Step 3496] Action: 2
[Step 3506] Action: 2
[Step 3516] Action: 2
[Step 3526] Action: 2
[Step 3536] Action: 2
[Step 3546] Action: 2
[Step 3556] Action: 2
[Step 3566] Action: 2
[Step 3576] Action: 2
[Step 3586] Action: 2
[Step 3596] Action: 2
[Step 3606] Action: 2
[Step 3616] Action: 2
[Step 3626] Action: 2
[Step 3636] Action: 2
[Step 3646] Action: 2
[Step 3656] Action: 2
[Step 3666] Action: 2
[Step 3676] Action: 2
[Step 3686] Action: 2
[Step 3696] Action: 2
[Step 3706] Action: 2
[Step 3716] Action: 2
[Step 3726] Action: 2
[Step 3736] Action: 2
[Step 3746] Action: 2
[Step 3756] Action: 2
[Step 3766] Action: 2
[Step 3776] Action: 2
[Step 3786] Action: 2
[Step 3796] Action: 2
[Step 3806] Action: 2
[Step 3816] Action: 2
[Step 3826] Action: 2
[Step 3836] Action: 2
[Step 3846] Action: 2
[Step 3856] Action: 2
[Step 3866] Action: 2
[Step 3876] Action: 2
[Step 3886] Action: 2
[Step 3896] Action: 2
[Step 3906] Action: 2
[Step 3916] Action: 2
[Step 3926] Action: 2
[Step 3936] Action: 2
[Step 3946] Action: 2
[Step 3956] Action: 2
[Step 3966] Action: 2
[Step 3976] Action: 2
[Step 3986] Action: 2
[Step 3996] Action: 2
[Step 4006] Action: 2
[Step 4016] Action: 2
[Step 4026] Action: 2
[Step 4036] Action: 2
[Step 4046] Action: 2
[Step 4056] Action: 2
[Step 4066] Action: 2
[Step 4076] Action: 2
[Step 4086] Action: 2
[Step 4096] Action: 2
[Step 4106] Action: 2
[Step 4116] Action: 2
[Step 4126] Action: 2
[Step 4136] Action: 2
[Step 4146] Action: 2
[Step 4156] Action: 2
[Step 4166] Action: 2
[Step 4176] Action: 2
[Step 4186] Action: 2
[Step 4196] Action: 2
[Step 4206] Action: 2
[Step 4216] Action: 2
[Step 4226] Action: 2
[Step 4236] Action: 2
[Step 4246] Action: 2
[Step 4256] Action: 2
[Step 4266] Action: 2
[Step 4276] Action: 2
[Step 4286] Action: 2
[Step 4296] Action: 2
[Step 4306] Action: 2
[Step 4316] Action: 2
[Step 4326] Action: 2
[Step 4336] Action: 2
[Step 4346] Action: 2
[Step 4356] Action: 2
[Step 4366] Action: 2
[Step 4376] Action: 2
[Step 4386] Action: 2
[Step 4396] Action: 2
[Step 4406] Action: 2
[Step 4416] Action: 2
[Step 4426] Action: 2
[Step 4436] Action: 2
[Step 4446] Action: 2
[Step 4456] Action: 2
[Step 4466] Action: 2
[Step 4476] Action: 2
[Step 4486] Action: 2
[Step 4496] Action: 2
[Step 4506] Action: 2
[Step 4516] Action: 2
[Step 4526] Action: 2
[Step 4536] Action: 2
[Step 4546] Action: 2
[Step 4556] Action: 2
[Step 4566] Action: 2
[Step 4576] Action: 2
[Step 4586] Action: 2
[Step 4596] Action: 2
[Step 4606] Action: 2
[Step 4616] Action: 2
[Step 4626] Action: 2
[Step 4636] Action: 2
[Step 4646] Action: 2
[Step 4656] Action: 2
[Step 4666] Action: 2
[Step 4676] Action: 2
[Step 4686] Action: 2
[Step 4696] Action: 2
[Step 4706] Action: 2
[Step 4716] Action: 2
[Step 4726] Action: 2
[Step 4736] Action: 2
[Step 4746] Action: 2
[Step 4756] Action: 2
[Step 4766] Action: 2
[Step 4776] Action: 2
[Step 4786] Action: 2
[Step 4796] Action: 2
[Step 4806] Action: 2
[Step 4816] Action: 2
[Step 4826] Action: 2
[Step 4836] Action: 2
[Step 4846] Action: 2
[Step 4856] Action: 2
[Step 4866] Action: 2
[Step 4876] Action: 2
[Step 4886] Action: 2
[Step 4896] Action: 2
[Step 4906] Action: 2
[Step 4916] Action: 2
[Step 4926] Action: 2
[Step 4936] Action: 2
[Step 4946] Action: 2
[Step 4956] Action: 2
[Step 4966] Action: 2
[Step 4976] Action: 2
[Step 4986] Action: 2
[Step 4996] Action: 2
[Step 5006] Action: 2
[Step 5016] Action: 2
[Step 5026] Action: 2
[Step 5036] Action: 2
[Step 5046] Action: 2
[Step 5056] Action: 2
[Step 5066] Action: 2
[Step 5076] Action: 2
[Step 5086] Action: 2
[Step 5096] Action: 2
[Step 5106] Action: 2
[Step 5116] Action: 2
[Step 5126] Action: 2
[Step 5136] Action: 2
[Step 5146] Action: 2
[Step 5156] Action: 2
[Step 5166] Action: 2
[Step 5176] Action: 2
[Step 5186] Action: 2
[Step 5196] Action: 2
[Step 5206] Action: 2
[Step 5216] Action: 2
[Step 5226] Action: 2
[Step 5236] Action: 2
[Step 5246] Action: 2
[Step 5256] Action: 2
[Step 5266] Action: 2
[Step 5276] Action: 2
[Step 5286] Action: 2
[Step 5296] Action: 2
[Step 5306] Action: 2
[Step 5316] Action: 2
[Step 5326] Action: 2
[Step 5336] Action: 2
[Step 5346] Action: 2
[Step 5356] Action: 2
[Step 5366] Action: 2
[Step 5376] Action: 2
[Step 5386] Action: 2
[Step 5396] Action: 2
