[Step 0] Action: 1
[Step 10] Action: 1
[Step 20] Action: 0
[Step 34] Action: 3
[Step 48] Action: 3
[Step 58] Action: 0
[Step 72] Action: 3
[Step 86] Action: 0
[Step 100] Action: 3
[Step 114] Action: 3
[Step 124] Action: 0
[Step 138] Action: 2
[Step 152] Action: 3
[Step 166] Action: 1
[Step 180] Action: 1
[Step 190] Action: 0
[Step 204] Action: 3
[Step 218] Action: 0
[Step 232] Action: 2
[Step 246] Action: 2
[Step 256] Action: 1
[Step 270] Action: 1
[Step 280] Action: 1
[Step 290] Action: 2
[Step 304] Action: 1
[Step 318] Action: 2
[Step 332] Action: 1
[Step 346] Action: 2
[Step 360] Action: 1
[Step 374] Action: 0
[Step 388] Action: 3
[Step 402] Action: 1
[Step 416] Action: 1
[Step 426] Action: 1
[Step 436] Action: 1
[Step 446] Action: 1
[Step 456] Action: 2
[Step 470] Action: 2
[Step 480] Action: 1
[Step 494] Action: 1
[Step 504] Action: 2
[Step 518] Action: 1
[Step 532] Action: 2
[Step 546] Action: 1
[Step 560] Action: 2
[Step 574] Action: 2
[Step 584] Action: 2
[Step 594] Action: 1
[Step 608] Action: 1
[Step 618] Action: 1
[Step 628] Action: 2
[Step 642] Action: 0
[Step 656] Action: 1
[Step 670] Action: 1
[Step 680] Action: 1
[Step 690] Action: 1
[Step 700] Action: 1
[Step 710] Action: 1
[Step 720] Action: 0
[Step 734] Action: 2
[Step 748] Action: 1
[Step 762] Action: 0
[Step 776] Action: 2
[Step 790] Action: 1
[Step 804] Action: 1
[Step 814] Action: 1
[Step 824] Action: 1
[Step 834] Action: 1
[Step 844] Action: 3
[Step 858] Action: 1
[Step 872] Action: 1
[Step 882] Action: 0
[Step 896] Action: 2
[Step 910] Action: 0
[Step 924] Action: 1
[Step 938] Action: 2
[Step 952] Action: 2
[Step 962] Action: 1
[Step 976] Action: 1
[Step 986] Action: 2
[Step 1000] Action: 1
[Step 1014] Action: 2
[Step 1028] Action: 1
[Step 1042] Action: 1
[Step 1052] Action: 1
[Step 1062] Action: 1
[Step 1072] Action: 1
[Step 1082] Action: 1
[Step 1092] Action: 1
[Step 1102] Action: 1
[Step 1112] Action: 1
[Step 1122] Action: 1
[Step 1132] Action: 1
[Step 1142] Action: 1
[Step 1152] Action: 1
[Step 1162] Action: 0
[Step 1176] Action: 2
[Step 1190] Action: 2
[Step 1200] Action: 1
[Step 1214] Action: 1
[Step 1224] Action: 1
[Step 1234] Action: 0
[Step 1248] Action: 1
[Step 1262] Action: 1
[Step 1272] Action: 1
[Step 1282] Action: 1
[Step 1292] Action: 1
[Step 1302] Action: 1
[Step 1312] Action: 1
[Step 1322] Action: 1
[Step 1332] Action: 1
[Step 1342] Action: 1
[Step 1352] Action: 1
[Step 1362] Action: 1
[Step 1372] Action: 1
[Step 1382] Action: 1
[Step 1392] Action: 1
[Step 1402] Action: 1
[Step 1412] Action: 1
[Step 1422] Action: 1
[Step 1432] Action: 1
[Step 1442] Action: 1
[Step 1452] Action: 1
[Step 1462] Action: 1
[Step 1472] Action: 1
[Step 1482] Action: 1
[Step 1492] Action: 1
[Step 1502] Action: 1
[Step 1512] Action: 1
[Step 1522] Action: 1
[Step 1532] Action: 1
[Step 1542] Action: 1
[Step 1552] Action: 1
[Step 1562] Action: 1
[Step 1572] Action: 1
[Step 1582] Action: 1
[Step 1592] Action: 1
[Step 1602] Action: 1
[Step 1612] Action: 1
[Step 1622] Action: 1
[Step 1632] Action: 1
[Step 1642] Action: 1
[Step 1652] Action: 1
[Step 1662] Action: 1
[Step 1672] Action: 0
[Step 1686] Action: 1
[Step 1700] Action: 2
[Step 1714] Action: 2
[Step 1724] Action: 1
[Step 1738] Action: 1
[Step 1748] Action: 2
[Step 1762] Action: 1
[Step 1776] Action: 1
[Step 1786] Action: 1
[Step 1796] Action: 1
[Step 1806] Action: 1
[Step 1816] Action: 1
[Step 1826] Action: 1
[Step 1836] Action: 1
[Step 1846] Action: 0
[Step 1860] Action: 1
[Step 1874] Action: 1
[Step 1884] Action: 1
[Step 1894] Action: 1
[Step 1904] Action: 1
[Step 1914] Action: 0
[Step 1928] Action: 0
[Step 1938] Action: 0
[Step 1948] Action: 2
[Step 1962] Action: 0
[Step 1976] Action: 1
[Step 1990] Action: 1
[Step 2000] Action: 1
[Step 2010] Action: 2
[Step 2024] Action: 1
[Step 2038] Action: 3
[Step 2052] Action: 2
[Step 2066] Action: 1
[Step 2080] Action: 2
[Step 2094] Action: 1
[Step 2108] Action: 1
[Step 2118] Action: 2
[Step 2132] Action: 2
[Step 2142] Action: 1
[Step 2156] Action: 1
[Step 2166] Action: 2
[Step 2180] Action: 1
[Step 2194] Action: 1
[Step 2204] Action: 1
[Step 2214] Action: 2
[Step 2228] Action: 1
[Step 2242] Action: 1
[Step 2252] Action: 1
[Step 2262] Action: 1
[Step 2272] Action: 1
[Step 2282] Action: 1
[Step 2292] Action: 1
[Step 2302] Action: 1
[Step 2312] Action: 1
[Step 2322] Action: 1
[Step 2332] Action: 1
[Step 2342] Action: 2
[Step 2356] Action: 1
[Step 2370] Action: 1
[Step 2380] Action: 1
[Step 2390] Action: 1
[Step 2400] Action: 1
[Step 2410] Action: 3
[Step 2424] Action: 1
[Step 2438] Action: 3
[Step 2452] Action: 1
[Step 2466] Action: 1
[Step 2476] Action: 1
[Step 2486] Action: 1
[Step 2496] Action: 1
[Step 2506] Action: 1
[Step 2516] Action: 2
[Step 2530] Action: 0
[Step 2544] Action: 1
[Step 2558] Action: 0
[Step 2572] Action: 0
[Step 2582] Action: 1
[Step 2596] Action: 1
[Step 2606] Action: 1
[Step 2616] Action: 1
[Step 2626] Action: 1
[Step 2636] Action: 2
[Step 2650] Action: 3
[Step 2664] Action: 3
[Step 2674] Action: 0
[Step 2688] Action: 2
[Step 2702] Action: 0
[Step 2716] Action: 3
[Step 2730] Action: 1
[Step 2744] Action: 1
[Step 2754] Action: 1
[Step 2764] Action: 1
[Step 2774] Action: 1
[Step 2784] Action: 1
[Step 2794] Action: 1
[Step 2804] Action: 2
[Step 2818] Action: 1
[Step 2832] Action: 2
[Step 2846] Action: 1
[Step 2860] Action: 0
[Step 2874] Action: 0
[Step 2884] Action: 1
[Step 2898] Action: 2
[Step 2912] Action: 2
[Step 2922] Action: 1
[Step 2936] Action: 0
[Step 2950] Action: 0
[Step 2960] Action: 2
[Step 2974] Action: 1
[Step 2988] Action: 1
[Step 2998] Action: 1
[Step 3008] Action: 1
[Step 3018] Action: 0
[Step 3032] Action: 1
[Step 3046] Action: 0
[Step 3060] Action: 1
[Step 3074] Action: 0
[Step 3088] Action: 1
[Step 3102] Action: 1
[Step 3112] Action: 0
[Step 3126] Action: 2
[Step 3140] Action: 2
[Step 3150] Action: 1
[Step 3164] Action: 2
[Step 3178] Action: 3
[Step 3192] Action: 1
[Step 3206] Action: 1
[Step 3216] Action: 1
[Step 3226] Action: 0
[Step 3240] Action: 2
[Step 3254] Action: 3
[Step 3268] Action: 2
[Step 3282] Action: 1
[Step 3296] Action: 2
[Step 3310] Action: 0
[Step 3324] Action: 2
[Step 3338] Action: 2
[Step 3348] Action: 1
[Step 3362] Action: 0
[Step 3376] Action: 3
[Step 3390] Action: 2
[Step 3404] Action: 1
[Step 3418] Action: 2
[Step 3432] Action: 1
[Step 3446] Action: 0
[Step 3460] Action: 0
[Step 3470] Action: 0
[Step 3480] Action: 0
[Step 3490] Action: 3
[Step 3504] Action: 0
[Step 3518] Action: 1
[Step 3532] Action: 0
[Step 3546] Action: 0
[Step 3556] Action: 0
[Step 3566] Action: 1
[Step 3580] Action: 0
[Step 3594] Action: 1
[Step 3608] Action: 0
[Step 3622] Action: 2
[Step 3636] Action: 2
[Step 3646] Action: 0
[Step 3660] Action: 1
[Step 3674] Action: 2
[Step 3688] Action: 0
[Step 3702] Action: 1
[Step 3716] Action: 0
[Step 3730] Action: 2
[Step 3744] Action: 1
[Step 3758] Action: 3
[Step 3772] Action: 2
[Step 3786] Action: 3
[Step 3800] Action: 1
[Step 3814] Action: 1
[Step 3824] Action: 0
[Step 3838] Action: 0
[Step 3848] Action: 0
[Step 3858] Action: 0
[Step 3868] Action: 0
[Step 3878] Action: 1
[Step 3892] Action: 2
[Step 3906] Action: 3
[Step 3920] Action: 3
[Step 3930] Action: 3
[Step 3940] Action: 1
[Step 3954] Action: 0
[Step 3968] Action: 3
[Step 3982] Action: 1
[Step 3996] Action: 0
[Step 4010] Action: 2
[Step 4024] Action: 0
[Step 4038] Action: 1
[Step 4052] Action: 1
[Step 4062] Action: 0
[Step 4076] Action: 0
[Step 4086] Action: 1
[Step 4100] Action: 3
[Step 4114] Action: 3
[Step 4124] Action: 1
[Step 4138] Action: 1
[Step 4148] Action: 0
[Step 4162] Action: 3
[Step 4176] Action: 1
[Step 4190] Action: 2
[Step 4204] Action: 3
[Step 4218] Action: 2
[Step 4232] Action: 0
[Step 4246] Action: 3
[Step 4260] Action: 3
[Step 4270] Action: 1
[Step 4284] Action: 2
[Step 4298] Action: 3
[Step 4312] Action: 0
[Step 4326] Action: 0
[Step 4336] Action: 0
[Step 4346] Action: 1
[Step 4360] Action: 1
[Step 4370] Action: 1
[Step 4380] Action: 0
[Step 4394] Action: 0
[Step 4404] Action: 1
[Step 4418] Action: 3
[Step 4432] Action: 1
[Step 4446] Action: 0
[Step 4460] Action: 3
[Step 4474] Action: 0
[Step 4488] Action: 0
[Step 4498] Action: 1
[Step 4512] Action: 0
[Step 4526] Action: 1
[Step 4540] Action: 2
[Step 4554] Action: 0
[Step 4568] Action: 2
[Step 4582] Action: 1
[Step 4596] Action: 0
[Step 4610] Action: 1
[Step 4624] Action: 2
[Step 4638] Action: 2
[Step 4648] Action: 0
[Step 4662] Action: 1
[Step 4676] Action: 0
[Step 4690] Action: 2
[Step 4704] Action: 0
[Step 4718] Action: 3
[Step 4732] Action: 1
[Step 4746] Action: 0
[Step 4760] Action: 2
[Step 4774] Action: 3
[Step 4788] Action: 2
[Step 4802] Action: 0
[Step 4816] Action: 0
[Step 4826] Action: 0
[Step 4836] Action: 3
[Step 4850] Action: 3
[Step 4860] Action: 3
[Step 4870] Action: 1
[Step 4884] Action: 0
[Step 4898] Action: 1
[Step 4912] Action: 3
[Step 4926] Action: 2
[Step 4940] Action: 2
[Step 4950] Action: 3
[Step 4964] Action: 0
[Step 4978] Action: 3
[Step 4992] Action: 1
[Step 5006] Action: 1
[Step 5016] Action: 3
[Step 5030] Action: 2
[Step 5044] Action: 0
[Step 5058] Action: 1
[Step 5072] Action: 1
[Step 5082] Action: 1
[Step 5092] Action: 3
[Step 5106] Action: 0
[Step 5120] Action: 3
[Step 5134] Action: 0
[Step 5148] Action: 1
[Step 5162] Action: 1
[Step 5172] Action: 1
[Step 5182] Action: 0
[Step 5196] Action: 0
[Step 5206] Action: 3
[Step 5220] Action: 0
[Step 5234] Action: 1
[Step 5248] Action: 1
[Step 5258] Action: 1
[Step 5268] Action: 0
[Step 5282] Action: 3
[Step 5296] Action: 1
[Step 5310] Action: 0
[Step 5324] Action: 0
[Step 5334] Action: 1
[Step 5348] Action: 0
[Step 5362] Action: 2
[Step 5376] Action: 1
[Step 5390] Action: 1
