[Step 0] Action: 1
[Step 10] Action: 0
[Step 24] Action: 0
[Step 34] Action: 0
[Step 44] Action: 0
[Step 54] Action: 0
[Step 64] Action: 0
[Step 74] Action: 2
[Step 88] Action: 3
[Step 102] Action: 2
[Step 116] Action: 3
[Step 130] Action: 3
[Step 140] Action: 2
[Step 154] Action: 0
[Step 168] Action: 0
[Step 178] Action: 0
[Step 188] Action: 0
[Step 198] Action: 0
[Step 208] Action: 0
[Step 218] Action: 0
[Step 228] Action: 0
[Step 238] Action: 3
[Step 252] Action: 2
[Step 266] Action: 1
[Step 280] Action: 0
[Step 294] Action: 1
[Step 308] Action: 0
[Step 322] Action: 0
[Step 332] Action: 0
[Step 342] Action: 2
[Step 356] Action: 0
[Step 370] Action: 2
[Step 384] Action: 0
[Step 398] Action: 0
[Step 408] Action: 0
[Step 418] Action: 0
[Step 428] Action: 3
[Step 442] Action: 0
[Step 456] Action: 3
[Step 470] Action: 0
[Step 484] Action: 0
[Step 494] Action: 1
[Step 508] Action: 0
[Step 522] Action: 0
[Step 532] Action: 0
[Step 542] Action: 2
[Step 556] Action: 0
[Step 570] Action: 2
[Step 584] Action: 2
[Step 594] Action: 1
[Step 608] Action: 0
[Step 622] Action: 0
[Step 632] Action: 0
[Step 642] Action: 0
[Step 652] Action: 0
[Step 662] Action: 0
[Step 672] Action: 0
[Step 682] Action: 0
[Step 692] Action: 2
[Step 706] Action: 2
[Step 716] Action: 2
[Step 726] Action: 3
[Step 740] Action: 0
[Step 754] Action: 0
[Step 764] Action: 0
[Step 774] Action: 0
[Step 784] Action: 0
[Step 794] Action: 1
[Step 808] Action: 3
[Step 822] Action: 0
[Step 836] Action: 0
[Step 846] Action: 0
[Step 856] Action: 2
[Step 870] Action: 0
[Step 884] Action: 0
[Step 894] Action: 2
[Step 908] Action: 3
[Step 922] Action: 0
[Step 936] Action: 0
[Step 946] Action: 2
[Step 960] Action: 2
[Step 970] Action: 3
[Step 984] Action: 1
[Step 998] Action: 2
[Step 1012] Action: 0
[Step 1026] Action: 0
[Step 1036] Action: 0
[Step 1046] Action: 3
[Step 1060] Action: 0
[Step 1074] Action: 0
[Step 1084] Action: 1
[Step 1098] Action: 0
[Step 1112] Action: 0
[Step 1122] Action: 2
[Step 1136] Action: 1
[Step 1150] Action: 0
[Step 1164] Action: 2
[Step 1178] Action: 2
[Step 1188] Action: 2
[Step 1198] Action: 2
[Step 1208] Action: 2
[Step 1218] Action: 2
[Step 1228] Action: 2
[Step 1238] Action: 0
[Step 1252] Action: 0
[Step 1262] Action: 1
[Step 1276] Action: 0
[Step 1290] Action: 0
[Step 1300] Action: 0
[Step 1310] Action: 0
[Step 1320] Action: 0
[Step 1330] Action: 2
[Step 1344] Action: 1
[Step 1358] Action: 1
[Step 1368] Action: 0
[Step 1382] Action: 0
[Step 1392] Action: 0
[Step 1402] Action: 1
[Step 1416] Action: 0
[Step 1430] Action: 1
[Step 1444] Action: 0
[Step 1458] Action: 0
[Step 1468] Action: 0
[Step 1478] Action: 0
[Step 1488] Action: 3
[Step 1502] Action: 3
[Step 1512] Action: 0
[Step 1526] Action: 0
[Step 1536] Action: 2
[Step 1550] Action: 2
[Step 1560] Action: 3
[Step 1574] Action: 0
[Step 1588] Action: 1
[Step 1602] Action: 0
[Step 1616] Action: 2
[Step 1630] Action: 3
[Step 1644] Action: 0
[Step 1658] Action: 0
[Step 1668] Action: 0
[Step 1678] Action: 3
[Step 1692] Action: 0
[Step 1706] Action: 0
[Step 1716] Action: 0
[Step 1726] Action: 0
[Step 1736] Action: 0
[Step 1746] Action: 2
[Step 1760] Action: 1
[Step 1774] Action: 1
[Step 1784] Action: 0
[Step 1798] Action: 1
[Step 1812] Action: 2
[Step 1826] Action: 0
[Step 1840] Action: 0
[Step 1850] Action: 3
[Step 1864] Action: 2
[Step 1878] Action: 0
[Step 1892] Action: 0
[Step 1902] Action: 0
[Step 1912] Action: 0
[Step 1922] Action: 2
[Step 1936] Action: 0
[Step 1950] Action: 3
[Step 1964] Action: 0
[Step 1978] Action: 0
[Step 1988] Action: 0
[Step 1998] Action: 0
[Step 2008] Action: 2
[Step 2022] Action: 1
[Step 2036] Action: 0
[Step 2050] Action: 0
[Step 2060] Action: 2
[Step 2074] Action: 2
[Step 2084] Action: 2
[Step 2094] Action: 2
[Step 2104] Action: 2
[Step 2114] Action: 2
[Step 2124] Action: 1
[Step 2138] Action: 2
[Step 2152] Action: 3
[Step 2166] Action: 0
[Step 2180] Action: 3
[Step 2194] Action: 0
[Step 2208] Action: 3
[Step 2222] Action: 1
[Step 2236] Action: 0
[Step 2250] Action: 2
[Step 2264] Action: 0
[Step 2278] Action: 0
[Step 2288] Action: 0
[Step 2298] Action: 1
[Step 2312] Action: 3
[Step 2326] Action: 0
[Step 2340] Action: 0
[Step 2350] Action: 0
[Step 2360] Action: 3
[Step 2374] Action: 0
[Step 2388] Action: 0
[Step 2398] Action: 0
[Step 2408] Action: 0
[Step 2418] Action: 2
[Step 2432] Action: 2
[Step 2442] Action: 2
[Step 2452] Action: 2
[Step 2462] Action: 2
[Step 2472] Action: 2
[Step 2482] Action: 1
[Step 2496] Action: 0
[Step 2510] Action: 1
[Step 2524] Action: 1
[Step 2534] Action: 2
[Step 2548] Action: 0
[Step 2562] Action: 0
[Step 2572] Action: 1
[Step 2586] Action: 1
[Step 2596] Action: 1
[Step 2606] Action: 0
[Step 2620] Action: 0
[Step 2630] Action: 2
[Step 2644] Action: 3
[Step 2658] Action: 0
[Step 2672] Action: 0
[Step 2682] Action: 0
[Step 2692] Action: 0
[Step 2702] Action: 0
[Step 2712] Action: 0
[Step 2722] Action: 0
[Step 2732] Action: 1
[Step 2746] Action: 0
[Step 2760] Action: 0
[Step 2770] Action: 0
[Step 2780] Action: 1
[Step 2794] Action: 0
[Step 2808] Action: 0
[Step 2818] Action: 3
[Step 2832] Action: 0
[Step 2846] Action: 1
[Step 2860] Action: 0
[Step 2874] Action: 1
[Step 2888] Action: 2
[Step 2902] Action: 0
[Step 2916] Action: 0
[Step 2926] Action: 2
[Step 2940] Action: 2
[Step 2950] Action: 1
[Step 2964] Action: 0
[Step 2978] Action: 0
[Step 2988] Action: 3
[Step 3002] Action: 0
[Step 3016] Action: 0
[Step 3026] Action: 0
[Step 3036] Action: 0
[Step 3046] Action: 0
[Step 3056] Action: 0
[Step 3066] Action: 0
[Step 3076] Action: 0
[Step 3086] Action: 2
[Step 3100] Action: 2
[Step 3110] Action: 3
[Step 3124] Action: 0
[Step 3138] Action: 2
[Step 3152] Action: 0
[Step 3166] Action: 0
[Step 3176] Action: 0
[Step 3186] Action: 0
[Step 3196] Action: 2
[Step 3210] Action: 2
[Step 3220] Action: 2
[Step 3230] Action: 2
[Step 3240] Action: 3
[Step 3254] Action: 3
[Step 3264] Action: 0
[Step 3278] Action: 0
[Step 3288] Action: 0
[Step 3298] Action: 0
[Step 3308] Action: 3
[Step 3322] Action: 2
[Step 3336] Action: 0
[Step 3350] Action: 2
[Step 3364] Action: 0
[Step 3378] Action: 0
[Step 3388] Action: 0
[Step 3398] Action: 0
[Step 3408] Action: 0
[Step 3418] Action: 0
[Step 3428] Action: 3
[Step 3442] Action: 3
[Step 3452] Action: 0
[Step 3466] Action: 1
[Step 3480] Action: 3
[Step 3494] Action: 0
[Step 3508] Action: 0
[Step 3518] Action: 0
[Step 3528] Action: 0
[Step 3538] Action: 0
[Step 3548] Action: 0
[Step 3558] Action: 0
[Step 3568] Action: 0
[Step 3578] Action: 0
[Step 3588] Action: 0
[Step 3598] Action: 0
[Step 3608] Action: 0
[Step 3618] Action: 0
[Step 3628] Action: 0
[Step 3638] Action: 1
[Step 3652] Action: 0
[Step 3666] Action: 0
[Step 3676] Action: 1
[Step 3690] Action: 0
[Step 3704] Action: 2
[Step 3718] Action: 0
[Step 3732] Action: 3
[Step 3746] Action: 1
[Step 3760] Action: 0
[Step 3774] Action: 0
[Step 3784] Action: 0
[Step 3794] Action: 2
[Step 3808] Action: 2
[Step 3818] Action: 1
[Step 3832] Action: 0
[Step 3846] Action: 1
[Step 3860] Action: 0
[Step 3874] Action: 3
[Step 3888] Action: 0
[Step 3902] Action: 0
[Step 3912] Action: 0
[Step 3922] Action: 0
[Step 3932] Action: 1
[Step 3946] Action: 0
[Step 3960] Action: 0
[Step 3970] Action: 0
[Step 3980] Action: 0
[Step 3990] Action: 0
[Step 4000] Action: 0
[Step 4010] Action: 0
[Step 4020] Action: 1
[Step 4034] Action: 3
[Step 4048] Action: 0
[Step 4062] Action: 1
[Step 4076] Action: 0
[Step 4090] Action: 0
[Step 4100] Action: 1
[Step 4114] Action: 2
[Step 4128] Action: 0
[Step 4142] Action: 0
[Step 4152] Action: 0
[Step 4162] Action: 0
[Step 4172] Action: 0
[Step 4182] Action: 0
[Step 4192] Action: 3
[Step 4206] Action: 0
[Step 4220] Action: 0
[Step 4230] Action: 0
[Step 4240] Action: 0
[Step 4250] Action: 3
[Step 4264] Action: 0
[Step 4278] Action: 2
[Step 4292] Action: 1
[Step 4306] Action: 1
[Step 4316] Action: 0
[Step 4330] Action: 0
[Step 4340] Action: 0
[Step 4350] Action: 0
[Step 4360] Action: 0
[Step 4370] Action: 3
[Step 4384] Action: 2
[Step 4398] Action: 0
[Step 4412] Action: 0
[Step 4422] Action: 0
[Step 4432] Action: 0
[Step 4442] Action: 0
[Step 4452] Action: 0
[Step 4462] Action: 0
[Step 4472] Action: 0
[Step 4482] Action: 0
[Step 4492] Action: 0
[Step 4502] Action: 0
[Step 4512] Action: 0
[Step 4522] Action: 0
[Step 4532] Action: 0
[Step 4542] Action: 3
[Step 4556] Action: 0
[Step 4570] Action: 0
[Step 4580] Action: 0
[Step 4590] Action: 0
[Step 4600] Action: 1
[Step 4614] Action: 0
[Step 4628] Action: 3
[Step 4642] Action: 0
[Step 4656] Action: 0
[Step 4666] Action: 0
[Step 4676] Action: 3
[Step 4690] Action: 0
[Step 4704] Action: 1
[Step 4718] Action: 0
[Step 4732] Action: 0
[Step 4742] Action: 3
[Step 4756] Action: 0
[Step 4770] Action: 0
[Step 4780] Action: 1
[Step 4794] Action: 0
[Step 4808] Action: 0
[Step 4818] Action: 0
[Step 4828] Action: 0
[Step 4838] Action: 0
[Step 4848] Action: 0
[Step 4858] Action: 3
[Step 4872] Action: 0
[Step 4886] Action: 0
[Step 4896] Action: 0
[Step 4906] Action: 3
[Step 4920] Action: 0
[Step 4934] Action: 0
[Step 4944] Action: 0
[Step 4954] Action: 0
[Step 4964] Action: 0
[Step 4974] Action: 1
[Step 4988] Action: 2
[Step 5002] Action: 0
[Step 5016] Action: 0
[Step 5026] Action: 0
[Step 5036] Action: 0
[Step 5046] Action: 2
[Step 5060] Action: 0
[Step 5074] Action: 3
[Step 5088] Action: 0
[Step 5102] Action: 0
[Step 5112] Action: 0
[Step 5122] Action: 0
[Step 5132] Action: 0
[Step 5142] Action: 0
[Step 5152] Action: 0
[Step 5162] Action: 0
[Step 5172] Action: 0
[Step 5182] Action: 0
[Step 5192] Action: 0
[Step 5202] Action: 0
[Step 5212] Action: 3
[Step 5226] Action: 3
[Step 5236] Action: 0
[Step 5250] Action: 3
[Step 5264] Action: 0
[Step 5278] Action: 1
[Step 5292] Action: 0
[Step 5306] Action: 0
[Step 5316] Action: 2
[Step 5330] Action: 2
[Step 5340] Action: 3
[Step 5354] Action: 0
[Step 5368] Action: 0
[Step 5378] Action: 3
[Step 5392] Action: 2
