[Step 0] Action: 3
[Step 10] Action: 1
[Step 24] Action: 0
[Step 38] Action: 0
[Step 48] Action: 2
[Step 62] Action: 0
[Step 76] Action: 3
[Step 90] Action: 2
[Step 104] Action: 0
[Step 118] Action: 0
[Step 128] Action: 3
[Step 142] Action: 0
[Step 156] Action: 3
[Step 170] Action: 0
[Step 184] Action: 0
[Step 194] Action: 3
[Step 208] Action: 2
[Step 222] Action: 1
[Step 236] Action: 1
[Step 246] Action: 0
[Step 260] Action: 1
[Step 274] Action: 1
[Step 284] Action: 1
[Step 294] Action: 1
[Step 304] Action: 1
[Step 314] Action: 0
[Step 328] Action: 2
[Step 342] Action: 1
[Step 356] Action: 1
[Step 366] Action: 1
[Step 376] Action: 1
[Step 386] Action: 0
[Step 400] Action: 1
[Step 414] Action: 0
[Step 428] Action: 3
[Step 442] Action: 1
[Step 456] Action: 2
[Step 470] Action: 1
[Step 484] Action: 1
[Step 494] Action: 1
[Step 504] Action: 1
[Step 514] Action: 1
[Step 524] Action: 1
[Step 534] Action: 1
[Step 544] Action: 1
[Step 554] Action: 1
[Step 564] Action: 1
[Step 574] Action: 1
[Step 584] Action: 1
[Step 594] Action: 2
[Step 608] Action: 1
[Step 622] Action: 1
[Step 632] Action: 2
[Step 646] Action: 1
[Step 660] Action: 2
[Step 674] Action: 1
[Step 688] Action: 1
[Step 698] Action: 1
[Step 708] Action: 1
[Step 718] Action: 1
[Step 728] Action: 1
[Step 738] Action: 1
[Step 748] Action: 1
[Step 758] Action: 1
[Step 768] Action: 1
[Step 778] Action: 1
[Step 788] Action: 1
[Step 798] Action: 1
[Step 808] Action: 1
[Step 818] Action: 1
[Step 828] Action: 1
[Step 838] Action: 1
[Step 848] Action: 1
[Step 858] Action: 1
[Step 868] Action: 1
[Step 878] Action: 1
[Step 888] Action: 1
[Step 898] Action: 1
[Step 908] Action: 1
[Step 918] Action: 1
[Step 928] Action: 1
[Step 938] Action: 2
[Step 952] Action: 1
[Step 966] Action: 1
[Step 976] Action: 1
[Step 986] Action: 1
[Step 996] Action: 1
[Step 1006] Action: 1
[Step 1016] Action: 1
[Step 1026] Action: 0
[Step 1040] Action: 1
[Step 1054] Action: 1
[Step 1064] Action: 1
[Step 1074] Action: 1
[Step 1084] Action: 1
[Step 1094] Action: 1
[Step 1104] Action: 1
[Step 1114] Action: 1
[Step 1124] Action: 1
[Step 1134] Action: 1
[Step 1144] Action: 1
[Step 1154] Action: 1
[Step 1164] Action: 1
[Step 1174] Action: 1
[Step 1184] Action: 1
[Step 1194] Action: 1
[Step 1204] Action: 1
[Step 1214] Action: 1
[Step 1224] Action: 1
[Step 1234] Action: 0
[Step 1248] Action: 1
[Step 1262] Action: 1
[Step 1272] Action: 1
[Step 1282] Action: 1
[Step 1292] Action: 1
[Step 1302] Action: 1
[Step 1312] Action: 1
[Step 1322] Action: 1
[Step 1332] Action: 1
[Step 1342] Action: 1
[Step 1352] Action: 1
[Step 1362] Action: 1
[Step 1372] Action: 1
[Step 1382] Action: 1
[Step 1392] Action: 1
[Step 1402] Action: 1
[Step 1412] Action: 1
[Step 1422] Action: 1
[Step 1432] Action: 1
[Step 1442] Action: 1
[Step 1452] Action: 1
[Step 1462] Action: 1
[Step 1472] Action: 1
[Step 1482] Action: 1
[Step 1492] Action: 0
[Step 1506] Action: 1
[Step 1520] Action: 1
[Step 1530] Action: 1
[Step 1540] Action: 1
[Step 1550] Action: 1
[Step 1560] Action: 1
[Step 1570] Action: 1
[Step 1580] Action: 1
[Step 1590] Action: 1
[Step 1600] Action: 1
[Step 1610] Action: 1
[Step 1620] Action: 1
[Step 1630] Action: 1
[Step 1640] Action: 1
[Step 1650] Action: 1
[Step 1660] Action: 1
[Step 1670] Action: 1
[Step 1680] Action: 1
[Step 1690] Action: 1
[Step 1700] Action: 1
[Step 1710] Action: 1
[Step 1720] Action: 1
[Step 1730] Action: 1
[Step 1740] Action: 1
[Step 1750] Action: 1
[Step 1760] Action: 1
[Step 1770] Action: 1
[Step 1780] Action: 1
[Step 1790] Action: 1
[Step 1800] Action: 1
[Step 1810] Action: 1
[Step 1820] Action: 1
[Step 1830] Action: 1
[Step 1840] Action: 1
[Step 1850] Action: 1
[Step 1860] Action: 1
[Step 1870] Action: 1
[Step 1880] Action: 1
[Step 1890] Action: 1
[Step 1900] Action: 1
[Step 1910] Action: 1
[Step 1920] Action: 0
[Step 1934] Action: 1
[Step 1948] Action: 1
[Step 1958] Action: 1
[Step 1968] Action: 1
[Step 1978] Action: 2
[Step 1992] Action: 0
[Step 2006] Action: 1
[Step 2020] Action: 1
[Step 2030] Action: 1
[Step 2040] Action: 1
[Step 2050] Action: 1
[Step 2060] Action: 0
[Step 2074] Action: 1
[Step 2088] Action: 3
[Step 2102] Action: 0
[Step 2116] Action: 1
[Step 2130] Action: 1
[Step 2140] Action: 1
[Step 2150] Action: 1
[Step 2160] Action: 1
[Step 2170] Action: 1
[Step 2180] Action: 1
[Step 2190] Action: 2
[Step 2204] Action: 1
[Step 2218] Action: 2
[Step 2232] Action: 2
[Step 2242] Action: 0
[Step 2256] Action: 0
[Step 2266] Action: 2
[Step 2280] Action: 1
[Step 2294] Action: 0
[Step 2308] Action: 0
[Step 2318] Action: 1
[Step 2332] Action: 1
[Step 2342] Action: 0
[Step 2356] Action: 2
[Step 2370] Action: 0
[Step 2384] Action: 1
[Step 2398] Action: 1
[Step 2408] Action: 1
[Step 2418] Action: 1
[Step 2428] Action: 1
[Step 2438] Action: 3
[Step 2452] Action: 1
[Step 2466] Action: 3
[Step 2480] Action: 0
[Step 2494] Action: 1
[Step 2508] Action: 2
[Step 2522] Action: 0
[Step 2536] Action: 1
[Step 2550] Action: 0
[Step 2564] Action: 0
[Step 2574] Action: 1
[Step 2588] Action: 0
[Step 2602] Action: 3
[Step 2616] Action: 1
[Step 2630] Action: 0
[Step 2644] Action: 3
[Step 2658] Action: 1
[Step 2672] Action: 0
[Step 2686] Action: 0
[Step 2696] Action: 1
[Step 2710] Action: 0
[Step 2724] Action: 0
[Step 2734] Action: 1
[Step 2748] Action: 1
[Step 2758] Action: 0
[Step 2772] Action: 2
[Step 2786] Action: 1
[Step 2800] Action: 2
[Step 2814] Action: 2
[Step 2824] Action: 1
[Step 2838] Action: 1
[Step 2848] Action: 0
[Step 2862] Action: 3
[Step 2876] Action: 2
[Step 2890] Action: 0
[Step 2904] Action: 2
[Step 2918] Action: 0
[Step 2932] Action: 1
[Step 2946] Action: 1
[Step 2956] Action: 3
[Step 2970] Action: 1
[Step 2984] Action: 3
[Step 2998] Action: 3
[Step 3008] Action: 2
[Step 3022] Action: 0
[Step 3036] Action: 2
[Step 3050] Action: 2
[Step 3060] Action: 1
[Step 3074] Action: 3
[Step 3088] Action: 0
[Step 3102] Action: 1
[Step 3116] Action: 0
[Step 3130] Action: 3
[Step 3144] Action: 3
[Step 3154] Action: 1
[Step 3168] Action: 3
[Step 3182] Action: 3
[Step 3192] Action: 0
[Step 3206] Action: 2
[Step 3220] Action: 1
[Step 3234] Action: 0
[Step 3248] Action: 3
[Step 3262] Action: 1
[Step 3276] Action: 2
[Step 3290] Action: 1
[Step 3304] Action: 1
[Step 3314] Action: 0
[Step 3328] Action: 1
[Step 3342] Action: 3
[Step 3356] Action: 1
[Step 3370] Action: 1
[Step 3380] Action: 0
[Step 3394] Action: 1
[Step 3408] Action: 0
[Step 3422] Action: 0
[Step 3432] Action: 1
[Step 3446] Action: 0
[Step 3460] Action: 1
[Step 3474] Action: 0
[Step 3488] Action: 3
[Step 3502] Action: 1
[Step 3516] Action: 1
[Step 3526] Action: 2
[Step 3540] Action: 0
[Step 3554] Action: 3
[Step 3568] Action: 3
[Step 3578] Action: 3
[Step 3588] Action: 0
[Step 3602] Action: 1
[Step 3616] Action: 3
[Step 3630] Action: 0
[Step 3644] Action: 0
[Step 3654] Action: 0
[Step 3664] Action: 2
[Step 3678] Action: 2
[Step 3688] Action: 1
[Step 3702] Action: 2
[Step 3716] Action: 0
[Step 3730] Action: 3
[Step 3744] Action: 3
[Step 3754] Action: 0
[Step 3768] Action: 3
[Step 3782] Action: 0
[Step 3796] Action: 2
[Step 3810] Action: 1
[Step 3824] Action: 3
[Step 3838] Action: 0
[Step 3852] Action: 0
[Step 3862] Action: 0
[Step 3872] Action: 1
[Step 3886] Action: 1
[Step 3896] Action: 3
[Step 3910] Action: 2
[Step 3924] Action: 2
[Step 3934] Action: 0
[Step 3948] Action: 0
[Step 3958] Action: 0
[Step 3968] Action: 2
[Step 3982] Action: 0
[Step 3996] Action: 3
[Step 4010] Action: 2
[Step 4024] Action: 3
[Step 4038] Action: 0
[Step 4052] Action: 3
[Step 4066] Action: 2
[Step 4080] Action: 0
[Step 4094] Action: 2
[Step 4108] Action: 0
[Step 4122] Action: 0
[Step 4132] Action: 0
[Step 4142] Action: 3
[Step 4156] Action: 3
[Step 4166] Action: 3
[Step 4176] Action: 3
[Step 4186] Action: 3
[Step 4196] Action: 2
[Step 4210] Action: 3
[Step 4224] Action: 3
[Step 4234] Action: 2
[Step 4248] Action: 2
[Step 4258] Action: 0
[Step 4272] Action: 1
[Step 4286] Action: 0
[Step 4300] Action: 3
[Step 4314] Action: 3
[Step 4324] Action: 3
[Step 4334] Action: 3
[Step 4344] Action: 1
[Step 4358] Action: 0
[Step 4372] Action: 1
[Step 4386] Action: 1
[Step 4396] Action: 0
[Step 4410] Action: 0
[Step 4420] Action: 2
[Step 4434] Action: 1
[Step 4448] Action: 1
[Step 4458] Action: 2
[Step 4472] Action: 2
[Step 4482] Action: 3
[Step 4496] Action: 2
[Step 4510] Action: 3
[Step 4524] Action: 3
[Step 4534] Action: 3
[Step 4544] Action: 1
[Step 4558] Action: 3
[Step 4572] Action: 3
[Step 4582] Action: 1
[Step 4596] Action: 2
[Step 4610] Action: 1
[Step 4624] Action: 1
[Step 4634] Action: 1
[Step 4644] Action: 1
[Step 4654] Action: 0
[Step 4668] Action: 1
[Step 4682] Action: 3
[Step 4696] Action: 0
[Step 4710] Action: 2
[Step 4724] Action: 2
[Step 4734] Action: 1
[Step 4748] Action: 2
[Step 4762] Action: 0
[Step 4776] Action: 1
[Step 4790] Action: 3
[Step 4804] Action: 1
[Step 4818] Action: 1
[Step 4828] Action: 0
[Step 4842] Action: 1
[Step 4856] Action: 3
[Step 4870] Action: 2
[Step 4884] Action: 1
[Step 4898] Action: 2
[Step 4912] Action: 1
[Step 4926] Action: 1
[Step 4936] Action: 1
[Step 4946] Action: 0
[Step 4960] Action: 0
[Step 4970] Action: 3
[Step 4984] Action: 2
[Step 4998] Action: 0
[Step 5012] Action: 2
[Step 5026] Action: 3
[Step 5040] Action: 3
[Step 5050] Action: 2
[Step 5064] Action: 1
[Step 5078] Action: 3
[Step 5092] Action: 3
[Step 5102] Action: 2
[Step 5116] Action: 1
[Step 5130] Action: 0
[Step 5144] Action: 1
[Step 5158] Action: 1
[Step 5168] Action: 0
[Step 5182] Action: 1
[Step 5196] Action: 3
[Step 5210] Action: 1
[Step 5224] Action: 3
[Step 5238] Action: 3
[Step 5248] Action: 3
[Step 5258] Action: 1
[Step 5272] Action: 2
[Step 5286] Action: 2
[Step 5296] Action: 2
[Step 5306] Action: 0
[Step 5320] Action: 3
[Step 5334] Action: 3
[Step 5344] Action: 3
[Step 5354] Action: 0
[Step 5368] Action: 0
[Step 5378] Action: 2
[Step 5392] Action: 1
