[Step 0] Action: 1
[Step 10] Action: 2
[Step 24] Action: 2
[Step 34] Action: 0
[Step 48] Action: 1
[Step 62] Action: 1
[Step 72] Action: 1
[Step 82] Action: 3
[Step 96] Action: 1
[Step 110] Action: 1
[Step 120] Action: 0
[Step 134] Action: 0
[Step 144] Action: 0
[Step 154] Action: 0
[Step 164] Action: 1
[Step 178] Action: 3
[Step 192] Action: 3
[Step 202] Action: 2
[Step 216] Action: 3
[Step 230] Action: 0
[Step 244] Action: 2
[Step 258] Action: 0
[Step 272] Action: 2
[Step 286] Action: 0
[Step 300] Action: 3
[Step 314] Action: 3
[Step 324] Action: 0
[Step 338] Action: 0
[Step 348] Action: 3
[Step 362] Action: 0
[Step 376] Action: 2
[Step 390] Action: 3
[Step 404] Action: 2
[Step 418] Action: 1
[Step 432] Action: 0
[Step 446] Action: 1
[Step 460] Action: 0
[Step 474] Action: 1
[Step 488] Action: 0
[Step 502] Action: 2
[Step 516] Action: 1
[Step 530] Action: 2
[Step 544] Action: 2
[Step 554] Action: 0
[Step 568] Action: 1
[Step 582] Action: 1
[Step 592] Action: 1
[Step 602] Action: 1
[Step 612] Action: 1
[Step 622] Action: 2
[Step 636] Action: 2
[Step 646] Action: 2
[Step 656] Action: 1
[Step 670] Action: 1
[Step 680] Action: 1
[Step 690] Action: 1
[Step 700] Action: 1
[Step 710] Action: 1
[Step 720] Action: 1
[Step 730] Action: 0
[Step 744] Action: 2
[Step 758] Action: 1
[Step 772] Action: 2
[Step 786] Action: 1
[Step 800] Action: 2
[Step 814] Action: 1
[Step 828] Action: 2
[Step 842] Action: 0
[Step 856] Action: 2
[Step 870] Action: 3
[Step 884] Action: 2
[Step 898] Action: 2
[Step 908] Action: 1
[Step 922] Action: 0
[Step 936] Action: 1
[Step 950] Action: 3
[Step 964] Action: 1
[Step 978] Action: 1
[Step 988] Action: 1
[Step 998] Action: 1
[Step 1008] Action: 1
[Step 1018] Action: 1
[Step 1028] Action: 2
[Step 1042] Action: 1
[Step 1056] Action: 1
[Step 1066] Action: 1
[Step 1076] Action: 1
[Step 1086] Action: 0
[Step 1100] Action: 1
[Step 1114] Action: 1
[Step 1124] Action: 1
[Step 1134] Action: 1
[Step 1144] Action: 1
[Step 1154] Action: 0
[Step 1168] Action: 1
[Step 1182] Action: 0
[Step 1196] Action: 1
[Step 1210] Action: 1
[Step 1220] Action: 1
[Step 1230] Action: 1
[Step 1240] Action: 1
[Step 1250] Action: 1
[Step 1260] Action: 0
[Step 1274] Action: 1
[Step 1288] Action: 1
[Step 1298] Action: 1
[Step 1308] Action: 1
[Step 1318] Action: 1
[Step 1328] Action: 1
[Step 1338] Action: 2
[Step 1352] Action: 1
[Step 1366] Action: 1
[Step 1376] Action: 1
[Step 1386] Action: 1
[Step 1396] Action: 1
[Step 1406] Action: 1
[Step 1416] Action: 1
[Step 1426] Action: 1
[Step 1436] Action: 1
[Step 1446] Action: 1
[Step 1456] Action: 1
[Step 1466] Action: 1
[Step 1476] Action: 1
[Step 1486] Action: 1
[Step 1496] Action: 1
[Step 1506] Action: 0
[Step 1520] Action: 3
[Step 1534] Action: 0
[Step 1548] Action: 3
[Step 1562] Action: 1
[Step 1576] Action: 1
[Step 1586] Action: 1
[Step 1596] Action: 1
[Step 1606] Action: 1
[Step 1616] Action: 1
[Step 1626] Action: 1
[Step 1636] Action: 1
[Step 1646] Action: 3
[Step 1660] Action: 1
[Step 1674] Action: 1
[Step 1684] Action: 1
[Step 1694] Action: 1
[Step 1704] Action: 1
[Step 1714] Action: 2
[Step 1728] Action: 0
[Step 1742] Action: 1
[Step 1756] Action: 2
[Step 1770] Action: 1
[Step 1784] Action: 1
[Step 1794] Action: 1
[Step 1804] Action: 3
[Step 1818] Action: 1
[Step 1832] Action: 1
[Step 1842] Action: 1
[Step 1852] Action: 1
[Step 1862] Action: 1
[Step 1872] Action: 1
[Step 1882] Action: 1
[Step 1892] Action: 1
[Step 1902] Action: 1
[Step 1912] Action: 1
[Step 1922] Action: 1
[Step 1932] Action: 1
[Step 1942] Action: 1
[Step 1952] Action: 1
[Step 1962] Action: 1
[Step 1972] Action: 1
[Step 1982] Action: 1
[Step 1992] Action: 0
[Step 2006] Action: 1
[Step 2020] Action: 1
[Step 2030] Action: 0
[Step 2044] Action: 1
[Step 2058] Action: 1
[Step 2068] Action: 1
[Step 2078] Action: 1
[Step 2088] Action: 1
[Step 2098] Action: 1
[Step 2108] Action: 1
[Step 2118] Action: 3
[Step 2132] Action: 0
[Step 2146] Action: 1
[Step 2160] Action: 0
[Step 2174] Action: 1
[Step 2188] Action: 1
[Step 2198] Action: 1
[Step 2208] Action: 1
[Step 2218] Action: 1
[Step 2228] Action: 0
[Step 2242] Action: 1
[Step 2256] Action: 1
[Step 2266] Action: 1
[Step 2276] Action: 1
[Step 2286] Action: 1
[Step 2296] Action: 1
[Step 2306] Action: 1
[Step 2316] Action: 2
[Step 2330] Action: 1
[Step 2344] Action: 3
[Step 2358] Action: 1
[Step 2372] Action: 1
[Step 2382] Action: 1
[Step 2392] Action: 1
[Step 2402] Action: 0
[Step 2416] Action: 0
[Step 2426] Action: 1
[Step 2440] Action: 3
[Step 2454] Action: 1
[Step 2468] Action: 1
[Step 2478] Action: 1
[Step 2488] Action: 1
[Step 2498] Action: 2
[Step 2512] Action: 1
[Step 2526] Action: 0
[Step 2540] Action: 0
[Step 2550] Action: 1
[Step 2564] Action: 1
[Step 2574] Action: 1
[Step 2584] Action: 1
[Step 2594] Action: 1
[Step 2604] Action: 0
[Step 2618] Action: 0
[Step 2628] Action: 0
[Step 2638] Action: 1
[Step 2652] Action: 1
[Step 2662] Action: 1
[Step 2672] Action: 1
[Step 2682] Action: 1
[Step 2692] Action: 0
[Step 2706] Action: 1
[Step 2720] Action: 1
[Step 2730] Action: 1
[Step 2740] Action: 0
[Step 2754] Action: 3
[Step 2768] Action: 2
[Step 2782] Action: 1
[Step 2796] Action: 0
[Step 2810] Action: 0
[Step 2820] Action: 1
[Step 2834] Action: 1
[Step 2844] Action: 1
[Step 2854] Action: 1
[Step 2864] Action: 1
[Step 2874] Action: 3
[Step 2888] Action: 2
[Step 2902] Action: 1
[Step 2916] Action: 3
[Step 2930] Action: 2
[Step 2944] Action: 1
[Step 2958] Action: 1
[Step 2968] Action: 2
[Step 2982] Action: 1
[Step 2996] Action: 1
[Step 3006] Action: 2
[Step 3020] Action: 3
[Step 3034] Action: 0
[Step 3048] Action: 0
[Step 3058] Action: 2
[Step 3072] Action: 2
[Step 3082] Action: 1
[Step 3096] Action: 1
[Step 3106] Action: 0
[Step 3120] Action: 0
[Step 3130] Action: 2
[Step 3144] Action: 0
[Step 3158] Action: 2
[Step 3172] Action: 1
[Step 3186] Action: 1
[Step 3196] Action: 1
[Step 3206] Action: 2
[Step 3220] Action: 0
[Step 3234] Action: 0
[Step 3244] Action: 3
[Step 3258] Action: 1
[Step 3272] Action: 1
[Step 3282] Action: 2
[Step 3296] Action: 1
[Step 3310] Action: 1
[Step 3320] Action: 1
[Step 3330] Action: 3
[Step 3344] Action: 1
[Step 3358] Action: 3
[Step 3372] Action: 0
[Step 3386] Action: 3
[Step 3400] Action: 1
[Step 3414] Action: 1
[Step 3424] Action: 1
[Step 3434] Action: 0
[Step 3448] Action: 0
[Step 3458] Action: 2
[Step 3472] Action: 1
[Step 3486] Action: 0
[Step 3500] Action: 0
[Step 3510] Action: 2
[Step 3524] Action: 0
[Step 3538] Action: 3
[Step 3552] Action: 2
[Step 3566] Action: 0
[Step 3580] Action: 1
[Step 3594] Action: 2
[Step 3608] Action: 2
[Step 3618] Action: 2
[Step 3628] Action: 1
[Step 3642] Action: 1
[Step 3652] Action: 3
[Step 3666] Action: 0
[Step 3680] Action: 0
[Step 3690] Action: 1
[Step 3704] Action: 0
[Step 3718] Action: 0
[Step 3728] Action: 0
[Step 3738] Action: 1
[Step 3752] Action: 3
[Step 3766] Action: 1
[Step 3780] Action: 1
[Step 3790] Action: 3
[Step 3804] Action: 1
[Step 3818] Action: 2
[Step 3832] Action: 3
[Step 3846] Action: 0
[Step 3860] Action: 1
[Step 3874] Action: 3
[Step 3888] Action: 2
[Step 3902] Action: 1
[Step 3916] Action: 0
[Step 3930] Action: 3
[Step 3944] Action: 0
[Step 3958] Action: 0
[Step 3968] Action: 1
[Step 3982] Action: 0
[Step 3996] Action: 3
[Step 4010] Action: 1
[Step 4024] Action: 0
[Step 4038] Action: 1
[Step 4052] Action: 0
[Step 4066] Action: 0
[Step 4076] Action: 1
[Step 4090] Action: 1
[Step 4100] Action: 3
[Step 4114] Action: 0
[Step 4128] Action: 2
[Step 4142] Action: 2
[Step 4152] Action: 1
[Step 4166] Action: 3
[Step 4180] Action: 1
[Step 4194] Action: 1
[Step 4204] Action: 2
[Step 4218] Action: 0
[Step 4232] Action: 0
[Step 4242] Action: 2
[Step 4256] Action: 0
[Step 4270] Action: 1
[Step 4284] Action: 0
[Step 4298] Action: 3
[Step 4312] Action: 1
[Step 4326] Action: 0
[Step 4340] Action: 0
[Step 4350] Action: 1
[Step 4364] Action: 1
[Step 4374] Action: 0
[Step 4388] Action: 0
[Step 4398] Action: 2
[Step 4412] Action: 0
[Step 4426] Action: 0
[Step 4436] Action: 1
[Step 4450] Action: 2
[Step 4464] Action: 3
[Step 4478] Action: 0
[Step 4492] Action: 0
[Step 4502] Action: 0
[Step 4512] Action: 1
[Step 4526] Action: 3
[Step 4540] Action: 0
[Step 4554] Action: 1
[Step 4568] Action: 0
[Step 4582] Action: 1
[Step 4596] Action: 0
[Step 4610] Action: 3
[Step 4624] Action: 3
[Step 4634] Action: 0
[Step 4648] Action: 0
[Step 4658] Action: 3
[Step 4672] Action: 3
[Step 4682] Action: 3
[Step 4692] Action: 0
[Step 4706] Action: 1
[Step 4720] Action: 2
[Step 4734] Action: 0
[Step 4748] Action: 0
[Step 4758] Action: 1
[Step 4772] Action: 1
[Step 4782] Action: 3
[Step 4796] Action: 2
[Step 4810] Action: 0
[Step 4824] Action: 3
[Step 4838] Action: 1
[Step 4852] Action: 3
[Step 4866] Action: 1
[Step 4880] Action: 1
[Step 4890] Action: 0
[Step 4904] Action: 0
[Step 4914] Action: 0
[Step 4924] Action: 0
[Step 4934] Action: 1
[Step 4948] Action: 0
[Step 4962] Action: 1
[Step 4976] Action: 0
[Step 4990] Action: 0
[Step 5000] Action: 0
[Step 5010] Action: 1
[Step 5024] Action: 3
[Step 5038] Action: 0
[Step 5052] Action: 0
[Step 5062] Action: 1
[Step 5076] Action: 1
[Step 5086] Action: 0
[Step 5100] Action: 2
[Step 5114] Action: 1
[Step 5128] Action: 2
[Step 5142] Action: 1
[Step 5156] Action: 3
[Step 5170] Action: 3
[Step 5180] Action: 1
[Step 5194] Action: 1
[Step 5204] Action: 3
[Step 5218] Action: 3
[Step 5228] Action: 3
[Step 5238] Action: 3
[Step 5248] Action: 3
[Step 5258] Action: 1
[Step 5272] Action: 1
[Step 5282] Action: 0
[Step 5296] Action: 1
[Step 5310] Action: 1
[Step 5320] Action: 1
[Step 5330] Action: 1
[Step 5340] Action: 0
[Step 5354] Action: 3
[Step 5368] Action: 0
[Step 5382] Action: 1
[Step 5396] Action: 1
