[Step 0] Action: 2
[Step 10] Action: 0
[Step 24] Action: 2
[Step 38] Action: 3
[Step 52] Action: 0
[Step 66] Action: 1
[Step 80] Action: 1
[Step 90] Action: 3
[Step 104] Action: 1
[Step 118] Action: 1
[Step 128] Action: 2
[Step 142] Action: 0
[Step 156] Action: 1
[Step 170] Action: 0
[Step 184] Action: 3
[Step 198] Action: 2
[Step 212] Action: 2
[Step 222] Action: 1
[Step 236] Action: 3
[Step 250] Action: 1
[Step 264] Action: 0
[Step 278] Action: 1
[Step 292] Action: 3
[Step 306] Action: 1
[Step 320] Action: 1
[Step 330] Action: 1
[Step 340] Action: 3
[Step 354] Action: 1
[Step 368] Action: 0
[Step 382] Action: 2
[Step 396] Action: 0
[Step 410] Action: 0
[Step 420] Action: 2
[Step 434] Action: 0
[Step 448] Action: 1
[Step 462] Action: 2
[Step 476] Action: 1
[Step 490] Action: 1
[Step 500] Action: 3
[Step 514] Action: 2
[Step 528] Action: 1
[Step 542] Action: 1
[Step 552] Action: 1
[Step 562] Action: 1
[Step 572] Action: 1
[Step 582] Action: 1
[Step 592] Action: 3
[Step 606] Action: 3
[Step 616] Action: 1
[Step 630] Action: 0
[Step 644] Action: 0
[Step 654] Action: 1
[Step 668] Action: 1
[Step 678] Action: 2
[Step 692] Action: 2
[Step 702] Action: 1
[Step 716] Action: 3
[Step 730] Action: 2
[Step 744] Action: 2
[Step 754] Action: 0
[Step 768] Action: 3
[Step 782] Action: 1
[Step 796] Action: 2
[Step 810] Action: 2
[Step 820] Action: 1
[Step 834] Action: 0
[Step 848] Action: 2
[Step 862] Action: 2
[Step 872] Action: 1
[Step 886] Action: 1
[Step 896] Action: 2
[Step 910] Action: 0
[Step 924] Action: 2
[Step 938] Action: 1
[Step 952] Action: 2
[Step 966] Action: 1
[Step 980] Action: 1
[Step 990] Action: 2
[Step 1004] Action: 2
[Step 1014] Action: 2
[Step 1024] Action: 2
[Step 1034] Action: 1
[Step 1048] Action: 2
[Step 1062] Action: 2
[Step 1072] Action: 1
[Step 1086] Action: 0
[Step 1100] Action: 1
[Step 1114] Action: 2
[Step 1128] Action: 1
[Step 1142] Action: 2
[Step 1156] Action: 2
[Step 1166] Action: 1
[Step 1180] Action: 2
[Step 1194] Action: 2
[Step 1204] Action: 0
[Step 1218] Action: 3
[Step 1232] Action: 2
[Step 1246] Action: 1
[Step 1260] Action: 2
[Step 1274] Action: 1
[Step 1288] Action: 2
[Step 1302] Action: 2
[Step 1312] Action: 2
[Step 1322] Action: 2
[Step 1332] Action: 1
[Step 1346] Action: 1
[Step 1356] Action: 1
[Step 1366] Action: 0
[Step 1380] Action: 1
[Step 1394] Action: 1
[Step 1404] Action: 1
[Step 1414] Action: 2
[Step 1428] Action: 2
[Step 1438] Action: 0
[Step 1452] Action: 1
[Step 1466] Action: 0
[Step 1480] Action: 0
[Step 1490] Action: 2
[Step 1504] Action: 1
[Step 1518] Action: 2
[Step 1532] Action: 2
[Step 1542] Action: 1
[Step 1556] Action: 0
[Step 1570] Action: 2
[Step 1584] Action: 2
[Step 1594] Action: 2
[Step 1604] Action: 2
[Step 1614] Action: 2
[Step 1624] Action: 1
[Step 1638] Action: 0
[Step 1652] Action: 0
[Step 1662] Action: 1
[Step 1676] Action: 2
[Step 1690] Action: 2
[Step 1700] Action: 2
[Step 1710] Action: 2
[Step 1720] Action: 1
[Step 1734] Action: 2
[Step 1748] Action: 2
[Step 1758] Action: 0
[Step 1772] Action: 2
[Step 1786] Action: 1
[Step 1800] Action: 2
[Step 1814] Action: 2
[Step 1824] Action: 2
[Step 1834] Action: 0
[Step 1848] Action: 2
[Step 1862] Action: 2
[Step 1872] Action: 2
[Step 1882] Action: 2
[Step 1892] Action: 2
[Step 1902] Action: 2
[Step 1912] Action: 0
[Step 1926] Action: 1
[Step 1940] Action: 2
[Step 1954] Action: 1
[Step 1968] Action: 2
[Step 1982] Action: 1
[Step 1996] Action: 2
[Step 2010] Action: 1
[Step 2024] Action: 1
[Step 2034] Action: 1
[Step 2044] Action: 1
[Step 2054] Action: 2
[Step 2068] Action: 3
[Step 2082] Action: 2
[Step 2096] Action: 1
[Step 2110] Action: 2
[Step 2124] Action: 0
[Step 2138] Action: 1
[Step 2152] Action: 0
[Step 2166] Action: 0
[Step 2176] Action: 1
[Step 2190] Action: 0
[Step 2204] Action: 1
[Step 2218] Action: 1
[Step 2228] Action: 1
[Step 2238] Action: 1
[Step 2248] Action: 1
[Step 2258] Action: 3
[Step 2272] Action: 1
[Step 2286] Action: 3
[Step 2300] Action: 0
[Step 2314] Action: 0
[Step 2324] Action: 1
[Step 2338] Action: 3
[Step 2352] Action: 2
[Step 2366] Action: 2
[Step 2376] Action: 1
[Step 2390] Action: 1
[Step 2400] Action: 2
[Step 2414] Action: 1
[Step 2428] Action: 2
[Step 2442] Action: 2
[Step 2452] Action: 2
[Step 2462] Action: 2
[Step 2472] Action: 1
[Step 2486] Action: 0
[Step 2500] Action: 1
[Step 2514] Action: 2
[Step 2528] Action: 2
[Step 2538] Action: 2
[Step 2548] Action: 2
[Step 2558] Action: 2
[Step 2568] Action: 2
[Step 2578] Action: 2
[Step 2588] Action: 1
[Step 2602] Action: 3
[Step 2616] Action: 1
[Step 2630] Action: 2
[Step 2644] Action: 2
[Step 2654] Action: 0
[Step 2668] Action: 2
[Step 2682] Action: 3
[Step 2696] Action: 1
[Step 2710] Action: 1
[Step 2720] Action: 1
[Step 2730] Action: 3
[Step 2744] Action: 1
[Step 2758] Action: 1
[Step 2768] Action: 1
[Step 2778] Action: 2
[Step 2792] Action: 2
[Step 2802] Action: 2
[Step 2812] Action: 0
[Step 2826] Action: 1
[Step 2840] Action: 0
[Step 2854] Action: 0
[Step 2864] Action: 1
[Step 2878] Action: 1
[Step 2888] Action: 1
[Step 2898] Action: 2
[Step 2912] Action: 1
[Step 2926] Action: 3
[Step 2940] Action: 0
[Step 2954] Action: 2
[Step 2968] Action: 3
[Step 2982] Action: 2
[Step 2996] Action: 1
[Step 3010] Action: 0
[Step 3024] Action: 2
[Step 3038] Action: 2
[Step 3048] Action: 2
[Step 3058] Action: 2
[Step 3068] Action: 2
[Step 3078] Action: 1
[Step 3092] Action: 0
[Step 3106] Action: 0
[Step 3116] Action: 1
[Step 3130] Action: 0
[Step 3144] Action: 0
[Step 3154] Action: 3
[Step 3168] Action: 1
[Step 3182] Action: 0
[Step 3196] Action: 2
[Step 3210] Action: 2
[Step 3220] Action: 2
[Step 3230] Action: 1
[Step 3244] Action: 1
[Step 3254] Action: 0
[Step 3268] Action: 2
[Step 3282] Action: 1
[Step 3296] Action: 0
[Step 3310] Action: 1
[Step 3324] Action: 1
[Step 3334] Action: 2
[Step 3348] Action: 2
[Step 3358] Action: 2
[Step 3368] Action: 1
[Step 3382] Action: 2
[Step 3396] Action: 0
[Step 3410] Action: 2
[Step 3424] Action: 0
[Step 3438] Action: 1
[Step 3452] Action: 1
[Step 3462] Action: 1
[Step 3472] Action: 1
[Step 3482] Action: 0
[Step 3496] Action: 2
[Step 3510] Action: 1
[Step 3524] Action: 1
[Step 3534] Action: 1
[Step 3544] Action: 2
[Step 3558] Action: 2
[Step 3568] Action: 2
[Step 3578] Action: 1
[Step 3592] Action: 0
[Step 3606] Action: 2
[Step 3620] Action: 3
[Step 3634] Action: 0
[Step 3648] Action: 1
[Step 3662] Action: 3
[Step 3676] Action: 1
[Step 3690] Action: 2
[Step 3704] Action: 3
[Step 3718] Action: 3
[Step 3728] Action: 1
[Step 3742] Action: 0
[Step 3756] Action: 2
[Step 3770] Action: 0
[Step 3784] Action: 2
[Step 3798] Action: 1
[Step 3812] Action: 2
[Step 3826] Action: 1
[Step 3840] Action: 2
[Step 3854] Action: 1
[Step 3868] Action: 2
[Step 3882] Action: 3
[Step 3896] Action: 0
[Step 3910] Action: 1
[Step 3924] Action: 2
[Step 3938] Action: 2
[Step 3948] Action: 2
[Step 3958] Action: 1
[Step 3972] Action: 3
[Step 3986] Action: 2
[Step 4000] Action: 1
[Step 4014] Action: 0
[Step 4028] Action: 2
[Step 4042] Action: 2
[Step 4052] Action: 3
[Step 4066] Action: 2
[Step 4080] Action: 3
[Step 4094] Action: 3
[Step 4104] Action: 2
[Step 4118] Action: 1
[Step 4132] Action: 2
[Step 4146] Action: 1
[Step 4160] Action: 3
[Step 4174] Action: 1
[Step 4188] Action: 3
[Step 4202] Action: 0
[Step 4216] Action: 2
[Step 4230] Action: 0
[Step 4244] Action: 2
[Step 4258] Action: 2
[Step 4268] Action: 1
[Step 4282] Action: 1
[Step 4292] Action: 2
[Step 4306] Action: 3
[Step 4320] Action: 2
[Step 4334] Action: 1
[Step 4348] Action: 1
[Step 4358] Action: 3
[Step 4372] Action: 2
[Step 4386] Action: 0
[Step 4400] Action: 0
[Step 4410] Action: 3
[Step 4424] Action: 3
[Step 4434] Action: 0
[Step 4448] Action: 3
[Step 4462] Action: 0
[Step 4476] Action: 2
[Step 4490] Action: 1
[Step 4504] Action: 3
[Step 4518] Action: 2
[Step 4532] Action: 2
[Step 4542] Action: 0
[Step 4556] Action: 1
[Step 4570] Action: 3
[Step 4584] Action: 3
[Step 4594] Action: 1
[Step 4608] Action: 2
[Step 4622] Action: 2
[Step 4632] Action: 1
[Step 4646] Action: 1
[Step 4656] Action: 2
[Step 4670] Action: 2
[Step 4680] Action: 1
[Step 4694] Action: 0
[Step 4708] Action: 2
[Step 4722] Action: 0
[Step 4736] Action: 3
[Step 4750] Action: 3
[Step 4760] Action: 2
[Step 4774] Action: 1
[Step 4788] Action: 1
[Step 4798] Action: 0
[Step 4812] Action: 1
[Step 4826] Action: 2
[Step 4840] Action: 3
[Step 4854] Action: 1
[Step 4868] Action: 0
[Step 4882] Action: 0
[Step 4892] Action: 0
[Step 4902] Action: 2
[Step 4916] Action: 1
[Step 4930] Action: 2
[Step 4944] Action: 0
[Step 4958] Action: 1
[Step 4972] Action: 0
[Step 4986] Action: 1
[Step 5000] Action: 0
[Step 5014] Action: 3
[Step 5028] Action: 2
[Step 5042] Action: 0
[Step 5056] Action: 1
[Step 5070] Action: 2
[Step 5084] Action: 2
[Step 5094] Action: 0
[Step 5108] Action: 2
[Step 5122] Action: 0
[Step 5136] Action: 1
[Step 5150] Action: 2
[Step 5164] Action: 0
[Step 5178] Action: 3
[Step 5192] Action: 1
[Step 5206] Action: 1
[Step 5216] Action: 2
[Step 5230] Action: 0
[Step 5244] Action: 3
[Step 5258] Action: 0
[Step 5272] Action: 2
[Step 5286] Action: 0
[Step 5300] Action: 3
[Step 5314] Action: 3
[Step 5324] Action: 0
[Step 5338] Action: 1
[Step 5352] Action: 0
[Step 5366] Action: 2
[Step 5380] Action: 2
[Step 5390] Action: 1
