[Step 0] Action: 3
[Step 10] Action: 0
[Step 24] Action: 2
[Step 38] Action: 0
[Step 52] Action: 3
[Step 66] Action: 0
[Step 80] Action: 1
[Step 94] Action: 2
[Step 108] Action: 3
[Step 122] Action: 0
[Step 136] Action: 2
[Step 150] Action: 0
[Step 164] Action: 3
[Step 178] Action: 0
[Step 192] Action: 2
[Step 206] Action: 0
[Step 220] Action: 0
[Step 230] Action: 1
[Step 244] Action: 0
[Step 258] Action: 2
[Step 272] Action: 0
[Step 286] Action: 1
[Step 300] Action: 1
[Step 310] Action: 1
[Step 320] Action: 0
[Step 334] Action: 2
[Step 348] Action: 0
[Step 362] Action: 2
[Step 376] Action: 0
[Step 390] Action: 3
[Step 404] Action: 0
[Step 418] Action: 2
[Step 432] Action: 0
[Step 446] Action: 1
[Step 460] Action: 3
[Step 474] Action: 0
[Step 488] Action: 2
[Step 502] Action: 0
[Step 516] Action: 1
[Step 530] Action: 0
[Step 544] Action: 2
[Step 558] Action: 0
[Step 572] Action: 0
[Step 582] Action: 1
[Step 596] Action: 2
[Step 610] Action: 0
[Step 624] Action: 1
[Step 638] Action: 0
[Step 652] Action: 1
[Step 666] Action: 0
[Step 680] Action: 1
[Step 694] Action: 0
[Step 708] Action: 1
[Step 722] Action: 1
[Step 732] Action: 0
[Step 746] Action: 0
[Step 756] Action: 1
[Step 770] Action: 0
[Step 784] Action: 2
[Step 798] Action: 0
[Step 812] Action: 2
[Step 826] Action: 0
[Step 840] Action: 1
[Step 854] Action: 0
[Step 868] Action: 1
[Step 882] Action: 3
[Step 896] Action: 1
[Step 910] Action: 0
[Step 924] Action: 1
[Step 938] Action: 0
[Step 952] Action: 0
[Step 962] Action: 2
[Step 976] Action: 0
[Step 990] Action: 2
[Step 1004] Action: 0
[Step 1018] Action: 2
[Step 1032] Action: 0
[Step 1046] Action: 2
[Step 1060] Action: 0
[Step 1074] Action: 1
[Step 1088] Action: 0
[Step 1102] Action: 1
[Step 1116] Action: 0
[Step 1130] Action: 2
[Step 1144] Action: 0
[Step 1158] Action: 2
[Step 1172] Action: 2
[Step 1182] Action: 0
[Step 1196] Action: 0
[Step 1206] Action: 2
[Step 1220] Action: 0
[Step 1234] Action: 1
[Step 1248] Action: 0
[Step 1262] Action: 2
[Step 1276] Action: 0
[Step 1290] Action: 2
[Step 1304] Action: 0
[Step 1318] Action: 2
[Step 1332] Action: 0
[Step 1346] Action: 1
[Step 1360] Action: 3
[Step 1374] Action: 0
[Step 1388] Action: 1
[Step 1402] Action: 0
[Step 1416] Action: 1
[Step 1430] Action: 0
[Step 1444] Action: 1
[Step 1458] Action: 1
[Step 1468] Action: 0
[Step 1482] Action: 2
[Step 1496] Action: 0
[Step 1510] Action: 0
[Step 1520] Action: 2
[Step 1534] Action: 0
[Step 1548] Action: 1
[Step 1562] Action: 1
[Step 1572] Action: 0
[Step 1586] Action: 1
[Step 1600] Action: 0
[Step 1614] Action: 1
[Step 1628] Action: 0
[Step 1642] Action: 2
[Step 1656] Action: 0
[Step 1670] Action: 1
[Step 1684] Action: 1
[Step 1694] Action: 0
[Step 1708] Action: 0
[Step 1718] Action: 2
[Step 1732] Action: 0
[Step 1746] Action: 1
[Step 1760] Action: 0
[Step 1774] Action: 0
[Step 1784] Action: 2
[Step 1798] Action: 0
[Step 1812] Action: 2
[Step 1826] Action: 0
[Step 1840] Action: 2
[Step 1854] Action: 0
[Step 1868] Action: 2
[Step 1882] Action: 0
[Step 1896] Action: 2
[Step 1910] Action: 0
[Step 1924] Action: 1
[Step 1938] Action: 0
[Step 1952] Action: 2
[Step 1966] Action: 0
[Step 1980] Action: 2
[Step 1994] Action: 0
[Step 2008] Action: 2
[Step 2022] Action: 2
[Step 2032] Action: 0
[Step 2046] Action: 2
[Step 2060] Action: 1
[Step 2074] Action: 0
[Step 2088] Action: 3
[Step 2102] Action: 0
[Step 2116] Action: 0
[Step 2126] Action: 3
[Step 2140] Action: 2
[Step 2154] Action: 0
[Step 2168] Action: 1
[Step 2182] Action: 0
[Step 2196] Action: 1
[Step 2210] Action: 0
[Step 2224] Action: 2
[Step 2238] Action: 0
[Step 2252] Action: 1
[Step 2266] Action: 0
[Step 2280] Action: 1
[Step 2294] Action: 0
[Step 2308] Action: 2
[Step 2322] Action: 0
[Step 2336] Action: 2
[Step 2350] Action: 0
[Step 2364] Action: 0
[Step 2374] Action: 1
[Step 2388] Action: 0
[Step 2402] Action: 2
[Step 2416] Action: 0
[Step 2430] Action: 2
[Step 2444] Action: 0
[Step 2458] Action: 1
[Step 2472] Action: 0
[Step 2486] Action: 1
[Step 2500] Action: 2
[Step 2514] Action: 1
[Step 2528] Action: 0
[Step 2542] Action: 2
[Step 2556] Action: 0
[Step 2570] Action: 2
[Step 2584] Action: 0
[Step 2598] Action: 2
[Step 2612] Action: 1
[Step 2626] Action: 0
[Step 2640] Action: 1
[Step 2654] Action: 3
[Step 2668] Action: 0
[Step 2682] Action: 2
[Step 2696] Action: 0
[Step 2710] Action: 2
[Step 2724] Action: 0
[Step 2738] Action: 3
[Step 2752] Action: 0
[Step 2766] Action: 2
[Step 2780] Action: 0
[Step 2794] Action: 2
[Step 2808] Action: 0
[Step 2822] Action: 2
[Step 2836] Action: 0
[Step 2850] Action: 0
[Step 2860] Action: 1
[Step 2874] Action: 0
[Step 2888] Action: 2
[Step 2902] Action: 3
[Step 2916] Action: 0
[Step 2930] Action: 1
[Step 2944] Action: 0
[Step 2958] Action: 1
[Step 2972] Action: 1
[Step 2982] Action: 0
[Step 2996] Action: 1
[Step 3010] Action: 0
[Step 3024] Action: 2
[Step 3038] Action: 3
[Step 3052] Action: 0
[Step 3066] Action: 2
[Step 3080] Action: 1
[Step 3094] Action: 0
[Step 3108] Action: 2
[Step 3122] Action: 0
[Step 3136] Action: 2
[Step 3150] Action: 0
[Step 3164] Action: 2
[Step 3178] Action: 0
[Step 3192] Action: 2
[Step 3206] Action: 0
[Step 3220] Action: 2
[Step 3234] Action: 3
[Step 3248] Action: 0
[Step 3262] Action: 2
[Step 3276] Action: 0
[Step 3290] Action: 2
[Step 3304] Action: 0
[Step 3318] Action: 1
[Step 3332] Action: 0
[Step 3346] Action: 3
[Step 3360] Action: 0
[Step 3374] Action: 3
[Step 3388] Action: 0
[Step 3402] Action: 2
[Step 3416] Action: 0
[Step 3430] Action: 2
[Step 3444] Action: 2
[Step 3454] Action: 0
[Step 3468] Action: 2
[Step 3482] Action: 0
[Step 3496] Action: 2
[Step 3510] Action: 0
[Step 3524] Action: 2
[Step 3538] Action: 3
[Step 3552] Action: 0
[Step 3566] Action: 2
[Step 3580] Action: 0
[Step 3594] Action: 2
[Step 3608] Action: 0
[Step 3622] Action: 1
[Step 3636] Action: 0
[Step 3650] Action: 2
[Step 3664] Action: 0
[Step 3678] Action: 2
[Step 3692] Action: 0
[Step 3706] Action: 2
[Step 3720] Action: 0
[Step 3734] Action: 2
[Step 3748] Action: 0
[Step 3762] Action: 1
[Step 3776] Action: 0
[Step 3790] Action: 2
[Step 3804] Action: 0
[Step 3818] Action: 1
[Step 3832] Action: 0
[Step 3846] Action: 2
[Step 3860] Action: 0
[Step 3874] Action: 2
[Step 3888] Action: 3
[Step 3902] Action: 0
[Step 3916] Action: 2
[Step 3930] Action: 0
[Step 3944] Action: 2
[Step 3958] Action: 0
[Step 3972] Action: 0
[Step 3982] Action: 2
[Step 3996] Action: 1
[Step 4010] Action: 3
[Step 4024] Action: 0
[Step 4038] Action: 2
[Step 4052] Action: 0
[Step 4066] Action: 2
[Step 4080] Action: 0
[Step 4094] Action: 2
[Step 4108] Action: 0
[Step 4122] Action: 2
[Step 4136] Action: 0
[Step 4150] Action: 2
[Step 4164] Action: 0
[Step 4178] Action: 3
[Step 4192] Action: 0
[Step 4206] Action: 1
[Step 4220] Action: 1
[Step 4230] Action: 0
[Step 4244] Action: 2
[Step 4258] Action: 0
[Step 4272] Action: 2
[Step 4286] Action: 0
[Step 4300] Action: 2
[Step 4314] Action: 0
[Step 4328] Action: 2
[Step 4342] Action: 3
[Step 4356] Action: 0
[Step 4370] Action: 2
[Step 4384] Action: 0
[Step 4398] Action: 2
[Step 4412] Action: 0
[Step 4426] Action: 2
[Step 4440] Action: 0
[Step 4454] Action: 2
[Step 4468] Action: 0
[Step 4482] Action: 1
[Step 4496] Action: 0
[Step 4510] Action: 2
[Step 4524] Action: 0
[Step 4538] Action: 2
[Step 4552] Action: 3
[Step 4566] Action: 0
[Step 4580] Action: 3
[Step 4594] Action: 0
[Step 4608] Action: 1
[Step 4622] Action: 1
[Step 4632] Action: 0
[Step 4646] Action: 2
[Step 4660] Action: 0
[Step 4674] Action: 0
[Step 4684] Action: 1
[Step 4698] Action: 3
[Step 4712] Action: 1
[Step 4726] Action: 0
[Step 4740] Action: 2
[Step 4754] Action: 0
[Step 4768] Action: 2
[Step 4782] Action: 0
[Step 4796] Action: 2
[Step 4810] Action: 0
[Step 4824] Action: 1
[Step 4838] Action: 0
[Step 4852] Action: 2
[Step 4866] Action: 3
[Step 4880] Action: 0
[Step 4894] Action: 3
[Step 4908] Action: 0
[Step 4922] Action: 2
[Step 4936] Action: 0
[Step 4950] Action: 2
[Step 4964] Action: 0
[Step 4978] Action: 2
[Step 4992] Action: 0
[Step 5006] Action: 2
[Step 5020] Action: 0
[Step 5034] Action: 2
[Step 5048] Action: 0
[Step 5062] Action: 2
[Step 5076] Action: 0
[Step 5090] Action: 2
[Step 5104] Action: 2
[Step 5114] Action: 0
[Step 5128] Action: 2
[Step 5142] Action: 1
[Step 5156] Action: 0
[Step 5170] Action: 2
[Step 5184] Action: 0
[Step 5198] Action: 2
[Step 5212] Action: 0
[Step 5226] Action: 2
[Step 5240] Action: 0
[Step 5254] Action: 2
[Step 5268] Action: 0
[Step 5282] Action: 2
[Step 5296] Action: 1
[Step 5310] Action: 0
[Step 5324] Action: 2
[Step 5338] Action: 0
[Step 5352] Action: 2
[Step 5366] Action: 0
[Step 5380] Action: 2
[Step 5394] Action: 2
