[Step 0] Action: 1
[Step 10] Action: 2
[Step 24] Action: 3
[Step 38] Action: 3
[Step 48] Action: 3
[Step 58] Action: 0
[Step 72] Action: 1
[Step 86] Action: 2
[Step 100] Action: 2
[Step 110] Action: 3
[Step 124] Action: 0
[Step 138] Action: 2
[Step 152] Action: 3
[Step 166] Action: 0
[Step 180] Action: 0
[Step 190] Action: 3
[Step 204] Action: 3
[Step 214] Action: 2
[Step 228] Action: 0
[Step 242] Action: 2
[Step 256] Action: 0
[Step 270] Action: 0
[Step 280] Action: 3
[Step 294] Action: 3
[Step 304] Action: 2
[Step 318] Action: 2
[Step 328] Action: 0
[Step 342] Action: 0
[Step 352] Action: 0
[Step 362] Action: 2
[Step 376] Action: 3
[Step 390] Action: 0
[Step 404] Action: 1
[Step 418] Action: 2
[Step 432] Action: 0
[Step 446] Action: 3
[Step 460] Action: 2
[Step 474] Action: 2
[Step 484] Action: 3
[Step 498] Action: 0
[Step 512] Action: 3
[Step 526] Action: 0
[Step 540] Action: 0
[Step 550] Action: 0
[Step 560] Action: 2
[Step 574] Action: 2
[Step 584] Action: 2
[Step 594] Action: 0
[Step 608] Action: 1
[Step 622] Action: 0
[Step 636] Action: 2
[Step 650] Action: 0
[Step 664] Action: 2
[Step 678] Action: 0
[Step 692] Action: 3
[Step 706] Action: 3
[Step 716] Action: 0
[Step 730] Action: 2
[Step 744] Action: 2
[Step 754] Action: 0
[Step 768] Action: 0
[Step 778] Action: 1
[Step 792] Action: 2
[Step 806] Action: 2
[Step 816] Action: 0
[Step 830] Action: 3
[Step 844] Action: 0
[Step 858] Action: 0
[Step 868] Action: 1
[Step 882] Action: 2
[Step 896] Action: 3
[Step 910] Action: 2
[Step 924] Action: 0
[Step 938] Action: 1
[Step 952] Action: 2
[Step 966] Action: 0
[Step 980] Action: 0
[Step 990] Action: 0
[Step 1000] Action: 3
[Step 1014] Action: 2
[Step 1028] Action: 0
[Step 1042] Action: 1
[Step 1056] Action: 3
[Step 1070] Action: 3
[Step 1080] Action: 0
[Step 1094] Action: 1
[Step 1108] Action: 2
[Step 1122] Action: 3
[Step 1136] Action: 3
[Step 1146] Action: 0
[Step 1160] Action: 1
[Step 1174] Action: 2
[Step 1188] Action: 0
[Step 1202] Action: 0
[Step 1212] Action: 0
[Step 1222] Action: 1
[Step 1236] Action: 3
[Step 1250] Action: 0
[Step 1264] Action: 2
[Step 1278] Action: 2
[Step 1288] Action: 0
[Step 1302] Action: 3
[Step 1316] Action: 2
[Step 1330] Action: 3
[Step 1344] Action: 2
[Step 1358] Action: 0
[Step 1372] Action: 3
[Step 1386] Action: 1
[Step 1400] Action: 2
[Step 1414] Action: 3
[Step 1428] Action: 0
[Step 1442] Action: 2
[Step 1456] Action: 3
[Step 1470] Action: 3
[Step 1480] Action: 3
[Step 1490] Action: 2
[Step 1504] Action: 2
[Step 1514] Action: 0
[Step 1528] Action: 0
[Step 1538] Action: 1
[Step 1552] Action: 3
[Step 1566] Action: 0
[Step 1580] Action: 2
[Step 1594] Action: 3
[Step 1608] Action: 1
[Step 1622] Action: 0
[Step 1636] Action: 3
[Step 1650] Action: 3
[Step 1660] Action: 2
[Step 1674] Action: 0
[Step 1688] Action: 2
[Step 1702] Action: 2
[Step 1712] Action: 3
[Step 1726] Action: 0
[Step 1740] Action: 3
[Step 1754] Action: 0
[Step 1768] Action: 1
[Step 1782] Action: 3
[Step 1796] Action: 1
[Step 1810] Action: 2
[Step 1824] Action: 2
[Step 1834] Action: 3
[Step 1848] Action: 0
[Step 1862] Action: 0
[Step 1872] Action: 0
[Step 1882] Action: 1
[Step 1896] Action: 2
[Step 1910] Action: 3
[Step 1924] Action: 2
[Step 1938] Action: 0
[Step 1952] Action: 1
[Step 1966] Action: 0
[Step 1980] Action: 3
[Step 1994] Action: 2
[Step 2008] Action: 0
[Step 2022] Action: 1
[Step 2036] Action: 2
[Step 2050] Action: 3
[Step 2064] Action: 2
[Step 2078] Action: 0
[Step 2092] Action: 3
[Step 2106] Action: 3
[Step 2116] Action: 2
[Step 2130] Action: 2
[Step 2140] Action: 2
[Step 2150] Action: 3
[Step 2164] Action: 0
[Step 2178] Action: 2
[Step 2192] Action: 2
[Step 2202] Action: 2
[Step 2212] Action: 2
[Step 2222] Action: 0
[Step 2236] Action: 0
[Step 2246] Action: 2
[Step 2260] Action: 0
[Step 2274] Action: 3
[Step 2288] Action: 2
[Step 2302] Action: 0
[Step 2316] Action: 1
[Step 2330] Action: 0
[Step 2344] Action: 2
[Step 2358] Action: 0
[Step 2372] Action: 1
[Step 2386] Action: 1
[Step 2396] Action: 2
[Step 2410] Action: 2
[Step 2420] Action: 3
[Step 2434] Action: 3
[Step 2444] Action: 1
[Step 2458] Action: 2
[Step 2472] Action: 0
[Step 2486] Action: 0
[Step 2496] Action: 1
[Step 2510] Action: 1
[Step 2520] Action: 0
[Step 2534] Action: 0
[Step 2544] Action: 2
[Step 2558] Action: 2
[Step 2568] Action: 0
[Step 2582] Action: 3
[Step 2596] Action: 1
[Step 2610] Action: 2
[Step 2624] Action: 0
[Step 2638] Action: 1
[Step 2652] Action: 3
[Step 2666] Action: 2
[Step 2680] Action: 2
[Step 2690] Action: 2
[Step 2700] Action: 2
[Step 2710] Action: 2
[Step 2720] Action: 0
[Step 2734] Action: 1
[Step 2748] Action: 2
[Step 2762] Action: 3
[Step 2776] Action: 2
[Step 2790] Action: 2
[Step 2800] Action: 0
[Step 2814] Action: 0
[Step 2824] Action: 0
[Step 2834] Action: 3
[Step 2848] Action: 3
[Step 2858] Action: 0
[Step 2872] Action: 0
[Step 2882] Action: 0
[Step 2892] Action: 2
[Step 2906] Action: 3
[Step 2920] Action: 2
[Step 2934] Action: 0
[Step 2948] Action: 1
[Step 2962] Action: 2
[Step 2976] Action: 3
[Step 2990] Action: 2
[Step 3004] Action: 2
[Step 3014] Action: 2
[Step 3024] Action: 2
[Step 3034] Action: 0
[Step 3048] Action: 3
[Step 3062] Action: 3
[Step 3072] Action: 2
[Step 3086] Action: 0
[Step 3100] Action: 1
[Step 3114] Action: 0
[Step 3128] Action: 3
[Step 3142] Action: 0
[Step 3156] Action: 1
[Step 3170] Action: 2
[Step 3184] Action: 2
[Step 3194] Action: 3
[Step 3208] Action: 2
[Step 3222] Action: 3
[Step 3236] Action: 1
[Step 3250] Action: 3
[Step 3264] Action: 0
[Step 3278] Action: 1
[Step 3292] Action: 2
[Step 3306] Action: 0
[Step 3320] Action: 1
[Step 3334] Action: 3
[Step 3348] Action: 3
[Step 3358] Action: 0
[Step 3372] Action: 0
[Step 3382] Action: 0
[Step 3392] Action: 0
[Step 3402] Action: 1
[Step 3416] Action: 1
[Step 3426] Action: 0
[Step 3440] Action: 1
[Step 3454] Action: 2
[Step 3468] Action: 1
[Step 3482] Action: 3
[Step 3496] Action: 2
[Step 3510] Action: 3
[Step 3524] Action: 3
[Step 3534] Action: 3
[Step 3544] Action: 3
[Step 3554] Action: 0
[Step 3568] Action: 0
[Step 3578] Action: 0
[Step 3588] Action: 3
[Step 3602] Action: 2
[Step 3616] Action: 0
[Step 3630] Action: 1
[Step 3644] Action: 0
[Step 3658] Action: 1
[Step 3672] Action: 3
[Step 3686] Action: 3
[Step 3696] Action: 2
[Step 3710] Action: 3
[Step 3724] Action: 2
[Step 3738] Action: 2
[Step 3748] Action: 0
[Step 3762] Action: 2
[Step 3776] Action: 2
[Step 3786] Action: 3
[Step 3800] Action: 2
[Step 3814] Action: 3
[Step 3828] Action: 2
[Step 3842] Action: 2
[Step 3852] Action: 3
[Step 3866] Action: 3
[Step 3876] Action: 3
[Step 3886] Action: 1
[Step 3900] Action: 0
[Step 3914] Action: 1
[Step 3928] Action: 0
[Step 3942] Action: 1
[Step 3956] Action: 3
[Step 3970] Action: 3
[Step 3980] Action: 0
[Step 3994] Action: 0
[Step 4004] Action: 1
[Step 4018] Action: 1
[Step 4028] Action: 0
[Step 4042] Action: 1
[Step 4056] Action: 0
[Step 4070] Action: 0
[Step 4080] Action: 1
[Step 4094] Action: 2
[Step 4108] Action: 0
[Step 4122] Action: 2
[Step 4136] Action: 0
[Step 4150] Action: 1
[Step 4164] Action: 0
[Step 4178] Action: 1
[Step 4192] Action: 2
[Step 4206] Action: 2
[Step 4216] Action: 3
[Step 4230] Action: 2
[Step 4244] Action: 3
[Step 4258] Action: 3
[Step 4268] Action: 0
[Step 4282] Action: 2
[Step 4296] Action: 2
[Step 4306] Action: 3
[Step 4320] Action: 0
[Step 4334] Action: 0
[Step 4344] Action: 3
[Step 4358] Action: 3
[Step 4368] Action: 2
[Step 4382] Action: 1
[Step 4396] Action: 1
[Step 4406] Action: 2
[Step 4420] Action: 2
[Step 4430] Action: 3
[Step 4444] Action: 3
[Step 4454] Action: 3
[Step 4464] Action: 3
[Step 4474] Action: 2
[Step 4488] Action: 3
[Step 4502] Action: 3
[Step 4512] Action: 0
[Step 4526] Action: 1
[Step 4540] Action: 1
[Step 4550] Action: 0
[Step 4564] Action: 1
[Step 4578] Action: 3
[Step 4592] Action: 0
[Step 4606] Action: 1
[Step 4620] Action: 2
[Step 4634] Action: 2
[Step 4644] Action: 3
[Step 4658] Action: 0
[Step 4672] Action: 2
[Step 4686] Action: 3
[Step 4700] Action: 3
[Step 4710] Action: 3
[Step 4720] Action: 3
[Step 4730] Action: 2
[Step 4744] Action: 2
[Step 4754] Action: 0
[Step 4768] Action: 2
[Step 4782] Action: 2
[Step 4792] Action: 3
[Step 4806] Action: 3
[Step 4816] Action: 2
[Step 4830] Action: 3
[Step 4844] Action: 0
[Step 4858] Action: 1
[Step 4872] Action: 2
[Step 4886] Action: 3
[Step 4900] Action: 0
[Step 4914] Action: 3
[Step 4928] Action: 3
[Step 4938] Action: 3
[Step 4948] Action: 2
[Step 4962] Action: 3
[Step 4976] Action: 2
[Step 4990] Action: 2
[Step 5000] Action: 0
[Step 5014] Action: 1
[Step 5028] Action: 0
[Step 5042] Action: 3
[Step 5056] Action: 0
[Step 5070] Action: 3
[Step 5084] Action: 3
[Step 5094] Action: 2
[Step 5108] Action: 1
[Step 5122] Action: 0
[Step 5136] Action: 3
[Step 5150] Action: 3
[Step 5160] Action: 3
[Step 5170] Action: 2
[Step 5184] Action: 3
[Step 5198] Action: 2
[Step 5212] Action: 2
[Step 5222] Action: 2
[Step 5232] Action: 3
[Step 5246] Action: 2
[Step 5260] Action: 3
[Step 5274] Action: 0
[Step 5288] Action: 2
[Step 5302] Action: 3
[Step 5316] Action: 0
[Step 5330] Action: 2
[Step 5344] Action: 2
[Step 5354] Action: 0
[Step 5368] Action: 2
[Step 5382] Action: 2
[Step 5392] Action: 3
