[Step 0] Action: 2
[Step 10] Action: 3
[Step 24] Action: 2
[Step 38] Action: 3
[Step 52] Action: 2
[Step 66] Action: 1
[Step 80] Action: 1
[Step 90] Action: 1
[Step 100] Action: 1
[Step 110] Action: 1
[Step 120] Action: 1
[Step 130] Action: 1
[Step 140] Action: 1
[Step 150] Action: 1
[Step 160] Action: 0
[Step 174] Action: 0
[Step 184] Action: 3
[Step 198] Action: 2
[Step 212] Action: 1
[Step 226] Action: 1
[Step 236] Action: 1
[Step 246] Action: 1
[Step 256] Action: 1
[Step 266] Action: 1
[Step 276] Action: 3
[Step 290] Action: 1
[Step 304] Action: 3
[Step 318] Action: 3
[Step 328] Action: 2
[Step 342] Action: 3
[Step 356] Action: 2
[Step 370] Action: 1
[Step 384] Action: 1
[Step 394] Action: 1
[Step 404] Action: 0
[Step 418] Action: 0
[Step 428] Action: 0
[Step 438] Action: 0
[Step 448] Action: 3
[Step 462] Action: 1
[Step 476] Action: 1
[Step 486] Action: 2
[Step 500] Action: 1
[Step 514] Action: 2
[Step 528] Action: 3
[Step 542] Action: 2
[Step 556] Action: 0
[Step 570] Action: 2
[Step 584] Action: 0
[Step 598] Action: 1
[Step 612] Action: 1
[Step 622] Action: 3
[Step 636] Action: 0
[Step 650] Action: 2
[Step 664] Action: 1
[Step 678] Action: 1
[Step 688] Action: 1
[Step 698] Action: 1
[Step 708] Action: 0
[Step 722] Action: 2
[Step 736] Action: 0
[Step 750] Action: 0
[Step 760] Action: 0
[Step 770] Action: 0
[Step 780] Action: 3
[Step 794] Action: 2
[Step 808] Action: 1
[Step 822] Action: 0
[Step 836] Action: 2
[Step 850] Action: 0
[Step 864] Action: 2
[Step 878] Action: 0
[Step 892] Action: 0
[Step 902] Action: 2
[Step 916] Action: 0
[Step 930] Action: 3
[Step 944] Action: 1
[Step 958] Action: 0
[Step 972] Action: 2
[Step 986] Action: 0
[Step 1000] Action: 1
[Step 1014] Action: 1
[Step 1024] Action: 0
[Step 1038] Action: 2
[Step 1052] Action: 1
[Step 1066] Action: 0
[Step 1080] Action: 3
[Step 1094] Action: 1
[Step 1108] Action: 0
[Step 1122] Action: 0
[Step 1132] Action: 3
[Step 1146] Action: 0
[Step 1160] Action: 2
[Step 1174] Action: 0
[Step 1188] Action: 0
[Step 1198] Action: 0
[Step 1208] Action: 0
[Step 1218] Action: 0
[Step 1228] Action: 0
[Step 1238] Action: 3
[Step 1252] Action: 2
[Step 1266] Action: 0
[Step 1280] Action: 3
[Step 1294] Action: 1
[Step 1308] Action: 3
[Step 1322] Action: 2
[Step 1336] Action: 2
[Step 1346] Action: 2
[Step 1356] Action: 0
[Step 1370] Action: 1
[Step 1384] Action: 0
[Step 1398] Action: 3
[Step 1412] Action: 0
[Step 1426] Action: 3
[Step 1440] Action: 0
[Step 1454] Action: 1
[Step 1468] Action: 2
[Step 1482] Action: 2
[Step 1492] Action: 0
[Step 1506] Action: 3
[Step 1520] Action: 2
[Step 1534] Action: 3
[Step 1548] Action: 0
[Step 1562] Action: 3
[Step 1576] Action: 1
[Step 1590] Action: 1
[Step 1600] Action: 0
[Step 1614] Action: 3
[Step 1628] Action: 0
[Step 1642] Action: 2
[Step 1656] Action: 0
[Step 1670] Action: 2
[Step 1684] Action: 0
[Step 1698] Action: 3
[Step 1712] Action: 0
[Step 1726] Action: 3
[Step 1740] Action: 0
[Step 1754] Action: 2
[Step 1768] Action: 0
[Step 1782] Action: 3
[Step 1796] Action: 0
[Step 1810] Action: 3
[Step 1824] Action: 2
[Step 1838] Action: 0
[Step 1852] Action: 0
[Step 1862] Action: 2
[Step 1876] Action: 1
[Step 1890] Action: 3
[Step 1904] Action: 2
[Step 1918] Action: 1
[Step 1932] Action: 0
[Step 1946] Action: 2
[Step 1960] Action: 0
[Step 1974] Action: 2
[Step 1988] Action: 0
[Step 2002] Action: 3
[Step 2016] Action: 0
[Step 2030] Action: 1
[Step 2044] Action: 3
[Step 2058] Action: 0
[Step 2072] Action: 2
[Step 2086] Action: 1
[Step 2100] Action: 1
[Step 2110] Action: 1
[Step 2120] Action: 3
[Step 2134] Action: 2
[Step 2148] Action: 0
[Step 2162] Action: 0
[Step 2172] Action: 0
[Step 2182] Action: 1
[Step 2196] Action: 1
[Step 2206] Action: 1
[Step 2216] Action: 1
[Step 2226] Action: 1
[Step 2236] Action: 1
[Step 2246] Action: 1
[Step 2256] Action: 1
[Step 2266] Action: 0
[Step 2280] Action: 3
[Step 2294] Action: 2
[Step 2308] Action: 0
[Step 2322] Action: 1
[Step 2336] Action: 3
[Step 2350] Action: 3
[Step 2360] Action: 1
[Step 2374] Action: 0
[Step 2388] Action: 2
[Step 2402] Action: 0
[Step 2416] Action: 3
[Step 2430] Action: 3
[Step 2440] Action: 2
[Step 2454] Action: 0
[Step 2468] Action: 2
[Step 2482] Action: 0
[Step 2496] Action: 3
[Step 2510] Action: 2
[Step 2524] Action: 0
[Step 2538] Action: 0
[Step 2548] Action: 2
[Step 2562] Action: 1
[Step 2576] Action: 1
[Step 2586] Action: 1
[Step 2596] Action: 3
[Step 2610] Action: 2
[Step 2624] Action: 0
[Step 2638] Action: 3
[Step 2652] Action: 1
[Step 2666] Action: 2
[Step 2680] Action: 0
[Step 2694] Action: 2
[Step 2708] Action: 1
[Step 2722] Action: 1
[Step 2732] Action: 1
[Step 2742] Action: 3
[Step 2756] Action: 2
[Step 2770] Action: 0
[Step 2784] Action: 0
[Step 2794] Action: 0
[Step 2804] Action: 0
[Step 2814] Action: 0
[Step 2824] Action: 0
[Step 2834] Action: 0
[Step 2844] Action: 3
[Step 2858] Action: 2
[Step 2872] Action: 0
[Step 2886] Action: 3
[Step 2900] Action: 2
[Step 2914] Action: 1
[Step 2928] Action: 1
[Step 2938] Action: 1
[Step 2948] Action: 1
[Step 2958] Action: 1
[Step 2968] Action: 3
[Step 2982] Action: 1
[Step 2996] Action: 0
[Step 3010] Action: 3
[Step 3024] Action: 3
[Step 3034] Action: 0
[Step 3048] Action: 3
[Step 3062] Action: 0
[Step 3076] Action: 2
[Step 3090] Action: 0
[Step 3104] Action: 0
[Step 3114] Action: 0
[Step 3124] Action: 2
[Step 3138] Action: 1
[Step 3152] Action: 1
[Step 3162] Action: 1
[Step 3172] Action: 1
[Step 3182] Action: 1
[Step 3192] Action: 2
[Step 3206] Action: 3
[Step 3220] Action: 2
[Step 3234] Action: 1
[Step 3248] Action: 0
[Step 3262] Action: 0
[Step 3272] Action: 2
[Step 3286] Action: 1
[Step 3300] Action: 1
[Step 3310] Action: 1
[Step 3320] Action: 3
[Step 3334] Action: 2
[Step 3348] Action: 0
[Step 3362] Action: 0
[Step 3372] Action: 0
[Step 3382] Action: 0
[Step 3392] Action: 0
[Step 3402] Action: 0
[Step 3412] Action: 0
[Step 3422] Action: 0
[Step 3432] Action: 3
[Step 3446] Action: 0
[Step 3460] Action: 0
[Step 3470] Action: 0
[Step 3480] Action: 1
[Step 3494] Action: 2
[Step 3508] Action: 1
[Step 3522] Action: 1
[Step 3532] Action: 0
[Step 3546] Action: 3
[Step 3560] Action: 2
[Step 3574] Action: 0
[Step 3588] Action: 1
[Step 3602] Action: 0
[Step 3616] Action: 1
[Step 3630] Action: 2
[Step 3644] Action: 1
[Step 3658] Action: 1
[Step 3668] Action: 1
[Step 3678] Action: 1
[Step 3688] Action: 2
[Step 3702] Action: 1
[Step 3716] Action: 1
[Step 3726] Action: 1
[Step 3736] Action: 1
[Step 3746] Action: 1
[Step 3756] Action: 1
[Step 3766] Action: 1
[Step 3776] Action: 0
[Step 3790] Action: 0
[Step 3800] Action: 0
[Step 3810] Action: 0
[Step 3820] Action: 0
[Step 3830] Action: 0
[Step 3840] Action: 0
[Step 3850] Action: 0
[Step 3860] Action: 0
[Step 3870] Action: 0
[Step 3880] Action: 3
[Step 3894] Action: 2
[Step 3908] Action: 2
[Step 3918] Action: 1
[Step 3932] Action: 3
[Step 3946] Action: 2
[Step 3960] Action: 1
[Step 3974] Action: 1
[Step 3984] Action: 1
[Step 3994] Action: 2
[Step 4008] Action: 0
[Step 4022] Action: 3
[Step 4036] Action: 2
[Step 4050] Action: 1
[Step 4064] Action: 1
[Step 4074] Action: 0
[Step 4088] Action: 1
[Step 4102] Action: 1
[Step 4112] Action: 1
[Step 4122] Action: 1
[Step 4132] Action: 1
[Step 4142] Action: 1
[Step 4152] Action: 1
[Step 4162] Action: 1
[Step 4172] Action: 1
[Step 4182] Action: 1
[Step 4192] Action: 1
[Step 4202] Action: 1
[Step 4212] Action: 1
[Step 4222] Action: 1
[Step 4232] Action: 1
[Step 4242] Action: 1
[Step 4252] Action: 1
[Step 4262] Action: 3
[Step 4276] Action: 3
[Step 4286] Action: 2
[Step 4300] Action: 1
[Step 4314] Action: 2
[Step 4328] Action: 1
[Step 4342] Action: 1
[Step 4352] Action: 0
[Step 4366] Action: 0
[Step 4376] Action: 0
[Step 4386] Action: 0
[Step 4396] Action: 1
[Step 4410] Action: 1
[Step 4420] Action: 1
[Step 4430] Action: 1
[Step 4440] Action: 1
[Step 4450] Action: 1
[Step 4460] Action: 1
[Step 4470] Action: 1
[Step 4480] Action: 1
[Step 4490] Action: 1
[Step 4500] Action: 1
[Step 4510] Action: 1
[Step 4520] Action: 1
[Step 4530] Action: 1
[Step 4540] Action: 1
[Step 4550] Action: 3
[Step 4564] Action: 2
[Step 4578] Action: 1
[Step 4592] Action: 2
[Step 4606] Action: 1
[Step 4620] Action: 1
[Step 4630] Action: 0
[Step 4644] Action: 0
[Step 4654] Action: 0
[Step 4664] Action: 0
[Step 4674] Action: 0
[Step 4684] Action: 0
[Step 4694] Action: 0
[Step 4704] Action: 0
[Step 4714] Action: 0
[Step 4724] Action: 2
[Step 4738] Action: 3
[Step 4752] Action: 2
[Step 4766] Action: 2
[Step 4776] Action: 1
[Step 4790] Action: 1
[Step 4800] Action: 3
[Step 4814] Action: 2
[Step 4828] Action: 1
[Step 4842] Action: 1
[Step 4852] Action: 1
[Step 4862] Action: 2
[Step 4876] Action: 1
[Step 4890] Action: 1
[Step 4900] Action: 1
[Step 4910] Action: 1
[Step 4920] Action: 1
[Step 4930] Action: 3
[Step 4944] Action: 2
[Step 4958] Action: 1
[Step 4972] Action: 0
[Step 4986] Action: 0
[Step 4996] Action: 3
[Step 5010] Action: 2
[Step 5024] Action: 1
[Step 5038] Action: 1
[Step 5048] Action: 1
[Step 5058] Action: 1
[Step 5068] Action: 1
[Step 5078] Action: 1
[Step 5088] Action: 3
[Step 5102] Action: 2
[Step 5116] Action: 1
[Step 5130] Action: 1
[Step 5140] Action: 1
[Step 5150] Action: 0
[Step 5164] Action: 0
[Step 5174] Action: 0
[Step 5184] Action: 0
[Step 5194] Action: 3
[Step 5208] Action: 2
[Step 5222] Action: 0
[Step 5236] Action: 3
[Step 5250] Action: 2
[Step 5264] Action: 1
[Step 5278] Action: 1
[Step 5288] Action: 0
[Step 5302] Action: 0
[Step 5312] Action: 0
[Step 5322] Action: 3
[Step 5336] Action: 2
[Step 5350] Action: 1
[Step 5364] Action: 3
[Step 5378] Action: 2
[Step 5392] Action: 1
