[Step 0] Action: 1
[Step 40] Action: 3
[Step 84] Action: 3
[Step 124] Action: 2
[Step 168] Action: 0
[Step 212] Action: 2
[Step 256] Action: 2
[Step 296] Action: 1
[Step 340] Action: 1
[Step 380] Action: 0
[Step 424] Action: 1
[Step 468] Action: 1
[Step 508] Action: 1
[Step 548] Action: 1
[Step 588] Action: 1
[Step 628] Action: 1
[Step 668] Action: 1
[Step 708] Action: 1
[Step 748] Action: 0
[Step 792] Action: 1
[Step 836] Action: 1
[Step 876] Action: 1
[Step 916] Action: 1
[Step 956] Action: 3
[Step 1000] Action: 1
[Step 1044] Action: 1
[Step 1084] Action: 1
[Step 1124] Action: 1
[Step 1164] Action: 2
[Step 1208] Action: 1
[Step 1252] Action: 1
[Step 1292] Action: 1
[Step 1332] Action: 1
[Step 1372] Action: 1
[Step 1412] Action: 1
[Step 1452] Action: 1
[Step 1492] Action: 3
[Step 1536] Action: 1
[Step 1580] Action: 0
[Step 1624] Action: 1
[Step 1668] Action: 1
[Step 1708] Action: 2
[Step 1752] Action: 1
[Step 1796] Action: 1
[Step 1836] Action: 1
[Step 1876] Action: 1
[Step 1916] Action: 1
[Step 1956] Action: 3
[Step 2000] Action: 1
[Step 2044] Action: 2
[Step 2088] Action: 1
[Step 2132] Action: 1
[Step 2172] Action: 3
[Step 2216] Action: 2
[Step 2260] Action: 1
[Step 2304] Action: 1
[Step 2344] Action: 1
[Step 2384] Action: 1
[Step 2424] Action: 1
[Step 2464] Action: 1
[Step 2504] Action: 2
[Step 2548] Action: 1
[Step 2592] Action: 2
[Step 2636] Action: 2
[Step 2676] Action: 0
[Step 2720] Action: 1
[Step 2764] Action: 1
[Step 2804] Action: 1
[Step 2844] Action: 3
[Step 2888] Action: 1
[Step 2932] Action: 2
[Step 2976] Action: 2
[Step 3016] Action: 1
[Step 3060] Action: 2
[Step 3104] Action: 2
[Step 3144] Action: 2
[Step 3184] Action: 0
[Step 3228] Action: 2
[Step 3272] Action: 3
[Step 3316] Action: 1
[Step 3360] Action: 1
[Step 3400] Action: 0
[Step 3444] Action: 1
[Step 3488] Action: 1
[Step 3528] Action: 1
[Step 3568] Action: 1
[Step 3608] Action: 2
[Step 3652] Action: 2
[Step 3692] Action: 2
[Step 3732] Action: 0
[Step 3776] Action: 1
[Step 3820] Action: 3
[Step 3864] Action: 2
[Step 3908] Action: 1
[Step 3952] Action: 0
[Step 3996] Action: 1
[Step 4040] Action: 2
[Step 4084] Action: 1
[Step 4128] Action: 0
[Step 4172] Action: 0
[Step 4212] Action: 3
[Step 4256] Action: 3
[Step 4296] Action: 2
[Step 4340] Action: 0
[Step 4384] Action: 3
[Step 4428] Action: 2
[Step 4472] Action: 1
[Step 4516] Action: 2
[Step 4560] Action: 0
[Step 4604] Action: 2
[Step 4648] Action: 1
[Step 4692] Action: 3
[Step 4736] Action: 1
[Step 4780] Action: 0
[Step 4824] Action: 0
[Step 4864] Action: 2
[Step 4908] Action: 3
[Step 4952] Action: 1
[Step 4996] Action: 3
[Step 5040] Action: 2
[Step 5084] Action: 0
[Step 5128] Action: 0
[Step 5168] Action: 2
[Step 5212] Action: 3
[Step 5256] Action: 3
[Step 5296] Action: 0
[Step 5340] Action: 2
[Step 5384] Action: 2
