[Step 0] Action: 3
[Step 10] Action: 2
[Step 24] Action: 0
[Step 38] Action: 2
[Step 52] Action: 3
[Step 66] Action: 0
[Step 80] Action: 2
[Step 94] Action: 0
[Step 108] Action: 0
[Step 118] Action: 1
[Step 132] Action: 3
[Step 146] Action: 0
[Step 160] Action: 3
[Step 174] Action: 2
[Step 188] Action: 2
[Step 198] Action: 2
[Step 208] Action: 1
[Step 222] Action: 3
[Step 236] Action: 0
[Step 250] Action: 0
[Step 260] Action: 2
[Step 274] Action: 0
[Step 288] Action: 1
[Step 302] Action: 0
[Step 316] Action: 0
[Step 326] Action: 1
[Step 340] Action: 0
[Step 354] Action: 1
[Step 368] Action: 2
[Step 382] Action: 1
[Step 396] Action: 2
[Step 410] Action: 1
[Step 424] Action: 1
[Step 434] Action: 0
[Step 448] Action: 0
[Step 458] Action: 1
[Step 472] Action: 2
[Step 486] Action: 0
[Step 500] Action: 3
[Step 514] Action: 0
[Step 528] Action: 0
[Step 538] Action: 2
[Step 552] Action: 1
[Step 566] Action: 2
[Step 580] Action: 1
[Step 594] Action: 0
[Step 608] Action: 2
[Step 622] Action: 1
[Step 636] Action: 2
[Step 650] Action: 1
[Step 664] Action: 2
[Step 678] Action: 1
[Step 692] Action: 0
[Step 706] Action: 2
[Step 720] Action: 0
[Step 734] Action: 3
[Step 748] Action: 0
[Step 762] Action: 2
[Step 776] Action: 1
[Step 790] Action: 2
[Step 804] Action: 2
[Step 814] Action: 1
[Step 828] Action: 1
[Step 838] Action: 1
[Step 848] Action: 2
[Step 862] Action: 1
[Step 876] Action: 1
[Step 886] Action: 1
[Step 896] Action: 2
[Step 910] Action: 0
[Step 924] Action: 0
[Step 934] Action: 2
[Step 948] Action: 2
[Step 958] Action: 2
[Step 968] Action: 2
[Step 978] Action: 1
[Step 992] Action: 0
[Step 1006] Action: 1
[Step 1020] Action: 0
[Step 1034] Action: 0
[Step 1044] Action: 0
[Step 1054] Action: 0
[Step 1064] Action: 2
[Step 1078] Action: 0
[Step 1092] Action: 3
[Step 1106] Action: 2
[Step 1120] Action: 2
[Step 1130] Action: 2
[Step 1140] Action: 2
[Step 1150] Action: 2
[Step 1160] Action: 1
[Step 1174] Action: 2
[Step 1188] Action: 1
[Step 1202] Action: 1
[Step 1212] Action: 1
[Step 1222] Action: 1
[Step 1232] Action: 1
[Step 1242] Action: 0
[Step 1256] Action: 2
[Step 1270] Action: 2
[Step 1280] Action: 0
[Step 1294] Action: 0
[Step 1304] Action: 1
[Step 1318] Action: 2
[Step 1332] Action: 2
[Step 1342] Action: 1
[Step 1356] Action: 1
[Step 1366] Action: 0
[Step 1380] Action: 1
[Step 1394] Action: 0
[Step 1408] Action: 0
[Step 1418] Action: 1
[Step 1432] Action: 1
[Step 1442] Action: 1
[Step 1452] Action: 2
[Step 1466] Action: 1
[Step 1480] Action: 0
[Step 1494] Action: 2
[Step 1508] Action: 1
[Step 1522] Action: 2
[Step 1536] Action: 2
[Step 1546] Action: 1
[Step 1560] Action: 0
[Step 1574] Action: 0
[Step 1584] Action: 0
[Step 1594] Action: 2
[Step 1608] Action: 0
[Step 1622] Action: 1
[Step 1636] Action: 1
[Step 1646] Action: 1
[Step 1656] Action: 1
[Step 1666] Action: 2
[Step 1680] Action: 1
[Step 1694] Action: 1
[Step 1704] Action: 0
[Step 1718] Action: 0
[Step 1728] Action: 2
[Step 1742] Action: 1
[Step 1756] Action: 2
[Step 1770] Action: 0
[Step 1784] Action: 0
[Step 1794] Action: 2
[Step 1808] Action: 1
[Step 1822] Action: 0
[Step 1836] Action: 0
[Step 1846] Action: 1
[Step 1860] Action: 0
[Step 1874] Action: 0
[Step 1884] Action: 0
[Step 1894] Action: 1
[Step 1908] Action: 1
[Step 1918] Action: 1
[Step 1928] Action: 1
[Step 1938] Action: 2
[Step 1952] Action: 2
[Step 1962] Action: 2
[Step 1972] Action: 2
[Step 1982] Action: 1
[Step 1996] Action: 0
[Step 2010] Action: 2
[Step 2024] Action: 0
[Step 2038] Action: 2
[Step 2052] Action: 0
[Step 2066] Action: 2
[Step 2080] Action: 0
[Step 2094] Action: 1
[Step 2108] Action: 0
[Step 2122] Action: 2
[Step 2136] Action: 0
[Step 2150] Action: 0
[Step 2160] Action: 0
[Step 2170] Action: 1
[Step 2184] Action: 1
[Step 2194] Action: 2
[Step 2208] Action: 2
[Step 2218] Action: 1
[Step 2232] Action: 1
[Step 2242] Action: 2
[Step 2256] Action: 1
[Step 2270] Action: 0
[Step 2284] Action: 1
[Step 2298] Action: 2
[Step 2312] Action: 1
[Step 2326] Action: 1
[Step 2336] Action: 2
[Step 2350] Action: 0
[Step 2364] Action: 0
[Step 2374] Action: 1
[Step 2388] Action: 2
[Step 2402] Action: 2
[Step 2412] Action: 0
[Step 2426] Action: 2
[Step 2440] Action: 1
[Step 2454] Action: 2
[Step 2468] Action: 1
[Step 2482] Action: 2
[Step 2496] Action: 1
[Step 2510] Action: 3
[Step 2524] Action: 1
[Step 2538] Action: 0
[Step 2552] Action: 0
[Step 2562] Action: 0
[Step 2572] Action: 1
[Step 2586] Action: 2
[Step 2600] Action: 1
[Step 2614] Action: 1
[Step 2624] Action: 1
[Step 2634] Action: 3
[Step 2648] Action: 2
[Step 2662] Action: 2
[Step 2672] Action: 3
[Step 2686] Action: 1
[Step 2700] Action: 0
[Step 2714] Action: 2
[Step 2728] Action: 0
[Step 2742] Action: 0
[Step 2752] Action: 2
[Step 2766] Action: 0
[Step 2780] Action: 0
[Step 2790] Action: 3
[Step 2804] Action: 1
[Step 2818] Action: 0
[Step 2832] Action: 2
[Step 2846] Action: 0
[Step 2860] Action: 3
[Step 2874] Action: 3
[Step 2884] Action: 0
[Step 2898] Action: 0
[Step 2908] Action: 2
[Step 2922] Action: 0
[Step 2936] Action: 2
[Step 2950] Action: 0
[Step 2964] Action: 1
[Step 2978] Action: 0
[Step 2992] Action: 2
[Step 3006] Action: 0
[Step 3020] Action: 0
[Step 3030] Action: 3
[Step 3044] Action: 1
[Step 3058] Action: 2
[Step 3072] Action: 1
[Step 3086] Action: 2
[Step 3100] Action: 1
[Step 3114] Action: 2
[Step 3128] Action: 2
[Step 3138] Action: 0
[Step 3152] Action: 0
[Step 3162] Action: 3
[Step 3176] Action: 1
[Step 3190] Action: 1
[Step 3200] Action: 1
[Step 3210] Action: 1
[Step 3220] Action: 2
[Step 3234] Action: 1
[Step 3248] Action: 0
[Step 3262] Action: 1
[Step 3276] Action: 1
[Step 3286] Action: 2
[Step 3300] Action: 1
[Step 3314] Action: 1
[Step 3324] Action: 2
[Step 3338] Action: 0
[Step 3352] Action: 2
[Step 3366] Action: 1
[Step 3380] Action: 1
[Step 3390] Action: 0
[Step 3404] Action: 3
[Step 3418] Action: 2
[Step 3432] Action: 2
[Step 3442] Action: 0
[Step 3456] Action: 0
[Step 3466] Action: 3
[Step 3480] Action: 1
[Step 3494] Action: 2
[Step 3508] Action: 1
[Step 3522] Action: 2
[Step 3536] Action: 2
[Step 3546] Action: 0
[Step 3560] Action: 0
[Step 3570] Action: 1
[Step 3584] Action: 1
[Step 3594] Action: 2
[Step 3608] Action: 2
[Step 3618] Action: 1
[Step 3632] Action: 3
[Step 3646] Action: 3
[Step 3656] Action: 2
[Step 3670] Action: 1
[Step 3684] Action: 0
[Step 3698] Action: 3
[Step 3712] Action: 0
[Step 3726] Action: 3
[Step 3740] Action: 2
[Step 3754] Action: 1
[Step 3768] Action: 0
[Step 3782] Action: 2
[Step 3796] Action: 1
[Step 3810] Action: 0
[Step 3824] Action: 0
[Step 3834] Action: 3
[Step 3848] Action: 1
[Step 3862] Action: 2
[Step 3876] Action: 0
[Step 3890] Action: 3
[Step 3904] Action: 0
[Step 3918] Action: 2
[Step 3932] Action: 3
[Step 3946] Action: 0
[Step 3960] Action: 1
[Step 3974] Action: 0
[Step 3988] Action: 0
[Step 3998] Action: 2
[Step 4012] Action: 2
[Step 4022] Action: 2
[Step 4032] Action: 1
[Step 4046] Action: 1
[Step 4056] Action: 3
[Step 4070] Action: 3
[Step 4080] Action: 2
[Step 4094] Action: 0
[Step 4108] Action: 2
[Step 4122] Action: 2
[Step 4132] Action: 3
[Step 4146] Action: 2
[Step 4160] Action: 1
[Step 4174] Action: 2
[Step 4188] Action: 0
[Step 4202] Action: 0
[Step 4212] Action: 2
[Step 4226] Action: 1
[Step 4240] Action: 3
[Step 4254] Action: 3
[Step 4264] Action: 0
[Step 4278] Action: 0
[Step 4288] Action: 0
[Step 4298] Action: 1
[Step 4312] Action: 1
[Step 4322] Action: 1
[Step 4332] Action: 1
[Step 4342] Action: 1
[Step 4352] Action: 0
[Step 4366] Action: 0
[Step 4376] Action: 3
[Step 4390] Action: 2
[Step 4404] Action: 0
[Step 4418] Action: 0
[Step 4428] Action: 3
[Step 4442] Action: 0
[Step 4456] Action: 1
[Step 4470] Action: 3
[Step 4484] Action: 0
[Step 4498] Action: 2
[Step 4512] Action: 2
[Step 4522] Action: 0
[Step 4536] Action: 3
[Step 4550] Action: 1
[Step 4564] Action: 0
[Step 4578] Action: 2
[Step 4592] Action: 1
[Step 4606] Action: 3
[Step 4620] Action: 3
[Step 4630] Action: 0
[Step 4644] Action: 1
[Step 4658] Action: 1
[Step 4668] Action: 1
[Step 4678] Action: 3
[Step 4692] Action: 3
[Step 4702] Action: 0
[Step 4716] Action: 1
[Step 4730] Action: 3
[Step 4744] Action: 3
[Step 4754] Action: 1
[Step 4768] Action: 1
[Step 4778] Action: 1
[Step 4788] Action: 3
[Step 4802] Action: 2
[Step 4816] Action: 1
[Step 4830] Action: 1
[Step 4840] Action: 2
[Step 4854] Action: 0
[Step 4868] Action: 2
[Step 4882] Action: 1
[Step 4896] Action: 0
[Step 4910] Action: 3
[Step 4924] Action: 2
[Step 4938] Action: 0
[Step 4952] Action: 0
[Step 4962] Action: 3
[Step 4976] Action: 0
[Step 4990] Action: 2
[Step 5004] Action: 0
[Step 5018] Action: 1
[Step 5032] Action: 1
[Step 5042] Action: 2
[Step 5056] Action: 0
[Step 5070] Action: 1
[Step 5084] Action: 2
[Step 5098] Action: 3
[Step 5112] Action: 3
[Step 5122] Action: 3
[Step 5132] Action: 2
[Step 5146] Action: 0
[Step 5160] Action: 1
[Step 5174] Action: 3
[Step 5188] Action: 1
[Step 5202] Action: 0
[Step 5216] Action: 2
[Step 5230] Action: 1
[Step 5244] Action: 0
[Step 5258] Action: 3
[Step 5272] Action: 0
[Step 5286] Action: 3
[Step 5300] Action: 1
[Step 5314] Action: 0
[Step 5328] Action: 3
[Step 5342] Action: 2
[Step 5356] Action: 0
[Step 5370] Action: 3
[Step 5384] Action: 1
[Step 5398] Action: 3
