[Step 0] Action: 0
[Step 40] Action: 3
[Step 84] Action: 0
[Step 128] Action: 0
[Step 168] Action: 2
[Step 212] Action: 1
[Step 256] Action: 2
[Step 300] Action: 2
[Step 340] Action: 3
[Step 384] Action: 1
[Step 428] Action: 0
[Step 472] Action: 1
[Step 516] Action: 1
[Step 556] Action: 2
[Step 600] Action: 1
[Step 644] Action: 0
[Step 688] Action: 1
[Step 732] Action: 2
[Step 776] Action: 1
[Step 820] Action: 1
[Step 860] Action: 1
[Step 900] Action: 1
[Step 940] Action: 1
[Step 980] Action: 1
[Step 1020] Action: 1
[Step 1060] Action: 3
[Step 1104] Action: 2
[Step 1148] Action: 1
[Step 1192] Action: 1
[Step 1232] Action: 1
[Step 1272] Action: 1
[Step 1312] Action: 1
[Step 1352] Action: 1
[Step 1392] Action: 2
[Step 1436] Action: 1
[Step 1480] Action: 1
[Step 1520] Action: 1
[Step 1560] Action: 2
[Step 1604] Action: 2
[Step 1644] Action: 2
[Step 1684] Action: 1
[Step 1728] Action: 1
[Step 1768] Action: 1
[Step 1808] Action: 2
[Step 1852] Action: 2
[Step 1892] Action: 1
[Step 1936] Action: 1
[Step 1976] Action: 1
[Step 2016] Action: 0
[Step 2060] Action: 1
[Step 2104] Action: 1
[Step 2144] Action: 1
[Step 2184] Action: 2
[Step 2228] Action: 1
[Step 2272] Action: 1
[Step 2312] Action: 2
[Step 2356] Action: 1
[Step 2400] Action: 0
[Step 2444] Action: 1
[Step 2488] Action: 1
[Step 2528] Action: 1
[Step 2568] Action: 1
[Step 2608] Action: 2
[Step 2652] Action: 1
[Step 2696] Action: 2
[Step 2740] Action: 1
[Step 2784] Action: 1
[Step 2824] Action: 1
[Step 2864] Action: 3
[Step 2908] Action: 2
[Step 2952] Action: 0
[Step 2996] Action: 0
[Step 3036] Action: 1
[Step 3080] Action: 1
[Step 3120] Action: 1
[Step 3160] Action: 1
[Step 3200] Action: 1
[Step 3240] Action: 2
[Step 3284] Action: 0
[Step 3328] Action: 2
[Step 3372] Action: 1
[Step 3416] Action: 1
[Step 3456] Action: 2
[Step 3500] Action: 1
[Step 3544] Action: 1
[Step 3584] Action: 0
[Step 3628] Action: 1
[Step 3672] Action: 2
[Step 3716] Action: 0
[Step 3760] Action: 3
[Step 3804] Action: 1
[Step 3848] Action: 1
[Step 3888] Action: 1
[Step 3928] Action: 0
[Step 3972] Action: 1
[Step 4016] Action: 3
[Step 4060] Action: 1
[Step 4104] Action: 3
[Step 4148] Action: 2
[Step 4192] Action: 2
[Step 4232] Action: 0
[Step 4276] Action: 1
[Step 4320] Action: 1
[Step 4360] Action: 1
[Step 4400] Action: 1
[Step 4440] Action: 2
[Step 4484] Action: 1
[Step 4528] Action: 3
[Step 4572] Action: 2
[Step 4616] Action: 2
[Step 4656] Action: 1
[Step 4700] Action: 1
[Step 4740] Action: 3
[Step 4784] Action: 3
[Step 4824] Action: 2
[Step 4868] Action: 2
[Step 4908] Action: 2
[Step 4948] Action: 0
[Step 4992] Action: 1
[Step 5036] Action: 3
[Step 5080] Action: 1
[Step 5124] Action: 0
[Step 5168] Action: 3
[Step 5212] Action: 0
[Step 5256] Action: 1
[Step 5300] Action: 0
[Step 5344] Action: 3
[Step 5388] Action: 0
