[Step 0] Action: 1
[Step 40] Action: 2
[Step 84] Action: 1
[Step 128] Action: 2
[Step 172] Action: 1
[Step 216] Action: 1
[Step 256] Action: 1
[Step 296] Action: 3
[Step 340] Action: 3
[Step 380] Action: 2
[Step 424] Action: 1
[Step 468] Action: 2
[Step 512] Action: 1
[Step 556] Action: 3
[Step 600] Action: 1
[Step 644] Action: 2
[Step 688] Action: 1
[Step 732] Action: 2
[Step 776] Action: 1
[Step 820] Action: 1
[Step 860] Action: 1
[Step 900] Action: 1
[Step 940] Action: 1
[Step 980] Action: 1
[Step 1020] Action: 1
[Step 1060] Action: 1
[Step 1100] Action: 1
[Step 1140] Action: 1
[Step 1180] Action: 1
[Step 1220] Action: 0
[Step 1264] Action: 1
[Step 1308] Action: 1
[Step 1348] Action: 1
[Step 1388] Action: 1
[Step 1428] Action: 2
[Step 1472] Action: 1
[Step 1516] Action: 1
[Step 1556] Action: 1
[Step 1596] Action: 2
[Step 1640] Action: 3
[Step 1684] Action: 1
[Step 1728] Action: 1
[Step 1768] Action: 1
[Step 1808] Action: 1
[Step 1848] Action: 1
[Step 1888] Action: 1
[Step 1928] Action: 1
[Step 1968] Action: 2
[Step 2012] Action: 1
[Step 2056] Action: 1
[Step 2096] Action: 1
[Step 2136] Action: 0
[Step 2180] Action: 1
[Step 2224] Action: 1
[Step 2264] Action: 1
[Step 2304] Action: 1
[Step 2344] Action: 0
[Step 2388] Action: 1
[Step 2432] Action: 1
[Step 2472] Action: 1
[Step 2512] Action: 1
[Step 2552] Action: 3
[Step 2596] Action: 1
[Step 2640] Action: 1
[Step 2680] Action: 1
[Step 2720] Action: 2
[Step 2764] Action: 2
[Step 2804] Action: 0
[Step 2848] Action: 1
[Step 2892] Action: 1
[Step 2932] Action: 2
[Step 2976] Action: 1
[Step 3020] Action: 1
[Step 3060] Action: 1
[Step 3100] Action: 3
[Step 3144] Action: 1
[Step 3188] Action: 0
[Step 3232] Action: 1
[Step 3276] Action: 1
[Step 3316] Action: 0
[Step 3360] Action: 2
[Step 3404] Action: 1
[Step 3448] Action: 1
[Step 3488] Action: 2
[Step 3532] Action: 0
[Step 3576] Action: 0
[Step 3616] Action: 1
[Step 3660] Action: 1
[Step 3700] Action: 1
[Step 3740] Action: 0
[Step 3784] Action: 1
[Step 3828] Action: 1
[Step 3868] Action: 1
[Step 3908] Action: 1
[Step 3948] Action: 3
[Step 3992] Action: 3
[Step 4032] Action: 3
[Step 4072] Action: 0
[Step 4116] Action: 1
[Step 4160] Action: 1
[Step 4200] Action: 1
[Step 4240] Action: 2
[Step 4284] Action: 1
[Step 4328] Action: 0
[Step 4372] Action: 3
[Step 4416] Action: 3
[Step 4456] Action: 0
[Step 4500] Action: 2
[Step 4544] Action: 2
[Step 4584] Action: 2
[Step 4624] Action: 3
[Step 4668] Action: 2
[Step 4712] Action: 2
[Step 4752] Action: 1
[Step 4796] Action: 0
[Step 4840] Action: 2
[Step 4884] Action: 3
[Step 4928] Action: 0
[Step 4972] Action: 0
[Step 5012] Action: 1
[Step 5056] Action: 1
[Step 5096] Action: 0
[Step 5140] Action: 2
[Step 5184] Action: 0
[Step 5228] Action: 1
[Step 5272] Action: 3
[Step 5316] Action: 3
[Step 5356] Action: 0
