[Step 0] Action: 2
[Step 10] Action: 2
[Step 20] Action: 1
[Step 34] Action: 1
[Step 44] Action: 1
[Step 54] Action: 1
[Step 64] Action: 1
[Step 74] Action: 2
[Step 88] Action: 0
[Step 102] Action: 1
[Step 116] Action: 3
[Step 130] Action: 0
[Step 144] Action: 1
[Step 158] Action: 1
[Step 168] Action: 2
[Step 182] Action: 0
[Step 196] Action: 3
[Step 210] Action: 2
[Step 224] Action: 0
[Step 238] Action: 2
[Step 252] Action: 3
[Step 266] Action: 1
[Step 280] Action: 3
[Step 294] Action: 3
[Step 304] Action: 2
[Step 318] Action: 3
[Step 332] Action: 0
[Step 346] Action: 3
[Step 360] Action: 1
[Step 374] Action: 3
[Step 388] Action: 0
[Step 402] Action: 2
[Step 416] Action: 3
[Step 430] Action: 1
[Step 444] Action: 0
[Step 458] Action: 3
[Step 472] Action: 2
[Step 486] Action: 2
[Step 496] Action: 2
[Step 506] Action: 1
[Step 520] Action: 0
[Step 534] Action: 0
[Step 544] Action: 3
[Step 558] Action: 1
[Step 572] Action: 0
[Step 586] Action: 0
[Step 596] Action: 0
[Step 606] Action: 0
[Step 616] Action: 3
[Step 630] Action: 0
[Step 644] Action: 2
[Step 658] Action: 0
[Step 672] Action: 1
[Step 686] Action: 1
[Step 696] Action: 3
[Step 710] Action: 0
[Step 724] Action: 3
[Step 738] Action: 2
[Step 752] Action: 0
[Step 766] Action: 0
[Step 776] Action: 2
[Step 790] Action: 1
[Step 804] Action: 2
[Step 818] Action: 2
[Step 828] Action: 3
[Step 842] Action: 2
[Step 856] Action: 0
[Step 870] Action: 1
[Step 884] Action: 2
[Step 898] Action: 2
[Step 908] Action: 3
[Step 922] Action: 1
[Step 936] Action: 0
[Step 950] Action: 0
[Step 960] Action: 1
[Step 974] Action: 0
[Step 988] Action: 1
[Step 1002] Action: 1
[Step 1012] Action: 2
[Step 1026] Action: 0
[Step 1040] Action: 1
[Step 1054] Action: 3
[Step 1068] Action: 3
[Step 1078] Action: 0
[Step 1092] Action: 1
[Step 1106] Action: 1
[Step 1116] Action: 2
[Step 1130] Action: 0
[Step 1144] Action: 3
[Step 1158] Action: 2
[Step 1172] Action: 0
[Step 1186] Action: 0
[Step 1196] Action: 0
[Step 1206] Action: 0
[Step 1216] Action: 2
[Step 1230] Action: 1
[Step 1244] Action: 1
[Step 1254] Action: 1
[Step 1264] Action: 0
[Step 1278] Action: 2
[Step 1292] Action: 0
[Step 1306] Action: 1
[Step 1320] Action: 0
[Step 1334] Action: 2
[Step 1348] Action: 1
[Step 1362] Action: 3
[Step 1376] Action: 3
[Step 1386] Action: 0
[Step 1400] Action: 3
[Step 1414] Action: 0
[Step 1428] Action: 3
[Step 1442] Action: 0
[Step 1456] Action: 0
[Step 1466] Action: 2
[Step 1480] Action: 2
[Step 1490] Action: 3
[Step 1504] Action: 0
[Step 1518] Action: 2
[Step 1532] Action: 3
[Step 1546] Action: 2
[Step 1560] Action: 3
[Step 1574] Action: 1
[Step 1588] Action: 0
[Step 1602] Action: 2
[Step 1616] Action: 3
[Step 1630] Action: 2
[Step 1644] Action: 3
[Step 1658] Action: 2
[Step 1672] Action: 3
[Step 1686] Action: 2
[Step 1700] Action: 1
[Step 1714] Action: 3
[Step 1728] Action: 0
[Step 1742] Action: 1
[Step 1756] Action: 1
[Step 1766] Action: 0
[Step 1780] Action: 0
[Step 1790] Action: 1
[Step 1804] Action: 1
[Step 1814] Action: 3
[Step 1828] Action: 3
[Step 1838] Action: 3
[Step 1848] Action: 2
[Step 1862] Action: 1
[Step 1876] Action: 0
[Step 1890] Action: 2
[Step 1904] Action: 1
[Step 1918] Action: 1
[Step 1928] Action: 3
[Step 1942] Action: 1
[Step 1956] Action: 2
[Step 1970] Action: 2
[Step 1980] Action: 3
[Step 1994] Action: 3
[Step 2004] Action: 3
[Step 2014] Action: 2
[Step 2028] Action: 1
[Step 2042] Action: 1
[Step 2052] Action: 3
[Step 2066] Action: 1
[Step 2080] Action: 2
[Step 2094] Action: 2
[Step 2104] Action: 2
[Step 2114] Action: 3
[Step 2128] Action: 1
[Step 2142] Action: 3
[Step 2156] Action: 1
[Step 2170] Action: 1
[Step 2180] Action: 2
[Step 2194] Action: 3
[Step 2208] Action: 2
[Step 2222] Action: 3
[Step 2236] Action: 0
[Step 2250] Action: 2
[Step 2264] Action: 2
[Step 2274] Action: 2
[Step 2284] Action: 0
[Step 2298] Action: 3
[Step 2312] Action: 1
[Step 2326] Action: 2
[Step 2340] Action: 1
[Step 2354] Action: 3
[Step 2368] Action: 1
[Step 2382] Action: 1
[Step 2392] Action: 0
[Step 2406] Action: 0
[Step 2416] Action: 1
[Step 2430] Action: 0
[Step 2444] Action: 3
[Step 2458] Action: 0
[Step 2472] Action: 1
[Step 2486] Action: 1
[Step 2496] Action: 0
[Step 2510] Action: 2
[Step 2524] Action: 0
[Step 2538] Action: 0
[Step 2548] Action: 0
[Step 2558] Action: 0
[Step 2568] Action: 1
[Step 2582] Action: 3
[Step 2596] Action: 2
[Step 2610] Action: 2
[Step 2620] Action: 0
[Step 2634] Action: 1
[Step 2648] Action: 2
[Step 2662] Action: 2
[Step 2672] Action: 1
[Step 2686] Action: 2
[Step 2700] Action: 0
[Step 2714] Action: 3
[Step 2728] Action: 2
[Step 2742] Action: 0
[Step 2756] Action: 1
[Step 2770] Action: 2
[Step 2784] Action: 2
[Step 2794] Action: 3
[Step 2808] Action: 1
[Step 2822] Action: 1
[Step 2832] Action: 1
[Step 2842] Action: 0
[Step 2856] Action: 0
[Step 2866] Action: 0
[Step 2876] Action: 1
[Step 2890] Action: 1
[Step 2900] Action: 0
[Step 2914] Action: 1
[Step 2928] Action: 2
[Step 2942] Action: 2
[Step 2952] Action: 0
[Step 2966] Action: 2
[Step 2980] Action: 3
[Step 2994] Action: 3
[Step 3004] Action: 2
[Step 3018] Action: 0
[Step 3032] Action: 2
[Step 3046] Action: 0
[Step 3060] Action: 1
[Step 3074] Action: 3
[Step 3088] Action: 3
[Step 3098] Action: 0
[Step 3112] Action: 0
[Step 3122] Action: 0
[Step 3132] Action: 1
[Step 3146] Action: 2
[Step 3160] Action: 3
[Step 3174] Action: 1
[Step 3188] Action: 1
[Step 3198] Action: 2
[Step 3212] Action: 0
[Step 3226] Action: 3
[Step 3240] Action: 0
[Step 3254] Action: 1
[Step 3268] Action: 1
[Step 3278] Action: 2
[Step 3292] Action: 0
[Step 3306] Action: 2
[Step 3320] Action: 0
[Step 3334] Action: 1
[Step 3348] Action: 3
[Step 3362] Action: 3
[Step 3372] Action: 0
[Step 3386] Action: 3
[Step 3400] Action: 3
[Step 3410] Action: 0
[Step 3424] Action: 0
[Step 3434] Action: 3
[Step 3448] Action: 2
[Step 3462] Action: 2
[Step 3472] Action: 0
[Step 3486] Action: 1
[Step 3500] Action: 3
[Step 3514] Action: 0
[Step 3528] Action: 3
[Step 3542] Action: 3
[Step 3552] Action: 1
[Step 3566] Action: 1
[Step 3576] Action: 3
[Step 3590] Action: 0
[Step 3604] Action: 3
[Step 3618] Action: 3
[Step 3628] Action: 2
[Step 3642] Action: 2
[Step 3652] Action: 3
[Step 3666] Action: 1
[Step 3680] Action: 1
[Step 3690] Action: 0
[Step 3704] Action: 1
[Step 3718] Action: 0
[Step 3732] Action: 1
[Step 3746] Action: 0
[Step 3760] Action: 1
[Step 3774] Action: 0
[Step 3788] Action: 1
[Step 3802] Action: 0
[Step 3816] Action: 3
[Step 3830] Action: 0
[Step 3844] Action: 1
[Step 3858] Action: 2
[Step 3872] Action: 3
[Step 3886] Action: 0
[Step 3900] Action: 2
[Step 3914] Action: 1
[Step 3928] Action: 2
[Step 3942] Action: 0
[Step 3956] Action: 2
[Step 3970] Action: 2
[Step 3980] Action: 1
[Step 3994] Action: 1
[Step 4004] Action: 2
[Step 4018] Action: 3
[Step 4032] Action: 1
[Step 4046] Action: 2
[Step 4060] Action: 0
[Step 4074] Action: 1
[Step 4088] Action: 1
[Step 4098] Action: 1
[Step 4108] Action: 2
[Step 4122] Action: 3
[Step 4136] Action: 1
[Step 4150] Action: 1
[Step 4160] Action: 0
[Step 4174] Action: 1
[Step 4188] Action: 1
[Step 4198] Action: 3
[Step 4212] Action: 2
[Step 4226] Action: 1
[Step 4240] Action: 1
[Step 4250] Action: 0
[Step 4264] Action: 0
[Step 4274] Action: 3
[Step 4288] Action: 3
[Step 4298] Action: 2
[Step 4312] Action: 2
[Step 4322] Action: 1
[Step 4336] Action: 3
[Step 4350] Action: 2
[Step 4364] Action: 1
[Step 4378] Action: 1
[Step 4388] Action: 0
[Step 4402] Action: 0
[Step 4412] Action: 2
[Step 4426] Action: 0
[Step 4440] Action: 3
[Step 4454] Action: 2
[Step 4468] Action: 2
[Step 4478] Action: 3
[Step 4492] Action: 3
[Step 4502] Action: 1
[Step 4516] Action: 1
[Step 4526] Action: 3
[Step 4540] Action: 1
[Step 4554] Action: 1
[Step 4564] Action: 1
[Step 4574] Action: 1
[Step 4584] Action: 2
[Step 4598] Action: 2
[Step 4608] Action: 2
[Step 4618] Action: 3
[Step 4632] Action: 2
[Step 4646] Action: 2
[Step 4656] Action: 3
[Step 4670] Action: 3
[Step 4680] Action: 0
[Step 4694] Action: 1
[Step 4708] Action: 2
[Step 4722] Action: 3
[Step 4736] Action: 0
[Step 4750] Action: 1
[Step 4764] Action: 1
[Step 4774] Action: 0
[Step 4788] Action: 1
[Step 4802] Action: 2
[Step 4816] Action: 0
[Step 4830] Action: 2
[Step 4844] Action: 3
[Step 4858] Action: 2
[Step 4872] Action: 2
[Step 4882] Action: 1
[Step 4896] Action: 3
[Step 4910] Action: 1
[Step 4924] Action: 2
[Step 4938] Action: 1
[Step 4952] Action: 1
[Step 4962] Action: 2
[Step 4976] Action: 0
[Step 4990] Action: 3
[Step 5004] Action: 2
[Step 5018] Action: 0
[Step 5032] Action: 2
[Step 5046] Action: 2
[Step 5056] Action: 2
[Step 5066] Action: 3
[Step 5080] Action: 0
[Step 5094] Action: 1
[Step 5108] Action: 0
[Step 5122] Action: 1
[Step 5136] Action: 3
[Step 5150] Action: 0
[Step 5164] Action: 1
[Step 5178] Action: 1
[Step 5188] Action: 0
[Step 5202] Action: 1
[Step 5216] Action: 0
[Step 5230] Action: 0
[Step 5240] Action: 1
[Step 5254] Action: 2
[Step 5268] Action: 3
[Step 5282] Action: 1
[Step 5296] Action: 1
[Step 5306] Action: 1
[Step 5316] Action: 3
[Step 5330] Action: 2
[Step 5344] Action: 3
[Step 5358] Action: 1
[Step 5372] Action: 0
[Step 5386] Action: 1
