[Step 0] Action: 1
[Step 40] Action: 3
[Step 84] Action: 2
[Step 128] Action: 3
[Step 172] Action: 1
[Step 216] Action: 0
[Step 260] Action: 1
[Step 304] Action: 1
[Step 344] Action: 1
[Step 384] Action: 1
[Step 424] Action: 3
[Step 468] Action: 1
[Step 512] Action: 2
[Step 556] Action: 1
[Step 600] Action: 3
[Step 644] Action: 1
[Step 688] Action: 3
[Step 732] Action: 1
[Step 776] Action: 1
[Step 816] Action: 1
[Step 856] Action: 3
[Step 900] Action: 3
[Step 940] Action: 1
[Step 984] Action: 1
[Step 1024] Action: 1
[Step 1064] Action: 1
[Step 1104] Action: 1
[Step 1144] Action: 1
[Step 1184] Action: 1
[Step 1224] Action: 1
[Step 1264] Action: 1
[Step 1304] Action: 1
[Step 1344] Action: 1
[Step 1384] Action: 1
[Step 1424] Action: 1
[Step 1464] Action: 2
[Step 1508] Action: 1
[Step 1552] Action: 1
[Step 1592] Action: 2
[Step 1636] Action: 1
[Step 1680] Action: 1
[Step 1720] Action: 1
[Step 1760] Action: 0
[Step 1804] Action: 1
[Step 1848] Action: 1
[Step 1888] Action: 1
[Step 1928] Action: 1
[Step 1968] Action: 1
[Step 2008] Action: 1
[Step 2048] Action: 3
[Step 2092] Action: 1
[Step 2136] Action: 1
[Step 2176] Action: 1
[Step 2216] Action: 1
[Step 2256] Action: 1
[Step 2296] Action: 1
[Step 2336] Action: 1
[Step 2376] Action: 1
[Step 2416] Action: 1
[Step 2456] Action: 1
[Step 2496] Action: 1
[Step 2536] Action: 3
[Step 2580] Action: 1
[Step 2624] Action: 1
[Step 2664] Action: 1
[Step 2704] Action: 1
[Step 2744] Action: 1
[Step 2784] Action: 1
[Step 2824] Action: 1
[Step 2864] Action: 0
[Step 2908] Action: 1
[Step 2952] Action: 1
[Step 2992] Action: 1
[Step 3032] Action: 2
[Step 3076] Action: 1
[Step 3120] Action: 1
[Step 3160] Action: 1
[Step 3200] Action: 1
[Step 3240] Action: 2
[Step 3284] Action: 2
[Step 3324] Action: 0
[Step 3368] Action: 2
[Step 3412] Action: 1
[Step 3456] Action: 2
[Step 3500] Action: 2
[Step 3540] Action: 0
[Step 3584] Action: 1
[Step 3628] Action: 2
[Step 3672] Action: 0
[Step 3716] Action: 1
[Step 3760] Action: 1
[Step 3800] Action: 3
[Step 3844] Action: 1
[Step 3888] Action: 0
[Step 3932] Action: 3
[Step 3976] Action: 0
[Step 4020] Action: 1
[Step 4064] Action: 3
[Step 4108] Action: 0
[Step 4152] Action: 1
[Step 4196] Action: 3
[Step 4240] Action: 2
[Step 4284] Action: 2
[Step 4324] Action: 1
[Step 4368] Action: 1
[Step 4408] Action: 0
[Step 4452] Action: 1
[Step 4496] Action: 0
[Step 4540] Action: 3
[Step 4584] Action: 1
[Step 4628] Action: 3
[Step 4672] Action: 1
[Step 4716] Action: 2
[Step 4760] Action: 1
[Step 4804] Action: 0
[Step 4848] Action: 0
[Step 4888] Action: 1
[Step 4932] Action: 1
[Step 4972] Action: 0
[Step 5016] Action: 3
[Step 5060] Action: 1
[Step 5104] Action: 1
[Step 5144] Action: 1
[Step 5184] Action: 1
[Step 5224] Action: 2
[Step 5268] Action: 3
[Step 5312] Action: 3
[Step 5352] Action: 0
[Step 5396] Action: 0
