[Step 0] Action: 1
[Step 10] Action: 1
[Step 20] Action: 1
[Step 30] Action: 2
[Step 44] Action: 2
[Step 54] Action: 1
[Step 68] Action: 3
[Step 82] Action: 0
[Step 96] Action: 0
[Step 106] Action: 0
[Step 116] Action: 2
[Step 130] Action: 3
[Step 144] Action: 1
[Step 158] Action: 2
[Step 172] Action: 3
[Step 186] Action: 2
[Step 200] Action: 1
[Step 214] Action: 3
[Step 228] Action: 2
[Step 242] Action: 1
[Step 256] Action: 0
[Step 270] Action: 0
[Step 280] Action: 2
[Step 294] Action: 0
[Step 308] Action: 0
[Step 318] Action: 2
[Step 332] Action: 2
[Step 342] Action: 1
[Step 356] Action: 1
[Step 366] Action: 2
[Step 380] Action: 0
[Step 394] Action: 2
[Step 408] Action: 1
[Step 422] Action: 2
[Step 436] Action: 1
[Step 450] Action: 1
[Step 460] Action: 1
[Step 470] Action: 1
[Step 480] Action: 1
[Step 490] Action: 0
[Step 504] Action: 0
[Step 514] Action: 0
[Step 524] Action: 1
[Step 538] Action: 2
[Step 552] Action: 1
[Step 566] Action: 2
[Step 580] Action: 0
[Step 594] Action: 1
[Step 608] Action: 1
[Step 618] Action: 1
[Step 628] Action: 1
[Step 638] Action: 1
[Step 648] Action: 2
[Step 662] Action: 1
[Step 676] Action: 2
[Step 690] Action: 2
[Step 700] Action: 1
[Step 714] Action: 1
[Step 724] Action: 1
[Step 734] Action: 1
[Step 744] Action: 1
[Step 754] Action: 1
[Step 764] Action: 1
[Step 774] Action: 1
[Step 784] Action: 1
[Step 794] Action: 1
[Step 804] Action: 1
[Step 814] Action: 1
[Step 824] Action: 1
[Step 834] Action: 0
[Step 848] Action: 1
[Step 862] Action: 2
[Step 876] Action: 1
[Step 890] Action: 1
[Step 900] Action: 1
[Step 910] Action: 2
[Step 924] Action: 1
[Step 938] Action: 2
[Step 952] Action: 1
[Step 966] Action: 1
[Step 976] Action: 1
[Step 986] Action: 1
[Step 996] Action: 1
[Step 1006] Action: 1
[Step 1016] Action: 1
[Step 1026] Action: 1
[Step 1036] Action: 2
[Step 1050] Action: 1
[Step 1064] Action: 1
[Step 1074] Action: 1
[Step 1084] Action: 1
[Step 1094] Action: 2
[Step 1108] Action: 1
[Step 1122] Action: 1
[Step 1132] Action: 1
[Step 1142] Action: 1
[Step 1152] Action: 1
[Step 1162] Action: 1
[Step 1172] Action: 1
[Step 1182] Action: 1
[Step 1192] Action: 1
[Step 1202] Action: 1
[Step 1212] Action: 1
[Step 1222] Action: 0
[Step 1236] Action: 0
[Step 1246] Action: 1
[Step 1260] Action: 2
[Step 1274] Action: 1
[Step 1288] Action: 1
[Step 1298] Action: 1
[Step 1308] Action: 1
[Step 1318] Action: 1
[Step 1328] Action: 1
[Step 1338] Action: 1
[Step 1348] Action: 1
[Step 1358] Action: 1
[Step 1368] Action: 1
[Step 1378] Action: 1
[Step 1388] Action: 1
[Step 1398] Action: 2
[Step 1412] Action: 1
[Step 1426] Action: 1
[Step 1436] Action: 1
[Step 1446] Action: 1
[Step 1456] Action: 1
[Step 1466] Action: 1
[Step 1476] Action: 1
[Step 1486] Action: 1
[Step 1496] Action: 1
[Step 1506] Action: 1
[Step 1516] Action: 1
[Step 1526] Action: 1
[Step 1536] Action: 1
[Step 1546] Action: 1
[Step 1556] Action: 1
[Step 1566] Action: 1
[Step 1576] Action: 1
[Step 1586] Action: 1
[Step 1596] Action: 1
[Step 1606] Action: 1
[Step 1616] Action: 0
[Step 1630] Action: 0
[Step 1640] Action: 0
[Step 1650] Action: 1
[Step 1664] Action: 2
[Step 1678] Action: 1
[Step 1692] Action: 1
[Step 1702] Action: 1
[Step 1712] Action: 2
[Step 1726] Action: 1
[Step 1740] Action: 1
[Step 1750] Action: 0
[Step 1764] Action: 0
[Step 1774] Action: 1
[Step 1788] Action: 0
[Step 1802] Action: 1
[Step 1816] Action: 0
[Step 1830] Action: 0
[Step 1840] Action: 2
[Step 1854] Action: 2
[Step 1864] Action: 1
[Step 1878] Action: 1
[Step 1888] Action: 1
[Step 1898] Action: 1
[Step 1908] Action: 0
[Step 1922] Action: 2
[Step 1936] Action: 1
[Step 1950] Action: 2
[Step 1964] Action: 1
[Step 1978] Action: 0
[Step 1992] Action: 0
[Step 2002] Action: 0
[Step 2012] Action: 2
[Step 2026] Action: 3
[Step 2040] Action: 1
[Step 2054] Action: 1
[Step 2064] Action: 3
[Step 2078] Action: 2
[Step 2092] Action: 0
[Step 2106] Action: 2
[Step 2120] Action: 1
[Step 2134] Action: 2
[Step 2148] Action: 1
[Step 2162] Action: 1
[Step 2172] Action: 2
[Step 2186] Action: 2
[Step 2196] Action: 2
[Step 2206] Action: 0
[Step 2220] Action: 1
[Step 2234] Action: 1
[Step 2244] Action: 2
[Step 2258] Action: 1
[Step 2272] Action: 1
[Step 2282] Action: 1
[Step 2292] Action: 1
[Step 2302] Action: 1
[Step 2312] Action: 1
[Step 2322] Action: 3
[Step 2336] Action: 2
[Step 2350] Action: 0
[Step 2364] Action: 1
[Step 2378] Action: 2
[Step 2392] Action: 1
[Step 2406] Action: 1
[Step 2416] Action: 1
[Step 2426] Action: 1
[Step 2436] Action: 0
[Step 2450] Action: 1
[Step 2464] Action: 0
[Step 2478] Action: 2
[Step 2492] Action: 0
[Step 2506] Action: 0
[Step 2516] Action: 0
[Step 2526] Action: 0
[Step 2536] Action: 0
[Step 2546] Action: 0
[Step 2556] Action: 1
[Step 2570] Action: 1
[Step 2580] Action: 1
[Step 2590] Action: 1
[Step 2600] Action: 0
[Step 2614] Action: 0
[Step 2624] Action: 1
[Step 2638] Action: 1
[Step 2648] Action: 0
[Step 2662] Action: 1
[Step 2676] Action: 3
[Step 2690] Action: 1
[Step 2704] Action: 3
[Step 2718] Action: 2
[Step 2732] Action: 0
[Step 2746] Action: 2
[Step 2760] Action: 2
[Step 2770] Action: 0
[Step 2784] Action: 0
[Step 2794] Action: 1
[Step 2808] Action: 0
[Step 2822] Action: 3
[Step 2836] Action: 1
[Step 2850] Action: 0
[Step 2864] Action: 2
[Step 2878] Action: 2
[Step 2888] Action: 1
[Step 2902] Action: 1
[Step 2912] Action: 1
[Step 2922] Action: 1
[Step 2932] Action: 0
[Step 2946] Action: 0
[Step 2956] Action: 0
[Step 2966] Action: 2
[Step 2980] Action: 0
[Step 2994] Action: 0
[Step 3004] Action: 2
[Step 3018] Action: 1
[Step 3032] Action: 1
[Step 3042] Action: 1
[Step 3052] Action: 0
[Step 3066] Action: 0
[Step 3076] Action: 2
[Step 3090] Action: 3
[Step 3104] Action: 3
[Step 3114] Action: 0
[Step 3128] Action: 3
[Step 3142] Action: 2
[Step 3156] Action: 0
[Step 3170] Action: 2
[Step 3184] Action: 0
[Step 3198] Action: 3
[Step 3212] Action: 3
[Step 3222] Action: 0
[Step 3236] Action: 1
[Step 3250] Action: 3
[Step 3264] Action: 3
[Step 3274] Action: 2
[Step 3288] Action: 1
[Step 3302] Action: 1
[Step 3312] Action: 1
[Step 3322] Action: 0
[Step 3336] Action: 0
[Step 3346] Action: 1
[Step 3360] Action: 1
[Step 3370] Action: 0
[Step 3384] Action: 3
[Step 3398] Action: 3
[Step 3408] Action: 0
[Step 3422] Action: 3
[Step 3436] Action: 0
[Step 3450] Action: 3
[Step 3464] Action: 0
[Step 3478] Action: 1
[Step 3492] Action: 0
[Step 3506] Action: 0
[Step 3516] Action: 0
[Step 3526] Action: 1
[Step 3540] Action: 1
[Step 3550] Action: 0
[Step 3564] Action: 0
[Step 3574] Action: 0
[Step 3584] Action: 3
[Step 3598] Action: 0
[Step 3612] Action: 3
[Step 3626] Action: 1
[Step 3640] Action: 3
[Step 3654] Action: 0
[Step 3668] Action: 2
[Step 3682] Action: 3
[Step 3696] Action: 0
[Step 3710] Action: 3
[Step 3724] Action: 2
[Step 3738] Action: 0
[Step 3752] Action: 1
[Step 3766] Action: 3
[Step 3780] Action: 0
[Step 3794] Action: 2
[Step 3808] Action: 1
[Step 3822] Action: 3
[Step 3836] Action: 0
[Step 3850] Action: 3
[Step 3864] Action: 2
[Step 3878] Action: 3
[Step 3892] Action: 3
[Step 3902] Action: 0
[Step 3916] Action: 3
[Step 3930] Action: 0
[Step 3944] Action: 2
[Step 3958] Action: 1
[Step 3972] Action: 3
[Step 3986] Action: 1
[Step 4000] Action: 0
[Step 4014] Action: 0
[Step 4024] Action: 1
[Step 4038] Action: 0
[Step 4052] Action: 0
[Step 4062] Action: 0
[Step 4072] Action: 2
[Step 4086] Action: 3
[Step 4100] Action: 2
[Step 4114] Action: 1
[Step 4128] Action: 3
[Step 4142] Action: 2
[Step 4156] Action: 3
[Step 4170] Action: 0
[Step 4184] Action: 1
[Step 4198] Action: 1
[Step 4208] Action: 0
[Step 4222] Action: 3
[Step 4236] Action: 3
[Step 4246] Action: 0
[Step 4260] Action: 2
[Step 4274] Action: 3
[Step 4288] Action: 0
[Step 4302] Action: 3
[Step 4316] Action: 3
[Step 4326] Action: 1
[Step 4340] Action: 0
[Step 4354] Action: 1
[Step 4368] Action: 0
[Step 4382] Action: 1
[Step 4396] Action: 3
[Step 4410] Action: 0
[Step 4424] Action: 1
[Step 4438] Action: 2
[Step 4452] Action: 1
[Step 4466] Action: 0
[Step 4480] Action: 1
[Step 4494] Action: 0
[Step 4508] Action: 3
[Step 4522] Action: 2
[Step 4536] Action: 0
[Step 4550] Action: 0
[Step 4560] Action: 3
[Step 4574] Action: 1
[Step 4588] Action: 2
[Step 4602] Action: 0
[Step 4616] Action: 3
[Step 4630] Action: 3
[Step 4640] Action: 0
[Step 4654] Action: 2
[Step 4668] Action: 2
[Step 4678] Action: 2
[Step 4688] Action: 2
[Step 4698] Action: 3
[Step 4712] Action: 1
[Step 4726] Action: 3
[Step 4740] Action: 0
[Step 4754] Action: 3
[Step 4768] Action: 3
[Step 4778] Action: 1
[Step 4792] Action: 3
[Step 4806] Action: 0
[Step 4820] Action: 0
[Step 4830] Action: 0
[Step 4840] Action: 3
[Step 4854] Action: 2
[Step 4868] Action: 0
[Step 4882] Action: 2
[Step 4896] Action: 1
[Step 4910] Action: 0
[Step 4924] Action: 0
[Step 4934] Action: 0
[Step 4944] Action: 0
[Step 4954] Action: 0
[Step 4964] Action: 0
[Step 4974] Action: 0
[Step 4984] Action: 1
[Step 4998] Action: 1
[Step 5008] Action: 3
[Step 5022] Action: 2
[Step 5036] Action: 2
[Step 5046] Action: 3
[Step 5060] Action: 0
[Step 5074] Action: 2
[Step 5088] Action: 2
[Step 5098] Action: 2
[Step 5108] Action: 3
[Step 5122] Action: 1
[Step 5136] Action: 2
[Step 5150] Action: 0
[Step 5164] Action: 2
[Step 5178] Action: 3
[Step 5192] Action: 1
[Step 5206] Action: 3
[Step 5220] Action: 0
[Step 5234] Action: 2
[Step 5248] Action: 0
[Step 5262] Action: 2
[Step 5276] Action: 0
[Step 5290] Action: 3
[Step 5304] Action: 0
[Step 5318] Action: 2
[Step 5332] Action: 2
[Step 5342] Action: 3
[Step 5356] Action: 3
[Step 5366] Action: 3
[Step 5376] Action: 3
[Step 5386] Action: 1
