[Step 0] Action: 2
[Step 10] Action: 2
[Step 20] Action: 3
[Step 34] Action: 2
[Step 48] Action: 2
[Step 58] Action: 1
[Step 72] Action: 0
[Step 86] Action: 3
[Step 100] Action: 2
[Step 114] Action: 0
[Step 128] Action: 0
[Step 138] Action: 1
[Step 152] Action: 2
[Step 166] Action: 2
[Step 176] Action: 0
[Step 190] Action: 3
[Step 204] Action: 3
[Step 214] Action: 3
[Step 224] Action: 2
[Step 238] Action: 3
[Step 252] Action: 3
[Step 262] Action: 3
[Step 272] Action: 1
[Step 286] Action: 2
[Step 300] Action: 2
[Step 310] Action: 2
[Step 320] Action: 3
[Step 334] Action: 0
[Step 348] Action: 1
[Step 362] Action: 2
[Step 376] Action: 1
[Step 390] Action: 2
[Step 404] Action: 2
[Step 414] Action: 0
[Step 428] Action: 1
[Step 442] Action: 2
[Step 456] Action: 3
[Step 470] Action: 0
[Step 484] Action: 3
[Step 498] Action: 3
[Step 508] Action: 0
[Step 522] Action: 3
[Step 536] Action: 3
[Step 546] Action: 3
[Step 556] Action: 1
[Step 570] Action: 1
[Step 580] Action: 0
[Step 594] Action: 3
[Step 608] Action: 2
[Step 622] Action: 0
[Step 636] Action: 2
[Step 650] Action: 0
[Step 664] Action: 3
[Step 678] Action: 2
[Step 692] Action: 1
[Step 706] Action: 3
[Step 720] Action: 1
[Step 734] Action: 0
[Step 748] Action: 3
[Step 762] Action: 0
[Step 776] Action: 2
[Step 790] Action: 1
[Step 804] Action: 0
[Step 818] Action: 3
[Step 832] Action: 0
[Step 846] Action: 3
[Step 860] Action: 2
[Step 874] Action: 0
[Step 888] Action: 3
[Step 902] Action: 0
[Step 916] Action: 2
[Step 930] Action: 1
[Step 944] Action: 0
[Step 958] Action: 2
[Step 972] Action: 1
[Step 986] Action: 3
[Step 1000] Action: 1
[Step 1014] Action: 3
[Step 1028] Action: 0
[Step 1042] Action: 3
[Step 1056] Action: 3
[Step 1066] Action: 3
[Step 1076] Action: 2
[Step 1090] Action: 2
[Step 1100] Action: 0
[Step 1114] Action: 0
[Step 1124] Action: 2
[Step 1138] Action: 0
[Step 1152] Action: 2
[Step 1166] Action: 3
[Step 1180] Action: 0
[Step 1194] Action: 1
[Step 1208] Action: 0
[Step 1222] Action: 3
[Step 1236] Action: 3
[Step 1246] Action: 3
[Step 1256] Action: 2
[Step 1270] Action: 2
[Step 1280] Action: 2
[Step 1290] Action: 1
[Step 1304] Action: 2
[Step 1318] Action: 0
[Step 1332] Action: 0
[Step 1342] Action: 2
[Step 1356] Action: 2
[Step 1366] Action: 2
[Step 1376] Action: 3
[Step 1390] Action: 3
[Step 1400] Action: 3
[Step 1410] Action: 1
[Step 1424] Action: 0
[Step 1438] Action: 3
[Step 1452] Action: 3
[Step 1462] Action: 1
[Step 1476] Action: 1
[Step 1486] Action: 3
[Step 1500] Action: 1
[Step 1514] Action: 1
[Step 1524] Action: 2
[Step 1538] Action: 2
[Step 1548] Action: 3
[Step 1562] Action: 0
[Step 1576] Action: 1
[Step 1590] Action: 3
[Step 1604] Action: 0
[Step 1618] Action: 3
[Step 1632] Action: 0
[Step 1646] Action: 3
[Step 1660] Action: 3
[Step 1670] Action: 0
[Step 1684] Action: 1
[Step 1698] Action: 3
[Step 1712] Action: 3
[Step 1722] Action: 1
[Step 1736] Action: 3
[Step 1750] Action: 1
[Step 1764] Action: 2
[Step 1778] Action: 1
[Step 1792] Action: 2
[Step 1806] Action: 2
[Step 1816] Action: 1
[Step 1830] Action: 0
[Step 1844] Action: 3
[Step 1858] Action: 2
[Step 1872] Action: 0
[Step 1886] Action: 1
[Step 1900] Action: 3
[Step 1914] Action: 2
[Step 1928] Action: 0
[Step 1942] Action: 1
[Step 1956] Action: 0
[Step 1970] Action: 1
[Step 1984] Action: 3
[Step 1998] Action: 1
[Step 2012] Action: 3
[Step 2026] Action: 1
[Step 2040] Action: 3
[Step 2054] Action: 1
[Step 2068] Action: 1
[Step 2078] Action: 0
[Step 2092] Action: 1
[Step 2106] Action: 2
[Step 2120] Action: 0
[Step 2134] Action: 0
[Step 2144] Action: 1
[Step 2158] Action: 3
[Step 2172] Action: 1
[Step 2186] Action: 1
[Step 2196] Action: 2
[Step 2210] Action: 3
[Step 2224] Action: 2
[Step 2238] Action: 1
[Step 2252] Action: 3
[Step 2266] Action: 3
[Step 2276] Action: 0
[Step 2290] Action: 0
[Step 2300] Action: 1
[Step 2314] Action: 2
[Step 2328] Action: 2
[Step 2338] Action: 2
[Step 2348] Action: 0
[Step 2362] Action: 1
[Step 2376] Action: 0
[Step 2390] Action: 1
[Step 2404] Action: 0
[Step 2418] Action: 0
[Step 2428] Action: 1
[Step 2442] Action: 0
[Step 2456] Action: 1
[Step 2470] Action: 0
[Step 2484] Action: 2
[Step 2498] Action: 3
[Step 2512] Action: 2
[Step 2526] Action: 3
[Step 2540] Action: 3
[Step 2550] Action: 0
[Step 2564] Action: 1
[Step 2578] Action: 0
[Step 2592] Action: 3
[Step 2606] Action: 2
[Step 2620] Action: 0
[Step 2634] Action: 1
[Step 2648] Action: 3
[Step 2662] Action: 3
[Step 2672] Action: 3
[Step 2682] Action: 2
[Step 2696] Action: 1
[Step 2710] Action: 3
[Step 2724] Action: 2
[Step 2738] Action: 3
[Step 2752] Action: 0
[Step 2766] Action: 3
[Step 2780] Action: 0
[Step 2794] Action: 3
[Step 2808] Action: 3
[Step 2818] Action: 3
[Step 2828] Action: 1
[Step 2842] Action: 3
[Step 2856] Action: 1
[Step 2870] Action: 0
[Step 2884] Action: 2
[Step 2898] Action: 3
[Step 2912] Action: 1
[Step 2926] Action: 1
[Step 2936] Action: 0
[Step 2950] Action: 2
[Step 2964] Action: 2
[Step 2974] Action: 2
[Step 2984] Action: 0
[Step 2998] Action: 3
[Step 3012] Action: 2
[Step 3026] Action: 2
[Step 3036] Action: 3
[Step 3050] Action: 0
[Step 3064] Action: 2
[Step 3078] Action: 3
[Step 3092] Action: 0
[Step 3106] Action: 0
[Step 3116] Action: 2
[Step 3130] Action: 2
[Step 3140] Action: 3
[Step 3154] Action: 3
[Step 3164] Action: 0
[Step 3178] Action: 2
[Step 3192] Action: 2
[Step 3202] Action: 2
[Step 3212] Action: 3
[Step 3226] Action: 0
[Step 3240] Action: 1
[Step 3254] Action: 3
[Step 3268] Action: 2
[Step 3282] Action: 3
[Step 3296] Action: 3
[Step 3306] Action: 3
[Step 3316] Action: 3
[Step 3326] Action: 0
[Step 3340] Action: 3
[Step 3354] Action: 2
[Step 3368] Action: 2
[Step 3378] Action: 3
[Step 3392] Action: 3
[Step 3402] Action: 2
[Step 3416] Action: 2
[Step 3426] Action: 1
[Step 3440] Action: 2
[Step 3454] Action: 2
[Step 3464] Action: 1
[Step 3478] Action: 3
[Step 3492] Action: 0
[Step 3506] Action: 1
[Step 3520] Action: 2
[Step 3534] Action: 1
[Step 3548] Action: 3
[Step 3562] Action: 0
[Step 3576] Action: 3
[Step 3590] Action: 2
[Step 3604] Action: 1
[Step 3618] Action: 2
[Step 3632] Action: 3
[Step 3646] Action: 0
[Step 3660] Action: 2
[Step 3674] Action: 2
[Step 3684] Action: 0
[Step 3698] Action: 2
[Step 3712] Action: 3
[Step 3726] Action: 3
[Step 3736] Action: 3
[Step 3746] Action: 2
[Step 3760] Action: 0
[Step 3774] Action: 2
[Step 3788] Action: 2
[Step 3798] Action: 2
[Step 3808] Action: 0
[Step 3822] Action: 1
[Step 3836] Action: 2
[Step 3850] Action: 1
[Step 3864] Action: 3
[Step 3878] Action: 2
[Step 3892] Action: 2
[Step 3902] Action: 2
[Step 3912] Action: 3
[Step 3926] Action: 0
[Step 3940] Action: 2
[Step 3954] Action: 3
[Step 3968] Action: 0
[Step 3982] Action: 0
[Step 3992] Action: 0
[Step 4002] Action: 3
[Step 4016] Action: 3
[Step 4026] Action: 2
[Step 4040] Action: 2
[Step 4050] Action: 2
[Step 4060] Action: 0
[Step 4074] Action: 2
[Step 4088] Action: 0
[Step 4102] Action: 1
[Step 4116] Action: 0
[Step 4130] Action: 3
[Step 4144] Action: 1
[Step 4158] Action: 3
[Step 4172] Action: 2
[Step 4186] Action: 3
[Step 4200] Action: 0
[Step 4214] Action: 1
[Step 4228] Action: 0
[Step 4242] Action: 3
[Step 4256] Action: 2
[Step 4270] Action: 2
[Step 4280] Action: 2
[Step 4290] Action: 2
[Step 4300] Action: 0
[Step 4314] Action: 1
[Step 4328] Action: 0
[Step 4342] Action: 3
[Step 4356] Action: 2
[Step 4370] Action: 1
[Step 4384] Action: 2
[Step 4398] Action: 0
[Step 4412] Action: 0
[Step 4422] Action: 3
[Step 4436] Action: 2
[Step 4450] Action: 3
[Step 4464] Action: 3
[Step 4474] Action: 2
[Step 4488] Action: 3
[Step 4502] Action: 3
[Step 4512] Action: 2
[Step 4526] Action: 0
[Step 4540] Action: 3
[Step 4554] Action: 0
[Step 4568] Action: 1
[Step 4582] Action: 3
[Step 4596] Action: 0
[Step 4610] Action: 1
[Step 4624] Action: 0
[Step 4638] Action: 1
[Step 4652] Action: 0
[Step 4666] Action: 3
[Step 4680] Action: 3
[Step 4690] Action: 3
[Step 4700] Action: 3
[Step 4710] Action: 2
[Step 4724] Action: 0
[Step 4738] Action: 3
[Step 4752] Action: 0
[Step 4766] Action: 2
[Step 4780] Action: 1
[Step 4794] Action: 2
[Step 4808] Action: 1
[Step 4822] Action: 2
[Step 4836] Action: 2
[Step 4846] Action: 1
[Step 4860] Action: 0
[Step 4874] Action: 2
[Step 4888] Action: 2
[Step 4898] Action: 0
[Step 4912] Action: 2
[Step 4926] Action: 2
[Step 4936] Action: 3
[Step 4950] Action: 3
[Step 4960] Action: 3
[Step 4970] Action: 2
[Step 4984] Action: 1
[Step 4998] Action: 2
[Step 5012] Action: 0
[Step 5026] Action: 3
[Step 5040] Action: 2
[Step 5054] Action: 3
[Step 5068] Action: 0
[Step 5082] Action: 1
[Step 5096] Action: 3
[Step 5110] Action: 3
[Step 5120] Action: 2
[Step 5134] Action: 3
[Step 5148] Action: 3
[Step 5158] Action: 2
[Step 5172] Action: 1
[Step 5186] Action: 3
[Step 5200] Action: 0
[Step 5214] Action: 2
[Step 5228] Action: 3
[Step 5242] Action: 2
[Step 5256] Action: 2
[Step 5266] Action: 1
[Step 5280] Action: 0
[Step 5294] Action: 0
[Step 5304] Action: 0
[Step 5314] Action: 0
[Step 5324] Action: 0
[Step 5334] Action: 3
[Step 5348] Action: 3
[Step 5358] Action: 0
[Step 5372] Action: 2
[Step 5386] Action: 3
