[Step 0] Action: 3
[Step 10] Action: 1
[Step 24] Action: 0
[Step 38] Action: 1
[Step 52] Action: 1
[Step 62] Action: 2
[Step 76] Action: 2
[Step 86] Action: 2
[Step 96] Action: 1
[Step 110] Action: 3
[Step 124] Action: 1
[Step 138] Action: 1
[Step 148] Action: 3
[Step 162] Action: 1
[Step 176] Action: 1
[Step 186] Action: 2
[Step 200] Action: 3
[Step 214] Action: 2
[Step 228] Action: 1
[Step 242] Action: 1
[Step 252] Action: 1
[Step 262] Action: 1
[Step 272] Action: 0
[Step 286] Action: 1
[Step 300] Action: 0
[Step 314] Action: 0
[Step 324] Action: 1
[Step 338] Action: 3
[Step 352] Action: 1
[Step 366] Action: 1
[Step 376] Action: 2
[Step 390] Action: 1
[Step 404] Action: 3
[Step 418] Action: 1
[Step 432] Action: 1
[Step 442] Action: 1
[Step 452] Action: 1
[Step 462] Action: 1
[Step 472] Action: 1
[Step 482] Action: 1
[Step 492] Action: 1
[Step 502] Action: 1
[Step 512] Action: 1
[Step 522] Action: 2
[Step 536] Action: 1
[Step 550] Action: 1
[Step 560] Action: 1
[Step 570] Action: 1
[Step 580] Action: 0
[Step 594] Action: 2
[Step 608] Action: 1
[Step 622] Action: 1
[Step 632] Action: 1
[Step 642] Action: 1
[Step 652] Action: 1
[Step 662] Action: 1
[Step 672] Action: 2
[Step 686] Action: 2
[Step 696] Action: 1
[Step 710] Action: 1
[Step 720] Action: 1
[Step 730] Action: 1
[Step 740] Action: 1
[Step 750] Action: 2
[Step 764] Action: 1
[Step 778] Action: 1
[Step 788] Action: 2
[Step 802] Action: 1
[Step 816] Action: 1
[Step 826] Action: 1
[Step 836] Action: 0
[Step 850] Action: 1
[Step 864] Action: 1
[Step 874] Action: 1
[Step 884] Action: 1
[Step 894] Action: 1
[Step 904] Action: 1
[Step 914] Action: 2
[Step 928] Action: 1
[Step 942] Action: 1
[Step 952] Action: 1
[Step 962] Action: 1
[Step 972] Action: 1
[Step 982] Action: 1
[Step 992] Action: 1
[Step 1002] Action: 2
[Step 1016] Action: 1
[Step 1030] Action: 1
[Step 1040] Action: 0
[Step 1054] Action: 1
[Step 1068] Action: 1
[Step 1078] Action: 1
[Step 1088] Action: 1
[Step 1098] Action: 1
[Step 1108] Action: 1
[Step 1118] Action: 1
[Step 1128] Action: 2
[Step 1142] Action: 1
[Step 1156] Action: 1
[Step 1166] Action: 1
[Step 1176] Action: 1
[Step 1186] Action: 1
[Step 1196] Action: 1
[Step 1206] Action: 1
[Step 1216] Action: 1
[Step 1226] Action: 1
[Step 1236] Action: 1
[Step 1246] Action: 1
[Step 1256] Action: 1
[Step 1266] Action: 1
[Step 1276] Action: 1
[Step 1286] Action: 1
[Step 1296] Action: 0
[Step 1310] Action: 1
[Step 1324] Action: 1
[Step 1334] Action: 1
[Step 1344] Action: 1
[Step 1354] Action: 1
[Step 1364] Action: 1
[Step 1374] Action: 1
[Step 1384] Action: 1
[Step 1394] Action: 1
[Step 1404] Action: 1
[Step 1414] Action: 0
[Step 1428] Action: 0
[Step 1438] Action: 2
[Step 1452] Action: 1
[Step 1466] Action: 1
[Step 1476] Action: 1
[Step 1486] Action: 1
[Step 1496] Action: 1
[Step 1506] Action: 1
[Step 1516] Action: 1
[Step 1526] Action: 1
[Step 1536] Action: 1
[Step 1546] Action: 1
[Step 1556] Action: 1
[Step 1566] Action: 1
[Step 1576] Action: 1
[Step 1586] Action: 1
[Step 1596] Action: 1
[Step 1606] Action: 1
[Step 1616] Action: 1
[Step 1626] Action: 1
[Step 1636] Action: 1
[Step 1646] Action: 1
[Step 1656] Action: 1
[Step 1666] Action: 1
[Step 1676] Action: 0
[Step 1690] Action: 1
[Step 1704] Action: 1
[Step 1714] Action: 1
[Step 1724] Action: 1
[Step 1734] Action: 1
[Step 1744] Action: 1
[Step 1754] Action: 0
[Step 1768] Action: 1
[Step 1782] Action: 2
[Step 1796] Action: 1
[Step 1810] Action: 1
[Step 1820] Action: 1
[Step 1830] Action: 1
[Step 1840] Action: 1
[Step 1850] Action: 1
[Step 1860] Action: 1
[Step 1870] Action: 0
[Step 1884] Action: 2
[Step 1898] Action: 1
[Step 1912] Action: 1
[Step 1922] Action: 1
[Step 1932] Action: 1
[Step 1942] Action: 2
[Step 1956] Action: 1
[Step 1970] Action: 1
[Step 1980] Action: 1
[Step 1990] Action: 1
[Step 2000] Action: 1
[Step 2010] Action: 1
[Step 2020] Action: 1
[Step 2030] Action: 0
[Step 2044] Action: 0
[Step 2054] Action: 1
[Step 2068] Action: 1
[Step 2078] Action: 1
[Step 2088] Action: 1
[Step 2098] Action: 1
[Step 2108] Action: 1
[Step 2118] Action: 3
[Step 2132] Action: 2
[Step 2146] Action: 2
[Step 2156] Action: 1
[Step 2170] Action: 1
[Step 2180] Action: 1
[Step 2190] Action: 1
[Step 2200] Action: 1
[Step 2210] Action: 0
[Step 2224] Action: 2
[Step 2238] Action: 1
[Step 2252] Action: 1
[Step 2262] Action: 1
[Step 2272] Action: 1
[Step 2282] Action: 2
[Step 2296] Action: 3
[Step 2310] Action: 0
[Step 2324] Action: 1
[Step 2338] Action: 0
[Step 2352] Action: 3
[Step 2366] Action: 2
[Step 2380] Action: 1
[Step 2394] Action: 1
[Step 2404] Action: 2
[Step 2418] Action: 2
[Step 2428] Action: 1
[Step 2442] Action: 0
[Step 2456] Action: 3
[Step 2470] Action: 1
[Step 2484] Action: 1
[Step 2494] Action: 1
[Step 2504] Action: 1
[Step 2514] Action: 1
[Step 2524] Action: 1
[Step 2534] Action: 2
[Step 2548] Action: 0
[Step 2562] Action: 3
[Step 2576] Action: 2
[Step 2590] Action: 2
[Step 2600] Action: 1
[Step 2614] Action: 0
[Step 2628] Action: 0
[Step 2638] Action: 1
[Step 2652] Action: 3
[Step 2666] Action: 0
[Step 2680] Action: 2
[Step 2694] Action: 3
[Step 2708] Action: 2
[Step 2722] Action: 0
[Step 2736] Action: 2
[Step 2750] Action: 1
[Step 2764] Action: 1
[Step 2774] Action: 1
[Step 2784] Action: 1
[Step 2794] Action: 1
[Step 2804] Action: 0
[Step 2818] Action: 0
[Step 2828] Action: 2
[Step 2842] Action: 1
[Step 2856] Action: 0
[Step 2870] Action: 3
[Step 2884] Action: 1
[Step 2898] Action: 0
[Step 2912] Action: 1
[Step 2926] Action: 1
[Step 2936] Action: 0
[Step 2950] Action: 1
[Step 2964] Action: 0
[Step 2978] Action: 1
[Step 2992] Action: 0
[Step 3006] Action: 2
[Step 3020] Action: 0
[Step 3034] Action: 0
[Step 3044] Action: 3
[Step 3058] Action: 0
[Step 3072] Action: 2
[Step 3086] Action: 1
[Step 3100] Action: 2
[Step 3114] Action: 1
[Step 3128] Action: 2
[Step 3142] Action: 1
[Step 3156] Action: 3
[Step 3170] Action: 1
[Step 3184] Action: 2
[Step 3198] Action: 2
[Step 3208] Action: 1
[Step 3222] Action: 3
[Step 3236] Action: 1
[Step 3250] Action: 3
[Step 3264] Action: 3
[Step 3274] Action: 2
[Step 3288] Action: 1
[Step 3302] Action: 2
[Step 3316] Action: 3
[Step 3330] Action: 1
[Step 3344] Action: 0
[Step 3358] Action: 2
[Step 3372] Action: 1
[Step 3386] Action: 1
[Step 3396] Action: 1
[Step 3406] Action: 3
[Step 3420] Action: 3
[Step 3430] Action: 2
[Step 3444] Action: 0
[Step 3458] Action: 3
[Step 3472] Action: 1
[Step 3486] Action: 1
[Step 3496] Action: 3
[Step 3510] Action: 3
[Step 3520] Action: 0
[Step 3534] Action: 1
[Step 3548] Action: 3
[Step 3562] Action: 3
[Step 3572] Action: 3
[Step 3582] Action: 0
[Step 3596] Action: 2
[Step 3610] Action: 3
[Step 3624] Action: 0
[Step 3638] Action: 1
[Step 3652] Action: 3
[Step 3666] Action: 0
[Step 3680] Action: 1
[Step 3694] Action: 0
[Step 3708] Action: 3
[Step 3722] Action: 1
[Step 3736] Action: 3
[Step 3750] Action: 2
[Step 3764] Action: 1
[Step 3778] Action: 1
[Step 3788] Action: 0
[Step 3802] Action: 1
[Step 3816] Action: 2
[Step 3830] Action: 3
[Step 3844] Action: 3
[Step 3854] Action: 0
[Step 3868] Action: 2
[Step 3882] Action: 2
[Step 3892] Action: 2
[Step 3902] Action: 0
[Step 3916] Action: 0
[Step 3926] Action: 3
[Step 3940] Action: 3
[Step 3950] Action: 1
[Step 3964] Action: 0
[Step 3978] Action: 0
[Step 3988] Action: 3
[Step 4002] Action: 3
[Step 4012] Action: 3
[Step 4022] Action: 1
[Step 4036] Action: 0
[Step 4050] Action: 2
[Step 4064] Action: 1
[Step 4078] Action: 1
[Step 4088] Action: 3
[Step 4102] Action: 2
[Step 4116] Action: 2
[Step 4126] Action: 1
[Step 4140] Action: 3
[Step 4154] Action: 3
[Step 4164] Action: 3
[Step 4174] Action: 1
[Step 4188] Action: 2
[Step 4202] Action: 1
[Step 4216] Action: 1
[Step 4226] Action: 3
[Step 4240] Action: 0
[Step 4254] Action: 2
[Step 4268] Action: 1
[Step 4282] Action: 1
[Step 4292] Action: 1
[Step 4302] Action: 0
[Step 4316] Action: 1
[Step 4330] Action: 3
[Step 4344] Action: 0
[Step 4358] Action: 1
[Step 4372] Action: 0
[Step 4386] Action: 1
[Step 4400] Action: 3
[Step 4414] Action: 0
[Step 4428] Action: 3
[Step 4442] Action: 0
[Step 4456] Action: 0
[Step 4466] Action: 2
[Step 4480] Action: 0
[Step 4494] Action: 1
[Step 4508] Action: 3
[Step 4522] Action: 1
[Step 4536] Action: 0
[Step 4550] Action: 2
[Step 4564] Action: 3
[Step 4578] Action: 1
[Step 4592] Action: 2
[Step 4606] Action: 3
[Step 4620] Action: 1
[Step 4634] Action: 3
[Step 4648] Action: 1
[Step 4662] Action: 0
[Step 4676] Action: 1
[Step 4690] Action: 0
[Step 4704] Action: 0
[Step 4714] Action: 3
[Step 4728] Action: 0
[Step 4742] Action: 2
[Step 4756] Action: 3
[Step 4770] Action: 1
[Step 4784] Action: 1
[Step 4794] Action: 0
[Step 4808] Action: 3
[Step 4822] Action: 3
[Step 4832] Action: 0
[Step 4846] Action: 3
[Step 4860] Action: 0
[Step 4874] Action: 3
[Step 4888] Action: 1
[Step 4902] Action: 0
[Step 4916] Action: 2
[Step 4930] Action: 0
[Step 4944] Action: 2
[Step 4958] Action: 3
[Step 4972] Action: 0
[Step 4986] Action: 1
[Step 5000] Action: 0
[Step 5014] Action: 1
[Step 5028] Action: 1
[Step 5038] Action: 1
[Step 5048] Action: 1
[Step 5058] Action: 2
[Step 5072] Action: 2
[Step 5082] Action: 1
[Step 5096] Action: 1
[Step 5106] Action: 2
[Step 5120] Action: 2
[Step 5130] Action: 3
[Step 5144] Action: 1
[Step 5158] Action: 0
[Step 5172] Action: 3
[Step 5186] Action: 3
[Step 5196] Action: 0
[Step 5210] Action: 3
[Step 5224] Action: 2
[Step 5238] Action: 0
[Step 5252] Action: 2
[Step 5266] Action: 3
[Step 5280] Action: 0
[Step 5294] Action: 1
[Step 5308] Action: 3
[Step 5322] Action: 2
[Step 5336] Action: 1
[Step 5350] Action: 2
[Step 5364] Action: 3
[Step 5378] Action: 3
[Step 5388] Action: 3
[Step 5398] Action: 3
