[Step 0] Action: 2
[Step 10] Action: 2
[Step 20] Action: 2
[Step 30] Action: 2
[Step 40] Action: 2
[Step 50] Action: 2
[Step 60] Action: 2
[Step 70] Action: 3
[Step 84] Action: 2
[Step 98] Action: 3
[Step 112] Action: 2
[Step 126] Action: 2
[Step 136] Action: 2
[Step 146] Action: 2
[Step 156] Action: 3
[Step 170] Action: 2
[Step 184] Action: 2
[Step 194] Action: 1
[Step 208] Action: 2
[Step 222] Action: 2
[Step 232] Action: 0
[Step 246] Action: 3
[Step 260] Action: 2
[Step 274] Action: 2
[Step 284] Action: 2
[Step 294] Action: 2
[Step 304] Action: 0
[Step 318] Action: 2
[Step 332] Action: 0
[Step 346] Action: 1
[Step 360] Action: 3
[Step 374] Action: 2
[Step 388] Action: 2
[Step 398] Action: 2
[Step 408] Action: 2
[Step 418] Action: 2
[Step 428] Action: 0
[Step 442] Action: 2
[Step 456] Action: 2
[Step 466] Action: 2
[Step 476] Action: 2
[Step 486] Action: 1
[Step 500] Action: 1
[Step 510] Action: 0
[Step 524] Action: 0
[Step 534] Action: 2
[Step 548] Action: 0
[Step 562] Action: 1
[Step 576] Action: 1
[Step 586] Action: 0
[Step 600] Action: 1
[Step 614] Action: 0
[Step 628] Action: 1
[Step 642] Action: 0
[Step 656] Action: 2
[Step 670] Action: 0
[Step 684] Action: 2
[Step 698] Action: 1
[Step 712] Action: 1
[Step 722] Action: 0
[Step 736] Action: 0
[Step 746] Action: 2
[Step 760] Action: 0
[Step 774] Action: 2
[Step 788] Action: 0
[Step 802] Action: 2
[Step 816] Action: 0
[Step 830] Action: 0
[Step 840] Action: 2
[Step 854] Action: 0
[Step 868] Action: 2
[Step 882] Action: 3
[Step 896] Action: 0
[Step 910] Action: 0
[Step 920] Action: 0
[Step 930] Action: 3
[Step 944] Action: 3
[Step 954] Action: 2
[Step 968] Action: 2
[Step 978] Action: 0
[Step 992] Action: 1
[Step 1006] Action: 3
[Step 1020] Action: 2
[Step 1034] Action: 2
[Step 1044] Action: 1
[Step 1058] Action: 0
[Step 1072] Action: 2
[Step 1086] Action: 0
[Step 1100] Action: 1
[Step 1114] Action: 2
[Step 1128] Action: 0
[Step 1142] Action: 3
[Step 1156] Action: 1
[Step 1170] Action: 0
[Step 1184] Action: 0
[Step 1194] Action: 2
[Step 1208] Action: 2
[Step 1218] Action: 2
[Step 1228] Action: 1
[Step 1242] Action: 1
[Step 1252] Action: 0
[Step 1266] Action: 0
[Step 1276] Action: 3
[Step 1290] Action: 2
[Step 1304] Action: 2
[Step 1314] Action: 2
[Step 1324] Action: 0
[Step 1338] Action: 0
[Step 1348] Action: 0
[Step 1358] Action: 1
[Step 1372] Action: 1
[Step 1382] Action: 0
[Step 1396] Action: 2
[Step 1410] Action: 1
[Step 1424] Action: 0
[Step 1438] Action: 2
[Step 1452] Action: 1
[Step 1466] Action: 0
[Step 1480] Action: 2
[Step 1494] Action: 2
[Step 1504] Action: 2
[Step 1514] Action: 0
[Step 1528] Action: 3
[Step 1542] Action: 2
[Step 1556] Action: 0
[Step 1570] Action: 2
[Step 1584] Action: 0
[Step 1598] Action: 3
[Step 1612] Action: 0
[Step 1626] Action: 0
[Step 1636] Action: 0
[Step 1646] Action: 2
[Step 1660] Action: 0
[Step 1674] Action: 2
[Step 1688] Action: 0
[Step 1702] Action: 3
[Step 1716] Action: 0
[Step 1730] Action: 2
[Step 1744] Action: 0
[Step 1758] Action: 2
[Step 1772] Action: 0
[Step 1786] Action: 2
[Step 1800] Action: 0
[Step 1814] Action: 2
[Step 1828] Action: 0
[Step 1842] Action: 2
[Step 1856] Action: 2
[Step 1866] Action: 2
[Step 1876] Action: 2
[Step 1886] Action: 1
[Step 1900] Action: 0
[Step 1914] Action: 0
[Step 1924] Action: 2
[Step 1938] Action: 0
[Step 1952] Action: 0
[Step 1962] Action: 2
[Step 1976] Action: 1
[Step 1990] Action: 0
[Step 2004] Action: 2
[Step 2018] Action: 2
[Step 2028] Action: 0
[Step 2042] Action: 2
[Step 2056] Action: 0
[Step 2070] Action: 1
[Step 2084] Action: 3
[Step 2098] Action: 2
[Step 2112] Action: 0
[Step 2126] Action: 2
[Step 2140] Action: 0
[Step 2154] Action: 1
[Step 2168] Action: 3
[Step 2182] Action: 2
[Step 2196] Action: 2
[Step 2206] Action: 2
[Step 2216] Action: 3
[Step 2230] Action: 2
[Step 2244] Action: 2
[Step 2254] Action: 2
[Step 2264] Action: 1
[Step 2278] Action: 1
[Step 2288] Action: 3
[Step 2302] Action: 2
[Step 2316] Action: 2
[Step 2326] Action: 2
[Step 2336] Action: 2
[Step 2346] Action: 1
[Step 2360] Action: 2
[Step 2374] Action: 0
[Step 2388] Action: 1
[Step 2402] Action: 3
[Step 2416] Action: 2
[Step 2430] Action: 0
[Step 2444] Action: 0
[Step 2454] Action: 2
[Step 2468] Action: 1
[Step 2482] Action: 2
[Step 2496] Action: 2
[Step 2506] Action: 2
[Step 2516] Action: 2
[Step 2526] Action: 0
[Step 2540] Action: 2
[Step 2554] Action: 2
[Step 2564] Action: 2
[Step 2574] Action: 2
[Step 2584] Action: 0
[Step 2598] Action: 2
[Step 2612] Action: 3
[Step 2626] Action: 0
[Step 2640] Action: 2
[Step 2654] Action: 3
[Step 2668] Action: 2
[Step 2682] Action: 2
[Step 2692] Action: 2
[Step 2702] Action: 2
[Step 2712] Action: 2
[Step 2722] Action: 2
[Step 2732] Action: 2
[Step 2742] Action: 3
[Step 2756] Action: 1
[Step 2770] Action: 0
[Step 2784] Action: 1
[Step 2798] Action: 3
[Step 2812] Action: 2
[Step 2826] Action: 3
[Step 2840] Action: 2
[Step 2854] Action: 0
[Step 2868] Action: 2
[Step 2882] Action: 0
[Step 2896] Action: 2
[Step 2910] Action: 1
[Step 2924] Action: 3
[Step 2938] Action: 2
[Step 2952] Action: 1
[Step 2966] Action: 2
[Step 2980] Action: 3
[Step 2994] Action: 2
[Step 3008] Action: 0
[Step 3022] Action: 2
[Step 3036] Action: 2
[Step 3046] Action: 2
[Step 3056] Action: 2
[Step 3066] Action: 2
[Step 3076] Action: 2
[Step 3086] Action: 0
[Step 3100] Action: 2
[Step 3114] Action: 2
[Step 3124] Action: 2
[Step 3134] Action: 0
[Step 3148] Action: 2
[Step 3162] Action: 2
[Step 3172] Action: 2
[Step 3182] Action: 1
[Step 3196] Action: 3
[Step 3210] Action: 2
[Step 3224] Action: 2
[Step 3234] Action: 3
[Step 3248] Action: 2
[Step 3262] Action: 3
[Step 3276] Action: 2
[Step 3290] Action: 2
[Step 3300] Action: 1
[Step 3314] Action: 3
[Step 3328] Action: 1
[Step 3342] Action: 1
[Step 3352] Action: 0
[Step 3366] Action: 2
[Step 3380] Action: 1
[Step 3394] Action: 1
[Step 3404] Action: 3
[Step 3418] Action: 2
[Step 3432] Action: 2
[Step 3442] Action: 2
[Step 3452] Action: 2
[Step 3462] Action: 2
[Step 3472] Action: 0
[Step 3486] Action: 3
[Step 3500] Action: 2
[Step 3514] Action: 2
[Step 3524] Action: 2
[Step 3534] Action: 2
[Step 3544] Action: 2
[Step 3554] Action: 2
[Step 3564] Action: 2
[Step 3574] Action: 0
[Step 3588] Action: 2
[Step 3602] Action: 2
[Step 3612] Action: 3
[Step 3626] Action: 2
[Step 3640] Action: 1
[Step 3654] Action: 0
[Step 3668] Action: 0
[Step 3678] Action: 2
[Step 3692] Action: 2
[Step 3702] Action: 2
[Step 3712] Action: 0
[Step 3726] Action: 2
[Step 3740] Action: 2
[Step 3750] Action: 2
[Step 3760] Action: 2
[Step 3770] Action: 2
[Step 3780] Action: 2
[Step 3790] Action: 2
[Step 3800] Action: 2
[Step 3810] Action: 3
[Step 3824] Action: 2
[Step 3838] Action: 2
[Step 3848] Action: 2
[Step 3858] Action: 3
[Step 3872] Action: 2
[Step 3886] Action: 2
[Step 3896] Action: 0
[Step 3910] Action: 2
[Step 3924] Action: 2
[Step 3934] Action: 2
[Step 3944] Action: 0
[Step 3958] Action: 2
[Step 3972] Action: 3
[Step 3986] Action: 2
[Step 4000] Action: 2
[Step 4010] Action: 2
[Step 4020] Action: 1
[Step 4034] Action: 3
[Step 4048] Action: 2
[Step 4062] Action: 1
[Step 4076] Action: 0
[Step 4090] Action: 2
[Step 4104] Action: 2
[Step 4114] Action: 0
[Step 4128] Action: 2
[Step 4142] Action: 2
[Step 4152] Action: 2
[Step 4162] Action: 2
[Step 4172] Action: 2
[Step 4182] Action: 3
[Step 4196] Action: 2
[Step 4210] Action: 2
[Step 4220] Action: 2
[Step 4230] Action: 2
[Step 4240] Action: 2
[Step 4250] Action: 2
[Step 4260] Action: 2
[Step 4270] Action: 2
[Step 4280] Action: 3
[Step 4294] Action: 1
[Step 4308] Action: 3
[Step 4322] Action: 2
[Step 4336] Action: 3
[Step 4350] Action: 2
[Step 4364] Action: 2
[Step 4374] Action: 2
[Step 4384] Action: 2
[Step 4394] Action: 2
[Step 4404] Action: 0
[Step 4418] Action: 0
[Step 4428] Action: 2
[Step 4442] Action: 2
[Step 4452] Action: 2
[Step 4462] Action: 3
[Step 4476] Action: 2
[Step 4490] Action: 1
[Step 4504] Action: 3
[Step 4518] Action: 2
[Step 4532] Action: 0
[Step 4546] Action: 2
[Step 4560] Action: 2
[Step 4570] Action: 2
[Step 4580] Action: 2
[Step 4590] Action: 2
[Step 4600] Action: 3
[Step 4614] Action: 0
[Step 4628] Action: 2
[Step 4642] Action: 2
[Step 4652] Action: 2
[Step 4662] Action: 2
[Step 4672] Action: 2
[Step 4682] Action: 2
[Step 4692] Action: 2
[Step 4702] Action: 2
[Step 4712] Action: 2
[Step 4722] Action: 2
[Step 4732] Action: 2
[Step 4742] Action: 3
[Step 4756] Action: 2
[Step 4770] Action: 2
[Step 4780] Action: 2
[Step 4790] Action: 0
[Step 4804] Action: 2
[Step 4818] Action: 2
[Step 4828] Action: 2
[Step 4838] Action: 0
[Step 4852] Action: 3
[Step 4866] Action: 2
[Step 4880] Action: 2
[Step 4890] Action: 2
[Step 4900] Action: 0
[Step 4914] Action: 2
[Step 4928] Action: 2
[Step 4938] Action: 2
[Step 4948] Action: 2
[Step 4958] Action: 2
[Step 4968] Action: 2
[Step 4978] Action: 2
[Step 4988] Action: 2
[Step 4998] Action: 2
[Step 5008] Action: 0
[Step 5022] Action: 2
[Step 5036] Action: 2
[Step 5046] Action: 2
[Step 5056] Action: 3
[Step 5070] Action: 2
[Step 5084] Action: 3
[Step 5098] Action: 2
[Step 5112] Action: 2
[Step 5122] Action: 2
[Step 5132] Action: 2
[Step 5142] Action: 2
[Step 5152] Action: 2
[Step 5162] Action: 2
[Step 5172] Action: 2
[Step 5182] Action: 2
[Step 5192] Action: 2
[Step 5202] Action: 2
[Step 5212] Action: 2
[Step 5222] Action: 2
[Step 5232] Action: 2
[Step 5242] Action: 2
[Step 5252] Action: 2
[Step 5262] Action: 2
[Step 5272] Action: 2
[Step 5282] Action: 3
[Step 5296] Action: 2
[Step 5310] Action: 2
[Step 5320] Action: 2
[Step 5330] Action: 2
[Step 5340] Action: 2
[Step 5350] Action: 2
[Step 5360] Action: 2
[Step 5370] Action: 2
[Step 5380] Action: 2
[Step 5390] Action: 2
