[Step 0] Action: 2
[Step 40] Action: 0
[Step 84] Action: 3
[Step 128] Action: 3
[Step 168] Action: 1
[Step 212] Action: 1
[Step 252] Action: 1
[Step 292] Action: 0
[Step 336] Action: 1
[Step 380] Action: 1
[Step 420] Action: 1
[Step 460] Action: 1
[Step 500] Action: 0
[Step 544] Action: 1
[Step 588] Action: 1
[Step 628] Action: 1
[Step 668] Action: 1
[Step 708] Action: 0
[Step 752] Action: 1
[Step 796] Action: 1
[Step 836] Action: 1
[Step 876] Action: 1
[Step 916] Action: 1
[Step 956] Action: 1
[Step 996] Action: 3
[Step 1040] Action: 0
[Step 1084] Action: 1
[Step 1128] Action: 1
[Step 1168] Action: 1
[Step 1208] Action: 1
[Step 1248] Action: 0
[Step 1292] Action: 1
[Step 1336] Action: 1
[Step 1376] Action: 1
[Step 1416] Action: 1
[Step 1456] Action: 1
[Step 1496] Action: 1
[Step 1536] Action: 1
[Step 1576] Action: 1
[Step 1616] Action: 1
[Step 1656] Action: 1
[Step 1696] Action: 1
[Step 1736] Action: 1
[Step 1776] Action: 1
[Step 1816] Action: 1
[Step 1856] Action: 1
[Step 1896] Action: 1
[Step 1936] Action: 2
[Step 1980] Action: 1
[Step 2024] Action: 1
[Step 2064] Action: 0
[Step 2108] Action: 1
[Step 2152] Action: 1
[Step 2192] Action: 1
[Step 2232] Action: 1
[Step 2272] Action: 2
[Step 2316] Action: 0
[Step 2360] Action: 0
[Step 2400] Action: 1
[Step 2444] Action: 1
[Step 2484] Action: 1
[Step 2524] Action: 1
[Step 2564] Action: 1
[Step 2604] Action: 2
[Step 2648] Action: 2
[Step 2688] Action: 1
[Step 2732] Action: 2
[Step 2776] Action: 2
[Step 2816] Action: 3
[Step 2860] Action: 2
[Step 2904] Action: 0
[Step 2948] Action: 1
[Step 2992] Action: 1
[Step 3032] Action: 1
[Step 3072] Action: 1
[Step 3112] Action: 1
[Step 3152] Action: 0
[Step 3196] Action: 3
[Step 3240] Action: 0
[Step 3284] Action: 0
[Step 3324] Action: 1
[Step 3368] Action: 0
[Step 3412] Action: 3
[Step 3456] Action: 0
[Step 3500] Action: 0
[Step 3540] Action: 2
[Step 3584] Action: 0
[Step 3628] Action: 3
[Step 3672] Action: 1
[Step 3716] Action: 2
[Step 3760] Action: 0
[Step 3804] Action: 3
[Step 3848] Action: 1
[Step 3892] Action: 0
[Step 3936] Action: 1
[Step 3980] Action: 2
[Step 4024] Action: 1
[Step 4068] Action: 0
[Step 4112] Action: 3
[Step 4156] Action: 3
[Step 4196] Action: 1
[Step 4240] Action: 1
[Step 4280] Action: 2
[Step 4324] Action: 1
[Step 4368] Action: 0
[Step 4412] Action: 1
[Step 4456] Action: 0
[Step 4500] Action: 2
[Step 4544] Action: 2
[Step 4584] Action: 0
[Step 4628] Action: 3
[Step 4672] Action: 3
[Step 4712] Action: 1
[Step 4756] Action: 0
[Step 4800] Action: 1
[Step 4844] Action: 2
[Step 4888] Action: 1
[Step 4932] Action: 0
[Step 4976] Action: 0
[Step 5016] Action: 0
[Step 5056] Action: 3
[Step 5100] Action: 0
[Step 5144] Action: 0
[Step 5184] Action: 0
[Step 5224] Action: 2
[Step 5268] Action: 1
[Step 5312] Action: 0
[Step 5356] Action: 3
