[Step 0] Action: 0
[Step 40] Action: 3
[Step 84] Action: 1
[Step 128] Action: 0
[Step 172] Action: 2
[Step 216] Action: 1
[Step 260] Action: 3
[Step 304] Action: 1
[Step 348] Action: 3
[Step 392] Action: 1
[Step 436] Action: 1
[Step 476] Action: 1
[Step 516] Action: 2
[Step 560] Action: 1
[Step 604] Action: 3
[Step 648] Action: 1
[Step 692] Action: 2
[Step 736] Action: 1
[Step 780] Action: 1
[Step 820] Action: 1
[Step 860] Action: 1
[Step 900] Action: 1
[Step 940] Action: 1
[Step 980] Action: 1
[Step 1020] Action: 1
[Step 1060] Action: 2
[Step 1104] Action: 1
[Step 1148] Action: 1
[Step 1188] Action: 1
[Step 1228] Action: 0
[Step 1272] Action: 1
[Step 1316] Action: 1
[Step 1356] Action: 1
[Step 1396] Action: 1
[Step 1436] Action: 0
[Step 1480] Action: 1
[Step 1524] Action: 1
[Step 1564] Action: 1
[Step 1604] Action: 1
[Step 1644] Action: 3
[Step 1688] Action: 1
[Step 1732] Action: 1
[Step 1772] Action: 3
[Step 1816] Action: 1
[Step 1860] Action: 1
[Step 1900] Action: 0
[Step 1944] Action: 1
[Step 1988] Action: 1
[Step 2028] Action: 1
[Step 2068] Action: 1
[Step 2108] Action: 2
[Step 2152] Action: 1
[Step 2196] Action: 3
[Step 2240] Action: 1
[Step 2284] Action: 0
[Step 2328] Action: 1
[Step 2372] Action: 1
[Step 2412] Action: 2
[Step 2456] Action: 2
[Step 2496] Action: 2
[Step 2536] Action: 0
[Step 2580] Action: 2
[Step 2624] Action: 1
[Step 2668] Action: 1
[Step 2708] Action: 3
[Step 2752] Action: 1
[Step 2796] Action: 2
[Step 2840] Action: 1
[Step 2884] Action: 1
[Step 2924] Action: 1
[Step 2964] Action: 1
[Step 3004] Action: 1
[Step 3044] Action: 2
[Step 3088] Action: 3
[Step 3132] Action: 1
[Step 3176] Action: 3
[Step 3220] Action: 2
[Step 3264] Action: 1
[Step 3308] Action: 2
[Step 3352] Action: 2
[Step 3392] Action: 0
[Step 3436] Action: 2
[Step 3480] Action: 2
[Step 3520] Action: 3
[Step 3564] Action: 1
[Step 3608] Action: 0
[Step 3652] Action: 2
[Step 3696] Action: 1
[Step 3740] Action: 1
[Step 3780] Action: 0
[Step 3824] Action: 1
[Step 3868] Action: 3
[Step 3912] Action: 3
[Step 3952] Action: 3
[Step 3992] Action: 0
[Step 4036] Action: 1
[Step 4080] Action: 1
[Step 4120] Action: 0
[Step 4164] Action: 1
[Step 4208] Action: 1
[Step 4248] Action: 0
[Step 4292] Action: 3
[Step 4336] Action: 2
[Step 4380] Action: 0
[Step 4424] Action: 3
[Step 4468] Action: 1
[Step 4512] Action: 3
[Step 4556] Action: 3
[Step 4596] Action: 2
[Step 4640] Action: 2
[Step 4680] Action: 2
[Step 4720] Action: 0
[Step 4764] Action: 1
[Step 4808] Action: 2
[Step 4852] Action: 1
[Step 4896] Action: 2
[Step 4940] Action: 3
[Step 4984] Action: 0
[Step 5028] Action: 2
[Step 5072] Action: 2
[Step 5112] Action: 1
[Step 5156] Action: 1
[Step 5196] Action: 3
[Step 5240] Action: 0
[Step 5284] Action: 2
[Step 5328] Action: 0
[Step 5372] Action: 0
