[Step 0] Action: 1
[Step 40] Action: 2
[Step 84] Action: 3
[Step 128] Action: 1
[Step 172] Action: 2
[Step 216] Action: 2
[Step 256] Action: 1
[Step 300] Action: 1
[Step 340] Action: 1
[Step 380] Action: 1
[Step 420] Action: 1
[Step 460] Action: 3
[Step 504] Action: 2
[Step 548] Action: 0
[Step 592] Action: 1
[Step 636] Action: 1
[Step 676] Action: 1
[Step 716] Action: 1
[Step 756] Action: 1
[Step 796] Action: 2
[Step 840] Action: 1
[Step 884] Action: 1
[Step 924] Action: 1
[Step 964] Action: 1
[Step 1004] Action: 1
[Step 1044] Action: 1
[Step 1084] Action: 1
[Step 1124] Action: 2
[Step 1168] Action: 1
[Step 1212] Action: 2
[Step 1256] Action: 1
[Step 1300] Action: 1
[Step 1340] Action: 1
[Step 1380] Action: 2
[Step 1424] Action: 1
[Step 1468] Action: 1
[Step 1508] Action: 1
[Step 1548] Action: 1
[Step 1588] Action: 1
[Step 1628] Action: 1
[Step 1668] Action: 1
[Step 1708] Action: 1
[Step 1748] Action: 1
[Step 1788] Action: 1
[Step 1828] Action: 1
[Step 1868] Action: 0
[Step 1912] Action: 1
[Step 1956] Action: 1
[Step 1996] Action: 2
[Step 2040] Action: 1
[Step 2084] Action: 1
[Step 2124] Action: 2
[Step 2168] Action: 2
[Step 2208] Action: 1
[Step 2252] Action: 1
[Step 2292] Action: 3
[Step 2336] Action: 1
[Step 2380] Action: 3
[Step 2424] Action: 3
[Step 2464] Action: 1
[Step 2508] Action: 1
[Step 2548] Action: 1
[Step 2588] Action: 1
[Step 2628] Action: 1
[Step 2668] Action: 1
[Step 2708] Action: 1
[Step 2748] Action: 1
[Step 2788] Action: 0
[Step 2832] Action: 1
[Step 2876] Action: 1
[Step 2916] Action: 3
[Step 2960] Action: 1
[Step 3004] Action: 1
[Step 3044] Action: 1
[Step 3084] Action: 2
[Step 3128] Action: 2
[Step 3168] Action: 3
[Step 3212] Action: 0
[Step 3256] Action: 2
[Step 3300] Action: 1
[Step 3344] Action: 1
[Step 3384] Action: 1
[Step 3424] Action: 3
[Step 3468] Action: 1
[Step 3512] Action: 1
[Step 3552] Action: 1
[Step 3592] Action: 2
[Step 3636] Action: 0
[Step 3680] Action: 3
[Step 3724] Action: 0
[Step 3768] Action: 1
[Step 3812] Action: 2
[Step 3856] Action: 2
[Step 3896] Action: 1
[Step 3940] Action: 2
[Step 3984] Action: 3
[Step 4028] Action: 3
[Step 4068] Action: 3
[Step 4108] Action: 1
[Step 4152] Action: 1
[Step 4192] Action: 1
[Step 4232] Action: 3
[Step 4276] Action: 0
[Step 4320] Action: 1
[Step 4364] Action: 1
[Step 4404] Action: 1
[Step 4444] Action: 1
[Step 4484] Action: 0
[Step 4528] Action: 3
[Step 4572] Action: 1
[Step 4616] Action: 1
[Step 4656] Action: 0
[Step 4700] Action: 2
[Step 4744] Action: 0
[Step 4788] Action: 1
[Step 4832] Action: 1
[Step 4872] Action: 1
[Step 4912] Action: 1
[Step 4952] Action: 3
[Step 4996] Action: 3
[Step 5036] Action: 1
[Step 5080] Action: 0
[Step 5124] Action: 3
[Step 5168] Action: 1
[Step 5212] Action: 3
[Step 5256] Action: 3
[Step 5296] Action: 1
[Step 5340] Action: 2
[Step 5384] Action: 1
