[Step 0] Action: 1
[Step 10] Action: 0
[Step 24] Action: 0
[Step 34] Action: 1
[Step 48] Action: 0
[Step 62] Action: 2
[Step 76] Action: 2
[Step 86] Action: 0
[Step 100] Action: 2
[Step 114] Action: 1
[Step 128] Action: 2
[Step 142] Action: 2
[Step 152] Action: 2
[Step 162] Action: 3
[Step 176] Action: 1
[Step 190] Action: 3
[Step 204] Action: 3
[Step 214] Action: 1
[Step 228] Action: 2
[Step 242] Action: 2
[Step 252] Action: 0
[Step 266] Action: 3
[Step 280] Action: 2
[Step 294] Action: 3
[Step 308] Action: 0
[Step 322] Action: 3
[Step 336] Action: 1
[Step 350] Action: 0
[Step 364] Action: 1
[Step 378] Action: 2
[Step 392] Action: 0
[Step 406] Action: 0
[Step 416] Action: 2
[Step 430] Action: 3
[Step 444] Action: 2
[Step 458] Action: 0
[Step 472] Action: 1
[Step 486] Action: 1
[Step 496] Action: 2
[Step 510] Action: 0
[Step 524] Action: 1
[Step 538] Action: 2
[Step 552] Action: 2
[Step 562] Action: 3
[Step 576] Action: 2
[Step 590] Action: 3
[Step 604] Action: 3
[Step 614] Action: 1
[Step 628] Action: 2
[Step 642] Action: 0
[Step 656] Action: 0
[Step 666] Action: 1
[Step 680] Action: 3
[Step 694] Action: 3
[Step 704] Action: 2
[Step 718] Action: 2
[Step 728] Action: 3
[Step 742] Action: 0
[Step 756] Action: 1
[Step 770] Action: 2
[Step 784] Action: 3
[Step 798] Action: 3
[Step 808] Action: 2
[Step 822] Action: 0
[Step 836] Action: 0
[Step 846] Action: 3
[Step 860] Action: 3
[Step 870] Action: 1
[Step 884] Action: 2
[Step 898] Action: 2
[Step 908] Action: 2
[Step 918] Action: 2
[Step 928] Action: 1
[Step 942] Action: 0
[Step 956] Action: 2
[Step 970] Action: 2
[Step 980] Action: 2
[Step 990] Action: 2
[Step 1000] Action: 0
[Step 1014] Action: 1
[Step 1028] Action: 1
[Step 1038] Action: 3
[Step 1052] Action: 2
[Step 1066] Action: 3
[Step 1080] Action: 0
[Step 1094] Action: 3
[Step 1108] Action: 2
[Step 1122] Action: 1
[Step 1136] Action: 3
[Step 1150] Action: 0
[Step 1164] Action: 0
[Step 1174] Action: 1
[Step 1188] Action: 0
[Step 1202] Action: 1
[Step 1216] Action: 1
[Step 1226] Action: 2
[Step 1240] Action: 0
[Step 1254] Action: 0
[Step 1264] Action: 0
[Step 1274] Action: 3
[Step 1288] Action: 3
[Step 1298] Action: 2
[Step 1312] Action: 0
[Step 1326] Action: 2
[Step 1340] Action: 3
[Step 1354] Action: 2
[Step 1368] Action: 0
[Step 1382] Action: 0
[Step 1392] Action: 2
[Step 1406] Action: 3
[Step 1420] Action: 2
[Step 1434] Action: 0
[Step 1448] Action: 1
[Step 1462] Action: 3
[Step 1476] Action: 1
[Step 1490] Action: 0
[Step 1504] Action: 3
[Step 1518] Action: 0
[Step 1532] Action: 3
[Step 1546] Action: 3
[Step 1556] Action: 0
[Step 1570] Action: 3
[Step 1584] Action: 0
[Step 1598] Action: 3
[Step 1612] Action: 3
[Step 1622] Action: 3
[Step 1632] Action: 0
[Step 1646] Action: 0
[Step 1656] Action: 3
[Step 1670] Action: 2
[Step 1684] Action: 3
[Step 1698] Action: 3
[Step 1708] Action: 3
[Step 1718] Action: 2
[Step 1732] Action: 2
[Step 1742] Action: 1
[Step 1756] Action: 3
[Step 1770] Action: 3
[Step 1780] Action: 2
[Step 1794] Action: 2
[Step 1804] Action: 1
[Step 1818] Action: 2
[Step 1832] Action: 3
[Step 1846] Action: 2
[Step 1860] Action: 2
[Step 1870] Action: 1
[Step 1884] Action: 0
[Step 1898] Action: 0
[Step 1908] Action: 1
[Step 1922] Action: 2
[Step 1936] Action: 2
[Step 1946] Action: 2
[Step 1956] Action: 0
[Step 1970] Action: 2
[Step 1984] Action: 2
[Step 1994] Action: 3
[Step 2008] Action: 2
[Step 2022] Action: 2
[Step 2032] Action: 3
[Step 2046] Action: 2
[Step 2060] Action: 2
[Step 2070] Action: 3
[Step 2084] Action: 2
[Step 2098] Action: 2
[Step 2108] Action: 3
[Step 2122] Action: 1
[Step 2136] Action: 1
[Step 2146] Action: 1
[Step 2156] Action: 2
[Step 2170] Action: 3
[Step 2184] Action: 0
[Step 2198] Action: 2
[Step 2212] Action: 3
[Step 2226] Action: 2
[Step 2240] Action: 2
[Step 2250] Action: 0
[Step 2264] Action: 0
[Step 2274] Action: 0
[Step 2284] Action: 0
[Step 2294] Action: 3
[Step 2308] Action: 0
[Step 2322] Action: 1
[Step 2336] Action: 3
[Step 2350] Action: 1
[Step 2364] Action: 0
[Step 2378] Action: 3
[Step 2392] Action: 3
[Step 2402] Action: 0
[Step 2416] Action: 2
[Step 2430] Action: 1
[Step 2444] Action: 2
[Step 2458] Action: 2
[Step 2468] Action: 3
[Step 2482] Action: 3
[Step 2492] Action: 2
[Step 2506] Action: 3
[Step 2520] Action: 3
[Step 2530] Action: 1
[Step 2544] Action: 0
[Step 2558] Action: 3
[Step 2572] Action: 3
[Step 2582] Action: 2
[Step 2596] Action: 3
[Step 2610] Action: 1
[Step 2624] Action: 2
[Step 2638] Action: 0
[Step 2652] Action: 1
[Step 2666] Action: 2
[Step 2680] Action: 2
[Step 2690] Action: 2
[Step 2700] Action: 1
[Step 2714] Action: 1
[Step 2724] Action: 2
[Step 2738] Action: 3
[Step 2752] Action: 0
[Step 2766] Action: 2
[Step 2780] Action: 2
[Step 2790] Action: 3
[Step 2804] Action: 2
[Step 2818] Action: 3
[Step 2832] Action: 0
[Step 2846] Action: 3
[Step 2860] Action: 2
[Step 2874] Action: 3
[Step 2888] Action: 0
[Step 2902] Action: 3
[Step 2916] Action: 0
[Step 2930] Action: 1
[Step 2944] Action: 0
[Step 2958] Action: 1
[Step 2972] Action: 2
[Step 2986] Action: 0
[Step 3000] Action: 0
[Step 3010] Action: 2
[Step 3024] Action: 2
[Step 3034] Action: 3
[Step 3048] Action: 3
[Step 3058] Action: 3
[Step 3068] Action: 3
[Step 3078] Action: 3
[Step 3088] Action: 2
[Step 3102] Action: 3
[Step 3116] Action: 3
[Step 3126] Action: 2
[Step 3140] Action: 2
[Step 3150] Action: 2
[Step 3160] Action: 0
[Step 3174] Action: 2
[Step 3188] Action: 2
[Step 3198] Action: 0
[Step 3212] Action: 0
[Step 3222] Action: 2
[Step 3236] Action: 3
[Step 3250] Action: 2
[Step 3264] Action: 3
[Step 3278] Action: 0
[Step 3292] Action: 1
[Step 3306] Action: 3
[Step 3320] Action: 1
[Step 3334] Action: 2
[Step 3348] Action: 0
[Step 3362] Action: 0
[Step 3372] Action: 3
[Step 3386] Action: 2
[Step 3400] Action: 2
[Step 3410] Action: 0
[Step 3424] Action: 0
[Step 3434] Action: 2
[Step 3448] Action: 2
[Step 3458] Action: 2
[Step 3468] Action: 1
[Step 3482] Action: 2
[Step 3496] Action: 1
[Step 3510] Action: 0
[Step 3524] Action: 1
[Step 3538] Action: 2
[Step 3552] Action: 0
[Step 3566] Action: 3
[Step 3580] Action: 3
[Step 3590] Action: 1
[Step 3604] Action: 1
[Step 3614] Action: 1
[Step 3624] Action: 2
[Step 3638] Action: 3
[Step 3652] Action: 3
[Step 3662] Action: 3
[Step 3672] Action: 1
[Step 3686] Action: 0
[Step 3700] Action: 1
[Step 3714] Action: 0
[Step 3728] Action: 2
[Step 3742] Action: 2
[Step 3752] Action: 0
[Step 3766] Action: 1
[Step 3780] Action: 3
[Step 3794] Action: 0
[Step 3808] Action: 1
[Step 3822] Action: 0
[Step 3836] Action: 1
[Step 3850] Action: 0
[Step 3864] Action: 2
[Step 3878] Action: 1
[Step 3892] Action: 0
[Step 3906] Action: 3
[Step 3920] Action: 3
[Step 3930] Action: 0
[Step 3944] Action: 2
[Step 3958] Action: 0
[Step 3972] Action: 0
[Step 3982] Action: 1
[Step 3996] Action: 0
[Step 4010] Action: 2
[Step 4024] Action: 1
[Step 4038] Action: 0
[Step 4052] Action: 3
[Step 4066] Action: 1
[Step 4080] Action: 2
[Step 4094] Action: 3
[Step 4108] Action: 0
[Step 4122] Action: 3
[Step 4136] Action: 3
[Step 4146] Action: 1
[Step 4160] Action: 2
[Step 4174] Action: 2
[Step 4184] Action: 1
[Step 4198] Action: 3
[Step 4212] Action: 3
[Step 4222] Action: 3
[Step 4232] Action: 3
[Step 4242] Action: 2
[Step 4256] Action: 1
[Step 4270] Action: 0
[Step 4284] Action: 0
[Step 4294] Action: 0
[Step 4304] Action: 3
[Step 4318] Action: 0
[Step 4332] Action: 2
[Step 4346] Action: 0
[Step 4360] Action: 1
[Step 4374] Action: 1
[Step 4384] Action: 3
[Step 4398] Action: 0
[Step 4412] Action: 2
[Step 4426] Action: 2
[Step 4436] Action: 2
[Step 4446] Action: 2
[Step 4456] Action: 2
[Step 4466] Action: 0
[Step 4480] Action: 0
[Step 4490] Action: 3
[Step 4504] Action: 3
[Step 4514] Action: 0
[Step 4528] Action: 3
[Step 4542] Action: 2
[Step 4556] Action: 3
[Step 4570] Action: 3
[Step 4580] Action: 0
[Step 4594] Action: 1
[Step 4608] Action: 2
[Step 4622] Action: 0
[Step 4636] Action: 1
[Step 4650] Action: 3
[Step 4664] Action: 1
[Step 4678] Action: 3
[Step 4692] Action: 0
[Step 4706] Action: 2
[Step 4720] Action: 3
[Step 4734] Action: 2
[Step 4748] Action: 1
[Step 4762] Action: 2
[Step 4776] Action: 1
[Step 4790] Action: 1
[Step 4800] Action: 2
[Step 4814] Action: 2
[Step 4824] Action: 1
[Step 4838] Action: 0
[Step 4852] Action: 3
[Step 4866] Action: 0
[Step 4880] Action: 1
[Step 4894] Action: 0
[Step 4908] Action: 1
[Step 4922] Action: 3
[Step 4936] Action: 2
[Step 4950] Action: 1
[Step 4964] Action: 0
[Step 4978] Action: 1
[Step 4992] Action: 0
[Step 5006] Action: 3
[Step 5020] Action: 2
[Step 5034] Action: 1
[Step 5048] Action: 1
[Step 5058] Action: 1
[Step 5068] Action: 1
[Step 5078] Action: 2
[Step 5092] Action: 1
[Step 5106] Action: 0
[Step 5120] Action: 2
[Step 5134] Action: 2
[Step 5144] Action: 3
[Step 5158] Action: 3
[Step 5168] Action: 1
[Step 5182] Action: 2
[Step 5196] Action: 2
[Step 5206] Action: 2
[Step 5216] Action: 0
[Step 5230] Action: 0
[Step 5240] Action: 0
[Step 5250] Action: 0
[Step 5260] Action: 0
[Step 5270] Action: 0
[Step 5280] Action: 1
[Step 5294] Action: 0
[Step 5308] Action: 1
[Step 5322] Action: 2
[Step 5336] Action: 0
[Step 5350] Action: 2
[Step 5364] Action: 2
[Step 5374] Action: 0
[Step 5388] Action: 1
