[Step 0] Action: 3
[Step 40] Action: 0
[Step 84] Action: 3
[Step 128] Action: 1
[Step 172] Action: 0
[Step 216] Action: 1
[Step 260] Action: 1
[Step 300] Action: 2
[Step 344] Action: 2
[Step 384] Action: 1
[Step 428] Action: 1
[Step 468] Action: 1
[Step 508] Action: 1
[Step 548] Action: 2
[Step 592] Action: 1
[Step 636] Action: 2
[Step 680] Action: 1
[Step 724] Action: 1
[Step 764] Action: 3
[Step 808] Action: 1
[Step 852] Action: 1
[Step 892] Action: 1
[Step 932] Action: 1
[Step 972] Action: 1
[Step 1012] Action: 1
[Step 1052] Action: 1
[Step 1092] Action: 1
[Step 1132] Action: 1
[Step 1172] Action: 0
[Step 1216] Action: 1
[Step 1260] Action: 1
[Step 1300] Action: 1
[Step 1340] Action: 1
[Step 1380] Action: 1
[Step 1420] Action: 1
[Step 1460] Action: 3
[Step 1504] Action: 1
[Step 1548] Action: 1
[Step 1588] Action: 3
[Step 1632] Action: 3
[Step 1672] Action: 2
[Step 1716] Action: 1
[Step 1760] Action: 1
[Step 1800] Action: 1
[Step 1840] Action: 1
[Step 1880] Action: 1
[Step 1920] Action: 1
[Step 1960] Action: 1
[Step 2000] Action: 3
[Step 2044] Action: 1
[Step 2088] Action: 0
[Step 2132] Action: 1
[Step 2176] Action: 1
[Step 2216] Action: 1
[Step 2256] Action: 1
[Step 2296] Action: 3
[Step 2340] Action: 1
[Step 2384] Action: 0
[Step 2428] Action: 1
[Step 2472] Action: 1
[Step 2512] Action: 1
[Step 2552] Action: 1
[Step 2592] Action: 1
[Step 2632] Action: 1
[Step 2672] Action: 1
[Step 2712] Action: 1
[Step 2752] Action: 0
[Step 2796] Action: 2
[Step 2840] Action: 1
[Step 2884] Action: 1
[Step 2924] Action: 1
[Step 2964] Action: 0
[Step 3008] Action: 1
[Step 3052] Action: 1
[Step 3092] Action: 3
[Step 3136] Action: 3
[Step 3176] Action: 1
[Step 3220] Action: 2
[Step 3264] Action: 2
[Step 3304] Action: 2
[Step 3344] Action: 0
[Step 3388] Action: 2
[Step 3432] Action: 2
[Step 3472] Action: 1
[Step 3516] Action: 3
[Step 3560] Action: 2
[Step 3604] Action: 1
[Step 3648] Action: 0
[Step 3692] Action: 3
[Step 3736] Action: 1
[Step 3780] Action: 3
[Step 3824] Action: 2
[Step 3868] Action: 0
[Step 3912] Action: 3
[Step 3956] Action: 0
[Step 4000] Action: 3
[Step 4044] Action: 1
[Step 4088] Action: 1
[Step 4128] Action: 1
[Step 4168] Action: 0
[Step 4212] Action: 2
[Step 4256] Action: 0
[Step 4300] Action: 0
[Step 4340] Action: 3
[Step 4384] Action: 0
[Step 4428] Action: 0
[Step 4468] Action: 2
[Step 4512] Action: 3
[Step 4556] Action: 0
[Step 4600] Action: 1
[Step 4644] Action: 0
[Step 4688] Action: 3
[Step 4732] Action: 1
[Step 4776] Action: 1
[Step 4816] Action: 0
[Step 4860] Action: 1
[Step 4904] Action: 1
[Step 4944] Action: 3
[Step 4988] Action: 3
[Step 5028] Action: 0
[Step 5072] Action: 0
[Step 5112] Action: 0
[Step 5152] Action: 1
[Step 5196] Action: 2
[Step 5240] Action: 2
[Step 5280] Action: 3
[Step 5324] Action: 0
[Step 5368] Action: 0
