[Step 0] Action: 2
[Step 10] Action: 3
[Step 24] Action: 0
[Step 38] Action: 1
[Step 52] Action: 3
[Step 66] Action: 3
[Step 76] Action: 0
[Step 90] Action: 0
[Step 100] Action: 3
[Step 114] Action: 3
[Step 124] Action: 0
[Step 138] Action: 1
[Step 152] Action: 2
[Step 166] Action: 1
[Step 180] Action: 1
[Step 190] Action: 2
[Step 204] Action: 2
[Step 214] Action: 2
[Step 224] Action: 1
[Step 238] Action: 0
[Step 252] Action: 1
[Step 266] Action: 0
[Step 280] Action: 1
[Step 294] Action: 2
[Step 308] Action: 2
[Step 318] Action: 2
[Step 328] Action: 0
[Step 342] Action: 2
[Step 356] Action: 3
[Step 370] Action: 2
[Step 384] Action: 1
[Step 398] Action: 0
[Step 412] Action: 2
[Step 426] Action: 0
[Step 440] Action: 3
[Step 454] Action: 0
[Step 468] Action: 3
[Step 482] Action: 0
[Step 496] Action: 1
[Step 510] Action: 3
[Step 524] Action: 0
[Step 538] Action: 0
[Step 548] Action: 1
[Step 562] Action: 0
[Step 576] Action: 3
[Step 590] Action: 1
[Step 604] Action: 2
[Step 618] Action: 3
[Step 632] Action: 2
[Step 646] Action: 0
[Step 660] Action: 1
[Step 674] Action: 3
[Step 688] Action: 1
[Step 702] Action: 2
[Step 716] Action: 0
[Step 730] Action: 2
[Step 744] Action: 2
[Step 754] Action: 1
[Step 768] Action: 0
[Step 782] Action: 0
[Step 792] Action: 2
[Step 806] Action: 1
[Step 820] Action: 1
[Step 830] Action: 1
[Step 840] Action: 2
[Step 854] Action: 1
[Step 868] Action: 1
[Step 878] Action: 1
[Step 888] Action: 2
[Step 902] Action: 2
[Step 912] Action: 1
[Step 926] Action: 2
[Step 940] Action: 1
[Step 954] Action: 2
[Step 968] Action: 2
[Step 978] Action: 2
[Step 988] Action: 1
[Step 1002] Action: 0
[Step 1016] Action: 2
[Step 1030] Action: 2
[Step 1040] Action: 0
[Step 1054] Action: 1
[Step 1068] Action: 1
[Step 1078] Action: 1
[Step 1088] Action: 1
[Step 1098] Action: 1
[Step 1108] Action: 1
[Step 1118] Action: 2
[Step 1132] Action: 2
[Step 1142] Action: 1
[Step 1156] Action: 2
[Step 1170] Action: 1
[Step 1184] Action: 2
[Step 1198] Action: 1
[Step 1212] Action: 2
[Step 1226] Action: 0
[Step 1240] Action: 1
[Step 1254] Action: 2
[Step 1268] Action: 2
[Step 1278] Action: 2
[Step 1288] Action: 1
[Step 1302] Action: 2
[Step 1316] Action: 2
[Step 1326] Action: 1
[Step 1340] Action: 2
[Step 1354] Action: 1
[Step 1368] Action: 2
[Step 1382] Action: 1
[Step 1396] Action: 1
[Step 1406] Action: 2
[Step 1420] Action: 1
[Step 1434] Action: 1
[Step 1444] Action: 2
[Step 1458] Action: 2
[Step 1468] Action: 1
[Step 1482] Action: 2
[Step 1496] Action: 1
[Step 1510] Action: 2
[Step 1524] Action: 2
[Step 1534] Action: 2
[Step 1544] Action: 1
[Step 1558] Action: 1
[Step 1568] Action: 1
[Step 1578] Action: 2
[Step 1592] Action: 2
[Step 1602] Action: 1
[Step 1616] Action: 2
[Step 1630] Action: 2
[Step 1640] Action: 1
[Step 1654] Action: 2
[Step 1668] Action: 2
[Step 1678] Action: 2
[Step 1688] Action: 2
[Step 1698] Action: 2
[Step 1708] Action: 2
[Step 1718] Action: 2
[Step 1728] Action: 2
[Step 1738] Action: 2
[Step 1748] Action: 2
[Step 1758] Action: 2
[Step 1768] Action: 2
[Step 1778] Action: 2
[Step 1788] Action: 2
[Step 1798] Action: 2
[Step 1808] Action: 2
[Step 1818] Action: 2
[Step 1828] Action: 2
[Step 1838] Action: 2
[Step 1848] Action: 2
[Step 1858] Action: 2
[Step 1868] Action: 2
[Step 1878] Action: 2
[Step 1888] Action: 2
[Step 1898] Action: 2
[Step 1908] Action: 2
[Step 1918] Action: 2
[Step 1928] Action: 2
[Step 1938] Action: 2
[Step 1948] Action: 2
[Step 1958] Action: 2
[Step 1968] Action: 2
[Step 1978] Action: 2
[Step 1988] Action: 2
[Step 1998] Action: 2
[Step 2008] Action: 2
[Step 2018] Action: 2
[Step 2028] Action: 2
[Step 2038] Action: 2
[Step 2048] Action: 2
[Step 2058] Action: 2
[Step 2068] Action: 2
[Step 2078] Action: 2
[Step 2088] Action: 2
[Step 2098] Action: 2
[Step 2108] Action: 2
[Step 2118] Action: 2
[Step 2128] Action: 2
[Step 2138] Action: 2
[Step 2148] Action: 2
[Step 2158] Action: 2
[Step 2168] Action: 2
[Step 2178] Action: 2
[Step 2188] Action: 2
[Step 2198] Action: 2
[Step 2208] Action: 2
[Step 2218] Action: 2
[Step 2228] Action: 2
[Step 2238] Action: 2
[Step 2248] Action: 2
[Step 2258] Action: 2
[Step 2268] Action: 2
[Step 2278] Action: 2
[Step 2288] Action: 2
[Step 2298] Action: 2
[Step 2308] Action: 2
[Step 2318] Action: 2
[Step 2328] Action: 2
[Step 2338] Action: 2
[Step 2348] Action: 2
[Step 2358] Action: 2
[Step 2368] Action: 2
[Step 2378] Action: 2
[Step 2388] Action: 2
[Step 2398] Action: 2
[Step 2408] Action: 2
[Step 2418] Action: 2
[Step 2428] Action: 2
[Step 2438] Action: 2
[Step 2448] Action: 2
[Step 2458] Action: 2
[Step 2468] Action: 2
[Step 2478] Action: 2
[Step 2488] Action: 2
[Step 2498] Action: 2
[Step 2508] Action: 2
[Step 2518] Action: 2
[Step 2528] Action: 2
[Step 2538] Action: 2
[Step 2548] Action: 2
[Step 2558] Action: 2
[Step 2568] Action: 2
[Step 2578] Action: 2
[Step 2588] Action: 2
[Step 2598] Action: 2
[Step 2608] Action: 2
[Step 2618] Action: 2
[Step 2628] Action: 2
[Step 2638] Action: 2
[Step 2648] Action: 2
[Step 2658] Action: 2
[Step 2668] Action: 2
[Step 2678] Action: 2
[Step 2688] Action: 2
[Step 2698] Action: 2
[Step 2708] Action: 2
[Step 2718] Action: 2
[Step 2728] Action: 2
[Step 2738] Action: 2
[Step 2748] Action: 2
[Step 2758] Action: 2
[Step 2768] Action: 2
[Step 2778] Action: 2
[Step 2788] Action: 2
[Step 2798] Action: 2
[Step 2808] Action: 2
[Step 2818] Action: 2
[Step 2828] Action: 2
[Step 2838] Action: 2
[Step 2848] Action: 2
[Step 2858] Action: 2
[Step 2868] Action: 2
[Step 2878] Action: 2
[Step 2888] Action: 2
[Step 2898] Action: 2
[Step 2908] Action: 2
[Step 2918] Action: 2
[Step 2928] Action: 2
[Step 2938] Action: 2
[Step 2948] Action: 2
[Step 2958] Action: 2
[Step 2968] Action: 2
[Step 2978] Action: 2
[Step 2988] Action: 2
[Step 2998] Action: 2
[Step 3008] Action: 2
[Step 3018] Action: 2
[Step 3028] Action: 2
[Step 3038] Action: 2
[Step 3048] Action: 2
[Step 3058] Action: 2
[Step 3068] Action: 2
[Step 3078] Action: 2
[Step 3088] Action: 2
[Step 3098] Action: 2
[Step 3108] Action: 2
[Step 3118] Action: 2
[Step 3128] Action: 2
[Step 3138] Action: 2
[Step 3148] Action: 2
[Step 3158] Action: 2
[Step 3168] Action: 2
[Step 3178] Action: 2
[Step 3188] Action: 2
[Step 3198] Action: 2
[Step 3208] Action: 2
[Step 3218] Action: 2
[Step 3228] Action: 2
[Step 3238] Action: 2
[Step 3248] Action: 2
[Step 3258] Action: 2
[Step 3268] Action: 2
[Step 3278] Action: 2
[Step 3288] Action: 2
[Step 3298] Action: 2
[Step 3308] Action: 2
[Step 3318] Action: 2
[Step 3328] Action: 2
[Step 3338] Action: 2
[Step 3348] Action: 2
[Step 3358] Action: 2
[Step 3368] Action: 2
[Step 3378] Action: 2
[Step 3388] Action: 2
[Step 3398] Action: 2
[Step 3408] Action: 2
[Step 3418] Action: 2
[Step 3428] Action: 2
[Step 3438] Action: 2
[Step 3448] Action: 2
[Step 3458] Action: 2
[Step 3468] Action: 2
[Step 3478] Action: 2
[Step 3488] Action: 2
[Step 3498] Action: 2
[Step 3508] Action: 2
[Step 3518] Action: 2
[Step 3528] Action: 2
[Step 3538] Action: 2
[Step 3548] Action: 2
[Step 3558] Action: 2
[Step 3568] Action: 2
[Step 3578] Action: 2
[Step 3588] Action: 2
[Step 3598] Action: 2
[Step 3608] Action: 2
[Step 3618] Action: 2
[Step 3628] Action: 2
[Step 3638] Action: 2
[Step 3648] Action: 2
[Step 3658] Action: 2
[Step 3668] Action: 2
[Step 3678] Action: 2
[Step 3688] Action: 2
[Step 3698] Action: 2
[Step 3708] Action: 2
[Step 3718] Action: 2
[Step 3728] Action: 2
[Step 3738] Action: 2
[Step 3748] Action: 2
[Step 3758] Action: 2
[Step 3768] Action: 2
[Step 3778] Action: 2
[Step 3788] Action: 2
[Step 3798] Action: 2
[Step 3808] Action: 2
[Step 3818] Action: 2
[Step 3828] Action: 2
[Step 3838] Action: 2
[Step 3848] Action: 2
[Step 3858] Action: 2
[Step 3868] Action: 2
[Step 3878] Action: 2
[Step 3888] Action: 2
[Step 3898] Action: 2
[Step 3908] Action: 2
[Step 3918] Action: 2
[Step 3928] Action: 2
[Step 3938] Action: 2
[Step 3948] Action: 2
[Step 3958] Action: 2
[Step 3968] Action: 2
[Step 3978] Action: 2
[Step 3988] Action: 2
[Step 3998] Action: 2
[Step 4008] Action: 2
[Step 4018] Action: 2
[Step 4028] Action: 2
[Step 4038] Action: 2
[Step 4048] Action: 2
[Step 4058] Action: 2
[Step 4068] Action: 2
[Step 4078] Action: 2
[Step 4088] Action: 2
[Step 4098] Action: 2
[Step 4108] Action: 2
[Step 4118] Action: 2
[Step 4128] Action: 2
[Step 4138] Action: 2
[Step 4148] Action: 2
[Step 4158] Action: 2
[Step 4168] Action: 2
[Step 4178] Action: 2
[Step 4188] Action: 2
[Step 4198] Action: 2
[Step 4208] Action: 2
[Step 4218] Action: 2
[Step 4228] Action: 2
[Step 4238] Action: 2
[Step 4248] Action: 2
[Step 4258] Action: 2
[Step 4268] Action: 2
[Step 4278] Action: 2
[Step 4288] Action: 2
[Step 4298] Action: 2
[Step 4308] Action: 2
[Step 4318] Action: 2
[Step 4328] Action: 2
[Step 4338] Action: 2
[Step 4348] Action: 2
[Step 4358] Action: 2
[Step 4368] Action: 2
[Step 4378] Action: 2
[Step 4388] Action: 2
[Step 4398] Action: 2
[Step 4408] Action: 2
[Step 4418] Action: 2
[Step 4428] Action: 2
[Step 4438] Action: 2
[Step 4448] Action: 2
[Step 4458] Action: 2
[Step 4468] Action: 2
[Step 4478] Action: 2
[Step 4488] Action: 2
[Step 4498] Action: 2
[Step 4508] Action: 2
[Step 4518] Action: 2
[Step 4528] Action: 2
[Step 4538] Action: 2
[Step 4548] Action: 2
[Step 4558] Action: 2
[Step 4568] Action: 2
[Step 4578] Action: 2
[Step 4588] Action: 2
[Step 4598] Action: 2
[Step 4608] Action: 2
[Step 4618] Action: 2
[Step 4628] Action: 2
[Step 4638] Action: 2
[Step 4648] Action: 2
[Step 4658] Action: 2
[Step 4668] Action: 2
[Step 4678] Action: 2
[Step 4688] Action: 2
[Step 4698] Action: 2
[Step 4708] Action: 2
[Step 4718] Action: 2
[Step 4728] Action: 2
[Step 4738] Action: 2
[Step 4748] Action: 2
[Step 4758] Action: 2
[Step 4768] Action: 2
[Step 4778] Action: 2
[Step 4788] Action: 2
[Step 4798] Action: 2
[Step 4808] Action: 2
[Step 4818] Action: 2
[Step 4828] Action: 2
[Step 4838] Action: 2
[Step 4848] Action: 2
[Step 4858] Action: 2
[Step 4868] Action: 2
[Step 4878] Action: 2
[Step 4888] Action: 2
[Step 4898] Action: 2
[Step 4908] Action: 2
[Step 4918] Action: 2
[Step 4928] Action: 2
[Step 4938] Action: 2
[Step 4948] Action: 2
[Step 4958] Action: 2
[Step 4968] Action: 2
[Step 4978] Action: 2
[Step 4988] Action: 2
[Step 4998] Action: 2
[Step 5008] Action: 2
[Step 5018] Action: 2
[Step 5028] Action: 2
[Step 5038] Action: 2
[Step 5048] Action: 2
[Step 5058] Action: 2
[Step 5068] Action: 2
[Step 5078] Action: 2
[Step 5088] Action: 2
[Step 5098] Action: 2
[Step 5108] Action: 2
[Step 5118] Action: 2
[Step 5128] Action: 2
[Step 5138] Action: 2
[Step 5148] Action: 2
[Step 5158] Action: 2
[Step 5168] Action: 2
[Step 5178] Action: 2
[Step 5188] Action: 2
[Step 5198] Action: 2
[Step 5208] Action: 2
[Step 5218] Action: 2
[Step 5228] Action: 2
[Step 5238] Action: 2
[Step 5248] Action: 2
[Step 5258] Action: 2
[Step 5268] Action: 2
[Step 5278] Action: 2
[Step 5288] Action: 2
[Step 5298] Action: 2
[Step 5308] Action: 2
[Step 5318] Action: 2
[Step 5328] Action: 2
[Step 5338] Action: 2
[Step 5348] Action: 2
[Step 5358] Action: 2
[Step 5368] Action: 2
[Step 5378] Action: 2
[Step 5388] Action: 2
[Step 5398] Action: 2
