[Step 0] Action: 0
[Step 10] Action: 0
[Step 20] Action: 0
[Step 30] Action: 1
[Step 44] Action: 3
[Step 58] Action: 3
[Step 68] Action: 2
[Step 82] Action: 2
[Step 92] Action: 2
[Step 102] Action: 2
[Step 112] Action: 3
[Step 126] Action: 3
[Step 136] Action: 2
[Step 150] Action: 2
[Step 160] Action: 3
[Step 174] Action: 3
[Step 184] Action: 3
[Step 194] Action: 3
[Step 204] Action: 1
[Step 218] Action: 1
[Step 228] Action: 0
[Step 242] Action: 0
[Step 252] Action: 0
[Step 262] Action: 1
[Step 276] Action: 3
[Step 290] Action: 1
[Step 304] Action: 2
[Step 318] Action: 0
[Step 332] Action: 0
[Step 342] Action: 1
[Step 356] Action: 0
[Step 370] Action: 2
[Step 384] Action: 2
[Step 394] Action: 1
[Step 408] Action: 2
[Step 422] Action: 0
[Step 436] Action: 3
[Step 450] Action: 2
[Step 464] Action: 2
[Step 474] Action: 3
[Step 488] Action: 3
[Step 498] Action: 3
[Step 508] Action: 3
[Step 518] Action: 0
[Step 532] Action: 3
[Step 546] Action: 0
[Step 560] Action: 2
[Step 574] Action: 3
[Step 588] Action: 2
[Step 602] Action: 0
[Step 616] Action: 1
[Step 630] Action: 3
[Step 644] Action: 3
[Step 654] Action: 3
[Step 664] Action: 2
[Step 678] Action: 2
[Step 688] Action: 1
[Step 702] Action: 3
[Step 716] Action: 2
[Step 730] Action: 0
[Step 744] Action: 3
[Step 758] Action: 2
[Step 772] Action: 1
[Step 786] Action: 2
[Step 800] Action: 1
[Step 814] Action: 2
[Step 828] Action: 2
[Step 838] Action: 2
[Step 848] Action: 2
[Step 858] Action: 0
[Step 872] Action: 1
[Step 886] Action: 2
[Step 900] Action: 0
[Step 914] Action: 2
[Step 928] Action: 3
[Step 942] Action: 3
[Step 952] Action: 3
[Step 962] Action: 2
[Step 976] Action: 2
[Step 986] Action: 2
[Step 996] Action: 2
[Step 1006] Action: 0
[Step 1020] Action: 2
[Step 1034] Action: 3
[Step 1048] Action: 3
[Step 1058] Action: 2
[Step 1072] Action: 2
[Step 1082] Action: 3
[Step 1096] Action: 0
[Step 1110] Action: 0
[Step 1120] Action: 2
[Step 1134] Action: 0
[Step 1148] Action: 2
[Step 1162] Action: 0
[Step 1176] Action: 0
[Step 1186] Action: 0
[Step 1196] Action: 1
[Step 1210] Action: 1
[Step 1220] Action: 3
[Step 1234] Action: 2
[Step 1248] Action: 0
[Step 1262] Action: 3
[Step 1276] Action: 0
[Step 1290] Action: 1
[Step 1304] Action: 0
[Step 1318] Action: 0
[Step 1328] Action: 0
[Step 1338] Action: 1
[Step 1352] Action: 1
[Step 1362] Action: 2
[Step 1376] Action: 0
[Step 1390] Action: 1
[Step 1404] Action: 3
[Step 1418] Action: 2
[Step 1432] Action: 2
[Step 1442] Action: 2
[Step 1452] Action: 0
[Step 1466] Action: 1
[Step 1480] Action: 2
[Step 1494] Action: 2
[Step 1504] Action: 0
[Step 1518] Action: 3
[Step 1532] Action: 3
[Step 1542] Action: 0
[Step 1556] Action: 2
[Step 1570] Action: 0
[Step 1584] Action: 0
[Step 1594] Action: 2
[Step 1608] Action: 3
[Step 1622] Action: 2
[Step 1636] Action: 2
[Step 1646] Action: 3
[Step 1660] Action: 0
[Step 1674] Action: 2
[Step 1688] Action: 1
[Step 1702] Action: 2
[Step 1716] Action: 1
[Step 1730] Action: 2
[Step 1744] Action: 2
[Step 1754] Action: 0
[Step 1768] Action: 0
[Step 1778] Action: 2
[Step 1792] Action: 2
[Step 1802] Action: 0
[Step 1816] Action: 1
[Step 1830] Action: 0
[Step 1844] Action: 0
[Step 1854] Action: 1
[Step 1868] Action: 2
[Step 1882] Action: 2
[Step 1892] Action: 0
[Step 1906] Action: 1
[Step 1920] Action: 2
[Step 1934] Action: 2
[Step 1944] Action: 0
[Step 1958] Action: 0
[Step 1968] Action: 2
[Step 1982] Action: 0
[Step 1996] Action: 1
[Step 2010] Action: 1
[Step 2020] Action: 2
[Step 2034] Action: 2
[Step 2044] Action: 2
[Step 2054] Action: 2
[Step 2064] Action: 0
[Step 2078] Action: 2
[Step 2092] Action: 0
[Step 2106] Action: 2
[Step 2120] Action: 2
[Step 2130] Action: 2
[Step 2140] Action: 2
[Step 2150] Action: 2
[Step 2160] Action: 2
[Step 2170] Action: 2
[Step 2180] Action: 2
[Step 2190] Action: 2
[Step 2200] Action: 2
[Step 2210] Action: 2
[Step 2220] Action: 2
[Step 2230] Action: 2
[Step 2240] Action: 2
[Step 2250] Action: 2
[Step 2260] Action: 2
[Step 2270] Action: 2
[Step 2280] Action: 2
[Step 2290] Action: 2
[Step 2300] Action: 2
[Step 2310] Action: 2
[Step 2320] Action: 1
[Step 2334] Action: 2
[Step 2348] Action: 2
[Step 2358] Action: 2
[Step 2368] Action: 2
[Step 2378] Action: 2
[Step 2388] Action: 2
[Step 2398] Action: 2
[Step 2408] Action: 2
[Step 2418] Action: 2
[Step 2428] Action: 2
[Step 2438] Action: 2
[Step 2448] Action: 2
[Step 2458] Action: 2
[Step 2468] Action: 2
[Step 2478] Action: 2
[Step 2488] Action: 2
[Step 2498] Action: 2
[Step 2508] Action: 2
[Step 2518] Action: 2
[Step 2528] Action: 2
[Step 2538] Action: 2
[Step 2548] Action: 2
[Step 2558] Action: 2
[Step 2568] Action: 2
[Step 2578] Action: 2
[Step 2588] Action: 2
[Step 2598] Action: 2
[Step 2608] Action: 2
[Step 2618] Action: 2
[Step 2628] Action: 2
[Step 2638] Action: 2
[Step 2648] Action: 2
[Step 2658] Action: 2
[Step 2668] Action: 2
[Step 2678] Action: 2
[Step 2688] Action: 2
[Step 2698] Action: 2
[Step 2708] Action: 2
[Step 2718] Action: 2
[Step 2728] Action: 2
[Step 2738] Action: 2
[Step 2748] Action: 2
[Step 2758] Action: 2
[Step 2768] Action: 2
[Step 2778] Action: 2
[Step 2788] Action: 2
[Step 2798] Action: 2
[Step 2808] Action: 2
[Step 2818] Action: 2
[Step 2828] Action: 2
[Step 2838] Action: 2
[Step 2848] Action: 2
[Step 2858] Action: 2
[Step 2868] Action: 2
[Step 2878] Action: 2
[Step 2888] Action: 2
[Step 2898] Action: 2
[Step 2908] Action: 2
[Step 2918] Action: 2
[Step 2928] Action: 2
[Step 2938] Action: 2
[Step 2948] Action: 2
[Step 2958] Action: 2
[Step 2968] Action: 2
[Step 2978] Action: 2
[Step 2988] Action: 2
[Step 2998] Action: 2
[Step 3008] Action: 2
[Step 3018] Action: 2
[Step 3028] Action: 2
[Step 3038] Action: 2
[Step 3048] Action: 2
[Step 3058] Action: 2
[Step 3068] Action: 2
[Step 3078] Action: 2
[Step 3088] Action: 2
[Step 3098] Action: 2
[Step 3108] Action: 2
[Step 3118] Action: 2
[Step 3128] Action: 2
[Step 3138] Action: 2
[Step 3148] Action: 2
[Step 3158] Action: 2
[Step 3168] Action: 2
[Step 3178] Action: 2
[Step 3188] Action: 2
[Step 3198] Action: 2
[Step 3208] Action: 2
[Step 3218] Action: 2
[Step 3228] Action: 2
[Step 3238] Action: 2
[Step 3248] Action: 2
[Step 3258] Action: 2
[Step 3268] Action: 2
[Step 3278] Action: 2
[Step 3288] Action: 2
[Step 3298] Action: 2
[Step 3308] Action: 2
[Step 3318] Action: 2
[Step 3328] Action: 2
[Step 3338] Action: 2
[Step 3348] Action: 2
[Step 3358] Action: 2
[Step 3368] Action: 2
[Step 3378] Action: 2
[Step 3388] Action: 2
[Step 3398] Action: 2
[Step 3408] Action: 2
[Step 3418] Action: 2
[Step 3428] Action: 2
[Step 3438] Action: 2
[Step 3448] Action: 2
[Step 3458] Action: 2
[Step 3468] Action: 2
[Step 3478] Action: 2
[Step 3488] Action: 2
[Step 3498] Action: 2
[Step 3508] Action: 2
[Step 3518] Action: 2
[Step 3528] Action: 2
[Step 3538] Action: 2
[Step 3548] Action: 2
[Step 3558] Action: 2
[Step 3568] Action: 2
[Step 3578] Action: 2
[Step 3588] Action: 2
[Step 3598] Action: 2
[Step 3608] Action: 2
[Step 3618] Action: 2
[Step 3628] Action: 2
[Step 3638] Action: 2
[Step 3648] Action: 2
[Step 3658] Action: 2
[Step 3668] Action: 2
[Step 3678] Action: 2
[Step 3688] Action: 2
[Step 3698] Action: 2
[Step 3708] Action: 2
[Step 3718] Action: 2
[Step 3728] Action: 2
[Step 3738] Action: 2
[Step 3748] Action: 2
[Step 3758] Action: 2
[Step 3768] Action: 2
[Step 3778] Action: 2
[Step 3788] Action: 2
[Step 3798] Action: 2
[Step 3808] Action: 2
[Step 3818] Action: 2
[Step 3828] Action: 2
[Step 3838] Action: 2
[Step 3848] Action: 2
[Step 3858] Action: 2
[Step 3868] Action: 2
[Step 3878] Action: 2
[Step 3888] Action: 2
[Step 3898] Action: 2
[Step 3908] Action: 2
[Step 3918] Action: 2
[Step 3928] Action: 2
[Step 3938] Action: 2
[Step 3948] Action: 2
[Step 3958] Action: 2
[Step 3968] Action: 2
[Step 3978] Action: 2
[Step 3988] Action: 2
[Step 3998] Action: 2
[Step 4008] Action: 2
[Step 4018] Action: 2
[Step 4028] Action: 2
[Step 4038] Action: 2
[Step 4048] Action: 2
[Step 4058] Action: 2
[Step 4068] Action: 2
[Step 4078] Action: 2
[Step 4088] Action: 2
[Step 4098] Action: 2
[Step 4108] Action: 2
[Step 4118] Action: 2
[Step 4128] Action: 2
[Step 4138] Action: 2
[Step 4148] Action: 2
[Step 4158] Action: 2
[Step 4168] Action: 2
[Step 4178] Action: 2
[Step 4188] Action: 2
[Step 4198] Action: 2
[Step 4208] Action: 2
[Step 4218] Action: 2
[Step 4228] Action: 2
[Step 4238] Action: 2
[Step 4248] Action: 2
[Step 4258] Action: 2
[Step 4268] Action: 2
[Step 4278] Action: 2
[Step 4288] Action: 2
[Step 4298] Action: 2
[Step 4308] Action: 2
[Step 4318] Action: 2
[Step 4328] Action: 2
[Step 4338] Action: 2
[Step 4348] Action: 2
[Step 4358] Action: 2
[Step 4368] Action: 2
[Step 4378] Action: 2
[Step 4388] Action: 2
[Step 4398] Action: 2
[Step 4408] Action: 2
[Step 4418] Action: 2
[Step 4428] Action: 2
[Step 4438] Action: 2
[Step 4448] Action: 2
[Step 4458] Action: 2
[Step 4468] Action: 2
[Step 4478] Action: 2
[Step 4488] Action: 2
[Step 4498] Action: 2
[Step 4508] Action: 2
[Step 4518] Action: 2
[Step 4528] Action: 2
[Step 4538] Action: 2
[Step 4548] Action: 2
[Step 4558] Action: 2
[Step 4568] Action: 2
[Step 4578] Action: 2
[Step 4588] Action: 2
[Step 4598] Action: 2
[Step 4608] Action: 2
[Step 4618] Action: 2
[Step 4628] Action: 2
[Step 4638] Action: 2
[Step 4648] Action: 2
[Step 4658] Action: 2
[Step 4668] Action: 2
[Step 4678] Action: 2
[Step 4688] Action: 2
[Step 4698] Action: 2
[Step 4708] Action: 2
[Step 4718] Action: 2
[Step 4728] Action: 2
[Step 4738] Action: 2
[Step 4748] Action: 2
[Step 4758] Action: 2
[Step 4768] Action: 2
[Step 4778] Action: 2
[Step 4788] Action: 2
[Step 4798] Action: 2
[Step 4808] Action: 2
[Step 4818] Action: 2
[Step 4828] Action: 2
[Step 4838] Action: 2
[Step 4848] Action: 2
[Step 4858] Action: 2
[Step 4868] Action: 2
[Step 4878] Action: 2
[Step 4888] Action: 2
[Step 4898] Action: 2
[Step 4908] Action: 2
[Step 4918] Action: 2
[Step 4928] Action: 2
[Step 4938] Action: 2
[Step 4948] Action: 2
[Step 4958] Action: 2
[Step 4968] Action: 2
[Step 4978] Action: 2
[Step 4988] Action: 2
[Step 4998] Action: 2
[Step 5008] Action: 2
[Step 5018] Action: 2
[Step 5028] Action: 2
[Step 5038] Action: 2
[Step 5048] Action: 2
[Step 5058] Action: 2
[Step 5068] Action: 2
[Step 5078] Action: 2
[Step 5088] Action: 2
[Step 5098] Action: 2
[Step 5108] Action: 2
[Step 5118] Action: 2
[Step 5128] Action: 2
[Step 5138] Action: 2
[Step 5148] Action: 2
[Step 5158] Action: 2
[Step 5168] Action: 2
[Step 5178] Action: 2
[Step 5188] Action: 2
[Step 5198] Action: 2
[Step 5208] Action: 2
[Step 5218] Action: 2
[Step 5228] Action: 2
[Step 5238] Action: 2
[Step 5248] Action: 2
[Step 5258] Action: 2
[Step 5268] Action: 2
[Step 5278] Action: 2
[Step 5288] Action: 2
[Step 5298] Action: 2
[Step 5308] Action: 2
[Step 5318] Action: 2
[Step 5328] Action: 2
[Step 5338] Action: 2
[Step 5348] Action: 2
[Step 5358] Action: 2
[Step 5368] Action: 2
[Step 5378] Action: 2
[Step 5388] Action: 2
[Step 5398] Action: 2
