[Step 0] Action: 1
[Step 40] Action: 3
[Step 84] Action: 1
[Step 128] Action: 1
[Step 168] Action: 1
[Step 208] Action: 3
[Step 252] Action: 1
[Step 296] Action: 2
[Step 340] Action: 1
[Step 384] Action: 1
[Step 424] Action: 1
[Step 464] Action: 2
[Step 508] Action: 2
[Step 548] Action: 2
[Step 588] Action: 1
[Step 632] Action: 1
[Step 672] Action: 2
[Step 716] Action: 1
[Step 760] Action: 1
[Step 800] Action: 2
[Step 844] Action: 1
[Step 888] Action: 1
[Step 928] Action: 1
[Step 968] Action: 1
[Step 1008] Action: 2
[Step 1052] Action: 1
[Step 1096] Action: 1
[Step 1136] Action: 1
[Step 1176] Action: 1
[Step 1216] Action: 1
[Step 1256] Action: 1
[Step 1296] Action: 1
[Step 1336] Action: 1
[Step 1376] Action: 1
[Step 1416] Action: 1
[Step 1456] Action: 1
[Step 1496] Action: 1
[Step 1536] Action: 1
[Step 1576] Action: 1
[Step 1616] Action: 1
[Step 1656] Action: 1
[Step 1696] Action: 1
[Step 1736] Action: 1
[Step 1776] Action: 1
[Step 1816] Action: 1
[Step 1856] Action: 1
[Step 1896] Action: 1
[Step 1936] Action: 1
[Step 1976] Action: 1
[Step 2016] Action: 1
[Step 2056] Action: 1
[Step 2096] Action: 0
[Step 2140] Action: 1
[Step 2184] Action: 1
[Step 2224] Action: 1
[Step 2264] Action: 1
[Step 2304] Action: 3
[Step 2348] Action: 1
[Step 2392] Action: 1
[Step 2432] Action: 1
[Step 2472] Action: 1
[Step 2512] Action: 3
[Step 2556] Action: 0
[Step 2600] Action: 3
[Step 2644] Action: 1
[Step 2688] Action: 2
[Step 2732] Action: 1
[Step 2776] Action: 2
[Step 2820] Action: 1
[Step 2864] Action: 3
[Step 2908] Action: 1
[Step 2952] Action: 0
[Step 2996] Action: 1
[Step 3040] Action: 3
[Step 3084] Action: 2
[Step 3128] Action: 2
[Step 3168] Action: 1
[Step 3212] Action: 1
[Step 3252] Action: 3
[Step 3296] Action: 1
[Step 3340] Action: 0
[Step 3384] Action: 2
[Step 3428] Action: 2
[Step 3468] Action: 1
[Step 3512] Action: 3
[Step 3556] Action: 2
[Step 3600] Action: 2
[Step 3640] Action: 2
[Step 3680] Action: 0
[Step 3724] Action: 1
[Step 3768] Action: 2
[Step 3812] Action: 2
[Step 3852] Action: 1
[Step 3896] Action: 3
[Step 3940] Action: 1
[Step 3984] Action: 1
[Step 4024] Action: 0
[Step 4068] Action: 3
[Step 4112] Action: 0
[Step 4156] Action: 0
[Step 4196] Action: 2
[Step 4240] Action: 2
[Step 4280] Action: 1
[Step 4324] Action: 1
[Step 4364] Action: 1
[Step 4404] Action: 3
[Step 4448] Action: 2
[Step 4492] Action: 1
[Step 4536] Action: 3
[Step 4580] Action: 3
[Step 4620] Action: 3
[Step 4660] Action: 3
[Step 4700] Action: 1
[Step 4744] Action: 3
[Step 4788] Action: 0
[Step 4832] Action: 1
[Step 4876] Action: 1
[Step 4916] Action: 0
[Step 4960] Action: 1
[Step 5004] Action: 2
[Step 5048] Action: 1
[Step 5092] Action: 1
[Step 5132] Action: 1
[Step 5172] Action: 0
[Step 5216] Action: 2
[Step 5260] Action: 1
[Step 5304] Action: 2
[Step 5348] Action: 0
[Step 5392] Action: 3
