[Step 0] Action: 0
[Step 10] Action: 2
[Step 24] Action: 0
[Step 38] Action: 0
[Step 48] Action: 2
[Step 62] Action: 0
[Step 76] Action: 3
[Step 90] Action: 0
[Step 104] Action: 2
[Step 118] Action: 1
[Step 132] Action: 2
[Step 146] Action: 0
[Step 160] Action: 3
[Step 174] Action: 2
[Step 188] Action: 1
[Step 202] Action: 1
[Step 212] Action: 2
[Step 226] Action: 1
[Step 240] Action: 0
[Step 254] Action: 2
[Step 268] Action: 1
[Step 282] Action: 1
[Step 292] Action: 1
[Step 302] Action: 1
[Step 312] Action: 1
[Step 322] Action: 2
[Step 336] Action: 2
[Step 346] Action: 1
[Step 360] Action: 0
[Step 374] Action: 1
[Step 388] Action: 2
[Step 402] Action: 2
[Step 412] Action: 1
[Step 426] Action: 0
[Step 440] Action: 1
[Step 454] Action: 1
[Step 464] Action: 2
[Step 478] Action: 1
[Step 492] Action: 1
[Step 502] Action: 1
[Step 512] Action: 1
[Step 522] Action: 1
[Step 532] Action: 1
[Step 542] Action: 1
[Step 552] Action: 1
[Step 562] Action: 1
[Step 572] Action: 1
[Step 582] Action: 1
[Step 592] Action: 2
[Step 606] Action: 1
[Step 620] Action: 1
[Step 630] Action: 0
[Step 644] Action: 1
[Step 658] Action: 1
[Step 668] Action: 0
[Step 682] Action: 1
[Step 696] Action: 1
[Step 706] Action: 1
[Step 716] Action: 1
[Step 726] Action: 1
[Step 736] Action: 2
[Step 750] Action: 2
[Step 760] Action: 1
[Step 774] Action: 2
[Step 788] Action: 1
[Step 802] Action: 1
[Step 812] Action: 1
[Step 822] Action: 0
[Step 836] Action: 2
[Step 850] Action: 2
[Step 860] Action: 1
[Step 874] Action: 1
[Step 884] Action: 1
[Step 894] Action: 1
[Step 904] Action: 1
[Step 914] Action: 1
[Step 924] Action: 1
[Step 934] Action: 1
[Step 944] Action: 1
[Step 954] Action: 1
[Step 964] Action: 1
[Step 974] Action: 1
[Step 984] Action: 1
[Step 994] Action: 1
[Step 1004] Action: 2
[Step 1018] Action: 2
[Step 1028] Action: 1
[Step 1042] Action: 1
[Step 1052] Action: 1
[Step 1062] Action: 1
[Step 1072] Action: 0
[Step 1086] Action: 0
[Step 1096] Action: 0
[Step 1106] Action: 1
[Step 1120] Action: 1
[Step 1130] Action: 1
[Step 1140] Action: 1
[Step 1150] Action: 1
[Step 1160] Action: 2
[Step 1174] Action: 1
[Step 1188] Action: 1
[Step 1198] Action: 1
[Step 1208] Action: 2
[Step 1222] Action: 1
[Step 1236] Action: 1
[Step 1246] Action: 1
[Step 1256] Action: 0
[Step 1270] Action: 2
[Step 1284] Action: 1
[Step 1298] Action: 1
[Step 1308] Action: 1
[Step 1318] Action: 1
[Step 1328] Action: 1
[Step 1338] Action: 0
[Step 1352] Action: 1
[Step 1366] Action: 1
[Step 1376] Action: 1
[Step 1386] Action: 1
[Step 1396] Action: 1
[Step 1406] Action: 1
[Step 1416] Action: 1
[Step 1426] Action: 2
[Step 1440] Action: 1
[Step 1454] Action: 0
[Step 1468] Action: 2
[Step 1482] Action: 1
[Step 1496] Action: 1
[Step 1506] Action: 1
[Step 1516] Action: 1
[Step 1526] Action: 1
[Step 1536] Action: 0
[Step 1550] Action: 1
[Step 1564] Action: 1
[Step 1574] Action: 1
[Step 1584] Action: 1
[Step 1594] Action: 1
[Step 1604] Action: 1
[Step 1614] Action: 1
[Step 1624] Action: 0
[Step 1638] Action: 1
[Step 1652] Action: 1
[Step 1662] Action: 2
[Step 1676] Action: 1
[Step 1690] Action: 2
[Step 1704] Action: 0
[Step 1718] Action: 1
[Step 1732] Action: 0
[Step 1746] Action: 1
[Step 1760] Action: 2
[Step 1774] Action: 1
[Step 1788] Action: 1
[Step 1798] Action: 1
[Step 1808] Action: 0
[Step 1822] Action: 1
[Step 1836] Action: 1
[Step 1846] Action: 1
[Step 1856] Action: 1
[Step 1866] Action: 1
[Step 1876] Action: 1
[Step 1886] Action: 1
[Step 1896] Action: 0
[Step 1910] Action: 0
[Step 1920] Action: 1
[Step 1934] Action: 1
[Step 1944] Action: 1
[Step 1954] Action: 1
[Step 1964] Action: 2
[Step 1978] Action: 1
[Step 1992] Action: 0
[Step 2006] Action: 2
[Step 2020] Action: 2
[Step 2030] Action: 1
[Step 2044] Action: 1
[Step 2054] Action: 1
[Step 2064] Action: 0
[Step 2078] Action: 1
[Step 2092] Action: 1
[Step 2102] Action: 2
[Step 2116] Action: 1
[Step 2130] Action: 1
[Step 2140] Action: 3
[Step 2154] Action: 2
[Step 2168] Action: 1
[Step 2182] Action: 2
[Step 2196] Action: 1
[Step 2210] Action: 1
[Step 2220] Action: 3
[Step 2234] Action: 0
[Step 2248] Action: 2
[Step 2262] Action: 2
[Step 2272] Action: 2
[Step 2282] Action: 1
[Step 2296] Action: 1
[Step 2306] Action: 0
[Step 2320] Action: 3
[Step 2334] Action: 2
[Step 2348] Action: 1
[Step 2362] Action: 1
[Step 2372] Action: 2
[Step 2386] Action: 1
[Step 2400] Action: 0
[Step 2414] Action: 0
[Step 2424] Action: 2
[Step 2438] Action: 1
[Step 2452] Action: 1
[Step 2462] Action: 1
[Step 2472] Action: 1
[Step 2482] Action: 0
[Step 2496] Action: 2
[Step 2510] Action: 1
[Step 2524] Action: 0
[Step 2538] Action: 0
[Step 2548] Action: 3
[Step 2562] Action: 0
[Step 2576] Action: 2
[Step 2590] Action: 0
[Step 2604] Action: 2
[Step 2618] Action: 2
[Step 2628] Action: 1
[Step 2642] Action: 1
[Step 2652] Action: 1
[Step 2662] Action: 0
[Step 2676] Action: 0
[Step 2686] Action: 1
[Step 2700] Action: 3
[Step 2714] Action: 1
[Step 2728] Action: 1
[Step 2738] Action: 1
[Step 2748] Action: 2
[Step 2762] Action: 0
[Step 2776] Action: 0
[Step 2786] Action: 2
[Step 2800] Action: 0
[Step 2814] Action: 0
[Step 2824] Action: 1
[Step 2838] Action: 2
[Step 2852] Action: 0
[Step 2866] Action: 1
[Step 2880] Action: 1
[Step 2890] Action: 1
[Step 2900] Action: 2
[Step 2914] Action: 1
[Step 2928] Action: 2
[Step 2942] Action: 2
[Step 2952] Action: 2
[Step 2962] Action: 0
[Step 2976] Action: 1
[Step 2990] Action: 1
[Step 3000] Action: 1
[Step 3010] Action: 0
[Step 3024] Action: 1
[Step 3038] Action: 0
[Step 3052] Action: 2
[Step 3066] Action: 0
[Step 3080] Action: 0
[Step 3090] Action: 2
[Step 3104] Action: 2
[Step 3114] Action: 2
[Step 3124] Action: 1
[Step 3138] Action: 1
[Step 3148] Action: 2
[Step 3162] Action: 2
[Step 3172] Action: 2
[Step 3182] Action: 1
[Step 3196] Action: 3
[Step 3210] Action: 2
[Step 3224] Action: 1
[Step 3238] Action: 0
[Step 3252] Action: 0
[Step 3262] Action: 0
[Step 3272] Action: 0
[Step 3282] Action: 0
[Step 3292] Action: 0
[Step 3302] Action: 2
[Step 3316] Action: 2
[Step 3326] Action: 0
[Step 3340] Action: 0
[Step 3350] Action: 1
[Step 3364] Action: 2
[Step 3378] Action: 0
[Step 3392] Action: 3
[Step 3406] Action: 3
[Step 3416] Action: 3
[Step 3426] Action: 2
[Step 3440] Action: 2
[Step 3450] Action: 1
[Step 3464] Action: 1
[Step 3474] Action: 2
[Step 3488] Action: 3
[Step 3502] Action: 0
[Step 3516] Action: 2
[Step 3530] Action: 1
[Step 3544] Action: 1
[Step 3554] Action: 1
[Step 3564] Action: 2
[Step 3578] Action: 2
[Step 3588] Action: 2
[Step 3598] Action: 3
[Step 3612] Action: 0
[Step 3626] Action: 0
[Step 3636] Action: 1
[Step 3650] Action: 2
[Step 3664] Action: 0
[Step 3678] Action: 1
[Step 3692] Action: 2
[Step 3706] Action: 1
[Step 3720] Action: 2
[Step 3734] Action: 0
[Step 3748] Action: 3
[Step 3762] Action: 0
[Step 3776] Action: 0
[Step 3786] Action: 0
[Step 3796] Action: 0
[Step 3806] Action: 0
[Step 3816] Action: 2
[Step 3830] Action: 3
[Step 3844] Action: 3
[Step 3854] Action: 1
[Step 3868] Action: 3
[Step 3882] Action: 1
[Step 3896] Action: 1
[Step 3906] Action: 1
[Step 3916] Action: 3
[Step 3930] Action: 0
[Step 3944] Action: 3
[Step 3958] Action: 0
[Step 3972] Action: 3
[Step 3986] Action: 1
[Step 4000] Action: 3
[Step 4014] Action: 1
[Step 4028] Action: 2
[Step 4042] Action: 0
[Step 4056] Action: 1
[Step 4070] Action: 2
[Step 4084] Action: 3
[Step 4098] Action: 1
[Step 4112] Action: 1
[Step 4122] Action: 3
[Step 4136] Action: 1
[Step 4150] Action: 1
[Step 4160] Action: 3
[Step 4174] Action: 0
[Step 4188] Action: 0
[Step 4198] Action: 1
[Step 4212] Action: 3
[Step 4226] Action: 0
[Step 4240] Action: 3
[Step 4254] Action: 3
[Step 4264] Action: 1
[Step 4278] Action: 1
[Step 4288] Action: 1
[Step 4298] Action: 3
[Step 4312] Action: 0
[Step 4326] Action: 2
[Step 4340] Action: 3
[Step 4354] Action: 2
[Step 4368] Action: 2
[Step 4378] Action: 0
[Step 4392] Action: 2
[Step 4406] Action: 2
[Step 4416] Action: 3
[Step 4430] Action: 2
[Step 4444] Action: 0
[Step 4458] Action: 3
[Step 4472] Action: 0
[Step 4486] Action: 0
[Step 4496] Action: 3
[Step 4510] Action: 0
[Step 4524] Action: 1
[Step 4538] Action: 3
[Step 4552] Action: 1
[Step 4566] Action: 1
[Step 4576] Action: 0
[Step 4590] Action: 0
[Step 4600] Action: 0
[Step 4610] Action: 2
[Step 4624] Action: 0
[Step 4638] Action: 2
[Step 4652] Action: 0
[Step 4666] Action: 1
[Step 4680] Action: 0
[Step 4694] Action: 1
[Step 4708] Action: 3
[Step 4722] Action: 0
[Step 4736] Action: 2
[Step 4750] Action: 0
[Step 4764] Action: 1
[Step 4778] Action: 3
[Step 4792] Action: 2
[Step 4806] Action: 0
[Step 4820] Action: 3
[Step 4834] Action: 0
[Step 4848] Action: 3
[Step 4862] Action: 0
[Step 4876] Action: 3
[Step 4890] Action: 0
[Step 4904] Action: 0
[Step 4914] Action: 2
[Step 4928] Action: 2
[Step 4938] Action: 3
[Step 4952] Action: 2
[Step 4966] Action: 0
[Step 4980] Action: 1
[Step 4994] Action: 1
[Step 5004] Action: 1
[Step 5014] Action: 0
[Step 5028] Action: 2
[Step 5042] Action: 0
[Step 5056] Action: 0
[Step 5066] Action: 1
[Step 5080] Action: 3
[Step 5094] Action: 0
[Step 5108] Action: 2
[Step 5122] Action: 0
[Step 5136] Action: 1
[Step 5150] Action: 0
[Step 5164] Action: 2
[Step 5178] Action: 1
[Step 5192] Action: 3
[Step 5206] Action: 2
[Step 5220] Action: 1
[Step 5234] Action: 0
[Step 5248] Action: 2
[Step 5262] Action: 0
[Step 5276] Action: 0
[Step 5286] Action: 2
[Step 5300] Action: 0
[Step 5314] Action: 0
[Step 5324] Action: 1
[Step 5338] Action: 0
[Step 5352] Action: 0
[Step 5362] Action: 2
[Step 5376] Action: 3
[Step 5390] Action: 0
