[Step 0] Action: 3
[Step 10] Action: 2
[Step 24] Action: 3
[Step 38] Action: 2
[Step 52] Action: 0
[Step 66] Action: 3
[Step 80] Action: 2
[Step 94] Action: 3
[Step 108] Action: 2
[Step 122] Action: 2
[Step 132] Action: 2
[Step 142] Action: 1
[Step 156] Action: 1
[Step 166] Action: 3
[Step 180] Action: 2
[Step 194] Action: 2
[Step 204] Action: 0
[Step 218] Action: 1
[Step 232] Action: 2
[Step 246] Action: 0
[Step 260] Action: 0
[Step 270] Action: 2
[Step 284] Action: 3
[Step 298] Action: 0
[Step 312] Action: 0
[Step 322] Action: 2
[Step 336] Action: 0
[Step 350] Action: 1
[Step 364] Action: 1
[Step 374] Action: 2
[Step 388] Action: 1
[Step 402] Action: 2
[Step 416] Action: 1
[Step 430] Action: 0
[Step 444] Action: 1
[Step 458] Action: 2
[Step 472] Action: 0
[Step 486] Action: 2
[Step 500] Action: 0
[Step 514] Action: 3
[Step 528] Action: 3
[Step 538] Action: 1
[Step 552] Action: 0
[Step 566] Action: 2
[Step 580] Action: 0
[Step 594] Action: 0
[Step 604] Action: 1
[Step 618] Action: 0
[Step 632] Action: 3
[Step 646] Action: 2
[Step 660] Action: 3
[Step 674] Action: 3
[Step 684] Action: 1
[Step 698] Action: 2
[Step 712] Action: 2
[Step 722] Action: 0
[Step 736] Action: 2
[Step 750] Action: 0
[Step 764] Action: 3
[Step 778] Action: 2
[Step 792] Action: 2
[Step 802] Action: 1
[Step 816] Action: 2
[Step 830] Action: 1
[Step 844] Action: 1
[Step 854] Action: 0
[Step 868] Action: 0
[Step 878] Action: 0
[Step 888] Action: 0
[Step 898] Action: 0
[Step 908] Action: 0
[Step 918] Action: 1
[Step 932] Action: 2
[Step 946] Action: 2
[Step 956] Action: 0
[Step 970] Action: 0
[Step 980] Action: 1
[Step 994] Action: 2
[Step 1008] Action: 0
[Step 1022] Action: 0
[Step 1032] Action: 1
[Step 1046] Action: 0
[Step 1060] Action: 1
[Step 1074] Action: 0
[Step 1088] Action: 2
[Step 1102] Action: 0
[Step 1116] Action: 2
[Step 1130] Action: 2
[Step 1140] Action: 3
[Step 1154] Action: 0
[Step 1168] Action: 1
[Step 1182] Action: 0
[Step 1196] Action: 1
[Step 1210] Action: 3
[Step 1224] Action: 3
[Step 1234] Action: 1
[Step 1248] Action: 1
[Step 1258] Action: 0
[Step 1272] Action: 3
[Step 1286] Action: 2
[Step 1300] Action: 0
[Step 1314] Action: 0
[Step 1324] Action: 0
[Step 1334] Action: 2
[Step 1348] Action: 2
[Step 1358] Action: 0
[Step 1372] Action: 1
[Step 1386] Action: 2
[Step 1400] Action: 1
[Step 1414] Action: 1
[Step 1424] Action: 3
[Step 1438] Action: 1
[Step 1452] Action: 0
[Step 1466] Action: 2
[Step 1480] Action: 0
[Step 1494] Action: 2
[Step 1508] Action: 3
[Step 1522] Action: 0
[Step 1536] Action: 0
[Step 1546] Action: 0
[Step 1556] Action: 3
[Step 1570] Action: 2
[Step 1584] Action: 0
[Step 1598] Action: 3
[Step 1612] Action: 0
[Step 1626] Action: 0
[Step 1636] Action: 1
[Step 1650] Action: 1
[Step 1660] Action: 0
[Step 1674] Action: 0
[Step 1684] Action: 1
[Step 1698] Action: 3
[Step 1712] Action: 2
[Step 1726] Action: 2
[Step 1736] Action: 0
[Step 1750] Action: 2
[Step 1764] Action: 3
[Step 1778] Action: 0
[Step 1792] Action: 1
[Step 1806] Action: 2
[Step 1820] Action: 0
[Step 1834] Action: 0
[Step 1844] Action: 0
[Step 1854] Action: 1
[Step 1868] Action: 0
[Step 1882] Action: 3
[Step 1896] Action: 2
[Step 1910] Action: 2
[Step 1920] Action: 2
[Step 1930] Action: 2
[Step 1940] Action: 2
[Step 1950] Action: 1
[Step 1964] Action: 1
[Step 1974] Action: 1
[Step 1984] Action: 1
[Step 1994] Action: 1
[Step 2004] Action: 1
[Step 2014] Action: 1
[Step 2024] Action: 1
[Step 2034] Action: 1
[Step 2044] Action: 3
[Step 2058] Action: 0
[Step 2072] Action: 0
[Step 2082] Action: 0
[Step 2092] Action: 2
[Step 2106] Action: 2
[Step 2116] Action: 2
[Step 2126] Action: 3
[Step 2140] Action: 1
[Step 2154] Action: 3
[Step 2168] Action: 0
[Step 2182] Action: 2
[Step 2196] Action: 1
[Step 2210] Action: 2
[Step 2224] Action: 3
[Step 2238] Action: 1
[Step 2252] Action: 3
[Step 2266] Action: 2
[Step 2280] Action: 0
[Step 2294] Action: 3
[Step 2308] Action: 1
[Step 2322] Action: 1
[Step 2332] Action: 0
[Step 2346] Action: 3
[Step 2360] Action: 3
[Step 2370] Action: 2
[Step 2384] Action: 2
[Step 2394] Action: 2
[Step 2404] Action: 0
[Step 2418] Action: 0
[Step 2428] Action: 3
[Step 2442] Action: 2
[Step 2456] Action: 3
[Step 2470] Action: 1
[Step 2484] Action: 1
[Step 2494] Action: 0
[Step 2508] Action: 1
[Step 2522] Action: 1
[Step 2532] Action: 1
[Step 2542] Action: 2
[Step 2556] Action: 3
[Step 2570] Action: 0
[Step 2584] Action: 2
[Step 2598] Action: 0
[Step 2612] Action: 0
[Step 2622] Action: 2
[Step 2636] Action: 3
[Step 2650] Action: 3
[Step 2660] Action: 1
[Step 2674] Action: 0
[Step 2688] Action: 3
[Step 2702] Action: 0
[Step 2716] Action: 0
[Step 2726] Action: 0
[Step 2736] Action: 0
[Step 2746] Action: 0
[Step 2756] Action: 0
[Step 2766] Action: 3
[Step 2780] Action: 2
[Step 2794] Action: 3
[Step 2808] Action: 0
[Step 2822] Action: 2
[Step 2836] Action: 0
[Step 2850] Action: 0
[Step 2860] Action: 0
[Step 2870] Action: 0
[Step 2880] Action: 3
[Step 2894] Action: 1
[Step 2908] Action: 1
[Step 2918] Action: 1
[Step 2928] Action: 1
[Step 2938] Action: 0
[Step 2952] Action: 0
[Step 2962] Action: 1
[Step 2976] Action: 3
[Step 2990] Action: 2
[Step 3004] Action: 0
[Step 3018] Action: 3
[Step 3032] Action: 2
[Step 3046] Action: 2
[Step 3056] Action: 3
[Step 3070] Action: 1
[Step 3084] Action: 3
[Step 3098] Action: 2
[Step 3112] Action: 2
[Step 3122] Action: 3
[Step 3136] Action: 0
[Step 3150] Action: 1
[Step 3164] Action: 2
[Step 3178] Action: 3
[Step 3192] Action: 1
[Step 3206] Action: 1
[Step 3216] Action: 1
[Step 3226] Action: 0
[Step 3240] Action: 3
[Step 3254] Action: 3
[Step 3264] Action: 1
[Step 3278] Action: 2
[Step 3292] Action: 1
[Step 3306] Action: 2
[Step 3320] Action: 3
[Step 3334] Action: 0
[Step 3348] Action: 2
[Step 3362] Action: 3
[Step 3376] Action: 2
[Step 3390] Action: 3
[Step 3404] Action: 3
[Step 3414] Action: 2
[Step 3428] Action: 3
[Step 3442] Action: 3
[Step 3452] Action: 0
[Step 3466] Action: 0
[Step 3476] Action: 2
[Step 3490] Action: 2
[Step 3500] Action: 2
[Step 3510] Action: 1
[Step 3524] Action: 1
[Step 3534] Action: 0
[Step 3548] Action: 2
[Step 3562] Action: 0
[Step 3576] Action: 1
[Step 3590] Action: 0
[Step 3604] Action: 3
[Step 3618] Action: 2
[Step 3632] Action: 3
[Step 3646] Action: 2
[Step 3660] Action: 3
[Step 3674] Action: 1
[Step 3688] Action: 0
[Step 3702] Action: 2
[Step 3716] Action: 1
[Step 3730] Action: 1
[Step 3740] Action: 1
[Step 3750] Action: 1
[Step 3760] Action: 3
[Step 3774] Action: 2
[Step 3788] Action: 0
[Step 3802] Action: 3
[Step 3816] Action: 0
[Step 3830] Action: 0
[Step 3840] Action: 0
[Step 3850] Action: 3
[Step 3864] Action: 2
[Step 3878] Action: 2
[Step 3888] Action: 2
[Step 3898] Action: 0
[Step 3912] Action: 1
[Step 3926] Action: 0
[Step 3940] Action: 1
[Step 3954] Action: 1
[Step 3964] Action: 0
[Step 3978] Action: 1
[Step 3992] Action: 0
[Step 4006] Action: 0
[Step 4016] Action: 2
[Step 4030] Action: 2
[Step 4040] Action: 0
[Step 4054] Action: 0
[Step 4064] Action: 0
[Step 4074] Action: 2
[Step 4088] Action: 1
[Step 4102] Action: 0
[Step 4116] Action: 0
[Step 4126] Action: 2
[Step 4140] Action: 1
[Step 4154] Action: 2
[Step 4168] Action: 0
[Step 4182] Action: 2
[Step 4196] Action: 2
[Step 4206] Action: 1
[Step 4220] Action: 2
[Step 4234] Action: 1
[Step 4248] Action: 0
[Step 4262] Action: 0
[Step 4272] Action: 0
[Step 4282] Action: 0
[Step 4292] Action: 0
[Step 4302] Action: 3
[Step 4316] Action: 1
[Step 4330] Action: 2
[Step 4344] Action: 0
[Step 4358] Action: 1
[Step 4372] Action: 2
[Step 4386] Action: 1
[Step 4400] Action: 2
[Step 4414] Action: 3
[Step 4428] Action: 2
[Step 4442] Action: 1
[Step 4456] Action: 0
[Step 4470] Action: 2
[Step 4484] Action: 1
[Step 4498] Action: 1
[Step 4508] Action: 2
[Step 4522] Action: 3
[Step 4536] Action: 2
[Step 4550] Action: 0
[Step 4564] Action: 3
[Step 4578] Action: 0
[Step 4592] Action: 2
[Step 4606] Action: 3
[Step 4620] Action: 2
[Step 4634] Action: 2
[Step 4644] Action: 0
[Step 4658] Action: 0
[Step 4668] Action: 2
[Step 4682] Action: 1
[Step 4696] Action: 1
[Step 4706] Action: 0
[Step 4720] Action: 2
[Step 4734] Action: 1
[Step 4748] Action: 1
[Step 4758] Action: 3
[Step 4772] Action: 0
[Step 4786] Action: 0
[Step 4796] Action: 2
[Step 4810] Action: 2
[Step 4820] Action: 3
[Step 4834] Action: 3
[Step 4844] Action: 0
[Step 4858] Action: 1
[Step 4872] Action: 2
[Step 4886] Action: 0
[Step 4900] Action: 2
[Step 4914] Action: 0
[Step 4928] Action: 0
[Step 4938] Action: 3
[Step 4952] Action: 0
[Step 4966] Action: 0
[Step 4976] Action: 2
[Step 4990] Action: 1
[Step 5004] Action: 3
[Step 5018] Action: 1
[Step 5032] Action: 2
[Step 5046] Action: 2
[Step 5056] Action: 2
[Step 5066] Action: 3
[Step 5080] Action: 0
[Step 5094] Action: 2
[Step 5108] Action: 1
[Step 5122] Action: 2
[Step 5136] Action: 1
[Step 5150] Action: 1
[Step 5160] Action: 3
[Step 5174] Action: 1
[Step 5188] Action: 0
[Step 5202] Action: 0
[Step 5212] Action: 2
[Step 5226] Action: 0
[Step 5240] Action: 2
[Step 5254] Action: 1
[Step 5268] Action: 0
[Step 5282] Action: 0
[Step 5292] Action: 0
[Step 5302] Action: 2
[Step 5316] Action: 2
[Step 5326] Action: 1
[Step 5340] Action: 0
[Step 5354] Action: 1
[Step 5368] Action: 2
[Step 5382] Action: 3
[Step 5396] Action: 2
