[Step 0] Action: 3
[Step 10] Action: 0
[Step 24] Action: 1
[Step 38] Action: 1
[Step 48] Action: 3
[Step 62] Action: 1
[Step 76] Action: 3
[Step 90] Action: 1
[Step 104] Action: 0
[Step 118] Action: 2
[Step 132] Action: 2
[Step 142] Action: 1
[Step 156] Action: 1
[Step 166] Action: 2
[Step 180] Action: 1
[Step 194] Action: 2
[Step 208] Action: 2
[Step 218] Action: 1
[Step 232] Action: 2
[Step 246] Action: 2
[Step 256] Action: 1
[Step 270] Action: 3
[Step 284] Action: 2
[Step 298] Action: 2
[Step 308] Action: 1
[Step 322] Action: 0
[Step 336] Action: 2
[Step 350] Action: 2
[Step 360] Action: 2
[Step 370] Action: 2
[Step 380] Action: 2
[Step 390] Action: 2
[Step 400] Action: 1
[Step 414] Action: 2
[Step 428] Action: 1
[Step 442] Action: 1
[Step 452] Action: 2
[Step 466] Action: 2
[Step 476] Action: 2
[Step 486] Action: 2
[Step 496] Action: 1
[Step 510] Action: 1
[Step 520] Action: 1
[Step 530] Action: 2
[Step 544] Action: 1
[Step 558] Action: 2
[Step 572] Action: 2
[Step 582] Action: 2
[Step 592] Action: 1
[Step 606] Action: 1
[Step 616] Action: 3
[Step 630] Action: 2
[Step 644] Action: 2
[Step 654] Action: 1
[Step 668] Action: 1
[Step 678] Action: 2
[Step 692] Action: 1
[Step 706] Action: 0
[Step 720] Action: 0
[Step 730] Action: 2
[Step 744] Action: 0
[Step 758] Action: 1
[Step 772] Action: 1
[Step 782] Action: 2
[Step 796] Action: 1
[Step 810] Action: 2
[Step 824] Action: 2
[Step 834] Action: 2
[Step 844] Action: 1
[Step 858] Action: 3
[Step 872] Action: 2
[Step 886] Action: 2
[Step 896] Action: 2
[Step 906] Action: 1
[Step 920] Action: 1
[Step 930] Action: 1
[Step 940] Action: 2
[Step 954] Action: 2
[Step 964] Action: 2
[Step 974] Action: 2
[Step 984] Action: 2
[Step 994] Action: 2
[Step 1004] Action: 1
[Step 1018] Action: 2
[Step 1032] Action: 1
[Step 1046] Action: 2
[Step 1060] Action: 2
[Step 1070] Action: 2
[Step 1080] Action: 2
[Step 1090] Action: 0
[Step 1104] Action: 1
[Step 1118] Action: 1
[Step 1128] Action: 2
[Step 1142] Action: 2
[Step 1152] Action: 2
[Step 1162] Action: 2
[Step 1172] Action: 1
[Step 1186] Action: 2
[Step 1200] Action: 2
[Step 1210] Action: 2
[Step 1220] Action: 2
[Step 1230] Action: 2
[Step 1240] Action: 2
[Step 1250] Action: 1
[Step 1264] Action: 2
[Step 1278] Action: 2
[Step 1288] Action: 1
[Step 1302] Action: 1
[Step 1312] Action: 2
[Step 1326] Action: 2
[Step 1336] Action: 2
[Step 1346] Action: 1
[Step 1360] Action: 1
[Step 1370] Action: 2
[Step 1384] Action: 1
[Step 1398] Action: 1
[Step 1408] Action: 2
[Step 1422] Action: 2
[Step 1432] Action: 1
[Step 1446] Action: 2
[Step 1460] Action: 1
[Step 1474] Action: 1
[Step 1484] Action: 2
[Step 1498] Action: 2
[Step 1508] Action: 2
[Step 1518] Action: 2
[Step 1528] Action: 2
[Step 1538] Action: 2
[Step 1548] Action: 2
[Step 1558] Action: 1
[Step 1572] Action: 2
[Step 1586] Action: 2
[Step 1596] Action: 2
[Step 1606] Action: 2
[Step 1616] Action: 3
[Step 1630] Action: 0
[Step 1644] Action: 2
[Step 1658] Action: 2
[Step 1668] Action: 2
[Step 1678] Action: 2
[Step 1688] Action: 1
[Step 1702] Action: 1
[Step 1712] Action: 1
[Step 1722] Action: 2
[Step 1736] Action: 1
[Step 1750] Action: 1
[Step 1760] Action: 1
[Step 1770] Action: 2
[Step 1784] Action: 1
[Step 1798] Action: 1
[Step 1808] Action: 1
[Step 1818] Action: 1
[Step 1828] Action: 2
[Step 1842] Action: 2
[Step 1852] Action: 2
[Step 1862] Action: 1
[Step 1876] Action: 2
[Step 1890] Action: 0
[Step 1904] Action: 2
[Step 1918] Action: 1
[Step 1932] Action: 2
[Step 1946] Action: 2
[Step 1956] Action: 2
[Step 1966] Action: 1
[Step 1980] Action: 0
[Step 1994] Action: 1
[Step 2008] Action: 2
[Step 2022] Action: 2
[Step 2032] Action: 2
[Step 2042] Action: 2
[Step 2052] Action: 0
[Step 2066] Action: 3
[Step 2080] Action: 2
[Step 2094] Action: 2
[Step 2104] Action: 2
[Step 2114] Action: 2
[Step 2124] Action: 2
[Step 2134] Action: 0
[Step 2148] Action: 3
[Step 2162] Action: 1
[Step 2176] Action: 1
[Step 2186] Action: 2
[Step 2200] Action: 0
[Step 2214] Action: 2
[Step 2228] Action: 2
[Step 2238] Action: 1
[Step 2252] Action: 2
[Step 2266] Action: 3
[Step 2280] Action: 2
[Step 2294] Action: 2
[Step 2304] Action: 2
[Step 2314] Action: 2
[Step 2324] Action: 1
[Step 2338] Action: 2
[Step 2352] Action: 1
[Step 2366] Action: 0
[Step 2380] Action: 1
[Step 2394] Action: 1
[Step 2404] Action: 1
[Step 2414] Action: 2
[Step 2428] Action: 2
[Step 2438] Action: 2
[Step 2448] Action: 1
[Step 2462] Action: 0
[Step 2476] Action: 1
[Step 2490] Action: 1
[Step 2500] Action: 2
[Step 2514] Action: 2
[Step 2524] Action: 2
[Step 2534] Action: 2
[Step 2544] Action: 1
[Step 2558] Action: 3
[Step 2572] Action: 0
[Step 2586] Action: 0
[Step 2596] Action: 0
[Step 2606] Action: 3
[Step 2620] Action: 2
[Step 2634] Action: 0
[Step 2648] Action: 0
[Step 2658] Action: 1
[Step 2672] Action: 2
[Step 2686] Action: 1
[Step 2700] Action: 2
[Step 2714] Action: 3
[Step 2728] Action: 2
[Step 2742] Action: 0
[Step 2756] Action: 2
[Step 2770] Action: 3
[Step 2784] Action: 3
[Step 2794] Action: 2
[Step 2808] Action: 2
[Step 2818] Action: 0
[Step 2832] Action: 1
[Step 2846] Action: 3
[Step 2860] Action: 3
[Step 2870] Action: 2
[Step 2884] Action: 3
[Step 2898] Action: 3
[Step 2908] Action: 2
[Step 2922] Action: 0
[Step 2936] Action: 1
[Step 2950] Action: 1
[Step 2960] Action: 1
[Step 2970] Action: 3
[Step 2984] Action: 1
[Step 2998] Action: 2
[Step 3012] Action: 3
[Step 3026] Action: 2
[Step 3040] Action: 0
[Step 3054] Action: 1
[Step 3068] Action: 1
[Step 3078] Action: 2
[Step 3092] Action: 0
[Step 3106] Action: 1
[Step 3120] Action: 1
[Step 3130] Action: 1
[Step 3140] Action: 1
[Step 3150] Action: 1
[Step 3160] Action: 3
[Step 3174] Action: 0
[Step 3188] Action: 0
[Step 3198] Action: 2
[Step 3212] Action: 1
[Step 3226] Action: 2
[Step 3240] Action: 2
[Step 3250] Action: 3
[Step 3264] Action: 2
[Step 3278] Action: 0
[Step 3292] Action: 2
[Step 3306] Action: 2
[Step 3316] Action: 3
[Step 3330] Action: 2
[Step 3344] Action: 0
[Step 3358] Action: 0
[Step 3368] Action: 0
[Step 3378] Action: 0
[Step 3388] Action: 1
[Step 3402] Action: 3
[Step 3416] Action: 0
[Step 3430] Action: 3
[Step 3444] Action: 1
[Step 3458] Action: 1
[Step 3468] Action: 1
[Step 3478] Action: 2
[Step 3492] Action: 0
[Step 3506] Action: 0
[Step 3516] Action: 0
[Step 3526] Action: 2
[Step 3540] Action: 2
[Step 3550] Action: 0
[Step 3564] Action: 3
[Step 3578] Action: 1
[Step 3592] Action: 2
[Step 3606] Action: 0
[Step 3620] Action: 0
[Step 3630] Action: 1
[Step 3644] Action: 1
[Step 3654] Action: 1
[Step 3664] Action: 0
[Step 3678] Action: 2
[Step 3692] Action: 2
[Step 3702] Action: 2
[Step 3712] Action: 3
[Step 3726] Action: 0
[Step 3740] Action: 0
[Step 3750] Action: 2
[Step 3764] Action: 2
[Step 3774] Action: 1
[Step 3788] Action: 0
[Step 3802] Action: 3
[Step 3816] Action: 1
[Step 3830] Action: 1
[Step 3840] Action: 2
[Step 3854] Action: 0
[Step 3868] Action: 0
[Step 3878] Action: 3
[Step 3892] Action: 2
[Step 3906] Action: 1
[Step 3920] Action: 1
[Step 3930] Action: 3
[Step 3944] Action: 2
[Step 3958] Action: 2
[Step 3968] Action: 0
[Step 3982] Action: 3
[Step 3996] Action: 2
[Step 4010] Action: 0
[Step 4024] Action: 2
[Step 4038] Action: 3
[Step 4052] Action: 0
[Step 4066] Action: 3
[Step 4080] Action: 3
[Step 4090] Action: 1
[Step 4104] Action: 2
[Step 4118] Action: 2
[Step 4128] Action: 1
[Step 4142] Action: 1
[Step 4152] Action: 3
[Step 4166] Action: 1
[Step 4180] Action: 1
[Step 4190] Action: 0
[Step 4204] Action: 1
[Step 4218] Action: 2
[Step 4232] Action: 0
[Step 4246] Action: 2
[Step 4260] Action: 1
[Step 4274] Action: 0
[Step 4288] Action: 3
[Step 4302] Action: 2
[Step 4316] Action: 3
[Step 4330] Action: 1
[Step 4344] Action: 0
[Step 4358] Action: 3
[Step 4372] Action: 1
[Step 4386] Action: 1
[Step 4396] Action: 1
[Step 4406] Action: 3
[Step 4420] Action: 3
[Step 4430] Action: 3
[Step 4440] Action: 3
[Step 4450] Action: 2
[Step 4464] Action: 1
[Step 4478] Action: 1
[Step 4488] Action: 2
[Step 4502] Action: 0
[Step 4516] Action: 1
[Step 4530] Action: 1
[Step 4540] Action: 1
[Step 4550] Action: 3
[Step 4564] Action: 0
[Step 4578] Action: 0
[Step 4588] Action: 0
[Step 4598] Action: 1
[Step 4612] Action: 0
[Step 4626] Action: 1
[Step 4640] Action: 1
[Step 4650] Action: 0
[Step 4664] Action: 1
[Step 4678] Action: 0
[Step 4692] Action: 3
[Step 4706] Action: 2
[Step 4720] Action: 0
[Step 4734] Action: 0
[Step 4744] Action: 0
[Step 4754] Action: 0
[Step 4764] Action: 1
[Step 4778] Action: 2
[Step 4792] Action: 1
[Step 4806] Action: 0
[Step 4820] Action: 3
[Step 4834] Action: 3
[Step 4844] Action: 0
[Step 4858] Action: 0
[Step 4868] Action: 3
[Step 4882] Action: 1
[Step 4896] Action: 0
[Step 4910] Action: 3
[Step 4924] Action: 0
[Step 4938] Action: 1
[Step 4952] Action: 0
[Step 4966] Action: 2
[Step 4980] Action: 1
[Step 4994] Action: 2
[Step 5008] Action: 0
[Step 5022] Action: 2
[Step 5036] Action: 2
[Step 5046] Action: 0
[Step 5060] Action: 3
[Step 5074] Action: 0
[Step 5088] Action: 0
[Step 5098] Action: 3
[Step 5112] Action: 0
[Step 5126] Action: 0
[Step 5136] Action: 2
[Step 5150] Action: 2
[Step 5160] Action: 1
[Step 5174] Action: 3
[Step 5188] Action: 2
[Step 5202] Action: 3
[Step 5216] Action: 1
[Step 5230] Action: 2
[Step 5244] Action: 0
[Step 5258] Action: 0
[Step 5268] Action: 2
[Step 5282] Action: 2
[Step 5292] Action: 0
[Step 5306] Action: 3
[Step 5320] Action: 3
[Step 5330] Action: 3
[Step 5340] Action: 0
[Step 5354] Action: 1
[Step 5368] Action: 1
[Step 5378] Action: 3
[Step 5392] Action: 0
