[Step 0] Action: 0
[Step 10] Action: 2
[Step 24] Action: 0
[Step 38] Action: 2
[Step 52] Action: 1
[Step 66] Action: 3
[Step 80] Action: 0
[Step 94] Action: 0
[Step 104] Action: 2
[Step 118] Action: 3
[Step 132] Action: 1
[Step 146] Action: 1
[Step 156] Action: 0
[Step 170] Action: 1
[Step 184] Action: 0
[Step 198] Action: 2
[Step 212] Action: 0
[Step 226] Action: 0
[Step 236] Action: 2
[Step 250] Action: 2
[Step 260] Action: 2
[Step 270] Action: 1
[Step 284] Action: 0
[Step 298] Action: 0
[Step 308] Action: 2
[Step 322] Action: 2
[Step 332] Action: 2
[Step 342] Action: 2
[Step 352] Action: 2
[Step 362] Action: 1
[Step 376] Action: 1
[Step 386] Action: 1
[Step 396] Action: 1
[Step 406] Action: 1
[Step 416] Action: 2
[Step 430] Action: 2
[Step 440] Action: 1
[Step 454] Action: 0
[Step 468] Action: 0
[Step 478] Action: 2
[Step 492] Action: 0
[Step 506] Action: 1
[Step 520] Action: 0
[Step 534] Action: 0
[Step 544] Action: 2
[Step 558] Action: 1
[Step 572] Action: 0
[Step 586] Action: 2
[Step 600] Action: 3
[Step 614] Action: 2
[Step 628] Action: 1
[Step 642] Action: 1
[Step 652] Action: 2
[Step 666] Action: 2
[Step 676] Action: 1
[Step 690] Action: 2
[Step 704] Action: 1
[Step 718] Action: 2
[Step 732] Action: 2
[Step 742] Action: 2
[Step 752] Action: 2
[Step 762] Action: 1
[Step 776] Action: 0
[Step 790] Action: 2
[Step 804] Action: 1
[Step 818] Action: 1
[Step 828] Action: 1
[Step 838] Action: 1
[Step 848] Action: 2
[Step 862] Action: 2
[Step 872] Action: 2
[Step 882] Action: 1
[Step 896] Action: 0
[Step 910] Action: 2
[Step 924] Action: 1
[Step 938] Action: 0
[Step 952] Action: 0
[Step 962] Action: 1
[Step 976] Action: 0
[Step 990] Action: 1
[Step 1004] Action: 1
[Step 1014] Action: 2
[Step 1028] Action: 0
[Step 1042] Action: 0
[Step 1052] Action: 1
[Step 1066] Action: 1
[Step 1076] Action: 2
[Step 1090] Action: 1
[Step 1104] Action: 0
[Step 1118] Action: 1
[Step 1132] Action: 1
[Step 1142] Action: 2
[Step 1156] Action: 1
[Step 1170] Action: 1
[Step 1180] Action: 2
[Step 1194] Action: 2
[Step 1204] Action: 1
[Step 1218] Action: 1
[Step 1228] Action: 2
[Step 1242] Action: 2
[Step 1252] Action: 1
[Step 1266] Action: 1
[Step 1276] Action: 2
[Step 1290] Action: 1
[Step 1304] Action: 1
[Step 1314] Action: 2
[Step 1328] Action: 1
[Step 1342] Action: 1
[Step 1352] Action: 2
[Step 1366] Action: 2
[Step 1376] Action: 1
[Step 1390] Action: 1
[Step 1400] Action: 2
[Step 1414] Action: 1
[Step 1428] Action: 1
[Step 1438] Action: 2
[Step 1452] Action: 1
[Step 1466] Action: 1
[Step 1476] Action: 1
[Step 1486] Action: 2
[Step 1500] Action: 2
[Step 1510] Action: 2
[Step 1520] Action: 1
[Step 1534] Action: 2
[Step 1548] Action: 1
[Step 1562] Action: 1
[Step 1572] Action: 2
[Step 1586] Action: 1
[Step 1600] Action: 1
[Step 1610] Action: 2
[Step 1624] Action: 2
[Step 1634] Action: 1
[Step 1648] Action: 1
[Step 1658] Action: 1
[Step 1668] Action: 1
[Step 1678] Action: 2
[Step 1692] Action: 2
[Step 1702] Action: 2
[Step 1712] Action: 2
[Step 1722] Action: 1
[Step 1736] Action: 1
[Step 1746] Action: 1
[Step 1756] Action: 2
[Step 1770] Action: 2
[Step 1780] Action: 1
[Step 1794] Action: 2
[Step 1808] Action: 1
[Step 1822] Action: 1
[Step 1832] Action: 1
[Step 1842] Action: 1
[Step 1852] Action: 2
[Step 1866] Action: 2
[Step 1876] Action: 2
[Step 1886] Action: 2
[Step 1896] Action: 2
[Step 1906] Action: 1
[Step 1920] Action: 1
[Step 1930] Action: 1
[Step 1940] Action: 1
[Step 1950] Action: 2
[Step 1964] Action: 2
[Step 1974] Action: 2
[Step 1984] Action: 2
[Step 1994] Action: 1
[Step 2008] Action: 1
[Step 2018] Action: 1
[Step 2028] Action: 1
[Step 2038] Action: 2
[Step 2052] Action: 2
[Step 2062] Action: 2
[Step 2072] Action: 1
[Step 2086] Action: 1
[Step 2096] Action: 2
[Step 2110] Action: 1
[Step 2124] Action: 2
[Step 2138] Action: 1
[Step 2152] Action: 2
[Step 2166] Action: 1
[Step 2180] Action: 1
[Step 2190] Action: 2
[Step 2204] Action: 1
[Step 2218] Action: 0
[Step 2232] Action: 1
[Step 2246] Action: 1
[Step 2256] Action: 2
[Step 2270] Action: 1
[Step 2284] Action: 0
[Step 2298] Action: 1
[Step 2312] Action: 2
[Step 2326] Action: 1
[Step 2340] Action: 2
[Step 2354] Action: 0
[Step 2368] Action: 2
[Step 2382] Action: 1
[Step 2396] Action: 1
[Step 2406] Action: 1
[Step 2416] Action: 2
[Step 2430] Action: 1
[Step 2444] Action: 1
[Step 2454] Action: 1
[Step 2464] Action: 2
[Step 2478] Action: 2
[Step 2488] Action: 0
[Step 2502] Action: 1
[Step 2516] Action: 2
[Step 2530] Action: 1
[Step 2544] Action: 1
[Step 2554] Action: 1
[Step 2564] Action: 2
[Step 2578] Action: 1
[Step 2592] Action: 0
[Step 2606] Action: 1
[Step 2620] Action: 2
[Step 2634] Action: 1
[Step 2648] Action: 2
[Step 2662] Action: 1
[Step 2676] Action: 2
[Step 2690] Action: 0
[Step 2704] Action: 0
[Step 2714] Action: 1
[Step 2728] Action: 1
[Step 2738] Action: 0
[Step 2752] Action: 0
[Step 2762] Action: 2
[Step 2776] Action: 0
[Step 2790] Action: 0
[Step 2800] Action: 3
[Step 2814] Action: 0
[Step 2828] Action: 2
[Step 2842] Action: 3
[Step 2856] Action: 3
[Step 2866] Action: 1
[Step 2880] Action: 1
[Step 2890] Action: 1
[Step 2900] Action: 0
[Step 2914] Action: 3
[Step 2928] Action: 3
[Step 2938] Action: 3
[Step 2948] Action: 1
[Step 2962] Action: 2
[Step 2976] Action: 0
[Step 2990] Action: 0
[Step 3000] Action: 2
[Step 3014] Action: 1
[Step 3028] Action: 2
[Step 3042] Action: 2
[Step 3052] Action: 0
[Step 3066] Action: 0
[Step 3076] Action: 0
[Step 3086] Action: 1
[Step 3100] Action: 1
[Step 3110] Action: 1
[Step 3120] Action: 2
[Step 3134] Action: 3
[Step 3148] Action: 1
[Step 3162] Action: 1
[Step 3172] Action: 0
[Step 3186] Action: 3
[Step 3200] Action: 0
[Step 3214] Action: 1
[Step 3228] Action: 1
[Step 3238] Action: 1
[Step 3248] Action: 0
[Step 3262] Action: 0
[Step 3272] Action: 1
[Step 3286] Action: 0
[Step 3300] Action: 3
[Step 3314] Action: 3
[Step 3324] Action: 0
[Step 3338] Action: 1
[Step 3352] Action: 0
[Step 3366] Action: 1
[Step 3380] Action: 1
[Step 3390] Action: 1
[Step 3400] Action: 3
[Step 3414] Action: 0
[Step 3428] Action: 2
[Step 3442] Action: 0
[Step 3456] Action: 1
[Step 3470] Action: 0
[Step 3484] Action: 2
[Step 3498] Action: 1
[Step 3512] Action: 3
[Step 3526] Action: 0
[Step 3540] Action: 3
[Step 3554] Action: 2
[Step 3568] Action: 3
[Step 3582] Action: 0
[Step 3596] Action: 3
[Step 3610] Action: 2
[Step 3624] Action: 1
[Step 3638] Action: 2
[Step 3652] Action: 0
[Step 3666] Action: 2
[Step 3680] Action: 2
[Step 3690] Action: 0
[Step 3704] Action: 1
[Step 3718] Action: 0
[Step 3732] Action: 2
[Step 3746] Action: 2
[Step 3756] Action: 3
[Step 3770] Action: 1
[Step 3784] Action: 1
[Step 3794] Action: 0
[Step 3808] Action: 3
[Step 3822] Action: 0
[Step 3836] Action: 3
[Step 3850] Action: 1
[Step 3864] Action: 1
[Step 3874] Action: 1
[Step 3884] Action: 2
[Step 3898] Action: 1
[Step 3912] Action: 0
[Step 3926] Action: 3
[Step 3940] Action: 1
[Step 3954] Action: 0
[Step 3968] Action: 0
[Step 3978] Action: 2
[Step 3992] Action: 3
[Step 4006] Action: 0
[Step 4020] Action: 0
[Step 4030] Action: 1
[Step 4044] Action: 2
[Step 4058] Action: 3
[Step 4072] Action: 3
[Step 4082] Action: 2
[Step 4096] Action: 1
[Step 4110] Action: 0
[Step 4124] Action: 2
[Step 4138] Action: 2
[Step 4148] Action: 3
[Step 4162] Action: 0
[Step 4176] Action: 1
[Step 4190] Action: 1
[Step 4200] Action: 3
[Step 4214] Action: 2
[Step 4228] Action: 0
[Step 4242] Action: 0
[Step 4252] Action: 1
[Step 4266] Action: 2
[Step 4280] Action: 2
[Step 4290] Action: 1
[Step 4304] Action: 0
[Step 4318] Action: 1
[Step 4332] Action: 1
[Step 4342] Action: 0
[Step 4356] Action: 2
[Step 4370] Action: 2
[Step 4380] Action: 0
[Step 4394] Action: 3
[Step 4408] Action: 1
[Step 4422] Action: 2
[Step 4436] Action: 1
[Step 4450] Action: 0
[Step 4464] Action: 2
[Step 4478] Action: 0
[Step 4492] Action: 0
[Step 4502] Action: 3
[Step 4516] Action: 2
[Step 4530] Action: 2
[Step 4540] Action: 1
[Step 4554] Action: 3
[Step 4568] Action: 0
[Step 4582] Action: 1
[Step 4596] Action: 2
[Step 4610] Action: 1
[Step 4624] Action: 1
[Step 4634] Action: 3
[Step 4648] Action: 1
[Step 4662] Action: 2
[Step 4676] Action: 2
[Step 4686] Action: 0
[Step 4700] Action: 0
[Step 4710] Action: 1
[Step 4724] Action: 3
[Step 4738] Action: 2
[Step 4752] Action: 3
[Step 4766] Action: 1
[Step 4780] Action: 3
[Step 4794] Action: 2
[Step 4808] Action: 2
[Step 4818] Action: 3
[Step 4832] Action: 0
[Step 4846] Action: 0
[Step 4856] Action: 0
[Step 4866] Action: 0
[Step 4876] Action: 2
[Step 4890] Action: 1
[Step 4904] Action: 3
[Step 4918] Action: 1
[Step 4932] Action: 0
[Step 4946] Action: 2
[Step 4960] Action: 1
[Step 4974] Action: 1
[Step 4984] Action: 2
[Step 4998] Action: 0
[Step 5012] Action: 3
[Step 5026] Action: 3
[Step 5036] Action: 0
[Step 5050] Action: 1
[Step 5064] Action: 1
[Step 5074] Action: 1
[Step 5084] Action: 3
[Step 5098] Action: 2
[Step 5112] Action: 3
[Step 5126] Action: 1
[Step 5140] Action: 0
[Step 5154] Action: 2
[Step 5168] Action: 3
[Step 5182] Action: 0
[Step 5196] Action: 3
[Step 5210] Action: 2
[Step 5224] Action: 2
[Step 5234] Action: 3
[Step 5248] Action: 1
[Step 5262] Action: 3
[Step 5276] Action: 3
[Step 5286] Action: 2
[Step 5300] Action: 2
[Step 5310] Action: 3
[Step 5324] Action: 1
[Step 5338] Action: 0
[Step 5352] Action: 0
[Step 5362] Action: 2
[Step 5376] Action: 3
[Step 5390] Action: 3
