[Step 0] Action: 2
[Step 40] Action: 0
[Step 84] Action: 0
[Step 124] Action: 1
[Step 168] Action: 1
[Step 208] Action: 1
[Step 248] Action: 0
[Step 292] Action: 1
[Step 336] Action: 1
[Step 376] Action: 1
[Step 416] Action: 1
[Step 456] Action: 1
[Step 496] Action: 1
[Step 536] Action: 2
[Step 580] Action: 1
[Step 624] Action: 1
[Step 664] Action: 1
[Step 704] Action: 1
[Step 744] Action: 1
[Step 784] Action: 1
[Step 824] Action: 1
[Step 864] Action: 1
[Step 904] Action: 1
[Step 944] Action: 1
[Step 984] Action: 1
[Step 1024] Action: 1
[Step 1064] Action: 1
[Step 1104] Action: 1
[Step 1144] Action: 1
[Step 1184] Action: 1
[Step 1224] Action: 1
[Step 1264] Action: 1
[Step 1304] Action: 1
[Step 1344] Action: 1
[Step 1384] Action: 1
[Step 1424] Action: 1
[Step 1464] Action: 1
[Step 1504] Action: 1
[Step 1544] Action: 1
[Step 1584] Action: 1
[Step 1624] Action: 1
[Step 1664] Action: 1
[Step 1704] Action: 1
[Step 1744] Action: 1
[Step 1784] Action: 1
[Step 1824] Action: 1
[Step 1864] Action: 1
[Step 1904] Action: 1
[Step 1944] Action: 1
[Step 1984] Action: 1
[Step 2024] Action: 1
[Step 2064] Action: 0
[Step 2108] Action: 1
[Step 2152] Action: 0
[Step 2196] Action: 1
[Step 2240] Action: 1
[Step 2280] Action: 0
[Step 2324] Action: 1
[Step 2368] Action: 1
[Step 2408] Action: 1
[Step 2448] Action: 1
[Step 2488] Action: 2
[Step 2532] Action: 1
[Step 2576] Action: 2
[Step 2620] Action: 1
[Step 2664] Action: 0
[Step 2708] Action: 0
[Step 2748] Action: 0
[Step 2788] Action: 1
[Step 2832] Action: 2
[Step 2876] Action: 0
[Step 2920] Action: 1
[Step 2964] Action: 1
[Step 3004] Action: 1
[Step 3044] Action: 2
[Step 3088] Action: 2
[Step 3128] Action: 1
[Step 3172] Action: 0
[Step 3216] Action: 0
[Step 3256] Action: 0
[Step 3296] Action: 0
[Step 3336] Action: 1
[Step 3380] Action: 2
[Step 3424] Action: 2
[Step 3464] Action: 0
[Step 3508] Action: 1
[Step 3552] Action: 1
[Step 3592] Action: 1
[Step 3632] Action: 3
[Step 3676] Action: 1
[Step 3720] Action: 1
[Step 3760] Action: 2
[Step 3804] Action: 2
[Step 3844] Action: 3
[Step 3888] Action: 3
[Step 3928] Action: 0
[Step 3972] Action: 1
[Step 4016] Action: 3
[Step 4060] Action: 0
[Step 4104] Action: 1
[Step 4148] Action: 1
[Step 4188] Action: 3
[Step 4232] Action: 3
[Step 4272] Action: 2
[Step 4316] Action: 1
[Step 4360] Action: 1
[Step 4400] Action: 2
[Step 4444] Action: 2
[Step 4484] Action: 2
[Step 4524] Action: 0
[Step 4568] Action: 3
[Step 4612] Action: 1
[Step 4656] Action: 1
[Step 4696] Action: 0
[Step 4740] Action: 1
[Step 4784] Action: 1
[Step 4824] Action: 1
[Step 4864] Action: 2
[Step 4908] Action: 1
[Step 4952] Action: 3
[Step 4996] Action: 1
[Step 5040] Action: 2
[Step 5084] Action: 1
[Step 5128] Action: 2
[Step 5172] Action: 1
[Step 5216] Action: 3
[Step 5260] Action: 0
[Step 5304] Action: 0
[Step 5344] Action: 2
[Step 5388] Action: 0
