[Step 0] Action: 0
[Step 40] Action: 0
[Step 80] Action: 0
[Step 120] Action: 2
[Step 164] Action: 1
[Step 208] Action: 0
[Step 252] Action: 1
[Step 296] Action: 1
[Step 336] Action: 3
[Step 380] Action: 1
[Step 424] Action: 2
[Step 468] Action: 1
[Step 512] Action: 2
[Step 556] Action: 1
[Step 600] Action: 1
[Step 640] Action: 1
[Step 680] Action: 1
[Step 720] Action: 2
[Step 764] Action: 1
[Step 808] Action: 1
[Step 848] Action: 3
[Step 892] Action: 2
[Step 936] Action: 2
[Step 976] Action: 1
[Step 1020] Action: 1
[Step 1060] Action: 1
[Step 1100] Action: 1
[Step 1140] Action: 1
[Step 1180] Action: 1
[Step 1220] Action: 1
[Step 1260] Action: 1
[Step 1300] Action: 0
[Step 1344] Action: 1
[Step 1388] Action: 1
[Step 1428] Action: 1
[Step 1468] Action: 1
[Step 1508] Action: 1
[Step 1548] Action: 1
[Step 1588] Action: 2
[Step 1632] Action: 1
[Step 1676] Action: 1
[Step 1716] Action: 3
[Step 1760] Action: 0
[Step 1804] Action: 1
[Step 1848] Action: 1
[Step 1888] Action: 1
[Step 1928] Action: 1
[Step 1968] Action: 1
[Step 2008] Action: 1
[Step 2048] Action: 1
[Step 2088] Action: 0
[Step 2132] Action: 0
[Step 2172] Action: 1
[Step 2216] Action: 1
[Step 2256] Action: 1
[Step 2296] Action: 1
[Step 2336] Action: 1
[Step 2376] Action: 1
[Step 2416] Action: 2
[Step 2460] Action: 1
[Step 2504] Action: 2
[Step 2548] Action: 1
[Step 2592] Action: 1
[Step 2632] Action: 1
[Step 2672] Action: 2
[Step 2716] Action: 1
[Step 2760] Action: 1
[Step 2800] Action: 1
[Step 2840] Action: 1
[Step 2880] Action: 2
[Step 2924] Action: 1
[Step 2968] Action: 1
[Step 3008] Action: 2
[Step 3052] Action: 3
[Step 3096] Action: 1
[Step 3140] Action: 0
[Step 3184] Action: 2
[Step 3228] Action: 1
[Step 3272] Action: 0
[Step 3316] Action: 2
[Step 3360] Action: 3
[Step 3404] Action: 0
[Step 3448] Action: 1
[Step 3492] Action: 1
[Step 3532] Action: 2
[Step 3576] Action: 2
[Step 3616] Action: 1
[Step 3660] Action: 2
[Step 3704] Action: 1
[Step 3748] Action: 1
[Step 3788] Action: 1
[Step 3828] Action: 3
[Step 3872] Action: 1
[Step 3916] Action: 0
[Step 3960] Action: 2
[Step 4004] Action: 2
[Step 4044] Action: 1
[Step 4088] Action: 0
[Step 4132] Action: 1
[Step 4176] Action: 1
[Step 4216] Action: 0
[Step 4260] Action: 0
[Step 4300] Action: 1
[Step 4344] Action: 1
[Step 4384] Action: 2
[Step 4428] Action: 1
[Step 4472] Action: 2
[Step 4516] Action: 1
[Step 4560] Action: 0
[Step 4604] Action: 3
[Step 4648] Action: 1
[Step 4692] Action: 0
[Step 4736] Action: 1
[Step 4780] Action: 3
[Step 4824] Action: 2
[Step 4868] Action: 3
[Step 4912] Action: 2
[Step 4956] Action: 3
[Step 5000] Action: 1
[Step 5044] Action: 2
[Step 5088] Action: 0
[Step 5132] Action: 2
[Step 5176] Action: 1
[Step 5220] Action: 0
[Step 5264] Action: 2
[Step 5308] Action: 2
[Step 5348] Action: 1
[Step 5392] Action: 0
