[Step 0] Action: 1
[Step 10] Action: 3
[Step 24] Action: 1
[Step 38] Action: 0
[Step 52] Action: 2
[Step 66] Action: 0
[Step 80] Action: 1
[Step 94] Action: 1
[Step 104] Action: 3
[Step 118] Action: 1
[Step 132] Action: 2
[Step 146] Action: 2
[Step 156] Action: 2
[Step 166] Action: 1
[Step 180] Action: 2
[Step 194] Action: 0
[Step 208] Action: 1
[Step 222] Action: 0
[Step 236] Action: 1
[Step 250] Action: 2
[Step 264] Action: 0
[Step 278] Action: 1
[Step 292] Action: 2
[Step 306] Action: 3
[Step 320] Action: 0
[Step 334] Action: 2
[Step 348] Action: 0
[Step 362] Action: 2
[Step 376] Action: 0
[Step 390] Action: 1
[Step 404] Action: 0
[Step 418] Action: 2
[Step 432] Action: 3
[Step 446] Action: 2
[Step 460] Action: 0
[Step 474] Action: 1
[Step 488] Action: 2
[Step 502] Action: 0
[Step 516] Action: 0
[Step 526] Action: 1
[Step 540] Action: 1
[Step 550] Action: 1
[Step 560] Action: 0
[Step 574] Action: 2
[Step 588] Action: 0
[Step 602] Action: 0
[Step 612] Action: 1
[Step 626] Action: 1
[Step 636] Action: 2
[Step 650] Action: 0
[Step 664] Action: 3
[Step 678] Action: 1
[Step 692] Action: 0
[Step 706] Action: 0
[Step 716] Action: 2
[Step 730] Action: 3
[Step 744] Action: 0
[Step 758] Action: 3
[Step 772] Action: 3
[Step 782] Action: 0
[Step 796] Action: 0
[Step 806] Action: 0
[Step 816] Action: 2
[Step 830] Action: 0
[Step 844] Action: 1
[Step 858] Action: 0
[Step 872] Action: 3
[Step 886] Action: 0
[Step 900] Action: 2
[Step 914] Action: 2
[Step 924] Action: 0
[Step 938] Action: 2
[Step 952] Action: 1
[Step 966] Action: 3
[Step 980] Action: 0
[Step 994] Action: 0
[Step 1004] Action: 1
[Step 1018] Action: 0
[Step 1032] Action: 1
[Step 1046] Action: 1
[Step 1056] Action: 2
[Step 1070] Action: 0
[Step 1084] Action: 1
[Step 1098] Action: 1
[Step 1108] Action: 3
[Step 1122] Action: 0
[Step 1136] Action: 0
[Step 1146] Action: 1
[Step 1160] Action: 0
[Step 1174] Action: 1
[Step 1188] Action: 3
[Step 1202] Action: 0
[Step 1216] Action: 3
[Step 1230] Action: 0
[Step 1244] Action: 0
[Step 1254] Action: 3
[Step 1268] Action: 2
[Step 1282] Action: 0
[Step 1296] Action: 0
[Step 1306] Action: 3
[Step 1320] Action: 0
[Step 1334] Action: 0
[Step 1344] Action: 1
[Step 1358] Action: 2
[Step 1372] Action: 0
[Step 1386] Action: 2
[Step 1400] Action: 0
[Step 1414] Action: 1
[Step 1428] Action: 0
[Step 1442] Action: 0
[Step 1452] Action: 1
[Step 1466] Action: 0
[Step 1480] Action: 1
[Step 1494] Action: 1
[Step 1504] Action: 3
[Step 1518] Action: 2
[Step 1532] Action: 2
[Step 1542] Action: 2
[Step 1552] Action: 2
[Step 1562] Action: 2
[Step 1572] Action: 3
[Step 1586] Action: 0
[Step 1600] Action: 1
[Step 1614] Action: 1
[Step 1624] Action: 3
[Step 1638] Action: 0
[Step 1652] Action: 0
[Step 1662] Action: 3
[Step 1676] Action: 0
[Step 1690] Action: 0
[Step 1700] Action: 0
[Step 1710] Action: 2
[Step 1724] Action: 0
[Step 1738] Action: 0
[Step 1748] Action: 1
[Step 1762] Action: 2
[Step 1776] Action: 0
[Step 1790] Action: 2
[Step 1804] Action: 0
[Step 1818] Action: 2
[Step 1832] Action: 2
[Step 1842] Action: 0
[Step 1856] Action: 1
[Step 1870] Action: 3
[Step 1884] Action: 3
[Step 1894] Action: 1
[Step 1908] Action: 1
[Step 1918] Action: 0
[Step 1932] Action: 1
[Step 1946] Action: 0
[Step 1960] Action: 1
[Step 1974] Action: 0
[Step 1988] Action: 2
[Step 2002] Action: 3
[Step 2016] Action: 0
[Step 2030] Action: 1
[Step 2044] Action: 1
[Step 2054] Action: 0
[Step 2068] Action: 2
[Step 2082] Action: 0
[Step 2096] Action: 1
[Step 2110] Action: 0
[Step 2124] Action: 2
[Step 2138] Action: 0
[Step 2152] Action: 1
[Step 2166] Action: 2
[Step 2180] Action: 0
[Step 2194] Action: 1
[Step 2208] Action: 0
[Step 2222] Action: 3
[Step 2236] Action: 1
[Step 2250] Action: 0
[Step 2264] Action: 1
[Step 2278] Action: 0
[Step 2292] Action: 2
[Step 2306] Action: 2
[Step 2316] Action: 2
[Step 2326] Action: 0
[Step 2340] Action: 1
[Step 2354] Action: 0
[Step 2368] Action: 1
[Step 2382] Action: 0
[Step 2396] Action: 0
[Step 2406] Action: 0
[Step 2416] Action: 2
[Step 2430] Action: 0
[Step 2444] Action: 0
[Step 2454] Action: 0
[Step 2464] Action: 0
[Step 2474] Action: 2
[Step 2488] Action: 2
[Step 2498] Action: 1
[Step 2512] Action: 0
[Step 2526] Action: 2
[Step 2540] Action: 0
[Step 2554] Action: 2
[Step 2568] Action: 1
[Step 2582] Action: 2
[Step 2596] Action: 2
[Step 2606] Action: 2
[Step 2616] Action: 2
[Step 2626] Action: 1
[Step 2640] Action: 3
[Step 2654] Action: 3
[Step 2664] Action: 1
[Step 2678] Action: 3
[Step 2692] Action: 1
[Step 2706] Action: 0
[Step 2720] Action: 1
[Step 2734] Action: 3
[Step 2748] Action: 0
[Step 2762] Action: 0
[Step 2772] Action: 3
[Step 2786] Action: 0
[Step 2800] Action: 2
[Step 2814] Action: 0
[Step 2828] Action: 0
[Step 2838] Action: 2
[Step 2852] Action: 1
[Step 2866] Action: 0
[Step 2880] Action: 3
[Step 2894] Action: 0
[Step 2908] Action: 1
[Step 2922] Action: 0
[Step 2936] Action: 3
[Step 2950] Action: 0
[Step 2964] Action: 0
[Step 2974] Action: 1
[Step 2988] Action: 2
[Step 3002] Action: 1
[Step 3016] Action: 0
[Step 3030] Action: 0
[Step 3040] Action: 2
[Step 3054] Action: 1
[Step 3068] Action: 2
[Step 3082] Action: 0
[Step 3096] Action: 1
[Step 3110] Action: 0
[Step 3124] Action: 0
[Step 3134] Action: 1
[Step 3148] Action: 2
[Step 3162] Action: 0
[Step 3176] Action: 1
[Step 3190] Action: 0
[Step 3204] Action: 1
[Step 3218] Action: 0
[Step 3232] Action: 3
[Step 3246] Action: 0
[Step 3260] Action: 0
[Step 3270] Action: 2
[Step 3284] Action: 3
[Step 3298] Action: 0
[Step 3312] Action: 1
[Step 3326] Action: 0
[Step 3340] Action: 1
[Step 3354] Action: 0
[Step 3368] Action: 2
[Step 3382] Action: 0
[Step 3396] Action: 1
[Step 3410] Action: 0
[Step 3424] Action: 1
[Step 3438] Action: 0
[Step 3452] Action: 1
[Step 3466] Action: 0
[Step 3480] Action: 1
[Step 3494] Action: 0
[Step 3508] Action: 1
[Step 3522] Action: 0
[Step 3536] Action: 2
[Step 3550] Action: 2
[Step 3560] Action: 1
[Step 3574] Action: 0
[Step 3588] Action: 3
[Step 3602] Action: 1
[Step 3616] Action: 0
[Step 3630] Action: 3
[Step 3644] Action: 0
[Step 3658] Action: 1
[Step 3672] Action: 0
[Step 3686] Action: 2
[Step 3700] Action: 3
[Step 3714] Action: 0
[Step 3728] Action: 3
[Step 3742] Action: 1
[Step 3756] Action: 1
[Step 3766] Action: 0
[Step 3780] Action: 3
[Step 3794] Action: 0
[Step 3808] Action: 2
[Step 3822] Action: 0
[Step 3836] Action: 3
[Step 3850] Action: 2
[Step 3864] Action: 0
[Step 3878] Action: 1
[Step 3892] Action: 0
[Step 3906] Action: 1
[Step 3920] Action: 0
[Step 3934] Action: 2
[Step 3948] Action: 0
[Step 3962] Action: 2
[Step 3976] Action: 3
[Step 3990] Action: 0
[Step 4004] Action: 1
[Step 4018] Action: 3
[Step 4032] Action: 2
[Step 4046] Action: 0
[Step 4060] Action: 1
[Step 4074] Action: 2
[Step 4088] Action: 0
[Step 4102] Action: 3
[Step 4116] Action: 0
[Step 4130] Action: 1
[Step 4144] Action: 1
[Step 4154] Action: 0
[Step 4168] Action: 0
[Step 4178] Action: 3
[Step 4192] Action: 2
[Step 4206] Action: 1
[Step 4220] Action: 0
[Step 4234] Action: 3
[Step 4248] Action: 0
[Step 4262] Action: 1
[Step 4276] Action: 2
[Step 4290] Action: 3
[Step 4304] Action: 0
[Step 4318] Action: 1
[Step 4332] Action: 1
[Step 4342] Action: 2
[Step 4356] Action: 2
[Step 4366] Action: 0
[Step 4380] Action: 1
[Step 4394] Action: 0
[Step 4408] Action: 1
[Step 4422] Action: 3
[Step 4436] Action: 0
[Step 4450] Action: 1
[Step 4464] Action: 0
[Step 4478] Action: 3
[Step 4492] Action: 3
[Step 4502] Action: 0
[Step 4516] Action: 1
[Step 4530] Action: 0
[Step 4544] Action: 1
[Step 4558] Action: 1
[Step 4568] Action: 1
[Step 4578] Action: 3
[Step 4592] Action: 2
[Step 4606] Action: 3
[Step 4620] Action: 3
[Step 4630] Action: 3
[Step 4640] Action: 0
[Step 4654] Action: 1
[Step 4668] Action: 0
[Step 4682] Action: 3
[Step 4696] Action: 1
[Step 4710] Action: 0
[Step 4724] Action: 2
[Step 4738] Action: 2
[Step 4748] Action: 1
[Step 4762] Action: 0
[Step 4776] Action: 0
[Step 4786] Action: 1
[Step 4800] Action: 1
[Step 4810] Action: 3
[Step 4824] Action: 0
[Step 4838] Action: 1
[Step 4852] Action: 1
[Step 4862] Action: 3
[Step 4876] Action: 0
[Step 4890] Action: 2
[Step 4904] Action: 1
[Step 4918] Action: 0
[Step 4932] Action: 0
[Step 4942] Action: 2
[Step 4956] Action: 3
[Step 4970] Action: 1
[Step 4984] Action: 0
[Step 4998] Action: 1
[Step 5012] Action: 3
[Step 5026] Action: 2
[Step 5040] Action: 0
[Step 5054] Action: 1
[Step 5068] Action: 1
[Step 5078] Action: 0
[Step 5092] Action: 0
[Step 5102] Action: 1
[Step 5116] Action: 0
[Step 5130] Action: 1
[Step 5144] Action: 1
[Step 5154] Action: 0
[Step 5168] Action: 1
[Step 5182] Action: 0
[Step 5196] Action: 3
[Step 5210] Action: 0
[Step 5224] Action: 3
[Step 5238] Action: 0
[Step 5252] Action: 2
[Step 5266] Action: 2
[Step 5276] Action: 0
[Step 5290] Action: 1
[Step 5304] Action: 0
[Step 5318] Action: 1
[Step 5332] Action: 0
[Step 5346] Action: 2
[Step 5360] Action: 0
[Step 5374] Action: 0
[Step 5384] Action: 0
[Step 5394] Action: 1
