[Step 0] Action: 0
[Step 10] Action: 0
[Step 20] Action: 3
[Step 34] Action: 1
[Step 48] Action: 1
[Step 58] Action: 0
[Step 72] Action: 3
[Step 86] Action: 1
[Step 100] Action: 2
[Step 114] Action: 1
[Step 128] Action: 1
[Step 138] Action: 2
[Step 152] Action: 1
[Step 166] Action: 0
[Step 180] Action: 3
[Step 194] Action: 0
[Step 208] Action: 0
[Step 218] Action: 3
[Step 232] Action: 1
[Step 246] Action: 0
[Step 260] Action: 2
[Step 274] Action: 1
[Step 288] Action: 2
[Step 302] Action: 2
[Step 312] Action: 3
[Step 326] Action: 3
[Step 336] Action: 0
[Step 350] Action: 0
[Step 360] Action: 1
[Step 374] Action: 2
[Step 388] Action: 2
[Step 398] Action: 2
[Step 408] Action: 2
[Step 418] Action: 1
[Step 432] Action: 1
[Step 442] Action: 0
[Step 456] Action: 1
[Step 470] Action: 0
[Step 484] Action: 1
[Step 498] Action: 1
[Step 508] Action: 1
[Step 518] Action: 1
[Step 528] Action: 1
[Step 538] Action: 3
[Step 552] Action: 0
[Step 566] Action: 1
[Step 580] Action: 1
[Step 590] Action: 1
[Step 600] Action: 1
[Step 610] Action: 1
[Step 620] Action: 1
[Step 630] Action: 1
[Step 640] Action: 2
[Step 654] Action: 2
[Step 664] Action: 0
[Step 678] Action: 3
[Step 692] Action: 1
[Step 706] Action: 1
[Step 716] Action: 1
[Step 726] Action: 2
[Step 740] Action: 1
[Step 754] Action: 1
[Step 764] Action: 1
[Step 774] Action: 2
[Step 788] Action: 1
[Step 802] Action: 1
[Step 812] Action: 2
[Step 826] Action: 1
[Step 840] Action: 0
[Step 854] Action: 1
[Step 868] Action: 0
[Step 882] Action: 0
[Step 892] Action: 2
[Step 906] Action: 3
[Step 920] Action: 1
[Step 934] Action: 2
[Step 948] Action: 3
[Step 962] Action: 1
[Step 976] Action: 2
[Step 990] Action: 2
[Step 1000] Action: 1
[Step 1014] Action: 2
[Step 1028] Action: 2
[Step 1038] Action: 0
[Step 1052] Action: 3
[Step 1066] Action: 2
[Step 1080] Action: 1
[Step 1094] Action: 1
[Step 1104] Action: 1
[Step 1114] Action: 1
[Step 1124] Action: 2
[Step 1138] Action: 1
[Step 1152] Action: 1
[Step 1162] Action: 1
[Step 1172] Action: 2
[Step 1186] Action: 2
[Step 1196] Action: 1
[Step 1210] Action: 0
[Step 1224] Action: 2
[Step 1238] Action: 1
[Step 1252] Action: 1
[Step 1262] Action: 1
[Step 1272] Action: 1
[Step 1282] Action: 0
[Step 1296] Action: 1
[Step 1310] Action: 0
[Step 1324] Action: 3
[Step 1338] Action: 1
[Step 1352] Action: 1
[Step 1362] Action: 2
[Step 1376] Action: 1
[Step 1390] Action: 1
[Step 1400] Action: 2
[Step 1414] Action: 0
[Step 1428] Action: 2
[Step 1442] Action: 1
[Step 1456] Action: 2
[Step 1470] Action: 1
[Step 1484] Action: 1
[Step 1494] Action: 0
[Step 1508] Action: 2
[Step 1522] Action: 1
[Step 1536] Action: 1
[Step 1546] Action: 2
[Step 1560] Action: 1
[Step 1574] Action: 0
[Step 1588] Action: 2
[Step 1602] Action: 0
[Step 1616] Action: 0
[Step 1626] Action: 1
[Step 1640] Action: 1
[Step 1650] Action: 2
[Step 1664] Action: 2
[Step 1674] Action: 2
[Step 1684] Action: 2
[Step 1694] Action: 1
[Step 1708] Action: 2
[Step 1722] Action: 1
[Step 1736] Action: 2
[Step 1750] Action: 2
[Step 1760] Action: 2
[Step 1770] Action: 1
[Step 1784] Action: 2
[Step 1798] Action: 1
[Step 1812] Action: 1
[Step 1822] Action: 2
[Step 1836] Action: 1
[Step 1850] Action: 2
[Step 1864] Action: 0
[Step 1878] Action: 1
[Step 1892] Action: 0
[Step 1906] Action: 3
[Step 1920] Action: 1
[Step 1934] Action: 1
[Step 1944] Action: 2
[Step 1958] Action: 1
[Step 1972] Action: 2
[Step 1986] Action: 0
[Step 2000] Action: 1
[Step 2014] Action: 2
[Step 2028] Action: 1
[Step 2042] Action: 2
[Step 2056] Action: 2
[Step 2066] Action: 0
[Step 2080] Action: 1
[Step 2094] Action: 1
[Step 2104] Action: 2
[Step 2118] Action: 1
[Step 2132] Action: 2
[Step 2146] Action: 1
[Step 2160] Action: 1
[Step 2170] Action: 1
[Step 2180] Action: 0
[Step 2194] Action: 1
[Step 2208] Action: 3
[Step 2222] Action: 2
[Step 2236] Action: 1
[Step 2250] Action: 1
[Step 2260] Action: 0
[Step 2274] Action: 0
[Step 2284] Action: 1
[Step 2298] Action: 2
[Step 2312] Action: 0
[Step 2326] Action: 2
[Step 2340] Action: 0
[Step 2354] Action: 1
[Step 2368] Action: 2
[Step 2382] Action: 1
[Step 2396] Action: 2
[Step 2410] Action: 0
[Step 2424] Action: 2
[Step 2438] Action: 1
[Step 2452] Action: 2
[Step 2466] Action: 1
[Step 2480] Action: 1
[Step 2490] Action: 1
[Step 2500] Action: 1
[Step 2510] Action: 1
[Step 2520] Action: 0
[Step 2534] Action: 3
[Step 2548] Action: 0
[Step 2562] Action: 2
[Step 2576] Action: 2
[Step 2586] Action: 0
[Step 2600] Action: 1
[Step 2614] Action: 0
[Step 2628] Action: 1
[Step 2642] Action: 2
[Step 2656] Action: 0
[Step 2670] Action: 2
[Step 2684] Action: 1
[Step 2698] Action: 1
[Step 2708] Action: 2
[Step 2722] Action: 1
[Step 2736] Action: 2
[Step 2750] Action: 2
[Step 2760] Action: 2
[Step 2770] Action: 1
[Step 2784] Action: 2
[Step 2798] Action: 1
[Step 2812] Action: 2
[Step 2826] Action: 1
[Step 2840] Action: 2
[Step 2854] Action: 3
[Step 2868] Action: 1
[Step 2882] Action: 0
[Step 2896] Action: 2
[Step 2910] Action: 2
[Step 2920] Action: 2
[Step 2930] Action: 0
[Step 2944] Action: 0
[Step 2954] Action: 2
[Step 2968] Action: 2
[Step 2978] Action: 2
[Step 2988] Action: 1
[Step 3002] Action: 1
[Step 3012] Action: 2
[Step 3026] Action: 0
[Step 3040] Action: 0
[Step 3050] Action: 2
[Step 3064] Action: 2
[Step 3074] Action: 1
[Step 3088] Action: 2
[Step 3102] Action: 0
[Step 3116] Action: 2
[Step 3130] Action: 0
[Step 3144] Action: 1
[Step 3158] Action: 0
[Step 3172] Action: 3
[Step 3186] Action: 0
[Step 3200] Action: 3
[Step 3214] Action: 0
[Step 3228] Action: 3
[Step 3242] Action: 0
[Step 3256] Action: 0
[Step 3266] Action: 1
[Step 3280] Action: 3
[Step 3294] Action: 0
[Step 3308] Action: 0
[Step 3318] Action: 1
[Step 3332] Action: 0
[Step 3346] Action: 3
[Step 3360] Action: 3
[Step 3370] Action: 0
[Step 3384] Action: 3
[Step 3398] Action: 0
[Step 3412] Action: 3
[Step 3426] Action: 2
[Step 3440] Action: 0
[Step 3454] Action: 1
[Step 3468] Action: 3
[Step 3482] Action: 2
[Step 3496] Action: 2
[Step 3506] Action: 0
[Step 3520] Action: 0
[Step 3530] Action: 2
[Step 3544] Action: 3
[Step 3558] Action: 0
[Step 3572] Action: 2
[Step 3586] Action: 1
[Step 3600] Action: 0
[Step 3614] Action: 0
[Step 3624] Action: 1
[Step 3638] Action: 0
[Step 3652] Action: 1
[Step 3666] Action: 0
[Step 3680] Action: 1
[Step 3694] Action: 0
[Step 3708] Action: 3
[Step 3722] Action: 2
[Step 3736] Action: 1
[Step 3750] Action: 2
[Step 3764] Action: 2
[Step 3774] Action: 0
[Step 3788] Action: 2
[Step 3802] Action: 1
[Step 3816] Action: 2
[Step 3830] Action: 0
[Step 3844] Action: 0
[Step 3854] Action: 3
[Step 3868] Action: 0
[Step 3882] Action: 1
[Step 3896] Action: 0
[Step 3910] Action: 1
[Step 3924] Action: 0
[Step 3938] Action: 0
[Step 3948] Action: 2
[Step 3962] Action: 1
[Step 3976] Action: 0
[Step 3990] Action: 2
[Step 4004] Action: 2
[Step 4014] Action: 0
[Step 4028] Action: 1
[Step 4042] Action: 1
[Step 4052] Action: 0
[Step 4066] Action: 2
[Step 4080] Action: 3
[Step 4094] Action: 0
[Step 4108] Action: 1
[Step 4122] Action: 3
[Step 4136] Action: 1
[Step 4150] Action: 0
[Step 4164] Action: 0
[Step 4174] Action: 0
[Step 4184] Action: 3
[Step 4198] Action: 3
[Step 4208] Action: 3
[Step 4218] Action: 1
[Step 4232] Action: 1
[Step 4242] Action: 2
[Step 4256] Action: 0
[Step 4270] Action: 0
[Step 4280] Action: 3
[Step 4294] Action: 2
[Step 4308] Action: 1
[Step 4322] Action: 0
[Step 4336] Action: 2
[Step 4350] Action: 1
[Step 4364] Action: 1
[Step 4374] Action: 3
[Step 4388] Action: 3
[Step 4398] Action: 3
[Step 4408] Action: 2
[Step 4422] Action: 0
[Step 4436] Action: 0
[Step 4446] Action: 2
[Step 4460] Action: 1
[Step 4474] Action: 2
[Step 4488] Action: 0
[Step 4502] Action: 2
[Step 4516] Action: 2
[Step 4526] Action: 3
[Step 4540] Action: 3
[Step 4550] Action: 1
[Step 4564] Action: 3
[Step 4578] Action: 3
[Step 4588] Action: 0
[Step 4602] Action: 0
[Step 4612] Action: 0
[Step 4622] Action: 2
[Step 4636] Action: 1
[Step 4650] Action: 3
[Step 4664] Action: 0
[Step 4678] Action: 2
[Step 4692] Action: 0
[Step 4706] Action: 2
[Step 4720] Action: 1
[Step 4734] Action: 3
[Step 4748] Action: 3
[Step 4758] Action: 1
[Step 4772] Action: 1
[Step 4782] Action: 0
[Step 4796] Action: 2
[Step 4810] Action: 2
[Step 4820] Action: 3
[Step 4834] Action: 2
[Step 4848] Action: 2
[Step 4858] Action: 2
[Step 4868] Action: 3
[Step 4882] Action: 1
[Step 4896] Action: 0
[Step 4910] Action: 0
[Step 4920] Action: 3
[Step 4934] Action: 2
[Step 4948] Action: 1
[Step 4962] Action: 0
[Step 4976] Action: 3
[Step 4990] Action: 3
[Step 5000] Action: 1
[Step 5014] Action: 0
[Step 5028] Action: 1
[Step 5042] Action: 1
[Step 5052] Action: 2
[Step 5066] Action: 3
[Step 5080] Action: 0
[Step 5094] Action: 2
[Step 5108] Action: 0
[Step 5122] Action: 1
[Step 5136] Action: 0
[Step 5150] Action: 0
[Step 5160] Action: 3
[Step 5174] Action: 2
[Step 5188] Action: 3
[Step 5202] Action: 3
[Step 5212] Action: 1
[Step 5226] Action: 3
[Step 5240] Action: 1
[Step 5254] Action: 2
[Step 5268] Action: 0
[Step 5282] Action: 2
[Step 5296] Action: 0
[Step 5310] Action: 1
[Step 5324] Action: 0
[Step 5338] Action: 3
[Step 5352] Action: 1
[Step 5366] Action: 0
[Step 5380] Action: 2
[Step 5394] Action: 3
