[Step 0] Action: 1
[Step 40] Action: 3
[Step 84] Action: 0
[Step 128] Action: 3
[Step 172] Action: 1
[Step 216] Action: 0
[Step 260] Action: 1
[Step 304] Action: 1
[Step 344] Action: 1
[Step 384] Action: 1
[Step 424] Action: 1
[Step 464] Action: 1
[Step 504] Action: 3
[Step 548] Action: 2
[Step 592] Action: 1
[Step 636] Action: 1
[Step 676] Action: 3
[Step 720] Action: 0
[Step 764] Action: 1
[Step 808] Action: 1
[Step 848] Action: 1
[Step 888] Action: 1
[Step 928] Action: 0
[Step 972] Action: 1
[Step 1016] Action: 1
[Step 1056] Action: 0
[Step 1100] Action: 1
[Step 1144] Action: 1
[Step 1184] Action: 1
[Step 1224] Action: 1
[Step 1264] Action: 1
[Step 1304] Action: 1
[Step 1344] Action: 0
[Step 1388] Action: 1
[Step 1432] Action: 1
[Step 1472] Action: 1
[Step 1512] Action: 0
[Step 1556] Action: 1
[Step 1600] Action: 1
[Step 1640] Action: 1
[Step 1680] Action: 1
[Step 1720] Action: 1
[Step 1760] Action: 1
[Step 1800] Action: 1
[Step 1840] Action: 1
[Step 1880] Action: 1
[Step 1920] Action: 1
[Step 1960] Action: 1
[Step 2000] Action: 0
[Step 2044] Action: 1
[Step 2088] Action: 1
[Step 2128] Action: 1
[Step 2168] Action: 1
[Step 2208] Action: 1
[Step 2248] Action: 2
[Step 2292] Action: 1
[Step 2336] Action: 1
[Step 2376] Action: 2
[Step 2420] Action: 0
[Step 2464] Action: 1
[Step 2508] Action: 1
[Step 2548] Action: 0
[Step 2592] Action: 1
[Step 2636] Action: 1
[Step 2676] Action: 1
[Step 2716] Action: 0
[Step 2760] Action: 1
[Step 2804] Action: 1
[Step 2844] Action: 1
[Step 2884] Action: 1
[Step 2924] Action: 3
[Step 2968] Action: 1
[Step 3012] Action: 1
[Step 3052] Action: 1
[Step 3092] Action: 0
[Step 3136] Action: 1
[Step 3180] Action: 0
[Step 3224] Action: 0
[Step 3264] Action: 1
[Step 3308] Action: 0
[Step 3352] Action: 1
[Step 3396] Action: 1
[Step 3436] Action: 1
[Step 3476] Action: 1
[Step 3516] Action: 2
[Step 3560] Action: 3
[Step 3604] Action: 2
[Step 3648] Action: 1
[Step 3692] Action: 0
[Step 3736] Action: 1
[Step 3780] Action: 3
[Step 3824] Action: 2
[Step 3868] Action: 0
[Step 3912] Action: 1
[Step 3956] Action: 3
[Step 4000] Action: 0
[Step 4044] Action: 0
[Step 4084] Action: 3
[Step 4128] Action: 1
[Step 4172] Action: 3
[Step 4216] Action: 2
[Step 4260] Action: 3
[Step 4304] Action: 2
[Step 4348] Action: 3
[Step 4392] Action: 1
[Step 4436] Action: 1
[Step 4476] Action: 2
[Step 4520] Action: 2
[Step 4560] Action: 0
[Step 4604] Action: 3
[Step 4648] Action: 2
[Step 4692] Action: 1
[Step 4736] Action: 0
[Step 4780] Action: 3
[Step 4824] Action: 2
[Step 4868] Action: 1
[Step 4912] Action: 2
[Step 4956] Action: 2
[Step 4996] Action: 0
[Step 5040] Action: 3
[Step 5084] Action: 0
[Step 5128] Action: 0
[Step 5168] Action: 3
[Step 5212] Action: 0
[Step 5256] Action: 2
[Step 5300] Action: 3
[Step 5344] Action: 1
[Step 5388] Action: 0
