[Step 0] Action: 0
[Step 10] Action: 1
[Step 24] Action: 0
[Step 38] Action: 2
[Step 52] Action: 1
[Step 66] Action: 3
[Step 80] Action: 1
[Step 94] Action: 0
[Step 108] Action: 0
[Step 118] Action: 2
[Step 132] Action: 3
[Step 146] Action: 0
[Step 160] Action: 2
[Step 174] Action: 1
[Step 188] Action: 2
[Step 202] Action: 0
[Step 216] Action: 1
[Step 230] Action: 2
[Step 244] Action: 2
[Step 254] Action: 2
[Step 264] Action: 1
[Step 278] Action: 2
[Step 292] Action: 0
[Step 306] Action: 0
[Step 316] Action: 2
[Step 330] Action: 0
[Step 344] Action: 2
[Step 358] Action: 2
[Step 368] Action: 1
[Step 382] Action: 1
[Step 392] Action: 1
[Step 402] Action: 0
[Step 416] Action: 2
[Step 430] Action: 0
[Step 444] Action: 1
[Step 458] Action: 0
[Step 472] Action: 0
[Step 482] Action: 2
[Step 496] Action: 2
[Step 506] Action: 0
[Step 520] Action: 0
[Step 530] Action: 1
[Step 544] Action: 2
[Step 558] Action: 1
[Step 572] Action: 1
[Step 582] Action: 1
[Step 592] Action: 0
[Step 606] Action: 0
[Step 616] Action: 1
[Step 630] Action: 0
[Step 644] Action: 0
[Step 654] Action: 2
[Step 668] Action: 1
[Step 682] Action: 2
[Step 696] Action: 1
[Step 710] Action: 2
[Step 724] Action: 1
[Step 738] Action: 1
[Step 748] Action: 1
[Step 758] Action: 1
[Step 768] Action: 1
[Step 778] Action: 1
[Step 788] Action: 1
[Step 798] Action: 1
[Step 808] Action: 0
[Step 822] Action: 1
[Step 836] Action: 1
[Step 846] Action: 1
[Step 856] Action: 1
[Step 866] Action: 1
[Step 876] Action: 1
[Step 886] Action: 1
[Step 896] Action: 0
[Step 910] Action: 1
[Step 924] Action: 1
[Step 934] Action: 1
[Step 944] Action: 1
[Step 954] Action: 1
[Step 964] Action: 2
[Step 978] Action: 0
[Step 992] Action: 0
[Step 1002] Action: 2
[Step 1016] Action: 0
[Step 1030] Action: 0
[Step 1040] Action: 0
[Step 1050] Action: 0
[Step 1060] Action: 1
[Step 1074] Action: 1
[Step 1084] Action: 1
[Step 1094] Action: 1
[Step 1104] Action: 1
[Step 1114] Action: 2
[Step 1128] Action: 1
[Step 1142] Action: 1
[Step 1152] Action: 1
[Step 1162] Action: 0
[Step 1176] Action: 0
[Step 1186] Action: 0
[Step 1196] Action: 1
[Step 1210] Action: 1
[Step 1220] Action: 1
[Step 1230] Action: 1
[Step 1240] Action: 1
[Step 1250] Action: 1
[Step 1260] Action: 0
[Step 1274] Action: 1
[Step 1288] Action: 0
[Step 1302] Action: 0
[Step 1312] Action: 2
[Step 1326] Action: 2
[Step 1336] Action: 1
[Step 1350] Action: 1
[Step 1360] Action: 1
[Step 1370] Action: 1
[Step 1380] Action: 1
[Step 1390] Action: 1
[Step 1400] Action: 1
[Step 1410] Action: 0
[Step 1424] Action: 2
[Step 1438] Action: 0
[Step 1452] Action: 1
[Step 1466] Action: 1
[Step 1476] Action: 1
[Step 1486] Action: 1
[Step 1496] Action: 1
[Step 1506] Action: 1
[Step 1516] Action: 0
[Step 1530] Action: 2
[Step 1544] Action: 0
[Step 1558] Action: 0
[Step 1568] Action: 2
[Step 1582] Action: 0
[Step 1596] Action: 0
[Step 1606] Action: 0
[Step 1616] Action: 1
[Step 1630] Action: 1
[Step 1640] Action: 1
[Step 1650] Action: 1
[Step 1660] Action: 1
[Step 1670] Action: 1
[Step 1680] Action: 1
[Step 1690] Action: 0
[Step 1704] Action: 0
[Step 1714] Action: 1
[Step 1728] Action: 0
[Step 1742] Action: 2
[Step 1756] Action: 1
[Step 1770] Action: 1
[Step 1780] Action: 1
[Step 1790] Action: 1
[Step 1800] Action: 0
[Step 1814] Action: 2
[Step 1828] Action: 1
[Step 1842] Action: 1
[Step 1852] Action: 1
[Step 1862] Action: 1
[Step 1872] Action: 1
[Step 1882] Action: 0
[Step 1896] Action: 3
[Step 1910] Action: 0
[Step 1924] Action: 2
[Step 1938] Action: 0
[Step 1952] Action: 0
[Step 1962] Action: 2
[Step 1976] Action: 1
[Step 1990] Action: 0
[Step 2004] Action: 2
[Step 2018] Action: 0
[Step 2032] Action: 0
[Step 2042] Action: 0
[Step 2052] Action: 1
[Step 2066] Action: 2
[Step 2080] Action: 1
[Step 2094] Action: 1
[Step 2104] Action: 1
[Step 2114] Action: 0
[Step 2128] Action: 0
[Step 2138] Action: 1
[Step 2152] Action: 1
[Step 2162] Action: 1
[Step 2172] Action: 1
[Step 2182] Action: 0
[Step 2196] Action: 0
[Step 2206] Action: 1
[Step 2220] Action: 2
[Step 2234] Action: 0
[Step 2248] Action: 1
[Step 2262] Action: 0
[Step 2276] Action: 1
[Step 2290] Action: 3
[Step 2304] Action: 0
[Step 2318] Action: 2
[Step 2332] Action: 2
[Step 2342] Action: 1
[Step 2356] Action: 1
[Step 2366] Action: 2
[Step 2380] Action: 0
[Step 2394] Action: 2
[Step 2408] Action: 0
[Step 2422] Action: 3
[Step 2436] Action: 3
[Step 2446] Action: 2
[Step 2460] Action: 0
[Step 2474] Action: 1
[Step 2488] Action: 1
[Step 2498] Action: 0
[Step 2512] Action: 1
[Step 2526] Action: 3
[Step 2540] Action: 1
[Step 2554] Action: 0
[Step 2568] Action: 3
[Step 2582] Action: 1
[Step 2596] Action: 0
[Step 2610] Action: 3
[Step 2624] Action: 1
[Step 2638] Action: 3
[Step 2652] Action: 1
[Step 2666] Action: 1
[Step 2676] Action: 3
[Step 2690] Action: 2
[Step 2704] Action: 1
[Step 2718] Action: 0
[Step 2732] Action: 1
[Step 2746] Action: 2
[Step 2760] Action: 0
[Step 2774] Action: 1
[Step 2788] Action: 3
[Step 2802] Action: 0
[Step 2816] Action: 1
[Step 2830] Action: 0
[Step 2844] Action: 1
[Step 2858] Action: 1
[Step 2868] Action: 2
[Step 2882] Action: 1
[Step 2896] Action: 3
[Step 2910] Action: 3
[Step 2920] Action: 3
[Step 2930] Action: 1
[Step 2944] Action: 3
[Step 2958] Action: 0
[Step 2972] Action: 0
[Step 2982] Action: 3
[Step 2996] Action: 0
[Step 3010] Action: 3
[Step 3024] Action: 2
[Step 3038] Action: 3
[Step 3052] Action: 3
[Step 3062] Action: 2
[Step 3076] Action: 0
[Step 3090] Action: 2
[Step 3104] Action: 1
[Step 3118] Action: 1
[Step 3128] Action: 0
[Step 3142] Action: 3
[Step 3156] Action: 2
[Step 3170] Action: 2
[Step 3180] Action: 2
[Step 3190] Action: 2
[Step 3200] Action: 2
[Step 3210] Action: 3
[Step 3224] Action: 2
[Step 3238] Action: 0
[Step 3252] Action: 1
[Step 3266] Action: 0
[Step 3280] Action: 2
[Step 3294] Action: 0
[Step 3308] Action: 0
[Step 3318] Action: 0
[Step 3328] Action: 1
[Step 3342] Action: 3
[Step 3356] Action: 1
[Step 3370] Action: 0
[Step 3384] Action: 0
[Step 3394] Action: 2
[Step 3408] Action: 2
[Step 3418] Action: 3
[Step 3432] Action: 2
[Step 3446] Action: 0
[Step 3460] Action: 1
[Step 3474] Action: 0
[Step 3488] Action: 2
[Step 3502] Action: 2
[Step 3512] Action: 0
[Step 3526] Action: 3
[Step 3540] Action: 0
[Step 3554] Action: 0
[Step 3564] Action: 0
[Step 3574] Action: 3
[Step 3588] Action: 1
[Step 3602] Action: 1
[Step 3612] Action: 1
[Step 3622] Action: 0
[Step 3636] Action: 1
[Step 3650] Action: 3
[Step 3664] Action: 1
[Step 3678] Action: 3
[Step 3692] Action: 0
[Step 3706] Action: 1
[Step 3720] Action: 2
[Step 3734] Action: 0
[Step 3748] Action: 2
[Step 3762] Action: 1
[Step 3776] Action: 2
[Step 3790] Action: 0
[Step 3804] Action: 2
[Step 3818] Action: 1
[Step 3832] Action: 0
[Step 3846] Action: 0
[Step 3856] Action: 3
[Step 3870] Action: 3
[Step 3880] Action: 0
[Step 3894] Action: 2
[Step 3908] Action: 1
[Step 3922] Action: 0
[Step 3936] Action: 2
[Step 3950] Action: 0
[Step 3964] Action: 2
[Step 3978] Action: 2
[Step 3988] Action: 3
[Step 4002] Action: 1
[Step 4016] Action: 2
[Step 4030] Action: 0
[Step 4044] Action: 2
[Step 4058] Action: 2
[Step 4068] Action: 2
[Step 4078] Action: 2
[Step 4088] Action: 0
[Step 4102] Action: 1
[Step 4116] Action: 2
[Step 4130] Action: 3
[Step 4144] Action: 1
[Step 4158] Action: 0
[Step 4172] Action: 3
[Step 4186] Action: 3
[Step 4196] Action: 1
[Step 4210] Action: 0
[Step 4224] Action: 1
[Step 4238] Action: 1
[Step 4248] Action: 1
[Step 4258] Action: 1
[Step 4268] Action: 1
[Step 4278] Action: 3
[Step 4292] Action: 0
[Step 4306] Action: 1
[Step 4320] Action: 3
[Step 4334] Action: 0
[Step 4348] Action: 1
[Step 4362] Action: 0
[Step 4376] Action: 1
[Step 4390] Action: 3
[Step 4404] Action: 3
[Step 4414] Action: 1
[Step 4428] Action: 2
[Step 4442] Action: 1
[Step 4456] Action: 0
[Step 4470] Action: 3
[Step 4484] Action: 3
[Step 4494] Action: 0
[Step 4508] Action: 2
[Step 4522] Action: 0
[Step 4536] Action: 3
[Step 4550] Action: 2
[Step 4564] Action: 1
[Step 4578] Action: 2
[Step 4592] Action: 2
[Step 4602] Action: 0
[Step 4616] Action: 1
[Step 4630] Action: 2
[Step 4644] Action: 0
[Step 4658] Action: 2
[Step 4672] Action: 0
[Step 4686] Action: 1
[Step 4700] Action: 3
[Step 4714] Action: 0
[Step 4728] Action: 3
[Step 4742] Action: 0
[Step 4756] Action: 1
[Step 4770] Action: 2
[Step 4784] Action: 1
[Step 4798] Action: 2
[Step 4812] Action: 1
[Step 4826] Action: 0
[Step 4840] Action: 2
[Step 4854] Action: 1
[Step 4868] Action: 0
[Step 4882] Action: 0
[Step 4892] Action: 2
[Step 4906] Action: 0
[Step 4920] Action: 0
[Step 4930] Action: 2
[Step 4944] Action: 2
[Step 4954] Action: 3
[Step 4968] Action: 1
[Step 4982] Action: 0
[Step 4996] Action: 1
[Step 5010] Action: 2
[Step 5024] Action: 0
[Step 5038] Action: 3
[Step 5052] Action: 0
[Step 5066] Action: 0
[Step 5076] Action: 3
[Step 5090] Action: 2
[Step 5104] Action: 3
[Step 5118] Action: 3
[Step 5128] Action: 1
[Step 5142] Action: 2
[Step 5156] Action: 2
[Step 5166] Action: 1
[Step 5180] Action: 2
[Step 5194] Action: 3
[Step 5208] Action: 3
[Step 5218] Action: 2
[Step 5232] Action: 2
[Step 5242] Action: 0
[Step 5256] Action: 2
[Step 5270] Action: 2
[Step 5280] Action: 1
[Step 5294] Action: 1
[Step 5304] Action: 1
[Step 5314] Action: 1
[Step 5324] Action: 2
[Step 5338] Action: 0
[Step 5352] Action: 0
[Step 5362] Action: 3
[Step 5376] Action: 3
[Step 5386] Action: 1
