[Step 0] Action: 0
[Step 10] Action: 0
[Step 20] Action: 0
[Step 30] Action: 3
[Step 44] Action: 0
[Step 58] Action: 1
[Step 72] Action: 1
[Step 82] Action: 2
[Step 96] Action: 2
[Step 106] Action: 0
[Step 120] Action: 0
[Step 130] Action: 0
[Step 140] Action: 1
[Step 154] Action: 2
[Step 168] Action: 1
[Step 182] Action: 1
[Step 192] Action: 1
[Step 202] Action: 1
[Step 212] Action: 0
[Step 226] Action: 2
[Step 240] Action: 3
[Step 254] Action: 0
[Step 268] Action: 1
[Step 282] Action: 1
[Step 292] Action: 2
[Step 306] Action: 0
[Step 320] Action: 1
[Step 334] Action: 2
[Step 348] Action: 1
[Step 362] Action: 2
[Step 376] Action: 1
[Step 390] Action: 0
[Step 404] Action: 1
[Step 418] Action: 0
[Step 432] Action: 2
[Step 446] Action: 0
[Step 460] Action: 2
[Step 474] Action: 1
[Step 488] Action: 2
[Step 502] Action: 2
[Step 512] Action: 1
[Step 526] Action: 1
[Step 536] Action: 0
[Step 550] Action: 1
[Step 564] Action: 0
[Step 578] Action: 0
[Step 588] Action: 0
[Step 598] Action: 1
[Step 612] Action: 1
[Step 622] Action: 1
[Step 632] Action: 1
[Step 642] Action: 0
[Step 656] Action: 1
[Step 670] Action: 1
[Step 680] Action: 2
[Step 694] Action: 2
[Step 704] Action: 2
[Step 714] Action: 1
[Step 728] Action: 1
[Step 738] Action: 0
[Step 752] Action: 1
[Step 766] Action: 0
[Step 780] Action: 1
[Step 794] Action: 0
[Step 808] Action: 1
[Step 822] Action: 2
[Step 836] Action: 2
[Step 846] Action: 2
[Step 856] Action: 1
[Step 870] Action: 0
[Step 884] Action: 1
[Step 898] Action: 0
[Step 912] Action: 0
[Step 922] Action: 2
[Step 936] Action: 0
[Step 950] Action: 2
[Step 964] Action: 1
[Step 978] Action: 1
[Step 988] Action: 1
[Step 998] Action: 2
[Step 1012] Action: 1
[Step 1026] Action: 0
[Step 1040] Action: 1
[Step 1054] Action: 1
[Step 1064] Action: 2
[Step 1078] Action: 1
[Step 1092] Action: 2
[Step 1106] Action: 2
[Step 1116] Action: 2
[Step 1126] Action: 2
[Step 1136] Action: 2
[Step 1146] Action: 0
[Step 1160] Action: 0
[Step 1170] Action: 1
[Step 1184] Action: 1
[Step 1194] Action: 2
[Step 1208] Action: 1
[Step 1222] Action: 2
[Step 1236] Action: 0
[Step 1250] Action: 2
[Step 1264] Action: 0
[Step 1278] Action: 0
[Step 1288] Action: 1
[Step 1302] Action: 0
[Step 1316] Action: 1
[Step 1330] Action: 1
[Step 1340] Action: 1
[Step 1350] Action: 2
[Step 1364] Action: 2
[Step 1374] Action: 2
[Step 1384] Action: 1
[Step 1398] Action: 2
[Step 1412] Action: 1
[Step 1426] Action: 1
[Step 1436] Action: 1
[Step 1446] Action: 2
[Step 1460] Action: 2
[Step 1470] Action: 0
[Step 1484] Action: 1
[Step 1498] Action: 0
[Step 1512] Action: 1
[Step 1526] Action: 0
[Step 1540] Action: 0
[Step 1550] Action: 2
[Step 1564] Action: 1
[Step 1578] Action: 1
[Step 1588] Action: 1
[Step 1598] Action: 1
[Step 1608] Action: 1
[Step 1618] Action: 0
[Step 1632] Action: 1
[Step 1646] Action: 0
[Step 1660] Action: 0
[Step 1670] Action: 0
[Step 1680] Action: 2
[Step 1694] Action: 0
[Step 1708] Action: 0
[Step 1718] Action: 1
[Step 1732] Action: 0
[Step 1746] Action: 1
[Step 1760] Action: 2
[Step 1774] Action: 1
[Step 1788] Action: 1
[Step 1798] Action: 2
[Step 1812] Action: 0
[Step 1826] Action: 1
[Step 1840] Action: 1
[Step 1850] Action: 1
[Step 1860] Action: 2
[Step 1874] Action: 1
[Step 1888] Action: 0
[Step 1902] Action: 1
[Step 1916] Action: 2
[Step 1930] Action: 2
[Step 1940] Action: 2
[Step 1950] Action: 1
[Step 1964] Action: 0
[Step 1978] Action: 0
[Step 1988] Action: 0
[Step 1998] Action: 1
[Step 2012] Action: 2
[Step 2026] Action: 2
[Step 2036] Action: 2
[Step 2046] Action: 1
[Step 2060] Action: 2
[Step 2074] Action: 2
[Step 2084] Action: 3
[Step 2098] Action: 0
[Step 2112] Action: 2
[Step 2126] Action: 1
[Step 2140] Action: 2
[Step 2154] Action: 2
[Step 2164] Action: 2
[Step 2174] Action: 0
[Step 2188] Action: 3
[Step 2202] Action: 1
[Step 2216] Action: 2
[Step 2230] Action: 1
[Step 2244] Action: 1
[Step 2254] Action: 2
[Step 2268] Action: 2
[Step 2278] Action: 0
[Step 2292] Action: 1
[Step 2306] Action: 1
[Step 2316] Action: 1
[Step 2326] Action: 1
[Step 2336] Action: 2
[Step 2350] Action: 3
[Step 2364] Action: 1
[Step 2378] Action: 2
[Step 2392] Action: 3
[Step 2406] Action: 1
[Step 2420] Action: 0
[Step 2434] Action: 3
[Step 2448] Action: 0
[Step 2462] Action: 1
[Step 2476] Action: 0
[Step 2490] Action: 0
[Step 2500] Action: 0
[Step 2510] Action: 0
[Step 2520] Action: 2
[Step 2534] Action: 2
[Step 2544] Action: 1
[Step 2558] Action: 2
[Step 2572] Action: 0
[Step 2586] Action: 2
[Step 2600] Action: 0
[Step 2614] Action: 3
[Step 2628] Action: 0
[Step 2642] Action: 2
[Step 2656] Action: 0
[Step 2670] Action: 0
[Step 2680] Action: 0
[Step 2690] Action: 2
[Step 2704] Action: 0
[Step 2718] Action: 0
[Step 2728] Action: 0
[Step 2738] Action: 0
[Step 2748] Action: 1
[Step 2762] Action: 3
[Step 2776] Action: 2
[Step 2790] Action: 1
[Step 2804] Action: 1
[Step 2814] Action: 0
[Step 2828] Action: 0
[Step 2838] Action: 2
[Step 2852] Action: 0
[Step 2866] Action: 1
[Step 2880] Action: 3
[Step 2894] Action: 0
[Step 2908] Action: 3
[Step 2922] Action: 1
[Step 2936] Action: 3
[Step 2950] Action: 0
[Step 2964] Action: 1
[Step 2978] Action: 3
[Step 2992] Action: 2
[Step 3006] Action: 2
[Step 3016] Action: 1
[Step 3030] Action: 0
[Step 3044] Action: 0
[Step 3054] Action: 1
[Step 3068] Action: 3
[Step 3082] Action: 3
[Step 3092] Action: 0
[Step 3106] Action: 0
[Step 3116] Action: 3
[Step 3130] Action: 3
[Step 3140] Action: 3
[Step 3150] Action: 2
[Step 3164] Action: 1
[Step 3178] Action: 3
[Step 3192] Action: 3
[Step 3202] Action: 0
[Step 3216] Action: 3
[Step 3230] Action: 3
[Step 3240] Action: 0
[Step 3254] Action: 0
[Step 3264] Action: 3
[Step 3278] Action: 1
[Step 3292] Action: 1
[Step 3302] Action: 3
[Step 3316] Action: 2
[Step 3330] Action: 3
[Step 3344] Action: 2
[Step 3358] Action: 0
[Step 3372] Action: 0
[Step 3382] Action: 0
[Step 3392] Action: 0
[Step 3402] Action: 2
[Step 3416] Action: 0
[Step 3430] Action: 3
[Step 3444] Action: 2
[Step 3458] Action: 2
[Step 3468] Action: 0
[Step 3482] Action: 1
[Step 3496] Action: 1
[Step 3506] Action: 3
[Step 3520] Action: 0
[Step 3534] Action: 3
[Step 3548] Action: 1
[Step 3562] Action: 3
[Step 3576] Action: 3
[Step 3586] Action: 2
[Step 3600] Action: 0
[Step 3614] Action: 3
[Step 3628] Action: 1
[Step 3642] Action: 0
[Step 3656] Action: 0
[Step 3666] Action: 3
[Step 3680] Action: 0
[Step 3694] Action: 0
[Step 3704] Action: 2
[Step 3718] Action: 1
[Step 3732] Action: 0
[Step 3746] Action: 0
[Step 3756] Action: 0
[Step 3766] Action: 0
[Step 3776] Action: 1
[Step 3790] Action: 3
[Step 3804] Action: 0
[Step 3818] Action: 3
[Step 3832] Action: 0
[Step 3846] Action: 1
[Step 3860] Action: 0
[Step 3874] Action: 1
[Step 3888] Action: 3
[Step 3902] Action: 2
[Step 3916] Action: 2
[Step 3926] Action: 0
[Step 3940] Action: 2
[Step 3954] Action: 0
[Step 3968] Action: 0
[Step 3978] Action: 0
[Step 3988] Action: 1
[Step 4002] Action: 3
[Step 4016] Action: 3
[Step 4026] Action: 1
[Step 4040] Action: 0
[Step 4054] Action: 0
[Step 4064] Action: 3
[Step 4078] Action: 0
[Step 4092] Action: 2
[Step 4106] Action: 0
[Step 4120] Action: 0
[Step 4130] Action: 3
[Step 4144] Action: 2
[Step 4158] Action: 3
[Step 4172] Action: 0
[Step 4186] Action: 0
[Step 4196] Action: 3
[Step 4210] Action: 0
[Step 4224] Action: 0
[Step 4234] Action: 3
[Step 4248] Action: 0
[Step 4262] Action: 0
[Step 4272] Action: 3
[Step 4286] Action: 0
[Step 4300] Action: 2
[Step 4314] Action: 0
[Step 4328] Action: 2
[Step 4342] Action: 0
[Step 4356] Action: 2
[Step 4370] Action: 1
[Step 4384] Action: 3
[Step 4398] Action: 2
[Step 4412] Action: 0
[Step 4426] Action: 1
[Step 4440] Action: 3
[Step 4454] Action: 2
[Step 4468] Action: 2
[Step 4478] Action: 0
[Step 4492] Action: 2
[Step 4506] Action: 0
[Step 4520] Action: 3
[Step 4534] Action: 2
[Step 4548] Action: 3
[Step 4562] Action: 1
[Step 4576] Action: 2
[Step 4590] Action: 3
[Step 4604] Action: 0
[Step 4618] Action: 3
[Step 4632] Action: 0
[Step 4646] Action: 1
[Step 4660] Action: 0
[Step 4674] Action: 2
[Step 4688] Action: 3
[Step 4702] Action: 1
[Step 4716] Action: 1
[Step 4726] Action: 3
[Step 4740] Action: 1
[Step 4754] Action: 0
[Step 4768] Action: 2
[Step 4782] Action: 0
[Step 4796] Action: 2
[Step 4810] Action: 1
[Step 4824] Action: 3
[Step 4838] Action: 0
[Step 4852] Action: 3
[Step 4866] Action: 0
[Step 4880] Action: 0
[Step 4890] Action: 3
[Step 4904] Action: 1
[Step 4918] Action: 3
[Step 4932] Action: 2
[Step 4946] Action: 1
[Step 4960] Action: 3
[Step 4974] Action: 1
[Step 4988] Action: 3
[Step 5002] Action: 3
[Step 5012] Action: 1
[Step 5026] Action: 1
[Step 5036] Action: 1
[Step 5046] Action: 0
[Step 5060] Action: 1
[Step 5074] Action: 1
[Step 5084] Action: 2
[Step 5098] Action: 0
[Step 5112] Action: 2
[Step 5126] Action: 3
[Step 5140] Action: 2
[Step 5154] Action: 1
[Step 5168] Action: 3
[Step 5182] Action: 0
[Step 5196] Action: 0
[Step 5206] Action: 3
[Step 5220] Action: 0
[Step 5234] Action: 0
[Step 5244] Action: 3
[Step 5258] Action: 3
[Step 5268] Action: 0
[Step 5282] Action: 1
[Step 5296] Action: 1
[Step 5306] Action: 0
[Step 5320] Action: 0
[Step 5330] Action: 3
[Step 5344] Action: 3
[Step 5354] Action: 0
[Step 5368] Action: 3
[Step 5382] Action: 3
[Step 5392] Action: 1
