[Step 0] Action: 3
[Step 40] Action: 3
[Step 80] Action: 1
[Step 124] Action: 1
[Step 164] Action: 1
[Step 204] Action: 1
[Step 244] Action: 1
[Step 284] Action: 1
[Step 324] Action: 1
[Step 364] Action: 1
[Step 404] Action: 1
[Step 444] Action: 1
[Step 484] Action: 1
[Step 524] Action: 1
[Step 564] Action: 1
[Step 604] Action: 1
[Step 644] Action: 1
[Step 684] Action: 1
[Step 724] Action: 1
[Step 764] Action: 1
[Step 804] Action: 1
[Step 844] Action: 1
[Step 884] Action: 1
[Step 924] Action: 1
[Step 964] Action: 1
[Step 1004] Action: 1
[Step 1044] Action: 1
[Step 1084] Action: 1
[Step 1124] Action: 1
[Step 1164] Action: 1
[Step 1204] Action: 1
[Step 1244] Action: 1
[Step 1284] Action: 1
[Step 1324] Action: 1
[Step 1364] Action: 1
[Step 1404] Action: 1
[Step 1444] Action: 1
[Step 1484] Action: 1
[Step 1524] Action: 1
[Step 1564] Action: 1
[Step 1604] Action: 1
[Step 1644] Action: 1
[Step 1684] Action: 1
[Step 1724] Action: 1
[Step 1764] Action: 1
[Step 1804] Action: 1
[Step 1844] Action: 1
[Step 1884] Action: 1
[Step 1924] Action: 1
[Step 1964] Action: 1
[Step 2004] Action: 1
[Step 2044] Action: 1
[Step 2084] Action: 1
[Step 2124] Action: 1
[Step 2164] Action: 1
[Step 2204] Action: 1
[Step 2244] Action: 1
[Step 2284] Action: 1
[Step 2324] Action: 1
[Step 2364] Action: 1
[Step 2404] Action: 1
[Step 2444] Action: 1
[Step 2484] Action: 1
[Step 2524] Action: 1
[Step 2564] Action: 1
[Step 2604] Action: 1
[Step 2644] Action: 1
[Step 2684] Action: 1
[Step 2724] Action: 1
[Step 2764] Action: 1
[Step 2804] Action: 1
[Step 2844] Action: 1
[Step 2884] Action: 1
[Step 2924] Action: 1
[Step 2964] Action: 1
[Step 3004] Action: 1
[Step 3044] Action: 1
[Step 3084] Action: 1
[Step 3124] Action: 1
[Step 3164] Action: 1
[Step 3204] Action: 1
[Step 3244] Action: 1
[Step 3284] Action: 1
[Step 3324] Action: 1
[Step 3364] Action: 1
[Step 3404] Action: 1
[Step 3444] Action: 1
[Step 3484] Action: 1
[Step 3524] Action: 1
[Step 3564] Action: 1
[Step 3604] Action: 1
[Step 3644] Action: 1
[Step 3684] Action: 1
[Step 3724] Action: 1
[Step 3764] Action: 1
[Step 3804] Action: 1
[Step 3844] Action: 1
[Step 3884] Action: 1
[Step 3924] Action: 1
[Step 3964] Action: 1
[Step 4004] Action: 1
[Step 4044] Action: 1
[Step 4084] Action: 1
[Step 4124] Action: 1
[Step 4164] Action: 1
[Step 4204] Action: 1
[Step 4244] Action: 1
[Step 4284] Action: 1
[Step 4324] Action: 1
[Step 4364] Action: 1
[Step 4404] Action: 1
[Step 4444] Action: 1
[Step 4484] Action: 1
[Step 4524] Action: 1
[Step 4564] Action: 1
[Step 4604] Action: 1
[Step 4644] Action: 1
[Step 4684] Action: 1
[Step 4724] Action: 1
[Step 4764] Action: 1
[Step 4804] Action: 1
[Step 4844] Action: 1
[Step 4884] Action: 1
[Step 4924] Action: 1
[Step 4964] Action: 1
[Step 5004] Action: 1
[Step 5044] Action: 1
[Step 5084] Action: 1
[Step 5124] Action: 1
[Step 5164] Action: 1
[Step 5204] Action: 1
[Step 5244] Action: 1
[Step 5284] Action: 1
[Step 5324] Action: 1
[Step 5364] Action: 1
