[Step 0] Action: 0
[Step 10] Action: 0
[Step 20] Action: 0
[Step 30] Action: 2
[Step 44] Action: 0
[Step 58] Action: 2
[Step 72] Action: 0
[Step 86] Action: 1
[Step 100] Action: 0
[Step 114] Action: 2
[Step 128] Action: 0
[Step 142] Action: 0
[Step 152] Action: 2
[Step 166] Action: 0
[Step 180] Action: 3
[Step 194] Action: 0
[Step 208] Action: 2
[Step 222] Action: 0
[Step 236] Action: 3
[Step 250] Action: 0
[Step 264] Action: 2
[Step 278] Action: 1
[Step 292] Action: 3
[Step 306] Action: 1
[Step 320] Action: 1
[Step 330] Action: 1
[Step 340] Action: 1
[Step 350] Action: 1
[Step 360] Action: 1
[Step 370] Action: 1
[Step 380] Action: 1
[Step 390] Action: 1
[Step 400] Action: 1
[Step 410] Action: 0
[Step 424] Action: 2
[Step 438] Action: 1
[Step 452] Action: 2
[Step 466] Action: 1
[Step 480] Action: 0
[Step 494] Action: 3
[Step 508] Action: 1
[Step 522] Action: 1
[Step 532] Action: 1
[Step 542] Action: 1
[Step 552] Action: 0
[Step 566] Action: 2
[Step 580] Action: 1
[Step 594] Action: 1
[Step 604] Action: 1
[Step 614] Action: 1
[Step 624] Action: 0
[Step 638] Action: 1
[Step 652] Action: 0
[Step 666] Action: 1
[Step 680] Action: 1
[Step 690] Action: 1
[Step 700] Action: 1
[Step 710] Action: 1
[Step 720] Action: 1
[Step 730] Action: 0
[Step 744] Action: 1
[Step 758] Action: 1
[Step 768] Action: 2
[Step 782] Action: 1
[Step 796] Action: 2
[Step 810] Action: 1
[Step 824] Action: 1
[Step 834] Action: 1
[Step 844] Action: 0
[Step 858] Action: 1
[Step 872] Action: 1
[Step 882] Action: 2
[Step 896] Action: 1
[Step 910] Action: 1
[Step 920] Action: 1
[Step 930] Action: 1
[Step 940] Action: 1
[Step 950] Action: 2
[Step 964] Action: 1
[Step 978] Action: 1
[Step 988] Action: 1
[Step 998] Action: 1
[Step 1008] Action: 3
[Step 1022] Action: 1
[Step 1036] Action: 2
[Step 1050] Action: 1
[Step 1064] Action: 1
[Step 1074] Action: 1
[Step 1084] Action: 1
[Step 1094] Action: 1
[Step 1104] Action: 2
[Step 1118] Action: 2
[Step 1128] Action: 1
[Step 1142] Action: 1
[Step 1152] Action: 1
[Step 1162] Action: 1
[Step 1172] Action: 1
[Step 1182] Action: 1
[Step 1192] Action: 2
[Step 1206] Action: 1
[Step 1220] Action: 1
[Step 1230] Action: 0
[Step 1244] Action: 2
[Step 1258] Action: 1
[Step 1272] Action: 1
[Step 1282] Action: 1
[Step 1292] Action: 1
[Step 1302] Action: 1
[Step 1312] Action: 2
[Step 1326] Action: 1
[Step 1340] Action: 1
[Step 1350] Action: 1
[Step 1360] Action: 1
[Step 1370] Action: 1
[Step 1380] Action: 1
[Step 1390] Action: 1
[Step 1400] Action: 1
[Step 1410] Action: 1
[Step 1420] Action: 1
[Step 1430] Action: 1
[Step 1440] Action: 0
[Step 1454] Action: 3
[Step 1468] Action: 1
[Step 1482] Action: 1
[Step 1492] Action: 1
[Step 1502] Action: 1
[Step 1512] Action: 1
[Step 1522] Action: 0
[Step 1536] Action: 2
[Step 1550] Action: 1
[Step 1564] Action: 1
[Step 1574] Action: 1
[Step 1584] Action: 1
[Step 1594] Action: 1
[Step 1604] Action: 0
[Step 1618] Action: 1
[Step 1632] Action: 1
[Step 1642] Action: 1
[Step 1652] Action: 1
[Step 1662] Action: 1
[Step 1672] Action: 1
[Step 1682] Action: 1
[Step 1692] Action: 0
[Step 1706] Action: 1
[Step 1720] Action: 1
[Step 1730] Action: 1
[Step 1740] Action: 1
[Step 1750] Action: 1
[Step 1760] Action: 1
[Step 1770] Action: 0
[Step 1784] Action: 1
[Step 1798] Action: 2
[Step 1812] Action: 1
[Step 1826] Action: 1
[Step 1836] Action: 1
[Step 1846] Action: 1
[Step 1856] Action: 0
[Step 1870] Action: 1
[Step 1884] Action: 1
[Step 1894] Action: 1
[Step 1904] Action: 1
[Step 1914] Action: 1
[Step 1924] Action: 1
[Step 1934] Action: 0
[Step 1948] Action: 1
[Step 1962] Action: 1
[Step 1972] Action: 1
[Step 1982] Action: 1
[Step 1992] Action: 1
[Step 2002] Action: 1
[Step 2012] Action: 1
[Step 2022] Action: 3
[Step 2036] Action: 2
[Step 2050] Action: 0
[Step 2064] Action: 1
[Step 2078] Action: 2
[Step 2092] Action: 1
[Step 2106] Action: 1
[Step 2116] Action: 2
[Step 2130] Action: 2
[Step 2140] Action: 1
[Step 2154] Action: 1
[Step 2164] Action: 2
[Step 2178] Action: 1
[Step 2192] Action: 1
[Step 2202] Action: 1
[Step 2212] Action: 2
[Step 2226] Action: 2
[Step 2236] Action: 2
[Step 2246] Action: 2
[Step 2256] Action: 0
[Step 2270] Action: 3
[Step 2284] Action: 2
[Step 2298] Action: 0
[Step 2312] Action: 1
[Step 2326] Action: 1
[Step 2336] Action: 1
[Step 2346] Action: 1
[Step 2356] Action: 1
[Step 2366] Action: 1
[Step 2376] Action: 2
[Step 2390] Action: 0
[Step 2404] Action: 1
[Step 2418] Action: 1
[Step 2428] Action: 1
[Step 2438] Action: 1
[Step 2448] Action: 2
[Step 2462] Action: 3
[Step 2476] Action: 2
[Step 2490] Action: 1
[Step 2504] Action: 0
[Step 2518] Action: 1
[Step 2532] Action: 0
[Step 2546] Action: 1
[Step 2560] Action: 3
[Step 2574] Action: 2
[Step 2588] Action: 1
[Step 2602] Action: 2
[Step 2616] Action: 2
[Step 2626] Action: 1
[Step 2640] Action: 2
[Step 2654] Action: 2
[Step 2664] Action: 1
[Step 2678] Action: 1
[Step 2688] Action: 1
[Step 2698] Action: 2
[Step 2712] Action: 0
[Step 2726] Action: 1
[Step 2740] Action: 0
[Step 2754] Action: 1
[Step 2768] Action: 1
[Step 2778] Action: 2
[Step 2792] Action: 1
[Step 2806] Action: 0
[Step 2820] Action: 0
[Step 2830] Action: 3
[Step 2844] Action: 1
[Step 2858] Action: 2
[Step 2872] Action: 2
[Step 2882] Action: 2
[Step 2892] Action: 3
[Step 2906] Action: 1
[Step 2920] Action: 1
[Step 2930] Action: 1
[Step 2940] Action: 2
[Step 2954] Action: 1
[Step 2968] Action: 1
[Step 2978] Action: 1
[Step 2988] Action: 3
[Step 3002] Action: 1
[Step 3016] Action: 1
[Step 3026] Action: 0
[Step 3040] Action: 0
[Step 3050] Action: 0
[Step 3060] Action: 1
[Step 3074] Action: 1
[Step 3084] Action: 2
[Step 3098] Action: 0
[Step 3112] Action: 3
[Step 3126] Action: 2
[Step 3140] Action: 0
[Step 3154] Action: 3
[Step 3168] Action: 1
[Step 3182] Action: 0
[Step 3196] Action: 0
[Step 3206] Action: 1
[Step 3220] Action: 3
[Step 3234] Action: 1
[Step 3248] Action: 2
[Step 3262] Action: 0
[Step 3276] Action: 3
[Step 3290] Action: 1
[Step 3304] Action: 1
[Step 3314] Action: 0
[Step 3328] Action: 2
[Step 3342] Action: 2
[Step 3352] Action: 0
[Step 3366] Action: 1
[Step 3380] Action: 1
[Step 3390] Action: 1
[Step 3400] Action: 3
[Step 3414] Action: 1
[Step 3428] Action: 0
[Step 3442] Action: 1
[Step 3456] Action: 1
[Step 3466] Action: 1
[Step 3476] Action: 0
[Step 3490] Action: 1
[Step 3504] Action: 0
[Step 3518] Action: 3
[Step 3532] Action: 1
[Step 3546] Action: 2
[Step 3560] Action: 3
[Step 3574] Action: 0
[Step 3588] Action: 0
[Step 3598] Action: 0
[Step 3608] Action: 2
[Step 3622] Action: 3
[Step 3636] Action: 2
[Step 3650] Action: 0
[Step 3664] Action: 0
[Step 3674] Action: 3
[Step 3688] Action: 2
[Step 3702] Action: 1
[Step 3716] Action: 1
[Step 3726] Action: 3
[Step 3740] Action: 3
[Step 3750] Action: 1
[Step 3764] Action: 1
[Step 3774] Action: 1
[Step 3784] Action: 2
[Step 3798] Action: 1
[Step 3812] Action: 3
[Step 3826] Action: 3
[Step 3836] Action: 3
[Step 3846] Action: 1
[Step 3860] Action: 1
[Step 3870] Action: 3
[Step 3884] Action: 2
[Step 3898] Action: 2
[Step 3908] Action: 0
[Step 3922] Action: 3
[Step 3936] Action: 0
[Step 3950] Action: 3
[Step 3964] Action: 1
[Step 3978] Action: 2
[Step 3992] Action: 1
[Step 4006] Action: 1
[Step 4016] Action: 0
[Step 4030] Action: 1
[Step 4044] Action: 0
[Step 4058] Action: 2
[Step 4072] Action: 0
[Step 4086] Action: 3
[Step 4100] Action: 1
[Step 4114] Action: 1
[Step 4124] Action: 1
[Step 4134] Action: 1
[Step 4144] Action: 3
[Step 4158] Action: 3
[Step 4168] Action: 0
[Step 4182] Action: 2
[Step 4196] Action: 1
[Step 4210] Action: 2
[Step 4224] Action: 1
[Step 4238] Action: 3
[Step 4252] Action: 3
[Step 4262] Action: 1
[Step 4276] Action: 0
[Step 4290] Action: 2
[Step 4304] Action: 1
[Step 4318] Action: 1
[Step 4328] Action: 0
[Step 4342] Action: 0
[Step 4352] Action: 1
[Step 4366] Action: 0
[Step 4380] Action: 1
[Step 4394] Action: 1
[Step 4404] Action: 0
[Step 4418] Action: 3
[Step 4432] Action: 1
[Step 4446] Action: 2
[Step 4460] Action: 2
[Step 4470] Action: 0
[Step 4484] Action: 1
[Step 4498] Action: 1
[Step 4508] Action: 0
[Step 4522] Action: 1
[Step 4536] Action: 1
[Step 4546] Action: 3
[Step 4560] Action: 2
[Step 4574] Action: 2
[Step 4584] Action: 0
[Step 4598] Action: 0
[Step 4608] Action: 3
[Step 4622] Action: 3
[Step 4632] Action: 1
[Step 4646] Action: 0
[Step 4660] Action: 0
[Step 4670] Action: 0
[Step 4680] Action: 2
[Step 4694] Action: 1
[Step 4708] Action: 2
[Step 4722] Action: 2
[Step 4732] Action: 2
[Step 4742] Action: 3
[Step 4756] Action: 0
[Step 4770] Action: 3
[Step 4784] Action: 0
[Step 4798] Action: 3
[Step 4812] Action: 3
[Step 4822] Action: 0
[Step 4836] Action: 2
[Step 4850] Action: 2
[Step 4860] Action: 2
[Step 4870] Action: 3
[Step 4884] Action: 0
[Step 4898] Action: 1
[Step 4912] Action: 0
[Step 4926] Action: 3
[Step 4940] Action: 1
[Step 4954] Action: 1
[Step 4964] Action: 1
[Step 4974] Action: 0
[Step 4988] Action: 1
[Step 5002] Action: 0
[Step 5016] Action: 1
[Step 5030] Action: 0
[Step 5044] Action: 0
[Step 5054] Action: 0
[Step 5064] Action: 0
[Step 5074] Action: 2
[Step 5088] Action: 3
[Step 5102] Action: 0
[Step 5116] Action: 1
[Step 5130] Action: 3
[Step 5144] Action: 2
[Step 5158] Action: 0
[Step 5172] Action: 2
[Step 5186] Action: 3
[Step 5200] Action: 1
[Step 5214] Action: 2
[Step 5228] Action: 2
[Step 5238] Action: 2
[Step 5248] Action: 0
[Step 5262] Action: 1
[Step 5276] Action: 2
[Step 5290] Action: 3
[Step 5304] Action: 1
[Step 5318] Action: 0
[Step 5332] Action: 3
[Step 5346] Action: 1
[Step 5360] Action: 0
[Step 5374] Action: 1
[Step 5388] Action: 0
