[Step 0] Action: 0
[Step 10] Action: 0
[Step 20] Action: 1
[Step 34] Action: 3
[Step 48] Action: 0
[Step 62] Action: 0
[Step 72] Action: 2
[Step 86] Action: 0
[Step 100] Action: 1
[Step 114] Action: 2
[Step 128] Action: 3
[Step 142] Action: 2
[Step 156] Action: 0
[Step 170] Action: 0
[Step 180] Action: 2
[Step 194] Action: 0
[Step 208] Action: 0
[Step 218] Action: 1
[Step 232] Action: 3
[Step 246] Action: 1
[Step 260] Action: 0
[Step 274] Action: 3
[Step 288] Action: 0
[Step 302] Action: 3
[Step 316] Action: 1
[Step 330] Action: 0
[Step 344] Action: 1
[Step 358] Action: 0
[Step 372] Action: 0
[Step 382] Action: 2
[Step 396] Action: 0
[Step 410] Action: 2
[Step 424] Action: 1
[Step 438] Action: 2
[Step 452] Action: 2
[Step 462] Action: 2
[Step 472] Action: 0
[Step 486] Action: 2
[Step 500] Action: 2
[Step 510] Action: 3
[Step 524] Action: 2
[Step 538] Action: 0
[Step 552] Action: 0
[Step 562] Action: 0
[Step 572] Action: 1
[Step 586] Action: 0
[Step 600] Action: 2
[Step 614] Action: 1
[Step 628] Action: 1
[Step 638] Action: 2
[Step 652] Action: 1
[Step 666] Action: 1
[Step 676] Action: 0
[Step 690] Action: 1
[Step 704] Action: 1
[Step 714] Action: 2
[Step 728] Action: 2
[Step 738] Action: 1
[Step 752] Action: 1
[Step 762] Action: 2
[Step 776] Action: 2
[Step 786] Action: 1
[Step 800] Action: 2
[Step 814] Action: 1
[Step 828] Action: 2
[Step 842] Action: 0
[Step 856] Action: 1
[Step 870] Action: 0
[Step 884] Action: 0
[Step 894] Action: 1
[Step 908] Action: 2
[Step 922] Action: 1
[Step 936] Action: 1
[Step 946] Action: 2
[Step 960] Action: 2
[Step 970] Action: 1
[Step 984] Action: 1
[Step 994] Action: 0
[Step 1008] Action: 2
[Step 1022] Action: 1
[Step 1036] Action: 2
[Step 1050] Action: 2
[Step 1060] Action: 2
[Step 1070] Action: 1
[Step 1084] Action: 1
[Step 1094] Action: 1
[Step 1104] Action: 2
[Step 1118] Action: 0
[Step 1132] Action: 0
[Step 1142] Action: 2
[Step 1156] Action: 1
[Step 1170] Action: 1
[Step 1180] Action: 1
[Step 1190] Action: 2
[Step 1204] Action: 3
[Step 1218] Action: 3
[Step 1228] Action: 1
[Step 1242] Action: 0
[Step 1256] Action: 1
[Step 1270] Action: 0
[Step 1284] Action: 1
[Step 1298] Action: 0
[Step 1312] Action: 0
[Step 1322] Action: 1
[Step 1336] Action: 1
[Step 1346] Action: 1
[Step 1356] Action: 2
[Step 1370] Action: 1
[Step 1384] Action: 3
[Step 1398] Action: 1
[Step 1412] Action: 2
[Step 1426] Action: 0
[Step 1440] Action: 0
[Step 1450] Action: 2
[Step 1464] Action: 2
[Step 1474] Action: 2
[Step 1484] Action: 1
[Step 1498] Action: 2
[Step 1512] Action: 0
[Step 1526] Action: 1
[Step 1540] Action: 0
[Step 1554] Action: 0
[Step 1564] Action: 3
[Step 1578] Action: 1
[Step 1592] Action: 0
[Step 1606] Action: 0
[Step 1616] Action: 2
[Step 1630] Action: 1
[Step 1644] Action: 1
[Step 1654] Action: 1
[Step 1664] Action: 2
[Step 1678] Action: 0
[Step 1692] Action: 1
[Step 1706] Action: 1
[Step 1716] Action: 2
[Step 1730] Action: 2
[Step 1740] Action: 1
[Step 1754] Action: 1
[Step 1764] Action: 2
[Step 1778] Action: 1
[Step 1792] Action: 1
[Step 1802] Action: 1
[Step 1812] Action: 2
[Step 1826] Action: 2
[Step 1836] Action: 1
[Step 1850] Action: 2
[Step 1864] Action: 1
[Step 1878] Action: 0
[Step 1892] Action: 3
[Step 1906] Action: 0
[Step 1920] Action: 1
[Step 1934] Action: 2
[Step 1948] Action: 1
[Step 1962] Action: 1
[Step 1972] Action: 0
[Step 1986] Action: 3
[Step 2000] Action: 3
[Step 2010] Action: 0
[Step 2024] Action: 0
[Step 2034] Action: 2
[Step 2048] Action: 0
[Step 2062] Action: 2
[Step 2076] Action: 1
[Step 2090] Action: 2
[Step 2104] Action: 1
[Step 2118] Action: 0
[Step 2132] Action: 0
[Step 2142] Action: 0
[Step 2152] Action: 2
[Step 2166] Action: 0
[Step 2180] Action: 3
[Step 2194] Action: 2
[Step 2208] Action: 2
[Step 2218] Action: 1
[Step 2232] Action: 0
[Step 2246] Action: 0
[Step 2256] Action: 3
[Step 2270] Action: 3
[Step 2280] Action: 0
[Step 2294] Action: 1
[Step 2308] Action: 2
[Step 2322] Action: 1
[Step 2336] Action: 2
[Step 2350] Action: 1
[Step 2364] Action: 0
[Step 2378] Action: 0
[Step 2388] Action: 0
[Step 2398] Action: 1
[Step 2412] Action: 1
[Step 2422] Action: 1
[Step 2432] Action: 0
[Step 2446] Action: 0
[Step 2456] Action: 1
[Step 2470] Action: 1
[Step 2480] Action: 2
[Step 2494] Action: 2
[Step 2504] Action: 0
[Step 2518] Action: 0
[Step 2528] Action: 3
[Step 2542] Action: 0
[Step 2556] Action: 2
[Step 2570] Action: 0
[Step 2584] Action: 0
[Step 2594] Action: 2
[Step 2608] Action: 1
[Step 2622] Action: 2
[Step 2636] Action: 1
[Step 2650] Action: 0
[Step 2664] Action: 3
[Step 2678] Action: 3
[Step 2688] Action: 3
[Step 2698] Action: 2
[Step 2712] Action: 1
[Step 2726] Action: 3
[Step 2740] Action: 3
[Step 2750] Action: 3
[Step 2760] Action: 0
[Step 2774] Action: 3
[Step 2788] Action: 0
[Step 2802] Action: 2
[Step 2816] Action: 1
[Step 2830] Action: 0
[Step 2844] Action: 1
[Step 2858] Action: 1
[Step 2868] Action: 2
[Step 2882] Action: 2
[Step 2892] Action: 1
[Step 2906] Action: 1
[Step 2916] Action: 2
[Step 2930] Action: 1
[Step 2944] Action: 1
[Step 2954] Action: 0
[Step 2968] Action: 0
[Step 2978] Action: 0
[Step 2988] Action: 0
[Step 2998] Action: 0
[Step 3008] Action: 1
[Step 3022] Action: 1
[Step 3032] Action: 1
[Step 3042] Action: 2
[Step 3056] Action: 2
[Step 3066] Action: 1
[Step 3080] Action: 0
[Step 3094] Action: 2
[Step 3108] Action: 0
[Step 3122] Action: 2
[Step 3136] Action: 2
[Step 3146] Action: 1
[Step 3160] Action: 0
[Step 3174] Action: 2
[Step 3188] Action: 1
[Step 3202] Action: 1
[Step 3212] Action: 2
[Step 3226] Action: 0
[Step 3240] Action: 2
[Step 3254] Action: 3
[Step 3268] Action: 1
[Step 3282] Action: 1
[Step 3292] Action: 0
[Step 3306] Action: 1
[Step 3320] Action: 2
[Step 3334] Action: 0
[Step 3348] Action: 3
[Step 3362] Action: 0
[Step 3376] Action: 1
[Step 3390] Action: 2
[Step 3404] Action: 2
[Step 3414] Action: 2
[Step 3424] Action: 0
[Step 3438] Action: 3
[Step 3452] Action: 2
[Step 3466] Action: 3
[Step 3480] Action: 0
[Step 3494] Action: 3
[Step 3508] Action: 2
[Step 3522] Action: 2
[Step 3532] Action: 0
[Step 3546] Action: 1
[Step 3560] Action: 0
[Step 3574] Action: 1
[Step 3588] Action: 1
[Step 3598] Action: 0
[Step 3612] Action: 1
[Step 3626] Action: 0
[Step 3640] Action: 1
[Step 3654] Action: 1
[Step 3664] Action: 2
[Step 3678] Action: 2
[Step 3688] Action: 1
[Step 3702] Action: 1
[Step 3712] Action: 2
[Step 3726] Action: 2
[Step 3736] Action: 1
[Step 3750] Action: 2
[Step 3764] Action: 1
[Step 3778] Action: 2
[Step 3792] Action: 0
[Step 3806] Action: 2
[Step 3820] Action: 3
[Step 3834] Action: 1
[Step 3848] Action: 1
[Step 3858] Action: 0
[Step 3872] Action: 1
[Step 3886] Action: 3
[Step 3900] Action: 1
[Step 3914] Action: 0
[Step 3928] Action: 3
[Step 3942] Action: 0
[Step 3956] Action: 1
[Step 3970] Action: 1
[Step 3980] Action: 2
[Step 3994] Action: 0
[Step 4008] Action: 2
[Step 4022] Action: 1
[Step 4036] Action: 3
[Step 4050] Action: 1
[Step 4064] Action: 1
[Step 4074] Action: 3
[Step 4088] Action: 1
[Step 4102] Action: 0
[Step 4116] Action: 0
[Step 4126] Action: 3
[Step 4140] Action: 0
[Step 4154] Action: 1
[Step 4168] Action: 1
[Step 4178] Action: 3
[Step 4192] Action: 0
[Step 4206] Action: 3
[Step 4220] Action: 2
[Step 4234] Action: 1
[Step 4248] Action: 2
[Step 4262] Action: 3
[Step 4276] Action: 1
[Step 4290] Action: 3
[Step 4304] Action: 3
[Step 4314] Action: 1
[Step 4328] Action: 1
[Step 4338] Action: 1
[Step 4348] Action: 0
[Step 4362] Action: 2
[Step 4376] Action: 3
[Step 4390] Action: 1
[Step 4404] Action: 0
[Step 4418] Action: 1
[Step 4432] Action: 1
[Step 4442] Action: 2
[Step 4456] Action: 3
[Step 4470] Action: 1
[Step 4484] Action: 1
[Step 4494] Action: 3
[Step 4508] Action: 2
[Step 4522] Action: 0
[Step 4536] Action: 3
[Step 4550] Action: 2
[Step 4564] Action: 0
[Step 4578] Action: 2
[Step 4592] Action: 0
[Step 4606] Action: 0
[Step 4616] Action: 3
[Step 4630] Action: 1
[Step 4644] Action: 2
[Step 4658] Action: 2
[Step 4668] Action: 1
[Step 4682] Action: 3
[Step 4696] Action: 1
[Step 4710] Action: 0
[Step 4724] Action: 0
[Step 4734] Action: 3
[Step 4748] Action: 0
[Step 4762] Action: 0
[Step 4772] Action: 0
[Step 4782] Action: 0
[Step 4792] Action: 0
[Step 4802] Action: 3
[Step 4816] Action: 1
[Step 4830] Action: 2
[Step 4844] Action: 2
[Step 4854] Action: 1
[Step 4868] Action: 0
[Step 4882] Action: 0
[Step 4892] Action: 3
[Step 4906] Action: 0
[Step 4920] Action: 2
[Step 4934] Action: 1
[Step 4948] Action: 0
[Step 4962] Action: 0
[Step 4972] Action: 3
[Step 4986] Action: 1
[Step 5000] Action: 0
[Step 5014] Action: 3
[Step 5028] Action: 2
[Step 5042] Action: 0
[Step 5056] Action: 1
[Step 5070] Action: 3
[Step 5084] Action: 2
[Step 5098] Action: 3
[Step 5112] Action: 0
[Step 5126] Action: 0
[Step 5136] Action: 3
[Step 5150] Action: 2
[Step 5164] Action: 1
[Step 5178] Action: 1
[Step 5188] Action: 0
[Step 5202] Action: 0
[Step 5212] Action: 0
[Step 5222] Action: 3
[Step 5236] Action: 0
[Step 5250] Action: 0
[Step 5260] Action: 3
[Step 5274] Action: 1
[Step 5288] Action: 3
[Step 5302] Action: 1
[Step 5316] Action: 3
[Step 5330] Action: 2
[Step 5344] Action: 3
[Step 5358] Action: 3
[Step 5368] Action: 2
[Step 5382] Action: 0
[Step 5396] Action: 1
