[Step 0] Action: 2, Phase: 0, Halts: [0. 0. 0. 0.], Waiting: [0. 0. 0. 0.]
[Step 10] Action: 2, Phase: 4, Halts: [0. 0. 0. 0.], Waiting: [0. 0. 0. 0.]
[Step 20] Action: 1, Phase: 4, Halts: [0. 0. 0. 0.], Waiting: [0. 0. 0. 0.]
[Step 34] Action: 1, Phase: 2, Halts: [0. 0. 0. 0.], Waiting: [0. 0. 0. 0.]
[Step 44] Action: 2, Phase: 2, Halts: [0. 0. 0. 0.], Waiting: [0. 0. 0. 0.]
[Step 58] Action: 2, Phase: 4, Halts: [0. 0. 0. 0.], Waiting: [0. 0. 0. 0.]
[Step 68] Action: 1, Phase: 4, Halts: [0. 0. 0. 0.], Waiting: [0. 0. 0. 0.]
[Step 82] Action: 2, Phase: 2, Halts: [0. 0. 0. 0.], Waiting: [0. 0. 0. 0.]
[Step 96] Action: 2, Phase: 4, Halts: [0. 0. 0. 0.], Waiting: [0. 0. 0. 0.]
[Step 106] Action: 3, Phase: 4, Halts: [0. 0. 0. 0.], Waiting: [0. 0. 0. 0.]
[Step 120] Action: 1, Phase: 6, Halts: [0. 0. 0. 0.], Waiting: [0. 0. 0. 0.]
[Step 134] Action: 3, Phase: 2, Halts: [0. 0. 0. 0.], Waiting: [0. 0. 0. 0.]
[Step 148] Action: 0, Phase: 6, Halts: [0. 0. 0. 0.], Waiting: [0. 0. 0. 0.]
[Step 162] Action: 0, Phase: 0, Halts: [0. 0. 0. 0.], Waiting: [0. 0. 0. 0.]
[Step 172] Action: 2, Phase: 0, Halts: [0. 0. 0. 0.], Waiting: [0. 0. 0. 0.]
[Step 186] Action: 2, Phase: 4, Halts: [0. 0. 0. 0.], Waiting: [1. 0. 0. 0.]
[Step 196] Action: 0, Phase: 4, Halts: [0. 0. 0. 0.], Waiting: [1. 0. 0. 0.]
[Step 210] Action: 0, Phase: 0, Halts: [0. 0. 0. 0.], Waiting: [0. 0. 0. 0.]
[Step 220] Action: 0, Phase: 0, Halts: [0. 0. 0. 0.], Waiting: [0. 0. 0. 0.]
[Step 230] Action: 3, Phase: 0, Halts: [0. 0. 0. 0.], Waiting: [0. 0. 0. 0.]
[Step 244] Action: 0, Phase: 6, Halts: [0. 0. 0. 0.], Waiting: [0. 0. 0. 0.]
[Step 258] Action: 1, Phase: 0, Halts: [0. 0. 0. 0.], Waiting: [1. 0. 0. 0.]
[Step 272] Action: 3, Phase: 2, Halts: [0. 0. 0. 0.], Waiting: [0. 0. 0. 0.]
[Step 286] Action: 3, Phase: 6, Halts: [0. 0. 0. 0.], Waiting: [0. 0. 0. 0.]
[Step 296] Action: 2, Phase: 6, Halts: [0. 0. 0. 0.], Waiting: [0. 0. 0. 0.]
[Step 310] Action: 3, Phase: 4, Halts: [0. 0. 0. 0.], Waiting: [0. 0. 0. 0.]
[Step 324] Action: 0, Phase: 6, Halts: [0. 0. 0. 0.], Waiting: [0. 0. 0. 0.]
[Step 338] Action: 1, Phase: 0, Halts: [0. 0. 0. 0.], Waiting: [0. 0. 0. 1.]
[Step 352] Action: 2, Phase: 2, Halts: [0. 0. 0. 0.], Waiting: [0. 0. 0. 1.]
[Step 366] Action: 3, Phase: 4, Halts: [0. 0. 0. 0.], Waiting: [0. 0. 0. 0.]
[Step 380] Action: 3, Phase: 6, Halts: [0. 0. 0. 0.], Waiting: [0. 0. 0. 0.]
[Step 390] Action: 3, Phase: 6, Halts: [0. 0. 0. 0.], Waiting: [1. 0. 0. 0.]
[Step 400] Action: 3, Phase: 6, Halts: [0. 0. 0. 0.], Waiting: [1. 0. 0. 0.]
[Step 410] Action: 0, Phase: 6, Halts: [0. 0. 0. 0.], Waiting: [1. 0. 0. 0.]
[Step 424] Action: 1, Phase: 0, Halts: [0. 0. 0. 0.], Waiting: [0. 0. 0. 0.]
[Step 438] Action: 2, Phase: 2, Halts: [0. 0. 0. 0.], Waiting: [0. 0. 0. 0.]
[Step 452] Action: 1, Phase: 4, Halts: [0. 0. 0. 0.], Waiting: [0. 0. 0. 0.]
[Step 466] Action: 0, Phase: 2, Halts: [0. 0. 0. 0.], Waiting: [0. 0. 0. 0.]
[Step 480] Action: 2, Phase: 0, Halts: [0. 0. 0. 0.], Waiting: [0. 0. 0. 0.]
[Step 494] Action: 2, Phase: 4, Halts: [0. 0. 0. 0.], Waiting: [0. 0. 0. 0.]
[Step 504] Action: 1, Phase: 4, Halts: [0. 0. 0. 0.], Waiting: [1. 0. 0. 0.]
[Step 518] Action: 3, Phase: 2, Halts: [0. 0. 0. 0.], Waiting: [0. 0. 0. 1.]
[Step 532] Action: 3, Phase: 6, Halts: [0. 0. 0. 0.], Waiting: [0. 1. 0. 0.]
[Step 542] Action: 0, Phase: 6, Halts: [0. 0. 0. 0.], Waiting: [0. 1. 0. 1.]
[Step 556] Action: 1, Phase: 0, Halts: [0. 0. 0. 0.], Waiting: [0. 0. 0. 1.]
[Step 570] Action: 2, Phase: 2, Halts: [0. 0. 0. 0.], Waiting: [0. 0. 0. 1.]
[Step 584] Action: 1, Phase: 4, Halts: [0. 0. 0. 0.], Waiting: [0. 0. 0. 0.]
[Step 598] Action: 0, Phase: 2, Halts: [0. 0. 0. 0.], Waiting: [0. 0. 0. 0.]
[Step 612] Action: 1, Phase: 0, Halts: [0. 0. 0. 0.], Waiting: [0. 0. 0. 0.]
[Step 626] Action: 0, Phase: 2, Halts: [0. 0. 0. 0.], Waiting: [0. 0. 0. 0.]
[Step 640] Action: 2, Phase: 0, Halts: [0. 0. 0. 0.], Waiting: [0. 0. 1. 1.]
[Step 654] Action: 1, Phase: 4, Halts: [0. 0. 0. 0.], Waiting: [0. 0. 0. 0.]
[Step 668] Action: 2, Phase: 2, Halts: [0. 0. 0. 0.], Waiting: [0. 0. 0. 0.]
[Step 682] Action: 1, Phase: 4, Halts: [0. 0. 0. 0.], Waiting: [0. 1. 0. 0.]
[Step 696] Action: 0, Phase: 2, Halts: [0. 0. 0. 0.], Waiting: [0. 0. 0. 0.]
[Step 710] Action: 2, Phase: 0, Halts: [0. 0. 0. 0.], Waiting: [0. 0. 1. 0.]
[Step 724] Action: 0, Phase: 4, Halts: [0. 0. 0. 0.], Waiting: [0. 1. 0. 0.]
[Step 738] Action: 2, Phase: 0, Halts: [0. 0. 0. 0.], Waiting: [0. 0. 1. 1.]
[Step 752] Action: 2, Phase: 4, Halts: [0. 0. 0. 0.], Waiting: [0. 0. 0. 0.]
[Step 762] Action: 0, Phase: 4, Halts: [0. 0. 0. 0.], Waiting: [0. 1. 0. 0.]
[Step 776] Action: 0, Phase: 0, Halts: [0. 0. 0. 0.], Waiting: [0. 0. 0. 0.]
[Step 786] Action: 2, Phase: 0, Halts: [0. 0. 0. 0.], Waiting: [0. 0. 0. 0.]
[Step 800] Action: 2, Phase: 4, Halts: [0. 0. 0. 0.], Waiting: [0. 0. 0. 0.]
[Step 810] Action: 0, Phase: 4, Halts: [0. 0. 0. 0.], Waiting: [0. 1. 0. 0.]
[Step 824] Action: 3, Phase: 0, Halts: [0. 0. 0. 0.], Waiting: [0. 0. 1. 0.]
[Step 838] Action: 2, Phase: 6, Halts: [0. 0. 0. 0.], Waiting: [0. 0. 1. 0.]
[Step 852] Action: 1, Phase: 4, Halts: [0. 0. 0. 0.], Waiting: [0. 0. 0. 0.]
[Step 866] Action: 2, Phase: 2, Halts: [0. 0. 0. 0.], Waiting: [0. 1. 0. 0.]
[Step 880] Action: 3, Phase: 4, Halts: [0. 0. 0. 0.], Waiting: [0. 1. 0. 0.]
[Step 894] Action: 2, Phase: 6, Halts: [0. 0. 0. 0.], Waiting: [0. 1. 0. 0.]
[Step 908] Action: 0, Phase: 4, Halts: [0. 0. 0. 0.], Waiting: [0. 1. 0. 0.]
[Step 922] Action: 3, Phase: 0, Halts: [0. 0. 0. 0.], Waiting: [0. 0. 0. 0.]
[Step 936] Action: 3, Phase: 6, Halts: [0. 0. 0. 0.], Waiting: [1. 1. 0. 0.]
[Step 946] Action: 0, Phase: 6, Halts: [0. 0. 0. 0.], Waiting: [1. 1. 0. 0.]
[Step 960] Action: 1, Phase: 0, Halts: [0. 0. 0. 0.], Waiting: [0. 0. 0. 0.]
[Step 974] Action: 0, Phase: 2, Halts: [0. 0. 0. 0.], Waiting: [1. 0. 1. 0.]
[Step 988] Action: 0, Phase: 0, Halts: [0. 0. 0. 0.], Waiting: [0. 0. 1. 0.]
[Step 998] Action: 2, Phase: 0, Halts: [0. 0. 0. 0.], Waiting: [0. 0. 1. 0.]
[Step 1012] Action: 2, Phase: 4, Halts: [0. 0. 0. 0.], Waiting: [0. 0. 0. 0.]
[Step 1022] Action: 0, Phase: 4, Halts: [0. 0. 0. 0.], Waiting: [0. 0. 0. 0.]
[Step 1036] Action: 3, Phase: 0, Halts: [0. 0. 0. 0.], Waiting: [0. 0. 0. 1.]
[Step 1050] Action: 1, Phase: 6, Halts: [0. 0. 0. 0.], Waiting: [0. 0. 0. 1.]
[Step 1064] Action: 0, Phase: 2, Halts: [0. 0. 0. 0.], Waiting: [1. 0. 0. 2.]
[Step 1078] Action: 1, Phase: 0, Halts: [0. 0. 0. 0.], Waiting: [0. 0. 0. 3.]
[Step 1092] Action: 0, Phase: 2, Halts: [0. 0. 0. 0.], Waiting: [0. 0. 0. 3.]
[Step 1106] Action: 1, Phase: 0, Halts: [0. 0. 0. 0.], Waiting: [0. 0. 1. 3.]
[Step 1120] Action: 0, Phase: 2, Halts: [0. 0. 0. 0.], Waiting: [0. 0. 2. 3.]
[Step 1134] Action: 2, Phase: 0, Halts: [0. 0. 0. 0.], Waiting: [0. 0. 3. 5.]
[Step 1148] Action: 3, Phase: 4, Halts: [0. 0. 0. 0.], Waiting: [0. 0. 1. 0.]
[Step 1162] Action: 2, Phase: 6, Halts: [0. 0. 0. 0.], Waiting: [0. 1. 0. 0.]
[Step 1176] Action: 0, Phase: 4, Halts: [0. 0. 0. 0.], Waiting: [0. 1. 0. 0.]
[Step 1190] Action: 0, Phase: 0, Halts: [0. 0. 0. 0.], Waiting: [0. 0. 0. 0.]
[Step 1200] Action: 0, Phase: 0, Halts: [0. 0. 0. 0.], Waiting: [0. 0. 0. 0.]
[Step 1210] Action: 2, Phase: 0, Halts: [0. 0. 0. 0.], Waiting: [0. 0. 0. 0.]
[Step 1224] Action: 2, Phase: 4, Halts: [0. 0. 0. 0.], Waiting: [0. 0. 0. 0.]
[Step 1234] Action: 2, Phase: 4, Halts: [0. 0. 0. 0.], Waiting: [0. 0. 0. 0.]
[Step 1244] Action: 2, Phase: 4, Halts: [0. 0. 0. 0.], Waiting: [0. 0. 0. 1.]
[Step 1254] Action: 0, Phase: 4, Halts: [0. 0. 0. 0.], Waiting: [0. 0. 0. 1.]
[Step 1268] Action: 2, Phase: 0, Halts: [0. 0. 0. 0.], Waiting: [0. 0. 0. 2.]
[Step 1282] Action: 0, Phase: 4, Halts: [0. 0. 0. 0.], Waiting: [1. 1. 0. 1.]
[Step 1296] Action: 3, Phase: 0, Halts: [0. 0. 0. 0.], Waiting: [0. 0. 0. 1.]
[Step 1310] Action: 1, Phase: 6, Halts: [0. 0. 0. 0.], Waiting: [0. 0. 0. 0.]
[Step 1324] Action: 3, Phase: 2, Halts: [0. 0. 0. 0.], Waiting: [1. 0. 0. 0.]
[Step 1338] Action: 0, Phase: 6, Halts: [0. 0. 0. 0.], Waiting: [1. 1. 0. 0.]
[Step 1352] Action: 1, Phase: 0, Halts: [0. 0. 0. 0.], Waiting: [0. 0. 0. 0.]
[Step 1366] Action: 2, Phase: 2, Halts: [0. 0. 0. 0.], Waiting: [0. 0. 0. 1.]
[Step 1380] Action: 2, Phase: 4, Halts: [0. 0. 0. 0.], Waiting: [1. 0. 0. 0.]
[Step 1390] Action: 0, Phase: 4, Halts: [0. 0. 0. 0.], Waiting: [1. 0. 0. 0.]
[Step 1404] Action: 3, Phase: 0, Halts: [0. 0. 0. 0.], Waiting: [0. 0. 0. 0.]
[Step 1418] Action: 2, Phase: 6, Halts: [0. 0. 0. 0.], Waiting: [1. 0. 1. 2.]
[Step 1432] Action: 0, Phase: 4, Halts: [0. 0. 0. 0.], Waiting: [1. 0. 0. 0.]
[Step 1446] Action: 1, Phase: 0, Halts: [0. 0. 0. 0.], Waiting: [0. 0. 0. 0.]
[Step 1460] Action: 2, Phase: 2, Halts: [0. 0. 0. 0.], Waiting: [0. 1. 0. 0.]
[Step 1474] Action: 0, Phase: 4, Halts: [0. 0. 0. 0.], Waiting: [1. 1. 0. 0.]
[Step 1488] Action: 1, Phase: 0, Halts: [0. 0. 0. 0.], Waiting: [1. 0. 0. 0.]
[Step 1502] Action: 2, Phase: 2, Halts: [0. 0. 0. 0.], Waiting: [0. 0. 1. 0.]
[Step 1516] Action: 1, Phase: 4, Halts: [0. 0. 0. 0.], Waiting: [0. 0. 0. 0.]
[Step 1530] Action: 3, Phase: 2, Halts: [0. 0. 0. 0.], Waiting: [0. 0. 0. 0.]
[Step 1544] Action: 3, Phase: 6, Halts: [0. 0. 0. 0.], Waiting: [1. 0. 0. 0.]
[Step 1554] Action: 1, Phase: 6, Halts: [0. 0. 0. 0.], Waiting: [1. 0. 0. 0.]
[Step 1568] Action: 3, Phase: 2, Halts: [0. 0. 0. 0.], Waiting: [0. 0. 0. 1.]
[Step 1582] Action: 1, Phase: 6, Halts: [0. 0. 0. 0.], Waiting: [0. 0. 0. 1.]
[Step 1596] Action: 3, Phase: 2, Halts: [0. 0. 0. 0.], Waiting: [0. 0. 0. 1.]
[Step 1610] Action: 0, Phase: 6, Halts: [0. 0. 0. 0.], Waiting: [1. 0. 0. 2.]
[Step 1624] Action: 2, Phase: 0, Halts: [0. 0. 0. 0.], Waiting: [0. 0. 0. 3.]
[Step 1638] Action: 3, Phase: 4, Halts: [0. 0. 0. 0.], Waiting: [1. 0. 0. 0.]
[Step 1652] Action: 3, Phase: 6, Halts: [0. 0. 0. 0.], Waiting: [1. 0. 0. 0.]
[Step 1662] Action: 0, Phase: 6, Halts: [0. 0. 0. 0.], Waiting: [1. 1. 0. 0.]
[Step 1676] Action: 2, Phase: 0, Halts: [0. 0. 0. 0.], Waiting: [0. 0. 1. 0.]
[Step 1690] Action: 1, Phase: 4, Halts: [0. 1. 0. 0.], Waiting: [0. 0. 1. 0.]
[Step 1704] Action: 2, Phase: 2, Halts: [0. 1. 0. 0.], Waiting: [0. 0. 1. 0.]
[Step 1718] Action: 1, Phase: 4, Halts: [0. 1. 0. 0.], Waiting: [1. 1. 1. 0.]
[Step 1732] Action: 2, Phase: 2, Halts: [0. 1. 0. 0.], Waiting: [3. 2. 1. 0.]
[Step 1746] Action: 2, Phase: 4, Halts: [0. 1. 0. 0.], Waiting: [4. 3. 1. 0.]
[Step 1756] Action: 0, Phase: 4, Halts: [0. 1. 0. 0.], Waiting: [4. 4. 1. 0.]
[Step 1770] Action: 3, Phase: 0, Halts: [0. 0. 0. 0.], Waiting: [0. 0. 2. 1.]
[Step 1784] Action: 2, Phase: 6, Halts: [0. 0. 0. 0.], Waiting: [0. 0. 1. 1.]
[Step 1798] Action: 3, Phase: 4, Halts: [0. 0. 0. 0.], Waiting: [1. 2. 0. 0.]
[Step 1812] Action: 1, Phase: 6, Halts: [0. 0. 0. 0.], Waiting: [2. 2. 0. 0.]
[Step 1826] Action: 3, Phase: 2, Halts: [0. 0. 0. 0.], Waiting: [3. 0. 1. 1.]
[Step 1840] Action: 0, Phase: 6, Halts: [0. 0. 0. 0.], Waiting: [4. 0. 1. 1.]
[Step 1854] Action: 2, Phase: 0, Halts: [0. 0. 0. 0.], Waiting: [0. 0. 1. 1.]
[Step 1868] Action: 3, Phase: 4, Halts: [0. 0. 0. 0.], Waiting: [0. 0. 0. 0.]
[Step 1882] Action: 1, Phase: 6, Halts: [0. 0. 0. 0.], Waiting: [0. 0. 0. 1.]
[Step 1896] Action: 2, Phase: 2, Halts: [0. 0. 0. 0.], Waiting: [0. 0. 0. 2.]
[Step 1910] Action: 3, Phase: 4, Halts: [0. 0. 0. 0.], Waiting: [0. 0. 0. 1.]
[Step 1924] Action: 2, Phase: 6, Halts: [0. 0. 0. 0.], Waiting: [1. 0. 0. 1.]
[Step 1938] Action: 1, Phase: 4, Halts: [0. 0. 0. 0.], Waiting: [1. 0. 0. 0.]
[Step 1952] Action: 0, Phase: 2, Halts: [0. 0. 0. 0.], Waiting: [2. 0. 0. 0.]
[Step 1966] Action: 0, Phase: 0, Halts: [0. 0. 0. 0.], Waiting: [0. 0. 0. 1.]
[Step 1976] Action: 1, Phase: 0, Halts: [0. 0. 0. 0.], Waiting: [0. 0. 0. 1.]
[Step 1990] Action: 2, Phase: 2, Halts: [0. 0. 0. 0.], Waiting: [0. 0. 0. 1.]
[Step 2004] Action: 0, Phase: 4, Halts: [0. 0. 0. 0.], Waiting: [0. 0. 0. 0.]
[Step 2018] Action: 2, Phase: 0, Halts: [0. 1. 0. 0.], Waiting: [0. 0. 1. 1.]
[Step 2032] Action: 1, Phase: 4, Halts: [0. 1. 0. 0.], Waiting: [0. 0. 0. 0.]
[Step 2046] Action: 0, Phase: 2, Halts: [0. 1. 0. 0.], Waiting: [1. 1. 0. 0.]
[Step 2060] Action: 0, Phase: 0, Halts: [0. 1. 0. 0.], Waiting: [0. 0. 2. 0.]
[Step 2070] Action: 2, Phase: 0, Halts: [0. 1. 0. 0.], Waiting: [0. 0. 2. 0.]
[Step 2084] Action: 1, Phase: 4, Halts: [0. 1. 0. 0.], Waiting: [1. 1. 0. 0.]
[Step 2098] Action: 0, Phase: 2, Halts: [0. 1. 0. 0.], Waiting: [1. 1. 0. 0.]
[Step 2112] Action: 2, Phase: 0, Halts: [0. 0. 0. 0.], Waiting: [0. 0. 1. 1.]
[Step 2126] Action: 2, Phase: 4, Halts: [0. 0. 0. 0.], Waiting: [0. 0. 0. 0.]
[Step 2136] Action: 2, Phase: 4, Halts: [0. 0. 0. 0.], Waiting: [0. 1. 0. 0.]
[Step 2146] Action: 3, Phase: 4, Halts: [0. 0. 0. 0.], Waiting: [0. 2. 0. 0.]
[Step 2160] Action: 0, Phase: 6, Halts: [0. 0. 0. 0.], Waiting: [1. 2. 0. 0.]
[Step 2174] Action: 2, Phase: 0, Halts: [0. 0. 0. 0.], Waiting: [0. 0. 0. 0.]
[Step 2188] Action: 0, Phase: 4, Halts: [0. 0. 0. 0.], Waiting: [0. 0. 0. 0.]
[Step 2202] Action: 2, Phase: 0, Halts: [0. 0. 0. 0.], Waiting: [0. 0. 0. 0.]
[Step 2216] Action: 3, Phase: 4, Halts: [0. 0. 0. 0.], Waiting: [0. 0. 0. 0.]
[Step 2230] Action: 3, Phase: 6, Halts: [0. 0. 0. 0.], Waiting: [0. 0. 0. 0.]
[Step 2240] Action: 0, Phase: 6, Halts: [0. 0. 0. 0.], Waiting: [0. 0. 0. 0.]
[Step 2254] Action: 1, Phase: 0, Halts: [0. 0. 0. 0.], Waiting: [0. 0. 0. 0.]
[Step 2268] Action: 2, Phase: 2, Halts: [0. 0. 0. 0.], Waiting: [0. 0. 2. 0.]
[Step 2282] Action: 3, Phase: 4, Halts: [0. 0. 0. 0.], Waiting: [0. 0. 0. 0.]
[Step 2296] Action: 2, Phase: 6, Halts: [0. 0. 0. 0.], Waiting: [0. 0. 0. 0.]
[Step 2310] Action: 0, Phase: 4, Halts: [0. 0. 0. 0.], Waiting: [1. 0. 0. 0.]
[Step 2324] Action: 2, Phase: 0, Halts: [0. 0. 0. 0.], Waiting: [0. 0. 1. 0.]
[Step 2338] Action: 2, Phase: 4, Halts: [0. 0. 0. 0.], Waiting: [0. 0. 0. 0.]
[Step 2348] Action: 1, Phase: 4, Halts: [0. 0. 0. 0.], Waiting: [1. 0. 0. 0.]
[Step 2362] Action: 1, Phase: 2, Halts: [0. 0. 0. 0.], Waiting: [1. 0. 0. 0.]
[Step 2372] Action: 0, Phase: 2, Halts: [0. 0. 0. 0.], Waiting: [1. 0. 1. 1.]
[Step 2386] Action: 3, Phase: 0, Halts: [0. 0. 0. 0.], Waiting: [0. 0. 1. 1.]
[Step 2400] Action: 3, Phase: 6, Halts: [0. 0. 0. 0.], Waiting: [0. 1. 1. 0.]
[Step 2410] Action: 1, Phase: 6, Halts: [0. 0. 0. 0.], Waiting: [0. 1. 1. 0.]
[Step 2424] Action: 2, Phase: 2, Halts: [0. 0. 0. 0.], Waiting: [1. 1. 1. 0.]
[Step 2438] Action: 0, Phase: 4, Halts: [0. 0. 0. 0.], Waiting: [1. 1. 0. 0.]
[Step 2452] Action: 1, Phase: 0, Halts: [0. 0. 0. 0.], Waiting: [0. 0. 0. 0.]
[Step 2466] Action: 0, Phase: 2, Halts: [0. 0. 0. 0.], Waiting: [0. 0. 0. 0.]
[Step 2480] Action: 2, Phase: 0, Halts: [0. 0. 0. 0.], Waiting: [0. 0. 1. 0.]
[Step 2494] Action: 0, Phase: 4, Halts: [0. 0. 0. 0.], Waiting: [1. 0. 0. 0.]
[Step 2508] Action: 3, Phase: 0, Halts: [0. 0. 0. 0.], Waiting: [0. 0. 0. 0.]
[Step 2522] Action: 0, Phase: 6, Halts: [0. 0. 0. 0.], Waiting: [1. 0. 0. 0.]
[Step 2536] Action: 1, Phase: 0, Halts: [0. 0. 0. 0.], Waiting: [0. 0. 0. 1.]
[Step 2550] Action: 2, Phase: 2, Halts: [0. 0. 0. 0.], Waiting: [0. 0. 0. 1.]
[Step 2564] Action: 0, Phase: 4, Halts: [0. 0. 0. 0.], Waiting: [0. 0. 0. 0.]
[Step 2578] Action: 3, Phase: 0, Halts: [0. 0. 0. 0.], Waiting: [0. 0. 0. 0.]
[Step 2592] Action: 1, Phase: 6, Halts: [0. 0. 0. 0.], Waiting: [0. 0. 0. 0.]
[Step 2606] Action: 2, Phase: 2, Halts: [0. 0. 0. 0.], Waiting: [0. 0. 0. 0.]
[Step 2620] Action: 2, Phase: 4, Halts: [0. 0. 0. 0.], Waiting: [0. 0. 0. 0.]
[Step 2630] Action: 1, Phase: 4, Halts: [0. 0. 0. 0.], Waiting: [1. 0. 0. 0.]
[Step 2644] Action: 0, Phase: 2, Halts: [0. 0. 0. 0.], Waiting: [1. 0. 0. 0.]
[Step 2658] Action: 3, Phase: 0, Halts: [0. 0. 0. 0.], Waiting: [0. 0. 0. 0.]
[Step 2672] Action: 0, Phase: 6, Halts: [0. 0. 0. 0.], Waiting: [0. 0. 0. 0.]
[Step 2686] Action: 0, Phase: 0, Halts: [0. 0. 0. 0.], Waiting: [0. 0. 1. 0.]
[Step 2696] Action: 3, Phase: 0, Halts: [0. 0. 0. 0.], Waiting: [0. 0. 1. 0.]
[Step 2710] Action: 1, Phase: 6, Halts: [0. 0. 0. 0.], Waiting: [0. 0. 1. 0.]
[Step 2724] Action: 1, Phase: 2, Halts: [0. 0. 0. 0.], Waiting: [0. 0. 1. 0.]
[Step 2734] Action: 2, Phase: 2, Halts: [0. 0. 0. 0.], Waiting: [0. 0. 1. 0.]
[Step 2748] Action: 0, Phase: 4, Halts: [0. 0. 0. 0.], Waiting: [0. 1. 0. 0.]
[Step 2762] Action: 0, Phase: 0, Halts: [0. 0. 0. 0.], Waiting: [0. 0. 0. 0.]
[Step 2772] Action: 2, Phase: 0, Halts: [0. 0. 0. 0.], Waiting: [0. 0. 0. 0.]
[Step 2786] Action: 2, Phase: 4, Halts: [0. 0. 0. 0.], Waiting: [0. 0. 0. 0.]
[Step 2796] Action: 2, Phase: 4, Halts: [0. 0. 0. 0.], Waiting: [0. 0. 0. 0.]
[Step 2806] Action: 2, Phase: 4, Halts: [0. 0. 0. 0.], Waiting: [0. 0. 0. 0.]
[Step 2816] Action: 2, Phase: 4, Halts: [0. 0. 0. 0.], Waiting: [0. 0. 0. 0.]
[Step 2826] Action: 0, Phase: 4, Halts: [0. 0. 0. 0.], Waiting: [0. 0. 0. 0.]
[Step 2840] Action: 2, Phase: 0, Halts: [1. 0. 0. 0.], Waiting: [0. 0. 0. 0.]
[Step 2854] Action: 0, Phase: 4, Halts: [1. 0. 0. 0.], Waiting: [0. 0. 0. 0.]
[Step 2868] Action: 0, Phase: 0, Halts: [1. 0. 0. 0.], Waiting: [0. 0. 0. 0.]
[Step 2878] Action: 0, Phase: 0, Halts: [1. 0. 0. 0.], Waiting: [0. 0. 0. 0.]
[Step 2888] Action: 1, Phase: 0, Halts: [1. 0. 0. 0.], Waiting: [0. 0. 0. 0.]
[Step 2902] Action: 2, Phase: 2, Halts: [1. 0. 0. 0.], Waiting: [0. 0. 1. 0.]
[Step 2916] Action: 3, Phase: 4, Halts: [0. 0. 0. 0.], Waiting: [0. 0. 0. 0.]
[Step 2930] Action: 1, Phase: 6, Halts: [0. 0. 0. 0.], Waiting: [0. 0. 0. 0.]
[Step 2944] Action: 2, Phase: 2, Halts: [0. 0. 0. 0.], Waiting: [0. 0. 0. 0.]
[Step 2958] Action: 2, Phase: 4, Halts: [0. 0. 0. 0.], Waiting: [0. 0. 0. 0.]
[Step 2968] Action: 2, Phase: 4, Halts: [0. 0. 0. 0.], Waiting: [0. 0. 0. 0.]
[Step 2978] Action: 3, Phase: 4, Halts: [0. 0. 0. 0.], Waiting: [0. 0. 0. 0.]
[Step 2992] Action: 2, Phase: 6, Halts: [0. 0. 0. 0.], Waiting: [1. 1. 0. 0.]
[Step 3006] Action: 1, Phase: 4, Halts: [0. 0. 0. 0.], Waiting: [1. 1. 0. 0.]
[Step 3020] Action: 0, Phase: 2, Halts: [0. 0. 0. 0.], Waiting: [1. 1. 0. 0.]
[Step 3034] Action: 2, Phase: 0, Halts: [0. 0. 0. 0.], Waiting: [0. 0. 0. 0.]
[Step 3048] Action: 2, Phase: 4, Halts: [0. 0. 0. 0.], Waiting: [0. 0. 0. 0.]
[Step 3058] Action: 1, Phase: 4, Halts: [0. 0. 0. 0.], Waiting: [0. 0. 0. 0.]
[Step 3072] Action: 0, Phase: 2, Halts: [0. 0. 0. 0.], Waiting: [0. 0. 0. 0.]
[Step 3086] Action: 3, Phase: 0, Halts: [0. 0. 0. 0.], Waiting: [0. 0. 0. 0.]
[Step 3100] Action: 2, Phase: 6, Halts: [0. 0. 0. 0.], Waiting: [0. 0. 0. 0.]
[Step 3114] Action: 0, Phase: 4, Halts: [0. 0. 0. 0.], Waiting: [0. 0. 0. 0.]
[Step 3128] Action: 0, Phase: 0, Halts: [0. 0. 0. 0.], Waiting: [0. 0. 1. 1.]
[Step 3138] Action: 2, Phase: 0, Halts: [0. 0. 0. 0.], Waiting: [0. 0. 1. 1.]
[Step 3152] Action: 0, Phase: 4, Halts: [0. 0. 0. 0.], Waiting: [0. 0. 0. 0.]
[Step 3166] Action: 0, Phase: 0, Halts: [0. 0. 0. 0.], Waiting: [0. 0. 0. 0.]
[Step 3176] Action: 1, Phase: 0, Halts: [0. 0. 0. 0.], Waiting: [0. 0. 0. 0.]
[Step 3190] Action: 1, Phase: 2, Halts: [0. 0. 0. 0.], Waiting: [0. 0. 0. 0.]
[Step 3200] Action: 3, Phase: 2, Halts: [0. 0. 0. 0.], Waiting: [0. 0. 0. 0.]
[Step 3214] Action: 0, Phase: 6, Halts: [0. 0. 0. 0.], Waiting: [0. 0. 0. 1.]
[Step 3228] Action: 2, Phase: 0, Halts: [0. 0. 0. 0.], Waiting: [0. 0. 0. 1.]
[Step 3242] Action: 2, Phase: 4, Halts: [0. 0. 0. 0.], Waiting: [1. 0. 0. 0.]
[Step 3252] Action: 3, Phase: 4, Halts: [0. 0. 0. 0.], Waiting: [1. 0. 0. 0.]
[Step 3266] Action: 0, Phase: 6, Halts: [0. 0. 0. 0.], Waiting: [1. 0. 0. 0.]
[Step 3280] Action: 2, Phase: 0, Halts: [0. 0. 0. 0.], Waiting: [0. 0. 0. 0.]
[Step 3294] Action: 2, Phase: 4, Halts: [0. 0. 0. 0.], Waiting: [0. 0. 0. 0.]
[Step 3304] Action: 3, Phase: 4, Halts: [0. 0. 0. 0.], Waiting: [0. 0. 0. 0.]
[Step 3318] Action: 1, Phase: 6, Halts: [0. 0. 0. 0.], Waiting: [0. 0. 0. 0.]
[Step 3332] Action: 1, Phase: 2, Halts: [0. 0. 0. 0.], Waiting: [1. 0. 0. 0.]
[Step 3342] Action: 0, Phase: 2, Halts: [0. 0. 0. 0.], Waiting: [1. 0. 0. 1.]
[Step 3356] Action: 3, Phase: 0, Halts: [0. 0. 0. 0.], Waiting: [0. 0. 0. 1.]
[Step 3370] Action: 2, Phase: 6, Halts: [0. 0. 0. 0.], Waiting: [0. 0. 0. 1.]
[Step 3384] Action: 0, Phase: 4, Halts: [0. 0. 0. 0.], Waiting: [0. 0. 0. 0.]
[Step 3398] Action: 2, Phase: 0, Halts: [0. 0. 0. 0.], Waiting: [0. 0. 0. 0.]
[Step 3412] Action: 0, Phase: 4, Halts: [0. 0. 0. 0.], Waiting: [0. 0. 0. 0.]
[Step 3426] Action: 2, Phase: 0, Halts: [0. 0. 0. 0.], Waiting: [0. 0. 0. 0.]
[Step 3440] Action: 3, Phase: 4, Halts: [0. 0. 0. 0.], Waiting: [0. 0. 0. 0.]
[Step 3454] Action: 2, Phase: 6, Halts: [0. 0. 0. 0.], Waiting: [0. 0. 0. 0.]
[Step 3468] Action: 0, Phase: 4, Halts: [0. 0. 0. 0.], Waiting: [0. 0. 0. 0.]
[Step 3482] Action: 3, Phase: 0, Halts: [0. 0. 0. 0.], Waiting: [0. 0. 0. 0.]
[Step 3496] Action: 2, Phase: 6, Halts: [0. 0. 0. 0.], Waiting: [0. 0. 0. 0.]
[Step 3510] Action: 1, Phase: 4, Halts: [0. 0. 0. 0.], Waiting: [0. 0. 0. 0.]
[Step 3524] Action: 3, Phase: 2, Halts: [0. 0. 0. 0.], Waiting: [0. 0. 0. 0.]
[Step 3538] Action: 2, Phase: 6, Halts: [0. 0. 0. 0.], Waiting: [0. 0. 0. 1.]
[Step 3552] Action: 0, Phase: 4, Halts: [0. 0. 0. 0.], Waiting: [1. 0. 0. 0.]
[Step 3566] Action: 1, Phase: 0, Halts: [0. 0. 0. 0.], Waiting: [0. 0. 0. 0.]
[Step 3580] Action: 0, Phase: 2, Halts: [0. 0. 0. 0.], Waiting: [0. 0. 0. 0.]
[Step 3594] Action: 2, Phase: 0, Halts: [0. 0. 0. 0.], Waiting: [0. 0. 0. 1.]
[Step 3608] Action: 3, Phase: 4, Halts: [0. 0. 0. 0.], Waiting: [0. 0. 0. 0.]
[Step 3622] Action: 1, Phase: 6, Halts: [0. 0. 0. 0.], Waiting: [0. 0. 0. 0.]
[Step 3636] Action: 2, Phase: 2, Halts: [0. 0. 0. 0.], Waiting: [0. 0. 0. 0.]
[Step 3650] Action: 2, Phase: 4, Halts: [0. 0. 0. 0.], Waiting: [0. 0. 0. 0.]
[Step 3660] Action: 2, Phase: 4, Halts: [0. 0. 0. 0.], Waiting: [0. 0. 0. 0.]
[Step 3670] Action: 3, Phase: 4, Halts: [0. 0. 0. 0.], Waiting: [0. 0. 0. 0.]
[Step 3684] Action: 3, Phase: 6, Halts: [0. 0. 0. 0.], Waiting: [0. 0. 0. 0.]
[Step 3694] Action: 1, Phase: 6, Halts: [0. 0. 0. 0.], Waiting: [0. 0. 0. 0.]
[Step 3708] Action: 1, Phase: 2, Halts: [0. 0. 0. 0.], Waiting: [0. 0. 0. 0.]
[Step 3718] Action: 2, Phase: 2, Halts: [0. 0. 0. 0.], Waiting: [0. 0. 0. 0.]
[Step 3732] Action: 1, Phase: 4, Halts: [0. 0. 0. 0.], Waiting: [0. 0. 0. 0.]
[Step 3746] Action: 3, Phase: 2, Halts: [0. 0. 0. 0.], Waiting: [0. 0. 0. 0.]
[Step 3760] Action: 1, Phase: 6, Halts: [0. 0. 0. 0.], Waiting: [0. 0. 0. 0.]
[Step 3774] Action: 0, Phase: 2, Halts: [0. 0. 0. 0.], Waiting: [0. 0. 0. 0.]
[Step 3788] Action: 3, Phase: 0, Halts: [0. 0. 0. 0.], Waiting: [0. 0. 0. 0.]
[Step 3802] Action: 2, Phase: 6, Halts: [0. 0. 0. 0.], Waiting: [0. 0. 0. 0.]
[Step 3816] Action: 1, Phase: 4, Halts: [0. 0. 0. 0.], Waiting: [0. 0. 0. 0.]
[Step 3830] Action: 2, Phase: 2, Halts: [0. 0. 0. 0.], Waiting: [0. 0. 0. 0.]
[Step 3844] Action: 0, Phase: 4, Halts: [0. 0. 0. 0.], Waiting: [0. 0. 0. 0.]
[Step 3858] Action: 1, Phase: 0, Halts: [0. 0. 0. 0.], Waiting: [0. 0. 0. 0.]
[Step 3872] Action: 0, Phase: 2, Halts: [0. 0. 0. 0.], Waiting: [0. 0. 0. 1.]
[Step 3886] Action: 0, Phase: 0, Halts: [0. 0. 0. 0.], Waiting: [0. 0. 0. 1.]
[Step 3896] Action: 2, Phase: 0, Halts: [0. 0. 0. 0.], Waiting: [0. 0. 0. 1.]
[Step 3910] Action: 2, Phase: 4, Halts: [0. 0. 0. 0.], Waiting: [0. 0. 0. 0.]
[Step 3920] Action: 2, Phase: 4, Halts: [0. 0. 0. 0.], Waiting: [0. 0. 0. 0.]
[Step 3930] Action: 2, Phase: 4, Halts: [0. 0. 0. 0.], Waiting: [0. 0. 0. 0.]
[Step 3940] Action: 2, Phase: 4, Halts: [0. 0. 0. 0.], Waiting: [0. 0. 0. 0.]
[Step 3950] Action: 2, Phase: 4, Halts: [0. 0. 0. 0.], Waiting: [0. 0. 0. 0.]
[Step 3960] Action: 0, Phase: 4, Halts: [0. 0. 0. 0.], Waiting: [0. 0. 0. 0.]
[Step 3974] Action: 2, Phase: 0, Halts: [0. 0. 0. 0.], Waiting: [0. 0. 0. 0.]
[Step 3988] Action: 3, Phase: 4, Halts: [0. 0. 0. 0.], Waiting: [0. 0. 0. 0.]
[Step 4002] Action: 3, Phase: 6, Halts: [0. 0. 0. 0.], Waiting: [0. 0. 0. 0.]
[Step 4012] Action: 2, Phase: 6, Halts: [0. 0. 0. 0.], Waiting: [0. 0. 0. 0.]
[Step 4026] Action: 3, Phase: 4, Halts: [0. 0. 0. 0.], Waiting: [0. 0. 0. 0.]
[Step 4040] Action: 0, Phase: 6, Halts: [0. 0. 0. 0.], Waiting: [0. 0. 0. 0.]
[Step 4054] Action: 1, Phase: 0, Halts: [0. 0. 0. 0.], Waiting: [0. 0. 0. 0.]
[Step 4068] Action: 3, Phase: 2, Halts: [0. 0. 0. 0.], Waiting: [0. 0. 0. 0.]
[Step 4082] Action: 1, Phase: 6, Halts: [0. 0. 0. 0.], Waiting: [0. 0. 0. 0.]
[Step 4096] Action: 0, Phase: 2, Halts: [0. 0. 0. 0.], Waiting: [0. 0. 0. 0.]
[Step 4110] Action: 1, Phase: 0, Halts: [0. 0. 0. 0.], Waiting: [0. 0. 0. 0.]
[Step 4124] Action: 0, Phase: 2, Halts: [0. 0. 0. 0.], Waiting: [0. 0. 0. 0.]
[Step 4138] Action: 2, Phase: 0, Halts: [0. 0. 0. 0.], Waiting: [0. 0. 0. 0.]
[Step 4152] Action: 2, Phase: 4, Halts: [0. 0. 0. 0.], Waiting: [0. 0. 0. 0.]
[Step 4162] Action: 2, Phase: 4, Halts: [0. 0. 0. 0.], Waiting: [0. 0. 0. 0.]
[Step 4172] Action: 2, Phase: 4, Halts: [0. 0. 0. 0.], Waiting: [0. 0. 0. 0.]
[Step 4182] Action: 2, Phase: 4, Halts: [0. 0. 0. 0.], Waiting: [0. 0. 0. 0.]
[Step 4192] Action: 0, Phase: 4, Halts: [0. 0. 0. 0.], Waiting: [0. 0. 0. 0.]
[Step 4206] Action: 1, Phase: 0, Halts: [0. 0. 0. 0.], Waiting: [0. 0. 0. 0.]
[Step 4220] Action: 3, Phase: 2, Halts: [0. 0. 0. 0.], Waiting: [0. 0. 0. 0.]
[Step 4234] Action: 2, Phase: 6, Halts: [0. 0. 0. 0.], Waiting: [0. 0. 0. 0.]
[Step 4248] Action: 3, Phase: 4, Halts: [0. 0. 0. 0.], Waiting: [0. 0. 0. 0.]
[Step 4262] Action: 2, Phase: 6, Halts: [0. 0. 0. 0.], Waiting: [0. 0. 0. 0.]
[Step 4276] Action: 1, Phase: 4, Halts: [0. 0. 0. 0.], Waiting: [0. 0. 0. 0.]
[Step 4290] Action: 2, Phase: 2, Halts: [0. 0. 0. 0.], Waiting: [0. 0. 0. 0.]
[Step 4304] Action: 2, Phase: 4, Halts: [0. 0. 0. 0.], Waiting: [0. 0. 0. 0.]
[Step 4314] Action: 1, Phase: 4, Halts: [0. 0. 0. 0.], Waiting: [0. 0. 0. 0.]
[Step 4328] Action: 2, Phase: 2, Halts: [0. 0. 0. 0.], Waiting: [0. 0. 0. 0.]
[Step 4342] Action: 2, Phase: 4, Halts: [0. 0. 0. 0.], Waiting: [0. 0. 0. 0.]
[Step 4352] Action: 0, Phase: 4, Halts: [0. 0. 0. 0.], Waiting: [0. 0. 0. 0.]
[Step 4366] Action: 1, Phase: 0, Halts: [0. 0. 0. 0.], Waiting: [0. 0. 0. 0.]
[Step 4380] Action: 2, Phase: 2, Halts: [0. 0. 0. 0.], Waiting: [0. 0. 0. 0.]
[Step 4394] Action: 3, Phase: 4, Halts: [0. 0. 0. 0.], Waiting: [0. 0. 0. 0.]
[Step 4408] Action: 0, Phase: 6, Halts: [0. 0. 0. 0.], Waiting: [0. 0. 0. 0.]
[Step 4422] Action: 1, Phase: 0, Halts: [0. 0. 0. 0.], Waiting: [0. 0. 0. 0.]
[Step 4436] Action: 0, Phase: 2, Halts: [0. 0. 0. 0.], Waiting: [0. 0. 0. 0.]
[Step 4450] Action: 3, Phase: 0, Halts: [0. 0. 0. 0.], Waiting: [0. 0. 0. 0.]
[Step 4464] Action: 1, Phase: 6, Halts: [0. 0. 0. 0.], Waiting: [0. 0. 0. 0.]
[Step 4478] Action: 2, Phase: 2, Halts: [0. 0. 0. 0.], Waiting: [0. 0. 0. 0.]
[Step 4492] Action: 3, Phase: 4, Halts: [0. 0. 0. 0.], Waiting: [0. 0. 0. 0.]
[Step 4506] Action: 1, Phase: 6, Halts: [0. 0. 0. 0.], Waiting: [0. 0. 0. 0.]
[Step 4520] Action: 2, Phase: 2, Halts: [0. 0. 0. 0.], Waiting: [0. 0. 0. 0.]
[Step 4534] Action: 0, Phase: 4, Halts: [0. 0. 0. 0.], Waiting: [0. 0. 0. 0.]
[Step 4548] Action: 0, Phase: 0, Halts: [0. 0. 0. 0.], Waiting: [0. 0. 0. 0.]
[Step 4558] Action: 0, Phase: 0, Halts: [0. 0. 0. 0.], Waiting: [0. 0. 0. 0.]
[Step 4568] Action: 2, Phase: 0, Halts: [0. 0. 0. 0.], Waiting: [0. 0. 0. 0.]
[Step 4582] Action: 2, Phase: 4, Halts: [0. 0. 0. 0.], Waiting: [0. 0. 0. 0.]
[Step 4592] Action: 2, Phase: 4, Halts: [0. 0. 0. 0.], Waiting: [0. 0. 0. 0.]
[Step 4602] Action: 2, Phase: 4, Halts: [0. 0. 0. 0.], Waiting: [0. 0. 0. 0.]
[Step 4612] Action: 2, Phase: 4, Halts: [0. 0. 0. 0.], Waiting: [0. 0. 0. 0.]
[Step 4622] Action: 2, Phase: 4, Halts: [0. 0. 0. 0.], Waiting: [0. 0. 0. 0.]
[Step 4632] Action: 2, Phase: 4, Halts: [0. 0. 0. 0.], Waiting: [0. 0. 0. 0.]
[Step 4642] Action: 2, Phase: 4, Halts: [0. 0. 0. 0.], Waiting: [0. 0. 0. 0.]
[Step 4652] Action: 3, Phase: 4, Halts: [0. 0. 0. 0.], Waiting: [0. 0. 0. 0.]
[Step 4666] Action: 1, Phase: 6, Halts: [0. 0. 0. 0.], Waiting: [0. 0. 0. 0.]
[Step 4680] Action: 2, Phase: 2, Halts: [0. 0. 0. 0.], Waiting: [0. 0. 0. 0.]
[Step 4694] Action: 3, Phase: 4, Halts: [0. 0. 0. 0.], Waiting: [0. 0. 0. 0.]
[Step 4708] Action: 1, Phase: 6, Halts: [0. 0. 0. 0.], Waiting: [0. 0. 0. 0.]
[Step 4722] Action: 1, Phase: 2, Halts: [0. 0. 0. 0.], Waiting: [0. 0. 0. 0.]
[Step 4732] Action: 3, Phase: 2, Halts: [0. 0. 0. 0.], Waiting: [0. 0. 0. 0.]
[Step 4746] Action: 3, Phase: 6, Halts: [0. 0. 0. 0.], Waiting: [0. 0. 0. 0.]
[Step 4756] Action: 1, Phase: 6, Halts: [0. 0. 0. 0.], Waiting: [0. 0. 0. 0.]
[Step 4770] Action: 2, Phase: 2, Halts: [0. 0. 0. 0.], Waiting: [0. 0. 0. 0.]
[Step 4784] Action: 3, Phase: 4, Halts: [0. 0. 0. 0.], Waiting: [0. 0. 0. 0.]
[Step 4798] Action: 2, Phase: 6, Halts: [0. 0. 0. 0.], Waiting: [0. 0. 0. 0.]
[Step 4812] Action: 2, Phase: 4, Halts: [0. 0. 0. 0.], Waiting: [0. 0. 0. 0.]
[Step 4822] Action: 2, Phase: 4, Halts: [0. 0. 0. 0.], Waiting: [0. 0. 0. 0.]
[Step 4832] Action: 1, Phase: 4, Halts: [0. 0. 0. 0.], Waiting: [0. 0. 0. 0.]
[Step 4846] Action: 2, Phase: 2, Halts: [0. 0. 0. 0.], Waiting: [0. 0. 0. 0.]
[Step 4860] Action: 0, Phase: 4, Halts: [0. 0. 0. 0.], Waiting: [0. 0. 0. 0.]
[Step 4874] Action: 0, Phase: 0, Halts: [0. 0. 0. 0.], Waiting: [0. 0. 0. 0.]
[Step 4884] Action: 2, Phase: 0, Halts: [0. 0. 0. 0.], Waiting: [0. 0. 0. 0.]
[Step 4898] Action: 2, Phase: 4, Halts: [0. 0. 0. 0.], Waiting: [0. 0. 0. 0.]
[Step 4908] Action: 0, Phase: 4, Halts: [0. 0. 0. 0.], Waiting: [0. 0. 0. 0.]
[Step 4922] Action: 1, Phase: 0, Halts: [0. 0. 0. 0.], Waiting: [0. 0. 0. 0.]
[Step 4936] Action: 2, Phase: 2, Halts: [0. 0. 0. 0.], Waiting: [0. 0. 0. 0.]
[Step 4950] Action: 2, Phase: 4, Halts: [0. 0. 0. 0.], Waiting: [0. 0. 0. 0.]
[Step 4960] Action: 0, Phase: 4, Halts: [0. 0. 0. 0.], Waiting: [0. 0. 0. 0.]
[Step 4974] Action: 0, Phase: 0, Halts: [0. 0. 0. 0.], Waiting: [0. 0. 0. 0.]
[Step 4984] Action: 3, Phase: 0, Halts: [0. 0. 0. 0.], Waiting: [0. 0. 0. 0.]
[Step 4998] Action: 1, Phase: 6, Halts: [0. 0. 0. 0.], Waiting: [0. 0. 0. 0.]
[Step 5012] Action: 2, Phase: 2, Halts: [0. 0. 0. 0.], Waiting: [0. 0. 0. 0.]
[Step 5026] Action: 3, Phase: 4, Halts: [0. 0. 0. 0.], Waiting: [0. 0. 0. 0.]
[Step 5040] Action: 1, Phase: 6, Halts: [0. 0. 0. 0.], Waiting: [0. 0. 0. 0.]
[Step 5054] Action: 2, Phase: 2, Halts: [0. 0. 0. 0.], Waiting: [0. 0. 0. 0.]
[Step 5068] Action: 3, Phase: 4, Halts: [0. 0. 0. 0.], Waiting: [0. 0. 0. 0.]
[Step 5082] Action: 1, Phase: 6, Halts: [0. 0. 0. 0.], Waiting: [0. 0. 0. 0.]
[Step 5096] Action: 0, Phase: 2, Halts: [0. 0. 0. 0.], Waiting: [0. 0. 0. 0.]
[Step 5110] Action: 2, Phase: 0, Halts: [0. 0. 0. 0.], Waiting: [0. 0. 0. 0.]
[Step 5124] Action: 2, Phase: 4, Halts: [0. 0. 0. 0.], Waiting: [0. 0. 0. 0.]
[Step 5134] Action: 2, Phase: 4, Halts: [0. 0. 0. 0.], Waiting: [0. 0. 0. 0.]
[Step 5144] Action: 1, Phase: 4, Halts: [0. 0. 0. 0.], Waiting: [0. 0. 0. 0.]
[Step 5158] Action: 0, Phase: 2, Halts: [0. 0. 0. 0.], Waiting: [0. 0. 0. 0.]
[Step 5172] Action: 2, Phase: 0, Halts: [0. 0. 0. 0.], Waiting: [0. 0. 0. 0.]
[Step 5186] Action: 2, Phase: 4, Halts: [0. 0. 0. 0.], Waiting: [0. 0. 0. 0.]
[Step 5196] Action: 0, Phase: 4, Halts: [0. 0. 0. 0.], Waiting: [0. 0. 0. 0.]
[Step 5210] Action: 2, Phase: 0, Halts: [0. 0. 0. 0.], Waiting: [0. 0. 0. 0.]
[Step 5224] Action: 2, Phase: 4, Halts: [0. 0. 0. 0.], Waiting: [0. 0. 0. 0.]
[Step 5234] Action: 0, Phase: 4, Halts: [0. 0. 0. 0.], Waiting: [0. 0. 0. 0.]
[Step 5248] Action: 2, Phase: 0, Halts: [0. 0. 0. 0.], Waiting: [0. 0. 0. 0.]
[Step 5262] Action: 1, Phase: 4, Halts: [0. 0. 0. 0.], Waiting: [0. 0. 0. 0.]
[Step 5276] Action: 3, Phase: 2, Halts: [0. 0. 0. 0.], Waiting: [0. 0. 0. 0.]
[Step 5290] Action: 1, Phase: 6, Halts: [0. 0. 0. 0.], Waiting: [0. 0. 0. 0.]
[Step 5304] Action: 1, Phase: 2, Halts: [0. 0. 0. 0.], Waiting: [0. 0. 0. 0.]
[Step 5314] Action: 2, Phase: 2, Halts: [0. 0. 0. 0.], Waiting: [0. 0. 0. 0.]
[Step 5328] Action: 3, Phase: 4, Halts: [0. 0. 0. 0.], Waiting: [0. 0. 0. 0.]
[Step 5342] Action: 1, Phase: 6, Halts: [0. 0. 0. 0.], Waiting: [0. 0. 0. 0.]
[Step 5356] Action: 2, Phase: 2, Halts: [0. 0. 0. 0.], Waiting: [0. 0. 0. 0.]
[Step 5370] Action: 2, Phase: 4, Halts: [0. 0. 0. 0.], Waiting: [0. 0. 0. 0.]
[Step 5380] Action: 2, Phase: 4, Halts: [0. 0. 0. 0.], Waiting: [0. 0. 0. 0.]
[Step 5390] Action: 3, Phase: 4, Halts: [0. 0. 0. 0.], Waiting: [0. 0. 0. 0.]
