[Step 0] Action: 3, Phase: 0, Halts: [0. 0. 0. 0.], Waiting: [0. 0. 0. 0.]
[Step 10] Action: 2, Phase: 6, Halts: [0. 0. 0. 0.], Waiting: [0. 0. 0. 0.]
[Step 24] Action: 2, Phase: 4, Halts: [0. 0. 0. 0.], Waiting: [0. 0. 0. 0.]
[Step 34] Action: 2, Phase: 4, Halts: [0. 0. 0. 0.], Waiting: [0. 0. 0. 0.]
[Step 44] Action: 3, Phase: 4, Halts: [0. 0. 0. 0.], Waiting: [0. 0. 0. 0.]
[Step 58] Action: 1, Phase: 6, Halts: [0. 0. 0. 0.], Waiting: [0. 0. 0. 0.]
[Step 72] Action: 3, Phase: 2, Halts: [0. 0. 0. 0.], Waiting: [0. 0. 0. 0.]
[Step 86] Action: 2, Phase: 6, Halts: [0. 0. 0. 0.], Waiting: [0. 0. 0. 0.]
[Step 100] Action: 0, Phase: 4, Halts: [0. 0. 0. 0.], Waiting: [0. 0. 0. 0.]
[Step 114] Action: 2, Phase: 0, Halts: [0. 0. 0. 0.], Waiting: [0. 0. 0. 0.]
[Step 128] Action: 2, Phase: 4, Halts: [0. 0. 0. 0.], Waiting: [0. 0. 0. 0.]
[Step 138] Action: 1, Phase: 4, Halts: [0. 0. 0. 0.], Waiting: [0. 0. 0. 0.]
[Step 152] Action: 2, Phase: 2, Halts: [0. 0. 0. 0.], Waiting: [0. 0. 0. 0.]
[Step 166] Action: 2, Phase: 4, Halts: [0. 0. 0. 0.], Waiting: [0. 0. 0. 0.]
[Step 176] Action: 0, Phase: 4, Halts: [0. 0. 0. 0.], Waiting: [0. 0. 0. 0.]
[Step 190] Action: 3, Phase: 0, Halts: [0. 0. 0. 0.], Waiting: [0. 0. 0. 0.]
[Step 204] Action: 0, Phase: 6, Halts: [0. 0. 0. 0.], Waiting: [0. 0. 0. 0.]
[Step 218] Action: 0, Phase: 0, Halts: [0. 0. 0. 0.], Waiting: [0. 0. 0. 0.]
[Step 228] Action: 3, Phase: 0, Halts: [0. 0. 0. 0.], Waiting: [0. 0. 0. 0.]
[Step 242] Action: 0, Phase: 6, Halts: [0. 0. 0. 0.], Waiting: [0. 0. 0. 0.]
[Step 256] Action: 0, Phase: 0, Halts: [0. 0. 0. 0.], Waiting: [0. 0. 0. 0.]
[Step 266] Action: 1, Phase: 0, Halts: [0. 0. 0. 0.], Waiting: [1. 0. 0. 0.]
[Step 280] Action: 3, Phase: 2, Halts: [0. 0. 0. 0.], Waiting: [0. 0. 0. 0.]
[Step 294] Action: 3, Phase: 6, Halts: [0. 0. 0. 0.], Waiting: [0. 0. 0. 0.]
[Step 304] Action: 2, Phase: 6, Halts: [0. 0. 0. 0.], Waiting: [0. 0. 1. 1.]
[Step 318] Action: 2, Phase: 4, Halts: [0. 0. 0. 0.], Waiting: [0. 0. 0. 0.]
[Step 328] Action: 2, Phase: 4, Halts: [0. 0. 0. 0.], Waiting: [0. 0. 0. 0.]
[Step 338] Action: 1, Phase: 4, Halts: [0. 0. 0. 0.], Waiting: [0. 0. 0. 0.]
[Step 352] Action: 3, Phase: 2, Halts: [0. 0. 0. 0.], Waiting: [0. 0. 0. 0.]
[Step 366] Action: 2, Phase: 6, Halts: [0. 0. 0. 0.], Waiting: [0. 0. 0. 0.]
[Step 380] Action: 1, Phase: 4, Halts: [0. 0. 0. 0.], Waiting: [0. 0. 0. 0.]
[Step 394] Action: 3, Phase: 2, Halts: [0. 0. 0. 0.], Waiting: [1. 0. 0. 0.]
[Step 408] Action: 2, Phase: 6, Halts: [0. 0. 0. 0.], Waiting: [1. 0. 0. 0.]
[Step 422] Action: 0, Phase: 4, Halts: [0. 0. 0. 0.], Waiting: [2. 0. 0. 0.]
[Step 436] Action: 3, Phase: 0, Halts: [0. 0. 0. 0.], Waiting: [0. 0. 0. 0.]
[Step 450] Action: 2, Phase: 6, Halts: [0. 0. 0. 0.], Waiting: [0. 0. 0. 0.]
[Step 464] Action: 0, Phase: 4, Halts: [0. 0. 0. 0.], Waiting: [0. 0. 0. 0.]
[Step 478] Action: 3, Phase: 0, Halts: [0. 0. 0. 0.], Waiting: [0. 0. 0. 0.]
[Step 492] Action: 2, Phase: 6, Halts: [0. 0. 0. 0.], Waiting: [0. 0. 0. 0.]
[Step 506] Action: 1, Phase: 4, Halts: [0. 0. 0. 0.], Waiting: [1. 0. 0. 1.]
[Step 520] Action: 2, Phase: 2, Halts: [0. 0. 0. 0.], Waiting: [0. 1. 0. 1.]
[Step 534] Action: 3, Phase: 4, Halts: [0. 0. 0. 0.], Waiting: [0. 1. 0. 1.]
[Step 548] Action: 0, Phase: 6, Halts: [0. 0. 0. 0.], Waiting: [0. 2. 0. 0.]
[Step 562] Action: 0, Phase: 0, Halts: [0. 0. 0. 0.], Waiting: [0. 0. 0. 0.]
[Step 572] Action: 0, Phase: 0, Halts: [0. 0. 0. 0.], Waiting: [0. 0. 0. 0.]
[Step 582] Action: 0, Phase: 0, Halts: [0. 0. 0. 0.], Waiting: [0. 0. 0. 0.]
[Step 592] Action: 2, Phase: 0, Halts: [0. 0. 0. 0.], Waiting: [0. 0. 0. 0.]
[Step 606] Action: 0, Phase: 4, Halts: [0. 0. 0. 0.], Waiting: [0. 0. 0. 0.]
[Step 620] Action: 3, Phase: 0, Halts: [0. 0. 0. 0.], Waiting: [0. 0. 0. 0.]
[Step 634] Action: 2, Phase: 6, Halts: [0. 0. 0. 0.], Waiting: [0. 1. 0. 1.]
[Step 648] Action: 0, Phase: 4, Halts: [0. 0. 0. 0.], Waiting: [1. 1. 0. 0.]
[Step 662] Action: 0, Phase: 0, Halts: [0. 0. 0. 0.], Waiting: [0. 0. 0. 0.]
[Step 672] Action: 1, Phase: 0, Halts: [0. 0. 0. 0.], Waiting: [0. 0. 0. 0.]
[Step 686] Action: 2, Phase: 2, Halts: [0. 0. 0. 0.], Waiting: [0. 0. 0. 0.]
[Step 700] Action: 1, Phase: 4, Halts: [0. 0. 0. 0.], Waiting: [0. 1. 0. 0.]
[Step 714] Action: 2, Phase: 2, Halts: [0. 0. 0. 0.], Waiting: [0. 1. 1. 0.]
[Step 728] Action: 2, Phase: 4, Halts: [0. 0. 0. 0.], Waiting: [0. 2. 0. 0.]
[Step 738] Action: 0, Phase: 4, Halts: [0. 0. 0. 0.], Waiting: [0. 2. 0. 0.]
[Step 752] Action: 0, Phase: 0, Halts: [0. 0. 0. 0.], Waiting: [0. 0. 0. 0.]
[Step 762] Action: 2, Phase: 0, Halts: [0. 0. 0. 0.], Waiting: [0. 0. 1. 0.]
[Step 776] Action: 0, Phase: 4, Halts: [0. 0. 0. 0.], Waiting: [1. 0. 0. 0.]
[Step 790] Action: 3, Phase: 0, Halts: [0. 0. 0. 0.], Waiting: [0. 0. 0. 0.]
[Step 804] Action: 0, Phase: 6, Halts: [0. 0. 0. 0.], Waiting: [0. 0. 0. 0.]
[Step 818] Action: 2, Phase: 0, Halts: [0. 0. 0. 0.], Waiting: [0. 0. 1. 0.]
[Step 832] Action: 2, Phase: 4, Halts: [0. 0. 0. 0.], Waiting: [0. 0. 0. 0.]
[Step 842] Action: 0, Phase: 4, Halts: [0. 0. 0. 0.], Waiting: [0. 0. 1. 0.]
[Step 856] Action: 0, Phase: 0, Halts: [0. 0. 0. 0.], Waiting: [0. 0. 1. 0.]
[Step 866] Action: 0, Phase: 0, Halts: [0. 0. 0. 0.], Waiting: [0. 0. 1. 0.]
[Step 876] Action: 3, Phase: 0, Halts: [0. 0. 0. 0.], Waiting: [0. 0. 1. 1.]
[Step 890] Action: 3, Phase: 6, Halts: [0. 0. 0. 0.], Waiting: [0. 0. 0. 1.]
[Step 900] Action: 2, Phase: 6, Halts: [0. 0. 0. 0.], Waiting: [0. 0. 0. 1.]
[Step 914] Action: 2, Phase: 4, Halts: [0. 0. 0. 0.], Waiting: [0. 0. 0. 0.]
[Step 924] Action: 0, Phase: 4, Halts: [0. 0. 0. 0.], Waiting: [0. 0. 0. 0.]
[Step 938] Action: 3, Phase: 0, Halts: [0. 0. 0. 0.], Waiting: [0. 0. 0. 1.]
[Step 952] Action: 2, Phase: 6, Halts: [0. 0. 0. 0.], Waiting: [0. 0. 0. 0.]
[Step 966] Action: 2, Phase: 4, Halts: [0. 0. 0. 0.], Waiting: [1. 0. 0. 0.]
[Step 976] Action: 0, Phase: 4, Halts: [0. 0. 0. 0.], Waiting: [2. 0. 0. 0.]
[Step 990] Action: 0, Phase: 0, Halts: [0. 0. 0. 0.], Waiting: [0. 0. 0. 0.]
[Step 1000] Action: 0, Phase: 0, Halts: [0. 0. 0. 0.], Waiting: [0. 0. 0. 0.]
[Step 1010] Action: 2, Phase: 0, Halts: [0. 0. 0. 0.], Waiting: [0. 0. 1. 0.]
[Step 1024] Action: 2, Phase: 4, Halts: [0. 0. 0. 0.], Waiting: [0. 0. 0. 0.]
[Step 1034] Action: 3, Phase: 4, Halts: [0. 0. 0. 0.], Waiting: [1. 0. 0. 0.]
[Step 1048] Action: 3, Phase: 6, Halts: [0. 0. 0. 0.], Waiting: [1. 0. 0. 0.]
[Step 1058] Action: 0, Phase: 6, Halts: [0. 0. 0. 0.], Waiting: [2. 0. 0. 1.]
[Step 1072] Action: 2, Phase: 0, Halts: [0. 0. 0. 0.], Waiting: [0. 0. 0. 2.]
[Step 1086] Action: 3, Phase: 4, Halts: [0. 0. 0. 0.], Waiting: [0. 0. 0. 0.]
[Step 1100] Action: 1, Phase: 6, Halts: [0. 0. 0. 0.], Waiting: [0. 0. 0. 0.]
[Step 1114] Action: 1, Phase: 2, Halts: [0. 0. 0. 0.], Waiting: [0. 0. 0. 0.]
[Step 1124] Action: 2, Phase: 2, Halts: [0. 0. 0. 0.], Waiting: [0. 0. 1. 0.]
[Step 1138] Action: 0, Phase: 4, Halts: [0. 0. 0. 0.], Waiting: [1. 0. 0. 0.]
[Step 1152] Action: 0, Phase: 0, Halts: [0. 0. 0. 0.], Waiting: [0. 0. 0. 0.]
[Step 1162] Action: 2, Phase: 0, Halts: [0. 0. 0. 0.], Waiting: [0. 0. 0. 0.]
[Step 1176] Action: 3, Phase: 4, Halts: [0. 0. 0. 0.], Waiting: [0. 0. 0. 0.]
[Step 1190] Action: 0, Phase: 6, Halts: [0. 0. 0. 0.], Waiting: [0. 1. 0. 0.]
[Step 1204] Action: 3, Phase: 0, Halts: [0. 0. 0. 0.], Waiting: [0. 0. 0. 0.]
[Step 1218] Action: 0, Phase: 6, Halts: [0. 0. 0. 0.], Waiting: [0. 0. 0. 0.]
[Step 1232] Action: 1, Phase: 0, Halts: [0. 0. 0. 0.], Waiting: [0. 0. 0. 0.]
[Step 1246] Action: 3, Phase: 2, Halts: [0. 0. 0. 0.], Waiting: [0. 0. 0. 1.]
[Step 1260] Action: 2, Phase: 6, Halts: [0. 0. 0. 0.], Waiting: [0. 0. 0. 1.]
[Step 1274] Action: 2, Phase: 4, Halts: [0. 0. 0. 0.], Waiting: [0. 1. 0. 0.]
[Step 1284] Action: 0, Phase: 4, Halts: [0. 0. 0. 0.], Waiting: [1. 2. 0. 0.]
[Step 1298] Action: 3, Phase: 0, Halts: [0. 0. 0. 0.], Waiting: [0. 0. 0. 0.]
[Step 1312] Action: 2, Phase: 6, Halts: [0. 0. 0. 0.], Waiting: [0. 0. 0. 0.]
[Step 1326] Action: 3, Phase: 4, Halts: [0. 0. 0. 0.], Waiting: [1. 0. 0. 0.]
[Step 1340] Action: 0, Phase: 6, Halts: [0. 0. 0. 0.], Waiting: [1. 1. 0. 0.]
[Step 1354] Action: 2, Phase: 0, Halts: [0. 0. 0. 0.], Waiting: [0. 0. 0. 0.]
[Step 1368] Action: 3, Phase: 4, Halts: [0. 0. 0. 0.], Waiting: [0. 0. 0. 0.]
[Step 1382] Action: 3, Phase: 6, Halts: [0. 0. 0. 0.], Waiting: [1. 0. 1. 0.]
[Step 1392] Action: 0, Phase: 6, Halts: [0. 0. 0. 0.], Waiting: [1. 0. 1. 0.]
[Step 1406] Action: 2, Phase: 0, Halts: [0. 0. 0. 0.], Waiting: [0. 0. 1. 2.]
[Step 1420] Action: 2, Phase: 4, Halts: [0. 0. 0. 0.], Waiting: [1. 0. 0. 0.]
[Step 1430] Action: 0, Phase: 4, Halts: [0. 0. 0. 0.], Waiting: [1. 0. 0. 0.]
[Step 1444] Action: 0, Phase: 0, Halts: [0. 0. 0. 0.], Waiting: [0. 0. 0. 0.]
[Step 1454] Action: 1, Phase: 0, Halts: [0. 0. 0. 0.], Waiting: [0. 0. 0. 0.]
[Step 1468] Action: 2, Phase: 2, Halts: [0. 0. 0. 0.], Waiting: [0. 0. 0. 1.]
[Step 1482] Action: 0, Phase: 4, Halts: [0. 0. 0. 0.], Waiting: [1. 0. 0. 0.]
[Step 1496] Action: 3, Phase: 0, Halts: [0. 0. 0. 0.], Waiting: [1. 0. 0. 0.]
[Step 1510] Action: 1, Phase: 6, Halts: [0. 0. 0. 0.], Waiting: [1. 0. 1. 0.]
[Step 1524] Action: 2, Phase: 2, Halts: [0. 0. 0. 0.], Waiting: [0. 0. 1. 0.]
[Step 1538] Action: 0, Phase: 4, Halts: [0. 0. 0. 0.], Waiting: [0. 0. 0. 0.]
[Step 1552] Action: 1, Phase: 0, Halts: [0. 0. 0. 0.], Waiting: [1. 0. 0. 0.]
[Step 1566] Action: 3, Phase: 2, Halts: [0. 0. 0. 0.], Waiting: [0. 0. 0. 1.]
[Step 1580] Action: 1, Phase: 6, Halts: [0. 0. 0. 0.], Waiting: [0. 0. 0. 1.]
[Step 1594] Action: 2, Phase: 2, Halts: [0. 0. 0. 0.], Waiting: [0. 0. 0. 1.]
[Step 1608] Action: 2, Phase: 4, Halts: [0. 0. 0. 0.], Waiting: [1. 0. 0. 0.]
[Step 1618] Action: 1, Phase: 4, Halts: [0. 0. 0. 0.], Waiting: [2. 0. 0. 0.]
[Step 1632] Action: 0, Phase: 2, Halts: [0. 0. 0. 0.], Waiting: [3. 0. 0. 0.]
[Step 1646] Action: 1, Phase: 0, Halts: [0. 0. 0. 0.], Waiting: [0. 0. 0. 0.]
[Step 1660] Action: 1, Phase: 2, Halts: [0. 0. 0. 0.], Waiting: [0. 1. 0. 0.]
[Step 1670] Action: 0, Phase: 2, Halts: [0. 0. 0. 0.], Waiting: [0. 1. 1. 0.]
[Step 1684] Action: 0, Phase: 0, Halts: [0. 1. 0. 0.], Waiting: [0. 0. 1. 0.]
[Step 1694] Action: 3, Phase: 0, Halts: [0. 1. 0. 0.], Waiting: [0. 0. 1. 0.]
[Step 1708] Action: 3, Phase: 6, Halts: [0. 1. 0. 0.], Waiting: [0. 1. 1. 0.]
[Step 1718] Action: 2, Phase: 6, Halts: [0. 1. 0. 0.], Waiting: [1. 1. 3. 2.]
[Step 1732] Action: 1, Phase: 4, Halts: [0. 1. 0. 0.], Waiting: [3. 2. 0. 0.]
[Step 1746] Action: 0, Phase: 2, Halts: [0. 1. 0. 0.], Waiting: [4. 3. 0. 0.]
[Step 1760] Action: 2, Phase: 0, Halts: [0. 0. 0. 0.], Waiting: [0. 0. 0. 2.]
[Step 1774] Action: 0, Phase: 4, Halts: [0. 0. 0. 0.], Waiting: [0. 0. 0. 0.]
[Step 1788] Action: 1, Phase: 0, Halts: [0. 0. 0. 0.], Waiting: [0. 1. 0. 0.]
[Step 1802] Action: 2, Phase: 2, Halts: [0. 0. 0. 0.], Waiting: [1. 0. 0. 0.]
[Step 1816] Action: 1, Phase: 4, Halts: [0. 0. 0. 0.], Waiting: [3. 0. 1. 0.]
[Step 1830] Action: 2, Phase: 2, Halts: [0. 0. 0. 0.], Waiting: [3. 0. 2. 1.]
[Step 1844] Action: 0, Phase: 4, Halts: [0. 0. 0. 0.], Waiting: [4. 0. 2. 0.]
[Step 1858] Action: 2, Phase: 0, Halts: [0. 0. 0. 0.], Waiting: [0. 0. 2. 0.]
[Step 1872] Action: 3, Phase: 4, Halts: [0. 0. 0. 0.], Waiting: [0. 0. 2. 0.]
[Step 1886] Action: 2, Phase: 6, Halts: [0. 0. 0. 0.], Waiting: [0. 0. 0. 1.]
[Step 1900] Action: 1, Phase: 4, Halts: [0. 0. 0. 0.], Waiting: [1. 0. 0. 0.]
[Step 1914] Action: 1, Phase: 2, Halts: [0. 0. 0. 0.], Waiting: [0. 0. 0. 3.]
[Step 1924] Action: 3, Phase: 2, Halts: [0. 0. 0. 0.], Waiting: [1. 0. 0. 4.]
[Step 1938] Action: 2, Phase: 6, Halts: [0. 0. 0. 0.], Waiting: [1. 0. 0. 3.]
[Step 1952] Action: 2, Phase: 4, Halts: [0. 0. 0. 0.], Waiting: [3. 0. 0. 0.]
[Step 1962] Action: 3, Phase: 4, Halts: [0. 0. 0. 0.], Waiting: [3. 0. 0. 0.]
[Step 1976] Action: 0, Phase: 6, Halts: [0. 0. 0. 0.], Waiting: [4. 0. 0. 0.]
[Step 1990] Action: 0, Phase: 0, Halts: [0. 0. 0. 0.], Waiting: [1. 0. 0. 0.]
[Step 2000] Action: 0, Phase: 0, Halts: [0. 0. 0. 0.], Waiting: [1. 0. 0. 0.]
[Step 2010] Action: 1, Phase: 0, Halts: [0. 0. 0. 0.], Waiting: [1. 0. 0. 1.]
[Step 2024] Action: 3, Phase: 2, Halts: [0. 1. 0. 0.], Waiting: [0. 0. 1. 1.]
[Step 2038] Action: 2, Phase: 6, Halts: [0. 1. 0. 0.], Waiting: [0. 0. 2. 1.]
[Step 2052] Action: 1, Phase: 4, Halts: [0. 1. 0. 0.], Waiting: [1. 1. 0. 0.]
[Step 2066] Action: 0, Phase: 2, Halts: [0. 1. 0. 0.], Waiting: [1. 1. 0. 0.]
[Step 2080] Action: 3, Phase: 0, Halts: [0. 0. 0. 0.], Waiting: [0. 0. 1. 1.]
[Step 2094] Action: 3, Phase: 6, Halts: [0. 0. 0. 0.], Waiting: [0. 0. 1. 1.]
[Step 2104] Action: 2, Phase: 6, Halts: [0. 0. 0. 0.], Waiting: [1. 0. 1. 2.]
[Step 2118] Action: 2, Phase: 4, Halts: [0. 0. 0. 0.], Waiting: [2. 0. 0. 0.]
[Step 2128] Action: 1, Phase: 4, Halts: [0. 0. 0. 0.], Waiting: [2. 0. 0. 0.]
[Step 2142] Action: 1, Phase: 2, Halts: [0. 0. 0. 0.], Waiting: [1. 2. 0. 0.]
[Step 2152] Action: 0, Phase: 2, Halts: [0. 0. 0. 0.], Waiting: [2. 2. 0. 0.]
[Step 2166] Action: 2, Phase: 0, Halts: [0. 0. 0. 0.], Waiting: [0. 0. 0. 0.]
[Step 2180] Action: 0, Phase: 4, Halts: [0. 0. 0. 0.], Waiting: [0. 0. 0. 0.]
[Step 2194] Action: 0, Phase: 0, Halts: [0. 0. 0. 0.], Waiting: [0. 0. 0. 0.]
[Step 2204] Action: 1, Phase: 0, Halts: [0. 0. 0. 0.], Waiting: [0. 0. 0. 0.]
[Step 2218] Action: 1, Phase: 2, Halts: [0. 0. 0. 0.], Waiting: [0. 0. 0. 0.]
[Step 2228] Action: 1, Phase: 2, Halts: [0. 0. 0. 0.], Waiting: [0. 0. 0. 0.]
[Step 2238] Action: 2, Phase: 2, Halts: [0. 0. 0. 0.], Waiting: [0. 0. 0. 0.]
[Step 2252] Action: 2, Phase: 4, Halts: [0. 0. 0. 0.], Waiting: [0. 0. 0. 0.]
[Step 2262] Action: 1, Phase: 4, Halts: [0. 0. 0. 0.], Waiting: [0. 0. 0. 0.]
[Step 2276] Action: 2, Phase: 2, Halts: [0. 0. 0. 0.], Waiting: [0. 0. 0. 0.]
[Step 2290] Action: 2, Phase: 4, Halts: [0. 0. 0. 0.], Waiting: [0. 0. 0. 0.]
[Step 2300] Action: 0, Phase: 4, Halts: [0. 0. 0. 0.], Waiting: [0. 0. 0. 0.]
[Step 2314] Action: 3, Phase: 0, Halts: [0. 0. 0. 0.], Waiting: [0. 0. 0. 0.]
[Step 2328] Action: 2, Phase: 6, Halts: [0. 0. 0. 0.], Waiting: [0. 0. 1. 0.]
[Step 2342] Action: 0, Phase: 4, Halts: [0. 0. 0. 0.], Waiting: [0. 0. 0. 0.]
[Step 2356] Action: 0, Phase: 0, Halts: [0. 0. 0. 0.], Waiting: [0. 0. 0. 0.]
[Step 2366] Action: 0, Phase: 0, Halts: [0. 0. 0. 0.], Waiting: [0. 0. 0. 1.]
[Step 2376] Action: 2, Phase: 0, Halts: [0. 0. 0. 0.], Waiting: [0. 0. 1. 1.]
[Step 2390] Action: 3, Phase: 4, Halts: [0. 0. 0. 0.], Waiting: [0. 0. 0. 1.]
[Step 2404] Action: 3, Phase: 6, Halts: [0. 0. 0. 0.], Waiting: [0. 1. 0. 0.]
[Step 2414] Action: 1, Phase: 6, Halts: [0. 0. 0. 0.], Waiting: [0. 1. 0. 0.]
[Step 2428] Action: 1, Phase: 2, Halts: [0. 0. 0. 0.], Waiting: [1. 1. 0. 0.]
[Step 2438] Action: 2, Phase: 2, Halts: [0. 0. 0. 0.], Waiting: [1. 1. 0. 0.]
[Step 2452] Action: 0, Phase: 4, Halts: [0. 0. 0. 0.], Waiting: [1. 2. 0. 0.]
[Step 2466] Action: 1, Phase: 0, Halts: [0. 0. 0. 0.], Waiting: [0. 0. 0. 0.]
[Step 2480] Action: 0, Phase: 2, Halts: [0. 0. 0. 0.], Waiting: [0. 0. 1. 0.]
[Step 2494] Action: 3, Phase: 0, Halts: [0. 0. 0. 0.], Waiting: [0. 0. 1. 0.]
[Step 2508] Action: 2, Phase: 6, Halts: [0. 0. 0. 0.], Waiting: [0. 0. 1. 0.]
[Step 2522] Action: 0, Phase: 4, Halts: [0. 0. 0. 0.], Waiting: [1. 0. 0. 0.]
[Step 2536] Action: 1, Phase: 0, Halts: [0. 0. 0. 0.], Waiting: [0. 0. 0. 1.]
[Step 2550] Action: 2, Phase: 2, Halts: [0. 0. 0. 0.], Waiting: [0. 0. 0. 1.]
[Step 2564] Action: 3, Phase: 4, Halts: [0. 0. 0. 0.], Waiting: [0. 0. 0. 0.]
[Step 2578] Action: 0, Phase: 6, Halts: [0. 0. 0. 0.], Waiting: [1. 0. 0. 0.]
[Step 2592] Action: 0, Phase: 0, Halts: [0. 0. 0. 0.], Waiting: [0. 0. 0. 0.]
[Step 2602] Action: 2, Phase: 0, Halts: [0. 0. 0. 0.], Waiting: [0. 0. 0. 0.]
[Step 2616] Action: 0, Phase: 4, Halts: [0. 0. 0. 0.], Waiting: [0. 0. 0. 0.]
[Step 2630] Action: 0, Phase: 0, Halts: [0. 0. 0. 0.], Waiting: [0. 0. 0. 0.]
[Step 2640] Action: 1, Phase: 0, Halts: [0. 0. 0. 0.], Waiting: [0. 0. 0. 0.]
[Step 2654] Action: 2, Phase: 2, Halts: [0. 0. 0. 0.], Waiting: [0. 0. 0. 0.]
[Step 2668] Action: 3, Phase: 4, Halts: [0. 0. 0. 0.], Waiting: [0. 0. 0. 0.]
[Step 2682] Action: 2, Phase: 6, Halts: [0. 0. 0. 0.], Waiting: [0. 0. 0. 0.]
[Step 2696] Action: 0, Phase: 4, Halts: [0. 0. 0. 0.], Waiting: [0. 1. 0. 0.]
[Step 2710] Action: 2, Phase: 0, Halts: [0. 0. 0. 0.], Waiting: [0. 0. 0. 0.]
[Step 2724] Action: 0, Phase: 4, Halts: [0. 0. 0. 0.], Waiting: [0. 0. 0. 0.]
[Step 2738] Action: 0, Phase: 0, Halts: [0. 0. 0. 0.], Waiting: [0. 0. 0. 0.]
[Step 2748] Action: 1, Phase: 0, Halts: [0. 0. 0. 0.], Waiting: [0. 0. 0. 1.]
[Step 2762] Action: 2, Phase: 2, Halts: [0. 0. 0. 0.], Waiting: [0. 0. 0. 1.]
[Step 2776] Action: 2, Phase: 4, Halts: [0. 0. 0. 0.], Waiting: [1. 0. 0. 0.]
[Step 2786] Action: 0, Phase: 4, Halts: [0. 0. 0. 0.], Waiting: [1. 0. 0. 0.]
[Step 2800] Action: 3, Phase: 0, Halts: [0. 0. 0. 0.], Waiting: [0. 0. 0. 0.]
[Step 2814] Action: 1, Phase: 6, Halts: [0. 0. 0. 0.], Waiting: [0. 0. 0. 0.]
[Step 2828] Action: 1, Phase: 2, Halts: [0. 0. 0. 0.], Waiting: [0. 0. 0. 0.]
[Step 2838] Action: 0, Phase: 2, Halts: [1. 0. 0. 0.], Waiting: [0. 0. 0. 0.]
[Step 2852] Action: 1, Phase: 0, Halts: [1. 0. 0. 0.], Waiting: [0. 0. 0. 0.]
[Step 2866] Action: 0, Phase: 2, Halts: [1. 0. 0. 0.], Waiting: [0. 0. 0. 0.]
[Step 2880] Action: 2, Phase: 0, Halts: [1. 0. 0. 0.], Waiting: [0. 0. 0. 0.]
[Step 2894] Action: 3, Phase: 4, Halts: [1. 0. 0. 0.], Waiting: [0. 0. 0. 0.]
[Step 2908] Action: 2, Phase: 6, Halts: [1. 0. 0. 0.], Waiting: [0. 0. 1. 0.]
[Step 2922] Action: 3, Phase: 4, Halts: [0. 0. 0. 0.], Waiting: [0. 0. 1. 0.]
[Step 2936] Action: 0, Phase: 6, Halts: [0. 0. 0. 0.], Waiting: [0. 0. 0. 0.]
[Step 2950] Action: 2, Phase: 0, Halts: [0. 0. 0. 0.], Waiting: [0. 0. 0. 0.]
[Step 2964] Action: 2, Phase: 4, Halts: [0. 0. 0. 0.], Waiting: [0. 0. 0. 0.]
[Step 2974] Action: 1, Phase: 4, Halts: [0. 0. 0. 0.], Waiting: [0. 0. 0. 0.]
[Step 2988] Action: 0, Phase: 2, Halts: [0. 0. 0. 0.], Waiting: [0. 1. 0. 0.]
[Step 3002] Action: 0, Phase: 0, Halts: [0. 0. 0. 0.], Waiting: [0. 0. 0. 0.]
[Step 3012] Action: 2, Phase: 0, Halts: [0. 0. 0. 0.], Waiting: [0. 0. 0. 0.]
[Step 3026] Action: 1, Phase: 4, Halts: [0. 0. 0. 0.], Waiting: [0. 0. 0. 0.]
[Step 3040] Action: 0, Phase: 2, Halts: [0. 0. 0. 0.], Waiting: [1. 0. 0. 0.]
[Step 3054] Action: 2, Phase: 0, Halts: [0. 0. 0. 0.], Waiting: [0. 0. 0. 0.]
[Step 3068] Action: 2, Phase: 4, Halts: [0. 0. 0. 0.], Waiting: [0. 0. 0. 0.]
[Step 3078] Action: 1, Phase: 4, Halts: [0. 0. 0. 0.], Waiting: [0. 0. 0. 0.]
[Step 3092] Action: 2, Phase: 2, Halts: [0. 0. 0. 0.], Waiting: [0. 0. 0. 0.]
[Step 3106] Action: 2, Phase: 4, Halts: [0. 0. 0. 0.], Waiting: [0. 0. 0. 0.]
[Step 3116] Action: 2, Phase: 4, Halts: [0. 0. 0. 0.], Waiting: [0. 0. 0. 0.]
[Step 3126] Action: 1, Phase: 4, Halts: [0. 0. 0. 0.], Waiting: [0. 0. 0. 0.]
[Step 3140] Action: 2, Phase: 2, Halts: [0. 0. 0. 0.], Waiting: [0. 0. 0. 0.]
[Step 3154] Action: 3, Phase: 4, Halts: [0. 0. 0. 0.], Waiting: [0. 0. 0. 0.]
[Step 3168] Action: 3, Phase: 6, Halts: [0. 0. 0. 0.], Waiting: [0. 0. 0. 0.]
[Step 3178] Action: 2, Phase: 6, Halts: [0. 0. 0. 0.], Waiting: [0. 0. 0. 0.]
[Step 3192] Action: 3, Phase: 4, Halts: [0. 0. 0. 0.], Waiting: [0. 0. 0. 0.]
[Step 3206] Action: 1, Phase: 6, Halts: [0. 0. 0. 0.], Waiting: [0. 0. 0. 1.]
[Step 3220] Action: 2, Phase: 2, Halts: [0. 0. 0. 0.], Waiting: [0. 0. 0. 1.]
[Step 3234] Action: 2, Phase: 4, Halts: [0. 0. 0. 0.], Waiting: [0. 0. 0. 0.]
[Step 3244] Action: 2, Phase: 4, Halts: [0. 0. 0. 0.], Waiting: [1. 0. 0. 0.]
[Step 3254] Action: 0, Phase: 4, Halts: [0. 0. 0. 0.], Waiting: [1. 0. 0. 0.]
[Step 3268] Action: 0, Phase: 0, Halts: [0. 0. 0. 0.], Waiting: [0. 0. 0. 0.]
[Step 3278] Action: 3, Phase: 0, Halts: [0. 0. 0. 0.], Waiting: [0. 0. 0. 0.]
[Step 3292] Action: 2, Phase: 6, Halts: [0. 0. 0. 0.], Waiting: [0. 0. 0. 0.]
[Step 3306] Action: 2, Phase: 4, Halts: [0. 0. 0. 0.], Waiting: [0. 0. 0. 0.]
[Step 3316] Action: 0, Phase: 4, Halts: [0. 0. 0. 0.], Waiting: [0. 0. 0. 0.]
[Step 3330] Action: 2, Phase: 0, Halts: [0. 0. 0. 0.], Waiting: [0. 0. 0. 0.]
[Step 3344] Action: 0, Phase: 4, Halts: [0. 0. 0. 0.], Waiting: [0. 0. 0. 0.]
[Step 3358] Action: 2, Phase: 0, Halts: [0. 0. 0. 0.], Waiting: [0. 0. 0. 0.]
[Step 3372] Action: 3, Phase: 4, Halts: [0. 0. 0. 0.], Waiting: [0. 0. 0. 0.]
[Step 3386] Action: 3, Phase: 6, Halts: [0. 0. 0. 0.], Waiting: [0. 0. 0. 0.]
[Step 3396] Action: 2, Phase: 6, Halts: [0. 0. 0. 0.], Waiting: [0. 0. 0. 0.]
[Step 3410] Action: 3, Phase: 4, Halts: [0. 0. 0. 0.], Waiting: [0. 0. 0. 0.]
[Step 3424] Action: 2, Phase: 6, Halts: [0. 0. 0. 0.], Waiting: [0. 0. 0. 0.]
[Step 3438] Action: 2, Phase: 4, Halts: [0. 0. 0. 0.], Waiting: [0. 0. 0. 0.]
[Step 3448] Action: 0, Phase: 4, Halts: [0. 0. 0. 0.], Waiting: [0. 0. 0. 0.]
[Step 3462] Action: 0, Phase: 0, Halts: [0. 0. 0. 0.], Waiting: [0. 0. 0. 0.]
[Step 3472] Action: 3, Phase: 0, Halts: [0. 0. 0. 0.], Waiting: [0. 0. 0. 0.]
[Step 3486] Action: 1, Phase: 6, Halts: [0. 0. 0. 0.], Waiting: [0. 0. 0. 0.]
[Step 3500] Action: 2, Phase: 2, Halts: [0. 0. 0. 0.], Waiting: [0. 0. 0. 0.]
[Step 3514] Action: 0, Phase: 4, Halts: [0. 0. 0. 0.], Waiting: [0. 0. 0. 0.]
[Step 3528] Action: 2, Phase: 0, Halts: [0. 0. 0. 0.], Waiting: [0. 0. 0. 0.]
[Step 3542] Action: 2, Phase: 4, Halts: [0. 0. 0. 0.], Waiting: [0. 0. 0. 0.]
[Step 3552] Action: 3, Phase: 4, Halts: [0. 0. 0. 0.], Waiting: [1. 0. 0. 0.]
[Step 3566] Action: 3, Phase: 6, Halts: [0. 0. 0. 0.], Waiting: [2. 0. 0. 0.]
[Step 3576] Action: 3, Phase: 6, Halts: [0. 0. 0. 0.], Waiting: [2. 0. 0. 0.]
[Step 3586] Action: 0, Phase: 6, Halts: [0. 0. 0. 0.], Waiting: [2. 0. 0. 0.]
[Step 3600] Action: 0, Phase: 0, Halts: [0. 0. 0. 0.], Waiting: [0. 0. 0. 1.]
[Step 3610] Action: 2, Phase: 0, Halts: [0. 0. 0. 0.], Waiting: [0. 0. 0. 1.]
[Step 3624] Action: 2, Phase: 4, Halts: [0. 0. 0. 0.], Waiting: [0. 0. 0. 0.]
[Step 3634] Action: 2, Phase: 4, Halts: [0. 0. 0. 0.], Waiting: [0. 0. 0. 0.]
[Step 3644] Action: 1, Phase: 4, Halts: [0. 0. 0. 0.], Waiting: [0. 0. 0. 0.]
[Step 3658] Action: 3, Phase: 2, Halts: [0. 0. 0. 0.], Waiting: [0. 0. 0. 0.]
[Step 3672] Action: 2, Phase: 6, Halts: [0. 0. 0. 0.], Waiting: [0. 0. 0. 0.]
[Step 3686] Action: 0, Phase: 4, Halts: [0. 0. 0. 0.], Waiting: [0. 0. 0. 0.]
[Step 3700] Action: 1, Phase: 0, Halts: [0. 0. 0. 0.], Waiting: [0. 0. 0. 0.]
[Step 3714] Action: 3, Phase: 2, Halts: [0. 0. 0. 0.], Waiting: [0. 0. 0. 0.]
[Step 3728] Action: 2, Phase: 6, Halts: [0. 0. 0. 0.], Waiting: [0. 0. 0. 0.]
[Step 3742] Action: 0, Phase: 4, Halts: [0. 0. 0. 0.], Waiting: [0. 0. 0. 0.]
[Step 3756] Action: 0, Phase: 0, Halts: [0. 0. 0. 0.], Waiting: [0. 0. 0. 0.]
[Step 3766] Action: 0, Phase: 0, Halts: [0. 0. 0. 0.], Waiting: [0. 0. 0. 0.]
[Step 3776] Action: 2, Phase: 0, Halts: [0. 0. 0. 0.], Waiting: [0. 0. 0. 0.]
[Step 3790] Action: 2, Phase: 4, Halts: [0. 0. 0. 0.], Waiting: [0. 0. 0. 0.]
[Step 3800] Action: 3, Phase: 4, Halts: [0. 0. 0. 0.], Waiting: [0. 0. 0. 0.]
[Step 3814] Action: 2, Phase: 6, Halts: [0. 0. 0. 0.], Waiting: [0. 0. 0. 0.]
[Step 3828] Action: 2, Phase: 4, Halts: [0. 0. 0. 0.], Waiting: [0. 0. 0. 0.]
[Step 3838] Action: 2, Phase: 4, Halts: [0. 0. 0. 0.], Waiting: [0. 0. 0. 0.]
[Step 3848] Action: 2, Phase: 4, Halts: [0. 0. 0. 0.], Waiting: [0. 0. 0. 0.]
[Step 3858] Action: 2, Phase: 4, Halts: [0. 0. 0. 0.], Waiting: [0. 0. 0. 0.]
[Step 3868] Action: 2, Phase: 4, Halts: [0. 0. 0. 0.], Waiting: [0. 0. 0. 0.]
[Step 3878] Action: 2, Phase: 4, Halts: [0. 0. 0. 0.], Waiting: [0. 0. 0. 0.]
[Step 3888] Action: 1, Phase: 4, Halts: [0. 0. 0. 0.], Waiting: [0. 0. 0. 0.]
[Step 3902] Action: 2, Phase: 2, Halts: [0. 0. 0. 0.], Waiting: [0. 0. 0. 0.]
[Step 3916] Action: 3, Phase: 4, Halts: [0. 0. 0. 0.], Waiting: [0. 0. 0. 0.]
[Step 3930] Action: 2, Phase: 6, Halts: [0. 0. 0. 0.], Waiting: [0. 0. 0. 0.]
[Step 3944] Action: 2, Phase: 4, Halts: [0. 0. 0. 0.], Waiting: [0. 0. 0. 0.]
[Step 3954] Action: 3, Phase: 4, Halts: [0. 0. 0. 0.], Waiting: [0. 0. 0. 0.]
[Step 3968] Action: 2, Phase: 6, Halts: [0. 0. 0. 0.], Waiting: [0. 0. 0. 0.]
[Step 3982] Action: 1, Phase: 4, Halts: [0. 0. 0. 0.], Waiting: [0. 0. 0. 0.]
[Step 3996] Action: 3, Phase: 2, Halts: [0. 0. 0. 0.], Waiting: [0. 0. 0. 0.]
[Step 4010] Action: 2, Phase: 6, Halts: [0. 0. 0. 0.], Waiting: [0. 0. 0. 0.]
[Step 4024] Action: 3, Phase: 4, Halts: [0. 0. 0. 0.], Waiting: [0. 0. 0. 0.]
[Step 4038] Action: 2, Phase: 6, Halts: [0. 0. 0. 0.], Waiting: [0. 0. 0. 0.]
[Step 4052] Action: 3, Phase: 4, Halts: [0. 0. 0. 0.], Waiting: [0. 0. 0. 0.]
[Step 4066] Action: 3, Phase: 6, Halts: [0. 0. 0. 0.], Waiting: [0. 0. 0. 0.]
[Step 4076] Action: 2, Phase: 6, Halts: [0. 0. 0. 0.], Waiting: [0. 0. 0. 0.]
[Step 4090] Action: 2, Phase: 4, Halts: [0. 0. 0. 0.], Waiting: [0. 0. 0. 0.]
[Step 4100] Action: 2, Phase: 4, Halts: [0. 0. 0. 0.], Waiting: [0. 0. 0. 0.]
[Step 4110] Action: 2, Phase: 4, Halts: [0. 0. 0. 0.], Waiting: [0. 0. 0. 0.]
[Step 4120] Action: 2, Phase: 4, Halts: [0. 0. 0. 0.], Waiting: [0. 0. 0. 0.]
[Step 4130] Action: 2, Phase: 4, Halts: [0. 0. 0. 0.], Waiting: [0. 0. 0. 0.]
[Step 4140] Action: 2, Phase: 4, Halts: [0. 0. 0. 0.], Waiting: [0. 0. 0. 0.]
[Step 4150] Action: 0, Phase: 4, Halts: [0. 0. 0. 0.], Waiting: [0. 0. 0. 0.]
[Step 4164] Action: 2, Phase: 0, Halts: [0. 0. 0. 0.], Waiting: [0. 0. 0. 0.]
[Step 4178] Action: 2, Phase: 4, Halts: [0. 0. 0. 0.], Waiting: [0. 0. 0. 0.]
[Step 4188] Action: 3, Phase: 4, Halts: [0. 0. 0. 0.], Waiting: [0. 0. 0. 0.]
[Step 4202] Action: 2, Phase: 6, Halts: [0. 0. 0. 0.], Waiting: [0. 0. 0. 0.]
[Step 4216] Action: 2, Phase: 4, Halts: [0. 0. 0. 0.], Waiting: [0. 0. 0. 0.]
[Step 4226] Action: 3, Phase: 4, Halts: [0. 0. 0. 0.], Waiting: [0. 0. 0. 0.]
[Step 4240] Action: 2, Phase: 6, Halts: [0. 0. 0. 0.], Waiting: [0. 0. 0. 0.]
[Step 4254] Action: 2, Phase: 4, Halts: [0. 0. 0. 0.], Waiting: [0. 0. 0. 0.]
[Step 4264] Action: 0, Phase: 4, Halts: [0. 0. 0. 0.], Waiting: [0. 0. 0. 0.]
[Step 4278] Action: 2, Phase: 0, Halts: [0. 0. 0. 0.], Waiting: [0. 0. 0. 0.]
[Step 4292] Action: 2, Phase: 4, Halts: [0. 0. 0. 0.], Waiting: [0. 0. 0. 0.]
[Step 4302] Action: 2, Phase: 4, Halts: [0. 0. 0. 0.], Waiting: [0. 0. 0. 0.]
[Step 4312] Action: 1, Phase: 4, Halts: [0. 0. 0. 0.], Waiting: [0. 0. 0. 0.]
[Step 4326] Action: 0, Phase: 2, Halts: [0. 0. 0. 0.], Waiting: [0. 0. 0. 0.]
[Step 4340] Action: 2, Phase: 0, Halts: [0. 0. 0. 0.], Waiting: [0. 0. 0. 0.]
[Step 4354] Action: 2, Phase: 4, Halts: [0. 0. 0. 0.], Waiting: [0. 0. 0. 0.]
[Step 4364] Action: 2, Phase: 4, Halts: [0. 0. 0. 0.], Waiting: [0. 0. 0. 0.]
[Step 4374] Action: 2, Phase: 4, Halts: [0. 0. 0. 0.], Waiting: [0. 0. 0. 0.]
[Step 4384] Action: 3, Phase: 4, Halts: [0. 0. 0. 0.], Waiting: [0. 0. 0. 0.]
[Step 4398] Action: 3, Phase: 6, Halts: [0. 0. 0. 0.], Waiting: [0. 0. 0. 0.]
[Step 4408] Action: 2, Phase: 6, Halts: [0. 0. 0. 0.], Waiting: [0. 0. 0. 0.]
[Step 4422] Action: 0, Phase: 4, Halts: [0. 0. 0. 0.], Waiting: [0. 0. 0. 0.]
[Step 4436] Action: 1, Phase: 0, Halts: [0. 0. 0. 0.], Waiting: [0. 0. 0. 0.]
[Step 4450] Action: 3, Phase: 2, Halts: [0. 0. 0. 0.], Waiting: [0. 0. 0. 0.]
[Step 4464] Action: 2, Phase: 6, Halts: [0. 0. 0. 0.], Waiting: [0. 0. 0. 0.]
[Step 4478] Action: 1, Phase: 4, Halts: [0. 0. 0. 0.], Waiting: [0. 0. 0. 0.]
[Step 4492] Action: 0, Phase: 2, Halts: [0. 0. 0. 0.], Waiting: [0. 0. 0. 0.]
[Step 4506] Action: 1, Phase: 0, Halts: [0. 0. 0. 0.], Waiting: [0. 0. 0. 0.]
[Step 4520] Action: 2, Phase: 2, Halts: [0. 0. 0. 0.], Waiting: [0. 0. 0. 0.]
[Step 4534] Action: 2, Phase: 4, Halts: [0. 0. 0. 0.], Waiting: [0. 0. 0. 0.]
[Step 4544] Action: 2, Phase: 4, Halts: [0. 0. 0. 0.], Waiting: [0. 0. 0. 0.]
[Step 4554] Action: 2, Phase: 4, Halts: [0. 0. 0. 0.], Waiting: [0. 0. 0. 0.]
[Step 4564] Action: 3, Phase: 4, Halts: [0. 0. 0. 0.], Waiting: [0. 0. 0. 0.]
[Step 4578] Action: 2, Phase: 6, Halts: [0. 0. 0. 0.], Waiting: [0. 0. 0. 0.]
[Step 4592] Action: 0, Phase: 4, Halts: [0. 0. 0. 0.], Waiting: [0. 0. 0. 0.]
[Step 4606] Action: 1, Phase: 0, Halts: [0. 0. 0. 0.], Waiting: [0. 0. 0. 0.]
[Step 4620] Action: 3, Phase: 2, Halts: [0. 0. 0. 0.], Waiting: [0. 0. 0. 0.]
[Step 4634] Action: 2, Phase: 6, Halts: [0. 0. 0. 0.], Waiting: [0. 0. 0. 0.]
[Step 4648] Action: 2, Phase: 4, Halts: [0. 0. 0. 0.], Waiting: [0. 0. 0. 0.]
[Step 4658] Action: 1, Phase: 4, Halts: [0. 0. 0. 0.], Waiting: [0. 0. 0. 0.]
[Step 4672] Action: 1, Phase: 2, Halts: [0. 0. 0. 0.], Waiting: [0. 0. 0. 0.]
[Step 4682] Action: 3, Phase: 2, Halts: [0. 0. 0. 0.], Waiting: [0. 0. 0. 0.]
[Step 4696] Action: 0, Phase: 6, Halts: [0. 0. 0. 0.], Waiting: [0. 0. 0. 0.]
[Step 4710] Action: 0, Phase: 0, Halts: [0. 0. 0. 0.], Waiting: [0. 0. 0. 0.]
[Step 4720] Action: 0, Phase: 0, Halts: [0. 0. 0. 0.], Waiting: [0. 0. 0. 0.]
[Step 4730] Action: 0, Phase: 0, Halts: [0. 0. 0. 0.], Waiting: [0. 0. 0. 0.]
[Step 4740] Action: 0, Phase: 0, Halts: [0. 0. 0. 0.], Waiting: [0. 0. 0. 1.]
[Step 4750] Action: 1, Phase: 0, Halts: [0. 0. 0. 0.], Waiting: [0. 0. 0. 1.]
[Step 4764] Action: 0, Phase: 2, Halts: [0. 0. 0. 0.], Waiting: [0. 0. 0. 1.]
[Step 4778] Action: 0, Phase: 0, Halts: [0. 0. 0. 0.], Waiting: [0. 0. 0. 1.]
[Step 4788] Action: 3, Phase: 0, Halts: [0. 0. 0. 0.], Waiting: [0. 0. 0. 1.]
[Step 4802] Action: 2, Phase: 6, Halts: [0. 0. 0. 0.], Waiting: [0. 0. 0. 0.]
[Step 4816] Action: 1, Phase: 4, Halts: [0. 0. 0. 0.], Waiting: [0. 0. 0. 0.]
[Step 4830] Action: 3, Phase: 2, Halts: [0. 0. 0. 0.], Waiting: [0. 0. 0. 0.]
[Step 4844] Action: 2, Phase: 6, Halts: [0. 0. 0. 0.], Waiting: [0. 0. 0. 0.]
[Step 4858] Action: 2, Phase: 4, Halts: [0. 0. 0. 0.], Waiting: [0. 0. 0. 0.]
[Step 4868] Action: 1, Phase: 4, Halts: [0. 0. 0. 0.], Waiting: [0. 0. 0. 0.]
[Step 4882] Action: 2, Phase: 2, Halts: [0. 0. 0. 0.], Waiting: [0. 0. 0. 0.]
[Step 4896] Action: 2, Phase: 4, Halts: [0. 0. 0. 0.], Waiting: [0. 0. 0. 0.]
[Step 4906] Action: 1, Phase: 4, Halts: [0. 0. 0. 0.], Waiting: [0. 0. 0. 0.]
[Step 4920] Action: 3, Phase: 2, Halts: [0. 0. 0. 0.], Waiting: [0. 0. 0. 0.]
[Step 4934] Action: 0, Phase: 6, Halts: [0. 0. 0. 0.], Waiting: [0. 0. 0. 0.]
[Step 4948] Action: 2, Phase: 0, Halts: [0. 0. 0. 0.], Waiting: [0. 0. 0. 0.]
[Step 4962] Action: 3, Phase: 4, Halts: [0. 0. 0. 0.], Waiting: [0. 0. 0. 0.]
[Step 4976] Action: 1, Phase: 6, Halts: [0. 0. 0. 0.], Waiting: [0. 0. 0. 0.]
[Step 4990] Action: 2, Phase: 2, Halts: [0. 0. 0. 0.], Waiting: [0. 0. 0. 0.]
[Step 5004] Action: 2, Phase: 4, Halts: [0. 0. 0. 0.], Waiting: [0. 0. 0. 0.]
[Step 5014] Action: 2, Phase: 4, Halts: [0. 0. 0. 0.], Waiting: [0. 0. 0. 0.]
[Step 5024] Action: 3, Phase: 4, Halts: [0. 0. 0. 0.], Waiting: [0. 0. 0. 0.]
[Step 5038] Action: 2, Phase: 6, Halts: [0. 0. 0. 0.], Waiting: [0. 0. 0. 0.]
[Step 5052] Action: 2, Phase: 4, Halts: [0. 0. 0. 0.], Waiting: [0. 0. 0. 0.]
[Step 5062] Action: 3, Phase: 4, Halts: [0. 0. 0. 0.], Waiting: [0. 0. 0. 0.]
[Step 5076] Action: 2, Phase: 6, Halts: [0. 0. 0. 0.], Waiting: [0. 0. 0. 0.]
[Step 5090] Action: 0, Phase: 4, Halts: [0. 0. 0. 0.], Waiting: [0. 0. 0. 0.]
[Step 5104] Action: 3, Phase: 0, Halts: [0. 0. 0. 0.], Waiting: [0. 0. 0. 0.]
[Step 5118] Action: 2, Phase: 6, Halts: [0. 0. 0. 0.], Waiting: [0. 0. 0. 0.]
[Step 5132] Action: 0, Phase: 4, Halts: [0. 0. 0. 0.], Waiting: [0. 0. 0. 0.]
[Step 5146] Action: 1, Phase: 0, Halts: [0. 0. 0. 0.], Waiting: [0. 0. 0. 0.]
[Step 5160] Action: 3, Phase: 2, Halts: [0. 0. 0. 0.], Waiting: [0. 0. 0. 0.]
[Step 5174] Action: 0, Phase: 6, Halts: [0. 0. 0. 0.], Waiting: [0. 0. 0. 0.]
[Step 5188] Action: 0, Phase: 0, Halts: [0. 0. 0. 0.], Waiting: [0. 0. 0. 0.]
[Step 5198] Action: 1, Phase: 0, Halts: [0. 0. 0. 0.], Waiting: [0. 0. 0. 0.]
[Step 5212] Action: 3, Phase: 2, Halts: [0. 0. 0. 0.], Waiting: [0. 0. 0. 0.]
[Step 5226] Action: 3, Phase: 6, Halts: [0. 0. 0. 0.], Waiting: [0. 0. 0. 0.]
[Step 5236] Action: 2, Phase: 6, Halts: [0. 0. 0. 0.], Waiting: [0. 0. 0. 0.]
[Step 5250] Action: 2, Phase: 4, Halts: [0. 0. 0. 0.], Waiting: [0. 0. 0. 0.]
[Step 5260] Action: 3, Phase: 4, Halts: [0. 0. 0. 0.], Waiting: [0. 0. 0. 0.]
[Step 5274] Action: 2, Phase: 6, Halts: [0. 0. 0. 0.], Waiting: [0. 0. 0. 0.]
[Step 5288] Action: 0, Phase: 4, Halts: [0. 0. 0. 0.], Waiting: [0. 0. 0. 0.]
[Step 5302] Action: 2, Phase: 0, Halts: [0. 0. 0. 0.], Waiting: [0. 0. 0. 0.]
[Step 5316] Action: 3, Phase: 4, Halts: [0. 0. 0. 0.], Waiting: [0. 0. 0. 0.]
[Step 5330] Action: 3, Phase: 6, Halts: [0. 0. 0. 0.], Waiting: [0. 0. 0. 0.]
[Step 5340] Action: 2, Phase: 6, Halts: [0. 0. 0. 0.], Waiting: [0. 0. 0. 0.]
[Step 5354] Action: 3, Phase: 4, Halts: [0. 0. 0. 0.], Waiting: [0. 0. 0. 0.]
[Step 5368] Action: 2, Phase: 6, Halts: [0. 0. 0. 0.], Waiting: [0. 0. 0. 0.]
[Step 5382] Action: 3, Phase: 4, Halts: [0. 0. 0. 0.], Waiting: [0. 0. 0. 0.]
[Step 5396] Action: 0, Phase: 6, Halts: [0. 0. 0. 0.], Waiting: [0. 0. 0. 0.]
