[Step 0] Action: 2, Phase: 0, Halts: [0. 0. 0. 0.], Waiting: [0. 0. 0. 0.]
[Step 10] Action: 1, Phase: 4, Halts: [0. 0. 0. 0.], Waiting: [0. 0. 0. 0.]
[Step 24] Action: 3, Phase: 2, Halts: [0. 0. 0. 0.], Waiting: [0. 0. 0. 0.]
[Step 38] Action: 3, Phase: 6, Halts: [0. 0. 0. 0.], Waiting: [0. 0. 0. 0.]
[Step 48] Action: 3, Phase: 6, Halts: [0. 0. 0. 0.], Waiting: [0. 0. 0. 0.]
[Step 58] Action: 3, Phase: 6, Halts: [0. 0. 0. 0.], Waiting: [0. 0. 0. 0.]
[Step 68] Action: 3, Phase: 6, Halts: [0. 0. 0. 0.], Waiting: [0. 0. 0. 0.]
[Step 78] Action: 3, Phase: 6, Halts: [0. 0. 0. 0.], Waiting: [0. 0. 0. 0.]
[Step 88] Action: 3, Phase: 6, Halts: [0. 0. 0. 0.], Waiting: [0. 0. 0. 0.]
[Step 98] Action: 1, Phase: 6, Halts: [0. 0. 0. 0.], Waiting: [0. 0. 0. 0.]
[Step 112] Action: 3, Phase: 2, Halts: [0. 0. 0. 0.], Waiting: [0. 0. 0. 0.]
[Step 126] Action: 2, Phase: 6, Halts: [0. 0. 0. 0.], Waiting: [0. 0. 0. 0.]
[Step 140] Action: 3, Phase: 4, Halts: [0. 0. 0. 0.], Waiting: [0. 0. 0. 0.]
[Step 154] Action: 1, Phase: 6, Halts: [0. 0. 0. 0.], Waiting: [0. 0. 0. 0.]
[Step 168] Action: 3, Phase: 2, Halts: [0. 0. 0. 0.], Waiting: [0. 0. 0. 0.]
[Step 182] Action: 0, Phase: 6, Halts: [0. 0. 0. 0.], Waiting: [1. 0. 0. 0.]
[Step 196] Action: 2, Phase: 0, Halts: [0. 0. 0. 0.], Waiting: [0. 0. 0. 0.]
[Step 210] Action: 3, Phase: 4, Halts: [0. 0. 0. 0.], Waiting: [0. 0. 0. 0.]
[Step 224] Action: 2, Phase: 6, Halts: [0. 0. 0. 0.], Waiting: [0. 0. 0. 0.]
[Step 238] Action: 3, Phase: 4, Halts: [0. 0. 0. 0.], Waiting: [0. 0. 0. 0.]
[Step 252] Action: 2, Phase: 6, Halts: [0. 0. 0. 0.], Waiting: [0. 0. 0. 0.]
[Step 266] Action: 1, Phase: 4, Halts: [0. 0. 0. 0.], Waiting: [1. 0. 0. 0.]
[Step 280] Action: 2, Phase: 2, Halts: [0. 0. 0. 0.], Waiting: [0. 0. 0. 0.]
[Step 294] Action: 3, Phase: 4, Halts: [0. 0. 0. 0.], Waiting: [0. 0. 0. 0.]
[Step 308] Action: 2, Phase: 6, Halts: [0. 0. 0. 0.], Waiting: [0. 0. 1. 2.]
[Step 322] Action: 2, Phase: 4, Halts: [0. 0. 0. 0.], Waiting: [0. 0. 0. 0.]
[Step 332] Action: 3, Phase: 4, Halts: [0. 0. 0. 0.], Waiting: [0. 0. 0. 0.]
[Step 346] Action: 3, Phase: 6, Halts: [0. 0. 0. 0.], Waiting: [0. 0. 0. 0.]
[Step 356] Action: 1, Phase: 6, Halts: [0. 0. 0. 0.], Waiting: [0. 0. 0. 0.]
[Step 370] Action: 2, Phase: 2, Halts: [0. 0. 0. 0.], Waiting: [0. 0. 0. 0.]
[Step 384] Action: 0, Phase: 4, Halts: [0. 0. 0. 0.], Waiting: [0. 0. 0. 0.]
[Step 398] Action: 2, Phase: 0, Halts: [0. 0. 0. 0.], Waiting: [0. 0. 0. 0.]
[Step 412] Action: 0, Phase: 4, Halts: [0. 0. 0. 0.], Waiting: [0. 0. 0. 0.]
[Step 426] Action: 2, Phase: 0, Halts: [0. 0. 0. 0.], Waiting: [0. 0. 0. 0.]
[Step 440] Action: 0, Phase: 4, Halts: [0. 0. 0. 0.], Waiting: [0. 0. 0. 0.]
[Step 454] Action: 3, Phase: 0, Halts: [0. 0. 0. 0.], Waiting: [0. 0. 0. 0.]
[Step 468] Action: 3, Phase: 6, Halts: [0. 0. 0. 0.], Waiting: [0. 0. 0. 0.]
[Step 478] Action: 2, Phase: 6, Halts: [0. 0. 0. 0.], Waiting: [0. 0. 0. 0.]
[Step 492] Action: 2, Phase: 4, Halts: [0. 0. 0. 0.], Waiting: [0. 0. 0. 0.]
[Step 502] Action: 1, Phase: 4, Halts: [0. 0. 0. 0.], Waiting: [1. 0. 0. 0.]
[Step 516] Action: 3, Phase: 2, Halts: [0. 0. 0. 0.], Waiting: [0. 0. 0. 1.]
[Step 530] Action: 0, Phase: 6, Halts: [0. 0. 0. 0.], Waiting: [0. 1. 0. 0.]
[Step 544] Action: 2, Phase: 0, Halts: [0. 0. 0. 0.], Waiting: [0. 0. 0. 1.]
[Step 558] Action: 1, Phase: 4, Halts: [0. 0. 0. 0.], Waiting: [0. 1. 0. 0.]
[Step 572] Action: 0, Phase: 2, Halts: [0. 0. 0. 0.], Waiting: [0. 1. 0. 0.]
[Step 586] Action: 0, Phase: 0, Halts: [0. 0. 0. 0.], Waiting: [0. 0. 0. 0.]
[Step 596] Action: 0, Phase: 0, Halts: [0. 0. 0. 0.], Waiting: [0. 0. 0. 0.]
[Step 606] Action: 2, Phase: 0, Halts: [0. 0. 0. 0.], Waiting: [0. 0. 0. 0.]
[Step 620] Action: 2, Phase: 4, Halts: [0. 0. 0. 0.], Waiting: [0. 0. 0. 0.]
[Step 630] Action: 0, Phase: 4, Halts: [0. 0. 0. 0.], Waiting: [0. 0. 0. 0.]
[Step 644] Action: 2, Phase: 0, Halts: [0. 0. 0. 0.], Waiting: [0. 0. 1. 0.]
[Step 658] Action: 3, Phase: 4, Halts: [0. 0. 0. 0.], Waiting: [0. 0. 0. 0.]
[Step 672] Action: 1, Phase: 6, Halts: [0. 0. 0. 0.], Waiting: [0. 0. 0. 0.]
[Step 686] Action: 2, Phase: 2, Halts: [0. 0. 0. 0.], Waiting: [0. 0. 0. 0.]
[Step 700] Action: 0, Phase: 4, Halts: [0. 0. 0. 0.], Waiting: [0. 1. 0. 0.]
[Step 714] Action: 2, Phase: 0, Halts: [0. 0. 0. 0.], Waiting: [0. 0. 1. 1.]
[Step 728] Action: 2, Phase: 4, Halts: [0. 0. 0. 0.], Waiting: [0. 1. 0. 0.]
[Step 738] Action: 0, Phase: 4, Halts: [0. 0. 0. 0.], Waiting: [0. 1. 0. 0.]
[Step 752] Action: 0, Phase: 0, Halts: [0. 0. 0. 0.], Waiting: [0. 0. 0. 0.]
[Step 762] Action: 2, Phase: 0, Halts: [0. 0. 0. 0.], Waiting: [0. 0. 1. 0.]
[Step 776] Action: 0, Phase: 4, Halts: [0. 0. 0. 0.], Waiting: [0. 0. 0. 0.]
[Step 790] Action: 1, Phase: 0, Halts: [0. 0. 0. 0.], Waiting: [0. 0. 0. 0.]
[Step 804] Action: 0, Phase: 2, Halts: [0. 0. 0. 0.], Waiting: [0. 0. 0. 0.]
[Step 818] Action: 2, Phase: 0, Halts: [0. 0. 0. 0.], Waiting: [0. 0. 1. 0.]
[Step 832] Action: 2, Phase: 4, Halts: [0. 0. 0. 0.], Waiting: [0. 0. 0. 0.]
[Step 842] Action: 3, Phase: 4, Halts: [0. 0. 0. 0.], Waiting: [0. 0. 1. 0.]
[Step 856] Action: 0, Phase: 6, Halts: [0. 0. 0. 0.], Waiting: [0. 0. 0. 0.]
[Step 870] Action: 2, Phase: 0, Halts: [0. 0. 0. 0.], Waiting: [0. 0. 0. 0.]
[Step 884] Action: 3, Phase: 4, Halts: [0. 0. 0. 0.], Waiting: [0. 0. 0. 0.]
[Step 898] Action: 2, Phase: 6, Halts: [0. 0. 0. 0.], Waiting: [0. 0. 0. 0.]
[Step 912] Action: 0, Phase: 4, Halts: [0. 0. 0. 0.], Waiting: [0. 0. 0. 0.]
[Step 926] Action: 0, Phase: 0, Halts: [0. 0. 0. 0.], Waiting: [0. 0. 0. 0.]
[Step 936] Action: 3, Phase: 0, Halts: [0. 0. 0. 0.], Waiting: [0. 0. 0. 1.]
[Step 950] Action: 0, Phase: 6, Halts: [0. 0. 0. 0.], Waiting: [0. 0. 0. 0.]
[Step 964] Action: 2, Phase: 0, Halts: [0. 0. 0. 0.], Waiting: [0. 0. 1. 0.]
[Step 978] Action: 0, Phase: 4, Halts: [0. 0. 0. 0.], Waiting: [1. 0. 0. 0.]
[Step 992] Action: 3, Phase: 0, Halts: [0. 0. 0. 0.], Waiting: [0. 0. 0. 0.]
[Step 1006] Action: 2, Phase: 6, Halts: [0. 0. 0. 0.], Waiting: [0. 0. 1. 0.]
[Step 1020] Action: 0, Phase: 4, Halts: [0. 0. 0. 0.], Waiting: [0. 0. 0. 0.]
[Step 1034] Action: 3, Phase: 0, Halts: [0. 0. 0. 0.], Waiting: [0. 0. 0. 1.]
[Step 1048] Action: 2, Phase: 6, Halts: [0. 0. 0. 0.], Waiting: [0. 0. 0. 1.]
[Step 1062] Action: 0, Phase: 4, Halts: [0. 0. 0. 0.], Waiting: [1. 0. 0. 0.]
[Step 1076] Action: 2, Phase: 0, Halts: [0. 0. 0. 0.], Waiting: [0. 0. 0. 1.]
[Step 1090] Action: 3, Phase: 4, Halts: [0. 0. 0. 0.], Waiting: [0. 0. 0. 0.]
[Step 1104] Action: 1, Phase: 6, Halts: [0. 0. 0. 0.], Waiting: [0. 0. 0. 0.]
[Step 1118] Action: 2, Phase: 2, Halts: [0. 0. 0. 0.], Waiting: [0. 0. 1. 0.]
[Step 1132] Action: 0, Phase: 4, Halts: [0. 0. 0. 0.], Waiting: [1. 0. 0. 0.]
[Step 1146] Action: 0, Phase: 0, Halts: [0. 0. 0. 0.], Waiting: [0. 0. 0. 0.]
[Step 1156] Action: 2, Phase: 0, Halts: [0. 0. 0. 0.], Waiting: [0. 0. 0. 0.]
[Step 1170] Action: 2, Phase: 4, Halts: [0. 0. 0. 0.], Waiting: [0. 0. 0. 0.]
[Step 1180] Action: 0, Phase: 4, Halts: [0. 0. 0. 0.], Waiting: [0. 0. 0. 0.]
[Step 1194] Action: 3, Phase: 0, Halts: [0. 0. 0. 0.], Waiting: [0. 0. 0. 0.]
[Step 1208] Action: 0, Phase: 6, Halts: [0. 0. 0. 0.], Waiting: [0. 0. 0. 0.]
[Step 1222] Action: 2, Phase: 0, Halts: [0. 0. 0. 0.], Waiting: [0. 0. 0. 0.]
[Step 1236] Action: 3, Phase: 4, Halts: [0. 0. 0. 0.], Waiting: [0. 0. 0. 1.]
[Step 1250] Action: 2, Phase: 6, Halts: [0. 0. 0. 0.], Waiting: [0. 0. 0. 0.]
[Step 1264] Action: 2, Phase: 4, Halts: [0. 0. 0. 0.], Waiting: [0. 1. 0. 0.]
[Step 1274] Action: 0, Phase: 4, Halts: [0. 0. 0. 0.], Waiting: [0. 1. 0. 0.]
[Step 1288] Action: 2, Phase: 0, Halts: [0. 0. 0. 0.], Waiting: [0. 0. 0. 0.]
[Step 1302] Action: 0, Phase: 4, Halts: [0. 0. 0. 0.], Waiting: [0. 0. 0. 0.]
[Step 1316] Action: 2, Phase: 0, Halts: [0. 0. 0. 0.], Waiting: [0. 0. 0. 0.]
[Step 1330] Action: 0, Phase: 4, Halts: [0. 0. 0. 0.], Waiting: [0. 0. 0. 0.]
[Step 1344] Action: 0, Phase: 0, Halts: [0. 0. 0. 0.], Waiting: [0. 0. 0. 0.]
[Step 1354] Action: 2, Phase: 0, Halts: [0. 0. 0. 0.], Waiting: [0. 0. 0. 0.]
[Step 1368] Action: 0, Phase: 4, Halts: [0. 0. 0. 0.], Waiting: [0. 0. 0. 0.]
[Step 1382] Action: 2, Phase: 0, Halts: [0. 0. 0. 0.], Waiting: [0. 0. 1. 0.]
[Step 1396] Action: 0, Phase: 4, Halts: [0. 0. 0. 0.], Waiting: [1. 0. 0. 0.]
[Step 1410] Action: 2, Phase: 0, Halts: [0. 0. 0. 0.], Waiting: [0. 0. 0. 1.]
[Step 1424] Action: 2, Phase: 4, Halts: [0. 0. 0. 0.], Waiting: [1. 0. 0. 0.]
[Step 1434] Action: 0, Phase: 4, Halts: [0. 0. 0. 0.], Waiting: [1. 0. 0. 0.]
[Step 1448] Action: 0, Phase: 0, Halts: [0. 0. 0. 0.], Waiting: [0. 0. 0. 0.]
[Step 1458] Action: 2, Phase: 0, Halts: [0. 0. 0. 0.], Waiting: [0. 0. 0. 0.]
[Step 1472] Action: 0, Phase: 4, Halts: [0. 0. 0. 0.], Waiting: [0. 0. 0. 0.]
[Step 1486] Action: 1, Phase: 0, Halts: [0. 0. 0. 0.], Waiting: [1. 0. 0. 0.]
[Step 1500] Action: 0, Phase: 2, Halts: [0. 0. 0. 0.], Waiting: [0. 1. 1. 0.]
[Step 1514] Action: 2, Phase: 0, Halts: [0. 0. 0. 0.], Waiting: [0. 0. 1. 0.]
[Step 1528] Action: 0, Phase: 4, Halts: [0. 0. 0. 0.], Waiting: [0. 0. 0. 0.]
[Step 1542] Action: 1, Phase: 0, Halts: [0. 0. 0. 0.], Waiting: [1. 0. 0. 0.]
[Step 1556] Action: 2, Phase: 2, Halts: [0. 0. 0. 0.], Waiting: [0. 0. 0. 1.]
[Step 1570] Action: 2, Phase: 4, Halts: [0. 0. 0. 0.], Waiting: [0. 0. 0. 0.]
[Step 1580] Action: 0, Phase: 4, Halts: [0. 0. 0. 0.], Waiting: [0. 0. 0. 0.]
[Step 1594] Action: 2, Phase: 0, Halts: [0. 0. 0. 0.], Waiting: [0. 0. 0. 0.]
[Step 1608] Action: 2, Phase: 4, Halts: [0. 0. 0. 0.], Waiting: [1. 0. 0. 0.]
[Step 1618] Action: 0, Phase: 4, Halts: [0. 0. 0. 0.], Waiting: [2. 0. 0. 0.]
[Step 1632] Action: 2, Phase: 0, Halts: [0. 0. 0. 0.], Waiting: [0. 0. 0. 0.]
[Step 1646] Action: 0, Phase: 4, Halts: [0. 0. 0. 0.], Waiting: [0. 0. 0. 0.]
[Step 1660] Action: 3, Phase: 0, Halts: [0. 0. 0. 0.], Waiting: [0. 0. 0. 0.]
[Step 1674] Action: 3, Phase: 6, Halts: [0. 0. 0. 0.], Waiting: [0. 0. 0. 0.]
[Step 1684] Action: 2, Phase: 6, Halts: [0. 1. 0. 0.], Waiting: [0. 0. 0. 0.]
[Step 1698] Action: 2, Phase: 4, Halts: [0. 1. 0. 0.], Waiting: [0. 0. 0. 0.]
[Step 1708] Action: 2, Phase: 4, Halts: [0. 1. 0. 0.], Waiting: [0. 1. 0. 0.]
[Step 1718] Action: 0, Phase: 4, Halts: [0. 1. 0. 0.], Waiting: [1. 1. 0. 0.]
[Step 1732] Action: 1, Phase: 0, Halts: [0. 1. 0. 0.], Waiting: [0. 0. 0. 0.]
[Step 1746] Action: 0, Phase: 2, Halts: [0. 1. 0. 0.], Waiting: [1. 0. 0. 0.]
[Step 1760] Action: 2, Phase: 0, Halts: [0. 0. 0. 0.], Waiting: [0. 0. 0. 2.]
[Step 1774] Action: 2, Phase: 4, Halts: [0. 0. 0. 0.], Waiting: [0. 0. 0. 0.]
[Step 1784] Action: 3, Phase: 4, Halts: [0. 0. 0. 0.], Waiting: [0. 0. 0. 0.]
[Step 1798] Action: 1, Phase: 6, Halts: [0. 0. 0. 0.], Waiting: [1. 2. 0. 0.]
[Step 1812] Action: 0, Phase: 2, Halts: [0. 0. 0. 0.], Waiting: [2. 0. 0. 0.]
[Step 1826] Action: 3, Phase: 0, Halts: [0. 0. 0. 0.], Waiting: [0. 0. 2. 1.]
[Step 1840] Action: 2, Phase: 6, Halts: [0. 0. 0. 0.], Waiting: [1. 0. 1. 1.]
[Step 1854] Action: 0, Phase: 4, Halts: [0. 0. 0. 0.], Waiting: [1. 0. 0. 0.]
[Step 1868] Action: 2, Phase: 0, Halts: [0. 0. 0. 0.], Waiting: [0. 0. 0. 0.]
[Step 1882] Action: 2, Phase: 4, Halts: [0. 0. 0. 0.], Waiting: [0. 0. 0. 0.]
[Step 1892] Action: 0, Phase: 4, Halts: [0. 0. 0. 0.], Waiting: [1. 0. 0. 0.]
[Step 1906] Action: 1, Phase: 0, Halts: [0. 0. 0. 0.], Waiting: [1. 0. 0. 1.]
[Step 1920] Action: 3, Phase: 2, Halts: [0. 0. 0. 0.], Waiting: [1. 0. 0. 3.]
[Step 1934] Action: 2, Phase: 6, Halts: [0. 0. 0. 0.], Waiting: [1. 0. 0. 3.]
[Step 1948] Action: 0, Phase: 4, Halts: [0. 0. 0. 0.], Waiting: [3. 0. 0. 0.]
[Step 1962] Action: 1, Phase: 0, Halts: [0. 0. 0. 0.], Waiting: [1. 0. 0. 1.]
[Step 1976] Action: 2, Phase: 2, Halts: [0. 0. 0. 0.], Waiting: [1. 0. 0. 1.]
[Step 1990] Action: 0, Phase: 4, Halts: [0. 0. 0. 0.], Waiting: [2. 0. 0. 0.]
[Step 2004] Action: 2, Phase: 0, Halts: [0. 0. 0. 0.], Waiting: [0. 0. 0. 0.]
[Step 2018] Action: 2, Phase: 4, Halts: [0. 1. 0. 0.], Waiting: [0. 0. 0. 0.]
[Step 2028] Action: 3, Phase: 4, Halts: [0. 1. 0. 0.], Waiting: [0. 0. 0. 0.]
[Step 2042] Action: 2, Phase: 6, Halts: [0. 1. 0. 0.], Waiting: [0. 1. 0. 0.]
[Step 2056] Action: 0, Phase: 4, Halts: [0. 1. 0. 0.], Waiting: [1. 1. 0. 0.]
[Step 2070] Action: 2, Phase: 0, Halts: [0. 1. 0. 0.], Waiting: [0. 0. 0. 0.]
[Step 2084] Action: 0, Phase: 4, Halts: [0. 0. 0. 0.], Waiting: [0. 1. 0. 0.]
[Step 2098] Action: 2, Phase: 0, Halts: [0. 0. 0. 0.], Waiting: [0. 0. 0. 0.]
[Step 2112] Action: 0, Phase: 4, Halts: [0. 0. 0. 0.], Waiting: [1. 0. 0. 0.]
[Step 2126] Action: 1, Phase: 0, Halts: [0. 0. 0. 0.], Waiting: [1. 0. 0. 0.]
[Step 2140] Action: 0, Phase: 2, Halts: [0. 0. 0. 0.], Waiting: [0. 1. 0. 0.]
[Step 2154] Action: 2, Phase: 0, Halts: [0. 0. 0. 0.], Waiting: [0. 0. 0. 0.]
[Step 2168] Action: 1, Phase: 4, Halts: [0. 0. 0. 0.], Waiting: [0. 0. 0. 0.]
[Step 2182] Action: 3, Phase: 2, Halts: [0. 0. 0. 0.], Waiting: [0. 0. 0. 0.]
[Step 2196] Action: 3, Phase: 6, Halts: [0. 0. 0. 0.], Waiting: [0. 0. 0. 0.]
[Step 2206] Action: 0, Phase: 6, Halts: [0. 0. 0. 0.], Waiting: [0. 0. 0. 0.]
[Step 2220] Action: 0, Phase: 0, Halts: [0. 0. 0. 0.], Waiting: [0. 0. 0. 0.]
[Step 2230] Action: 2, Phase: 0, Halts: [0. 0. 0. 0.], Waiting: [0. 0. 0. 0.]
[Step 2244] Action: 3, Phase: 4, Halts: [0. 0. 0. 0.], Waiting: [0. 0. 0. 0.]
[Step 2258] Action: 2, Phase: 6, Halts: [0. 0. 0. 0.], Waiting: [0. 0. 0. 0.]
[Step 2272] Action: 2, Phase: 4, Halts: [0. 0. 0. 0.], Waiting: [0. 0. 0. 0.]
[Step 2282] Action: 3, Phase: 4, Halts: [0. 0. 0. 0.], Waiting: [0. 0. 0. 0.]
[Step 2296] Action: 0, Phase: 6, Halts: [0. 0. 0. 0.], Waiting: [0. 0. 0. 0.]
[Step 2310] Action: 0, Phase: 0, Halts: [0. 0. 0. 0.], Waiting: [0. 0. 0. 0.]
[Step 2320] Action: 2, Phase: 0, Halts: [0. 0. 0. 0.], Waiting: [0. 0. 1. 0.]
[Step 2334] Action: 3, Phase: 4, Halts: [0. 0. 0. 0.], Waiting: [0. 0. 0. 0.]
[Step 2348] Action: 0, Phase: 6, Halts: [0. 0. 0. 0.], Waiting: [1. 0. 0. 0.]
[Step 2362] Action: 3, Phase: 0, Halts: [0. 0. 0. 0.], Waiting: [0. 0. 0. 0.]
[Step 2376] Action: 2, Phase: 6, Halts: [0. 0. 0. 0.], Waiting: [0. 0. 1. 0.]
[Step 2390] Action: 0, Phase: 4, Halts: [0. 0. 0. 0.], Waiting: [0. 0. 0. 0.]
[Step 2404] Action: 1, Phase: 0, Halts: [0. 0. 0. 0.], Waiting: [0. 0. 0. 0.]
[Step 2418] Action: 0, Phase: 2, Halts: [0. 0. 0. 0.], Waiting: [0. 0. 0. 0.]
[Step 2432] Action: 2, Phase: 0, Halts: [0. 0. 0. 0.], Waiting: [0. 0. 0. 0.]
[Step 2446] Action: 0, Phase: 4, Halts: [0. 0. 0. 0.], Waiting: [0. 0. 0. 0.]
[Step 2460] Action: 0, Phase: 0, Halts: [0. 0. 0. 0.], Waiting: [0. 0. 0. 0.]
[Step 2470] Action: 2, Phase: 0, Halts: [0. 0. 0. 0.], Waiting: [0. 0. 0. 0.]
[Step 2484] Action: 2, Phase: 4, Halts: [0. 0. 0. 0.], Waiting: [0. 0. 0. 0.]
[Step 2494] Action: 0, Phase: 4, Halts: [0. 0. 0. 0.], Waiting: [0. 0. 0. 0.]
[Step 2508] Action: 0, Phase: 0, Halts: [0. 0. 0. 0.], Waiting: [0. 0. 0. 0.]
[Step 2518] Action: 2, Phase: 0, Halts: [0. 0. 0. 0.], Waiting: [0. 0. 0. 0.]
[Step 2532] Action: 0, Phase: 4, Halts: [0. 0. 0. 0.], Waiting: [0. 0. 0. 0.]
[Step 2546] Action: 2, Phase: 0, Halts: [0. 0. 0. 0.], Waiting: [0. 0. 0. 0.]
[Step 2560] Action: 0, Phase: 4, Halts: [0. 0. 0. 0.], Waiting: [0. 0. 0. 0.]
[Step 2574] Action: 0, Phase: 0, Halts: [0. 0. 0. 0.], Waiting: [0. 0. 0. 0.]
[Step 2584] Action: 3, Phase: 0, Halts: [0. 0. 0. 0.], Waiting: [0. 0. 0. 0.]
[Step 2598] Action: 2, Phase: 6, Halts: [0. 0. 0. 0.], Waiting: [0. 0. 0. 0.]
[Step 2612] Action: 2, Phase: 4, Halts: [0. 0. 0. 0.], Waiting: [0. 0. 0. 0.]
[Step 2622] Action: 3, Phase: 4, Halts: [0. 0. 0. 0.], Waiting: [0. 0. 0. 0.]
[Step 2636] Action: 0, Phase: 6, Halts: [0. 0. 0. 0.], Waiting: [1. 0. 0. 0.]
[Step 2650] Action: 2, Phase: 0, Halts: [0. 0. 0. 0.], Waiting: [0. 0. 0. 0.]
[Step 2664] Action: 3, Phase: 4, Halts: [0. 0. 0. 0.], Waiting: [0. 0. 0. 0.]
[Step 2678] Action: 0, Phase: 6, Halts: [0. 0. 0. 0.], Waiting: [0. 0. 0. 0.]
[Step 2692] Action: 2, Phase: 0, Halts: [0. 0. 0. 0.], Waiting: [0. 0. 1. 0.]
[Step 2706] Action: 2, Phase: 4, Halts: [0. 0. 0. 0.], Waiting: [0. 0. 0. 0.]
[Step 2716] Action: 2, Phase: 4, Halts: [0. 0. 0. 0.], Waiting: [0. 0. 0. 0.]
[Step 2726] Action: 1, Phase: 4, Halts: [0. 0. 0. 0.], Waiting: [0. 0. 0. 0.]
[Step 2740] Action: 2, Phase: 2, Halts: [0. 0. 0. 0.], Waiting: [0. 0. 0. 0.]
[Step 2754] Action: 0, Phase: 4, Halts: [0. 0. 0. 0.], Waiting: [0. 1. 0. 0.]
[Step 2768] Action: 2, Phase: 0, Halts: [0. 0. 0. 0.], Waiting: [0. 0. 0. 0.]
[Step 2782] Action: 1, Phase: 4, Halts: [0. 0. 0. 0.], Waiting: [0. 0. 0. 0.]
[Step 2796] Action: 3, Phase: 2, Halts: [0. 0. 0. 0.], Waiting: [0. 0. 0. 0.]
[Step 2810] Action: 3, Phase: 6, Halts: [0. 0. 0. 0.], Waiting: [0. 0. 0. 0.]
[Step 2820] Action: 3, Phase: 6, Halts: [0. 0. 0. 0.], Waiting: [0. 0. 0. 0.]
[Step 2830] Action: 3, Phase: 6, Halts: [0. 0. 0. 0.], Waiting: [0. 0. 0. 0.]
[Step 2840] Action: 3, Phase: 6, Halts: [1. 0. 0. 0.], Waiting: [0. 0. 0. 0.]
[Step 2850] Action: 3, Phase: 6, Halts: [1. 0. 0. 0.], Waiting: [0. 0. 0. 0.]
[Step 2860] Action: 0, Phase: 6, Halts: [1. 0. 0. 0.], Waiting: [0. 0. 0. 0.]
[Step 2874] Action: 2, Phase: 0, Halts: [1. 0. 0. 0.], Waiting: [0. 0. 0. 0.]
[Step 2888] Action: 3, Phase: 4, Halts: [1. 0. 0. 0.], Waiting: [0. 0. 0. 0.]
[Step 2902] Action: 2, Phase: 6, Halts: [1. 0. 0. 0.], Waiting: [0. 0. 1. 0.]
[Step 2916] Action: 3, Phase: 4, Halts: [0. 0. 0. 0.], Waiting: [0. 0. 0. 0.]
[Step 2930] Action: 0, Phase: 6, Halts: [0. 0. 0. 0.], Waiting: [0. 0. 0. 0.]
[Step 2944] Action: 2, Phase: 0, Halts: [0. 0. 0. 0.], Waiting: [0. 0. 0. 0.]
[Step 2958] Action: 3, Phase: 4, Halts: [0. 0. 0. 0.], Waiting: [0. 0. 0. 0.]
[Step 2972] Action: 2, Phase: 6, Halts: [0. 0. 0. 0.], Waiting: [0. 0. 0. 0.]
[Step 2986] Action: 0, Phase: 4, Halts: [0. 0. 0. 0.], Waiting: [0. 1. 0. 0.]
[Step 3000] Action: 0, Phase: 0, Halts: [0. 0. 0. 0.], Waiting: [0. 0. 0. 0.]
[Step 3010] Action: 1, Phase: 0, Halts: [0. 0. 0. 0.], Waiting: [0. 0. 0. 0.]
[Step 3024] Action: 0, Phase: 2, Halts: [0. 0. 0. 0.], Waiting: [0. 0. 0. 0.]
[Step 3038] Action: 2, Phase: 0, Halts: [0. 0. 0. 0.], Waiting: [0. 0. 0. 0.]
[Step 3052] Action: 1, Phase: 4, Halts: [0. 0. 0. 0.], Waiting: [0. 0. 0. 0.]
[Step 3066] Action: 0, Phase: 2, Halts: [0. 0. 0. 0.], Waiting: [0. 0. 0. 0.]
[Step 3080] Action: 0, Phase: 0, Halts: [0. 0. 0. 0.], Waiting: [0. 0. 0. 0.]
[Step 3090] Action: 1, Phase: 0, Halts: [0. 0. 0. 0.], Waiting: [0. 0. 0. 0.]
[Step 3104] Action: 0, Phase: 2, Halts: [0. 0. 0. 0.], Waiting: [0. 0. 0. 0.]
[Step 3118] Action: 2, Phase: 0, Halts: [0. 0. 0. 0.], Waiting: [0. 0. 0. 2.]
[Step 3132] Action: 1, Phase: 4, Halts: [0. 0. 0. 0.], Waiting: [0. 0. 0. 0.]
[Step 3146] Action: 0, Phase: 2, Halts: [0. 0. 0. 0.], Waiting: [0. 0. 0. 0.]
[Step 3160] Action: 0, Phase: 0, Halts: [0. 0. 0. 0.], Waiting: [0. 0. 0. 0.]
[Step 3170] Action: 0, Phase: 0, Halts: [0. 0. 0. 0.], Waiting: [0. 0. 0. 0.]
[Step 3180] Action: 0, Phase: 0, Halts: [0. 0. 0. 0.], Waiting: [0. 0. 0. 0.]
[Step 3190] Action: 2, Phase: 0, Halts: [0. 0. 0. 0.], Waiting: [0. 0. 0. 0.]
[Step 3204] Action: 3, Phase: 4, Halts: [0. 0. 0. 0.], Waiting: [0. 0. 0. 0.]
[Step 3218] Action: 0, Phase: 6, Halts: [0. 0. 0. 0.], Waiting: [0. 0. 0. 0.]
[Step 3232] Action: 3, Phase: 0, Halts: [0. 0. 0. 0.], Waiting: [0. 0. 0. 0.]
[Step 3246] Action: 0, Phase: 6, Halts: [0. 0. 0. 0.], Waiting: [1. 0. 0. 0.]
[Step 3260] Action: 0, Phase: 0, Halts: [0. 0. 0. 0.], Waiting: [0. 0. 0. 0.]
[Step 3270] Action: 0, Phase: 0, Halts: [0. 0. 0. 0.], Waiting: [0. 0. 0. 0.]
[Step 3280] Action: 0, Phase: 0, Halts: [0. 0. 0. 0.], Waiting: [0. 0. 0. 0.]
[Step 3290] Action: 2, Phase: 0, Halts: [0. 0. 0. 0.], Waiting: [0. 0. 0. 0.]
[Step 3304] Action: 0, Phase: 4, Halts: [0. 0. 0. 0.], Waiting: [0. 0. 0. 0.]
[Step 3318] Action: 0, Phase: 0, Halts: [0. 0. 0. 0.], Waiting: [0. 0. 0. 0.]
[Step 3328] Action: 2, Phase: 0, Halts: [0. 0. 0. 0.], Waiting: [0. 0. 0. 0.]
[Step 3342] Action: 1, Phase: 4, Halts: [0. 0. 0. 0.], Waiting: [0. 0. 0. 0.]
[Step 3356] Action: 3, Phase: 2, Halts: [0. 0. 0. 0.], Waiting: [0. 0. 0. 0.]
[Step 3370] Action: 3, Phase: 6, Halts: [0. 0. 0. 0.], Waiting: [0. 0. 0. 0.]
[Step 3380] Action: 3, Phase: 6, Halts: [0. 0. 0. 0.], Waiting: [0. 0. 0. 0.]
[Step 3390] Action: 3, Phase: 6, Halts: [0. 0. 0. 0.], Waiting: [0. 0. 0. 0.]
[Step 3400] Action: 3, Phase: 6, Halts: [0. 0. 0. 0.], Waiting: [0. 0. 0. 0.]
[Step 3410] Action: 3, Phase: 6, Halts: [0. 0. 0. 0.], Waiting: [0. 0. 0. 0.]
[Step 3420] Action: 3, Phase: 6, Halts: [0. 0. 0. 0.], Waiting: [0. 0. 0. 0.]
[Step 3430] Action: 3, Phase: 6, Halts: [0. 0. 0. 0.], Waiting: [0. 0. 0. 0.]
[Step 3440] Action: 3, Phase: 6, Halts: [0. 0. 0. 0.], Waiting: [0. 0. 0. 0.]
[Step 3450] Action: 3, Phase: 6, Halts: [0. 0. 0. 0.], Waiting: [0. 0. 0. 0.]
[Step 3460] Action: 3, Phase: 6, Halts: [0. 0. 0. 0.], Waiting: [0. 0. 0. 0.]
[Step 3470] Action: 2, Phase: 6, Halts: [0. 0. 0. 0.], Waiting: [0. 0. 0. 0.]
[Step 3484] Action: 3, Phase: 4, Halts: [0. 0. 0. 0.], Waiting: [0. 0. 0. 0.]
[Step 3498] Action: 3, Phase: 6, Halts: [0. 0. 0. 0.], Waiting: [0. 0. 0. 0.]
[Step 3508] Action: 3, Phase: 6, Halts: [0. 0. 0. 0.], Waiting: [0. 0. 0. 0.]
[Step 3518] Action: 0, Phase: 6, Halts: [0. 0. 0. 0.], Waiting: [0. 0. 0. 0.]
[Step 3532] Action: 2, Phase: 0, Halts: [0. 0. 0. 0.], Waiting: [0. 0. 0. 0.]
[Step 3546] Action: 0, Phase: 4, Halts: [0. 0. 0. 0.], Waiting: [1. 0. 0. 0.]
[Step 3560] Action: 0, Phase: 0, Halts: [0. 0. 0. 0.], Waiting: [0. 0. 0. 0.]
[Step 3570] Action: 0, Phase: 0, Halts: [0. 0. 0. 0.], Waiting: [0. 0. 0. 0.]
[Step 3580] Action: 2, Phase: 0, Halts: [0. 0. 0. 0.], Waiting: [0. 0. 0. 0.]
[Step 3594] Action: 1, Phase: 4, Halts: [0. 0. 0. 0.], Waiting: [0. 0. 0. 0.]
[Step 3608] Action: 0, Phase: 2, Halts: [0. 0. 0. 0.], Waiting: [0. 0. 0. 0.]
[Step 3622] Action: 2, Phase: 0, Halts: [0. 0. 0. 0.], Waiting: [0. 0. 0. 0.]
[Step 3636] Action: 1, Phase: 4, Halts: [0. 0. 0. 0.], Waiting: [0. 0. 0. 0.]
[Step 3650] Action: 3, Phase: 2, Halts: [0. 0. 0. 0.], Waiting: [0. 0. 0. 0.]
[Step 3664] Action: 3, Phase: 6, Halts: [0. 0. 0. 0.], Waiting: [0. 0. 0. 0.]
[Step 3674] Action: 3, Phase: 6, Halts: [0. 0. 0. 0.], Waiting: [0. 0. 0. 0.]
[Step 3684] Action: 3, Phase: 6, Halts: [0. 0. 0. 0.], Waiting: [0. 0. 0. 0.]
[Step 3694] Action: 3, Phase: 6, Halts: [0. 0. 0. 0.], Waiting: [0. 0. 0. 0.]
[Step 3704] Action: 3, Phase: 6, Halts: [0. 0. 0. 0.], Waiting: [0. 0. 0. 0.]
[Step 3714] Action: 3, Phase: 6, Halts: [0. 0. 0. 0.], Waiting: [0. 0. 0. 0.]
[Step 3724] Action: 3, Phase: 6, Halts: [0. 0. 0. 0.], Waiting: [0. 0. 0. 0.]
[Step 3734] Action: 3, Phase: 6, Halts: [0. 0. 0. 0.], Waiting: [0. 0. 0. 0.]
[Step 3744] Action: 3, Phase: 6, Halts: [0. 0. 0. 0.], Waiting: [0. 0. 0. 0.]
[Step 3754] Action: 3, Phase: 6, Halts: [0. 0. 0. 0.], Waiting: [0. 0. 0. 0.]
[Step 3764] Action: 3, Phase: 6, Halts: [0. 0. 0. 0.], Waiting: [0. 0. 0. 0.]
[Step 3774] Action: 3, Phase: 6, Halts: [0. 0. 0. 0.], Waiting: [0. 0. 0. 0.]
[Step 3784] Action: 3, Phase: 6, Halts: [0. 0. 0. 0.], Waiting: [0. 0. 0. 0.]
[Step 3794] Action: 3, Phase: 6, Halts: [0. 0. 0. 0.], Waiting: [0. 0. 0. 0.]
[Step 3804] Action: 2, Phase: 6, Halts: [0. 0. 0. 0.], Waiting: [0. 0. 0. 0.]
[Step 3818] Action: 3, Phase: 4, Halts: [0. 0. 0. 0.], Waiting: [0. 0. 0. 0.]
[Step 3832] Action: 0, Phase: 6, Halts: [0. 0. 0. 0.], Waiting: [0. 0. 0. 0.]
[Step 3846] Action: 0, Phase: 0, Halts: [0. 0. 0. 0.], Waiting: [0. 0. 0. 0.]
[Step 3856] Action: 2, Phase: 0, Halts: [0. 0. 0. 0.], Waiting: [0. 0. 0. 0.]
[Step 3870] Action: 1, Phase: 4, Halts: [0. 0. 0. 0.], Waiting: [0. 0. 0. 0.]
[Step 3884] Action: 3, Phase: 2, Halts: [0. 0. 0. 0.], Waiting: [0. 0. 0. 0.]
[Step 3898] Action: 3, Phase: 6, Halts: [0. 0. 0. 0.], Waiting: [0. 0. 0. 0.]
[Step 3908] Action: 3, Phase: 6, Halts: [0. 0. 0. 0.], Waiting: [0. 0. 0. 0.]
[Step 3918] Action: 3, Phase: 6, Halts: [0. 0. 0. 0.], Waiting: [0. 0. 0. 0.]
[Step 3928] Action: 3, Phase: 6, Halts: [0. 0. 0. 0.], Waiting: [0. 0. 0. 0.]
[Step 3938] Action: 3, Phase: 6, Halts: [0. 0. 0. 0.], Waiting: [0. 0. 0. 0.]
[Step 3948] Action: 3, Phase: 6, Halts: [0. 0. 0. 0.], Waiting: [0. 0. 0. 0.]
[Step 3958] Action: 3, Phase: 6, Halts: [0. 0. 0. 0.], Waiting: [0. 0. 0. 0.]
[Step 3968] Action: 3, Phase: 6, Halts: [0. 0. 0. 0.], Waiting: [0. 0. 0. 0.]
[Step 3978] Action: 3, Phase: 6, Halts: [0. 0. 0. 0.], Waiting: [0. 0. 0. 0.]
[Step 3988] Action: 3, Phase: 6, Halts: [0. 0. 0. 0.], Waiting: [0. 0. 0. 0.]
[Step 3998] Action: 3, Phase: 6, Halts: [0. 0. 0. 0.], Waiting: [0. 0. 0. 0.]
[Step 4008] Action: 3, Phase: 6, Halts: [0. 0. 0. 0.], Waiting: [0. 0. 0. 0.]
[Step 4018] Action: 3, Phase: 6, Halts: [0. 0. 0. 0.], Waiting: [0. 0. 0. 0.]
[Step 4028] Action: 3, Phase: 6, Halts: [0. 0. 0. 0.], Waiting: [0. 0. 0. 0.]
[Step 4038] Action: 3, Phase: 6, Halts: [0. 0. 0. 0.], Waiting: [0. 0. 0. 0.]
[Step 4048] Action: 3, Phase: 6, Halts: [0. 0. 0. 0.], Waiting: [0. 0. 0. 0.]
[Step 4058] Action: 3, Phase: 6, Halts: [0. 0. 0. 0.], Waiting: [0. 0. 0. 0.]
[Step 4068] Action: 3, Phase: 6, Halts: [0. 0. 0. 0.], Waiting: [0. 0. 0. 0.]
[Step 4078] Action: 3, Phase: 6, Halts: [0. 0. 0. 0.], Waiting: [0. 0. 0. 0.]
[Step 4088] Action: 3, Phase: 6, Halts: [0. 0. 0. 0.], Waiting: [0. 0. 0. 0.]
[Step 4098] Action: 3, Phase: 6, Halts: [0. 0. 0. 0.], Waiting: [0. 0. 0. 0.]
[Step 4108] Action: 3, Phase: 6, Halts: [0. 0. 0. 0.], Waiting: [0. 0. 0. 0.]
[Step 4118] Action: 3, Phase: 6, Halts: [0. 0. 0. 0.], Waiting: [0. 0. 0. 0.]
[Step 4128] Action: 3, Phase: 6, Halts: [0. 0. 0. 0.], Waiting: [0. 0. 0. 0.]
[Step 4138] Action: 3, Phase: 6, Halts: [0. 0. 0. 0.], Waiting: [0. 0. 0. 0.]
[Step 4148] Action: 3, Phase: 6, Halts: [0. 0. 0. 0.], Waiting: [0. 0. 0. 0.]
[Step 4158] Action: 3, Phase: 6, Halts: [0. 0. 0. 0.], Waiting: [0. 0. 0. 0.]
[Step 4168] Action: 3, Phase: 6, Halts: [0. 0. 0. 0.], Waiting: [0. 0. 0. 0.]
[Step 4178] Action: 3, Phase: 6, Halts: [0. 0. 0. 0.], Waiting: [0. 0. 0. 0.]
[Step 4188] Action: 3, Phase: 6, Halts: [0. 0. 0. 0.], Waiting: [0. 0. 0. 0.]
[Step 4198] Action: 3, Phase: 6, Halts: [0. 0. 0. 0.], Waiting: [0. 0. 0. 0.]
[Step 4208] Action: 3, Phase: 6, Halts: [0. 0. 0. 0.], Waiting: [0. 0. 0. 0.]
[Step 4218] Action: 3, Phase: 6, Halts: [0. 0. 0. 0.], Waiting: [0. 0. 0. 0.]
[Step 4228] Action: 3, Phase: 6, Halts: [0. 0. 0. 0.], Waiting: [0. 0. 0. 0.]
[Step 4238] Action: 3, Phase: 6, Halts: [0. 0. 0. 0.], Waiting: [0. 0. 0. 0.]
[Step 4248] Action: 3, Phase: 6, Halts: [0. 0. 0. 0.], Waiting: [0. 0. 0. 0.]
[Step 4258] Action: 3, Phase: 6, Halts: [0. 0. 0. 0.], Waiting: [0. 0. 0. 0.]
[Step 4268] Action: 3, Phase: 6, Halts: [0. 0. 0. 0.], Waiting: [0. 0. 0. 0.]
[Step 4278] Action: 3, Phase: 6, Halts: [0. 0. 0. 0.], Waiting: [0. 0. 0. 0.]
[Step 4288] Action: 3, Phase: 6, Halts: [0. 0. 0. 0.], Waiting: [0. 0. 0. 0.]
[Step 4298] Action: 3, Phase: 6, Halts: [0. 0. 0. 0.], Waiting: [0. 0. 0. 0.]
[Step 4308] Action: 3, Phase: 6, Halts: [0. 0. 0. 0.], Waiting: [0. 0. 0. 0.]
[Step 4318] Action: 3, Phase: 6, Halts: [0. 0. 0. 0.], Waiting: [0. 0. 0. 0.]
[Step 4328] Action: 3, Phase: 6, Halts: [0. 0. 0. 0.], Waiting: [0. 0. 0. 0.]
[Step 4338] Action: 3, Phase: 6, Halts: [0. 0. 0. 0.], Waiting: [0. 0. 0. 0.]
[Step 4348] Action: 3, Phase: 6, Halts: [0. 0. 0. 0.], Waiting: [0. 0. 0. 0.]
[Step 4358] Action: 3, Phase: 6, Halts: [0. 0. 0. 0.], Waiting: [0. 0. 0. 0.]
[Step 4368] Action: 3, Phase: 6, Halts: [0. 0. 0. 0.], Waiting: [0. 0. 0. 0.]
[Step 4378] Action: 3, Phase: 6, Halts: [0. 0. 0. 0.], Waiting: [0. 0. 0. 0.]
[Step 4388] Action: 3, Phase: 6, Halts: [0. 0. 0. 0.], Waiting: [0. 0. 0. 0.]
[Step 4398] Action: 3, Phase: 6, Halts: [0. 0. 0. 0.], Waiting: [0. 0. 0. 0.]
[Step 4408] Action: 3, Phase: 6, Halts: [0. 0. 0. 0.], Waiting: [0. 0. 0. 0.]
[Step 4418] Action: 3, Phase: 6, Halts: [0. 0. 0. 0.], Waiting: [0. 0. 0. 0.]
[Step 4428] Action: 3, Phase: 6, Halts: [0. 0. 0. 0.], Waiting: [0. 0. 0. 0.]
[Step 4438] Action: 3, Phase: 6, Halts: [0. 0. 0. 0.], Waiting: [0. 0. 0. 0.]
[Step 4448] Action: 3, Phase: 6, Halts: [0. 0. 0. 0.], Waiting: [0. 0. 0. 0.]
[Step 4458] Action: 3, Phase: 6, Halts: [0. 0. 0. 0.], Waiting: [0. 0. 0. 0.]
[Step 4468] Action: 3, Phase: 6, Halts: [0. 0. 0. 0.], Waiting: [0. 0. 0. 0.]
[Step 4478] Action: 3, Phase: 6, Halts: [0. 0. 0. 0.], Waiting: [0. 0. 0. 0.]
[Step 4488] Action: 3, Phase: 6, Halts: [0. 0. 0. 0.], Waiting: [0. 0. 0. 0.]
[Step 4498] Action: 3, Phase: 6, Halts: [0. 0. 0. 0.], Waiting: [0. 0. 0. 0.]
[Step 4508] Action: 3, Phase: 6, Halts: [0. 0. 0. 0.], Waiting: [0. 0. 0. 0.]
[Step 4518] Action: 3, Phase: 6, Halts: [0. 0. 0. 0.], Waiting: [0. 0. 0. 0.]
[Step 4528] Action: 3, Phase: 6, Halts: [0. 0. 0. 0.], Waiting: [0. 0. 0. 0.]
[Step 4538] Action: 3, Phase: 6, Halts: [0. 0. 0. 0.], Waiting: [0. 0. 0. 0.]
[Step 4548] Action: 3, Phase: 6, Halts: [0. 0. 0. 0.], Waiting: [0. 0. 0. 0.]
[Step 4558] Action: 3, Phase: 6, Halts: [0. 0. 0. 0.], Waiting: [0. 0. 0. 0.]
[Step 4568] Action: 3, Phase: 6, Halts: [0. 0. 0. 0.], Waiting: [0. 0. 0. 0.]
[Step 4578] Action: 3, Phase: 6, Halts: [0. 0. 0. 0.], Waiting: [0. 0. 0. 0.]
[Step 4588] Action: 3, Phase: 6, Halts: [0. 0. 0. 0.], Waiting: [0. 0. 0. 0.]
[Step 4598] Action: 3, Phase: 6, Halts: [0. 0. 0. 0.], Waiting: [0. 0. 0. 0.]
[Step 4608] Action: 3, Phase: 6, Halts: [0. 0. 0. 0.], Waiting: [0. 0. 0. 0.]
[Step 4618] Action: 3, Phase: 6, Halts: [0. 0. 0. 0.], Waiting: [0. 0. 0. 0.]
[Step 4628] Action: 3, Phase: 6, Halts: [0. 0. 0. 0.], Waiting: [0. 0. 0. 0.]
[Step 4638] Action: 3, Phase: 6, Halts: [0. 0. 0. 0.], Waiting: [0. 0. 0. 0.]
[Step 4648] Action: 3, Phase: 6, Halts: [0. 0. 0. 0.], Waiting: [0. 0. 0. 0.]
[Step 4658] Action: 3, Phase: 6, Halts: [0. 0. 0. 0.], Waiting: [0. 0. 0. 0.]
[Step 4668] Action: 3, Phase: 6, Halts: [0. 0. 0. 0.], Waiting: [0. 0. 0. 0.]
[Step 4678] Action: 3, Phase: 6, Halts: [0. 0. 0. 0.], Waiting: [0. 0. 0. 0.]
[Step 4688] Action: 2, Phase: 6, Halts: [0. 0. 0. 0.], Waiting: [0. 0. 0. 0.]
[Step 4702] Action: 3, Phase: 4, Halts: [0. 0. 0. 0.], Waiting: [0. 0. 0. 0.]
[Step 4716] Action: 3, Phase: 6, Halts: [0. 0. 0. 0.], Waiting: [0. 0. 0. 0.]
[Step 4726] Action: 1, Phase: 6, Halts: [0. 0. 0. 0.], Waiting: [0. 0. 0. 0.]
[Step 4740] Action: 3, Phase: 2, Halts: [0. 0. 0. 0.], Waiting: [0. 0. 0. 1.]
[Step 4754] Action: 3, Phase: 6, Halts: [0. 0. 0. 0.], Waiting: [0. 0. 0. 0.]
[Step 4764] Action: 3, Phase: 6, Halts: [0. 0. 0. 0.], Waiting: [0. 0. 0. 0.]
[Step 4774] Action: 3, Phase: 6, Halts: [0. 0. 0. 0.], Waiting: [0. 0. 0. 0.]
[Step 4784] Action: 3, Phase: 6, Halts: [0. 0. 0. 0.], Waiting: [0. 0. 0. 0.]
[Step 4794] Action: 3, Phase: 6, Halts: [0. 0. 0. 0.], Waiting: [0. 0. 0. 0.]
[Step 4804] Action: 3, Phase: 6, Halts: [0. 0. 0. 0.], Waiting: [0. 0. 0. 0.]
[Step 4814] Action: 3, Phase: 6, Halts: [0. 0. 0. 0.], Waiting: [0. 0. 0. 0.]
[Step 4824] Action: 3, Phase: 6, Halts: [0. 0. 0. 0.], Waiting: [0. 0. 0. 0.]
[Step 4834] Action: 3, Phase: 6, Halts: [0. 0. 0. 0.], Waiting: [0. 0. 0. 0.]
[Step 4844] Action: 3, Phase: 6, Halts: [0. 0. 0. 0.], Waiting: [0. 0. 0. 0.]
[Step 4854] Action: 3, Phase: 6, Halts: [0. 0. 0. 0.], Waiting: [0. 0. 0. 0.]
[Step 4864] Action: 3, Phase: 6, Halts: [0. 0. 0. 0.], Waiting: [0. 0. 0. 0.]
[Step 4874] Action: 3, Phase: 6, Halts: [0. 0. 0. 0.], Waiting: [0. 0. 0. 0.]
[Step 4884] Action: 3, Phase: 6, Halts: [0. 0. 0. 0.], Waiting: [0. 0. 0. 0.]
[Step 4894] Action: 3, Phase: 6, Halts: [0. 0. 0. 0.], Waiting: [0. 0. 0. 0.]
[Step 4904] Action: 3, Phase: 6, Halts: [0. 0. 0. 0.], Waiting: [0. 0. 0. 0.]
[Step 4914] Action: 3, Phase: 6, Halts: [0. 0. 0. 0.], Waiting: [0. 0. 0. 0.]
[Step 4924] Action: 3, Phase: 6, Halts: [0. 0. 0. 0.], Waiting: [0. 0. 0. 0.]
[Step 4934] Action: 0, Phase: 6, Halts: [0. 0. 0. 0.], Waiting: [0. 0. 0. 0.]
[Step 4948] Action: 2, Phase: 0, Halts: [0. 0. 0. 0.], Waiting: [0. 0. 0. 0.]
[Step 4962] Action: 1, Phase: 4, Halts: [0. 0. 0. 0.], Waiting: [0. 0. 0. 0.]
[Step 4976] Action: 3, Phase: 2, Halts: [0. 0. 0. 0.], Waiting: [0. 0. 0. 0.]
[Step 4990] Action: 3, Phase: 6, Halts: [0. 0. 0. 0.], Waiting: [0. 0. 0. 0.]
[Step 5000] Action: 3, Phase: 6, Halts: [0. 0. 0. 0.], Waiting: [0. 0. 0. 0.]
[Step 5010] Action: 3, Phase: 6, Halts: [0. 0. 0. 0.], Waiting: [0. 0. 0. 0.]
[Step 5020] Action: 3, Phase: 6, Halts: [0. 0. 0. 0.], Waiting: [0. 0. 0. 0.]
[Step 5030] Action: 3, Phase: 6, Halts: [0. 0. 0. 0.], Waiting: [0. 0. 0. 0.]
[Step 5040] Action: 3, Phase: 6, Halts: [0. 0. 0. 0.], Waiting: [0. 0. 0. 0.]
[Step 5050] Action: 3, Phase: 6, Halts: [0. 0. 0. 0.], Waiting: [0. 0. 0. 0.]
[Step 5060] Action: 3, Phase: 6, Halts: [0. 0. 0. 0.], Waiting: [0. 0. 0. 0.]
[Step 5070] Action: 3, Phase: 6, Halts: [0. 0. 0. 0.], Waiting: [0. 0. 0. 0.]
[Step 5080] Action: 3, Phase: 6, Halts: [0. 0. 0. 0.], Waiting: [0. 0. 0. 0.]
[Step 5090] Action: 3, Phase: 6, Halts: [0. 0. 0. 0.], Waiting: [0. 0. 0. 0.]
[Step 5100] Action: 3, Phase: 6, Halts: [0. 0. 0. 0.], Waiting: [0. 0. 0. 0.]
[Step 5110] Action: 3, Phase: 6, Halts: [0. 0. 0. 0.], Waiting: [0. 0. 0. 0.]
[Step 5120] Action: 3, Phase: 6, Halts: [0. 0. 0. 0.], Waiting: [0. 0. 0. 0.]
[Step 5130] Action: 3, Phase: 6, Halts: [0. 0. 0. 0.], Waiting: [0. 0. 0. 0.]
[Step 5140] Action: 3, Phase: 6, Halts: [0. 0. 0. 0.], Waiting: [0. 0. 0. 0.]
[Step 5150] Action: 3, Phase: 6, Halts: [0. 0. 0. 0.], Waiting: [0. 0. 0. 0.]
[Step 5160] Action: 3, Phase: 6, Halts: [0. 0. 0. 0.], Waiting: [0. 0. 0. 0.]
[Step 5170] Action: 3, Phase: 6, Halts: [0. 0. 0. 0.], Waiting: [0. 0. 0. 0.]
[Step 5180] Action: 3, Phase: 6, Halts: [0. 0. 0. 0.], Waiting: [0. 0. 0. 0.]
[Step 5190] Action: 3, Phase: 6, Halts: [0. 0. 0. 0.], Waiting: [0. 0. 0. 0.]
[Step 5200] Action: 3, Phase: 6, Halts: [0. 0. 0. 0.], Waiting: [0. 0. 0. 0.]
[Step 5210] Action: 3, Phase: 6, Halts: [0. 0. 0. 0.], Waiting: [0. 0. 0. 0.]
[Step 5220] Action: 3, Phase: 6, Halts: [0. 0. 0. 0.], Waiting: [0. 0. 0. 0.]
[Step 5230] Action: 3, Phase: 6, Halts: [0. 0. 0. 0.], Waiting: [0. 0. 0. 0.]
[Step 5240] Action: 3, Phase: 6, Halts: [0. 0. 0. 0.], Waiting: [0. 0. 0. 0.]
[Step 5250] Action: 3, Phase: 6, Halts: [0. 0. 0. 0.], Waiting: [0. 0. 0. 0.]
[Step 5260] Action: 3, Phase: 6, Halts: [0. 0. 0. 0.], Waiting: [0. 0. 0. 0.]
[Step 5270] Action: 3, Phase: 6, Halts: [0. 0. 0. 0.], Waiting: [0. 0. 0. 0.]
[Step 5280] Action: 3, Phase: 6, Halts: [0. 0. 0. 0.], Waiting: [0. 0. 0. 0.]
[Step 5290] Action: 3, Phase: 6, Halts: [0. 0. 0. 0.], Waiting: [0. 0. 0. 0.]
[Step 5300] Action: 3, Phase: 6, Halts: [0. 0. 0. 0.], Waiting: [0. 0. 0. 0.]
[Step 5310] Action: 3, Phase: 6, Halts: [0. 0. 0. 0.], Waiting: [0. 0. 0. 0.]
[Step 5320] Action: 3, Phase: 6, Halts: [0. 0. 0. 0.], Waiting: [0. 0. 0. 0.]
[Step 5330] Action: 3, Phase: 6, Halts: [0. 0. 0. 0.], Waiting: [0. 0. 0. 0.]
[Step 5340] Action: 3, Phase: 6, Halts: [0. 0. 0. 0.], Waiting: [0. 0. 0. 0.]
[Step 5350] Action: 3, Phase: 6, Halts: [0. 0. 0. 0.], Waiting: [0. 0. 0. 0.]
[Step 5360] Action: 3, Phase: 6, Halts: [0. 0. 0. 0.], Waiting: [0. 0. 0. 0.]
[Step 5370] Action: 3, Phase: 6, Halts: [0. 0. 0. 0.], Waiting: [0. 0. 0. 0.]
[Step 5380] Action: 3, Phase: 6, Halts: [0. 0. 0. 0.], Waiting: [0. 0. 0. 0.]
[Step 5390] Action: 3, Phase: 6, Halts: [0. 0. 0. 0.], Waiting: [0. 0. 0. 0.]
