[Step 0] Action: 3, Phase: 0, Halts: [0. 0. 0. 0.], Waiting: [0. 0. 0. 0.]
[Step 10] Action: 1, Phase: 6, Halts: [0. 0. 0. 0.], Waiting: [0. 0. 0. 0.]
[Step 24] Action: 2, Phase: 2, Halts: [0. 0. 0. 0.], Waiting: [0. 0. 0. 0.]
[Step 38] Action: 0, Phase: 4, Halts: [0. 0. 0. 0.], Waiting: [0. 0. 0. 0.]
[Step 52] Action: 3, Phase: 0, Halts: [0. 0. 0. 0.], Waiting: [0. 0. 0. 0.]
[Step 66] Action: 2, Phase: 6, Halts: [0. 0. 0. 0.], Waiting: [0. 0. 0. 0.]
[Step 80] Action: 1, Phase: 4, Halts: [0. 0. 0. 0.], Waiting: [0. 0. 0. 0.]
[Step 94] Action: 2, Phase: 2, Halts: [0. 0. 0. 0.], Waiting: [0. 0. 0. 0.]
[Step 108] Action: 1, Phase: 4, Halts: [0. 0. 0. 0.], Waiting: [0. 0. 0. 0.]
[Step 122] Action: 3, Phase: 2, Halts: [0. 0. 0. 0.], Waiting: [0. 0. 0. 0.]
[Step 136] Action: 2, Phase: 6, Halts: [0. 0. 0. 0.], Waiting: [0. 0. 0. 0.]
[Step 150] Action: 1, Phase: 4, Halts: [0. 0. 0. 0.], Waiting: [0. 0. 0. 0.]
[Step 164] Action: 0, Phase: 2, Halts: [0. 0. 0. 0.], Waiting: [0. 0. 0. 0.]
[Step 178] Action: 0, Phase: 0, Halts: [0. 0. 0. 0.], Waiting: [0. 0. 0. 0.]
[Step 188] Action: 3, Phase: 0, Halts: [0. 0. 0. 0.], Waiting: [0. 0. 0. 0.]
[Step 202] Action: 3, Phase: 6, Halts: [0. 0. 0. 0.], Waiting: [0. 0. 0. 0.]
[Step 212] Action: 0, Phase: 6, Halts: [0. 0. 0. 0.], Waiting: [0. 0. 0. 0.]
[Step 226] Action: 2, Phase: 0, Halts: [0. 0. 0. 0.], Waiting: [0. 0. 0. 0.]
[Step 240] Action: 0, Phase: 4, Halts: [0. 0. 0. 0.], Waiting: [0. 0. 0. 0.]
[Step 254] Action: 1, Phase: 0, Halts: [0. 0. 0. 0.], Waiting: [0. 0. 0. 0.]
[Step 268] Action: 0, Phase: 2, Halts: [0. 0. 0. 0.], Waiting: [0. 0. 0. 0.]
[Step 282] Action: 1, Phase: 0, Halts: [0. 0. 0. 0.], Waiting: [0. 0. 0. 0.]
[Step 296] Action: 1, Phase: 2, Halts: [0. 0. 0. 0.], Waiting: [0. 0. 0. 0.]
[Step 306] Action: 2, Phase: 2, Halts: [0. 0. 0. 0.], Waiting: [0. 0. 1. 1.]
[Step 320] Action: 1, Phase: 4, Halts: [0. 0. 0. 0.], Waiting: [0. 0. 0. 0.]
[Step 334] Action: 2, Phase: 2, Halts: [0. 0. 0. 0.], Waiting: [0. 0. 0. 1.]
[Step 348] Action: 1, Phase: 4, Halts: [0. 0. 0. 0.], Waiting: [0. 0. 0. 0.]
[Step 362] Action: 3, Phase: 2, Halts: [0. 0. 0. 0.], Waiting: [0. 0. 0. 0.]
[Step 376] Action: 2, Phase: 6, Halts: [0. 0. 0. 0.], Waiting: [0. 0. 0. 0.]
[Step 390] Action: 2, Phase: 4, Halts: [0. 0. 0. 0.], Waiting: [1. 0. 0. 0.]
[Step 400] Action: 0, Phase: 4, Halts: [0. 0. 0. 0.], Waiting: [1. 0. 0. 0.]
[Step 414] Action: 2, Phase: 0, Halts: [0. 0. 0. 0.], Waiting: [0. 0. 0. 0.]
[Step 428] Action: 3, Phase: 4, Halts: [0. 0. 0. 0.], Waiting: [1. 0. 0. 0.]
[Step 442] Action: 3, Phase: 6, Halts: [0. 0. 0. 0.], Waiting: [1. 0. 0. 0.]
[Step 452] Action: 0, Phase: 6, Halts: [0. 0. 0. 0.], Waiting: [1. 0. 0. 0.]
[Step 466] Action: 0, Phase: 0, Halts: [0. 0. 0. 0.], Waiting: [0. 0. 0. 0.]
[Step 476] Action: 1, Phase: 0, Halts: [0. 0. 0. 0.], Waiting: [0. 0. 0. 0.]
[Step 490] Action: 1, Phase: 2, Halts: [0. 0. 0. 0.], Waiting: [0. 0. 0. 0.]
[Step 500] Action: 0, Phase: 2, Halts: [0. 0. 0. 0.], Waiting: [0. 0. 0. 1.]
[Step 514] Action: 2, Phase: 0, Halts: [0. 0. 0. 0.], Waiting: [0. 0. 0. 2.]
[Step 528] Action: 0, Phase: 4, Halts: [0. 0. 0. 0.], Waiting: [0. 1. 0. 1.]
[Step 542] Action: 3, Phase: 0, Halts: [0. 0. 0. 0.], Waiting: [0. 0. 0. 2.]
[Step 556] Action: 3, Phase: 6, Halts: [0. 0. 0. 0.], Waiting: [0. 1. 0. 1.]
[Step 566] Action: 0, Phase: 6, Halts: [0. 0. 0. 0.], Waiting: [0. 1. 0. 1.]
[Step 580] Action: 1, Phase: 0, Halts: [0. 0. 0. 0.], Waiting: [0. 0. 0. 1.]
[Step 594] Action: 1, Phase: 2, Halts: [0. 0. 0. 0.], Waiting: [0. 0. 0. 1.]
[Step 604] Action: 2, Phase: 2, Halts: [0. 0. 0. 0.], Waiting: [0. 0. 0. 1.]
[Step 618] Action: 0, Phase: 4, Halts: [0. 0. 0. 0.], Waiting: [1. 0. 0. 0.]
[Step 632] Action: 2, Phase: 0, Halts: [0. 0. 0. 0.], Waiting: [0. 0. 0. 1.]
[Step 646] Action: 0, Phase: 4, Halts: [0. 0. 0. 0.], Waiting: [1. 0. 0. 0.]
[Step 660] Action: 3, Phase: 0, Halts: [0. 0. 0. 0.], Waiting: [0. 0. 0. 0.]
[Step 674] Action: 1, Phase: 6, Halts: [0. 0. 0. 0.], Waiting: [0. 0. 0. 0.]
[Step 688] Action: 3, Phase: 2, Halts: [0. 0. 0. 0.], Waiting: [0. 0. 0. 0.]
[Step 702] Action: 1, Phase: 6, Halts: [0. 0. 0. 0.], Waiting: [0. 1. 0. 0.]
[Step 716] Action: 1, Phase: 2, Halts: [0. 0. 0. 0.], Waiting: [0. 1. 1. 1.]
[Step 726] Action: 1, Phase: 2, Halts: [0. 0. 0. 0.], Waiting: [0. 2. 1. 1.]
[Step 736] Action: 2, Phase: 2, Halts: [0. 0. 0. 0.], Waiting: [0. 2. 1. 2.]
[Step 750] Action: 0, Phase: 4, Halts: [0. 0. 0. 0.], Waiting: [0. 2. 0. 0.]
[Step 764] Action: 2, Phase: 0, Halts: [0. 0. 0. 0.], Waiting: [0. 0. 1. 0.]
[Step 778] Action: 0, Phase: 4, Halts: [0. 0. 0. 0.], Waiting: [1. 0. 0. 0.]
[Step 792] Action: 3, Phase: 0, Halts: [0. 0. 0. 0.], Waiting: [0. 0. 0. 0.]
[Step 806] Action: 3, Phase: 6, Halts: [0. 0. 0. 0.], Waiting: [0. 0. 0. 0.]
[Step 816] Action: 2, Phase: 6, Halts: [0. 0. 0. 0.], Waiting: [0. 1. 1. 0.]
[Step 830] Action: 1, Phase: 4, Halts: [0. 0. 0. 0.], Waiting: [1. 1. 0. 0.]
[Step 844] Action: 0, Phase: 2, Halts: [0. 0. 0. 0.], Waiting: [1. 1. 1. 0.]
[Step 858] Action: 3, Phase: 0, Halts: [0. 0. 0. 0.], Waiting: [0. 0. 1. 0.]
[Step 872] Action: 2, Phase: 6, Halts: [0. 0. 0. 0.], Waiting: [0. 0. 0. 1.]
[Step 886] Action: 1, Phase: 4, Halts: [0. 0. 0. 0.], Waiting: [0. 0. 0. 0.]
[Step 900] Action: 2, Phase: 2, Halts: [0. 0. 0. 0.], Waiting: [0. 0. 0. 0.]
[Step 914] Action: 2, Phase: 4, Halts: [0. 0. 0. 0.], Waiting: [0. 0. 0. 0.]
[Step 924] Action: 0, Phase: 4, Halts: [0. 0. 0. 0.], Waiting: [0. 0. 0. 0.]
[Step 938] Action: 2, Phase: 0, Halts: [0. 0. 0. 0.], Waiting: [0. 0. 0. 1.]
[Step 952] Action: 3, Phase: 4, Halts: [0. 0. 0. 0.], Waiting: [0. 0. 0. 1.]
[Step 966] Action: 3, Phase: 6, Halts: [0. 0. 0. 0.], Waiting: [1. 0. 1. 0.]
[Step 976] Action: 0, Phase: 6, Halts: [0. 0. 0. 0.], Waiting: [2. 0. 1. 0.]
[Step 990] Action: 1, Phase: 0, Halts: [0. 0. 0. 0.], Waiting: [0. 0. 1. 0.]
[Step 1004] Action: 1, Phase: 2, Halts: [0. 0. 0. 0.], Waiting: [0. 0. 2. 0.]
[Step 1014] Action: 3, Phase: 2, Halts: [0. 0. 0. 0.], Waiting: [0. 0. 2. 0.]
[Step 1028] Action: 0, Phase: 6, Halts: [0. 0. 0. 0.], Waiting: [0. 0. 2. 2.]
[Step 1042] Action: 3, Phase: 0, Halts: [0. 0. 0. 0.], Waiting: [0. 0. 2. 3.]
[Step 1056] Action: 0, Phase: 6, Halts: [0. 0. 0. 0.], Waiting: [0. 0. 2. 3.]
[Step 1070] Action: 3, Phase: 0, Halts: [0. 0. 0. 0.], Waiting: [0. 0. 2. 4.]
[Step 1084] Action: 3, Phase: 6, Halts: [0. 0. 0. 0.], Waiting: [0. 0. 2. 4.]
[Step 1094] Action: 3, Phase: 6, Halts: [0. 0. 0. 0.], Waiting: [0. 0. 2. 4.]
[Step 1104] Action: 0, Phase: 6, Halts: [0. 0. 0. 0.], Waiting: [0. 0. 2. 4.]
[Step 1118] Action: 2, Phase: 0, Halts: [0. 0. 0. 0.], Waiting: [0. 1. 3. 4.]
[Step 1132] Action: 1, Phase: 4, Halts: [0. 0. 0. 0.], Waiting: [1. 1. 0. 0.]
[Step 1146] Action: 0, Phase: 2, Halts: [0. 0. 0. 0.], Waiting: [1. 0. 0. 0.]
[Step 1160] Action: 1, Phase: 0, Halts: [0. 0. 0. 0.], Waiting: [0. 0. 0. 0.]
[Step 1174] Action: 3, Phase: 2, Halts: [0. 0. 0. 0.], Waiting: [0. 0. 1. 0.]
[Step 1188] Action: 2, Phase: 6, Halts: [0. 0. 0. 0.], Waiting: [0. 1. 1. 1.]
[Step 1202] Action: 1, Phase: 4, Halts: [0. 0. 0. 0.], Waiting: [0. 1. 0. 0.]
[Step 1216] Action: 1, Phase: 2, Halts: [0. 0. 0. 0.], Waiting: [0. 1. 0. 0.]
[Step 1226] Action: 3, Phase: 2, Halts: [0. 0. 0. 0.], Waiting: [0. 1. 0. 0.]
[Step 1240] Action: 0, Phase: 6, Halts: [0. 0. 0. 0.], Waiting: [0. 1. 0. 0.]
[Step 1254] Action: 2, Phase: 0, Halts: [0. 0. 0. 0.], Waiting: [0. 0. 0. 0.]
[Step 1268] Action: 0, Phase: 4, Halts: [0. 0. 0. 0.], Waiting: [0. 1. 0. 0.]
[Step 1282] Action: 2, Phase: 0, Halts: [0. 0. 0. 0.], Waiting: [0. 0. 0. 0.]
[Step 1296] Action: 1, Phase: 4, Halts: [0. 0. 0. 0.], Waiting: [0. 0. 0. 0.]
[Step 1310] Action: 2, Phase: 2, Halts: [0. 0. 0. 0.], Waiting: [0. 0. 0. 0.]
[Step 1324] Action: 1, Phase: 4, Halts: [0. 0. 0. 0.], Waiting: [1. 0. 0. 0.]
[Step 1338] Action: 2, Phase: 2, Halts: [0. 0. 0. 0.], Waiting: [1. 1. 0. 0.]
[Step 1352] Action: 0, Phase: 4, Halts: [0. 0. 0. 0.], Waiting: [2. 1. 0. 0.]
[Step 1366] Action: 2, Phase: 0, Halts: [0. 0. 0. 0.], Waiting: [0. 0. 0. 1.]
[Step 1380] Action: 1, Phase: 4, Halts: [0. 0. 0. 0.], Waiting: [1. 0. 0. 0.]
[Step 1394] Action: 2, Phase: 2, Halts: [0. 0. 0. 0.], Waiting: [1. 0. 0. 1.]
[Step 1408] Action: 0, Phase: 4, Halts: [0. 0. 0. 0.], Waiting: [2. 0. 0. 0.]
[Step 1422] Action: 2, Phase: 0, Halts: [0. 0. 0. 0.], Waiting: [0. 0. 1. 1.]
[Step 1436] Action: 2, Phase: 4, Halts: [0. 0. 0. 0.], Waiting: [0. 0. 0. 0.]
[Step 1446] Action: 0, Phase: 4, Halts: [0. 0. 0. 0.], Waiting: [0. 1. 0. 0.]
[Step 1460] Action: 2, Phase: 0, Halts: [0. 0. 0. 0.], Waiting: [0. 0. 0. 0.]
[Step 1474] Action: 0, Phase: 4, Halts: [0. 0. 0. 0.], Waiting: [1. 0. 0. 0.]
[Step 1488] Action: 1, Phase: 0, Halts: [0. 0. 0. 0.], Waiting: [1. 0. 0. 0.]
[Step 1502] Action: 2, Phase: 2, Halts: [0. 0. 0. 0.], Waiting: [0. 0. 1. 0.]
[Step 1516] Action: 0, Phase: 4, Halts: [0. 0. 0. 0.], Waiting: [0. 0. 0. 0.]
[Step 1530] Action: 0, Phase: 0, Halts: [0. 0. 0. 0.], Waiting: [0. 0. 0. 0.]
[Step 1540] Action: 2, Phase: 0, Halts: [0. 0. 0. 0.], Waiting: [0. 0. 0. 0.]
[Step 1554] Action: 2, Phase: 4, Halts: [0. 0. 0. 0.], Waiting: [1. 0. 0. 0.]
[Step 1564] Action: 1, Phase: 4, Halts: [0. 0. 0. 0.], Waiting: [1. 0. 0. 0.]
[Step 1578] Action: 3, Phase: 2, Halts: [0. 0. 0. 0.], Waiting: [0. 0. 0. 0.]
[Step 1592] Action: 2, Phase: 6, Halts: [0. 0. 0. 0.], Waiting: [0. 0. 0. 0.]
[Step 1606] Action: 0, Phase: 4, Halts: [0. 0. 0. 0.], Waiting: [1. 0. 0. 0.]
[Step 1620] Action: 2, Phase: 0, Halts: [0. 0. 0. 0.], Waiting: [0. 0. 0. 1.]
[Step 1634] Action: 0, Phase: 4, Halts: [0. 0. 0. 0.], Waiting: [1. 0. 0. 0.]
[Step 1648] Action: 0, Phase: 0, Halts: [0. 0. 0. 0.], Waiting: [0. 0. 0. 0.]
[Step 1658] Action: 0, Phase: 0, Halts: [0. 0. 0. 0.], Waiting: [0. 0. 0. 0.]
[Step 1668] Action: 2, Phase: 0, Halts: [0. 0. 0. 0.], Waiting: [0. 0. 1. 0.]
[Step 1682] Action: 1, Phase: 4, Halts: [0. 1. 0. 0.], Waiting: [0. 0. 1. 0.]
[Step 1696] Action: 3, Phase: 2, Halts: [0. 1. 0. 0.], Waiting: [0. 0. 1. 0.]
[Step 1710] Action: 2, Phase: 6, Halts: [0. 1. 0. 0.], Waiting: [0. 1. 2. 0.]
[Step 1724] Action: 3, Phase: 4, Halts: [0. 1. 0. 0.], Waiting: [2. 1. 0. 0.]
[Step 1738] Action: 1, Phase: 6, Halts: [0. 1. 0. 0.], Waiting: [4. 4. 0. 0.]
[Step 1752] Action: 0, Phase: 2, Halts: [0. 1. 0. 0.], Waiting: [4. 4. 0. 0.]
[Step 1766] Action: 1, Phase: 0, Halts: [0. 0. 0. 0.], Waiting: [0. 0. 1. 2.]
[Step 1780] Action: 1, Phase: 2, Halts: [0. 0. 0. 0.], Waiting: [0. 0. 1. 2.]
[Step 1790] Action: 2, Phase: 2, Halts: [0. 0. 0. 0.], Waiting: [0. 0. 1. 2.]
[Step 1804] Action: 2, Phase: 4, Halts: [0. 0. 0. 0.], Waiting: [1. 0. 0. 0.]
[Step 1814] Action: 0, Phase: 4, Halts: [0. 0. 0. 0.], Waiting: [2. 0. 0. 0.]
[Step 1828] Action: 2, Phase: 0, Halts: [0. 0. 0. 0.], Waiting: [0. 0. 2. 1.]
[Step 1842] Action: 3, Phase: 4, Halts: [0. 0. 0. 0.], Waiting: [1. 0. 2. 0.]
[Step 1856] Action: 0, Phase: 6, Halts: [0. 0. 0. 0.], Waiting: [1. 0. 0. 0.]
[Step 1870] Action: 2, Phase: 0, Halts: [0. 0. 0. 0.], Waiting: [0. 0. 0. 0.]
[Step 1884] Action: 1, Phase: 4, Halts: [0. 0. 0. 0.], Waiting: [0. 0. 0. 0.]
[Step 1898] Action: 0, Phase: 2, Halts: [0. 0. 0. 0.], Waiting: [0. 0. 0. 0.]
[Step 1912] Action: 2, Phase: 0, Halts: [0. 0. 0. 0.], Waiting: [0. 0. 0. 3.]
[Step 1926] Action: 3, Phase: 4, Halts: [0. 0. 0. 0.], Waiting: [1. 0. 0. 1.]
[Step 1940] Action: 0, Phase: 6, Halts: [0. 0. 0. 0.], Waiting: [1. 0. 0. 0.]
[Step 1954] Action: 3, Phase: 0, Halts: [0. 0. 0. 0.], Waiting: [1. 0. 0. 0.]
[Step 1968] Action: 2, Phase: 6, Halts: [0. 0. 0. 0.], Waiting: [1. 0. 0. 1.]
[Step 1982] Action: 0, Phase: 4, Halts: [0. 0. 0. 0.], Waiting: [3. 0. 0. 0.]
[Step 1996] Action: 1, Phase: 0, Halts: [0. 0. 0. 0.], Waiting: [1. 0. 0. 0.]
[Step 2010] Action: 3, Phase: 2, Halts: [0. 0. 0. 0.], Waiting: [0. 0. 0. 1.]
[Step 2024] Action: 2, Phase: 6, Halts: [0. 1. 0. 0.], Waiting: [0. 0. 2. 1.]
[Step 2038] Action: 2, Phase: 4, Halts: [0. 1. 0. 0.], Waiting: [0. 0. 0. 0.]
[Step 2048] Action: 2, Phase: 4, Halts: [0. 1. 0. 0.], Waiting: [1. 1. 0. 0.]
[Step 2058] Action: 1, Phase: 4, Halts: [0. 1. 0. 0.], Waiting: [1. 1. 0. 0.]
[Step 2072] Action: 0, Phase: 2, Halts: [0. 1. 0. 0.], Waiting: [1. 1. 0. 0.]
[Step 2086] Action: 1, Phase: 0, Halts: [0. 0. 0. 0.], Waiting: [0. 0. 1. 1.]
[Step 2100] Action: 2, Phase: 2, Halts: [0. 0. 0. 0.], Waiting: [0. 0. 1. 2.]
[Step 2114] Action: 0, Phase: 4, Halts: [0. 0. 0. 0.], Waiting: [1. 0. 0. 0.]
[Step 2128] Action: 3, Phase: 0, Halts: [0. 0. 0. 0.], Waiting: [0. 0. 0. 0.]
[Step 2142] Action: 1, Phase: 6, Halts: [0. 0. 0. 0.], Waiting: [0. 1. 0. 0.]
[Step 2156] Action: 1, Phase: 2, Halts: [0. 0. 0. 0.], Waiting: [1. 1. 0. 0.]
[Step 2166] Action: 2, Phase: 2, Halts: [0. 0. 0. 0.], Waiting: [1. 1. 0. 0.]
[Step 2180] Action: 0, Phase: 4, Halts: [0. 0. 0. 0.], Waiting: [1. 1. 0. 0.]
[Step 2194] Action: 0, Phase: 0, Halts: [0. 0. 0. 0.], Waiting: [0. 0. 0. 0.]
[Step 2204] Action: 2, Phase: 0, Halts: [0. 0. 0. 0.], Waiting: [0. 0. 0. 0.]
[Step 2218] Action: 1, Phase: 4, Halts: [0. 0. 0. 0.], Waiting: [0. 0. 0. 0.]
[Step 2232] Action: 0, Phase: 2, Halts: [0. 0. 0. 0.], Waiting: [0. 0. 0. 0.]
[Step 2246] Action: 1, Phase: 0, Halts: [0. 0. 0. 0.], Waiting: [0. 0. 0. 0.]
[Step 2260] Action: 2, Phase: 2, Halts: [0. 0. 0. 0.], Waiting: [0. 0. 0. 0.]
[Step 2274] Action: 2, Phase: 4, Halts: [0. 0. 0. 0.], Waiting: [0. 0. 0. 0.]
[Step 2284] Action: 3, Phase: 4, Halts: [0. 0. 0. 0.], Waiting: [0. 0. 0. 0.]
[Step 2298] Action: 0, Phase: 6, Halts: [0. 0. 0. 0.], Waiting: [0. 0. 0. 0.]
[Step 2312] Action: 3, Phase: 0, Halts: [0. 0. 0. 0.], Waiting: [0. 0. 0. 0.]
[Step 2326] Action: 2, Phase: 6, Halts: [0. 0. 0. 0.], Waiting: [0. 0. 1. 0.]
[Step 2340] Action: 1, Phase: 4, Halts: [0. 0. 0. 0.], Waiting: [0. 0. 0. 0.]
[Step 2354] Action: 3, Phase: 2, Halts: [0. 0. 0. 0.], Waiting: [1. 0. 0. 0.]
[Step 2368] Action: 0, Phase: 6, Halts: [0. 0. 0. 0.], Waiting: [1. 0. 1. 0.]
[Step 2382] Action: 2, Phase: 0, Halts: [0. 0. 0. 0.], Waiting: [0. 0. 1. 0.]
[Step 2396] Action: 1, Phase: 4, Halts: [0. 0. 0. 0.], Waiting: [0. 1. 0. 0.]
[Step 2410] Action: 1, Phase: 2, Halts: [0. 0. 0. 0.], Waiting: [0. 1. 0. 0.]
[Step 2420] Action: 0, Phase: 2, Halts: [0. 0. 0. 0.], Waiting: [0. 1. 0. 0.]
[Step 2434] Action: 1, Phase: 0, Halts: [0. 0. 0. 0.], Waiting: [0. 0. 0. 0.]
[Step 2448] Action: 1, Phase: 2, Halts: [0. 0. 0. 0.], Waiting: [0. 1. 0. 0.]
[Step 2458] Action: 0, Phase: 2, Halts: [0. 0. 0. 0.], Waiting: [0. 1. 0. 0.]
[Step 2472] Action: 3, Phase: 0, Halts: [0. 0. 0. 0.], Waiting: [0. 0. 1. 0.]
[Step 2486] Action: 2, Phase: 6, Halts: [0. 0. 0. 0.], Waiting: [0. 0. 1. 0.]
[Step 2500] Action: 0, Phase: 4, Halts: [0. 0. 0. 0.], Waiting: [1. 0. 0. 0.]
[Step 2514] Action: 2, Phase: 0, Halts: [0. 0. 0. 0.], Waiting: [0. 0. 0. 0.]
[Step 2528] Action: 3, Phase: 4, Halts: [0. 0. 0. 0.], Waiting: [0. 0. 0. 0.]
[Step 2542] Action: 2, Phase: 6, Halts: [0. 0. 0. 0.], Waiting: [0. 0. 0. 1.]
[Step 2556] Action: 0, Phase: 4, Halts: [0. 0. 0. 0.], Waiting: [0. 0. 0. 0.]
[Step 2570] Action: 2, Phase: 0, Halts: [0. 0. 0. 0.], Waiting: [0. 0. 0. 0.]
[Step 2584] Action: 0, Phase: 4, Halts: [0. 0. 0. 0.], Waiting: [0. 0. 0. 0.]
[Step 2598] Action: 3, Phase: 0, Halts: [0. 0. 0. 0.], Waiting: [0. 0. 0. 0.]
[Step 2612] Action: 0, Phase: 6, Halts: [0. 0. 0. 0.], Waiting: [0. 0. 1. 0.]
[Step 2626] Action: 2, Phase: 0, Halts: [0. 0. 0. 0.], Waiting: [0. 0. 1. 1.]
[Step 2640] Action: 1, Phase: 4, Halts: [0. 0. 0. 0.], Waiting: [0. 0. 0. 0.]
[Step 2654] Action: 1, Phase: 2, Halts: [0. 0. 0. 0.], Waiting: [0. 0. 0. 0.]
[Step 2664] Action: 0, Phase: 2, Halts: [0. 0. 0. 0.], Waiting: [0. 0. 0. 0.]
[Step 2678] Action: 2, Phase: 0, Halts: [0. 0. 0. 0.], Waiting: [0. 0. 0. 0.]
[Step 2692] Action: 0, Phase: 4, Halts: [0. 0. 0. 0.], Waiting: [0. 1. 0. 0.]
[Step 2706] Action: 3, Phase: 0, Halts: [0. 0. 0. 0.], Waiting: [0. 0. 0. 0.]
[Step 2720] Action: 2, Phase: 6, Halts: [0. 0. 0. 0.], Waiting: [0. 0. 0. 0.]
[Step 2734] Action: 0, Phase: 4, Halts: [0. 0. 0. 0.], Waiting: [0. 0. 0. 0.]
[Step 2748] Action: 2, Phase: 0, Halts: [0. 0. 0. 0.], Waiting: [0. 0. 0. 1.]
[Step 2762] Action: 0, Phase: 4, Halts: [0. 0. 0. 0.], Waiting: [0. 0. 0. 0.]
[Step 2776] Action: 0, Phase: 0, Halts: [0. 0. 0. 0.], Waiting: [0. 0. 0. 0.]
[Step 2786] Action: 3, Phase: 0, Halts: [0. 0. 0. 0.], Waiting: [0. 0. 0. 0.]
[Step 2800] Action: 1, Phase: 6, Halts: [0. 0. 0. 0.], Waiting: [0. 0. 0. 0.]
[Step 2814] Action: 2, Phase: 2, Halts: [0. 0. 0. 0.], Waiting: [0. 0. 0. 0.]
[Step 2828] Action: 3, Phase: 4, Halts: [0. 0. 0. 0.], Waiting: [0. 0. 0. 0.]
[Step 2842] Action: 0, Phase: 6, Halts: [1. 0. 0. 0.], Waiting: [0. 0. 0. 0.]
[Step 2856] Action: 0, Phase: 0, Halts: [1. 0. 0. 0.], Waiting: [0. 0. 0. 0.]
[Step 2866] Action: 0, Phase: 0, Halts: [1. 0. 0. 0.], Waiting: [0. 0. 0. 0.]
[Step 2876] Action: 0, Phase: 0, Halts: [1. 0. 0. 0.], Waiting: [0. 0. 0. 0.]
[Step 2886] Action: 3, Phase: 0, Halts: [1. 0. 0. 0.], Waiting: [0. 0. 0. 0.]
[Step 2900] Action: 0, Phase: 6, Halts: [1. 0. 0. 0.], Waiting: [0. 0. 1. 0.]
[Step 2914] Action: 3, Phase: 0, Halts: [1. 0. 0. 0.], Waiting: [0. 0. 1. 0.]
[Step 2928] Action: 1, Phase: 6, Halts: [1. 0. 0. 0.], Waiting: [0. 0. 1. 0.]
[Step 2942] Action: 2, Phase: 2, Halts: [1. 0. 0. 0.], Waiting: [0. 0. 1. 0.]
[Step 2956] Action: 1, Phase: 4, Halts: [0. 0. 0. 0.], Waiting: [0. 0. 0. 0.]
[Step 2970] Action: 3, Phase: 2, Halts: [0. 0. 0. 0.], Waiting: [0. 0. 0. 0.]
[Step 2984] Action: 0, Phase: 6, Halts: [0. 0. 0. 0.], Waiting: [0. 0. 0. 0.]
[Step 2998] Action: 3, Phase: 0, Halts: [0. 0. 0. 0.], Waiting: [0. 0. 0. 0.]
[Step 3012] Action: 3, Phase: 6, Halts: [0. 0. 0. 0.], Waiting: [0. 0. 0. 0.]
[Step 3022] Action: 0, Phase: 6, Halts: [0. 0. 0. 0.], Waiting: [0. 0. 0. 0.]
[Step 3036] Action: 3, Phase: 0, Halts: [0. 0. 0. 0.], Waiting: [0. 0. 0. 0.]
[Step 3050] Action: 0, Phase: 6, Halts: [0. 0. 0. 0.], Waiting: [0. 0. 0. 0.]
[Step 3064] Action: 3, Phase: 0, Halts: [0. 0. 0. 0.], Waiting: [0. 0. 0. 0.]
[Step 3078] Action: 1, Phase: 6, Halts: [0. 0. 0. 0.], Waiting: [0. 0. 0. 0.]
[Step 3092] Action: 0, Phase: 2, Halts: [0. 0. 0. 0.], Waiting: [0. 0. 0. 0.]
[Step 3106] Action: 1, Phase: 0, Halts: [0. 0. 0. 0.], Waiting: [0. 0. 0. 0.]
[Step 3120] Action: 0, Phase: 2, Halts: [0. 0. 0. 0.], Waiting: [0. 0. 0. 2.]
[Step 3134] Action: 1, Phase: 0, Halts: [0. 0. 0. 0.], Waiting: [0. 0. 1. 2.]
[Step 3148] Action: 1, Phase: 2, Halts: [0. 0. 0. 0.], Waiting: [0. 0. 1. 2.]
[Step 3158] Action: 0, Phase: 2, Halts: [0. 0. 0. 0.], Waiting: [0. 0. 1. 2.]
[Step 3172] Action: 2, Phase: 0, Halts: [0. 0. 0. 0.], Waiting: [0. 0. 1. 2.]
[Step 3186] Action: 0, Phase: 4, Halts: [0. 0. 0. 0.], Waiting: [0. 0. 0. 0.]
[Step 3200] Action: 0, Phase: 0, Halts: [0. 0. 0. 0.], Waiting: [0. 0. 0. 0.]
[Step 3210] Action: 2, Phase: 0, Halts: [0. 0. 0. 0.], Waiting: [0. 0. 0. 1.]
[Step 3224] Action: 1, Phase: 4, Halts: [0. 0. 0. 0.], Waiting: [0. 0. 0. 0.]
[Step 3238] Action: 0, Phase: 2, Halts: [0. 0. 0. 0.], Waiting: [0. 0. 0. 0.]
[Step 3252] Action: 1, Phase: 0, Halts: [0. 0. 0. 0.], Waiting: [0. 0. 0. 0.]
[Step 3266] Action: 2, Phase: 2, Halts: [0. 0. 0. 0.], Waiting: [0. 0. 0. 0.]
[Step 3280] Action: 2, Phase: 4, Halts: [0. 0. 0. 0.], Waiting: [0. 0. 0. 0.]
[Step 3290] Action: 2, Phase: 4, Halts: [0. 0. 0. 0.], Waiting: [0. 0. 0. 0.]
[Step 3300] Action: 3, Phase: 4, Halts: [0. 0. 0. 0.], Waiting: [0. 0. 0. 0.]
[Step 3314] Action: 1, Phase: 6, Halts: [0. 0. 0. 0.], Waiting: [0. 0. 0. 0.]
[Step 3328] Action: 0, Phase: 2, Halts: [0. 0. 0. 0.], Waiting: [1. 0. 0. 0.]
[Step 3342] Action: 2, Phase: 0, Halts: [0. 0. 0. 0.], Waiting: [0. 0. 0. 1.]
[Step 3356] Action: 1, Phase: 4, Halts: [0. 0. 0. 0.], Waiting: [0. 0. 0. 0.]
[Step 3370] Action: 1, Phase: 2, Halts: [0. 0. 0. 0.], Waiting: [0. 0. 0. 0.]
[Step 3380] Action: 0, Phase: 2, Halts: [0. 0. 0. 0.], Waiting: [0. 0. 0. 0.]
[Step 3394] Action: 3, Phase: 0, Halts: [0. 0. 0. 0.], Waiting: [0. 0. 0. 0.]
[Step 3408] Action: 2, Phase: 6, Halts: [0. 0. 0. 0.], Waiting: [0. 0. 0. 0.]
[Step 3422] Action: 3, Phase: 4, Halts: [0. 0. 0. 0.], Waiting: [0. 0. 0. 0.]
[Step 3436] Action: 1, Phase: 6, Halts: [0. 0. 0. 0.], Waiting: [0. 0. 0. 0.]
[Step 3450] Action: 2, Phase: 2, Halts: [0. 0. 0. 0.], Waiting: [0. 0. 0. 0.]
[Step 3464] Action: 1, Phase: 4, Halts: [0. 0. 0. 0.], Waiting: [0. 0. 0. 0.]
[Step 3478] Action: 0, Phase: 2, Halts: [0. 0. 0. 0.], Waiting: [0. 0. 0. 0.]
[Step 3492] Action: 2, Phase: 0, Halts: [0. 0. 0. 0.], Waiting: [0. 0. 0. 0.]
[Step 3506] Action: 0, Phase: 4, Halts: [0. 0. 0. 0.], Waiting: [0. 0. 0. 0.]
[Step 3520] Action: 0, Phase: 0, Halts: [0. 0. 0. 0.], Waiting: [0. 0. 0. 0.]
[Step 3530] Action: 0, Phase: 0, Halts: [0. 0. 0. 0.], Waiting: [0. 0. 0. 0.]
[Step 3540] Action: 1, Phase: 0, Halts: [0. 0. 0. 0.], Waiting: [0. 0. 0. 1.]
[Step 3554] Action: 2, Phase: 2, Halts: [0. 0. 0. 0.], Waiting: [0. 0. 0. 1.]
[Step 3568] Action: 2, Phase: 4, Halts: [0. 0. 0. 0.], Waiting: [1. 0. 0. 0.]
[Step 3578] Action: 3, Phase: 4, Halts: [0. 0. 0. 0.], Waiting: [1. 0. 0. 0.]
[Step 3592] Action: 0, Phase: 6, Halts: [0. 0. 0. 0.], Waiting: [1. 0. 0. 1.]
[Step 3606] Action: 2, Phase: 0, Halts: [0. 0. 0. 0.], Waiting: [0. 0. 0. 1.]
[Step 3620] Action: 3, Phase: 4, Halts: [0. 0. 0. 0.], Waiting: [0. 0. 0. 0.]
[Step 3634] Action: 2, Phase: 6, Halts: [0. 0. 0. 0.], Waiting: [0. 0. 0. 0.]
[Step 3648] Action: 1, Phase: 4, Halts: [0. 0. 0. 0.], Waiting: [0. 0. 0. 0.]
[Step 3662] Action: 3, Phase: 2, Halts: [0. 0. 0. 0.], Waiting: [0. 0. 0. 0.]
[Step 3676] Action: 1, Phase: 6, Halts: [0. 0. 0. 0.], Waiting: [0. 0. 0. 0.]
[Step 3690] Action: 1, Phase: 2, Halts: [0. 0. 0. 0.], Waiting: [0. 0. 0. 0.]
[Step 3700] Action: 1, Phase: 2, Halts: [0. 0. 0. 0.], Waiting: [0. 0. 0. 0.]
[Step 3710] Action: 2, Phase: 2, Halts: [0. 0. 0. 0.], Waiting: [0. 0. 0. 0.]
[Step 3724] Action: 0, Phase: 4, Halts: [0. 0. 0. 0.], Waiting: [0. 0. 0. 0.]
[Step 3738] Action: 0, Phase: 0, Halts: [0. 0. 0. 0.], Waiting: [0. 0. 0. 0.]
[Step 3748] Action: 1, Phase: 0, Halts: [0. 0. 0. 0.], Waiting: [0. 0. 0. 0.]
[Step 3762] Action: 2, Phase: 2, Halts: [0. 0. 0. 0.], Waiting: [0. 0. 0. 0.]
[Step 3776] Action: 1, Phase: 4, Halts: [0. 0. 0. 0.], Waiting: [0. 0. 0. 0.]
[Step 3790] Action: 0, Phase: 2, Halts: [0. 0. 0. 0.], Waiting: [0. 0. 0. 0.]
[Step 3804] Action: 3, Phase: 0, Halts: [0. 0. 0. 0.], Waiting: [0. 0. 0. 0.]
[Step 3818] Action: 0, Phase: 6, Halts: [0. 0. 0. 0.], Waiting: [0. 0. 0. 0.]
[Step 3832] Action: 2, Phase: 0, Halts: [0. 0. 0. 0.], Waiting: [0. 0. 0. 0.]
[Step 3846] Action: 3, Phase: 4, Halts: [0. 0. 0. 0.], Waiting: [0. 0. 0. 0.]
[Step 3860] Action: 0, Phase: 6, Halts: [0. 0. 0. 0.], Waiting: [0. 0. 0. 0.]
[Step 3874] Action: 2, Phase: 0, Halts: [0. 0. 0. 0.], Waiting: [0. 0. 0. 1.]
[Step 3888] Action: 1, Phase: 4, Halts: [0. 0. 0. 0.], Waiting: [0. 0. 0. 0.]
[Step 3902] Action: 3, Phase: 2, Halts: [0. 0. 0. 0.], Waiting: [0. 0. 0. 0.]
[Step 3916] Action: 0, Phase: 6, Halts: [0. 0. 0. 0.], Waiting: [0. 0. 0. 0.]
[Step 3930] Action: 0, Phase: 0, Halts: [0. 0. 0. 0.], Waiting: [0. 0. 0. 0.]
[Step 3940] Action: 0, Phase: 0, Halts: [0. 0. 0. 0.], Waiting: [0. 0. 0. 0.]
[Step 3950] Action: 1, Phase: 0, Halts: [0. 0. 0. 0.], Waiting: [0. 0. 0. 0.]
[Step 3964] Action: 2, Phase: 2, Halts: [0. 0. 0. 0.], Waiting: [0. 0. 0. 0.]
[Step 3978] Action: 3, Phase: 4, Halts: [0. 0. 0. 0.], Waiting: [0. 0. 0. 0.]
[Step 3992] Action: 2, Phase: 6, Halts: [0. 0. 0. 0.], Waiting: [0. 0. 0. 0.]
[Step 4006] Action: 3, Phase: 4, Halts: [0. 0. 0. 0.], Waiting: [0. 0. 0. 0.]
[Step 4020] Action: 1, Phase: 6, Halts: [0. 0. 0. 0.], Waiting: [0. 0. 0. 0.]
[Step 4034] Action: 1, Phase: 2, Halts: [0. 0. 0. 0.], Waiting: [0. 0. 0. 0.]
[Step 4044] Action: 2, Phase: 2, Halts: [0. 0. 0. 0.], Waiting: [0. 0. 0. 0.]
[Step 4058] Action: 1, Phase: 4, Halts: [0. 0. 0. 0.], Waiting: [0. 0. 0. 0.]
[Step 4072] Action: 0, Phase: 2, Halts: [0. 0. 0. 0.], Waiting: [0. 0. 0. 0.]
[Step 4086] Action: 3, Phase: 0, Halts: [0. 0. 0. 0.], Waiting: [0. 0. 0. 0.]
[Step 4100] Action: 1, Phase: 6, Halts: [0. 0. 0. 0.], Waiting: [0. 0. 0. 0.]
[Step 4114] Action: 2, Phase: 2, Halts: [0. 0. 0. 0.], Waiting: [0. 0. 0. 0.]
[Step 4128] Action: 1, Phase: 4, Halts: [0. 0. 0. 0.], Waiting: [0. 0. 0. 0.]
[Step 4142] Action: 0, Phase: 2, Halts: [0. 0. 0. 0.], Waiting: [0. 0. 0. 0.]
[Step 4156] Action: 0, Phase: 0, Halts: [0. 0. 0. 0.], Waiting: [0. 0. 0. 0.]
[Step 4166] Action: 2, Phase: 0, Halts: [0. 0. 0. 0.], Waiting: [0. 0. 0. 0.]
[Step 4180] Action: 3, Phase: 4, Halts: [0. 0. 0. 0.], Waiting: [0. 0. 0. 0.]
[Step 4194] Action: 1, Phase: 6, Halts: [0. 0. 0. 0.], Waiting: [0. 0. 0. 0.]
[Step 4208] Action: 3, Phase: 2, Halts: [0. 0. 0. 0.], Waiting: [0. 0. 0. 0.]
[Step 4222] Action: 2, Phase: 6, Halts: [0. 0. 0. 0.], Waiting: [0. 0. 0. 0.]
[Step 4236] Action: 0, Phase: 4, Halts: [0. 0. 0. 0.], Waiting: [0. 0. 0. 0.]
[Step 4250] Action: 0, Phase: 0, Halts: [0. 0. 0. 0.], Waiting: [0. 0. 0. 0.]
[Step 4260] Action: 0, Phase: 0, Halts: [0. 0. 0. 0.], Waiting: [0. 0. 0. 0.]
[Step 4270] Action: 0, Phase: 0, Halts: [0. 0. 0. 0.], Waiting: [0. 0. 0. 0.]
[Step 4280] Action: 1, Phase: 0, Halts: [0. 0. 0. 0.], Waiting: [0. 0. 0. 0.]
[Step 4294] Action: 3, Phase: 2, Halts: [0. 0. 0. 0.], Waiting: [0. 0. 0. 0.]
[Step 4308] Action: 1, Phase: 6, Halts: [0. 0. 0. 0.], Waiting: [0. 0. 0. 0.]
[Step 4322] Action: 2, Phase: 2, Halts: [0. 0. 0. 0.], Waiting: [0. 0. 0. 0.]
[Step 4336] Action: 1, Phase: 4, Halts: [0. 0. 0. 0.], Waiting: [0. 0. 0. 0.]
[Step 4350] Action: 2, Phase: 2, Halts: [0. 0. 0. 0.], Waiting: [0. 0. 0. 0.]
[Step 4364] Action: 3, Phase: 4, Halts: [0. 0. 0. 0.], Waiting: [0. 0. 0. 0.]
[Step 4378] Action: 0, Phase: 6, Halts: [0. 0. 0. 0.], Waiting: [0. 0. 0. 0.]
[Step 4392] Action: 0, Phase: 0, Halts: [0. 0. 0. 0.], Waiting: [0. 0. 0. 0.]
[Step 4402] Action: 2, Phase: 0, Halts: [0. 0. 0. 0.], Waiting: [0. 0. 0. 0.]
[Step 4416] Action: 2, Phase: 4, Halts: [0. 0. 0. 0.], Waiting: [0. 0. 0. 0.]
[Step 4426] Action: 2, Phase: 4, Halts: [0. 0. 0. 0.], Waiting: [0. 0. 0. 0.]
[Step 4436] Action: 1, Phase: 4, Halts: [0. 0. 0. 0.], Waiting: [0. 0. 0. 0.]
[Step 4450] Action: 2, Phase: 2, Halts: [0. 0. 0. 0.], Waiting: [0. 0. 0. 0.]
[Step 4464] Action: 3, Phase: 4, Halts: [0. 0. 0. 0.], Waiting: [0. 0. 0. 0.]
[Step 4478] Action: 2, Phase: 6, Halts: [0. 0. 0. 0.], Waiting: [0. 0. 0. 0.]
[Step 4492] Action: 1, Phase: 4, Halts: [0. 0. 0. 0.], Waiting: [0. 0. 0. 0.]
[Step 4506] Action: 2, Phase: 2, Halts: [0. 0. 0. 0.], Waiting: [0. 0. 0. 0.]
[Step 4520] Action: 2, Phase: 4, Halts: [0. 0. 0. 0.], Waiting: [0. 0. 0. 0.]
[Step 4530] Action: 1, Phase: 4, Halts: [0. 0. 0. 0.], Waiting: [0. 0. 0. 0.]
[Step 4544] Action: 2, Phase: 2, Halts: [0. 0. 0. 0.], Waiting: [0. 0. 0. 0.]
[Step 4558] Action: 1, Phase: 4, Halts: [0. 0. 0. 0.], Waiting: [0. 0. 0. 0.]
[Step 4572] Action: 3, Phase: 2, Halts: [0. 0. 0. 0.], Waiting: [0. 0. 0. 0.]
[Step 4586] Action: 0, Phase: 6, Halts: [0. 0. 0. 0.], Waiting: [0. 0. 0. 0.]
[Step 4600] Action: 0, Phase: 0, Halts: [0. 0. 0. 0.], Waiting: [0. 0. 0. 0.]
[Step 4610] Action: 0, Phase: 0, Halts: [0. 0. 0. 0.], Waiting: [0. 0. 0. 0.]
[Step 4620] Action: 2, Phase: 0, Halts: [0. 0. 0. 0.], Waiting: [0. 0. 0. 0.]
[Step 4634] Action: 1, Phase: 4, Halts: [0. 0. 0. 0.], Waiting: [0. 0. 0. 0.]
[Step 4648] Action: 3, Phase: 2, Halts: [0. 0. 0. 0.], Waiting: [0. 0. 0. 0.]
[Step 4662] Action: 3, Phase: 6, Halts: [0. 0. 0. 0.], Waiting: [0. 0. 0. 0.]
[Step 4672] Action: 1, Phase: 6, Halts: [0. 0. 0. 0.], Waiting: [0. 0. 0. 0.]
[Step 4686] Action: 2, Phase: 2, Halts: [0. 0. 0. 0.], Waiting: [0. 0. 0. 0.]
[Step 4700] Action: 0, Phase: 4, Halts: [0. 0. 0. 0.], Waiting: [0. 0. 0. 0.]
[Step 4714] Action: 0, Phase: 0, Halts: [0. 0. 0. 0.], Waiting: [0. 0. 0. 0.]
[Step 4724] Action: 0, Phase: 0, Halts: [0. 0. 0. 0.], Waiting: [0. 0. 0. 0.]
[Step 4734] Action: 3, Phase: 0, Halts: [0. 0. 0. 0.], Waiting: [0. 0. 0. 0.]
[Step 4748] Action: 2, Phase: 6, Halts: [0. 0. 0. 0.], Waiting: [0. 0. 0. 0.]
[Step 4762] Action: 0, Phase: 4, Halts: [0. 0. 0. 0.], Waiting: [0. 0. 0. 0.]
[Step 4776] Action: 0, Phase: 0, Halts: [0. 0. 0. 0.], Waiting: [0. 0. 0. 0.]
[Step 4786] Action: 0, Phase: 0, Halts: [0. 0. 0. 0.], Waiting: [0. 0. 0. 0.]
[Step 4796] Action: 1, Phase: 0, Halts: [0. 0. 0. 0.], Waiting: [0. 0. 0. 0.]
[Step 4810] Action: 0, Phase: 2, Halts: [0. 0. 0. 0.], Waiting: [0. 0. 0. 0.]
[Step 4824] Action: 3, Phase: 0, Halts: [0. 0. 0. 0.], Waiting: [0. 0. 0. 0.]
[Step 4838] Action: 1, Phase: 6, Halts: [0. 0. 0. 0.], Waiting: [0. 0. 0. 0.]
[Step 4852] Action: 3, Phase: 2, Halts: [0. 0. 0. 0.], Waiting: [0. 0. 0. 0.]
[Step 4866] Action: 1, Phase: 6, Halts: [0. 0. 0. 0.], Waiting: [0. 0. 0. 0.]
[Step 4880] Action: 2, Phase: 2, Halts: [0. 0. 0. 0.], Waiting: [0. 0. 0. 0.]
[Step 4894] Action: 1, Phase: 4, Halts: [0. 0. 0. 0.], Waiting: [0. 0. 0. 0.]
[Step 4908] Action: 3, Phase: 2, Halts: [0. 0. 0. 0.], Waiting: [0. 0. 0. 0.]
[Step 4922] Action: 1, Phase: 6, Halts: [0. 0. 0. 0.], Waiting: [0. 0. 0. 0.]
[Step 4936] Action: 2, Phase: 2, Halts: [0. 0. 0. 0.], Waiting: [0. 0. 0. 0.]
[Step 4950] Action: 1, Phase: 4, Halts: [0. 0. 0. 0.], Waiting: [0. 0. 0. 0.]
[Step 4964] Action: 0, Phase: 2, Halts: [0. 0. 0. 0.], Waiting: [0. 0. 0. 0.]
[Step 4978] Action: 0, Phase: 0, Halts: [0. 0. 0. 0.], Waiting: [0. 0. 0. 0.]
[Step 4988] Action: 0, Phase: 0, Halts: [0. 0. 0. 0.], Waiting: [0. 0. 0. 0.]
[Step 4998] Action: 0, Phase: 0, Halts: [0. 0. 0. 0.], Waiting: [0. 0. 0. 0.]
[Step 5008] Action: 0, Phase: 0, Halts: [0. 0. 0. 0.], Waiting: [0. 0. 0. 0.]
[Step 5018] Action: 0, Phase: 0, Halts: [0. 0. 0. 0.], Waiting: [0. 0. 0. 0.]
[Step 5028] Action: 0, Phase: 0, Halts: [0. 0. 0. 0.], Waiting: [0. 0. 0. 0.]
[Step 5038] Action: 2, Phase: 0, Halts: [0. 0. 0. 0.], Waiting: [0. 0. 0. 0.]
[Step 5052] Action: 1, Phase: 4, Halts: [0. 0. 0. 0.], Waiting: [0. 0. 0. 0.]
[Step 5066] Action: 2, Phase: 2, Halts: [0. 0. 0. 0.], Waiting: [0. 0. 0. 0.]
[Step 5080] Action: 1, Phase: 4, Halts: [0. 0. 0. 0.], Waiting: [0. 0. 0. 0.]
[Step 5094] Action: 2, Phase: 2, Halts: [0. 0. 0. 0.], Waiting: [0. 0. 0. 0.]
[Step 5108] Action: 3, Phase: 4, Halts: [0. 0. 0. 0.], Waiting: [0. 0. 0. 0.]
[Step 5122] Action: 1, Phase: 6, Halts: [0. 0. 0. 0.], Waiting: [0. 0. 0. 0.]
[Step 5136] Action: 2, Phase: 2, Halts: [0. 0. 0. 0.], Waiting: [0. 0. 0. 0.]
[Step 5150] Action: 1, Phase: 4, Halts: [0. 0. 0. 0.], Waiting: [0. 0. 0. 0.]
[Step 5164] Action: 3, Phase: 2, Halts: [0. 0. 0. 0.], Waiting: [0. 0. 0. 0.]
[Step 5178] Action: 1, Phase: 6, Halts: [0. 0. 0. 0.], Waiting: [0. 0. 0. 0.]
[Step 5192] Action: 3, Phase: 2, Halts: [0. 0. 0. 0.], Waiting: [0. 0. 0. 0.]
[Step 5206] Action: 0, Phase: 6, Halts: [0. 0. 0. 0.], Waiting: [0. 0. 0. 0.]
[Step 5220] Action: 0, Phase: 0, Halts: [0. 0. 0. 0.], Waiting: [0. 0. 0. 0.]
[Step 5230] Action: 1, Phase: 0, Halts: [0. 0. 0. 0.], Waiting: [0. 0. 0. 0.]
[Step 5244] Action: 2, Phase: 2, Halts: [0. 0. 0. 0.], Waiting: [0. 0. 0. 0.]
[Step 5258] Action: 1, Phase: 4, Halts: [0. 0. 0. 0.], Waiting: [0. 0. 0. 0.]
[Step 5272] Action: 2, Phase: 2, Halts: [0. 0. 0. 0.], Waiting: [0. 0. 0. 0.]
[Step 5286] Action: 1, Phase: 4, Halts: [0. 0. 0. 0.], Waiting: [0. 0. 0. 0.]
[Step 5300] Action: 2, Phase: 2, Halts: [0. 0. 0. 0.], Waiting: [0. 0. 0. 0.]
[Step 5314] Action: 1, Phase: 4, Halts: [0. 0. 0. 0.], Waiting: [0. 0. 0. 0.]
[Step 5328] Action: 2, Phase: 2, Halts: [0. 0. 0. 0.], Waiting: [0. 0. 0. 0.]
[Step 5342] Action: 3, Phase: 4, Halts: [0. 0. 0. 0.], Waiting: [0. 0. 0. 0.]
[Step 5356] Action: 1, Phase: 6, Halts: [0. 0. 0. 0.], Waiting: [0. 0. 0. 0.]
[Step 5370] Action: 3, Phase: 2, Halts: [0. 0. 0. 0.], Waiting: [0. 0. 0. 0.]
[Step 5384] Action: 1, Phase: 6, Halts: [0. 0. 0. 0.], Waiting: [0. 0. 0. 0.]
[Step 5398] Action: 2, Phase: 2, Halts: [0. 0. 0. 0.], Waiting: [0. 0. 0. 0.]
