[Step 0] Action: 0
[Step 10] Action: 2
[Step 24] Action: 2
[Step 34] Action: 3
[Step 48] Action: 2
[Step 62] Action: 2
[Step 72] Action: 3
[Step 86] Action: 1
[Step 100] Action: 1
[Step 110] Action: 0
[Step 124] Action: 3
[Step 138] Action: 2
[Step 152] Action: 2
[Step 162] Action: 2
[Step 172] Action: 0
[Step 186] Action: 0
[Step 196] Action: 3
[Step 210] Action: 0
[Step 224] Action: 2
[Step 238] Action: 0
[Step 252] Action: 2
[Step 266] Action: 2
[Step 276] Action: 0
[Step 290] Action: 0
[Step 300] Action: 2
[Step 314] Action: 2
[Step 324] Action: 3
[Step 338] Action: 0
[Step 352] Action: 0
[Step 362] Action: 0
[Step 372] Action: 3
[Step 386] Action: 2
[Step 400] Action: 2
[Step 410] Action: 3
[Step 424] Action: 3
[Step 434] Action: 2
[Step 448] Action: 0
[Step 462] Action: 0
[Step 472] Action: 2
[Step 486] Action: 2
[Step 496] Action: 0
[Step 510] Action: 2
[Step 524] Action: 0
[Step 538] Action: 0
[Step 548] Action: 0
[Step 558] Action: 3
[Step 572] Action: 0
[Step 586] Action: 1
[Step 600] Action: 2
[Step 614] Action: 0
[Step 628] Action: 2
[Step 642] Action: 0
[Step 656] Action: 2
[Step 670] Action: 2
[Step 680] Action: 3
[Step 694] Action: 2
[Step 708] Action: 0
[Step 722] Action: 3
[Step 736] Action: 3
[Step 746] Action: 0
[Step 760] Action: 2
[Step 774] Action: 3
[Step 788] Action: 0
[Step 802] Action: 3
[Step 816] Action: 3
[Step 826] Action: 3
[Step 836] Action: 3
[Step 846] Action: 0
[Step 860] Action: 3
[Step 874] Action: 3
[Step 884] Action: 1
[Step 898] Action: 2
[Step 912] Action: 2
[Step 922] Action: 3
[Step 936] Action: 3
[Step 946] Action: 0
[Step 960] Action: 2
[Step 974] Action: 3
[Step 988] Action: 2
[Step 1002] Action: 3
[Step 1016] Action: 2
[Step 1030] Action: 1
[Step 1044] Action: 3
[Step 1058] Action: 3
[Step 1068] Action: 3
[Step 1078] Action: 1
[Step 1092] Action: 0
[Step 1106] Action: 2
[Step 1120] Action: 0
[Step 1134] Action: 2
[Step 1148] Action: 1
[Step 1162] Action: 1
[Step 1172] Action: 3
[Step 1186] Action: 2
[Step 1200] Action: 0
[Step 1214] Action: 0
[Step 1224] Action: 0
[Step 1234] Action: 3
[Step 1248] Action: 3
[Step 1258] Action: 3
[Step 1268] Action: 0
[Step 1282] Action: 0
[Step 1292] Action: 3
[Step 1306] Action: 3
[Step 1316] Action: 0
[Step 1330] Action: 0
[Step 1340] Action: 1
[Step 1354] Action: 0
[Step 1368] Action: 0
[Step 1378] Action: 0
[Step 1388] Action: 0
[Step 1398] Action: 0
[Step 1408] Action: 3
[Step 1422] Action: 3
[Step 1432] Action: 1
[Step 1446] Action: 0
[Step 1460] Action: 2
[Step 1474] Action: 0
[Step 1488] Action: 2
[Step 1502] Action: 2
[Step 1512] Action: 2
[Step 1522] Action: 2
[Step 1532] Action: 0
[Step 1546] Action: 0
[Step 1556] Action: 2
[Step 1570] Action: 0
[Step 1584] Action: 1
[Step 1598] Action: 0
[Step 1612] Action: 0
[Step 1622] Action: 3
[Step 1636] Action: 0
[Step 1650] Action: 0
[Step 1660] Action: 0
[Step 1670] Action: 3
[Step 1684] Action: 0
[Step 1698] Action: 0
[Step 1708] Action: 3
[Step 1722] Action: 2
[Step 1736] Action: 2
[Step 1746] Action: 0
[Step 1760] Action: 1
[Step 1774] Action: 0
[Step 1788] Action: 2
[Step 1802] Action: 3
[Step 1816] Action: 1
[Step 1830] Action: 2
[Step 1844] Action: 2
[Step 1854] Action: 0
[Step 1868] Action: 2
[Step 1882] Action: 0
[Step 1896] Action: 2
[Step 1910] Action: 0
[Step 1924] Action: 2
[Step 1938] Action: 2
[Step 1948] Action: 1
[Step 1962] Action: 3
[Step 1976] Action: 0
[Step 1990] Action: 0
[Step 2000] Action: 1
[Step 2014] Action: 0
[Step 2028] Action: 0
[Step 2038] Action: 3
[Step 2052] Action: 0
[Step 2066] Action: 2
[Step 2080] Action: 2
[Step 2090] Action: 0
[Step 2104] Action: 2
[Step 2118] Action: 1
[Step 2132] Action: 2
[Step 2146] Action: 0
[Step 2160] Action: 3
[Step 2174] Action: 0
[Step 2188] Action: 3
[Step 2202] Action: 1
[Step 2216] Action: 1
[Step 2226] Action: 2
[Step 2240] Action: 3
[Step 2254] Action: 3
[Step 2264] Action: 1
[Step 2278] Action: 3
[Step 2292] Action: 0
[Step 2306] Action: 3
[Step 2320] Action: 3
[Step 2330] Action: 3
[Step 2340] Action: 3
[Step 2350] Action: 3
[Step 2360] Action: 3
[Step 2370] Action: 3
[Step 2380] Action: 2
[Step 2394] Action: 1
[Step 2408] Action: 1
[Step 2418] Action: 3
[Step 2432] Action: 1
[Step 2446] Action: 2
[Step 2460] Action: 0
[Step 2474] Action: 2
[Step 2488] Action: 0
[Step 2502] Action: 2
[Step 2516] Action: 3
[Step 2530] Action: 3
[Step 2540] Action: 1
[Step 2554] Action: 2
[Step 2568] Action: 2
[Step 2578] Action: 0
[Step 2592] Action: 3
[Step 2606] Action: 2
[Step 2620] Action: 2
[Step 2630] Action: 3
[Step 2644] Action: 2
[Step 2658] Action: 0
[Step 2672] Action: 1
[Step 2686] Action: 2
[Step 2700] Action: 1
[Step 2714] Action: 0
[Step 2728] Action: 3
[Step 2742] Action: 0
[Step 2756] Action: 0
[Step 2766] Action: 2
[Step 2780] Action: 2
[Step 2790] Action: 2
[Step 2800] Action: 0
[Step 2814] Action: 0
[Step 2824] Action: 0
[Step 2834] Action: 2
[Step 2848] Action: 2
[Step 2858] Action: 1
[Step 2872] Action: 3
[Step 2886] Action: 1
[Step 2900] Action: 0
[Step 2914] Action: 0
[Step 2924] Action: 1
[Step 2938] Action: 3
[Step 2952] Action: 2
[Step 2966] Action: 2
[Step 2976] Action: 2
[Step 2986] Action: 2
[Step 2996] Action: 2
[Step 3006] Action: 2
[Step 3016] Action: 3
[Step 3030] Action: 1
[Step 3044] Action: 3
[Step 3058] Action: 0
[Step 3072] Action: 2
[Step 3086] Action: 0
[Step 3100] Action: 2
[Step 3114] Action: 2
[Step 3124] Action: 2
[Step 3134] Action: 1
[Step 3148] Action: 0
[Step 3162] Action: 0
[Step 3172] Action: 0
[Step 3182] Action: 3
[Step 3196] Action: 2
[Step 3210] Action: 2
[Step 3220] Action: 2
[Step 3230] Action: 0
[Step 3244] Action: 0
[Step 3254] Action: 0
[Step 3264] Action: 0
[Step 3274] Action: 0
[Step 3284] Action: 1
[Step 3298] Action: 0
[Step 3312] Action: 0
[Step 3322] Action: 2
[Step 3336] Action: 2
[Step 3346] Action: 0
[Step 3360] Action: 1
[Step 3374] Action: 0
[Step 3388] Action: 2
[Step 3402] Action: 0
[Step 3416] Action: 0
[Step 3426] Action: 2
[Step 3440] Action: 0
[Step 3454] Action: 0
[Step 3464] Action: 0
[Step 3474] Action: 2
[Step 3488] Action: 1
[Step 3502] Action: 2
[Step 3516] Action: 2
[Step 3526] Action: 0
[Step 3540] Action: 2
[Step 3554] Action: 1
[Step 3568] Action: 2
[Step 3582] Action: 2
[Step 3592] Action: 1
[Step 3606] Action: 1
[Step 3616] Action: 0
[Step 3630] Action: 3
[Step 3644] Action: 2
[Step 3658] Action: 2
[Step 3668] Action: 2
[Step 3678] Action: 0
[Step 3692] Action: 3
[Step 3706] Action: 0
[Step 3720] Action: 0
[Step 3730] Action: 0
[Step 3740] Action: 3
[Step 3754] Action: 2
[Step 3768] Action: 2
[Step 3778] Action: 3
[Step 3792] Action: 2
[Step 3806] Action: 2
[Step 3816] Action: 2
[Step 3826] Action: 3
[Step 3840] Action: 3
[Step 3850] Action: 3
[Step 3860] Action: 3
[Step 3870] Action: 3
[Step 3880] Action: 1
[Step 3894] Action: 3
[Step 3908] Action: 3
[Step 3918] Action: 2
[Step 3932] Action: 3
[Step 3946] Action: 2
[Step 3960] Action: 1
[Step 3974] Action: 3
[Step 3988] Action: 1
[Step 4002] Action: 1
[Step 4012] Action: 3
[Step 4026] Action: 2
[Step 4040] Action: 3
[Step 4054] Action: 2
[Step 4068] Action: 3
[Step 4082] Action: 3
[Step 4092] Action: 1
[Step 4106] Action: 3
[Step 4120] Action: 2
[Step 4134] Action: 3
[Step 4148] Action: 0
[Step 4162] Action: 3
[Step 4176] Action: 3
[Step 4186] Action: 3
[Step 4196] Action: 1
[Step 4210] Action: 2
[Step 4224] Action: 3
[Step 4238] Action: 3
[Step 4248] Action: 3
[Step 4258] Action: 3
[Step 4268] Action: 3
[Step 4278] Action: 1
[Step 4292] Action: 3
[Step 4306] Action: 2
[Step 4320] Action: 3
[Step 4334] Action: 0
[Step 4348] Action: 3
[Step 4362] Action: 3
[Step 4372] Action: 0
[Step 4386] Action: 0
[Step 4396] Action: 3
[Step 4410] Action: 3
[Step 4420] Action: 3
[Step 4430] Action: 0
[Step 4444] Action: 3
[Step 4458] Action: 1
[Step 4472] Action: 3
[Step 4486] Action: 3
[Step 4496] Action: 3
[Step 4506] Action: 3
[Step 4516] Action: 0
[Step 4530] Action: 3
[Step 4544] Action: 3
[Step 4554] Action: 3
[Step 4564] Action: 3
[Step 4574] Action: 0
[Step 4588] Action: 3
[Step 4602] Action: 1
[Step 4616] Action: 3
[Step 4630] Action: 0
[Step 4644] Action: 3
[Step 4658] Action: 1
[Step 4672] Action: 3
[Step 4686] Action: 3
[Step 4696] Action: 3
[Step 4706] Action: 1
[Step 4720] Action: 1
[Step 4730] Action: 0
[Step 4744] Action: 1
[Step 4758] Action: 3
[Step 4772] Action: 3
[Step 4782] Action: 1
[Step 4796] Action: 2
[Step 4810] Action: 2
[Step 4820] Action: 3
[Step 4834] Action: 3
[Step 4844] Action: 1
[Step 4858] Action: 1
[Step 4868] Action: 1
[Step 4878] Action: 2
[Step 4892] Action: 3
[Step 4906] Action: 2
[Step 4920] Action: 3
[Step 4934] Action: 2
[Step 4948] Action: 2
[Step 4958] Action: 2
[Step 4968] Action: 3
[Step 4982] Action: 1
[Step 4996] Action: 2
[Step 5010] Action: 2
[Step 5020] Action: 2
[Step 5030] Action: 2
[Step 5040] Action: 0
[Step 5054] Action: 2
[Step 5068] Action: 2
[Step 5078] Action: 2
[Step 5088] Action: 2
[Step 5098] Action: 2
[Step 5108] Action: 2
[Step 5118] Action: 2
[Step 5128] Action: 2
[Step 5138] Action: 2
[Step 5148] Action: 2
[Step 5158] Action: 2
[Step 5168] Action: 1
[Step 5182] Action: 1
[Step 5192] Action: 0
[Step 5206] Action: 1
[Step 5220] Action: 2
[Step 5234] Action: 2
[Step 5244] Action: 2
[Step 5254] Action: 0
[Step 5268] Action: 1
[Step 5282] Action: 2
[Step 5296] Action: 3
[Step 5310] Action: 2
[Step 5324] Action: 2
[Step 5334] Action: 0
[Step 5348] Action: 3
[Step 5362] Action: 2
[Step 5376] Action: 2
[Step 5386] Action: 1
