[Step 0] Action: 2
[Step 10] Action: 1
[Step 24] Action: 0
[Step 38] Action: 1
[Step 52] Action: 0
[Step 66] Action: 2
[Step 80] Action: 1
[Step 94] Action: 1
[Step 104] Action: 1
[Step 114] Action: 1
[Step 124] Action: 0
[Step 138] Action: 3
[Step 152] Action: 0
[Step 166] Action: 3
[Step 180] Action: 1
[Step 194] Action: 2
[Step 208] Action: 2
[Step 218] Action: 1
[Step 232] Action: 0
[Step 246] Action: 2
[Step 260] Action: 3
[Step 274] Action: 0
[Step 288] Action: 1
[Step 302] Action: 1
[Step 312] Action: 0
[Step 326] Action: 3
[Step 340] Action: 0
[Step 354] Action: 3
[Step 368] Action: 0
[Step 382] Action: 0
[Step 392] Action: 0
[Step 402] Action: 1
[Step 416] Action: 0
[Step 430] Action: 3
[Step 444] Action: 0
[Step 458] Action: 1
[Step 472] Action: 0
[Step 486] Action: 1
[Step 500] Action: 2
[Step 514] Action: 1
[Step 528] Action: 2
[Step 542] Action: 3
[Step 556] Action: 2
[Step 570] Action: 1
[Step 584] Action: 2
[Step 598] Action: 1
[Step 612] Action: 0
[Step 626] Action: 0
[Step 636] Action: 0
[Step 646] Action: 3
[Step 660] Action: 0
[Step 674] Action: 0
[Step 684] Action: 2
[Step 698] Action: 3
[Step 712] Action: 0
[Step 726] Action: 0
[Step 736] Action: 0
[Step 746] Action: 0
[Step 756] Action: 1
[Step 770] Action: 3
[Step 784] Action: 0
[Step 798] Action: 3
[Step 812] Action: 0
[Step 826] Action: 2
[Step 840] Action: 0
[Step 854] Action: 1
[Step 868] Action: 2
[Step 882] Action: 1
[Step 896] Action: 0
[Step 910] Action: 3
[Step 924] Action: 1
[Step 938] Action: 0
[Step 952] Action: 3
[Step 966] Action: 2
[Step 980] Action: 1
[Step 994] Action: 3
[Step 1008] Action: 0
[Step 1022] Action: 2
[Step 1036] Action: 1
[Step 1050] Action: 2
[Step 1064] Action: 0
[Step 1078] Action: 1
[Step 1092] Action: 2
[Step 1106] Action: 3
[Step 1120] Action: 3
[Step 1130] Action: 3
[Step 1140] Action: 3
[Step 1150] Action: 0
[Step 1164] Action: 1
[Step 1178] Action: 0
[Step 1192] Action: 3
[Step 1206] Action: 1
[Step 1220] Action: 2
[Step 1234] Action: 0
[Step 1248] Action: 3
[Step 1262] Action: 0
[Step 1276] Action: 0
[Step 1286] Action: 0
[Step 1296] Action: 0
[Step 1306] Action: 1
[Step 1320] Action: 1
[Step 1330] Action: 0
[Step 1344] Action: 1
[Step 1358] Action: 3
[Step 1372] Action: 0
[Step 1386] Action: 0
[Step 1396] Action: 0
[Step 1406] Action: 0
[Step 1416] Action: 2
[Step 1430] Action: 1
[Step 1444] Action: 2
[Step 1458] Action: 1
[Step 1472] Action: 0
[Step 1486] Action: 0
[Step 1496] Action: 0
[Step 1506] Action: 2
[Step 1520] Action: 1
[Step 1534] Action: 1
[Step 1544] Action: 3
[Step 1558] Action: 0
[Step 1572] Action: 1
[Step 1586] Action: 1
[Step 1596] Action: 1
[Step 1606] Action: 2
[Step 1620] Action: 0
[Step 1634] Action: 1
[Step 1648] Action: 2
[Step 1662] Action: 0
[Step 1676] Action: 3
[Step 1690] Action: 0
[Step 1704] Action: 1
[Step 1718] Action: 0
[Step 1732] Action: 1
[Step 1746] Action: 0
[Step 1760] Action: 2
[Step 1774] Action: 0
[Step 1788] Action: 0
[Step 1798] Action: 1
[Step 1812] Action: 2
[Step 1826] Action: 0
[Step 1840] Action: 3
[Step 1854] Action: 0
[Step 1868] Action: 3
[Step 1882] Action: 2
[Step 1896] Action: 0
[Step 1910] Action: 0
[Step 1920] Action: 2
[Step 1934] Action: 2
[Step 1944] Action: 1
[Step 1958] Action: 0
[Step 1972] Action: 2
[Step 1986] Action: 0
[Step 2000] Action: 1
[Step 2014] Action: 3
[Step 2028] Action: 3
[Step 2038] Action: 0
[Step 2052] Action: 2
[Step 2066] Action: 0
[Step 2080] Action: 3
[Step 2094] Action: 0
[Step 2108] Action: 1
[Step 2122] Action: 1
[Step 2132] Action: 0
[Step 2146] Action: 3
[Step 2160] Action: 0
[Step 2174] Action: 0
[Step 2184] Action: 1
[Step 2198] Action: 0
[Step 2212] Action: 2
[Step 2226] Action: 0
[Step 2240] Action: 0
[Step 2250] Action: 1
[Step 2264] Action: 3
[Step 2278] Action: 0
[Step 2292] Action: 0
[Step 2302] Action: 0
[Step 2312] Action: 0
[Step 2322] Action: 3
[Step 2336] Action: 2
[Step 2350] Action: 1
[Step 2364] Action: 0
[Step 2378] Action: 2
[Step 2392] Action: 1
[Step 2406] Action: 2
[Step 2420] Action: 3
[Step 2434] Action: 0
[Step 2448] Action: 1
[Step 2462] Action: 0
[Step 2476] Action: 0
[Step 2486] Action: 0
[Step 2496] Action: 0
[Step 2506] Action: 1
[Step 2520] Action: 3
[Step 2534] Action: 0
[Step 2548] Action: 3
[Step 2562] Action: 0
[Step 2576] Action: 1
[Step 2590] Action: 0
[Step 2604] Action: 3
[Step 2618] Action: 0
[Step 2632] Action: 1
[Step 2646] Action: 0
[Step 2660] Action: 1
[Step 2674] Action: 3
[Step 2688] Action: 0
[Step 2702] Action: 1
[Step 2716] Action: 1
[Step 2726] Action: 0
[Step 2740] Action: 2
[Step 2754] Action: 2
[Step 2764] Action: 2
[Step 2774] Action: 1
[Step 2788] Action: 1
[Step 2798] Action: 0
[Step 2812] Action: 1
[Step 2826] Action: 3
[Step 2840] Action: 2
[Step 2854] Action: 0
[Step 2868] Action: 0
[Step 2878] Action: 3
[Step 2892] Action: 0
[Step 2906] Action: 0
[Step 2916] Action: 1
[Step 2930] Action: 0
[Step 2944] Action: 0
[Step 2954] Action: 3
[Step 2968] Action: 2
[Step 2982] Action: 1
[Step 2996] Action: 3
[Step 3010] Action: 1
[Step 3024] Action: 0
[Step 3038] Action: 0
[Step 3048] Action: 1
[Step 3062] Action: 0
[Step 3076] Action: 0
[Step 3086] Action: 0
[Step 3096] Action: 1
[Step 3110] Action: 0
[Step 3124] Action: 1
[Step 3138] Action: 0
[Step 3152] Action: 0
[Step 3162] Action: 0
[Step 3172] Action: 2
[Step 3186] Action: 2
[Step 3196] Action: 0
[Step 3210] Action: 2
[Step 3224] Action: 1
[Step 3238] Action: 0
[Step 3252] Action: 1
[Step 3266] Action: 3
[Step 3280] Action: 3
[Step 3290] Action: 1
[Step 3304] Action: 3
[Step 3318] Action: 0
[Step 3332] Action: 0
[Step 3342] Action: 3
[Step 3356] Action: 0
[Step 3370] Action: 0
[Step 3380] Action: 0
[Step 3390] Action: 0
[Step 3400] Action: 3
[Step 3414] Action: 0
[Step 3428] Action: 0
[Step 3438] Action: 0
[Step 3448] Action: 1
[Step 3462] Action: 0
[Step 3476] Action: 2
[Step 3490] Action: 1
[Step 3504] Action: 2
[Step 3518] Action: 1
[Step 3532] Action: 2
[Step 3546] Action: 3
[Step 3560] Action: 3
[Step 3570] Action: 0
[Step 3584] Action: 2
[Step 3598] Action: 1
[Step 3612] Action: 2
[Step 3626] Action: 2
[Step 3636] Action: 0
[Step 3650] Action: 1
[Step 3664] Action: 0
[Step 3678] Action: 3
[Step 3692] Action: 2
[Step 3706] Action: 1
[Step 3720] Action: 2
[Step 3734] Action: 3
[Step 3748] Action: 3
[Step 3758] Action: 2
[Step 3772] Action: 2
[Step 3782] Action: 2
[Step 3792] Action: 0
[Step 3806] Action: 1
[Step 3820] Action: 0
[Step 3834] Action: 1
[Step 3848] Action: 2
[Step 3862] Action: 3
[Step 3876] Action: 0
[Step 3890] Action: 0
[Step 3900] Action: 0
[Step 3910] Action: 1
[Step 3924] Action: 0
[Step 3938] Action: 0
[Step 3948] Action: 1
[Step 3962] Action: 2
[Step 3976] Action: 1
[Step 3990] Action: 0
[Step 4004] Action: 1
[Step 4018] Action: 3
[Step 4032] Action: 2
[Step 4046] Action: 2
[Step 4056] Action: 2
[Step 4066] Action: 2
[Step 4076] Action: 1
[Step 4090] Action: 1
[Step 4100] Action: 3
[Step 4114] Action: 1
[Step 4128] Action: 0
[Step 4142] Action: 0
[Step 4152] Action: 1
[Step 4166] Action: 0
[Step 4180] Action: 1
[Step 4194] Action: 2
[Step 4208] Action: 2
[Step 4218] Action: 2
[Step 4228] Action: 1
[Step 4242] Action: 3
[Step 4256] Action: 0
[Step 4270] Action: 0
[Step 4280] Action: 0
[Step 4290] Action: 1
[Step 4304] Action: 1
[Step 4314] Action: 2
[Step 4328] Action: 3
[Step 4342] Action: 2
[Step 4356] Action: 1
[Step 4370] Action: 0
[Step 4384] Action: 0
[Step 4394] Action: 0
[Step 4404] Action: 1
[Step 4418] Action: 0
[Step 4432] Action: 3
[Step 4446] Action: 0
[Step 4460] Action: 1
[Step 4474] Action: 2
[Step 4488] Action: 2
[Step 4498] Action: 3
[Step 4512] Action: 1
[Step 4526] Action: 2
[Step 4540] Action: 1
[Step 4554] Action: 0
[Step 4568] Action: 2
[Step 4582] Action: 1
[Step 4596] Action: 0
[Step 4610] Action: 2
[Step 4624] Action: 1
[Step 4638] Action: 2
[Step 4652] Action: 0
[Step 4666] Action: 0
[Step 4676] Action: 1
[Step 4690] Action: 0
[Step 4704] Action: 1
[Step 4718] Action: 2
[Step 4732] Action: 2
[Step 4742] Action: 1
[Step 4756] Action: 0
[Step 4770] Action: 3
[Step 4784] Action: 0
[Step 4798] Action: 0
[Step 4808] Action: 2
[Step 4822] Action: 1
[Step 4836] Action: 1
[Step 4846] Action: 0
[Step 4860] Action: 0
[Step 4870] Action: 0
[Step 4880] Action: 0
[Step 4890] Action: 0
[Step 4900] Action: 1
[Step 4914] Action: 0
[Step 4928] Action: 1
[Step 4942] Action: 2
[Step 4956] Action: 0
[Step 4970] Action: 0
[Step 4980] Action: 1
[Step 4994] Action: 3
[Step 5008] Action: 0
[Step 5022] Action: 1
[Step 5036] Action: 0
[Step 5050] Action: 1
[Step 5064] Action: 0
[Step 5078] Action: 1
[Step 5092] Action: 0
[Step 5106] Action: 3
[Step 5120] Action: 0
[Step 5134] Action: 1
[Step 5148] Action: 3
[Step 5162] Action: 1
[Step 5176] Action: 0
[Step 5190] Action: 3
[Step 5204] Action: 0
[Step 5218] Action: 2
[Step 5232] Action: 3
[Step 5246] Action: 0
[Step 5260] Action: 0
[Step 5270] Action: 0
[Step 5280] Action: 0
[Step 5290] Action: 3
[Step 5304] Action: 3
[Step 5314] Action: 1
[Step 5328] Action: 3
[Step 5342] Action: 0
[Step 5356] Action: 3
[Step 5370] Action: 2
[Step 5384] Action: 1
[Step 5398] Action: 0
