[Step 0] Action: 0
[Step 10] Action: 0
[Step 20] Action: 3
[Step 34] Action: 0
[Step 48] Action: 3
[Step 62] Action: 1
[Step 76] Action: 0
[Step 90] Action: 3
[Step 104] Action: 1
[Step 118] Action: 1
[Step 128] Action: 2
[Step 142] Action: 2
[Step 152] Action: 3
[Step 166] Action: 1
[Step 180] Action: 1
[Step 190] Action: 0
[Step 204] Action: 0
[Step 214] Action: 2
[Step 228] Action: 2
[Step 238] Action: 0
[Step 252] Action: 2
[Step 266] Action: 0
[Step 280] Action: 0
[Step 290] Action: 1
[Step 304] Action: 0
[Step 318] Action: 3
[Step 332] Action: 0
[Step 346] Action: 1
[Step 360] Action: 0
[Step 374] Action: 0
[Step 384] Action: 1
[Step 398] Action: 1
[Step 408] Action: 0
[Step 422] Action: 2
[Step 436] Action: 0
[Step 450] Action: 1
[Step 464] Action: 0
[Step 478] Action: 3
[Step 492] Action: 3
[Step 502] Action: 0
[Step 516] Action: 0
[Step 526] Action: 1
[Step 540] Action: 0
[Step 554] Action: 3
[Step 568] Action: 1
[Step 582] Action: 1
[Step 592] Action: 3
[Step 606] Action: 0
[Step 620] Action: 1
[Step 634] Action: 3
[Step 648] Action: 0
[Step 662] Action: 2
[Step 676] Action: 3
[Step 690] Action: 0
[Step 704] Action: 0
[Step 714] Action: 1
[Step 728] Action: 2
[Step 742] Action: 2
[Step 752] Action: 2
[Step 762] Action: 3
[Step 776] Action: 2
[Step 790] Action: 3
[Step 804] Action: 0
[Step 818] Action: 3
[Step 832] Action: 3
[Step 842] Action: 3
[Step 852] Action: 3
[Step 862] Action: 3
[Step 872] Action: 0
[Step 886] Action: 3
[Step 900] Action: 1
[Step 914] Action: 1
[Step 924] Action: 2
[Step 938] Action: 1
[Step 952] Action: 2
[Step 966] Action: 0
[Step 980] Action: 0
[Step 990] Action: 1
[Step 1004] Action: 0
[Step 1018] Action: 1
[Step 1032] Action: 2
[Step 1046] Action: 1
[Step 1060] Action: 0
[Step 1074] Action: 2
[Step 1088] Action: 2
[Step 1098] Action: 0
[Step 1112] Action: 3
[Step 1126] Action: 1
[Step 1140] Action: 0
[Step 1154] Action: 2
[Step 1168] Action: 2
[Step 1178] Action: 2
[Step 1188] Action: 3
[Step 1202] Action: 2
[Step 1216] Action: 0
[Step 1230] Action: 0
[Step 1240] Action: 1
[Step 1254] Action: 1
[Step 1264] Action: 1
[Step 1274] Action: 2
[Step 1288] Action: 3
[Step 1302] Action: 0
[Step 1316] Action: 3
[Step 1330] Action: 1
[Step 1344] Action: 1
[Step 1354] Action: 1
[Step 1364] Action: 0
[Step 1378] Action: 2
[Step 1392] Action: 2
[Step 1402] Action: 2
[Step 1412] Action: 3
[Step 1426] Action: 0
[Step 1440] Action: 0
[Step 1450] Action: 0
[Step 1460] Action: 3
[Step 1474] Action: 1
[Step 1488] Action: 1
[Step 1498] Action: 2
[Step 1512] Action: 2
[Step 1522] Action: 1
[Step 1536] Action: 0
[Step 1550] Action: 2
[Step 1564] Action: 2
[Step 1574] Action: 2
[Step 1584] Action: 0
[Step 1598] Action: 1
[Step 1612] Action: 0
[Step 1626] Action: 0
[Step 1636] Action: 1
[Step 1650] Action: 1
[Step 1660] Action: 0
[Step 1674] Action: 3
[Step 1688] Action: 0
[Step 1702] Action: 3
[Step 1716] Action: 0
[Step 1730] Action: 2
[Step 1744] Action: 2
[Step 1754] Action: 3
[Step 1768] Action: 0
[Step 1782] Action: 1
[Step 1796] Action: 1
[Step 1806] Action: 0
[Step 1820] Action: 1
[Step 1834] Action: 1
[Step 1844] Action: 1
[Step 1854] Action: 3
[Step 1868] Action: 1
[Step 1882] Action: 1
[Step 1892] Action: 2
[Step 1906] Action: 2
[Step 1916] Action: 2
[Step 1926] Action: 3
[Step 1940] Action: 1
[Step 1954] Action: 2
[Step 1968] Action: 3
[Step 1982] Action: 0
[Step 1996] Action: 3
[Step 2010] Action: 3
[Step 2020] Action: 2
[Step 2034] Action: 0
[Step 2048] Action: 2
[Step 2062] Action: 3
[Step 2076] Action: 0
[Step 2090] Action: 1
[Step 2104] Action: 0
[Step 2118] Action: 0
[Step 2128] Action: 2
[Step 2142] Action: 3
[Step 2156] Action: 0
[Step 2170] Action: 1
[Step 2184] Action: 0
[Step 2198] Action: 2
[Step 2212] Action: 3
[Step 2226] Action: 1
[Step 2240] Action: 2
[Step 2254] Action: 2
[Step 2264] Action: 2
[Step 2274] Action: 2
[Step 2284] Action: 2
[Step 2294] Action: 1
[Step 2308] Action: 2
[Step 2322] Action: 2
[Step 2332] Action: 1
[Step 2346] Action: 2
[Step 2360] Action: 3
[Step 2374] Action: 0
[Step 2388] Action: 0
[Step 2398] Action: 3
[Step 2412] Action: 2
[Step 2426] Action: 2
[Step 2436] Action: 3
[Step 2450] Action: 3
[Step 2460] Action: 0
[Step 2474] Action: 1
[Step 2488] Action: 3
[Step 2502] Action: 1
[Step 2516] Action: 0
[Step 2530] Action: 0
[Step 2540] Action: 3
[Step 2554] Action: 3
[Step 2564] Action: 3
[Step 2574] Action: 2
[Step 2588] Action: 3
[Step 2602] Action: 0
[Step 2616] Action: 1
[Step 2630] Action: 3
[Step 2644] Action: 0
[Step 2658] Action: 0
[Step 2668] Action: 3
[Step 2682] Action: 0
[Step 2696] Action: 2
[Step 2710] Action: 0
[Step 2724] Action: 1
[Step 2738] Action: 2
[Step 2752] Action: 0
[Step 2766] Action: 3
[Step 2780] Action: 0
[Step 2794] Action: 3
[Step 2808] Action: 0
[Step 2822] Action: 3
[Step 2836] Action: 1
[Step 2850] Action: 0
[Step 2864] Action: 3
[Step 2878] Action: 1
[Step 2892] Action: 1
[Step 2902] Action: 2
[Step 2916] Action: 3
[Step 2930] Action: 2
[Step 2944] Action: 3
[Step 2958] Action: 0
[Step 2972] Action: 3
[Step 2986] Action: 3
[Step 2996] Action: 0
[Step 3010] Action: 3
[Step 3024] Action: 0
[Step 3038] Action: 3
[Step 3052] Action: 0
[Step 3066] Action: 2
[Step 3080] Action: 2
[Step 3090] Action: 1
[Step 3104] Action: 2
[Step 3118] Action: 0
[Step 3132] Action: 3
[Step 3146] Action: 3
[Step 3156] Action: 0
[Step 3170] Action: 1
[Step 3184] Action: 2
[Step 3198] Action: 3
[Step 3212] Action: 0
[Step 3226] Action: 1
[Step 3240] Action: 3
[Step 3254] Action: 3
[Step 3264] Action: 0
[Step 3278] Action: 3
[Step 3292] Action: 3
[Step 3302] Action: 3
[Step 3312] Action: 0
[Step 3326] Action: 3
[Step 3340] Action: 0
[Step 3354] Action: 2
[Step 3368] Action: 1
[Step 3382] Action: 2
[Step 3396] Action: 3
[Step 3410] Action: 3
[Step 3420] Action: 3
[Step 3430] Action: 3
[Step 3440] Action: 3
[Step 3450] Action: 3
[Step 3460] Action: 3
[Step 3470] Action: 0
[Step 3484] Action: 0
[Step 3494] Action: 0
[Step 3504] Action: 3
[Step 3518] Action: 0
[Step 3532] Action: 3
[Step 3546] Action: 2
[Step 3560] Action: 3
[Step 3574] Action: 3
[Step 3584] Action: 0
[Step 3598] Action: 3
[Step 3612] Action: 0
[Step 3626] Action: 0
[Step 3636] Action: 3
[Step 3650] Action: 1
[Step 3664] Action: 0
[Step 3678] Action: 1
[Step 3692] Action: 1
[Step 3702] Action: 3
[Step 3716] Action: 0
[Step 3730] Action: 3
[Step 3744] Action: 0
[Step 3758] Action: 1
[Step 3772] Action: 0
[Step 3786] Action: 1
[Step 3800] Action: 2
[Step 3814] Action: 3
[Step 3828] Action: 0
[Step 3842] Action: 3
[Step 3856] Action: 0
[Step 3870] Action: 2
[Step 3884] Action: 0
[Step 3898] Action: 1
[Step 3912] Action: 3
[Step 3926] Action: 0
[Step 3940] Action: 0
[Step 3950] Action: 0
[Step 3960] Action: 2
[Step 3974] Action: 1
[Step 3988] Action: 0
[Step 4002] Action: 3
[Step 4016] Action: 2
[Step 4030] Action: 0
[Step 4044] Action: 0
[Step 4054] Action: 0
[Step 4064] Action: 2
[Step 4078] Action: 3
[Step 4092] Action: 1
[Step 4106] Action: 1
[Step 4116] Action: 2
[Step 4130] Action: 2
[Step 4140] Action: 3
[Step 4154] Action: 0
[Step 4168] Action: 2
[Step 4182] Action: 0
[Step 4196] Action: 3
[Step 4210] Action: 1
[Step 4224] Action: 1
[Step 4234] Action: 0
[Step 4248] Action: 1
[Step 4262] Action: 3
[Step 4276] Action: 3
[Step 4286] Action: 0
[Step 4300] Action: 0
[Step 4310] Action: 0
[Step 4320] Action: 0
[Step 4330] Action: 3
[Step 4344] Action: 1
[Step 4358] Action: 0
[Step 4372] Action: 1
[Step 4386] Action: 0
[Step 4400] Action: 1
[Step 4414] Action: 1
[Step 4424] Action: 3
[Step 4438] Action: 2
[Step 4452] Action: 2
[Step 4462] Action: 3
[Step 4476] Action: 0
[Step 4490] Action: 1
[Step 4504] Action: 1
[Step 4514] Action: 0
[Step 4528] Action: 2
[Step 4542] Action: 2
[Step 4552] Action: 0
[Step 4566] Action: 0
[Step 4576] Action: 3
[Step 4590] Action: 3
[Step 4600] Action: 0
[Step 4614] Action: 0
[Step 4624] Action: 0
[Step 4634] Action: 3
[Step 4648] Action: 1
[Step 4662] Action: 3
[Step 4676] Action: 0
[Step 4690] Action: 2
[Step 4704] Action: 0
[Step 4718] Action: 2
[Step 4732] Action: 3
[Step 4746] Action: 1
[Step 4760] Action: 0
[Step 4774] Action: 3
[Step 4788] Action: 0
[Step 4802] Action: 0
[Step 4812] Action: 0
[Step 4822] Action: 0
[Step 4832] Action: 0
[Step 4842] Action: 0
[Step 4852] Action: 2
[Step 4866] Action: 2
[Step 4876] Action: 0
[Step 4890] Action: 0
[Step 4900] Action: 2
[Step 4914] Action: 0
[Step 4928] Action: 0
[Step 4938] Action: 0
[Step 4948] Action: 2
[Step 4962] Action: 2
[Step 4972] Action: 0
[Step 4986] Action: 3
[Step 5000] Action: 2
[Step 5014] Action: 0
[Step 5028] Action: 2
[Step 5042] Action: 3
[Step 5056] Action: 2
[Step 5070] Action: 0
[Step 5084] Action: 2
[Step 5098] Action: 0
[Step 5112] Action: 0
[Step 5122] Action: 3
[Step 5136] Action: 1
[Step 5150] Action: 1
[Step 5160] Action: 0
[Step 5174] Action: 2
[Step 5188] Action: 0
[Step 5202] Action: 2
[Step 5216] Action: 3
[Step 5230] Action: 3
[Step 5240] Action: 1
[Step 5254] Action: 0
[Step 5268] Action: 2
[Step 5282] Action: 0
[Step 5296] Action: 0
[Step 5306] Action: 0
[Step 5316] Action: 0
[Step 5326] Action: 2
[Step 5340] Action: 2
[Step 5350] Action: 3
[Step 5364] Action: 3
[Step 5374] Action: 0
[Step 5388] Action: 1
