Timestamp: 2025-04-13 07:59:19
Intersection: roundabout
Epsilon: 0.86
Simulation Duration: 6.2 seconds

=== Rewards ===
Combined Reward: -17658.80
Agent 1 Reward: -9787.50
Agent 2 Reward: -7871.30

=== Traffic Statistics ===
Average Queue (combined): 19.20
Average Queue (Agent 1): 0.00
Average Queue (Agent 2): 0.00
Cumulative Waiting Time (combined): 103672.00
Cumulative Waiting Time (Agent 1): 368337.40
Cumulative Waiting Time (Agent 2): 157553.40

=== Fault Injection ===
Fault injected: No

Total Emergency Delay: 0.00

=== Action Distribution (combined) ===
 Action 0: 428 times
 Action 1: 575 times
 Action 2: 437 times
 Action 3: 414 times
