Timestamp: 2025-04-13 07:23:11
Intersection: roundabout
Epsilon: 0.40
Simulation Duration: 14.6 seconds

=== Rewards ===
Combined Reward: -47087.80
Agent 1 Reward: -25572.20
Agent 2 Reward: -21515.60

=== Traffic Statistics ===
Average Queue (combined): 41.27
Average Queue (Agent 1): 0.00
Average Queue (Agent 2): 0.00
Cumulative Waiting Time (combined): 222880.00
Cumulative Waiting Time (Agent 1): 2211922.20
Cumulative Waiting Time (Agent 2): 828058.00

=== Fault Injection ===
Fault injected: No

Total Emergency Delay: 0.00

=== Action Distribution (combined) ===
 Action 0: 2306 times
 Action 1: 2254 times
 Action 2: 1231 times
 Action 3: 1231 times
