Timestamp: 2025-04-13 06:01:43
Intersection: roundabout
Epsilon: 0.80
Simulation Duration: 8.4 seconds

=== Rewards ===
Combined Reward: -7835.50
Agent 1 Reward: -3832.00
Agent 2 Reward: -4003.50

=== Traffic Statistics ===
Average Queue (combined): 6.71
Average Queue (Agent 1): 0.00
Average Queue (Agent 2): 0.00
Cumulative Waiting Time (combined): 36229.00
Cumulative Waiting Time (Agent 1): 37186.60
Cumulative Waiting Time (Agent 2): 34646.80

=== Fault Injection ===
Fault injected: No

Total Emergency Delay: 0.00

=== Action Distribution (combined) ===
 Action 0: 0 times
 Action 1: 0 times
 Action 2: 0 times
 Action 3: 0 times
