Timestamp: 2025-04-13 07:22:07
Intersection: roundabout
Epsilon: 0.44
Simulation Duration: 16.9 seconds

=== Rewards ===
Combined Reward: -25218.15
Agent 1 Reward: -13622.50
Agent 2 Reward: -11595.65

=== Traffic Statistics ===
Average Queue (combined): 43.31
Average Queue (Agent 1): 0.00
Average Queue (Agent 2): 0.00
Cumulative Waiting Time (combined): 233877.00
Cumulative Waiting Time (Agent 1): 1833754.40
Cumulative Waiting Time (Agent 2): 707745.40

=== Fault Injection ===
Fault injected: Yes

Total Emergency Delay: 0.00

=== Action Distribution (combined) ===
 Action 0: 2117 times
 Action 1: 2043 times
 Action 2: 1178 times
 Action 3: 1182 times
