Timestamp: 2025-04-13 07:23:46
Intersection: roundabout
Epsilon: 0.38
Simulation Duration: 14.9 seconds

=== Rewards ===
Combined Reward: -36878.50
Agent 1 Reward: -20393.00
Agent 2 Reward: -16485.50

=== Traffic Statistics ===
Average Queue (combined): 34.24
Average Queue (Agent 1): 0.00
Average Queue (Agent 2): 0.00
Cumulative Waiting Time (combined): 184888.00
Cumulative Waiting Time (Agent 1): 2339769.60
Cumulative Waiting Time (Agent 2): 856031.20

=== Fault Injection ===
Fault injected: No

Total Emergency Delay: 0.00

=== Action Distribution (combined) ===
 Action 0: 2402 times
 Action 1: 2358 times
 Action 2: 1254 times
 Action 3: 1256 times
