Simulating Episode 1 on cross at 2025-04-13 20:57:33.404107
[Step 0] Action chosen: 3
[SetGreen] TL TL: Phases available: ['GGGGrrrrrrGGGGrrrrrr', 'yyyyrrrrrryyyyrrrrrr', 'rrrrGrrrrrrrrrGrrrrr', 'rrrryrrrrrrrrryrrrrr', 'rrrrrGGGGrrrrrrGGGGr', 'rrrrryyyyrrrrrryyyyr', 'rrrrrrrrrGrrrrrrrrrG', 'rrrrrrrrryrrrrrrrrry']
[SetGreen] TL TL: Set green phase 6 out of 8 phases.
[Step 0] Adaptive green duration: 40
[Simulate] Step 1: Queue length 0
[Simulate] Step 2: Queue length 0
[Simulate] Step 3: Queue length 0
[Simulate] Step 4: Queue length 0
[Simulate] Step 5: Queue length 0
[Simulate] Step 6: Queue length 0
[Simulate] Step 7: Queue length 0
[Simulate] Step 8: Queue length 0
[Simulate] Step 9: Queue length 0
[Simulate] Step 10: Queue length 0
[Simulate] Step 11: Queue length 0
[Simulate] Step 12: Queue length 0
[Simulate] Step 13: Queue length 0
[Simulate] Step 14: Queue length 0
[Simulate] Step 15: Queue length 0
[Simulate] Step 16: Queue length 0
[Simulate] Step 17: Queue length 0
[Simulate] Step 18: Queue length 0
[Simulate] Step 19: Queue length 0
[Simulate] Step 20: Queue length 0
[Simulate] Step 21: Queue length 0
[Simulate] Step 22: Queue length 0
[Simulate] Step 23: Queue length 0
[Simulate] Step 24: Queue length 0
[Simulate] Step 25: Queue length 0
[Simulate] Step 26: Queue length 0
[Simulate] Step 27: Queue length 0
[Simulate] Step 28: Queue length 0
[Simulate] Step 29: Queue length 0
[Simulate] Step 30: Queue length 0
[Simulate] Step 31: Queue length 0
[Simulate] Step 32: Queue length 0
[Simulate] Step 33: Queue length 0
[Simulate] Step 34: Queue length 0
[Simulate] Step 35: Queue length 0
[Simulate] Step 36: Queue length 0
[Simulate] Step 37: Queue length 0
[Simulate] Step 38: Queue length 0
[Simulate] Step 39: Queue length 0
[Simulate] Step 40: Queue length 0
[Step 40] Action chosen: 2
[SetYellow] TL TL: Set yellow phase 7 out of 8 phases.
[Simulate] Step 41: Queue length 0
[Simulate] Step 42: Queue length 0
[Simulate] Step 43: Queue length 0
[Simulate] Step 44: Queue length 0
[SetGreen] TL TL: Phases available: ['GGGGrrrrrrGGGGrrrrrr', 'yyyyrrrrrryyyyrrrrrr', 'rrrrGrrrrrrrrrGrrrrr', 'rrrryrrrrrrrrryrrrrr', 'rrrrrGGGGrrrrrrGGGGr', 'rrrrryyyyrrrrrryyyyr', 'rrrrrrrrrGrrrrrrrrrG', 'rrrrrrrrryrrrrrrrrry']
[SetGreen] TL TL: Set green phase 4 out of 8 phases.
[Step 44] Adaptive green duration: 40
[Simulate] Step 45: Queue length 0
[Simulate] Step 46: Queue length 0
[Simulate] Step 47: Queue length 0
[Simulate] Step 48: Queue length 0
[Simulate] Step 49: Queue length 0
[Simulate] Step 50: Queue length 0
[Simulate] Step 51: Queue length 0
[Simulate] Step 52: Queue length 0
[Simulate] Step 53: Queue length 0
[Simulate] Step 54: Queue length 0
[Simulate] Step 55: Queue length 0
[Simulate] Step 56: Queue length 0
[Simulate] Step 57: Queue length 0
[Simulate] Step 58: Queue length 0
[Simulate] Step 59: Queue length 0
[Simulate] Step 60: Queue length 0
[Simulate] Step 61: Queue length 0
[Simulate] Step 62: Queue length 0
[Simulate] Step 63: Queue length 0
[Simulate] Step 64: Queue length 0
[Simulate] Step 65: Queue length 0
[Simulate] Step 66: Queue length 0
[Simulate] Step 67: Queue length 0
[Simulate] Step 68: Queue length 0
[Simulate] Step 69: Queue length 0
[Simulate] Step 70: Queue length 0
[Simulate] Step 71: Queue length 0
[Simulate] Step 72: Queue length 0
[Simulate] Step 73: Queue length 0
[Simulate] Step 74: Queue length 0
[Simulate] Step 75: Queue length 0
[Simulate] Step 76: Queue length 0
[Simulate] Step 77: Queue length 0
[Simulate] Step 78: Queue length 0
[Simulate] Step 79: Queue length 0
[Simulate] Step 80: Queue length 0
[Simulate] Step 81: Queue length 0
[Simulate] Step 82: Queue length 0
[Simulate] Step 83: Queue length 0
[Simulate] Step 84: Queue length 0
[Step 84] Action chosen: 1
[SetYellow] TL TL: Set yellow phase 5 out of 8 phases.
[Simulate] Step 85: Queue length 0
[Simulate] Step 86: Queue length 0
[Simulate] Step 87: Queue length 0
[Simulate] Step 88: Queue length 0
[SetGreen] TL TL: Phases available: ['GGGGrrrrrrGGGGrrrrrr', 'yyyyrrrrrryyyyrrrrrr', 'rrrrGrrrrrrrrrGrrrrr', 'rrrryrrrrrrrrryrrrrr', 'rrrrrGGGGrrrrrrGGGGr', 'rrrrryyyyrrrrrryyyyr', 'rrrrrrrrrGrrrrrrrrrG', 'rrrrrrrrryrrrrrrrrry']
[SetGreen] TL TL: Set green phase 2 out of 8 phases.
[Step 88] Adaptive green duration: 40
[Simulate] Step 89: Queue length 0
[Simulate] Step 90: Queue length 0
[Simulate] Step 91: Queue length 0
[Simulate] Step 92: Queue length 0
[Simulate] Step 93: Queue length 0
[Simulate] Step 94: Queue length 0
[Simulate] Step 95: Queue length 0
[Simulate] Step 96: Queue length 0
[Simulate] Step 97: Queue length 0
[Simulate] Step 98: Queue length 0
[Simulate] Step 99: Queue length 0
[Simulate] Step 100: Queue length 0
[Simulate] Step 101: Queue length 0
[Simulate] Step 102: Queue length 0
[Simulate] Step 103: Queue length 0
[Simulate] Step 104: Queue length 0
[Simulate] Step 105: Queue length 0
[Simulate] Step 106: Queue length 0
[Simulate] Step 107: Queue length 0
[Simulate] Step 108: Queue length 0
[Simulate] Step 109: Queue length 0
[Simulate] Step 110: Queue length 0
[Simulate] Step 111: Queue length 0
[Simulate] Step 112: Queue length 0
[Simulate] Step 113: Queue length 0
[Simulate] Step 114: Queue length 0
[Simulate] Step 115: Queue length 0
[Simulate] Step 116: Queue length 0
[Simulate] Step 117: Queue length 0
[Simulate] Step 118: Queue length 0
[Simulate] Step 119: Queue length 0
[Simulate] Step 120: Queue length 0
[Simulate] Step 121: Queue length 0
[Simulate] Step 122: Queue length 0
[Simulate] Step 123: Queue length 0
[Simulate] Step 124: Queue length 0
[Simulate] Step 125: Queue length 0
[Simulate] Step 126: Queue length 0
[Simulate] Step 127: Queue length 0
[Simulate] Step 128: Queue length 0
[Step 128] Action chosen: 2
[SetYellow] TL TL: Set yellow phase 3 out of 8 phases.
[Simulate] Step 129: Queue length 0
[Simulate] Step 130: Queue length 0
[Simulate] Step 131: Queue length 0
[Simulate] Step 132: Queue length 0
[SetGreen] TL TL: Phases available: ['GGGGrrrrrrGGGGrrrrrr', 'yyyyrrrrrryyyyrrrrrr', 'rrrrGrrrrrrrrrGrrrrr', 'rrrryrrrrrrrrryrrrrr', 'rrrrrGGGGrrrrrrGGGGr', 'rrrrryyyyrrrrrryyyyr', 'rrrrrrrrrGrrrrrrrrrG', 'rrrrrrrrryrrrrrrrrry']
[SetGreen] TL TL: Set green phase 4 out of 8 phases.
[Step 132] Adaptive green duration: 40
[Simulate] Step 133: Queue length 0
[Simulate] Step 134: Queue length 0
[Simulate] Step 135: Queue length 0
[Simulate] Step 136: Queue length 0
[Simulate] Step 137: Queue length 0
[Simulate] Step 138: Queue length 0
[Simulate] Step 139: Queue length 0
[Simulate] Step 140: Queue length 0
[Simulate] Step 141: Queue length 0
[Simulate] Step 142: Queue length 0
[Simulate] Step 143: Queue length 0
[Simulate] Step 144: Queue length 0
[Simulate] Step 145: Queue length 0
[Simulate] Step 146: Queue length 0
[Simulate] Step 147: Queue length 0
[Simulate] Step 148: Queue length 0
[Simulate] Step 149: Queue length 0
[Simulate] Step 150: Queue length 0
[Simulate] Step 151: Queue length 0
[Simulate] Step 152: Queue length 0
[Simulate] Step 153: Queue length 0
[Simulate] Step 154: Queue length 0
[Simulate] Step 155: Queue length 0
[Simulate] Step 156: Queue length 0
[Simulate] Step 157: Queue length 0
[Simulate] Step 158: Queue length 0
[Simulate] Step 159: Queue length 0
[Simulate] Step 160: Queue length 0
[Simulate] Step 161: Queue length 0
[Simulate] Step 162: Queue length 0
[Simulate] Step 163: Queue length 0
[Simulate] Step 164: Queue length 0
[Simulate] Step 165: Queue length 0
[Simulate] Step 166: Queue length 0
[Simulate] Step 167: Queue length 0
[Simulate] Step 168: Queue length 0
[Simulate] Step 169: Queue length 0
[Simulate] Step 170: Queue length 0
[Simulate] Step 171: Queue length 0
[Simulate] Step 172: Queue length 0
[Step 172] Action chosen: 1
[SetYellow] TL TL: Set yellow phase 5 out of 8 phases.
[Simulate] Step 173: Queue length 0
[Simulate] Step 174: Queue length 0
[Simulate] Step 175: Queue length 0
[Simulate] Step 176: Queue length 0
[SetGreen] TL TL: Phases available: ['GGGGrrrrrrGGGGrrrrrr', 'yyyyrrrrrryyyyrrrrrr', 'rrrrGrrrrrrrrrGrrrrr', 'rrrryrrrrrrrrryrrrrr', 'rrrrrGGGGrrrrrrGGGGr', 'rrrrryyyyrrrrrryyyyr', 'rrrrrrrrrGrrrrrrrrrG', 'rrrrrrrrryrrrrrrrrry']
[SetGreen] TL TL: Set green phase 2 out of 8 phases.
[Step 176] Adaptive green duration: 40
[Simulate] Step 177: Queue length 0
[Simulate] Step 178: Queue length 0
[Simulate] Step 179: Queue length 0
[Simulate] Step 180: Queue length 1
[Simulate] Step 181: Queue length 1
[Simulate] Step 182: Queue length 1
[Simulate] Step 183: Queue length 1
[Simulate] Step 184: Queue length 1
[Simulate] Step 185: Queue length 1
[Simulate] Step 186: Queue length 1
[Simulate] Step 187: Queue length 1
[Simulate] Step 188: Queue length 1
[Simulate] Step 189: Queue length 1
[Simulate] Step 190: Queue length 1
[Simulate] Step 191: Queue length 1
[Simulate] Step 192: Queue length 1
[Simulate] Step 193: Queue length 1
[Simulate] Step 194: Queue length 1
[Simulate] Step 195: Queue length 1
[Simulate] Step 196: Queue length 1
[Simulate] Step 197: Queue length 1
[Simulate] Step 198: Queue length 1
[Simulate] Step 199: Queue length 1
[Simulate] Step 200: Queue length 1
[Simulate] Step 201: Queue length 1
[Simulate] Step 202: Queue length 1
[Simulate] Step 203: Queue length 1
[Simulate] Step 204: Queue length 1
[Simulate] Step 205: Queue length 1
[Simulate] Step 206: Queue length 1
[Simulate] Step 207: Queue length 1
[Simulate] Step 208: Queue length 1
[Simulate] Step 209: Queue length 1
[Simulate] Step 210: Queue length 1
[Simulate] Step 211: Queue length 1
[Simulate] Step 212: Queue length 1
[Simulate] Step 213: Queue length 1
[Simulate] Step 214: Queue length 1
[Simulate] Step 215: Queue length 1
[Simulate] Step 216: Queue length 1
[Step 216] Action chosen: 2
[SetYellow] TL TL: Set yellow phase 3 out of 8 phases.
[Simulate] Step 217: Queue length 1
[Simulate] Step 218: Queue length 1
[Simulate] Step 219: Queue length 1
[Simulate] Step 220: Queue length 1
[SetGreen] TL TL: Phases available: ['GGGGrrrrrrGGGGrrrrrr', 'yyyyrrrrrryyyyrrrrrr', 'rrrrGrrrrrrrrrGrrrrr', 'rrrryrrrrrrrrryrrrrr', 'rrrrrGGGGrrrrrrGGGGr', 'rrrrryyyyrrrrrryyyyr', 'rrrrrrrrrGrrrrrrrrrG', 'rrrrrrrrryrrrrrrrrry']
[SetGreen] TL TL: Set green phase 4 out of 8 phases.
[Step 220] Adaptive green duration: 41
[Simulate] Step 221: Queue length 1
[Simulate] Step 222: Queue length 1
[Simulate] Step 223: Queue length 1
[Simulate] Step 224: Queue length 1
[Simulate] Step 225: Queue length 1
[Simulate] Step 226: Queue length 1
[Simulate] Step 227: Queue length 1
[Simulate] Step 228: Queue length 1
[Simulate] Step 229: Queue length 1
[Simulate] Step 230: Queue length 1
[Simulate] Step 231: Queue length 1
[Simulate] Step 232: Queue length 1
[Simulate] Step 233: Queue length 1
[Simulate] Step 234: Queue length 1
[Simulate] Step 235: Queue length 1
[Simulate] Step 236: Queue length 1
[Simulate] Step 237: Queue length 1
[Simulate] Step 238: Queue length 1
[Simulate] Step 239: Queue length 1
[Simulate] Step 240: Queue length 1
[Simulate] Step 241: Queue length 1
[Simulate] Step 242: Queue length 1
[Simulate] Step 243: Queue length 1
[Simulate] Step 244: Queue length 1
[Simulate] Step 245: Queue length 1
[Simulate] Step 246: Queue length 1
[Simulate] Step 247: Queue length 1
[Simulate] Step 248: Queue length 1
[Simulate] Step 249: Queue length 1
[Simulate] Step 250: Queue length 1
[Simulate] Step 251: Queue length 1
[Simulate] Step 252: Queue length 1
[Simulate] Step 253: Queue length 1
[Simulate] Step 254: Queue length 1
[Simulate] Step 255: Queue length 1
[Simulate] Step 256: Queue length 1
[Simulate] Step 257: Queue length 1
[Simulate] Step 258: Queue length 2
[Simulate] Step 259: Queue length 2
[Simulate] Step 260: Queue length 2
[Simulate] Step 261: Queue length 2
[Step 261] Action chosen: 0
[SetYellow] TL TL: Set yellow phase 5 out of 8 phases.
[Simulate] Step 262: Queue length 2
[Simulate] Step 263: Queue length 2
[Simulate] Step 264: Queue length 2
[Simulate] Step 265: Queue length 2
[SetGreen] TL TL: Phases available: ['GGGGrrrrrrGGGGrrrrrr', 'yyyyrrrrrryyyyrrrrrr', 'rrrrGrrrrrrrrrGrrrrr', 'rrrryrrrrrrrrryrrrrr', 'rrrrrGGGGrrrrrrGGGGr', 'rrrrryyyyrrrrrryyyyr', 'rrrrrrrrrGrrrrrrrrrG', 'rrrrrrrrryrrrrrrrrry']
[SetGreen] TL TL: Set green phase 0 out of 8 phases.
[Step 265] Adaptive green duration: 42
[Simulate] Step 266: Queue length 1
[Simulate] Step 267: Queue length 1
[Simulate] Step 268: Queue length 1
[Simulate] Step 269: Queue length 1
[Simulate] Step 270: Queue length 1
[Simulate] Step 271: Queue length 1
[Simulate] Step 272: Queue length 1
[Simulate] Step 273: Queue length 1
[Simulate] Step 274: Queue length 1
[Simulate] Step 275: Queue length 1
[Simulate] Step 276: Queue length 1
[Simulate] Step 277: Queue length 1
[Simulate] Step 278: Queue length 1
[Simulate] Step 279: Queue length 1
[Simulate] Step 280: Queue length 1
[Simulate] Step 281: Queue length 1
[Simulate] Step 282: Queue length 1
[Simulate] Step 283: Queue length 1
[Simulate] Step 284: Queue length 1
[Simulate] Step 285: Queue length 1
[Simulate] Step 286: Queue length 1
[Simulate] Step 287: Queue length 1
[Simulate] Step 288: Queue length 1
[Simulate] Step 289: Queue length 1
[Simulate] Step 290: Queue length 1
[Simulate] Step 291: Queue length 1
[Simulate] Step 292: Queue length 1
[Simulate] Step 293: Queue length 1
[Simulate] Step 294: Queue length 1
[Simulate] Step 295: Queue length 1
[Simulate] Step 296: Queue length 1
[Simulate] Step 297: Queue length 1
[Simulate] Step 298: Queue length 1
[Simulate] Step 299: Queue length 1
[Simulate] Step 300: Queue length 1
[Simulate] Step 301: Queue length 1
[Simulate] Step 302: Queue length 1
[Simulate] Step 303: Queue length 2
[Simulate] Step 304: Queue length 3
[Simulate] Step 305: Queue length 3
[Simulate] Step 306: Queue length 3
[Simulate] Step 307: Queue length 3
[Step 307] Action chosen: 0
[SetGreen] TL TL: Phases available: ['GGGGrrrrrrGGGGrrrrrr', 'yyyyrrrrrryyyyrrrrrr', 'rrrrGrrrrrrrrrGrrrrr', 'rrrryrrrrrrrrryrrrrr', 'rrrrrGGGGrrrrrrGGGGr', 'rrrrryyyyrrrrrryyyyr', 'rrrrrrrrrGrrrrrrrrrG', 'rrrrrrrrryrrrrrrrrry']
[SetGreen] TL TL: Set green phase 0 out of 8 phases.
[Step 307] Adaptive green duration: 41
[Simulate] Step 308: Queue length 4
[Simulate] Step 309: Queue length 4
[Simulate] Step 310: Queue length 4
[Simulate] Step 311: Queue length 4
[Simulate] Step 312: Queue length 4
[Simulate] Step 313: Queue length 5
[Simulate] Step 314: Queue length 5
[Simulate] Step 315: Queue length 5
[Simulate] Step 316: Queue length 5
[Simulate] Step 317: Queue length 5
[Simulate] Step 318: Queue length 5
[Simulate] Step 319: Queue length 5
[Simulate] Step 320: Queue length 5
[Simulate] Step 321: Queue length 5
[Simulate] Step 322: Queue length 5
[Simulate] Step 323: Queue length 5
[Simulate] Step 324: Queue length 5
[Simulate] Step 325: Queue length 5
[Simulate] Step 326: Queue length 5
[Simulate] Step 327: Queue length 6
[Simulate] Step 328: Queue length 6
[Simulate] Step 329: Queue length 6
[Simulate] Step 330: Queue length 6
[Simulate] Step 331: Queue length 6
[Simulate] Step 332: Queue length 6
[Simulate] Step 333: Queue length 6
[Simulate] Step 334: Queue length 6
[Simulate] Step 335: Queue length 6
[Simulate] Step 336: Queue length 6
[Simulate] Step 337: Queue length 6
[Simulate] Step 338: Queue length 6
[Simulate] Step 339: Queue length 6
[Simulate] Step 340: Queue length 6
[Simulate] Step 341: Queue length 6
[Simulate] Step 342: Queue length 6
[Simulate] Step 343: Queue length 6
[Simulate] Step 344: Queue length 6
[Simulate] Step 345: Queue length 6
[Simulate] Step 346: Queue length 6
[Simulate] Step 347: Queue length 6
[Simulate] Step 348: Queue length 6
[Step 348] Action chosen: 0
[SetGreen] TL TL: Phases available: ['GGGGrrrrrrGGGGrrrrrr', 'yyyyrrrrrryyyyrrrrrr', 'rrrrGrrrrrrrrrGrrrrr', 'rrrryrrrrrrrrryrrrrr', 'rrrrrGGGGrrrrrrGGGGr', 'rrrrryyyyrrrrrryyyyr', 'rrrrrrrrrGrrrrrrrrrG', 'rrrrrrrrryrrrrrrrrry']
[SetGreen] TL TL: Set green phase 0 out of 8 phases.
[Step 348] Adaptive green duration: 49
[Simulate] Step 349: Queue length 6
[Simulate] Step 350: Queue length 6
[Simulate] Step 351: Queue length 6
[Simulate] Step 352: Queue length 6
[Simulate] Step 353: Queue length 6
[Simulate] Step 354: Queue length 6
[Simulate] Step 355: Queue length 6
[Simulate] Step 356: Queue length 6
[Simulate] Step 357: Queue length 6
[Simulate] Step 358: Queue length 6
[Simulate] Step 359: Queue length 6
[Simulate] Step 360: Queue length 6
[Simulate] Step 361: Queue length 6
[Simulate] Step 362: Queue length 6
[Simulate] Step 363: Queue length 6
[Simulate] Step 364: Queue length 6
[Simulate] Step 365: Queue length 6
[Simulate] Step 366: Queue length 6
[Simulate] Step 367: Queue length 6
[Simulate] Step 368: Queue length 6
[Simulate] Step 369: Queue length 6
[Simulate] Step 370: Queue length 6
[Simulate] Step 371: Queue length 6
[Simulate] Step 372: Queue length 6
[Simulate] Step 373: Queue length 6
[Simulate] Step 374: Queue length 6
[Simulate] Step 375: Queue length 6
[Simulate] Step 376: Queue length 6
[Simulate] Step 377: Queue length 6
[Simulate] Step 378: Queue length 6
[Simulate] Step 379: Queue length 6
[Simulate] Step 380: Queue length 6
[Simulate] Step 381: Queue length 6
[Simulate] Step 382: Queue length 6
[Simulate] Step 383: Queue length 6
[Simulate] Step 384: Queue length 6
[Simulate] Step 385: Queue length 6
[Simulate] Step 386: Queue length 6
[Simulate] Step 387: Queue length 6
[Simulate] Step 388: Queue length 6
[Simulate] Step 389: Queue length 6
[Simulate] Step 390: Queue length 6
[Simulate] Step 391: Queue length 6
[Simulate] Step 392: Queue length 6
[Simulate] Step 393: Queue length 6
[Simulate] Step 394: Queue length 6
[Simulate] Step 395: Queue length 6
[Simulate] Step 396: Queue length 6
[Simulate] Step 397: Queue length 6
[Step 397] Action chosen: 1
[SetYellow] TL TL: Set yellow phase 1 out of 8 phases.
[Simulate] Step 398: Queue length 6
[Simulate] Step 399: Queue length 6
[Simulate] Step 400: Queue length 6
[Simulate] Step 401: Queue length 6
[SetGreen] TL TL: Phases available: ['GGGGrrrrrrGGGGrrrrrr', 'yyyyrrrrrryyyyrrrrrr', 'rrrrGrrrrrrrrrGrrrrr', 'rrrryrrrrrrrrryrrrrr', 'rrrrrGGGGrrrrrrGGGGr', 'rrrrryyyyrrrrrryyyyr', 'rrrrrrrrrGrrrrrrrrrG', 'rrrrrrrrryrrrrrrrrry']
[SetGreen] TL TL: Set green phase 2 out of 8 phases.
[Step 401] Adaptive green duration: 50
[Simulate] Step 402: Queue length 5
[Simulate] Step 403: Queue length 5
[Simulate] Step 404: Queue length 5
[Simulate] Step 405: Queue length 5
[Simulate] Step 406: Queue length 5
[Simulate] Step 407: Queue length 5
[Simulate] Step 408: Queue length 5
[Simulate] Step 409: Queue length 5
[Simulate] Step 410: Queue length 5
[Simulate] Step 411: Queue length 5
[Simulate] Step 412: Queue length 5
[Simulate] Step 413: Queue length 5
[Simulate] Step 414: Queue length 5
[Simulate] Step 415: Queue length 5
[Simulate] Step 416: Queue length 5
[Simulate] Step 417: Queue length 5
[Simulate] Step 418: Queue length 5
[Simulate] Step 419: Queue length 5
[Simulate] Step 420: Queue length 5
[Simulate] Step 421: Queue length 5
[Simulate] Step 422: Queue length 5
[Simulate] Step 423: Queue length 6
[Simulate] Step 424: Queue length 6
[Simulate] Step 425: Queue length 6
[Simulate] Step 426: Queue length 6
[Simulate] Step 427: Queue length 6
[Simulate] Step 428: Queue length 6
[Simulate] Step 429: Queue length 6
[Simulate] Step 430: Queue length 6
[Simulate] Step 431: Queue length 6
[Simulate] Step 432: Queue length 6
[Simulate] Step 433: Queue length 6
[Simulate] Step 434: Queue length 6
[Simulate] Step 435: Queue length 6
[Simulate] Step 436: Queue length 6
[Simulate] Step 437: Queue length 6
[Simulate] Step 438: Queue length 6
[Simulate] Step 439: Queue length 6
[Simulate] Step 440: Queue length 6
[Simulate] Step 441: Queue length 6
[Simulate] Step 442: Queue length 6
[Simulate] Step 443: Queue length 6
[Simulate] Step 444: Queue length 6
[Simulate] Step 445: Queue length 6
[Simulate] Step 446: Queue length 6
[Simulate] Step 447: Queue length 6
[Simulate] Step 448: Queue length 6
[Simulate] Step 449: Queue length 6
[Simulate] Step 450: Queue length 6
[Simulate] Step 451: Queue length 6
[Step 451] Action chosen: 0
[SetYellow] TL TL: Set yellow phase 3 out of 8 phases.
[Simulate] Step 452: Queue length 6
[Simulate] Step 453: Queue length 6
[Simulate] Step 454: Queue length 6
[Simulate] Step 455: Queue length 6
[SetGreen] TL TL: Phases available: ['GGGGrrrrrrGGGGrrrrrr', 'yyyyrrrrrryyyyrrrrrr', 'rrrrGrrrrrrrrrGrrrrr', 'rrrryrrrrrrrrryrrrrr', 'rrrrrGGGGrrrrrrGGGGr', 'rrrrryyyyrrrrrryyyyr', 'rrrrrrrrrGrrrrrrrrrG', 'rrrrrrrrryrrrrrrrrry']
[SetGreen] TL TL: Set green phase 0 out of 8 phases.
[Step 455] Adaptive green duration: 50
[Simulate] Step 456: Queue length 5
[Simulate] Step 457: Queue length 5
[Simulate] Step 458: Queue length 5
[Simulate] Step 459: Queue length 5
[Simulate] Step 460: Queue length 5
[Simulate] Step 461: Queue length 5
[Simulate] Step 462: Queue length 5
[Simulate] Step 463: Queue length 5
[Simulate] Step 464: Queue length 5
[Simulate] Step 465: Queue length 5
[Simulate] Step 466: Queue length 5
[Simulate] Step 467: Queue length 5
[Simulate] Step 468: Queue length 5
[Simulate] Step 469: Queue length 5
[Simulate] Step 470: Queue length 5
[Simulate] Step 471: Queue length 5
[Simulate] Step 472: Queue length 5
[Simulate] Step 473: Queue length 5
[Simulate] Step 474: Queue length 5
[Simulate] Step 475: Queue length 5
[Simulate] Step 476: Queue length 5
[Simulate] Step 477: Queue length 5
[Simulate] Step 478: Queue length 5
[Simulate] Step 479: Queue length 5
[Simulate] Step 480: Queue length 5
[Simulate] Step 481: Queue length 5
[Simulate] Step 482: Queue length 5
[Simulate] Step 483: Queue length 5
[Simulate] Step 484: Queue length 5
[Simulate] Step 485: Queue length 5
[Simulate] Step 486: Queue length 5
[Simulate] Step 487: Queue length 5
[Simulate] Step 488: Queue length 5
[Simulate] Step 489: Queue length 5
[Simulate] Step 490: Queue length 5
[Simulate] Step 491: Queue length 5
[Simulate] Step 492: Queue length 6
[Simulate] Step 493: Queue length 6
[Simulate] Step 494: Queue length 6
[Simulate] Step 495: Queue length 7
[Simulate] Step 496: Queue length 7
[Simulate] Step 497: Queue length 7
[Simulate] Step 498: Queue length 7
[Simulate] Step 499: Queue length 7
[Simulate] Step 500: Queue length 7
[Simulate] Step 501: Queue length 7
[Simulate] Step 502: Queue length 7
[Simulate] Step 503: Queue length 7
[Simulate] Step 504: Queue length 7
[Simulate] Step 505: Queue length 7
[Step 505] Action chosen: 2
[SetYellow] TL TL: Set yellow phase 1 out of 8 phases.
[Simulate] Step 506: Queue length 8
[Simulate] Step 507: Queue length 8
[Simulate] Step 508: Queue length 8
[Simulate] Step 509: Queue length 8
[SetGreen] TL TL: Phases available: ['GGGGrrrrrrGGGGrrrrrr', 'yyyyrrrrrryyyyrrrrrr', 'rrrrGrrrrrrrrrGrrrrr', 'rrrryrrrrrrrrryrrrrr', 'rrrrrGGGGrrrrrrGGGGr', 'rrrrryyyyrrrrrryyyyr', 'rrrrrrrrrGrrrrrrrrrG', 'rrrrrrrrryrrrrrrrrry']
[SetGreen] TL TL: Set green phase 4 out of 8 phases.
[Step 509] Adaptive green duration: 50
[Simulate] Step 510: Queue length 4
[Simulate] Step 511: Queue length 2
[Simulate] Step 512: Queue length 2
[Simulate] Step 513: Queue length 2
[Simulate] Step 514: Queue length 2
[Simulate] Step 515: Queue length 2
[Simulate] Step 516: Queue length 2
[Simulate] Step 517: Queue length 2
[Simulate] Step 518: Queue length 2
[Simulate] Step 519: Queue length 3
[Simulate] Step 520: Queue length 3
[Simulate] Step 521: Queue length 3
[Simulate] Step 522: Queue length 3
[Simulate] Step 523: Queue length 3
[Simulate] Step 524: Queue length 3
[Simulate] Step 525: Queue length 3
[Simulate] Step 526: Queue length 3
[Simulate] Step 527: Queue length 3
[Simulate] Step 528: Queue length 3
[Simulate] Step 529: Queue length 3
[Simulate] Step 530: Queue length 3
[Simulate] Step 531: Queue length 3
[Simulate] Step 532: Queue length 3
[Simulate] Step 533: Queue length 3
[Simulate] Step 534: Queue length 3
[Simulate] Step 535: Queue length 3
[Simulate] Step 536: Queue length 3
[Simulate] Step 537: Queue length 3
[Simulate] Step 538: Queue length 3
[Simulate] Step 539: Queue length 3
[Simulate] Step 540: Queue length 3
[Simulate] Step 541: Queue length 3
[Simulate] Step 542: Queue length 3
[Simulate] Step 543: Queue length 3
[Simulate] Step 544: Queue length 3
[Simulate] Step 545: Queue length 3
[Simulate] Step 546: Queue length 3
[Simulate] Step 547: Queue length 3
[Simulate] Step 548: Queue length 4
[Simulate] Step 549: Queue length 4
[Simulate] Step 550: Queue length 4
[Simulate] Step 551: Queue length 4
[Simulate] Step 552: Queue length 4
[Simulate] Step 553: Queue length 4
[Simulate] Step 554: Queue length 4
[Simulate] Step 555: Queue length 4
[Simulate] Step 556: Queue length 4
[Simulate] Step 557: Queue length 4
[Simulate] Step 558: Queue length 4
[Simulate] Step 559: Queue length 4
[Step 559] Action chosen: 0
[SetYellow] TL TL: Set yellow phase 5 out of 8 phases.
[Simulate] Step 560: Queue length 4
[Simulate] Step 561: Queue length 4
[Simulate] Step 562: Queue length 4
[Simulate] Step 563: Queue length 4
[SetGreen] TL TL: Phases available: ['GGGGrrrrrrGGGGrrrrrr', 'yyyyrrrrrryyyyrrrrrr', 'rrrrGrrrrrrrrrGrrrrr', 'rrrryrrrrrrrrryrrrrr', 'rrrrrGGGGrrrrrrGGGGr', 'rrrrryyyyrrrrrryyyyr', 'rrrrrrrrrGrrrrrrrrrG', 'rrrrrrrrryrrrrrrrrry']
[SetGreen] TL TL: Set green phase 0 out of 8 phases.
[Step 563] Adaptive green duration: 45
[Simulate] Step 564: Queue length 3
[Simulate] Step 565: Queue length 2
[Simulate] Step 566: Queue length 2
[Simulate] Step 567: Queue length 2
[Simulate] Step 568: Queue length 2
[Simulate] Step 569: Queue length 2
[Simulate] Step 570: Queue length 2
[Simulate] Step 571: Queue length 2
[Simulate] Step 572: Queue length 2
[Simulate] Step 573: Queue length 2
[Simulate] Step 574: Queue length 2
[Simulate] Step 575: Queue length 2
[Simulate] Step 576: Queue length 2
[Simulate] Step 577: Queue length 2
[Simulate] Step 578: Queue length 2
[Simulate] Step 579: Queue length 2
[Simulate] Step 580: Queue length 2
[Simulate] Step 581: Queue length 2
[Simulate] Step 582: Queue length 2
[Simulate] Step 583: Queue length 2
[Simulate] Step 584: Queue length 2
[Simulate] Step 585: Queue length 2
[Simulate] Step 586: Queue length 2
[Simulate] Step 587: Queue length 2
[Simulate] Step 588: Queue length 2
[Simulate] Step 589: Queue length 2
[Simulate] Step 590: Queue length 2
[Simulate] Step 591: Queue length 2
[Simulate] Step 592: Queue length 2
[Simulate] Step 593: Queue length 2
[Simulate] Step 594: Queue length 2
[Simulate] Step 595: Queue length 2
[Simulate] Step 596: Queue length 2
[Simulate] Step 597: Queue length 2
[Simulate] Step 598: Queue length 2
[Simulate] Step 599: Queue length 2
[Simulate] Step 600: Queue length 2
[Simulate] Step 601: Queue length 2
[Simulate] Step 602: Queue length 2
[Simulate] Step 603: Queue length 2
[Simulate] Step 604: Queue length 2
[Simulate] Step 605: Queue length 2
[Simulate] Step 606: Queue length 2
[Simulate] Step 607: Queue length 2
[Simulate] Step 608: Queue length 2
[Step 608] Action chosen: 3
[SetYellow] TL TL: Set yellow phase 1 out of 8 phases.
[Simulate] Step 609: Queue length 2
[Simulate] Step 610: Queue length 2
[Simulate] Step 611: Queue length 2
[Simulate] Step 612: Queue length 2
[SetGreen] TL TL: Phases available: ['GGGGrrrrrrGGGGrrrrrr', 'yyyyrrrrrryyyyrrrrrr', 'rrrrGrrrrrrrrrGrrrrr', 'rrrryrrrrrrrrryrrrrr', 'rrrrrGGGGrrrrrrGGGGr', 'rrrrryyyyrrrrrryyyyr', 'rrrrrrrrrGrrrrrrrrrG', 'rrrrrrrrryrrrrrrrrry']
[SetGreen] TL TL: Set green phase 6 out of 8 phases.
[Step 612] Adaptive green duration: 46
[Simulate] Step 613: Queue length 1
[Simulate] Step 614: Queue length 1
[Simulate] Step 615: Queue length 1
[Simulate] Step 616: Queue length 1
[Simulate] Step 617: Queue length 1
[Simulate] Step 618: Queue length 1
[Simulate] Step 619: Queue length 1
[Simulate] Step 620: Queue length 1
[Simulate] Step 621: Queue length 1
[Simulate] Step 622: Queue length 1
[Simulate] Step 623: Queue length 1
[Simulate] Step 624: Queue length 1
[Simulate] Step 625: Queue length 1
[Simulate] Step 626: Queue length 1
[Simulate] Step 627: Queue length 1
[Simulate] Step 628: Queue length 1
[Simulate] Step 629: Queue length 1
[Simulate] Step 630: Queue length 1
[Simulate] Step 631: Queue length 1
[Simulate] Step 632: Queue length 2
[Simulate] Step 633: Queue length 2
[Simulate] Step 634: Queue length 3
[Simulate] Step 635: Queue length 3
[Simulate] Step 636: Queue length 3
[Simulate] Step 637: Queue length 4
[Simulate] Step 638: Queue length 5
[Simulate] Step 639: Queue length 5
[Simulate] Step 640: Queue length 5
[Simulate] Step 641: Queue length 5
[Simulate] Step 642: Queue length 5
[Simulate] Step 643: Queue length 5
[Simulate] Step 644: Queue length 5
[Simulate] Step 645: Queue length 5
[Simulate] Step 646: Queue length 5
[Simulate] Step 647: Queue length 5
[Simulate] Step 648: Queue length 5
[Simulate] Step 649: Queue length 5
[Simulate] Step 650: Queue length 6
[Simulate] Step 651: Queue length 6
[Simulate] Step 652: Queue length 6
[Simulate] Step 653: Queue length 6
[Simulate] Step 654: Queue length 6
[Simulate] Step 655: Queue length 6
[Simulate] Step 656: Queue length 6
[Simulate] Step 657: Queue length 6
[Simulate] Step 658: Queue length 6
[Step 658] Action chosen: 1
[SetYellow] TL TL: Set yellow phase 7 out of 8 phases.
[Simulate] Step 659: Queue length 6
[Simulate] Step 660: Queue length 6
[Simulate] Step 661: Queue length 6
[Simulate] Step 662: Queue length 6
[SetGreen] TL TL: Phases available: ['GGGGrrrrrrGGGGrrrrrr', 'yyyyrrrrrryyyyrrrrrr', 'rrrrGrrrrrrrrrGrrrrr', 'rrrryrrrrrrrrryrrrrr', 'rrrrrGGGGrrrrrrGGGGr', 'rrrrryyyyrrrrrryyyyr', 'rrrrrrrrrGrrrrrrrrrG', 'rrrrrrrrryrrrrrrrrry']
[SetGreen] TL TL: Set green phase 2 out of 8 phases.
[Step 662] Adaptive green duration: 49
[Simulate] Step 663: Queue length 5
[Simulate] Step 664: Queue length 5
[Simulate] Step 665: Queue length 5
[Simulate] Step 666: Queue length 5
[Simulate] Step 667: Queue length 5
[Simulate] Step 668: Queue length 5
[Simulate] Step 669: Queue length 5
[Simulate] Step 670: Queue length 5
[Simulate] Step 671: Queue length 5
[Simulate] Step 672: Queue length 5
[Simulate] Step 673: Queue length 5
[Simulate] Step 674: Queue length 5
[Simulate] Step 675: Queue length 5
[Simulate] Step 676: Queue length 5
[Simulate] Step 677: Queue length 5
[Simulate] Step 678: Queue length 5
[Simulate] Step 679: Queue length 5
[Simulate] Step 680: Queue length 5
[Simulate] Step 681: Queue length 5
[Simulate] Step 682: Queue length 5
[Simulate] Step 683: Queue length 5
[Simulate] Step 684: Queue length 5
[Simulate] Step 685: Queue length 5
[Simulate] Step 686: Queue length 5
[Simulate] Step 687: Queue length 5
[Simulate] Step 688: Queue length 5
[Simulate] Step 689: Queue length 5
[Simulate] Step 690: Queue length 5
[Simulate] Step 691: Queue length 5
[Simulate] Step 692: Queue length 5
[Simulate] Step 693: Queue length 5
[Simulate] Step 694: Queue length 5
[Simulate] Step 695: Queue length 5
[Simulate] Step 696: Queue length 5
[Simulate] Step 697: Queue length 5
[Simulate] Step 698: Queue length 5
[Simulate] Step 699: Queue length 5
[Simulate] Step 700: Queue length 6
[Simulate] Step 701: Queue length 6
[Simulate] Step 702: Queue length 6
[Simulate] Step 703: Queue length 6
[Simulate] Step 704: Queue length 6
[Simulate] Step 705: Queue length 6
[Simulate] Step 706: Queue length 7
[Simulate] Step 707: Queue length 7
[Simulate] Step 708: Queue length 7
[Simulate] Step 709: Queue length 7
[Simulate] Step 710: Queue length 7
[Simulate] Step 711: Queue length 7
[Step 711] Action chosen: 3
[SetYellow] TL TL: Set yellow phase 3 out of 8 phases.
[Simulate] Step 712: Queue length 7
[Simulate] Step 713: Queue length 7
[Simulate] Step 714: Queue length 8
[Simulate] Step 715: Queue length 8
[SetGreen] TL TL: Phases available: ['GGGGrrrrrrGGGGrrrrrr', 'yyyyrrrrrryyyyrrrrrr', 'rrrrGrrrrrrrrrGrrrrr', 'rrrryrrrrrrrrryrrrrr', 'rrrrrGGGGrrrrrrGGGGr', 'rrrrryyyyrrrrrryyyyr', 'rrrrrrrrrGrrrrrrrrrG', 'rrrrrrrrryrrrrrrrrry']
[SetGreen] TL TL: Set green phase 6 out of 8 phases.
[Step 715] Adaptive green duration: 50
[Simulate] Step 716: Queue length 8
[Simulate] Step 717: Queue length 8
[Simulate] Step 718: Queue length 8
[Simulate] Step 719: Queue length 8
[Simulate] Step 720: Queue length 9
[Simulate] Step 721: Queue length 9
[Simulate] Step 722: Queue length 9
[Simulate] Step 723: Queue length 9
[Simulate] Step 724: Queue length 9
[Simulate] Step 725: Queue length 9
[Simulate] Step 726: Queue length 9
[Simulate] Step 727: Queue length 9
[Simulate] Step 728: Queue length 9
[Simulate] Step 729: Queue length 9
[Simulate] Step 730: Queue length 9
[Simulate] Step 731: Queue length 9
[Simulate] Step 732: Queue length 9
[Simulate] Step 733: Queue length 10
[Simulate] Step 734: Queue length 10
[Simulate] Step 735: Queue length 10
[Simulate] Step 736: Queue length 10
[Simulate] Step 737: Queue length 10
[Simulate] Step 738: Queue length 11
[Simulate] Step 739: Queue length 11
[Simulate] Step 740: Queue length 11
[Simulate] Step 741: Queue length 12
[Simulate] Step 742: Queue length 12
[Simulate] Step 743: Queue length 12
[Simulate] Step 744: Queue length 12
[Simulate] Step 745: Queue length 12
[Simulate] Step 746: Queue length 12
[Simulate] Step 747: Queue length 12
[Simulate] Step 748: Queue length 12
[Simulate] Step 749: Queue length 12
[Simulate] Step 750: Queue length 12
[Simulate] Step 751: Queue length 12
[Simulate] Step 752: Queue length 12
[Simulate] Step 753: Queue length 12
[Simulate] Step 754: Queue length 12
[Simulate] Step 755: Queue length 12
[Simulate] Step 756: Queue length 12
[Simulate] Step 757: Queue length 12
[Simulate] Step 758: Queue length 13
[Simulate] Step 759: Queue length 13
[Simulate] Step 760: Queue length 14
[Simulate] Step 761: Queue length 14
[Simulate] Step 762: Queue length 14
[Simulate] Step 763: Queue length 14
[Simulate] Step 764: Queue length 14
[Simulate] Step 765: Queue length 14
[Step 765] Action chosen: 2
[SetYellow] TL TL: Set yellow phase 7 out of 8 phases.
[Simulate] Step 766: Queue length 14
[Simulate] Step 767: Queue length 14
[Simulate] Step 768: Queue length 14
[Simulate] Step 769: Queue length 14
[SetGreen] TL TL: Phases available: ['GGGGrrrrrrGGGGrrrrrr', 'yyyyrrrrrryyyyrrrrrr', 'rrrrGrrrrrrrrrGrrrrr', 'rrrryrrrrrrrrryrrrrr', 'rrrrrGGGGrrrrrrGGGGr', 'rrrrryyyyrrrrrryyyyr', 'rrrrrrrrrGrrrrrrrrrG', 'rrrrrrrrryrrrrrrrrry']
[SetGreen] TL TL: Set green phase 4 out of 8 phases.
[Step 769] Adaptive green duration: 50
[Simulate] Step 770: Queue length 8
[Simulate] Step 771: Queue length 5
[Simulate] Step 772: Queue length 5
[Simulate] Step 773: Queue length 5
[Simulate] Step 774: Queue length 5
[Simulate] Step 775: Queue length 5
[Simulate] Step 776: Queue length 6
[Simulate] Step 777: Queue length 6
[Simulate] Step 778: Queue length 6
[Simulate] Step 779: Queue length 6
[Simulate] Step 780: Queue length 6
[Simulate] Step 781: Queue length 6
[Simulate] Step 782: Queue length 6
[Simulate] Step 783: Queue length 6
[Simulate] Step 784: Queue length 6
[Simulate] Step 785: Queue length 6
[Simulate] Step 786: Queue length 6
[Simulate] Step 787: Queue length 6
[Simulate] Step 788: Queue length 6
[Simulate] Step 789: Queue length 6
[Simulate] Step 790: Queue length 6
[Simulate] Step 791: Queue length 6
[Simulate] Step 792: Queue length 6
[Simulate] Step 793: Queue length 6
[Simulate] Step 794: Queue length 6
[Simulate] Step 795: Queue length 6
[Simulate] Step 796: Queue length 6
[Simulate] Step 797: Queue length 6
[Simulate] Step 798: Queue length 6
[Simulate] Step 799: Queue length 6
[Simulate] Step 800: Queue length 6
[Simulate] Step 801: Queue length 6
[Simulate] Step 802: Queue length 6
[Simulate] Step 803: Queue length 6
[Simulate] Step 804: Queue length 6
[Simulate] Step 805: Queue length 6
[Simulate] Step 806: Queue length 6
[Simulate] Step 807: Queue length 6
[Simulate] Step 808: Queue length 7
[Simulate] Step 809: Queue length 7
[Simulate] Step 810: Queue length 7
[Simulate] Step 811: Queue length 7
[Simulate] Step 812: Queue length 7
[Simulate] Step 813: Queue length 7
[Simulate] Step 814: Queue length 7
[Simulate] Step 815: Queue length 7
[Simulate] Step 816: Queue length 8
[Simulate] Step 817: Queue length 8
[Simulate] Step 818: Queue length 8
[Simulate] Step 819: Queue length 8
[Step 819] Action chosen: 1
[SetYellow] TL TL: Set yellow phase 5 out of 8 phases.
[Simulate] Step 820: Queue length 8
[Simulate] Step 821: Queue length 8
[Simulate] Step 822: Queue length 8
[Simulate] Step 823: Queue length 8
[SetGreen] TL TL: Phases available: ['GGGGrrrrrrGGGGrrrrrr', 'yyyyrrrrrryyyyrrrrrr', 'rrrrGrrrrrrrrrGrrrrr', 'rrrryrrrrrrrrryrrrrr', 'rrrrrGGGGrrrrrrGGGGr', 'rrrrryyyyrrrrrryyyyr', 'rrrrrrrrrGrrrrrrrrrG', 'rrrrrrrrryrrrrrrrrry']
[SetGreen] TL TL: Set green phase 2 out of 8 phases.
[Step 823] Adaptive green duration: 50
[Simulate] Step 824: Queue length 8
[Simulate] Step 825: Queue length 8
[Simulate] Step 826: Queue length 8
[Simulate] Step 827: Queue length 8
[Simulate] Step 828: Queue length 8
[Simulate] Step 829: Queue length 8
[Simulate] Step 830: Queue length 8
[Simulate] Step 831: Queue length 8
[Simulate] Step 832: Queue length 8
[Simulate] Step 833: Queue length 8
[Simulate] Step 834: Queue length 8
[Simulate] Step 835: Queue length 8
[Simulate] Step 836: Queue length 8
[Simulate] Step 837: Queue length 8
[Simulate] Step 838: Queue length 8
[Simulate] Step 839: Queue length 8
[Simulate] Step 840: Queue length 8
[Simulate] Step 841: Queue length 8
[Simulate] Step 842: Queue length 9
[Simulate] Step 843: Queue length 9
[Simulate] Step 844: Queue length 9
[Simulate] Step 845: Queue length 9
[Simulate] Step 846: Queue length 9
[Simulate] Step 847: Queue length 9
[Simulate] Step 848: Queue length 9
[Simulate] Step 849: Queue length 9
[Simulate] Step 850: Queue length 9
[Simulate] Step 851: Queue length 9
[Simulate] Step 852: Queue length 9
[Simulate] Step 853: Queue length 9
[Simulate] Step 854: Queue length 9
[Simulate] Step 855: Queue length 9
[Simulate] Step 856: Queue length 9
[Simulate] Step 857: Queue length 9
[Simulate] Step 858: Queue length 9
[Simulate] Step 859: Queue length 9
[Simulate] Step 860: Queue length 9
[Simulate] Step 861: Queue length 10
[Simulate] Step 862: Queue length 10
[Simulate] Step 863: Queue length 10
[Simulate] Step 864: Queue length 10
[Simulate] Step 865: Queue length 10
[Simulate] Step 866: Queue length 10
[Simulate] Step 867: Queue length 10
[Simulate] Step 868: Queue length 10
[Simulate] Step 869: Queue length 10
[Simulate] Step 870: Queue length 10
[Simulate] Step 871: Queue length 11
[Simulate] Step 872: Queue length 11
[Simulate] Step 873: Queue length 11
[Step 873] Action chosen: 1
[SetGreen] TL TL: Phases available: ['GGGGrrrrrrGGGGrrrrrr', 'yyyyrrrrrryyyyrrrrrr', 'rrrrGrrrrrrrrrGrrrrr', 'rrrryrrrrrrrrryrrrrr', 'rrrrrGGGGrrrrrrGGGGr', 'rrrrryyyyrrrrrryyyyr', 'rrrrrrrrrGrrrrrrrrrG', 'rrrrrrrrryrrrrrrrrry']
[SetGreen] TL TL: Set green phase 2 out of 8 phases.
[Step 873] Adaptive green duration: 50
[Simulate] Step 874: Queue length 11
[Simulate] Step 875: Queue length 11
[Simulate] Step 876: Queue length 11
[Simulate] Step 877: Queue length 11
[Simulate] Step 878: Queue length 11
[Simulate] Step 879: Queue length 11
[Simulate] Step 880: Queue length 11
[Simulate] Step 881: Queue length 11
[Simulate] Step 882: Queue length 11
[Simulate] Step 883: Queue length 11
[Simulate] Step 884: Queue length 11
[Simulate] Step 885: Queue length 11
[Simulate] Step 886: Queue length 11
[Simulate] Step 887: Queue length 11
[Simulate] Step 888: Queue length 11
[Simulate] Step 889: Queue length 11
[Simulate] Step 890: Queue length 11
[Simulate] Step 891: Queue length 11
[Simulate] Step 892: Queue length 11
[Simulate] Step 893: Queue length 11
[Simulate] Step 894: Queue length 11
[Simulate] Step 895: Queue length 11
[Simulate] Step 896: Queue length 11
[Simulate] Step 897: Queue length 11
[Simulate] Step 898: Queue length 11
[Simulate] Step 899: Queue length 11
[Simulate] Step 900: Queue length 11
[Simulate] Step 901: Queue length 11
[Simulate] Step 902: Queue length 11
[Simulate] Step 903: Queue length 11
[Simulate] Step 904: Queue length 11
[Simulate] Step 905: Queue length 11
[Simulate] Step 906: Queue length 11
[Simulate] Step 907: Queue length 13
[Simulate] Step 908: Queue length 13
[Simulate] Step 909: Queue length 13
[Simulate] Step 910: Queue length 13
[Simulate] Step 911: Queue length 13
[Simulate] Step 912: Queue length 13
[Simulate] Step 913: Queue length 13
[Simulate] Step 914: Queue length 13
[Simulate] Step 915: Queue length 13
[Simulate] Step 916: Queue length 13
[Simulate] Step 917: Queue length 13
[Simulate] Step 918: Queue length 13
[Simulate] Step 919: Queue length 13
[Simulate] Step 920: Queue length 13
[Simulate] Step 921: Queue length 13
[Simulate] Step 922: Queue length 13
[Simulate] Step 923: Queue length 13
[Step 923] Action chosen: 0
[SetYellow] TL TL: Set yellow phase 3 out of 8 phases.
[Simulate] Step 924: Queue length 13
[Simulate] Step 925: Queue length 13
[Simulate] Step 926: Queue length 13
[Simulate] Step 927: Queue length 13
[SetGreen] TL TL: Phases available: ['GGGGrrrrrrGGGGrrrrrr', 'yyyyrrrrrryyyyrrrrrr', 'rrrrGrrrrrrrrrGrrrrr', 'rrrryrrrrrrrrryrrrrr', 'rrrrrGGGGrrrrrrGGGGr', 'rrrrryyyyrrrrrryyyyr', 'rrrrrrrrrGrrrrrrrrrG', 'rrrrrrrrryrrrrrrrrry']
[SetGreen] TL TL: Set green phase 0 out of 8 phases.
[Step 927] Adaptive green duration: 50
[Simulate] Step 928: Queue length 9
[Simulate] Step 929: Queue length 5
[Simulate] Step 930: Queue length 5
[Simulate] Step 931: Queue length 5
[Simulate] Step 932: Queue length 5
[Simulate] Step 933: Queue length 5
[Simulate] Step 934: Queue length 5
[Simulate] Step 935: Queue length 5
[Simulate] Step 936: Queue length 5
[Simulate] Step 937: Queue length 5
[Simulate] Step 938: Queue length 5
[Simulate] Step 939: Queue length 5
[Simulate] Step 940: Queue length 5
[Simulate] Step 941: Queue length 5
[Simulate] Step 942: Queue length 5
[Simulate] Step 943: Queue length 5
[Simulate] Step 944: Queue length 5
[Simulate] Step 945: Queue length 5
[Simulate] Step 946: Queue length 5
[Simulate] Step 947: Queue length 5
[Simulate] Step 948: Queue length 5
[Simulate] Step 949: Queue length 5
[Simulate] Step 950: Queue length 5
[Simulate] Step 951: Queue length 5
[Simulate] Step 952: Queue length 5
[Simulate] Step 953: Queue length 5
[Simulate] Step 954: Queue length 5
[Simulate] Step 955: Queue length 5
[Simulate] Step 956: Queue length 5
[Simulate] Step 957: Queue length 5
[Simulate] Step 958: Queue length 5
[Simulate] Step 959: Queue length 5
[Simulate] Step 960: Queue length 5
[Simulate] Step 961: Queue length 6
[Simulate] Step 962: Queue length 6
[Simulate] Step 963: Queue length 6
[Simulate] Step 964: Queue length 6
[Simulate] Step 965: Queue length 6
[Simulate] Step 966: Queue length 6
[Simulate] Step 967: Queue length 6
[Simulate] Step 968: Queue length 6
[Simulate] Step 969: Queue length 6
[Simulate] Step 970: Queue length 6
[Simulate] Step 971: Queue length 6
[Simulate] Step 972: Queue length 6
[Simulate] Step 973: Queue length 6
[Simulate] Step 974: Queue length 6
[Simulate] Step 975: Queue length 6
[Simulate] Step 976: Queue length 6
[Simulate] Step 977: Queue length 6
[Step 977] Action chosen: 2
[SetYellow] TL TL: Set yellow phase 1 out of 8 phases.
[Simulate] Step 978: Queue length 6
[Simulate] Step 979: Queue length 6
[Simulate] Step 980: Queue length 6
[Simulate] Step 981: Queue length 6
[SetGreen] TL TL: Phases available: ['GGGGrrrrrrGGGGrrrrrr', 'yyyyrrrrrryyyyrrrrrr', 'rrrrGrrrrrrrrrGrrrrr', 'rrrryrrrrrrrrryrrrrr', 'rrrrrGGGGrrrrrrGGGGr', 'rrrrryyyyrrrrrryyyyr', 'rrrrrrrrrGrrrrrrrrrG', 'rrrrrrrrryrrrrrrrrry']
[SetGreen] TL TL: Set green phase 4 out of 8 phases.
[Step 981] Adaptive green duration: 50
[Simulate] Step 982: Queue length 2
[Simulate] Step 983: Queue length 2
[Simulate] Step 984: Queue length 2
[Simulate] Step 985: Queue length 2
[Simulate] Step 986: Queue length 2
[Simulate] Step 987: Queue length 2
[Simulate] Step 988: Queue length 2
[Simulate] Step 989: Queue length 2
[Simulate] Step 990: Queue length 2
[Simulate] Step 991: Queue length 2
[Simulate] Step 992: Queue length 2
[Simulate] Step 993: Queue length 2
[Simulate] Step 994: Queue length 2
[Simulate] Step 995: Queue length 2
[Simulate] Step 996: Queue length 2
[Simulate] Step 997: Queue length 2
[Simulate] Step 998: Queue length 2
[Simulate] Step 999: Queue length 2
[Simulate] Step 1000: Queue length 2
[Simulate] Step 1001: Queue length 2
[Simulate] Step 1002: Queue length 2
[Simulate] Step 1003: Queue length 2
[Simulate] Step 1004: Queue length 2
[Simulate] Step 1005: Queue length 2
[Simulate] Step 1006: Queue length 2
[Simulate] Step 1007: Queue length 2
[Simulate] Step 1008: Queue length 2
[Simulate] Step 1009: Queue length 2
[Simulate] Step 1010: Queue length 2
[Simulate] Step 1011: Queue length 2
[Simulate] Step 1012: Queue length 2
[Simulate] Step 1013: Queue length 2
[Simulate] Step 1014: Queue length 2
[Simulate] Step 1015: Queue length 2
[Simulate] Step 1016: Queue length 2
[Simulate] Step 1017: Queue length 2
[Simulate] Step 1018: Queue length 2
[Simulate] Step 1019: Queue length 2
[Simulate] Step 1020: Queue length 2
[Simulate] Step 1021: Queue length 2
[Simulate] Step 1022: Queue length 2
[Simulate] Step 1023: Queue length 2
[Simulate] Step 1024: Queue length 2
[Simulate] Step 1025: Queue length 2
[Simulate] Step 1026: Queue length 2
[Simulate] Step 1027: Queue length 2
[Simulate] Step 1028: Queue length 2
[Simulate] Step 1029: Queue length 2
[Simulate] Step 1030: Queue length 2
[Simulate] Step 1031: Queue length 3
[Step 1031] Action chosen: 3
[SetYellow] TL TL: Set yellow phase 5 out of 8 phases.
[Simulate] Step 1032: Queue length 3
[Simulate] Step 1033: Queue length 3
[Simulate] Step 1034: Queue length 3
[Simulate] Step 1035: Queue length 3
[SetGreen] TL TL: Phases available: ['GGGGrrrrrrGGGGrrrrrr', 'yyyyrrrrrryyyyrrrrrr', 'rrrrGrrrrrrrrrGrrrrr', 'rrrryrrrrrrrrryrrrrr', 'rrrrrGGGGrrrrrrGGGGr', 'rrrrryyyyrrrrrryyyyr', 'rrrrrrrrrGrrrrrrrrrG', 'rrrrrrrrryrrrrrrrrry']
[SetGreen] TL TL: Set green phase 6 out of 8 phases.
[Step 1035] Adaptive green duration: 49
[Simulate] Step 1036: Queue length 1
[Simulate] Step 1037: Queue length 1
[Simulate] Step 1038: Queue length 1
[Simulate] Step 1039: Queue length 1
[Simulate] Step 1040: Queue length 1
[Simulate] Step 1041: Queue length 1
[Simulate] Step 1042: Queue length 1
[Simulate] Step 1043: Queue length 1
[Simulate] Step 1044: Queue length 1
[Simulate] Step 1045: Queue length 1
[Simulate] Step 1046: Queue length 1
[Simulate] Step 1047: Queue length 1
[Simulate] Step 1048: Queue length 1
[Simulate] Step 1049: Queue length 1
[Simulate] Step 1050: Queue length 1
[Simulate] Step 1051: Queue length 1
[Simulate] Step 1052: Queue length 1
[Simulate] Step 1053: Queue length 1
[Simulate] Step 1054: Queue length 1
[Simulate] Step 1055: Queue length 2
[Simulate] Step 1056: Queue length 2
[Simulate] Step 1057: Queue length 2
[Simulate] Step 1058: Queue length 3
[Simulate] Step 1059: Queue length 3
[Simulate] Step 1060: Queue length 3
[Simulate] Step 1061: Queue length 3
[Simulate] Step 1062: Queue length 3
[Simulate] Step 1063: Queue length 3
[Simulate] Step 1064: Queue length 3
[Simulate] Step 1065: Queue length 3
[Simulate] Step 1066: Queue length 3
[Simulate] Step 1067: Queue length 3
[Simulate] Step 1068: Queue length 3
[Simulate] Step 1069: Queue length 4
[Simulate] Step 1070: Queue length 4
[Simulate] Step 1071: Queue length 4
[Simulate] Step 1072: Queue length 4
[Simulate] Step 1073: Queue length 4
[Simulate] Step 1074: Queue length 4
[Simulate] Step 1075: Queue length 4
[Simulate] Step 1076: Queue length 4
[Simulate] Step 1077: Queue length 4
[Simulate] Step 1078: Queue length 4
[Simulate] Step 1079: Queue length 4
[Simulate] Step 1080: Queue length 4
[Simulate] Step 1081: Queue length 4
[Simulate] Step 1082: Queue length 4
[Simulate] Step 1083: Queue length 4
[Simulate] Step 1084: Queue length 4
[Step 1084] Action chosen: 3
[SetGreen] TL TL: Phases available: ['GGGGrrrrrrGGGGrrrrrr', 'yyyyrrrrrryyyyrrrrrr', 'rrrrGrrrrrrrrrGrrrrr', 'rrrryrrrrrrrrryrrrrr', 'rrrrrGGGGrrrrrrGGGGr', 'rrrrryyyyrrrrrryyyyr', 'rrrrrrrrrGrrrrrrrrrG', 'rrrrrrrrryrrrrrrrrry']
[SetGreen] TL TL: Set green phase 6 out of 8 phases.
[Step 1084] Adaptive green duration: 43
[Simulate] Step 1085: Queue length 4
[Simulate] Step 1086: Queue length 4
[Simulate] Step 1087: Queue length 4
[Simulate] Step 1088: Queue length 4
[Simulate] Step 1089: Queue length 4
[Simulate] Step 1090: Queue length 4
[Simulate] Step 1091: Queue length 4
[Simulate] Step 1092: Queue length 4
[Simulate] Step 1093: Queue length 4
[Simulate] Step 1094: Queue length 4
[Simulate] Step 1095: Queue length 4
[Simulate] Step 1096: Queue length 4
[Simulate] Step 1097: Queue length 4
[Simulate] Step 1098: Queue length 4
[Simulate] Step 1099: Queue length 4
[Simulate] Step 1100: Queue length 4
[Simulate] Step 1101: Queue length 4
[Simulate] Step 1102: Queue length 4
[Simulate] Step 1103: Queue length 4
[Simulate] Step 1104: Queue length 4
[Simulate] Step 1105: Queue length 4
[Simulate] Step 1106: Queue length 4
[Simulate] Step 1107: Queue length 5
[Simulate] Step 1108: Queue length 5
[Simulate] Step 1109: Queue length 5
[Simulate] Step 1110: Queue length 5
[Simulate] Step 1111: Queue length 5
[Simulate] Step 1112: Queue length 5
[Simulate] Step 1113: Queue length 5
[Simulate] Step 1114: Queue length 5
[Simulate] Step 1115: Queue length 5
[Simulate] Step 1116: Queue length 6
[Simulate] Step 1117: Queue length 6
[Simulate] Step 1118: Queue length 6
[Simulate] Step 1119: Queue length 6
[Simulate] Step 1120: Queue length 6
[Simulate] Step 1121: Queue length 6
[Simulate] Step 1122: Queue length 6
[Simulate] Step 1123: Queue length 6
[Simulate] Step 1124: Queue length 6
[Simulate] Step 1125: Queue length 6
[Simulate] Step 1126: Queue length 8
[Simulate] Step 1127: Queue length 8
[Step 1127] Action chosen: 0
[SetYellow] TL TL: Set yellow phase 7 out of 8 phases.
[Simulate] Step 1128: Queue length 8
[Simulate] Step 1129: Queue length 9
[Simulate] Step 1130: Queue length 9
[Simulate] Step 1131: Queue length 9
[SetGreen] TL TL: Phases available: ['GGGGrrrrrrGGGGrrrrrr', 'yyyyrrrrrryyyyrrrrrr', 'rrrrGrrrrrrrrrGrrrrr', 'rrrryrrrrrrrrryrrrrr', 'rrrrrGGGGrrrrrrGGGGr', 'rrrrryyyyrrrrrryyyyr', 'rrrrrrrrrGrrrrrrrrrG', 'rrrrrrrrryrrrrrrrrry']
[SetGreen] TL TL: Set green phase 0 out of 8 phases.
[Step 1131] Adaptive green duration: 50
[Simulate] Step 1132: Queue length 7
[Simulate] Step 1133: Queue length 7
[Simulate] Step 1134: Queue length 7
[Simulate] Step 1135: Queue length 7
[Simulate] Step 1136: Queue length 7
[Simulate] Step 1137: Queue length 7
[Simulate] Step 1138: Queue length 7
[Simulate] Step 1139: Queue length 7
[Simulate] Step 1140: Queue length 7
[Simulate] Step 1141: Queue length 7
[Simulate] Step 1142: Queue length 7
[Simulate] Step 1143: Queue length 7
[Simulate] Step 1144: Queue length 7
[Simulate] Step 1145: Queue length 7
[Simulate] Step 1146: Queue length 7
[Simulate] Step 1147: Queue length 7
[Simulate] Step 1148: Queue length 7
[Simulate] Step 1149: Queue length 7
[Simulate] Step 1150: Queue length 7
[Simulate] Step 1151: Queue length 7
[Simulate] Step 1152: Queue length 7
[Simulate] Step 1153: Queue length 7
[Simulate] Step 1154: Queue length 7
[Simulate] Step 1155: Queue length 7
[Simulate] Step 1156: Queue length 7
[Simulate] Step 1157: Queue length 7
[Simulate] Step 1158: Queue length 7
[Simulate] Step 1159: Queue length 7
[Simulate] Step 1160: Queue length 7
[Simulate] Step 1161: Queue length 7
[Simulate] Step 1162: Queue length 7
[Simulate] Step 1163: Queue length 7
[Simulate] Step 1164: Queue length 7
[Simulate] Step 1165: Queue length 7
[Simulate] Step 1166: Queue length 7
[Simulate] Step 1167: Queue length 7
[Simulate] Step 1168: Queue length 8
[Simulate] Step 1169: Queue length 8
[Simulate] Step 1170: Queue length 8
[Simulate] Step 1171: Queue length 8
[Simulate] Step 1172: Queue length 8
[Simulate] Step 1173: Queue length 8
[Simulate] Step 1174: Queue length 8
[Simulate] Step 1175: Queue length 8
[Simulate] Step 1176: Queue length 8
[Simulate] Step 1177: Queue length 9
[Simulate] Step 1178: Queue length 9
[Simulate] Step 1179: Queue length 9
[Simulate] Step 1180: Queue length 9
[Simulate] Step 1181: Queue length 9
[Step 1181] Action chosen: 1
[SetYellow] TL TL: Set yellow phase 1 out of 8 phases.
[Simulate] Step 1182: Queue length 9
[Simulate] Step 1183: Queue length 9
[Simulate] Step 1184: Queue length 9
[Simulate] Step 1185: Queue length 9
[SetGreen] TL TL: Phases available: ['GGGGrrrrrrGGGGrrrrrr', 'yyyyrrrrrryyyyrrrrrr', 'rrrrGrrrrrrrrrGrrrrr', 'rrrryrrrrrrrrryrrrrr', 'rrrrrGGGGrrrrrrGGGGr', 'rrrrryyyyrrrrrryyyyr', 'rrrrrrrrrGrrrrrrrrrG', 'rrrrrrrrryrrrrrrrrry']
[SetGreen] TL TL: Set green phase 2 out of 8 phases.
[Step 1185] Adaptive green duration: 50
[Simulate] Step 1186: Queue length 8
[Simulate] Step 1187: Queue length 8
[Simulate] Step 1188: Queue length 8
[Simulate] Step 1189: Queue length 8
[Simulate] Step 1190: Queue length 8
[Simulate] Step 1191: Queue length 8
[Simulate] Step 1192: Queue length 8
[Simulate] Step 1193: Queue length 8
[Simulate] Step 1194: Queue length 8
[Simulate] Step 1195: Queue length 8
[Simulate] Step 1196: Queue length 8
[Simulate] Step 1197: Queue length 8
[Simulate] Step 1198: Queue length 8
[Simulate] Step 1199: Queue length 8
[Simulate] Step 1200: Queue length 8
[Simulate] Step 1201: Queue length 8
[Simulate] Step 1202: Queue length 8
[Simulate] Step 1203: Queue length 8
[Simulate] Step 1204: Queue length 8
[Simulate] Step 1205: Queue length 8
[Simulate] Step 1206: Queue length 8
[Simulate] Step 1207: Queue length 8
[Simulate] Step 1208: Queue length 8
[Simulate] Step 1209: Queue length 8
[Simulate] Step 1210: Queue length 8
[Simulate] Step 1211: Queue length 8
[Simulate] Step 1212: Queue length 8
[Simulate] Step 1213: Queue length 8
[Simulate] Step 1214: Queue length 8
[Simulate] Step 1215: Queue length 8
[Simulate] Step 1216: Queue length 8
[Simulate] Step 1217: Queue length 8
[Simulate] Step 1218: Queue length 8
[Simulate] Step 1219: Queue length 8
[Simulate] Step 1220: Queue length 8
[Simulate] Step 1221: Queue length 8
[Simulate] Step 1222: Queue length 8
[Simulate] Step 1223: Queue length 8
[Simulate] Step 1224: Queue length 8
[Simulate] Step 1225: Queue length 8
[Simulate] Step 1226: Queue length 8
[Simulate] Step 1227: Queue length 8
[Simulate] Step 1228: Queue length 8
[Simulate] Step 1229: Queue length 8
[Simulate] Step 1230: Queue length 8
[Simulate] Step 1231: Queue length 8
[Simulate] Step 1232: Queue length 8
[Simulate] Step 1233: Queue length 8
[Simulate] Step 1234: Queue length 8
[Simulate] Step 1235: Queue length 8
[Step 1235] Action chosen: 2
[SetYellow] TL TL: Set yellow phase 3 out of 8 phases.
[Simulate] Step 1236: Queue length 8
[Simulate] Step 1237: Queue length 8
[Simulate] Step 1238: Queue length 9
[Simulate] Step 1239: Queue length 9
[SetGreen] TL TL: Phases available: ['GGGGrrrrrrGGGGrrrrrr', 'yyyyrrrrrryyyyrrrrrr', 'rrrrGrrrrrrrrrGrrrrr', 'rrrryrrrrrrrrryrrrrr', 'rrrrrGGGGrrrrrrGGGGr', 'rrrrryyyyrrrrrryyyyr', 'rrrrrrrrrGrrrrrrrrrG', 'rrrrrrrrryrrrrrrrrry']
[SetGreen] TL TL: Set green phase 4 out of 8 phases.
[Step 1239] Adaptive green duration: 50
[Simulate] Step 1240: Queue length 4
[Simulate] Step 1241: Queue length 1
[Simulate] Step 1242: Queue length 1
[Simulate] Step 1243: Queue length 1
[Simulate] Step 1244: Queue length 1
[Simulate] Step 1245: Queue length 1
[Simulate] Step 1246: Queue length 1
[Simulate] Step 1247: Queue length 1
[Simulate] Step 1248: Queue length 1
[Simulate] Step 1249: Queue length 1
[Simulate] Step 1250: Queue length 1
[Simulate] Step 1251: Queue length 1
[Simulate] Step 1252: Queue length 1
[Simulate] Step 1253: Queue length 1
[Simulate] Step 1254: Queue length 1
[Simulate] Step 1255: Queue length 1
[Simulate] Step 1256: Queue length 1
[Simulate] Step 1257: Queue length 1
[Simulate] Step 1258: Queue length 1
[Simulate] Step 1259: Queue length 1
[Simulate] Step 1260: Queue length 1
[Simulate] Step 1261: Queue length 1
[Simulate] Step 1262: Queue length 1
[Simulate] Step 1263: Queue length 1
[Simulate] Step 1264: Queue length 1
[Simulate] Step 1265: Queue length 2
[Simulate] Step 1266: Queue length 2
[Simulate] Step 1267: Queue length 2
[Simulate] Step 1268: Queue length 2
[Simulate] Step 1269: Queue length 2
[Simulate] Step 1270: Queue length 2
[Simulate] Step 1271: Queue length 2
[Simulate] Step 1272: Queue length 2
[Simulate] Step 1273: Queue length 2
[Simulate] Step 1274: Queue length 2
[Simulate] Step 1275: Queue length 2
[Simulate] Step 1276: Queue length 3
[Simulate] Step 1277: Queue length 3
[Simulate] Step 1278: Queue length 3
[Simulate] Step 1279: Queue length 3
[Simulate] Step 1280: Queue length 3
[Simulate] Step 1281: Queue length 3
[Simulate] Step 1282: Queue length 4
[Simulate] Step 1283: Queue length 4
[Simulate] Step 1284: Queue length 4
[Simulate] Step 1285: Queue length 4
[Simulate] Step 1286: Queue length 4
[Simulate] Step 1287: Queue length 4
[Simulate] Step 1288: Queue length 4
[Simulate] Step 1289: Queue length 4
[Step 1289] Action chosen: 1
[SetYellow] TL TL: Set yellow phase 5 out of 8 phases.
[Simulate] Step 1290: Queue length 4
[Simulate] Step 1291: Queue length 4
[Simulate] Step 1292: Queue length 4
[Simulate] Step 1293: Queue length 4
[SetGreen] TL TL: Phases available: ['GGGGrrrrrrGGGGrrrrrr', 'yyyyrrrrrryyyyrrrrrr', 'rrrrGrrrrrrrrrGrrrrr', 'rrrryrrrrrrrrryrrrrr', 'rrrrrGGGGrrrrrrGGGGr', 'rrrrryyyyrrrrrryyyyr', 'rrrrrrrrrGrrrrrrrrrG', 'rrrrrrrrryrrrrrrrrry']
[SetGreen] TL TL: Set green phase 2 out of 8 phases.
[Step 1293] Adaptive green duration: 43
[Simulate] Step 1294: Queue length 4
[Simulate] Step 1295: Queue length 4
[Simulate] Step 1296: Queue length 4
[Simulate] Step 1297: Queue length 4
[Simulate] Step 1298: Queue length 4
[Simulate] Step 1299: Queue length 4
[Simulate] Step 1300: Queue length 4
[Simulate] Step 1301: Queue length 4
[Simulate] Step 1302: Queue length 4
[Simulate] Step 1303: Queue length 4
[Simulate] Step 1304: Queue length 4
[Simulate] Step 1305: Queue length 4
[Simulate] Step 1306: Queue length 4
[Simulate] Step 1307: Queue length 4
[Simulate] Step 1308: Queue length 4
[Simulate] Step 1309: Queue length 4
[Simulate] Step 1310: Queue length 4
[Simulate] Step 1311: Queue length 4
[Simulate] Step 1312: Queue length 4
[Simulate] Step 1313: Queue length 4
[Simulate] Step 1314: Queue length 5
[Simulate] Step 1315: Queue length 5
[Simulate] Step 1316: Queue length 5
[Simulate] Step 1317: Queue length 5
[Simulate] Step 1318: Queue length 5
[Simulate] Step 1319: Queue length 5
[Simulate] Step 1320: Queue length 5
[Simulate] Step 1321: Queue length 5
[Simulate] Step 1322: Queue length 5
[Simulate] Step 1323: Queue length 5
[Simulate] Step 1324: Queue length 5
[Simulate] Step 1325: Queue length 5
[Simulate] Step 1326: Queue length 5
[Simulate] Step 1327: Queue length 5
[Simulate] Step 1328: Queue length 5
[Simulate] Step 1329: Queue length 5
[Simulate] Step 1330: Queue length 5
[Simulate] Step 1331: Queue length 5
[Simulate] Step 1332: Queue length 5
[Simulate] Step 1333: Queue length 5
[Simulate] Step 1334: Queue length 5
[Simulate] Step 1335: Queue length 6
[Simulate] Step 1336: Queue length 6
[Step 1336] Action chosen: 1
[SetGreen] TL TL: Phases available: ['GGGGrrrrrrGGGGrrrrrr', 'yyyyrrrrrryyyyrrrrrr', 'rrrrGrrrrrrrrrGrrrrr', 'rrrryrrrrrrrrryrrrrr', 'rrrrrGGGGrrrrrrGGGGr', 'rrrrryyyyrrrrrryyyyr', 'rrrrrrrrrGrrrrrrrrrG', 'rrrrrrrrryrrrrrrrrry']
[SetGreen] TL TL: Set green phase 2 out of 8 phases.
[Step 1336] Adaptive green duration: 50
[Simulate] Step 1337: Queue length 6
[Simulate] Step 1338: Queue length 6
[Simulate] Step 1339: Queue length 6
[Simulate] Step 1340: Queue length 6
[Simulate] Step 1341: Queue length 6
[Simulate] Step 1342: Queue length 6
[Simulate] Step 1343: Queue length 6
[Simulate] Step 1344: Queue length 7
[Simulate] Step 1345: Queue length 7
[Simulate] Step 1346: Queue length 7
[Simulate] Step 1347: Queue length 7
[Simulate] Step 1348: Queue length 7
[Simulate] Step 1349: Queue length 7
[Simulate] Step 1350: Queue length 7
[Simulate] Step 1351: Queue length 7
[Simulate] Step 1352: Queue length 7
[Simulate] Step 1353: Queue length 7
[Simulate] Step 1354: Queue length 7
[Simulate] Step 1355: Queue length 7
[Simulate] Step 1356: Queue length 7
[Simulate] Step 1357: Queue length 7
[Simulate] Step 1358: Queue length 7
[Simulate] Step 1359: Queue length 7
[Simulate] Step 1360: Queue length 7
[Simulate] Step 1361: Queue length 7
[Simulate] Step 1362: Queue length 8
[Simulate] Step 1363: Queue length 8
[Simulate] Step 1364: Queue length 8
[Simulate] Step 1365: Queue length 8
[Simulate] Step 1366: Queue length 8
[Simulate] Step 1367: Queue length 8
[Simulate] Step 1368: Queue length 8
[Simulate] Step 1369: Queue length 8
[Simulate] Step 1370: Queue length 8
[Simulate] Step 1371: Queue length 8
[Simulate] Step 1372: Queue length 8
[Simulate] Step 1373: Queue length 8
[Simulate] Step 1374: Queue length 8
[Simulate] Step 1375: Queue length 8
[Simulate] Step 1376: Queue length 9
[Simulate] Step 1377: Queue length 10
[Simulate] Step 1378: Queue length 10
[Simulate] Step 1379: Queue length 10
[Simulate] Step 1380: Queue length 10
[Simulate] Step 1381: Queue length 10
[Simulate] Step 1382: Queue length 10
[Simulate] Step 1383: Queue length 10
[Simulate] Step 1384: Queue length 10
[Simulate] Step 1385: Queue length 10
[Simulate] Step 1386: Queue length 10
[Step 1386] Action chosen: 3
[SetYellow] TL TL: Set yellow phase 3 out of 8 phases.
[Simulate] Step 1387: Queue length 10
[Simulate] Step 1388: Queue length 10
[Simulate] Step 1389: Queue length 10
[Simulate] Step 1390: Queue length 10
[SetGreen] TL TL: Phases available: ['GGGGrrrrrrGGGGrrrrrr', 'yyyyrrrrrryyyyrrrrrr', 'rrrrGrrrrrrrrrGrrrrr', 'rrrryrrrrrrrrryrrrrr', 'rrrrrGGGGrrrrrrGGGGr', 'rrrrryyyyrrrrrryyyyr', 'rrrrrrrrrGrrrrrrrrrG', 'rrrrrrrrryrrrrrrrrry']
[SetGreen] TL TL: Set green phase 6 out of 8 phases.
[Step 1390] Adaptive green duration: 50
[Simulate] Step 1391: Queue length 9
[Simulate] Step 1392: Queue length 9
[Simulate] Step 1393: Queue length 10
[Simulate] Step 1394: Queue length 11
[Simulate] Step 1395: Queue length 11
[Simulate] Step 1396: Queue length 11
[Simulate] Step 1397: Queue length 11
[Simulate] Step 1398: Queue length 11
[Simulate] Step 1399: Queue length 11
[Simulate] Step 1400: Queue length 11
[Simulate] Step 1401: Queue length 11
[Simulate] Step 1402: Queue length 11
[Simulate] Step 1403: Queue length 11
[Simulate] Step 1404: Queue length 12
[Simulate] Step 1405: Queue length 12
[Simulate] Step 1406: Queue length 12
[Simulate] Step 1407: Queue length 12
[Simulate] Step 1408: Queue length 12
[Simulate] Step 1409: Queue length 12
[Simulate] Step 1410: Queue length 12
[Simulate] Step 1411: Queue length 12
[Simulate] Step 1412: Queue length 12
[Simulate] Step 1413: Queue length 13
[Simulate] Step 1414: Queue length 13
[Simulate] Step 1415: Queue length 13
[Simulate] Step 1416: Queue length 13
[Simulate] Step 1417: Queue length 13
[Simulate] Step 1418: Queue length 15
[Simulate] Step 1419: Queue length 15
[Simulate] Step 1420: Queue length 15
[Simulate] Step 1421: Queue length 15
[Simulate] Step 1422: Queue length 16
[Simulate] Step 1423: Queue length 16
[Simulate] Step 1424: Queue length 16
[Simulate] Step 1425: Queue length 16
[Simulate] Step 1426: Queue length 17
[Simulate] Step 1427: Queue length 17
[Simulate] Step 1428: Queue length 18
[Simulate] Step 1429: Queue length 18
[Simulate] Step 1430: Queue length 18
[Simulate] Step 1431: Queue length 18
[Simulate] Step 1432: Queue length 18
[Simulate] Step 1433: Queue length 18
[Simulate] Step 1434: Queue length 18
[Simulate] Step 1435: Queue length 18
[Simulate] Step 1436: Queue length 18
[Simulate] Step 1437: Queue length 18
[Simulate] Step 1438: Queue length 18
[Simulate] Step 1439: Queue length 18
[Simulate] Step 1440: Queue length 18
[Step 1440] Action chosen: 0
[SetYellow] TL TL: Set yellow phase 7 out of 8 phases.
[Simulate] Step 1441: Queue length 18
[Simulate] Step 1442: Queue length 18
[Simulate] Step 1443: Queue length 19
[Simulate] Step 1444: Queue length 19
[SetGreen] TL TL: Phases available: ['GGGGrrrrrrGGGGrrrrrr', 'yyyyrrrrrryyyyrrrrrr', 'rrrrGrrrrrrrrrGrrrrr', 'rrrryrrrrrrrrryrrrrr', 'rrrrrGGGGrrrrrrGGGGr', 'rrrrryyyyrrrrrryyyyr', 'rrrrrrrrrGrrrrrrrrrG', 'rrrrrrrrryrrrrrrrrry']
[SetGreen] TL TL: Set green phase 0 out of 8 phases.
[Step 1444] Adaptive green duration: 50
[Simulate] Step 1445: Queue length 13
[Simulate] Step 1446: Queue length 9
[Simulate] Step 1447: Queue length 9
[Simulate] Step 1448: Queue length 9
[Simulate] Step 1449: Queue length 9
[Simulate] Step 1450: Queue length 9
[Simulate] Step 1451: Queue length 9
[Simulate] Step 1452: Queue length 9
[Simulate] Step 1453: Queue length 9
[Simulate] Step 1454: Queue length 9
[Simulate] Step 1455: Queue length 9
[Simulate] Step 1456: Queue length 9
[Simulate] Step 1457: Queue length 9
[Simulate] Step 1458: Queue length 9
[Simulate] Step 1459: Queue length 9
[Simulate] Step 1460: Queue length 9
[Simulate] Step 1461: Queue length 9
[Simulate] Step 1462: Queue length 10
[Simulate] Step 1463: Queue length 10
[Simulate] Step 1464: Queue length 10
[Simulate] Step 1465: Queue length 10
[Simulate] Step 1466: Queue length 10
[Simulate] Step 1467: Queue length 10
[Simulate] Step 1468: Queue length 10
[Simulate] Step 1469: Queue length 10
[Simulate] Step 1470: Queue length 10
[Simulate] Step 1471: Queue length 10
[Simulate] Step 1472: Queue length 10
[Simulate] Step 1473: Queue length 10
[Simulate] Step 1474: Queue length 10
[Simulate] Step 1475: Queue length 11
[Simulate] Step 1476: Queue length 11
[Simulate] Step 1477: Queue length 11
[Simulate] Step 1478: Queue length 11
[Simulate] Step 1479: Queue length 11
[Simulate] Step 1480: Queue length 11
[Simulate] Step 1481: Queue length 11
[Simulate] Step 1482: Queue length 11
[Simulate] Step 1483: Queue length 11
[Simulate] Step 1484: Queue length 11
[Simulate] Step 1485: Queue length 11
[Simulate] Step 1486: Queue length 11
[Simulate] Step 1487: Queue length 11
[Simulate] Step 1488: Queue length 11
[Simulate] Step 1489: Queue length 11
[Simulate] Step 1490: Queue length 11
[Simulate] Step 1491: Queue length 11
[Simulate] Step 1492: Queue length 11
[Simulate] Step 1493: Queue length 11
[Simulate] Step 1494: Queue length 11
[Step 1494] Action chosen: 1
[SetYellow] TL TL: Set yellow phase 1 out of 8 phases.
[Simulate] Step 1495: Queue length 11
[Simulate] Step 1496: Queue length 11
[Simulate] Step 1497: Queue length 11
[Simulate] Step 1498: Queue length 11
[SetGreen] TL TL: Phases available: ['GGGGrrrrrrGGGGrrrrrr', 'yyyyrrrrrryyyyrrrrrr', 'rrrrGrrrrrrrrrGrrrrr', 'rrrryrrrrrrrrryrrrrr', 'rrrrrGGGGrrrrrrGGGGr', 'rrrrryyyyrrrrrryyyyr', 'rrrrrrrrrGrrrrrrrrrG', 'rrrrrrrrryrrrrrrrrry']
[SetGreen] TL TL: Set green phase 2 out of 8 phases.
[Step 1498] Adaptive green duration: 50
[Simulate] Step 1499: Queue length 10
[Simulate] Step 1500: Queue length 11
[Simulate] Step 1501: Queue length 11
[Simulate] Step 1502: Queue length 11
[Simulate] Step 1503: Queue length 11
[Simulate] Step 1504: Queue length 11
[Simulate] Step 1505: Queue length 11
[Simulate] Step 1506: Queue length 11
[Simulate] Step 1507: Queue length 11
[Simulate] Step 1508: Queue length 11
[Simulate] Step 1509: Queue length 11
[Simulate] Step 1510: Queue length 11
[Simulate] Step 1511: Queue length 11
[Simulate] Step 1512: Queue length 11
[Simulate] Step 1513: Queue length 11
[Simulate] Step 1514: Queue length 11
[Simulate] Step 1515: Queue length 11
[Simulate] Step 1516: Queue length 11
[Simulate] Step 1517: Queue length 11
[Simulate] Step 1518: Queue length 11
[Simulate] Step 1519: Queue length 11
[Simulate] Step 1520: Queue length 11
[Simulate] Step 1521: Queue length 11
[Simulate] Step 1522: Queue length 11
[Simulate] Step 1523: Queue length 11
[Simulate] Step 1524: Queue length 11
[Simulate] Step 1525: Queue length 11
[Simulate] Step 1526: Queue length 11
[Simulate] Step 1527: Queue length 11
[Simulate] Step 1528: Queue length 11
[Simulate] Step 1529: Queue length 11
[Simulate] Step 1530: Queue length 11
[Simulate] Step 1531: Queue length 11
[Simulate] Step 1532: Queue length 11
[Simulate] Step 1533: Queue length 11
[Simulate] Step 1534: Queue length 11
[Simulate] Step 1535: Queue length 11
[Simulate] Step 1536: Queue length 11
[Simulate] Step 1537: Queue length 11
[Simulate] Step 1538: Queue length 11
[Simulate] Step 1539: Queue length 11
[Simulate] Step 1540: Queue length 11
[Simulate] Step 1541: Queue length 11
[Simulate] Step 1542: Queue length 11
[Simulate] Step 1543: Queue length 11
[Simulate] Step 1544: Queue length 11
[Simulate] Step 1545: Queue length 11
[Simulate] Step 1546: Queue length 11
[Simulate] Step 1547: Queue length 11
[Simulate] Step 1548: Queue length 11
[Step 1548] Action chosen: 0
[SetYellow] TL TL: Set yellow phase 3 out of 8 phases.
[Simulate] Step 1549: Queue length 11
[Simulate] Step 1550: Queue length 11
[Simulate] Step 1551: Queue length 11
[Simulate] Step 1552: Queue length 11
[SetGreen] TL TL: Phases available: ['GGGGrrrrrrGGGGrrrrrr', 'yyyyrrrrrryyyyrrrrrr', 'rrrrGrrrrrrrrrGrrrrr', 'rrrryrrrrrrrrryrrrrr', 'rrrrrGGGGrrrrrrGGGGr', 'rrrrryyyyrrrrrryyyyr', 'rrrrrrrrrGrrrrrrrrrG', 'rrrrrrrrryrrrrrrrrry']
[SetGreen] TL TL: Set green phase 0 out of 8 phases.
[Step 1552] Adaptive green duration: 50
[Simulate] Step 1553: Queue length 11
[Simulate] Step 1554: Queue length 11
[Simulate] Step 1555: Queue length 12
[Simulate] Step 1556: Queue length 12
[Simulate] Step 1557: Queue length 12
[Simulate] Step 1558: Queue length 12
[Simulate] Step 1559: Queue length 12
[Simulate] Step 1560: Queue length 12
[Simulate] Step 1561: Queue length 12
[Simulate] Step 1562: Queue length 12
[Simulate] Step 1563: Queue length 12
[Simulate] Step 1564: Queue length 12
[Simulate] Step 1565: Queue length 12
[Simulate] Step 1566: Queue length 12
[Simulate] Step 1567: Queue length 12
[Simulate] Step 1568: Queue length 12
[Simulate] Step 1569: Queue length 12
[Simulate] Step 1570: Queue length 12
[Simulate] Step 1571: Queue length 12
[Simulate] Step 1572: Queue length 12
[Simulate] Step 1573: Queue length 12
[Simulate] Step 1574: Queue length 12
[Simulate] Step 1575: Queue length 12
[Simulate] Step 1576: Queue length 12
[Simulate] Step 1577: Queue length 12
[Simulate] Step 1578: Queue length 12
[Simulate] Step 1579: Queue length 12
[Simulate] Step 1580: Queue length 12
[Simulate] Step 1581: Queue length 12
[Simulate] Step 1582: Queue length 12
[Simulate] Step 1583: Queue length 12
[Simulate] Step 1584: Queue length 12
[Simulate] Step 1585: Queue length 12
[Simulate] Step 1586: Queue length 12
[Simulate] Step 1587: Queue length 12
[Simulate] Step 1588: Queue length 12
[Simulate] Step 1589: Queue length 12
[Simulate] Step 1590: Queue length 12
[Simulate] Step 1591: Queue length 12
[Simulate] Step 1592: Queue length 12
[Simulate] Step 1593: Queue length 12
[Simulate] Step 1594: Queue length 12
[Simulate] Step 1595: Queue length 12
[Simulate] Step 1596: Queue length 12
[Simulate] Step 1597: Queue length 12
[Simulate] Step 1598: Queue length 12
[Simulate] Step 1599: Queue length 12
[Simulate] Step 1600: Queue length 13
[Simulate] Step 1601: Queue length 13
[Simulate] Step 1602: Queue length 13
[Step 1602] Action chosen: 1
[SetYellow] TL TL: Set yellow phase 1 out of 8 phases.
[Simulate] Step 1603: Queue length 13
[Simulate] Step 1604: Queue length 13
[Simulate] Step 1605: Queue length 13
[Simulate] Step 1606: Queue length 13
[SetGreen] TL TL: Phases available: ['GGGGrrrrrrGGGGrrrrrr', 'yyyyrrrrrryyyyrrrrrr', 'rrrrGrrrrrrrrrGrrrrr', 'rrrryrrrrrrrrryrrrrr', 'rrrrrGGGGrrrrrrGGGGr', 'rrrrryyyyrrrrrryyyyr', 'rrrrrrrrrGrrrrrrrrrG', 'rrrrrrrrryrrrrrrrrry']
[SetGreen] TL TL: Set green phase 2 out of 8 phases.
[Step 1606] Adaptive green duration: 50
[Simulate] Step 1607: Queue length 13
[Simulate] Step 1608: Queue length 13
[Simulate] Step 1609: Queue length 13
[Simulate] Step 1610: Queue length 13
[Simulate] Step 1611: Queue length 13
[Simulate] Step 1612: Queue length 13
[Simulate] Step 1613: Queue length 14
[Simulate] Step 1614: Queue length 14
[Simulate] Step 1615: Queue length 15
[Simulate] Step 1616: Queue length 15
[Simulate] Step 1617: Queue length 15
[Simulate] Step 1618: Queue length 15
[Simulate] Step 1619: Queue length 15
[Simulate] Step 1620: Queue length 15
[Simulate] Step 1621: Queue length 15
[Simulate] Step 1622: Queue length 15
[Simulate] Step 1623: Queue length 15
[Simulate] Step 1624: Queue length 15
[Simulate] Step 1625: Queue length 15
[Simulate] Step 1626: Queue length 15
[Simulate] Step 1627: Queue length 15
[Simulate] Step 1628: Queue length 15
[Simulate] Step 1629: Queue length 15
[Simulate] Step 1630: Queue length 16
[Simulate] Step 1631: Queue length 16
[Simulate] Step 1632: Queue length 16
[Simulate] Step 1633: Queue length 16
[Simulate] Step 1634: Queue length 16
[Simulate] Step 1635: Queue length 16
[Simulate] Step 1636: Queue length 16
[Simulate] Step 1637: Queue length 16
[Simulate] Step 1638: Queue length 16
[Simulate] Step 1639: Queue length 16
[Simulate] Step 1640: Queue length 16
[Simulate] Step 1641: Queue length 16
[Simulate] Step 1642: Queue length 16
[Simulate] Step 1643: Queue length 16
[Simulate] Step 1644: Queue length 16
[Simulate] Step 1645: Queue length 16
[Simulate] Step 1646: Queue length 16
[Simulate] Step 1647: Queue length 16
[Simulate] Step 1648: Queue length 16
[Simulate] Step 1649: Queue length 16
[Simulate] Step 1650: Queue length 16
[Simulate] Step 1651: Queue length 16
[Simulate] Step 1652: Queue length 16
[Simulate] Step 1653: Queue length 17
[Simulate] Step 1654: Queue length 17
[Simulate] Step 1655: Queue length 17
[Simulate] Step 1656: Queue length 17
[Step 1656] Action chosen: 0
[SetYellow] TL TL: Set yellow phase 3 out of 8 phases.
[Simulate] Step 1657: Queue length 17
[Simulate] Step 1658: Queue length 17
[Simulate] Step 1659: Queue length 17
[Simulate] Step 1660: Queue length 17
[SetGreen] TL TL: Phases available: ['GGGGrrrrrrGGGGrrrrrr', 'yyyyrrrrrryyyyrrrrrr', 'rrrrGrrrrrrrrrGrrrrr', 'rrrryrrrrrrrrryrrrrr', 'rrrrrGGGGrrrrrrGGGGr', 'rrrrryyyyrrrrrryyyyr', 'rrrrrrrrrGrrrrrrrrrG', 'rrrrrrrrryrrrrrrrrry']
[SetGreen] TL TL: Set green phase 0 out of 8 phases.
[Step 1660] Adaptive green duration: 50
[Simulate] Step 1661: Queue length 14
[Simulate] Step 1662: Queue length 14
[Simulate] Step 1663: Queue length 14
[Simulate] Step 1664: Queue length 14
[Simulate] Step 1665: Queue length 14
[Simulate] Step 1666: Queue length 14
[Simulate] Step 1667: Queue length 14
[Simulate] Step 1668: Queue length 15
[Simulate] Step 1669: Queue length 15
[Simulate] Step 1670: Queue length 15
[Simulate] Step 1671: Queue length 15
[Simulate] Step 1672: Queue length 15
[Simulate] Step 1673: Queue length 15
[Simulate] Step 1674: Queue length 15
[Simulate] Step 1675: Queue length 15
[Simulate] Step 1676: Queue length 15
[Simulate] Step 1677: Queue length 15
[Simulate] Step 1678: Queue length 15
[Simulate] Step 1679: Queue length 15
[Simulate] Step 1680: Queue length 15
[Simulate] Step 1681: Queue length 15
[Simulate] Step 1682: Queue length 15
[Simulate] Step 1683: Queue length 15
[Simulate] Step 1684: Queue length 15
[Simulate] Step 1685: Queue length 15
[Simulate] Step 1686: Queue length 15
[Simulate] Step 1687: Queue length 15
[Simulate] Step 1688: Queue length 15
[Simulate] Step 1689: Queue length 15
[Simulate] Step 1690: Queue length 15
[Simulate] Step 1691: Queue length 15
[Simulate] Step 1692: Queue length 15
[Simulate] Step 1693: Queue length 15
[Simulate] Step 1694: Queue length 15
[Simulate] Step 1695: Queue length 15
[Simulate] Step 1696: Queue length 15
[Simulate] Step 1697: Queue length 15
[Simulate] Step 1698: Queue length 15
[Simulate] Step 1699: Queue length 15
[Simulate] Step 1700: Queue length 15
[Simulate] Step 1701: Queue length 15
[Simulate] Step 1702: Queue length 15
[Simulate] Step 1703: Queue length 15
[Simulate] Step 1704: Queue length 15
[Simulate] Step 1705: Queue length 15
[Simulate] Step 1706: Queue length 15
[Simulate] Step 1707: Queue length 15
[Simulate] Step 1708: Queue length 15
[Simulate] Step 1709: Queue length 17
[Simulate] Step 1710: Queue length 17
Total reward: -6898.0, Epsilon: 0.98
