Timestamp: 2025-04-13 08:01:41
Intersection: roundabout
Epsilon: 0.66
Simulation Duration: 9.4 seconds

=== Rewards ===
Combined Reward: -31900.90
Agent 1 Reward: -17864.70
Agent 2 Reward: -14036.20

=== Traffic Statistics ===
Average Queue (combined): 28.41
Average Queue (Agent 1): 0.00
Average Queue (Agent 2): 0.00
Cumulative Waiting Time (combined): 153434.00
Cumulative Waiting Time (Agent 1): 795484.40
Cumulative Waiting Time (Agent 2): 348498.00

=== Fault Injection ===
Fault injected: No

Total Emergency Delay: 0.00

=== Action Distribution (combined) ===
 Action 0: 1023 times
 Action 1: 1419 times
 Action 2: 882 times
 Action 3: 866 times
