Timestamp: 2025-04-13 08:01:25
Intersection: roundabout
Epsilon: 0.68
Simulation Duration: 4.7 seconds

=== Rewards ===
Combined Reward: -18395.40
Agent 1 Reward: -10120.40
Agent 2 Reward: -8275.00

=== Traffic Statistics ===
Average Queue (combined): 17.32
Average Queue (Agent 1): 0.00
Average Queue (Agent 2): 0.00
Cumulative Waiting Time (combined): 93534.00
Cumulative Waiting Time (Agent 1): 708975.20
Cumulative Waiting Time (Agent 2): 317424.80

=== Fault Injection ===
Fault injected: No

Total Emergency Delay: 0.00

=== Action Distribution (combined) ===
 Action 0: 969 times
 Action 1: 1302 times
 Action 2: 842 times
 Action 3: 829 times
