Timestamp: 2025-04-13 07:18:32
Intersection: roundabout
Epsilon: 0.58
Simulation Duration: 13.7 seconds

=== Rewards ===
Combined Reward: -31173.60
Agent 1 Reward: -17068.40
Agent 2 Reward: -14105.20

=== Traffic Statistics ===
Average Queue (combined): 31.34
Average Queue (Agent 1): 0.00
Average Queue (Agent 2): 0.00
Cumulative Waiting Time (combined): 169242.00
Cumulative Waiting Time (Agent 1): 1047356.40
Cumulative Waiting Time (Agent 2): 443471.80

=== Fault Injection ===
Fault injected: No

Total Emergency Delay: 0.00

=== Action Distribution (combined) ===
 Action 0: 1496 times
 Action 1: 1455 times
 Action 2: 967 times
 Action 3: 986 times
