Timestamp: 2025-04-13 07:33:57
Intersection: roundabout
Epsilon: 0.06
Simulation Duration: 9.8 seconds

=== Rewards ===
Combined Reward: -57305.80
Agent 1 Reward: -31094.10
Agent 2 Reward: -26211.70

=== Traffic Statistics ===
Average Queue (combined): 47.59
Average Queue (Agent 1): 0.00
Average Queue (Agent 2): 0.00
Cumulative Waiting Time (combined): 257008.00
Cumulative Waiting Time (Agent 1): 8436959.00
Cumulative Waiting Time (Agent 2): 3347216.00

=== Fault Injection ===
Fault injected: No

Total Emergency Delay: 0.00

=== Action Distribution (combined) ===
 Action 0: 4172 times
 Action 1: 4211 times
 Action 2: 1524 times
 Action 3: 1475 times
