Timestamp: 2025-04-13 07:19:00
Intersection: roundabout
Epsilon: 0.56
Simulation Duration: 7.0 seconds

=== Rewards ===
Combined Reward: -17873.60
Agent 1 Reward: -8436.40
Agent 2 Reward: -9437.20

=== Traffic Statistics ===
Average Queue (combined): 21.57
Average Queue (Agent 1): 0.00
Average Queue (Agent 2): 0.00
Cumulative Waiting Time (combined): 116500.00
Cumulative Waiting Time (Agent 1): 1065082.40
Cumulative Waiting Time (Agent 2): 460076.80

=== Fault Injection ===
Fault injected: No

Total Emergency Delay: 0.00

=== Action Distribution (combined) ===
 Action 0: 1586 times
 Action 1: 1501 times
 Action 2: 993 times
 Action 3: 1016 times
