Timestamp: 2025-04-13 07:19:54
Intersection: roundabout
Epsilon: 0.52
Simulation Duration: 12.5 seconds

=== Rewards ===
Combined Reward: -30719.30
Agent 1 Reward: -16993.00
Agent 2 Reward: -13726.30

=== Traffic Statistics ===
Average Queue (combined): 29.45
Average Queue (Agent 1): 0.00
Average Queue (Agent 2): 0.00
Cumulative Waiting Time (combined): 159003.00
Cumulative Waiting Time (Agent 1): 1223241.60
Cumulative Waiting Time (Agent 2): 511776.20

=== Fault Injection ===
Fault injected: No

Total Emergency Delay: 0.00

=== Action Distribution (combined) ===
 Action 0: 1752 times
 Action 1: 1655 times
 Action 2: 1059 times
 Action 3: 1074 times
