Timestamp: 2025-04-13 07:59:53
Intersection: roundabout
Epsilon: 0.80
Simulation Duration: 5.0 seconds

=== Rewards ===
Combined Reward: -21589.80
Agent 1 Reward: -10021.80
Agent 2 Reward: -11568.00

=== Traffic Statistics ===
Average Queue (combined): 22.33
Average Queue (Agent 1): 0.00
Average Queue (Agent 2): 0.00
Cumulative Waiting Time (combined): 120556.00
Cumulative Waiting Time (Agent 1): 470693.60
Cumulative Waiting Time (Agent 2): 208728.20

=== Fault Injection ===
Fault injected: No

Total Emergency Delay: 0.00

=== Action Distribution (combined) ===
 Action 0: 598 times
 Action 1: 803 times
 Action 2: 567 times
 Action 3: 542 times
