Timestamp: 2025-04-13 08:00:29
Intersection: roundabout
Epsilon: 0.76
Simulation Duration: 11.7 seconds

=== Rewards ===
Combined Reward: -16126.10
Agent 1 Reward: -8707.40
Agent 2 Reward: -7418.70

=== Traffic Statistics ===
Average Queue (combined): 16.47
Average Queue (Agent 1): 0.00
Average Queue (Agent 2): 0.00
Cumulative Waiting Time (combined): 88921.00
Cumulative Waiting Time (Agent 1): 530626.20
Cumulative Waiting Time (Agent 2): 237900.00

=== Fault Injection ===
Fault injected: No

Total Emergency Delay: 0.00

=== Action Distribution (combined) ===
 Action 0: 722 times
 Action 1: 961 times
 Action 2: 660 times
 Action 3: 655 times
