Timestamp: 2025-04-13 07:29:52
Intersection: roundabout
Epsilon: 0.18
Simulation Duration: 17.9 seconds

=== Rewards ===
Combined Reward: -63172.90
Agent 1 Reward: -34496.40
Agent 2 Reward: -28676.50

=== Traffic Statistics ===
Average Queue (combined): 48.80
Average Queue (Agent 1): 0.00
Average Queue (Agent 2): 0.00
Cumulative Waiting Time (combined): 263529.00
Cumulative Waiting Time (Agent 1): 5403739.60
Cumulative Waiting Time (Agent 2): 2065274.60

=== Fault Injection ===
Fault injected: No

Total Emergency Delay: 0.00

=== Action Distribution (combined) ===
 Action 0: 3432 times
 Action 1: 3477 times
 Action 2: 1470 times
 Action 3: 1433 times
