Timestamp: 2025-04-13 15:16:27
Intersection Type: roundabout
Total reward: -18712.00
Epsilon: 0.96
Simulation duration: 16.5s
Avg queue length: 12.91
Cumulative wait time: 69694.00
Fault injected: No
Total Emergency Delay: 2664.00

Action Distribution:
Intersection 1:
 Action 0: 21 times
 Action 1: 27 times
 Action 2: 26 times
 Action 3: 19 times
Intersection 2:
 Action 0: 22 times
 Action 1: 25 times
 Action 2: 26 times
 Action 3: 20 times
Intersection 3:
 Action 0: 29 times
 Action 1: 18 times
 Action 2: 24 times
 Action 3: 22 times
Intersection 4:
 Action 0: 26 times
 Action 1: 17 times
 Action 2: 25 times
 Action 3: 25 times
