Timestamp: 2025-04-13 07:27:57
Intersection: roundabout
Epsilon: 0.24
Simulation Duration: 17.2 seconds

=== Rewards ===
Combined Reward: -25651.25
Agent 1 Reward: -13770.55
Agent 2 Reward: -11880.70

=== Traffic Statistics ===
Average Queue (combined): 44.73
Average Queue (Agent 1): 0.00
Average Queue (Agent 2): 0.00
Cumulative Waiting Time (combined): 241557.00
Cumulative Waiting Time (Agent 1): 4235537.20
Cumulative Waiting Time (Agent 2): 1592072.60

=== Fault Injection ===
Fault injected: Yes

Total Emergency Delay: 0.00

=== Action Distribution (combined) ===
 Action 0: 3102 times
 Action 1: 3118 times
 Action 2: 1430 times
 Action 3: 1388 times
